IQ-TREE multicore version 1.6.11 for Mac OS X 64-bit built Jul 12 2019
Developed by Bui Quang Minh, Nguyen Lam Tung, Olga Chernomor,
Heiko Schmidt, Dominik Schrempf, Michael Woodhams.

Host:    slpc437 (AVX2, FMA3, 16 GB RAM)
Command: iqtree -s ../CarnivorySupermatrix.fa -m GTR+G -q ../CarnivorySupermatrix.model -t RAxML_bestTree.JustML -nt 5
Seed:    79081 (Using SPRNG - Scalable Parallel Random Number Generator)
Time:    Wed Sep 18 11:40:39 2019
Kernel:  AVX+FMA - 5 threads (6 CPU cores detected)

Reading partition model file ../CarnivorySupermatrix.model ...
Reading alignment file ../CarnivorySupermatrix.fa ... Fasta format detected
Alignment most likely contains DNA/RNA sequences
Alignment has 13 sequences with 2117583 columns, 431790 distinct patterns
741591 parsimony-informative, 330224 singleton sites, 1045768 constant sites
           Gap/Ambiguity  Composition  p-value
   1  MJM1652      4.65%    failed      0.00%
   2  Dino         5.89%    failed      0.00%
   3  NepSFB       3.39%    failed      0.00%
   4  MJM3360     11.22%    failed      0.00%
   5  WPYJ        29.02%    failed      0.00%
   6  DrobinSFB    6.83%    failed      0.00%
   7  Spol         5.17%    failed      0.00%
   8  DrolusSFB    7.07%    failed      0.00%
   9  MJM2940      2.96%    failed      0.00%
  10  Neam         4.70%    failed      0.00%
  11  Beta         3.90%    failed      0.00%
  12  RuprSFB      9.29%    failed      0.00%
  13  Retr        26.49%    failed      0.00%
****  TOTAL        9.28%  13 sequences failed composition chi2 test (p-value<5%; df=3)

Partition file is not in NEXUS format, assuming RAxML-style partition file...
Subset	Type	Seqs	Sites	Infor	Invar	Model	Name
1	DNA	13	1020	390	492	GTR+G	cluster3345rr.1to1ortho.fa.aln-cln_gene1
2	DNA	13	2447	883	1186	GTR+G	cluster3073rr.1to1ortho.fa.aln-cln_gene2
3	DNA	13	1417	445	805	GTR+G	cluster2108rr.1to1ortho.fa.aln-cln_gene3
4	DNA	13	642	239	321	GTR+G	cluster4939rr.1to1ortho.fa.aln-cln_gene4
5	DNA	13	1216	507	513	GTR+G	cluster2488rr.1to1ortho.fa.aln-cln_gene5
6	DNA	13	1675	593	832	GTR+G	cluster3759rr.1to1ortho.fa.aln-cln_gene6
7	DNA	13	1791	630	898	GTR+G	cluster2514rr.1to1ortho.fa.aln-cln_gene7
8	DNA	13	1775	648	864	GTR+G	cluster5000rr.1to1ortho.fa.aln-cln_gene8
9	DNA	13	1669	586	780	GTR+G	cluster4000rr.1to1ortho.fa.aln-cln_gene9
10	DNA	13	1431	608	628	GTR+G	cluster4051rr.1to1ortho.fa.aln-cln_gene10
11	DNA	13	1185	447	539	GTR+G	cluster1546rr.1to1ortho.fa.aln-cln_gene11
12	DNA	13	1617	583	795	GTR+G	cluster1539rr.1to1ortho.fa.aln-cln_gene12
13	DNA	13	4155	1388	2340	GTR+G	cluster4838rr.1to1ortho.fa.aln-cln_gene13
14	DNA	13	2496	917	1090	GTR+G	cluster2288rr.1to1ortho.fa.aln-cln_gene14
15	DNA	13	1065	323	583	GTR+G	cluster4400rr.1to1ortho.fa.aln-cln_gene15
16	DNA	13	1286	445	630	GTR+G	cluster1807rr.1to1ortho.fa.aln-cln_gene16
17	DNA	13	1566	493	798	GTR+G	cluster2064rr.1to1ortho.fa.aln-cln_gene17
18	DNA	13	3841	1239	2221	GTR+G	cluster3164rr.1to1ortho.fa.aln-cln_gene18
19	DNA	13	1257	363	701	GTR+G	cluster3550rr.1to1ortho.fa.aln-cln_gene19
20	DNA	13	2196	843	1022	GTR+G	cluster3343rr.1to1ortho.fa.aln-cln_gene20
21	DNA	13	1476	439	862	GTR+G	cluster4422rr.1to1ortho.fa.aln-cln_gene21
22	DNA	13	2058	702	1066	GTR+G	cluster4947rr.1to1ortho.fa.aln-cln_gene22
23	DNA	13	1705	587	798	GTR+G	cluster2831rr.1to1ortho.fa.aln-cln_gene23
24	DNA	13	708	217	401	GTR+G	cluster3305rr.1to1ortho.fa.aln-cln_gene24
25	DNA	13	1206	430	587	GTR+G	cluster2197rr.1to1ortho.fa.aln-cln_gene25
26	DNA	13	585	161	363	GTR+G	cluster2845rr.1to1ortho.fa.aln-cln_gene26
27	DNA	13	864	333	401	GTR+G	cluster1784rr.1to1ortho.fa.aln-cln_gene27
28	DNA	13	1618	613	693	GTR+G	cluster2625rr.1to1ortho.fa.aln-cln_gene28
29	DNA	13	1682	658	741	GTR+G	cluster1909rr.1to1ortho.fa.aln-cln_gene29
30	DNA	13	3811	1330	1805	GTR+G	cluster1862rr.1to1ortho.fa.aln-cln_gene30
31	DNA	13	2861	1128	1161	GTR+G	cluster2502rr.1to1ortho.fa.aln-cln_gene31
32	DNA	13	2698	978	1273	GTR+G	cluster2652rr.1to1ortho.fa.aln-cln_gene32
33	DNA	13	3643	1122	2039	GTR+G	cluster4530rr.1to1ortho.fa.aln-cln_gene33
34	DNA	13	1612	566	766	GTR+G	cluster2790rr.1to1ortho.fa.aln-cln_gene34
35	DNA	13	3648	1085	2158	GTR+G	cluster4241rr.1to1ortho.fa.aln-cln_gene35
36	DNA	13	1056	346	560	GTR+G	cluster2988rr.1to1ortho.fa.aln-cln_gene36
37	DNA	13	1440	458	842	GTR+G	cluster1523rr.1to1ortho.fa.aln-cln_gene37
38	DNA	13	1782	526	1003	GTR+G	cluster3233rr.1to1ortho.fa.aln-cln_gene38
39	DNA	13	1473	516	793	GTR+G	cluster4183rr.1to1ortho.fa.aln-cln_gene39
40	DNA	13	629	232	290	GTR+G	cluster4783rr.1to1ortho.fa.aln-cln_gene40
41	DNA	13	3167	1139	1537	GTR+G	cluster2598rr.1to1ortho.fa.aln-cln_gene41
42	DNA	13	1664	653	764	GTR+G	cluster3050rr.1to1ortho.fa.aln-cln_gene42
43	DNA	13	1074	364	523	GTR+G	cluster4432rr.1to1ortho.fa.aln-cln_gene43
44	DNA	13	1713	727	662	GTR+G	cluster2932rr.1to1ortho.fa.aln-cln_gene44
45	DNA	13	6475	1998	3520	GTR+G	cluster2941rr.1to1ortho.fa.aln-cln_gene45
46	DNA	13	1893	615	990	GTR+G	cluster4862rr.1to1ortho.fa.aln-cln_gene46
47	DNA	13	3113	1067	1610	GTR+G	cluster2754rr.1to1ortho.fa.aln-cln_gene47
48	DNA	13	2127	851	886	GTR+G	cluster1634rr.1to1ortho.fa.aln-cln_gene48
49	DNA	13	1407	395	827	GTR+G	cluster2444rr.1to1ortho.fa.aln-cln_gene49
50	DNA	13	1224	356	704	GTR+G	cluster4892rr.1to1ortho.fa.aln-cln_gene50
51	DNA	13	2363	846	1204	GTR+G	cluster3888rr.1to1ortho.fa.aln-cln_gene51
52	DNA	13	1224	396	643	GTR+G	cluster1415rr.1to1ortho.fa.aln-cln_gene52
53	DNA	13	3054	1239	1281	GTR+G	cluster4758rr.1to1ortho.fa.aln-cln_gene53
54	DNA	13	2951	989	1424	GTR+G	cluster4216rr.1to1ortho.fa.aln-cln_gene54
55	DNA	13	1135	329	631	GTR+G	cluster2588rr.1to1ortho.fa.aln-cln_gene55
56	DNA	13	1393	453	759	GTR+G	cluster3787rr.1to1ortho.fa.aln-cln_gene56
57	DNA	13	3345	1127	1704	GTR+G	cluster2033rr.1to1ortho.fa.aln-cln_gene57
58	DNA	13	3615	1431	1627	GTR+G	cluster5558rr.1to1ortho.fa.aln-cln_gene58
59	DNA	13	1746	613	819	GTR+G	cluster1680rr.1to1ortho.fa.aln-cln_gene59
60	DNA	13	1866	649	988	GTR+G	cluster1132rr.1to1ortho.fa.aln-cln_gene60
61	DNA	13	1548	610	681	GTR+G	cluster5415rr.1to1ortho.fa.aln-cln_gene61
62	DNA	13	1083	406	508	GTR+G	cluster3273rr.1to1ortho.fa.aln-cln_gene62
63	DNA	13	3076	1089	1385	GTR+G	cluster1912rr.1to1ortho.fa.aln-cln_gene63
64	DNA	13	2364	918	959	GTR+G	cluster3539rr.1to1ortho.fa.aln-cln_gene64
65	DNA	13	693	261	308	GTR+G	cluster2114rr.1to1ortho.fa.aln-cln_gene65
66	DNA	13	1343	505	581	GTR+G	cluster290rr.1to1ortho.fa.aln-cln_gene66
67	DNA	13	3427	1144	1684	GTR+G	cluster1386rr.1to1ortho.fa.aln-cln_gene67
68	DNA	13	1158	408	561	GTR+G	cluster2145rr.1to1ortho.fa.aln-cln_gene68
69	DNA	13	1356	476	662	GTR+G	cluster2999rr.1to1ortho.fa.aln-cln_gene69
70	DNA	13	1216	513	505	GTR+G	cluster4296rr.1to1ortho.fa.aln-cln_gene70
71	DNA	13	3331	1284	1566	GTR+G	cluster2005rr.1to1ortho.fa.aln-cln_gene71
72	DNA	13	868	277	423	GTR+G	cluster880rr.1to1ortho.fa.aln-cln_gene72
73	DNA	13	1149	411	555	GTR+G	cluster3374rr.1to1ortho.fa.aln-cln_gene73
74	DNA	13	1407	499	712	GTR+G	cluster2952rr.1to1ortho.fa.aln-cln_gene74
75	DNA	13	1658	608	747	GTR+G	cluster3014rr.1to1ortho.fa.aln-cln_gene75
76	DNA	13	1299	430	684	GTR+G	cluster4164rr.1to1ortho.fa.aln-cln_gene76
77	DNA	13	546	149	337	GTR+G	cluster3271rr.1to1ortho.fa.aln-cln_gene77
78	DNA	13	1107	312	694	GTR+G	cluster4923rr.1to1ortho.fa.aln-cln_gene78
79	DNA	13	1041	349	546	GTR+G	cluster835rr.1to1ortho.fa.aln-cln_gene79
80	DNA	13	955	286	518	GTR+G	cluster3015rr.1to1ortho.fa.aln-cln_gene80
81	DNA	13	3637	1105	2032	GTR+G	cluster5440rr.1to1ortho.fa.aln-cln_gene81
82	DNA	13	1323	440	673	GTR+G	cluster3640rr.1to1ortho.fa.aln-cln_gene82
83	DNA	13	2850	938	1629	GTR+G	cluster911rr.1to1ortho.fa.aln-cln_gene83
84	DNA	13	1405	458	777	GTR+G	cluster4289rr.1to1ortho.fa.aln-cln_gene84
85	DNA	13	1903	583	949	GTR+G	cluster2492rr.1to1ortho.fa.aln-cln_gene85
86	DNA	13	2021	720	946	GTR+G	cluster2899rr.1to1ortho.fa.aln-cln_gene86
87	DNA	13	1326	456	681	GTR+G	cluster2432rr.1to1ortho.fa.aln-cln_gene87
88	DNA	13	963	358	442	GTR+G	cluster4937rr.1to1ortho.fa.aln-cln_gene88
89	DNA	13	1191	421	581	GTR+G	cluster1562rr.1to1ortho.fa.aln-cln_gene89
90	DNA	13	845	355	359	GTR+G	cluster1771rr.1to1ortho.fa.aln-cln_gene90
91	DNA	13	2430	891	1165	GTR+G	cluster4474rr.1to1ortho.fa.aln-cln_gene91
92	DNA	13	1097	397	507	GTR+G	cluster1916rr.1to1ortho.fa.aln-cln_gene92
93	DNA	13	1617	613	735	GTR+G	cluster2258rr.1to1ortho.fa.aln-cln_gene93
94	DNA	13	1464	435	876	GTR+G	cluster3407rr.1to1ortho.fa.aln-cln_gene94
95	DNA	13	1329	510	635	GTR+G	cluster3168rr.1to1ortho.fa.aln-cln_gene95
96	DNA	13	4134	1615	1796	GTR+G	cluster4292rr.1to1ortho.fa.aln-cln_gene96
97	DNA	13	1149	430	505	GTR+G	cluster3204rr.1to1ortho.fa.aln-cln_gene97
98	DNA	13	4588	1394	2442	GTR+G	cluster1619rr.1to1ortho.fa.aln-cln_gene98
99	DNA	13	792	278	401	GTR+G	cluster4170rr.1to1ortho.fa.aln-cln_gene99
100	DNA	13	1380	425	769	GTR+G	cluster1633rr.1to1ortho.fa.aln-cln_gene100
101	DNA	13	2418	872	1096	GTR+G	cluster1507rr.1to1ortho.fa.aln-cln_gene101
102	DNA	13	1734	574	938	GTR+G	cluster2829rr.1to1ortho.fa.aln-cln_gene102
103	DNA	13	1458	429	838	GTR+G	cluster2956rr.1to1ortho.fa.aln-cln_gene103
104	DNA	13	918	293	487	GTR+G	cluster619rr.1to1ortho.fa.aln-cln_gene104
105	DNA	13	4161	1439	2057	GTR+G	cluster3691rr.1to1ortho.fa.aln-cln_gene105
106	DNA	13	2308	699	1231	GTR+G	cluster2938rr.1to1ortho.fa.aln-cln_gene106
107	DNA	13	1704	620	732	GTR+G	cluster1211rr.1to1ortho.fa.aln-cln_gene107
108	DNA	13	1127	484	460	GTR+G	cluster4583rr.1to1ortho.fa.aln-cln_gene108
109	DNA	13	2538	835	1357	GTR+G	cluster5016rr.1to1ortho.fa.aln-cln_gene109
110	DNA	13	2019	677	1113	GTR+G	cluster2184rr.1to1ortho.fa.aln-cln_gene110
111	DNA	13	3256	1288	1354	GTR+G	cluster3330rr.1to1ortho.fa.aln-cln_gene111
112	DNA	13	2423	911	1128	GTR+G	cluster4224rr.1to1ortho.fa.aln-cln_gene112
113	DNA	13	1459	498	719	GTR+G	cluster1031rr.1to1ortho.fa.aln-cln_gene113
114	DNA	13	3368	1193	1680	GTR+G	cluster3234rr.1to1ortho.fa.aln-cln_gene114
115	DNA	13	1134	362	560	GTR+G	cluster4401rr.1to1ortho.fa.aln-cln_gene115
116	DNA	13	1982	784	924	GTR+G	cluster1445rr.1to1ortho.fa.aln-cln_gene116
117	DNA	13	1782	565	959	GTR+G	cluster1911rr.1to1ortho.fa.aln-cln_gene117
118	DNA	13	2907	996	1465	GTR+G	cluster3209rr.1to1ortho.fa.aln-cln_gene118
119	DNA	13	1363	514	608	GTR+G	cluster2068rr.1to1ortho.fa.aln-cln_gene119
120	DNA	13	3381	1324	1389	GTR+G	cluster4562rr.1to1ortho.fa.aln-cln_gene120
121	DNA	13	1976	796	889	GTR+G	cluster3202rr.1to1ortho.fa.aln-cln_gene121
122	DNA	13	2972	1000	1519	GTR+G	cluster1143rr.1to1ortho.fa.aln-cln_gene122
123	DNA	13	2010	620	1095	GTR+G	cluster3038rr.1to1ortho.fa.aln-cln_gene123
124	DNA	13	1598	657	723	GTR+G	cluster4462rr.1to1ortho.fa.aln-cln_gene124
125	DNA	13	1740	621	894	GTR+G	cluster3947rr.1to1ortho.fa.aln-cln_gene125
126	DNA	13	2283	795	1178	GTR+G	cluster2262rr.1to1ortho.fa.aln-cln_gene126
127	DNA	13	1212	420	596	GTR+G	cluster2234rr.1to1ortho.fa.aln-cln_gene127
128	DNA	13	1233	411	635	GTR+G	cluster2835rr.1to1ortho.fa.aln-cln_gene128
129	DNA	13	1557	485	843	GTR+G	cluster4586rr.1to1ortho.fa.aln-cln_gene129
130	DNA	13	2280	907	998	GTR+G	cluster4327rr.1to1ortho.fa.aln-cln_gene130
131	DNA	13	951	382	457	GTR+G	cluster3818rr.1to1ortho.fa.aln-cln_gene131
132	DNA	13	1221	464	567	GTR+G	cluster5535rr.1to1ortho.fa.aln-cln_gene132
133	DNA	13	3868	1085	2245	GTR+G	cluster297rr.1to1ortho.fa.aln-cln_gene133
134	DNA	13	2706	890	1388	GTR+G	cluster2305rr.1to1ortho.fa.aln-cln_gene134
135	DNA	13	1356	476	672	GTR+G	cluster4339rr.1to1ortho.fa.aln-cln_gene135
136	DNA	13	1693	468	981	GTR+G	cluster405rr.1to1ortho.fa.aln-cln_gene136
137	DNA	13	2799	861	1556	GTR+G	cluster5579rr.1to1ortho.fa.aln-cln_gene137
138	DNA	13	2295	808	1050	GTR+G	cluster1592rr.1to1ortho.fa.aln-cln_gene138
139	DNA	13	555	194	279	GTR+G	cluster1382rr.1to1ortho.fa.aln-cln_gene139
140	DNA	13	1652	553	809	GTR+G	cluster4746rr.1to1ortho.fa.aln-cln_gene140
141	DNA	13	1779	639	877	GTR+G	cluster3831rr.1to1ortho.fa.aln-cln_gene141
142	DNA	13	860	285	457	GTR+G	cluster807rr.1to1ortho.fa.aln-cln_gene142
143	DNA	13	1320	449	662	GTR+G	cluster1961rr.1to1ortho.fa.aln-cln_gene143
144	DNA	13	1074	429	510	GTR+G	cluster2659rr.1to1ortho.fa.aln-cln_gene144
145	DNA	13	2946	966	1621	GTR+G	cluster2993rr.1to1ortho.fa.aln-cln_gene145
146	DNA	13	2629	1041	1061	GTR+G	cluster3529rr.1to1ortho.fa.aln-cln_gene146
147	DNA	13	1206	434	609	GTR+G	cluster3917rr.1to1ortho.fa.aln-cln_gene147
148	DNA	13	2065	715	1059	GTR+G	cluster3490rr.1to1ortho.fa.aln-cln_gene148
149	DNA	13	2267	801	1216	GTR+G	cluster4243rr.1to1ortho.fa.aln-cln_gene149
150	DNA	13	926	354	437	GTR+G	cluster2472rr.1to1ortho.fa.aln-cln_gene150
151	DNA	13	1497	443	777	GTR+G	cluster1810rr.1to1ortho.fa.aln-cln_gene151
152	DNA	13	1227	452	592	GTR+G	cluster5437rr.1to1ortho.fa.aln-cln_gene152
153	DNA	13	2086	804	878	GTR+G	cluster1263rr.1to1ortho.fa.aln-cln_gene153
154	DNA	13	894	323	457	GTR+G	cluster2789rr.1to1ortho.fa.aln-cln_gene154
155	DNA	13	748	280	324	GTR+G	cluster1114rr.1to1ortho.fa.aln-cln_gene155
156	DNA	13	1693	608	814	GTR+G	cluster2089rr.1to1ortho.fa.aln-cln_gene156
157	DNA	13	1435	568	629	GTR+G	cluster4436rr.1to1ortho.fa.aln-cln_gene157
158	DNA	13	1422	497	746	GTR+G	cluster3334rr.1to1ortho.fa.aln-cln_gene158
159	DNA	13	885	303	449	GTR+G	cluster5062rr.1to1ortho.fa.aln-cln_gene159
160	DNA	13	2169	685	1155	GTR+G	cluster1611rr.1to1ortho.fa.aln-cln_gene160
161	DNA	13	1914	649	983	GTR+G	cluster1267rr.1to1ortho.fa.aln-cln_gene161
162	DNA	13	1924	687	941	GTR+G	cluster3012rr.1to1ortho.fa.aln-cln_gene162
163	DNA	13	3144	1114	1481	GTR+G	cluster3210rr.1to1ortho.fa.aln-cln_gene163
164	DNA	13	4044	1447	1831	GTR+G	cluster1820rr.1to1ortho.fa.aln-cln_gene164
165	DNA	13	909	355	380	GTR+G	cluster726rr.1to1ortho.fa.aln-cln_gene165
166	DNA	13	975	352	449	GTR+G	cluster4442rr.1to1ortho.fa.aln-cln_gene166
167	DNA	13	982	328	520	GTR+G	cluster4016rr.1to1ortho.fa.aln-cln_gene167
168	DNA	13	2972	1270	1236	GTR+G	cluster3887rr.1to1ortho.fa.aln-cln_gene168
169	DNA	13	993	347	493	GTR+G	cluster2110rr.1to1ortho.fa.aln-cln_gene169
170	DNA	13	1584	639	678	GTR+G	cluster1939rr.1to1ortho.fa.aln-cln_gene170
171	DNA	13	1131	338	638	GTR+G	cluster1552rr.1to1ortho.fa.aln-cln_gene171
172	DNA	13	1203	390	658	GTR+G	cluster3553rr.1to1ortho.fa.aln-cln_gene172
173	DNA	13	2091	913	825	GTR+G	cluster4979rr.1to1ortho.fa.aln-cln_gene173
174	DNA	13	2346	788	1149	GTR+G	cluster4911rr.1to1ortho.fa.aln-cln_gene174
175	DNA	13	1854	564	1057	GTR+G	cluster4735rr.1to1ortho.fa.aln-cln_gene175
176	DNA	13	2222	851	1060	GTR+G	cluster3420rr.1to1ortho.fa.aln-cln_gene176
177	DNA	13	1622	665	662	GTR+G	cluster2906rr.1to1ortho.fa.aln-cln_gene177
178	DNA	13	1860	686	874	GTR+G	cluster2220rr.1to1ortho.fa.aln-cln_gene178
179	DNA	13	933	340	422	GTR+G	cluster1281rr.1to1ortho.fa.aln-cln_gene179
180	DNA	13	708	243	378	GTR+G	cluster2257rr.1to1ortho.fa.aln-cln_gene180
181	DNA	13	2831	1055	1267	GTR+G	cluster3660rr.1to1ortho.fa.aln-cln_gene181
182	DNA	13	1161	369	626	GTR+G	cluster3455rr.1to1ortho.fa.aln-cln_gene182
183	DNA	13	1740	594	837	GTR+G	cluster1444rr.1to1ortho.fa.aln-cln_gene183
184	DNA	13	773	225	413	GTR+G	cluster2800rr.1to1ortho.fa.aln-cln_gene184
185	DNA	13	1522	539	706	GTR+G	cluster481rr.1to1ortho.fa.aln-cln_gene185
186	DNA	13	1941	667	987	GTR+G	cluster3025rr.1to1ortho.fa.aln-cln_gene186
187	DNA	13	1475	507	801	GTR+G	cluster4282rr.1to1ortho.fa.aln-cln_gene187
188	DNA	13	2241	875	946	GTR+G	cluster2099rr.1to1ortho.fa.aln-cln_gene188
189	DNA	13	1632	466	942	GTR+G	cluster3886rr.1to1ortho.fa.aln-cln_gene189
190	DNA	13	1710	540	944	GTR+G	cluster3466rr.1to1ortho.fa.aln-cln_gene190
191	DNA	13	2031	708	1032	GTR+G	cluster2576rr.1to1ortho.fa.aln-cln_gene191
192	DNA	13	936	365	436	GTR+G	cluster2181rr.1to1ortho.fa.aln-cln_gene192
193	DNA	13	3897	1293	1932	GTR+G	cluster1686rr.1to1ortho.fa.aln-cln_gene193
194	DNA	13	1859	675	940	GTR+G	cluster5082rr.1to1ortho.fa.aln-cln_gene194
195	DNA	13	3363	1239	1629	GTR+G	cluster4581rr.1to1ortho.fa.aln-cln_gene195
196	DNA	13	939	348	434	GTR+G	cluster2167rr.1to1ortho.fa.aln-cln_gene196
197	DNA	13	1099	415	535	GTR+G	cluster2762rr.1to1ortho.fa.aln-cln_gene197
198	DNA	13	681	239	320	GTR+G	cluster2471rr.1to1ortho.fa.aln-cln_gene198
199	DNA	13	2808	881	1512	GTR+G	cluster5504rr.1to1ortho.fa.aln-cln_gene199
200	DNA	13	477	174	223	GTR+G	cluster3908rr.1to1ortho.fa.aln-cln_gene200
201	DNA	13	1413	521	682	GTR+G	cluster1874rr.1to1ortho.fa.aln-cln_gene201
202	DNA	13	572	198	312	GTR+G	cluster1876rr.1to1ortho.fa.aln-cln_gene202
203	DNA	13	726	223	410	GTR+G	cluster3641rr.1to1ortho.fa.aln-cln_gene203
204	DNA	13	678	200	372	GTR+G	cluster2429rr.1to1ortho.fa.aln-cln_gene204
205	DNA	13	2250	696	1221	GTR+G	cluster2599rr.1to1ortho.fa.aln-cln_gene205
206	DNA	13	1244	462	577	GTR+G	cluster3983rr.1to1ortho.fa.aln-cln_gene206
207	DNA	13	1268	391	700	GTR+G	cluster3428rr.1to1ortho.fa.aln-cln_gene207
208	DNA	13	2160	782	1015	GTR+G	cluster3154rr.1to1ortho.fa.aln-cln_gene208
209	DNA	13	2967	1094	1399	GTR+G	cluster3509rr.1to1ortho.fa.aln-cln_gene209
210	DNA	13	3163	944	1791	GTR+G	cluster4731rr.1to1ortho.fa.aln-cln_gene210
211	DNA	13	1197	391	631	GTR+G	cluster3051rr.1to1ortho.fa.aln-cln_gene211
212	DNA	13	1269	403	717	GTR+G	cluster1591rr.1to1ortho.fa.aln-cln_gene212
213	DNA	13	1296	474	568	GTR+G	cluster4366rr.1to1ortho.fa.aln-cln_gene213
214	DNA	13	2667	1067	1098	GTR+G	cluster3147rr.1to1ortho.fa.aln-cln_gene214
215	DNA	13	2121	745	1040	GTR+G	cluster1494rr.1to1ortho.fa.aln-cln_gene215
216	DNA	13	2055	716	939	GTR+G	cluster998rr.1to1ortho.fa.aln-cln_gene216
217	DNA	13	1413	472	756	GTR+G	cluster367rr.1to1ortho.fa.aln-cln_gene217
218	DNA	13	973	337	500	GTR+G	cluster672rr.1to1ortho.fa.aln-cln_gene218
219	DNA	13	1589	605	734	GTR+G	cluster1250rr.1to1ortho.fa.aln-cln_gene219
220	DNA	13	1269	427	685	GTR+G	cluster2148rr.1to1ortho.fa.aln-cln_gene220
221	DNA	13	1543	560	721	GTR+G	cluster3825rr.1to1ortho.fa.aln-cln_gene221
222	DNA	13	1839	642	889	GTR+G	cluster1767rr.1to1ortho.fa.aln-cln_gene222
223	DNA	13	1430	491	724	GTR+G	cluster4410rr.1to1ortho.fa.aln-cln_gene223
224	DNA	13	2907	1188	1275	GTR+G	cluster334rr.1to1ortho.fa.aln-cln_gene224
225	DNA	13	2161	728	1096	GTR+G	cluster3711rr.1to1ortho.fa.aln-cln_gene225
226	DNA	13	1038	364	567	GTR+G	cluster2905rr.1to1ortho.fa.aln-cln_gene226
227	DNA	13	1053	335	585	GTR+G	cluster1925rr.1to1ortho.fa.aln-cln_gene227
228	DNA	13	1002	365	477	GTR+G	cluster411rr.1to1ortho.fa.aln-cln_gene228
229	DNA	13	2102	740	969	GTR+G	cluster4203rr.1to1ortho.fa.aln-cln_gene229
230	DNA	13	1373	443	738	GTR+G	cluster3830rr.1to1ortho.fa.aln-cln_gene230
231	DNA	13	2341	783	1178	GTR+G	cluster3054rr.1to1ortho.fa.aln-cln_gene231
232	DNA	13	1866	788	695	GTR+G	cluster4944rr.1to1ortho.fa.aln-cln_gene232
233	DNA	13	1875	722	886	GTR+G	cluster2566rr.1to1ortho.fa.aln-cln_gene233
234	DNA	13	1908	614	983	GTR+G	cluster2526rr.1to1ortho.fa.aln-cln_gene234
235	DNA	13	1287	527	548	GTR+G	cluster1928rr.1to1ortho.fa.aln-cln_gene235
236	DNA	13	1112	363	571	GTR+G	cluster4857rr.1to1ortho.fa.aln-cln_gene236
237	DNA	13	1365	453	691	GTR+G	cluster1551rr.1to1ortho.fa.aln-cln_gene237
238	DNA	13	2597	1098	1012	GTR+G	cluster4281rr.1to1ortho.fa.aln-cln_gene238
239	DNA	13	2545	936	1230	GTR+G	cluster1220rr.1to1ortho.fa.aln-cln_gene239
240	DNA	13	1485	547	683	GTR+G	cluster3267rr.1to1ortho.fa.aln-cln_gene240
241	DNA	13	1170	322	722	GTR+G	cluster1019rr.1to1ortho.fa.aln-cln_gene241
242	DNA	13	2405	982	997	GTR+G	cluster3170rr.1to1ortho.fa.aln-cln_gene242
243	DNA	13	2233	814	1015	GTR+G	cluster3717rr.1to1ortho.fa.aln-cln_gene243
244	DNA	13	1498	564	670	GTR+G	cluster3788rr.1to1ortho.fa.aln-cln_gene244
245	DNA	13	1452	544	699	GTR+G	cluster3763rr.1to1ortho.fa.aln-cln_gene245
246	DNA	13	544	168	302	GTR+G	cluster3218rr.1to1ortho.fa.aln-cln_gene246
247	DNA	13	1358	459	696	GTR+G	cluster1224rr.1to1ortho.fa.aln-cln_gene247
248	DNA	13	690	261	325	GTR+G	cluster3812rr.1to1ortho.fa.aln-cln_gene248
249	DNA	13	1329	444	695	GTR+G	cluster1657rr.1to1ortho.fa.aln-cln_gene249
250	DNA	13	1321	477	659	GTR+G	cluster1908rr.1to1ortho.fa.aln-cln_gene250
251	DNA	13	1718	592	828	GTR+G	cluster773rr.1to1ortho.fa.aln-cln_gene251
252	DNA	13	1744	620	840	GTR+G	cluster2075rr.1to1ortho.fa.aln-cln_gene252
253	DNA	13	1444	475	778	GTR+G	cluster3916rr.1to1ortho.fa.aln-cln_gene253
254	DNA	13	714	194	454	GTR+G	cluster2394rr.1to1ortho.fa.aln-cln_gene254
255	DNA	13	1090	346	546	GTR+G	cluster2076rr.1to1ortho.fa.aln-cln_gene255
256	DNA	13	1422	442	813	GTR+G	cluster2911rr.1to1ortho.fa.aln-cln_gene256
257	DNA	13	1441	534	655	GTR+G	cluster4147rr.1to1ortho.fa.aln-cln_gene257
258	DNA	13	2958	968	1523	GTR+G	cluster4441rr.1to1ortho.fa.aln-cln_gene258
259	DNA	13	1014	361	498	GTR+G	cluster820rr.1to1ortho.fa.aln-cln_gene259
260	DNA	13	1706	585	698	GTR+G	cluster1158rr.1to1ortho.fa.aln-cln_gene260
261	DNA	13	1182	398	626	GTR+G	cluster4415rr.1to1ortho.fa.aln-cln_gene261
262	DNA	13	2451	754	1384	GTR+G	cluster3894rr.1to1ortho.fa.aln-cln_gene262
263	DNA	13	1137	444	512	GTR+G	cluster4319rr.1to1ortho.fa.aln-cln_gene263
264	DNA	13	2214	749	1155	GTR+G	cluster4466rr.1to1ortho.fa.aln-cln_gene264
265	DNA	13	1173	395	639	GTR+G	cluster2860rr.1to1ortho.fa.aln-cln_gene265
266	DNA	13	1036	272	584	GTR+G	cluster4222rr.1to1ortho.fa.aln-cln_gene266
267	DNA	13	5442	1953	2474	GTR+G	cluster5438rr.1to1ortho.fa.aln-cln_gene267
268	DNA	13	2187	839	1012	GTR+G	cluster1167rr.1to1ortho.fa.aln-cln_gene268
269	DNA	13	2350	835	1109	GTR+G	cluster3350rr.1to1ortho.fa.aln-cln_gene269
270	DNA	13	1539	478	913	GTR+G	cluster3869rr.1to1ortho.fa.aln-cln_gene270
271	DNA	13	2163	812	982	GTR+G	cluster1849rr.1to1ortho.fa.aln-cln_gene271
272	DNA	13	1784	640	819	GTR+G	cluster2047rr.1to1ortho.fa.aln-cln_gene272
273	DNA	13	2869	939	1460	GTR+G	cluster3351rr.1to1ortho.fa.aln-cln_gene273
274	DNA	13	1794	696	781	GTR+G	cluster1516rr.1to1ortho.fa.aln-cln_gene274
275	DNA	13	2174	760	1065	GTR+G	cluster355rr.1to1ortho.fa.aln-cln_gene275
276	DNA	13	1374	448	763	GTR+G	cluster2412rr.1to1ortho.fa.aln-cln_gene276
277	DNA	13	2103	787	998	GTR+G	cluster4351rr.1to1ortho.fa.aln-cln_gene277
278	DNA	13	1551	576	636	GTR+G	cluster2077rr.1to1ortho.fa.aln-cln_gene278
279	DNA	13	882	311	461	GTR+G	cluster4298rr.1to1ortho.fa.aln-cln_gene279
280	DNA	13	1094	391	545	GTR+G	cluster5105rr.1to1ortho.fa.aln-cln_gene280
281	DNA	13	2861	1195	1198	GTR+G	cluster2784rr.1to1ortho.fa.aln-cln_gene281
282	DNA	13	1501	508	738	GTR+G	cluster923rr.1to1ortho.fa.aln-cln_gene282
283	DNA	13	883	282	441	GTR+G	cluster1491rr.1to1ortho.fa.aln-cln_gene283
284	DNA	13	1354	430	722	GTR+G	cluster2430rr.1to1ortho.fa.aln-cln_gene284
285	DNA	13	867	345	405	GTR+G	cluster2063rr.1to1ortho.fa.aln-cln_gene285
286	DNA	13	1623	629	701	GTR+G	cluster2732rr.1to1ortho.fa.aln-cln_gene286
287	DNA	13	2321	907	1068	GTR+G	cluster2613rr.1to1ortho.fa.aln-cln_gene287
288	DNA	13	1725	630	804	GTR+G	cluster709rr.1to1ortho.fa.aln-cln_gene288
289	DNA	13	1470	541	743	GTR+G	cluster4883rr.1to1ortho.fa.aln-cln_gene289
290	DNA	13	1690	677	692	GTR+G	cluster2914rr.1to1ortho.fa.aln-cln_gene290
291	DNA	13	4832	1434	2552	GTR+G	cluster2796rr.1to1ortho.fa.aln-cln_gene291
292	DNA	13	3078	1108	1323	GTR+G	cluster3303rr.1to1ortho.fa.aln-cln_gene292
293	DNA	13	1782	627	855	GTR+G	cluster2557rr.1to1ortho.fa.aln-cln_gene293
294	DNA	13	1902	742	892	GTR+G	cluster2226rr.1to1ortho.fa.aln-cln_gene294
295	DNA	13	1185	329	723	GTR+G	cluster4505rr.1to1ortho.fa.aln-cln_gene295
296	DNA	13	947	325	463	GTR+G	cluster3220rr.1to1ortho.fa.aln-cln_gene296
297	DNA	13	1587	539	801	GTR+G	cluster1526rr.1to1ortho.fa.aln-cln_gene297
298	DNA	13	1527	478	864	GTR+G	cluster5555rr.1to1ortho.fa.aln-cln_gene298
299	DNA	13	576	147	364	GTR+G	cluster4582rr.1to1ortho.fa.aln-cln_gene299
300	DNA	13	2885	907	1545	GTR+G	cluster1169rr.1to1ortho.fa.aln-cln_gene300
301	DNA	13	1633	632	742	GTR+G	cluster531rr.1to1ortho.fa.aln-cln_gene301
302	DNA	13	1209	390	677	GTR+G	cluster3855rr.1to1ortho.fa.aln-cln_gene302
303	DNA	13	1991	772	835	GTR+G	cluster1782rr.1to1ortho.fa.aln-cln_gene303
304	DNA	13	2223	805	1128	GTR+G	cluster3304rr.1to1ortho.fa.aln-cln_gene304
305	DNA	13	381	144	186	GTR+G	cluster5422rr.1to1ortho.fa.aln-cln_gene305
306	DNA	13	1857	532	972	GTR+G	cluster3341rr.1to1ortho.fa.aln-cln_gene306
307	DNA	13	1079	374	532	GTR+G	cluster2611rr.1to1ortho.fa.aln-cln_gene307
308	DNA	13	2366	790	1174	GTR+G	cluster2589rr.1to1ortho.fa.aln-cln_gene308
309	DNA	13	882	328	424	GTR+G	cluster2057rr.1to1ortho.fa.aln-cln_gene309
310	DNA	13	1131	336	642	GTR+G	cluster4867rr.1to1ortho.fa.aln-cln_gene310
311	DNA	13	1229	407	646	GTR+G	cluster3520rr.1to1ortho.fa.aln-cln_gene311
312	DNA	13	1542	458	903	GTR+G	cluster4878rr.1to1ortho.fa.aln-cln_gene312
313	DNA	13	1218	470	564	GTR+G	cluster4820rr.1to1ortho.fa.aln-cln_gene313
314	DNA	13	1515	546	759	GTR+G	cluster3749rr.1to1ortho.fa.aln-cln_gene314
315	DNA	13	1074	435	435	GTR+G	cluster3008rr.1to1ortho.fa.aln-cln_gene315
316	DNA	13	1971	755	854	GTR+G	cluster907rr.1to1ortho.fa.aln-cln_gene316
317	DNA	13	1323	484	686	GTR+G	cluster1739rr.1to1ortho.fa.aln-cln_gene317
318	DNA	13	849	291	436	GTR+G	cluster5098rr.1to1ortho.fa.aln-cln_gene318
319	DNA	13	921	332	437	GTR+G	cluster764rr.1to1ortho.fa.aln-cln_gene319
320	DNA	13	1294	412	720	GTR+G	cluster4357rr.1to1ortho.fa.aln-cln_gene320
321	DNA	13	720	222	406	GTR+G	cluster2758rr.1to1ortho.fa.aln-cln_gene321
322	DNA	13	1881	701	892	GTR+G	cluster1518rr.1to1ortho.fa.aln-cln_gene322
323	DNA	13	942	339	445	GTR+G	cluster988rr.1to1ortho.fa.aln-cln_gene323
324	DNA	13	1082	437	431	GTR+G	cluster181rr.1to1ortho.fa.aln-cln_gene324
325	DNA	13	2520	838	1313	GTR+G	cluster2236rr.1to1ortho.fa.aln-cln_gene325
326	DNA	13	2046	715	993	GTR+G	cluster1252rr.1to1ortho.fa.aln-cln_gene326
327	DNA	13	2079	859	824	GTR+G	cluster1293rr.1to1ortho.fa.aln-cln_gene327
328	DNA	13	1245	377	679	GTR+G	cluster3436rr.1to1ortho.fa.aln-cln_gene328
329	DNA	13	1028	393	461	GTR+G	cluster410rr.1to1ortho.fa.aln-cln_gene329
330	DNA	13	2202	692	1250	GTR+G	cluster2216rr.1to1ortho.fa.aln-cln_gene330
331	DNA	13	924	320	483	GTR+G	cluster2023rr.1to1ortho.fa.aln-cln_gene331
332	DNA	13	1754	594	867	GTR+G	cluster1462rr.1to1ortho.fa.aln-cln_gene332
333	DNA	13	1632	537	842	GTR+G	cluster588rr.1to1ortho.fa.aln-cln_gene333
334	DNA	13	2519	807	1343	GTR+G	cluster4214rr.1to1ortho.fa.aln-cln_gene334
335	DNA	13	1705	585	812	GTR+G	cluster555rr.1to1ortho.fa.aln-cln_gene335
336	DNA	13	1576	482	877	GTR+G	cluster1676rr.1to1ortho.fa.aln-cln_gene336
337	DNA	13	2766	917	1464	GTR+G	cluster2074rr.1to1ortho.fa.aln-cln_gene337
338	DNA	13	1056	290	671	GTR+G	cluster3725rr.1to1ortho.fa.aln-cln_gene338
339	DNA	13	951	326	497	GTR+G	cluster1210rr.1to1ortho.fa.aln-cln_gene339
340	DNA	13	1331	518	557	GTR+G	cluster2832rr.1to1ortho.fa.aln-cln_gene340
341	DNA	13	1275	422	675	GTR+G	cluster3644rr.1to1ortho.fa.aln-cln_gene341
342	DNA	13	786	271	387	GTR+G	cluster4374rr.1to1ortho.fa.aln-cln_gene342
343	DNA	13	1999	634	1089	GTR+G	cluster2782rr.1to1ortho.fa.aln-cln_gene343
344	DNA	13	873	286	439	GTR+G	cluster4547rr.1to1ortho.fa.aln-cln_gene344
345	DNA	13	1830	561	1067	GTR+G	cluster3135rr.1to1ortho.fa.aln-cln_gene345
346	DNA	13	1947	605	1112	GTR+G	cluster4484rr.1to1ortho.fa.aln-cln_gene346
347	DNA	13	1119	404	545	GTR+G	cluster3006rr.1to1ortho.fa.aln-cln_gene347
348	DNA	13	918	238	587	GTR+G	cluster2493rr.1to1ortho.fa.aln-cln_gene348
349	DNA	13	1059	405	498	GTR+G	cluster2937rr.1to1ortho.fa.aln-cln_gene349
350	DNA	13	807	299	416	GTR+G	cluster3884rr.1to1ortho.fa.aln-cln_gene350
351	DNA	13	1425	448	779	GTR+G	cluster2051rr.1to1ortho.fa.aln-cln_gene351
352	DNA	13	2023	653	1032	GTR+G	cluster1469rr.1to1ortho.fa.aln-cln_gene352
353	DNA	13	1449	495	731	GTR+G	cluster1108rr.1to1ortho.fa.aln-cln_gene353
354	DNA	13	1020	345	537	GTR+G	cluster4279rr.1to1ortho.fa.aln-cln_gene354
355	DNA	13	1578	570	770	GTR+G	cluster2067rr.1to1ortho.fa.aln-cln_gene355
356	DNA	13	1638	548	862	GTR+G	cluster3893rr.1to1ortho.fa.aln-cln_gene356
357	DNA	13	1587	541	800	GTR+G	cluster3727rr.1to1ortho.fa.aln-cln_gene357
358	DNA	13	1173	387	640	GTR+G	cluster5371rr.1to1ortho.fa.aln-cln_gene358
359	DNA	13	1128	393	581	GTR+G	cluster2462rr.1to1ortho.fa.aln-cln_gene359
360	DNA	13	1668	558	789	GTR+G	cluster4732rr.1to1ortho.fa.aln-cln_gene360
361	DNA	13	2346	852	1105	GTR+G	cluster1455rr.1to1ortho.fa.aln-cln_gene361
362	DNA	13	2588	961	1154	GTR+G	cluster4238rr.1to1ortho.fa.aln-cln_gene362
363	DNA	13	2298	800	1153	GTR+G	cluster649rr.1to1ortho.fa.aln-cln_gene363
364	DNA	13	1789	640	903	GTR+G	cluster1496rr.1to1ortho.fa.aln-cln_gene364
365	DNA	13	761	253	410	GTR+G	cluster5013rr.1to1ortho.fa.aln-cln_gene365
366	DNA	13	3577	1531	1333	GTR+G	cluster2811rr.1to1ortho.fa.aln-cln_gene366
367	DNA	13	1008	362	529	GTR+G	cluster4907rr.1to1ortho.fa.aln-cln_gene367
368	DNA	13	894	301	436	GTR+G	cluster2423rr.1to1ortho.fa.aln-cln_gene368
369	DNA	13	1611	519	864	GTR+G	cluster3435rr.1to1ortho.fa.aln-cln_gene369
370	DNA	13	3823	1337	1887	GTR+G	cluster1730rr.1to1ortho.fa.aln-cln_gene370
371	DNA	13	2412	889	1133	GTR+G	cluster4205rr.1to1ortho.fa.aln-cln_gene371
372	DNA	13	747	227	416	GTR+G	cluster3288rr.1to1ortho.fa.aln-cln_gene372
373	DNA	13	3628	1107	1896	GTR+G	cluster1638rr.1to1ortho.fa.aln-cln_gene373
374	DNA	13	2910	981	1451	GTR+G	cluster4846rr.1to1ortho.fa.aln-cln_gene374
375	DNA	13	2876	1233	1099	GTR+G	cluster3277rr.1to1ortho.fa.aln-cln_gene375
376	DNA	13	1262	431	606	GTR+G	cluster1778rr.1to1ortho.fa.aln-cln_gene376
377	DNA	13	1827	472	1138	GTR+G	cluster2449rr.1to1ortho.fa.aln-cln_gene377
378	DNA	13	3955	1379	1746	GTR+G	cluster1303rr.1to1ortho.fa.aln-cln_gene378
379	DNA	13	1812	562	1012	GTR+G	cluster5290rr.1to1ortho.fa.aln-cln_gene379
380	DNA	13	1524	199	1158	GTR+G	cluster2386rr.1to1ortho.fa.aln-cln_gene380
381	DNA	13	1452	526	678	GTR+G	cluster2755rr.1to1ortho.fa.aln-cln_gene381
382	DNA	13	3120	1186	1358	GTR+G	cluster5022rr.1to1ortho.fa.aln-cln_gene382
383	DNA	13	1603	540	765	GTR+G	cluster2302rr.1to1ortho.fa.aln-cln_gene383
384	DNA	13	693	241	353	GTR+G	cluster2657rr.1to1ortho.fa.aln-cln_gene384
385	DNA	13	1159	379	615	GTR+G	cluster4834rr.1to1ortho.fa.aln-cln_gene385
386	DNA	13	1413	496	704	GTR+G	cluster3470rr.1to1ortho.fa.aln-cln_gene386
387	DNA	13	639	206	350	GTR+G	cluster2973rr.1to1ortho.fa.aln-cln_gene387
388	DNA	13	1194	466	559	GTR+G	cluster916rr.1to1ortho.fa.aln-cln_gene388
389	DNA	13	630	194	356	GTR+G	cluster3849rr.1to1ortho.fa.aln-cln_gene389
390	DNA	13	1612	568	808	GTR+G	cluster774rr.1to1ortho.fa.aln-cln_gene390
391	DNA	13	1665	568	856	GTR+G	cluster4932rr.1to1ortho.fa.aln-cln_gene391
392	DNA	13	1431	579	601	GTR+G	cluster3069rr.1to1ortho.fa.aln-cln_gene392
393	DNA	13	1407	492	660	GTR+G	cluster2549rr.1to1ortho.fa.aln-cln_gene393
394	DNA	13	3001	952	1665	GTR+G	cluster3670rr.1to1ortho.fa.aln-cln_gene394
395	DNA	13	2172	878	991	GTR+G	cluster4322rr.1to1ortho.fa.aln-cln_gene395
396	DNA	13	1182	418	539	GTR+G	cluster1146rr.1to1ortho.fa.aln-cln_gene396
397	DNA	13	3415	1305	1574	GTR+G	cluster4805rr.1to1ortho.fa.aln-cln_gene397
398	DNA	13	3156	990	1711	GTR+G	cluster4052rr.1to1ortho.fa.aln-cln_gene398
399	DNA	13	1524	548	774	GTR+G	cluster4751rr.1to1ortho.fa.aln-cln_gene399
400	DNA	13	1351	457	649	GTR+G	cluster3895rr.1to1ortho.fa.aln-cln_gene400
401	DNA	13	741	234	440	GTR+G	cluster5576rr.1to1ortho.fa.aln-cln_gene401
402	DNA	13	1976	740	903	GTR+G	cluster3386rr.1to1ortho.fa.aln-cln_gene402
403	DNA	13	1105	400	546	GTR+G	cluster4249rr.1to1ortho.fa.aln-cln_gene403
404	DNA	13	2941	1013	1454	GTR+G	cluster671rr.1to1ortho.fa.aln-cln_gene404
405	DNA	13	834	300	377	GTR+G	cluster1690rr.1to1ortho.fa.aln-cln_gene405
406	DNA	13	1272	418	693	GTR+G	cluster2570rr.1to1ortho.fa.aln-cln_gene406
407	DNA	13	827	264	477	GTR+G	cluster4946rr.1to1ortho.fa.aln-cln_gene407
408	DNA	13	685	256	314	GTR+G	cluster2496rr.1to1ortho.fa.aln-cln_gene408
409	DNA	13	3012	1102	1510	GTR+G	cluster5093rr.1to1ortho.fa.aln-cln_gene409
410	DNA	13	2073	751	971	GTR+G	cluster4372rr.1to1ortho.fa.aln-cln_gene410
411	DNA	13	852	291	414	GTR+G	cluster1025rr.1to1ortho.fa.aln-cln_gene411
412	DNA	13	1338	399	765	GTR+G	cluster4920rr.1to1ortho.fa.aln-cln_gene412
413	DNA	13	1489	525	730	GTR+G	cluster683rr.1to1ortho.fa.aln-cln_gene413
414	DNA	13	1908	659	955	GTR+G	cluster5112rr.1to1ortho.fa.aln-cln_gene414
415	DNA	13	2073	716	994	GTR+G	cluster2763rr.1to1ortho.fa.aln-cln_gene415
416	DNA	13	1460	463	813	GTR+G	cluster2641rr.1to1ortho.fa.aln-cln_gene416
417	DNA	13	2091	715	1062	GTR+G	cluster3854rr.1to1ortho.fa.aln-cln_gene417
418	DNA	13	2022	716	957	GTR+G	cluster1144rr.1to1ortho.fa.aln-cln_gene418
419	DNA	13	2127	698	1146	GTR+G	cluster5482rr.1to1ortho.fa.aln-cln_gene419
420	DNA	13	3496	1476	1423	GTR+G	cluster3752rr.1to1ortho.fa.aln-cln_gene420
421	DNA	13	1233	406	644	GTR+G	cluster267rr.1to1ortho.fa.aln-cln_gene421
422	DNA	13	1239	413	645	GTR+G	cluster4317rr.1to1ortho.fa.aln-cln_gene422
423	DNA	13	4905	1745	2431	GTR+G	cluster5361rr.1to1ortho.fa.aln-cln_gene423
424	DNA	13	1546	588	648	GTR+G	cluster2380rr.1to1ortho.fa.aln-cln_gene424
425	DNA	13	954	321	470	GTR+G	cluster452rr.1to1ortho.fa.aln-cln_gene425
426	DNA	13	3028	986	1478	GTR+G	cluster997rr.1to1ortho.fa.aln-cln_gene426
427	DNA	13	1620	577	783	GTR+G	cluster804rr.1to1ortho.fa.aln-cln_gene427
428	DNA	13	1365	539	608	GTR+G	cluster2301rr.1to1ortho.fa.aln-cln_gene428
429	DNA	13	1761	637	881	GTR+G	cluster2994rr.1to1ortho.fa.aln-cln_gene429
430	DNA	13	861	306	405	GTR+G	cluster2163rr.1to1ortho.fa.aln-cln_gene430
431	DNA	13	1425	557	659	GTR+G	cluster5584rr.1to1ortho.fa.aln-cln_gene431
432	DNA	13	1038	335	548	GTR+G	cluster1853rr.1to1ortho.fa.aln-cln_gene432
433	DNA	13	2939	1065	1315	GTR+G	cluster1575rr.1to1ortho.fa.aln-cln_gene433
434	DNA	13	2414	915	1150	GTR+G	cluster2982rr.1to1ortho.fa.aln-cln_gene434
435	DNA	13	1840	699	913	GTR+G	cluster4806rr.1to1ortho.fa.aln-cln_gene435
436	DNA	13	1089	340	593	GTR+G	cluster1104rr.1to1ortho.fa.aln-cln_gene436
437	DNA	13	1692	642	725	GTR+G	cluster3360rr.1to1ortho.fa.aln-cln_gene437
438	DNA	13	1289	420	652	GTR+G	cluster2045rr.1to1ortho.fa.aln-cln_gene438
439	DNA	13	1423	524	713	GTR+G	cluster3467rr.1to1ortho.fa.aln-cln_gene439
440	DNA	13	1544	552	703	GTR+G	cluster1859rr.1to1ortho.fa.aln-cln_gene440
441	DNA	13	2431	861	1209	GTR+G	cluster1683rr.1to1ortho.fa.aln-cln_gene441
442	DNA	13	891	333	410	GTR+G	cluster2622rr.1to1ortho.fa.aln-cln_gene442
443	DNA	13	2058	723	1029	GTR+G	cluster4395rr.1to1ortho.fa.aln-cln_gene443
444	DNA	13	2019	783	920	GTR+G	cluster2848rr.1to1ortho.fa.aln-cln_gene444
445	DNA	13	2948	1236	1166	GTR+G	cluster4965rr.1to1ortho.fa.aln-cln_gene445
446	DNA	13	1694	573	906	GTR+G	cluster5525rr.1to1ortho.fa.aln-cln_gene446
447	DNA	13	962	318	496	GTR+G	cluster2195rr.1to1ortho.fa.aln-cln_gene447
448	DNA	13	5523	1785	3069	GTR+G	cluster1026rr.1to1ortho.fa.aln-cln_gene448
449	DNA	13	1605	586	797	GTR+G	cluster2407rr.1to1ortho.fa.aln-cln_gene449
450	DNA	13	921	305	510	GTR+G	cluster2388rr.1to1ortho.fa.aln-cln_gene450
451	DNA	13	1260	399	674	GTR+G	cluster3683rr.1to1ortho.fa.aln-cln_gene451
452	DNA	13	2271	690	1259	GTR+G	cluster2920rr.1to1ortho.fa.aln-cln_gene452
453	DNA	13	1791	601	936	GTR+G	cluster3364rr.1to1ortho.fa.aln-cln_gene453
454	DNA	13	3295	1234	1471	GTR+G	cluster1738rr.1to1ortho.fa.aln-cln_gene454
455	DNA	13	639	229	324	GTR+G	cluster2491rr.1to1ortho.fa.aln-cln_gene455
456	DNA	13	2199	872	977	GTR+G	cluster5606rr.1to1ortho.fa.aln-cln_gene456
457	DNA	13	1736	639	793	GTR+G	cluster3528rr.1to1ortho.fa.aln-cln_gene457
458	DNA	13	1692	566	865	GTR+G	cluster1631rr.1to1ortho.fa.aln-cln_gene458
459	DNA	13	870	281	447	GTR+G	cluster2943rr.1to1ortho.fa.aln-cln_gene459
460	DNA	13	2121	971	745	GTR+G	cluster2307rr.1to1ortho.fa.aln-cln_gene460
461	DNA	13	1784	612	890	GTR+G	cluster3394rr.1to1ortho.fa.aln-cln_gene461
462	DNA	13	1584	629	743	GTR+G	cluster5113rr.1to1ortho.fa.aln-cln_gene462
463	DNA	13	1243	435	577	GTR+G	cluster2954rr.1to1ortho.fa.aln-cln_gene463
464	DNA	13	3165	1196	1402	GTR+G	cluster2265rr.1to1ortho.fa.aln-cln_gene464
465	DNA	13	859	270	473	GTR+G	cluster4930rr.1to1ortho.fa.aln-cln_gene465
466	DNA	13	549	143	349	GTR+G	cluster4528rr.1to1ortho.fa.aln-cln_gene466
467	DNA	13	1605	532	897	GTR+G	cluster2177rr.1to1ortho.fa.aln-cln_gene467
468	DNA	13	1662	555	839	GTR+G	cluster3834rr.1to1ortho.fa.aln-cln_gene468
469	DNA	13	1434	405	896	GTR+G	cluster4574rr.1to1ortho.fa.aln-cln_gene469
470	DNA	13	1785	690	808	GTR+G	cluster3171rr.1to1ortho.fa.aln-cln_gene470
471	DNA	13	3564	1348	1680	GTR+G	cluster4825rr.1to1ortho.fa.aln-cln_gene471
472	DNA	13	1581	566	797	GTR+G	cluster3166rr.1to1ortho.fa.aln-cln_gene472
473	DNA	13	1107	451	464	GTR+G	cluster2206rr.1to1ortho.fa.aln-cln_gene473
474	DNA	13	1201	407	582	GTR+G	cluster4013rr.1to1ortho.fa.aln-cln_gene474
475	DNA	13	1921	666	909	GTR+G	cluster4744rr.1to1ortho.fa.aln-cln_gene475
476	DNA	13	1787	639	927	GTR+G	cluster4873rr.1to1ortho.fa.aln-cln_gene476
477	DNA	13	1368	495	643	GTR+G	cluster3668rr.1to1ortho.fa.aln-cln_gene477
478	DNA	13	1437	488	760	GTR+G	cluster2587rr.1to1ortho.fa.aln-cln_gene478
479	DNA	13	1708	617	833	GTR+G	cluster2027rr.1to1ortho.fa.aln-cln_gene479
480	DNA	13	1869	692	884	GTR+G	cluster5498rr.1to1ortho.fa.aln-cln_gene480
481	DNA	13	1305	407	721	GTR+G	cluster4900rr.1to1ortho.fa.aln-cln_gene481
482	DNA	13	525	126	326	GTR+G	cluster3424rr.1to1ortho.fa.aln-cln_gene482
483	DNA	13	557	217	240	GTR+G	cluster4861rr.1to1ortho.fa.aln-cln_gene483
484	DNA	13	1703	607	849	GTR+G	cluster3013rr.1to1ortho.fa.aln-cln_gene484
485	DNA	13	1275	448	657	GTR+G	cluster2006rr.1to1ortho.fa.aln-cln_gene485
486	DNA	13	1704	727	678	GTR+G	cluster4217rr.1to1ortho.fa.aln-cln_gene486
487	DNA	13	1032	365	520	GTR+G	cluster3928rr.1to1ortho.fa.aln-cln_gene487
488	DNA	13	1270	424	647	GTR+G	cluster5280rr.1to1ortho.fa.aln-cln_gene488
489	DNA	13	2282	719	1184	GTR+G	cluster4185rr.1to1ortho.fa.aln-cln_gene489
490	DNA	13	2592	967	1230	GTR+G	cluster3248rr.1to1ortho.fa.aln-cln_gene490
491	DNA	13	2683	1026	1158	GTR+G	cluster2584rr.1to1ortho.fa.aln-cln_gene491
492	DNA	13	1005	426	389	GTR+G	cluster2664rr.1to1ortho.fa.aln-cln_gene492
493	DNA	13	2399	994	982	GTR+G	cluster1200rr.1to1ortho.fa.aln-cln_gene493
494	DNA	13	1317	393	768	GTR+G	cluster5401rr.1to1ortho.fa.aln-cln_gene494
495	DNA	13	1413	391	810	GTR+G	cluster1550rr.1to1ortho.fa.aln-cln_gene495
496	DNA	13	3048	1283	1182	GTR+G	cluster5021rr.1to1ortho.fa.aln-cln_gene496
497	DNA	13	1638	554	873	GTR+G	cluster3741rr.1to1ortho.fa.aln-cln_gene497
498	DNA	13	2178	763	1101	GTR+G	cluster4286rr.1to1ortho.fa.aln-cln_gene498
499	DNA	13	942	357	444	GTR+G	cluster2793rr.1to1ortho.fa.aln-cln_gene499
500	DNA	13	6783	2160	3710	GTR+G	cluster5302rr.1to1ortho.fa.aln-cln_gene500
501	DNA	13	1525	616	642	GTR+G	cluster900rr.1to1ortho.fa.aln-cln_gene501
502	DNA	13	1074	380	529	GTR+G	cluster2039rr.1to1ortho.fa.aln-cln_gene502
503	DNA	13	2022	773	890	GTR+G	cluster2862rr.1to1ortho.fa.aln-cln_gene503
504	DNA	13	4851	1466	2739	GTR+G	cluster3750rr.1to1ortho.fa.aln-cln_gene504
505	DNA	13	1140	378	587	GTR+G	cluster4007rr.1to1ortho.fa.aln-cln_gene505
506	DNA	13	1224	394	715	GTR+G	cluster3473rr.1to1ortho.fa.aln-cln_gene506
507	DNA	13	1411	485	734	GTR+G	cluster4311rr.1to1ortho.fa.aln-cln_gene507
508	DNA	13	2904	1032	1476	GTR+G	cluster2247rr.1to1ortho.fa.aln-cln_gene508
509	DNA	13	657	228	331	GTR+G	cluster4728rr.1to1ortho.fa.aln-cln_gene509
510	DNA	13	1359	477	670	GTR+G	cluster641rr.1to1ortho.fa.aln-cln_gene510
511	DNA	13	1001	298	573	GTR+G	cluster2437rr.1to1ortho.fa.aln-cln_gene511
512	DNA	13	1692	738	687	GTR+G	cluster2761rr.1to1ortho.fa.aln-cln_gene512
513	DNA	13	1539	473	847	GTR+G	cluster5487rr.1to1ortho.fa.aln-cln_gene513
514	DNA	13	840	268	452	GTR+G	cluster2480rr.1to1ortho.fa.aln-cln_gene514
515	DNA	13	1611	612	745	GTR+G	cluster2465rr.1to1ortho.fa.aln-cln_gene515
516	DNA	13	1352	485	717	GTR+G	cluster2168rr.1to1ortho.fa.aln-cln_gene516
517	DNA	13	1569	626	677	GTR+G	cluster2085rr.1to1ortho.fa.aln-cln_gene517
518	DNA	13	1200	426	594	GTR+G	cluster4477rr.1to1ortho.fa.aln-cln_gene518
519	DNA	13	2763	972	1374	GTR+G	cluster2569rr.1to1ortho.fa.aln-cln_gene519
520	DNA	13	1118	392	574	GTR+G	cluster3149rr.1to1ortho.fa.aln-cln_gene520
521	DNA	13	1754	602	812	GTR+G	cluster1279rr.1to1ortho.fa.aln-cln_gene521
522	DNA	13	931	362	421	GTR+G	cluster3418rr.1to1ortho.fa.aln-cln_gene522
523	DNA	13	1542	528	801	GTR+G	cluster3333rr.1to1ortho.fa.aln-cln_gene523
524	DNA	13	1573	549	761	GTR+G	cluster1159rr.1to1ortho.fa.aln-cln_gene524
525	DNA	13	1068	387	499	GTR+G	cluster721rr.1to1ortho.fa.aln-cln_gene525
526	DNA	13	973	282	571	GTR+G	cluster2061rr.1to1ortho.fa.aln-cln_gene526
527	DNA	13	1173	526	444	GTR+G	cluster2091rr.1to1ortho.fa.aln-cln_gene527
528	DNA	13	687	250	325	GTR+G	cluster2815rr.1to1ortho.fa.aln-cln_gene528
529	DNA	13	2418	722	1231	GTR+G	cluster2562rr.1to1ortho.fa.aln-cln_gene529
530	DNA	13	1180	407	602	GTR+G	cluster3705rr.1to1ortho.fa.aln-cln_gene530
531	DNA	13	3234	1003	1818	GTR+G	cluster2069rr.1to1ortho.fa.aln-cln_gene531
532	DNA	13	2856	1213	1087	GTR+G	cluster3366rr.1to1ortho.fa.aln-cln_gene532
533	DNA	13	1707	545	879	GTR+G	cluster1395rr.1to1ortho.fa.aln-cln_gene533
534	DNA	13	1320	500	620	GTR+G	cluster754rr.1to1ortho.fa.aln-cln_gene534
535	DNA	13	2604	886	1323	GTR+G	cluster2015rr.1to1ortho.fa.aln-cln_gene535
536	DNA	13	1327	539	563	GTR+G	cluster1934rr.1to1ortho.fa.aln-cln_gene536
537	DNA	13	1557	520	830	GTR+G	cluster4476rr.1to1ortho.fa.aln-cln_gene537
538	DNA	13	1269	430	641	GTR+G	cluster2392rr.1to1ortho.fa.aln-cln_gene538
539	DNA	13	2496	871	1228	GTR+G	cluster3890rr.1to1ortho.fa.aln-cln_gene539
540	DNA	13	1122	382	577	GTR+G	cluster4263rr.1to1ortho.fa.aln-cln_gene540
541	DNA	13	1476	535	727	GTR+G	cluster4469rr.1to1ortho.fa.aln-cln_gene541
542	DNA	13	670	216	360	GTR+G	cluster3764rr.1to1ortho.fa.aln-cln_gene542
543	DNA	13	1800	579	913	GTR+G	cluster1093rr.1to1ortho.fa.aln-cln_gene543
544	DNA	13	2236	795	1094	GTR+G	cluster5548rr.1to1ortho.fa.aln-cln_gene544
545	DNA	13	1980	654	1061	GTR+G	cluster1396rr.1to1ortho.fa.aln-cln_gene545
546	DNA	13	2497	801	1344	GTR+G	cluster3402rr.1to1ortho.fa.aln-cln_gene546
547	DNA	13	2151	793	1089	GTR+G	cluster2487rr.1to1ortho.fa.aln-cln_gene547
548	DNA	13	858	272	464	GTR+G	cluster1765rr.1to1ortho.fa.aln-cln_gene548
549	DNA	13	5532	1637	3060	GTR+G	cluster3926rr.1to1ortho.fa.aln-cln_gene549
550	DNA	13	1833	605	939	GTR+G	cluster3927rr.1to1ortho.fa.aln-cln_gene550
551	DNA	13	1311	477	672	GTR+G	cluster4913rr.1to1ortho.fa.aln-cln_gene551
552	DNA	13	1021	390	482	GTR+G	cluster3421rr.1to1ortho.fa.aln-cln_gene552
553	DNA	13	1833	667	902	GTR+G	cluster3878rr.1to1ortho.fa.aln-cln_gene553
554	DNA	13	2952	1199	1202	GTR+G	cluster3525rr.1to1ortho.fa.aln-cln_gene554
555	DNA	13	1107	410	561	GTR+G	cluster3961rr.1to1ortho.fa.aln-cln_gene555
556	DNA	13	1892	623	957	GTR+G	cluster4957rr.1to1ortho.fa.aln-cln_gene556
557	DNA	13	2473	808	1260	GTR+G	cluster3680rr.1to1ortho.fa.aln-cln_gene557
558	DNA	13	2404	1061	795	GTR+G	cluster1731rr.1to1ortho.fa.aln-cln_gene558
559	DNA	13	1440	495	746	GTR+G	cluster3777rr.1to1ortho.fa.aln-cln_gene559
560	DNA	13	2223	708	1210	GTR+G	cluster5078rr.1to1ortho.fa.aln-cln_gene560
561	DNA	13	2422	866	1059	GTR+G	cluster1261rr.1to1ortho.fa.aln-cln_gene561
562	DNA	13	1443	508	737	GTR+G	cluster1184rr.1to1ortho.fa.aln-cln_gene562
563	DNA	13	2750	895	1424	GTR+G	cluster4042rr.1to1ortho.fa.aln-cln_gene563
564	DNA	13	1783	598	888	GTR+G	cluster4842rr.1to1ortho.fa.aln-cln_gene564
565	DNA	13	1752	550	997	GTR+G	cluster4977rr.1to1ortho.fa.aln-cln_gene565
566	DNA	13	1362	498	656	GTR+G	cluster2858rr.1to1ortho.fa.aln-cln_gene566
567	DNA	13	873	283	491	GTR+G	cluster2777rr.1to1ortho.fa.aln-cln_gene567
568	DNA	13	794	251	416	GTR+G	cluster2539rr.1to1ortho.fa.aln-cln_gene568
569	DNA	13	1284	457	624	GTR+G	cluster2053rr.1to1ortho.fa.aln-cln_gene569
570	DNA	13	1479	492	734	GTR+G	cluster4416rr.1to1ortho.fa.aln-cln_gene570
571	DNA	13	1494	539	770	GTR+G	cluster2144rr.1to1ortho.fa.aln-cln_gene571
572	DNA	13	1442	558	665	GTR+G	cluster2137rr.1to1ortho.fa.aln-cln_gene572
573	DNA	13	1489	401	930	GTR+G	cluster1948rr.1to1ortho.fa.aln-cln_gene573
574	DNA	13	615	200	334	GTR+G	cluster3696rr.1to1ortho.fa.aln-cln_gene574
575	DNA	13	898	270	496	GTR+G	cluster2747rr.1to1ortho.fa.aln-cln_gene575
576	DNA	13	939	309	509	GTR+G	cluster2292rr.1to1ortho.fa.aln-cln_gene576
577	DNA	13	984	349	489	GTR+G	cluster4740rr.1to1ortho.fa.aln-cln_gene577
578	DNA	13	1707	504	943	GTR+G	cluster1957rr.1to1ortho.fa.aln-cln_gene578
579	DNA	13	2502	990	1012	GTR+G	cluster1314rr.1to1ortho.fa.aln-cln_gene579
580	DNA	13	1158	345	624	GTR+G	cluster3396rr.1to1ortho.fa.aln-cln_gene580
581	DNA	13	1488	507	752	GTR+G	cluster4769rr.1to1ortho.fa.aln-cln_gene581
582	DNA	13	3075	934	1741	GTR+G	cluster2046rr.1to1ortho.fa.aln-cln_gene582
583	DNA	13	2523	936	1181	GTR+G	cluster4235rr.1to1ortho.fa.aln-cln_gene583
584	DNA	13	1401	471	753	GTR+G	cluster4784rr.1to1ortho.fa.aln-cln_gene584
585	DNA	13	1506	530	698	GTR+G	cluster981rr.1to1ortho.fa.aln-cln_gene585
586	DNA	13	1389	526	687	GTR+G	cluster4283rr.1to1ortho.fa.aln-cln_gene586
587	DNA	13	576	163	332	GTR+G	cluster3213rr.1to1ortho.fa.aln-cln_gene587
588	DNA	13	1645	728	582	GTR+G	cluster1419rr.1to1ortho.fa.aln-cln_gene588
589	DNA	13	2886	955	1490	GTR+G	cluster489rr.1to1ortho.fa.aln-cln_gene589
590	DNA	13	618	167	375	GTR+G	cluster3151rr.1to1ortho.fa.aln-cln_gene590
591	DNA	13	603	176	332	GTR+G	cluster4290rr.1to1ortho.fa.aln-cln_gene591
592	DNA	13	2872	914	1513	GTR+G	cluster4734rr.1to1ortho.fa.aln-cln_gene592
593	DNA	13	1441	472	719	GTR+G	cluster5292rr.1to1ortho.fa.aln-cln_gene593
594	DNA	13	1744	576	827	GTR+G	cluster1642rr.1to1ortho.fa.aln-cln_gene594
595	DNA	13	1263	480	578	GTR+G	cluster887rr.1to1ortho.fa.aln-cln_gene595
596	DNA	13	1527	581	735	GTR+G	cluster5370rr.1to1ortho.fa.aln-cln_gene596
597	DNA	13	1425	521	649	GTR+G	cluster1814rr.1to1ortho.fa.aln-cln_gene597
598	DNA	13	1880	568	1069	GTR+G	cluster5562rr.1to1ortho.fa.aln-cln_gene598
599	DNA	13	2685	864	1358	GTR+G	cluster589rr.1to1ortho.fa.aln-cln_gene599
600	DNA	13	1498	505	777	GTR+G	cluster4858rr.1to1ortho.fa.aln-cln_gene600
601	DNA	13	741	214	462	GTR+G	cluster3542rr.1to1ortho.fa.aln-cln_gene601
602	DNA	13	1628	507	821	GTR+G	cluster492rr.1to1ortho.fa.aln-cln_gene602
603	DNA	13	1523	535	781	GTR+G	cluster4321rr.1to1ortho.fa.aln-cln_gene603
604	DNA	13	1741	573	916	GTR+G	cluster1889rr.1to1ortho.fa.aln-cln_gene604
605	DNA	13	660	200	382	GTR+G	cluster2924rr.1to1ortho.fa.aln-cln_gene605
606	DNA	13	1362	469	637	GTR+G	cluster982rr.1to1ortho.fa.aln-cln_gene606
607	DNA	13	3172	1223	1331	GTR+G	cluster2008rr.1to1ortho.fa.aln-cln_gene607
608	DNA	13	1584	572	762	GTR+G	cluster3219rr.1to1ortho.fa.aln-cln_gene608
609	DNA	13	980	327	512	GTR+G	cluster3514rr.1to1ortho.fa.aln-cln_gene609
610	DNA	13	687	211	386	GTR+G	cluster4370rr.1to1ortho.fa.aln-cln_gene610
611	DNA	13	3408	1297	1399	GTR+G	cluster1059rr.1to1ortho.fa.aln-cln_gene611
612	DNA	13	1110	349	580	GTR+G	cluster2823rr.1to1ortho.fa.aln-cln_gene612
613	DNA	13	2513	940	1145	GTR+G	cluster2289rr.1to1ortho.fa.aln-cln_gene613
614	DNA	13	774	267	392	GTR+G	cluster3297rr.1to1ortho.fa.aln-cln_gene614
615	DNA	13	2118	775	997	GTR+G	cluster1197rr.1to1ortho.fa.aln-cln_gene615
616	DNA	13	1178	380	584	GTR+G	cluster2306rr.1to1ortho.fa.aln-cln_gene616
617	DNA	13	1085	416	475	GTR+G	cluster4006rr.1to1ortho.fa.aln-cln_gene617
618	DNA	13	1425	459	706	GTR+G	cluster3444rr.1to1ortho.fa.aln-cln_gene618
619	DNA	13	1508	532	681	GTR+G	cluster3662rr.1to1ortho.fa.aln-cln_gene619
620	DNA	13	1304	502	606	GTR+G	cluster4488rr.1to1ortho.fa.aln-cln_gene620
621	DNA	13	1335	458	671	GTR+G	cluster1409rr.1to1ortho.fa.aln-cln_gene621
622	DNA	13	1645	534	853	GTR+G	cluster1903rr.1to1ortho.fa.aln-cln_gene622
623	DNA	13	1458	520	693	GTR+G	cluster2130rr.1to1ortho.fa.aln-cln_gene623
624	DNA	13	2081	767	890	GTR+G	cluster984rr.1to1ortho.fa.aln-cln_gene624
625	DNA	13	864	331	430	GTR+G	cluster2980rr.1to1ortho.fa.aln-cln_gene625
626	DNA	13	1020	302	587	GTR+G	cluster824rr.1to1ortho.fa.aln-cln_gene626
627	DNA	13	1493	586	711	GTR+G	cluster986rr.1to1ortho.fa.aln-cln_gene627
628	DNA	13	1383	513	632	GTR+G	cluster1885rr.1to1ortho.fa.aln-cln_gene628
629	DNA	13	2503	880	1174	GTR+G	cluster5071rr.1to1ortho.fa.aln-cln_gene629
630	DNA	13	2761	1009	1195	GTR+G	cluster2217rr.1to1ortho.fa.aln-cln_gene630
631	DNA	13	1466	435	857	GTR+G	cluster978rr.1to1ortho.fa.aln-cln_gene631
632	DNA	13	1577	583	768	GTR+G	cluster2898rr.1to1ortho.fa.aln-cln_gene632
633	DNA	13	1533	638	603	GTR+G	cluster4802rr.1to1ortho.fa.aln-cln_gene633
634	DNA	13	546	156	339	GTR+G	cluster4026rr.1to1ortho.fa.aln-cln_gene634
635	DNA	13	1695	583	802	GTR+G	cluster5110rr.1to1ortho.fa.aln-cln_gene635
636	DNA	13	2808	1225	983	GTR+G	cluster3811rr.1to1ortho.fa.aln-cln_gene636
637	DNA	13	1320	492	607	GTR+G	cluster2877rr.1to1ortho.fa.aln-cln_gene637
638	DNA	13	2178	851	958	GTR+G	cluster2839rr.1to1ortho.fa.aln-cln_gene638
639	DNA	13	1608	505	961	GTR+G	cluster3891rr.1to1ortho.fa.aln-cln_gene639
640	DNA	13	1065	378	559	GTR+G	cluster5015rr.1to1ortho.fa.aln-cln_gene640
641	DNA	13	2205	1024	719	GTR+G	cluster1513rr.1to1ortho.fa.aln-cln_gene641
642	DNA	13	1864	596	1051	GTR+G	cluster2869rr.1to1ortho.fa.aln-cln_gene642
643	DNA	13	909	362	425	GTR+G	cluster4044rr.1to1ortho.fa.aln-cln_gene643
644	DNA	13	5394	1756	2727	GTR+G	cluster5080rr.1to1ortho.fa.aln-cln_gene644
645	DNA	13	2655	969	1257	GTR+G	cluster5466rr.1to1ortho.fa.aln-cln_gene645
646	DNA	13	1367	547	532	GTR+G	cluster2548rr.1to1ortho.fa.aln-cln_gene646
647	DNA	13	1046	309	613	GTR+G	cluster3024rr.1to1ortho.fa.aln-cln_gene647
648	DNA	13	4018	1414	1999	GTR+G	cluster1171rr.1to1ortho.fa.aln-cln_gene648
649	DNA	13	1817	738	737	GTR+G	cluster4149rr.1to1ortho.fa.aln-cln_gene649
650	DNA	13	534	168	315	GTR+G	cluster3950rr.1to1ortho.fa.aln-cln_gene650
651	DNA	13	510	159	307	GTR+G	cluster3162rr.1to1ortho.fa.aln-cln_gene651
652	DNA	13	1553	556	677	GTR+G	cluster4394rr.1to1ortho.fa.aln-cln_gene652
653	DNA	13	1425	368	922	GTR+G	cluster3137rr.1to1ortho.fa.aln-cln_gene653
654	DNA	13	1561	529	754	GTR+G	cluster2507rr.1to1ortho.fa.aln-cln_gene654
655	DNA	13	2082	700	1089	GTR+G	cluster4585rr.1to1ortho.fa.aln-cln_gene655
656	DNA	13	2839	923	1472	GTR+G	cluster3298rr.1to1ortho.fa.aln-cln_gene656
657	DNA	13	2643	1112	1036	GTR+G	cluster4167rr.1to1ortho.fa.aln-cln_gene657
658	DNA	13	2386	718	1356	GTR+G	cluster3018rr.1to1ortho.fa.aln-cln_gene658
659	DNA	13	1584	480	955	GTR+G	cluster2816rr.1to1ortho.fa.aln-cln_gene659
660	DNA	13	1750	582	905	GTR+G	cluster2276rr.1to1ortho.fa.aln-cln_gene660
661	DNA	13	780	277	360	GTR+G	cluster178rr.1to1ortho.fa.aln-cln_gene661
662	DNA	13	1739	650	781	GTR+G	cluster1135rr.1to1ortho.fa.aln-cln_gene662
663	DNA	13	871	338	384	GTR+G	cluster2658rr.1to1ortho.fa.aln-cln_gene663
664	DNA	13	3606	1389	1695	GTR+G	cluster4211rr.1to1ortho.fa.aln-cln_gene664
665	DNA	13	1179	442	517	GTR+G	cluster781rr.1to1ortho.fa.aln-cln_gene665
666	DNA	13	1707	651	748	GTR+G	cluster1576rr.1to1ortho.fa.aln-cln_gene666
667	DNA	13	797	297	355	GTR+G	cluster2801rr.1to1ortho.fa.aln-cln_gene667
668	DNA	13	1287	390	738	GTR+G	cluster2950rr.1to1ortho.fa.aln-cln_gene668
669	DNA	13	2794	1048	1262	GTR+G	cluster575rr.1to1ortho.fa.aln-cln_gene669
670	DNA	13	1098	372	517	GTR+G	cluster455rr.1to1ortho.fa.aln-cln_gene670
671	DNA	13	1616	621	788	GTR+G	cluster4404rr.1to1ortho.fa.aln-cln_gene671
672	DNA	13	961	323	523	GTR+G	cluster5414rr.1to1ortho.fa.aln-cln_gene672
673	DNA	13	1432	457	783	GTR+G	cluster3485rr.1to1ortho.fa.aln-cln_gene673
674	DNA	13	2244	770	1082	GTR+G	cluster2555rr.1to1ortho.fa.aln-cln_gene674
675	DNA	13	1292	422	635	GTR+G	cluster706rr.1to1ortho.fa.aln-cln_gene675
676	DNA	13	2149	728	1069	GTR+G	cluster2637rr.1to1ortho.fa.aln-cln_gene676
677	DNA	13	1700	544	937	GTR+G	cluster3445rr.1to1ortho.fa.aln-cln_gene677
678	DNA	13	2674	851	1318	GTR+G	cluster3324rr.1to1ortho.fa.aln-cln_gene678
679	DNA	13	2172	740	1122	GTR+G	cluster4378rr.1to1ortho.fa.aln-cln_gene679
680	DNA	13	1275	403	705	GTR+G	cluster5356rr.1to1ortho.fa.aln-cln_gene680
681	DNA	13	5099	1734	2414	GTR+G	cluster1391rr.1to1ortho.fa.aln-cln_gene681
682	DNA	13	762	277	384	GTR+G	cluster2161rr.1to1ortho.fa.aln-cln_gene682
683	DNA	13	2746	770	1581	GTR+G	cluster2525rr.1to1ortho.fa.aln-cln_gene683
684	DNA	13	1421	564	647	GTR+G	cluster1493rr.1to1ortho.fa.aln-cln_gene684
685	DNA	13	1774	531	918	GTR+G	cluster2014rr.1to1ortho.fa.aln-cln_gene685
686	DNA	13	1928	574	1041	GTR+G	cluster2096rr.1to1ortho.fa.aln-cln_gene686
687	DNA	13	1404	445	803	GTR+G	cluster3365rr.1to1ortho.fa.aln-cln_gene687
688	DNA	13	1131	417	555	GTR+G	cluster3919rr.1to1ortho.fa.aln-cln_gene688
689	DNA	13	1368	502	623	GTR+G	cluster1095rr.1to1ortho.fa.aln-cln_gene689
690	DNA	13	1038	342	561	GTR+G	cluster3767rr.1to1ortho.fa.aln-cln_gene690
691	DNA	13	1439	502	748	GTR+G	cluster4171rr.1to1ortho.fa.aln-cln_gene691
692	DNA	13	786	270	417	GTR+G	cluster2231rr.1to1ortho.fa.aln-cln_gene692
693	DNA	13	2166	625	1276	GTR+G	cluster4385rr.1to1ortho.fa.aln-cln_gene693
694	DNA	13	1187	384	565	GTR+G	cluster302rr.1to1ortho.fa.aln-cln_gene694
695	DNA	13	714	235	399	GTR+G	cluster2783rr.1to1ortho.fa.aln-cln_gene695
696	DNA	13	2901	1181	1159	GTR+G	cluster1054rr.1to1ortho.fa.aln-cln_gene696
697	DNA	13	1734	491	1010	GTR+G	cluster4959rr.1to1ortho.fa.aln-cln_gene697
698	DNA	13	954	299	545	GTR+G	cluster3247rr.1to1ortho.fa.aln-cln_gene698
699	DNA	13	918	288	495	GTR+G	cluster2878rr.1to1ortho.fa.aln-cln_gene699
700	DNA	13	867	297	430	GTR+G	cluster2315rr.1to1ortho.fa.aln-cln_gene700
701	DNA	13	2351	947	952	GTR+G	cluster4760rr.1to1ortho.fa.aln-cln_gene701
702	DNA	13	3605	1013	2247	GTR+G	cluster4499rr.1to1ortho.fa.aln-cln_gene702
703	DNA	13	1914	651	942	GTR+G	cluster1102rr.1to1ortho.fa.aln-cln_gene703
704	DNA	13	1626	600	708	GTR+G	cluster2171rr.1to1ortho.fa.aln-cln_gene704
705	DNA	13	1103	339	609	GTR+G	cluster5087rr.1to1ortho.fa.aln-cln_gene705
706	DNA	13	1255	416	684	GTR+G	cluster5030rr.1to1ortho.fa.aln-cln_gene706
707	DNA	13	2436	1085	851	GTR+G	cluster2189rr.1to1ortho.fa.aln-cln_gene707
708	DNA	13	1308	466	660	GTR+G	cluster3527rr.1to1ortho.fa.aln-cln_gene708
709	DNA	13	1266	443	658	GTR+G	cluster2826rr.1to1ortho.fa.aln-cln_gene709
710	DNA	13	1440	499	699	GTR+G	cluster2624rr.1to1ortho.fa.aln-cln_gene710
711	DNA	13	2019	779	914	GTR+G	cluster4040rr.1to1ortho.fa.aln-cln_gene711
712	DNA	13	1692	469	1028	GTR+G	cluster2863rr.1to1ortho.fa.aln-cln_gene712
713	DNA	13	1143	437	526	GTR+G	cluster5342rr.1to1ortho.fa.aln-cln_gene713
714	DNA	13	1128	358	621	GTR+G	cluster2275rr.1to1ortho.fa.aln-cln_gene714
715	DNA	13	3258	961	1936	GTR+G	cluster536rr.1to1ortho.fa.aln-cln_gene715
716	DNA	13	1932	660	875	GTR+G	cluster480rr.1to1ortho.fa.aln-cln_gene716
717	DNA	13	723	249	365	GTR+G	cluster1800rr.1to1ortho.fa.aln-cln_gene717
718	DNA	13	1944	615	1067	GTR+G	cluster1126rr.1to1ortho.fa.aln-cln_gene718
719	DNA	13	3200	1143	1453	GTR+G	cluster1953rr.1to1ortho.fa.aln-cln_gene719
720	DNA	13	1190	407	643	GTR+G	cluster4780rr.1to1ortho.fa.aln-cln_gene720
721	DNA	13	885	251	515	GTR+G	cluster2025rr.1to1ortho.fa.aln-cln_gene721
722	DNA	13	657	234	316	GTR+G	cluster3433rr.1to1ortho.fa.aln-cln_gene722
723	DNA	13	1460	511	738	GTR+G	cluster1649rr.1to1ortho.fa.aln-cln_gene723
724	DNA	13	1379	519	640	GTR+G	cluster1129rr.1to1ortho.fa.aln-cln_gene724
725	DNA	13	1878	609	1019	GTR+G	cluster3647rr.1to1ortho.fa.aln-cln_gene725
726	DNA	13	1558	539	830	GTR+G	cluster4986rr.1to1ortho.fa.aln-cln_gene726
727	DNA	13	2302	747	1216	GTR+G	cluster2532rr.1to1ortho.fa.aln-cln_gene727
728	DNA	13	1359	486	634	GTR+G	cluster4546rr.1to1ortho.fa.aln-cln_gene728
729	DNA	13	2961	1230	1245	GTR+G	cluster3694rr.1to1ortho.fa.aln-cln_gene729
730	DNA	13	1299	495	578	GTR+G	cluster996rr.1to1ortho.fa.aln-cln_gene730
731	DNA	13	1698	517	946	GTR+G	cluster662rr.1to1ortho.fa.aln-cln_gene731
732	DNA	13	1104	350	575	GTR+G	cluster762rr.1to1ortho.fa.aln-cln_gene732
733	DNA	13	1434	432	804	GTR+G	cluster2105rr.1to1ortho.fa.aln-cln_gene733
734	DNA	13	2860	1090	1246	GTR+G	cluster4794rr.1to1ortho.fa.aln-cln_gene734
735	DNA	13	1213	323	732	GTR+G	cluster2639rr.1to1ortho.fa.aln-cln_gene735
736	DNA	13	795	275	395	GTR+G	cluster2153rr.1to1ortho.fa.aln-cln_gene736
737	DNA	13	2724	857	1467	GTR+G	cluster4463rr.1to1ortho.fa.aln-cln_gene737
738	DNA	13	2149	861	873	GTR+G	cluster2002rr.1to1ortho.fa.aln-cln_gene738
739	DNA	13	800	259	424	GTR+G	cluster3835rr.1to1ortho.fa.aln-cln_gene739
740	DNA	13	1473	506	750	GTR+G	cluster3731rr.1to1ortho.fa.aln-cln_gene740
741	DNA	13	687	208	403	GTR+G	cluster4178rr.1to1ortho.fa.aln-cln_gene741
742	DNA	13	2105	908	850	GTR+G	cluster3940rr.1to1ortho.fa.aln-cln_gene742
743	DNA	13	2286	748	1089	GTR+G	cluster838rr.1to1ortho.fa.aln-cln_gene743
744	DNA	13	2422	1054	892	GTR+G	cluster3663rr.1to1ortho.fa.aln-cln_gene744
745	DNA	13	1242	418	625	GTR+G	cluster2648rr.1to1ortho.fa.aln-cln_gene745
746	DNA	13	1491	592	617	GTR+G	cluster396rr.1to1ortho.fa.aln-cln_gene746
747	DNA	13	2586	960	1029	GTR+G	cluster1625rr.1to1ortho.fa.aln-cln_gene747
748	DNA	13	1614	608	720	GTR+G	cluster2028rr.1to1ortho.fa.aln-cln_gene748
749	DNA	13	2054	604	1117	GTR+G	cluster368rr.1to1ortho.fa.aln-cln_gene749
750	DNA	13	993	303	491	GTR+G	cluster618rr.1to1ortho.fa.aln-cln_gene750
751	DNA	13	3206	1227	1252	GTR+G	cluster3437rr.1to1ortho.fa.aln-cln_gene751
752	DNA	13	1174	413	564	GTR+G	cluster3387rr.1to1ortho.fa.aln-cln_gene752
753	DNA	13	1206	452	561	GTR+G	cluster2274rr.1to1ortho.fa.aln-cln_gene753
754	DNA	13	2107	684	1154	GTR+G	cluster2203rr.1to1ortho.fa.aln-cln_gene754
755	DNA	13	2028	857	829	GTR+G	cluster4278rr.1to1ortho.fa.aln-cln_gene755
756	DNA	13	1300	432	660	GTR+G	cluster2259rr.1to1ortho.fa.aln-cln_gene756
757	DNA	13	1494	574	710	GTR+G	cluster3408rr.1to1ortho.fa.aln-cln_gene757
758	DNA	13	817	297	370	GTR+G	cluster1819rr.1to1ortho.fa.aln-cln_gene758
759	DNA	13	1796	663	813	GTR+G	cluster496rr.1to1ortho.fa.aln-cln_gene759
760	DNA	13	1923	733	879	GTR+G	cluster3367rr.1to1ortho.fa.aln-cln_gene760
761	DNA	13	723	260	353	GTR+G	cluster2591rr.1to1ortho.fa.aln-cln_gene761
762	DNA	13	1455	452	762	GTR+G	cluster3145rr.1to1ortho.fa.aln-cln_gene762
763	DNA	13	943	343	470	GTR+G	cluster2972rr.1to1ortho.fa.aln-cln_gene763
764	DNA	13	1490	507	749	GTR+G	cluster3047rr.1to1ortho.fa.aln-cln_gene764
765	DNA	13	1473	578	654	GTR+G	cluster3912rr.1to1ortho.fa.aln-cln_gene765
766	DNA	13	1314	463	681	GTR+G	cluster2825rr.1to1ortho.fa.aln-cln_gene766
767	DNA	13	1606	590	771	GTR+G	cluster1841rr.1to1ortho.fa.aln-cln_gene767
768	DNA	13	1145	456	530	GTR+G	cluster3962rr.1to1ortho.fa.aln-cln_gene768
769	DNA	13	1122	400	545	GTR+G	cluster2426rr.1to1ortho.fa.aln-cln_gene769
770	DNA	13	858	287	449	GTR+G	cluster4839rr.1to1ortho.fa.aln-cln_gene770
771	DNA	13	1245	467	593	GTR+G	cluster3190rr.1to1ortho.fa.aln-cln_gene771
772	DNA	13	1692	501	1032	GTR+G	cluster5026rr.1to1ortho.fa.aln-cln_gene772
773	DNA	13	2026	782	873	GTR+G	cluster541rr.1to1ortho.fa.aln-cln_gene773
774	DNA	13	1272	429	664	GTR+G	cluster4246rr.1to1ortho.fa.aln-cln_gene774
775	DNA	13	768	263	379	GTR+G	cluster1472rr.1to1ortho.fa.aln-cln_gene775
776	DNA	13	1706	526	923	GTR+G	cluster3918rr.1to1ortho.fa.aln-cln_gene776
777	DNA	13	1760	660	819	GTR+G	cluster2250rr.1to1ortho.fa.aln-cln_gene777
778	DNA	13	1290	472	604	GTR+G	cluster992rr.1to1ortho.fa.aln-cln_gene778
779	DNA	13	1668	603	831	GTR+G	cluster3837rr.1to1ortho.fa.aln-cln_gene779
780	DNA	13	2739	794	1628	GTR+G	cluster1673rr.1to1ortho.fa.aln-cln_gene780
781	DNA	13	486	139	286	GTR+G	cluster4018rr.1to1ortho.fa.aln-cln_gene781
782	DNA	13	2382	818	1074	GTR+G	cluster1497rr.1to1ortho.fa.aln-cln_gene782
783	DNA	13	1626	561	839	GTR+G	cluster5425rr.1to1ortho.fa.aln-cln_gene783
784	DNA	13	1103	346	604	GTR+G	cluster3646rr.1to1ortho.fa.aln-cln_gene784
785	DNA	13	2053	679	1036	GTR+G	cluster2128rr.1to1ortho.fa.aln-cln_gene785
786	DNA	13	2467	884	1266	GTR+G	cluster4162rr.1to1ortho.fa.aln-cln_gene786
787	DNA	13	2357	927	1150	GTR+G	cluster2597rr.1to1ortho.fa.aln-cln_gene787
788	DNA	13	1299	473	601	GTR+G	cluster747rr.1to1ortho.fa.aln-cln_gene788
789	DNA	13	811	246	421	GTR+G	cluster2760rr.1to1ortho.fa.aln-cln_gene789
790	DNA	13	1705	614	856	GTR+G	cluster3780rr.1to1ortho.fa.aln-cln_gene790
791	DNA	13	1496	528	766	GTR+G	cluster2035rr.1to1ortho.fa.aln-cln_gene791
792	DNA	13	1133	322	664	GTR+G	cluster2223rr.1to1ortho.fa.aln-cln_gene792
793	DNA	13	1366	481	686	GTR+G	cluster2814rr.1to1ortho.fa.aln-cln_gene793
794	DNA	13	846	273	464	GTR+G	cluster1935rr.1to1ortho.fa.aln-cln_gene794
795	DNA	13	2352	846	1160	GTR+G	cluster2264rr.1to1ortho.fa.aln-cln_gene795
796	DNA	13	2567	842	1301	GTR+G	cluster1813rr.1to1ortho.fa.aln-cln_gene796
797	DNA	13	1401	506	684	GTR+G	cluster1311rr.1to1ortho.fa.aln-cln_gene797
798	DNA	13	2034	740	952	GTR+G	cluster2235rr.1to1ortho.fa.aln-cln_gene798
799	DNA	13	690	245	347	GTR+G	cluster3309rr.1to1ortho.fa.aln-cln_gene799
800	DNA	13	609	214	309	GTR+G	cluster4248rr.1to1ortho.fa.aln-cln_gene800
801	DNA	13	1311	418	748	GTR+G	cluster902rr.1to1ortho.fa.aln-cln_gene801
802	DNA	13	1194	373	687	GTR+G	cluster2608rr.1to1ortho.fa.aln-cln_gene802
803	DNA	13	1989	775	957	GTR+G	cluster1508rr.1to1ortho.fa.aln-cln_gene803
804	DNA	13	1395	449	752	GTR+G	cluster4021rr.1to1ortho.fa.aln-cln_gene804
805	DNA	13	1258	467	591	GTR+G	cluster3790rr.1to1ortho.fa.aln-cln_gene805
806	DNA	13	1973	711	935	GTR+G	cluster5121rr.1to1ortho.fa.aln-cln_gene806
807	DNA	13	1394	498	683	GTR+G	cluster2554rr.1to1ortho.fa.aln-cln_gene807
808	DNA	13	1401	451	739	GTR+G	cluster1585rr.1to1ortho.fa.aln-cln_gene808
809	DNA	13	1406	468	648	GTR+G	cluster4148rr.1to1ortho.fa.aln-cln_gene809
810	DNA	13	1142	389	623	GTR+G	cluster2568rr.1to1ortho.fa.aln-cln_gene810
811	DNA	13	1228	423	635	GTR+G	cluster2663rr.1to1ortho.fa.aln-cln_gene811
812	DNA	13	1338	504	646	GTR+G	cluster846rr.1to1ortho.fa.aln-cln_gene812
813	DNA	13	882	320	435	GTR+G	cluster4885rr.1to1ortho.fa.aln-cln_gene813
814	DNA	13	2664	814	1479	GTR+G	cluster599rr.1to1ortho.fa.aln-cln_gene814
815	DNA	13	504	180	244	GTR+G	cluster3260rr.1to1ortho.fa.aln-cln_gene815
816	DNA	13	983	315	527	GTR+G	cluster3187rr.1to1ortho.fa.aln-cln_gene816
817	DNA	13	1038	379	490	GTR+G	cluster960rr.1to1ortho.fa.aln-cln_gene817
818	DNA	13	1276	480	573	GTR+G	cluster888rr.1to1ortho.fa.aln-cln_gene818
819	DNA	13	1485	533	698	GTR+G	cluster4566rr.1to1ortho.fa.aln-cln_gene819
820	DNA	13	1632	589	856	GTR+G	cluster4295rr.1to1ortho.fa.aln-cln_gene820
821	DNA	13	2154	704	1158	GTR+G	cluster4910rr.1to1ortho.fa.aln-cln_gene821
822	DNA	13	615	222	304	GTR+G	cluster3229rr.1to1ortho.fa.aln-cln_gene822
823	DNA	13	1352	515	593	GTR+G	cluster3797rr.1to1ortho.fa.aln-cln_gene823
824	DNA	13	1713	550	908	GTR+G	cluster1786rr.1to1ortho.fa.aln-cln_gene824
825	DNA	13	1657	583	878	GTR+G	cluster2604rr.1to1ortho.fa.aln-cln_gene825
826	DNA	13	663	205	371	GTR+G	cluster1897rr.1to1ortho.fa.aln-cln_gene826
827	DNA	13	1690	660	773	GTR+G	cluster3263rr.1to1ortho.fa.aln-cln_gene827
828	DNA	13	4586	1686	2092	GTR+G	cluster2455rr.1to1ortho.fa.aln-cln_gene828
829	DNA	13	690	220	388	GTR+G	cluster3442rr.1to1ortho.fa.aln-cln_gene829
830	DNA	13	1272	382	675	GTR+G	cluster3824rr.1to1ortho.fa.aln-cln_gene830
831	DNA	13	1800	754	717	GTR+G	cluster4737rr.1to1ortho.fa.aln-cln_gene831
832	DNA	13	1386	454	731	GTR+G	cluster2781rr.1to1ortho.fa.aln-cln_gene832
833	DNA	13	2419	785	1295	GTR+G	cluster3390rr.1to1ortho.fa.aln-cln_gene833
834	DNA	13	1523	575	720	GTR+G	cluster4500rr.1to1ortho.fa.aln-cln_gene834
835	DNA	13	1212	412	627	GTR+G	cluster2759rr.1to1ortho.fa.aln-cln_gene835
836	DNA	13	1098	379	532	GTR+G	cluster4206rr.1to1ortho.fa.aln-cln_gene836
837	DNA	13	993	370	505	GTR+G	cluster3862rr.1to1ortho.fa.aln-cln_gene837
838	DNA	13	1893	691	899	GTR+G	cluster1888rr.1to1ortho.fa.aln-cln_gene838
839	DNA	13	1388	512	637	GTR+G	cluster1406rr.1to1ortho.fa.aln-cln_gene839
840	DNA	13	7086	1858	4556	GTR+G	cluster3522rr.1to1ortho.fa.aln-cln_gene840
841	DNA	13	2197	667	1215	GTR+G	cluster4512rr.1to1ortho.fa.aln-cln_gene841
842	DNA	13	1079	353	577	GTR+G	cluster2524rr.1to1ortho.fa.aln-cln_gene842
843	DNA	13	1323	362	810	GTR+G	cluster2578rr.1to1ortho.fa.aln-cln_gene843
844	DNA	13	1231	412	607	GTR+G	cluster5570rr.1to1ortho.fa.aln-cln_gene844
845	DNA	13	722	226	415	GTR+G	cluster4287rr.1to1ortho.fa.aln-cln_gene845
846	DNA	13	750	212	454	GTR+G	cluster2290rr.1to1ortho.fa.aln-cln_gene846
847	DNA	13	3240	1135	1577	GTR+G	cluster4537rr.1to1ortho.fa.aln-cln_gene847
848	DNA	13	2184	765	1136	GTR+G	cluster4381rr.1to1ortho.fa.aln-cln_gene848
849	DNA	13	1352	541	568	GTR+G	cluster2054rr.1to1ortho.fa.aln-cln_gene849
850	DNA	13	639	218	319	GTR+G	cluster5046rr.1to1ortho.fa.aln-cln_gene850
851	DNA	13	880	294	471	GTR+G	cluster3832rr.1to1ortho.fa.aln-cln_gene851
852	DNA	13	579	180	323	GTR+G	cluster3294rr.1to1ortho.fa.aln-cln_gene852
853	DNA	13	1299	357	767	GTR+G	cluster2541rr.1to1ortho.fa.aln-cln_gene853
854	DNA	13	1248	413	659	GTR+G	cluster4882rr.1to1ortho.fa.aln-cln_gene854
855	DNA	13	1695	600	798	GTR+G	cluster2593rr.1to1ortho.fa.aln-cln_gene855
856	DNA	13	1294	453	653	GTR+G	cluster5072rr.1to1ortho.fa.aln-cln_gene856
857	DNA	13	1024	350	519	GTR+G	cluster3211rr.1to1ortho.fa.aln-cln_gene857
858	DNA	13	959	356	468	GTR+G	cluster2221rr.1to1ortho.fa.aln-cln_gene858
859	DNA	13	1914	588	1046	GTR+G	cluster1215rr.1to1ortho.fa.aln-cln_gene859
860	DNA	13	1822	691	831	GTR+G	cluster915rr.1to1ortho.fa.aln-cln_gene860
861	DNA	13	2091	672	1105	GTR+G	cluster2498rr.1to1ortho.fa.aln-cln_gene861
862	DNA	13	3535	1124	1884	GTR+G	cluster5521rr.1to1ortho.fa.aln-cln_gene862
863	DNA	13	1566	594	670	GTR+G	cluster2968rr.1to1ortho.fa.aln-cln_gene863
864	DNA	13	3318	1065	1780	GTR+G	cluster2673rr.1to1ortho.fa.aln-cln_gene864
865	DNA	13	1228	460	601	GTR+G	cluster1601rr.1to1ortho.fa.aln-cln_gene865
866	DNA	13	2859	1030	1388	GTR+G	cluster3921rr.1to1ortho.fa.aln-cln_gene866
867	DNA	13	1140	316	703	GTR+G	cluster3430rr.1to1ortho.fa.aln-cln_gene867
868	DNA	13	2190	761	1126	GTR+G	cluster4275rr.1to1ortho.fa.aln-cln_gene868
869	DNA	13	2355	786	1304	GTR+G	cluster4906rr.1to1ortho.fa.aln-cln_gene869
870	DNA	13	1161	349	696	GTR+G	cluster5086rr.1to1ortho.fa.aln-cln_gene870
871	DNA	13	4414	1543	2054	GTR+G	cluster4989rr.1to1ortho.fa.aln-cln_gene871
872	DNA	13	1458	483	770	GTR+G	cluster3274rr.1to1ortho.fa.aln-cln_gene872
873	DNA	13	1575	535	842	GTR+G	cluster1949rr.1to1ortho.fa.aln-cln_gene873
874	DNA	13	2503	902	1202	GTR+G	cluster925rr.1to1ortho.fa.aln-cln_gene874
875	DNA	13	1968	636	1098	GTR+G	cluster1201rr.1to1ortho.fa.aln-cln_gene875
876	DNA	13	3879	1450	1851	GTR+G	cluster3376rr.1to1ortho.fa.aln-cln_gene876
877	DNA	13	823	278	442	GTR+G	cluster958rr.1to1ortho.fa.aln-cln_gene877
878	DNA	13	736	194	417	GTR+G	cluster1863rr.1to1ortho.fa.aln-cln_gene878
879	DNA	13	2970	1094	1382	GTR+G	cluster1127rr.1to1ortho.fa.aln-cln_gene879
880	DNA	13	1732	717	718	GTR+G	cluster2739rr.1to1ortho.fa.aln-cln_gene880
881	DNA	13	1566	502	839	GTR+G	cluster2623rr.1to1ortho.fa.aln-cln_gene881
882	DNA	13	1263	451	647	GTR+G	cluster4517rr.1to1ortho.fa.aln-cln_gene882
883	DNA	13	746	258	380	GTR+G	cluster4229rr.1to1ortho.fa.aln-cln_gene883
884	DNA	13	2055	810	817	GTR+G	cluster2787rr.1to1ortho.fa.aln-cln_gene884
885	DNA	13	610	189	316	GTR+G	cluster1641rr.1to1ortho.fa.aln-cln_gene885
886	DNA	13	1758	674	826	GTR+G	cluster357rr.1to1ortho.fa.aln-cln_gene886
887	DNA	13	1572	529	801	GTR+G	cluster1128rr.1to1ortho.fa.aln-cln_gene887
888	DNA	13	972	320	464	GTR+G	cluster2818rr.1to1ortho.fa.aln-cln_gene888
889	DNA	13	2382	837	1172	GTR+G	cluster2273rr.1to1ortho.fa.aln-cln_gene889
890	DNA	13	1002	293	586	GTR+G	cluster4350rr.1to1ortho.fa.aln-cln_gene890
891	DNA	13	510	161	265	GTR+G	cluster2850rr.1to1ortho.fa.aln-cln_gene891
892	DNA	13	1739	631	858	GTR+G	cluster782rr.1to1ortho.fa.aln-cln_gene892
893	DNA	13	996	360	489	GTR+G	cluster4919rr.1to1ortho.fa.aln-cln_gene893
894	DNA	13	1026	295	522	GTR+G	cluster3293rr.1to1ortho.fa.aln-cln_gene894
895	DNA	13	3067	977	1650	GTR+G	cluster2291rr.1to1ortho.fa.aln-cln_gene895
896	DNA	13	1131	443	528	GTR+G	cluster1745rr.1to1ortho.fa.aln-cln_gene896
897	DNA	13	1773	741	725	GTR+G	cluster2902rr.1to1ortho.fa.aln-cln_gene897
898	DNA	13	2085	818	925	GTR+G	cluster4397rr.1to1ortho.fa.aln-cln_gene898
899	DNA	13	1476	585	635	GTR+G	cluster5527rr.1to1ortho.fa.aln-cln_gene899
900	DNA	13	1872	487	1184	GTR+G	cluster2065rr.1to1ortho.fa.aln-cln_gene900
901	DNA	13	2761	875	1569	GTR+G	cluster1039rr.1to1ortho.fa.aln-cln_gene901
902	DNA	13	1101	371	566	GTR+G	cluster2410rr.1to1ortho.fa.aln-cln_gene902
903	DNA	13	2943	1092	1400	GTR+G	cluster3199rr.1to1ortho.fa.aln-cln_gene903
904	DNA	13	1011	328	567	GTR+G	cluster3043rr.1to1ortho.fa.aln-cln_gene904
905	DNA	13	1022	321	557	GTR+G	cluster2656rr.1to1ortho.fa.aln-cln_gene905
906	DNA	13	1662	591	801	GTR+G	cluster4796rr.1to1ortho.fa.aln-cln_gene906
907	DNA	13	1068	416	485	GTR+G	cluster2312rr.1to1ortho.fa.aln-cln_gene907
908	DNA	13	3813	1221	2071	GTR+G	cluster2975rr.1to1ortho.fa.aln-cln_gene908
909	DNA	13	1357	531	612	GTR+G	cluster3786rr.1to1ortho.fa.aln-cln_gene909
910	DNA	13	2392	668	1372	GTR+G	cluster1420rr.1to1ortho.fa.aln-cln_gene910
911	DNA	13	1632	504	825	GTR+G	cluster3650rr.1to1ortho.fa.aln-cln_gene911
912	DNA	13	1131	472	459	GTR+G	cluster2281rr.1to1ortho.fa.aln-cln_gene912
913	DNA	13	2667	953	1280	GTR+G	cluster479rr.1to1ortho.fa.aln-cln_gene913
914	DNA	13	1764	622	931	GTR+G	cluster2834rr.1to1ortho.fa.aln-cln_gene914
915	DNA	13	978	315	542	GTR+G	cluster1847rr.1to1ortho.fa.aln-cln_gene915
916	DNA	13	801	294	407	GTR+G	cluster5549rr.1to1ortho.fa.aln-cln_gene916
917	DNA	13	2195	800	1023	GTR+G	cluster4868rr.1to1ortho.fa.aln-cln_gene917
918	DNA	13	1608	464	980	GTR+G	cluster3944rr.1to1ortho.fa.aln-cln_gene918
919	DNA	13	1119	435	484	GTR+G	cluster1892rr.1to1ortho.fa.aln-cln_gene919
920	DNA	13	1746	773	629	GTR+G	cluster2596rr.1to1ortho.fa.aln-cln_gene920
921	DNA	13	612	182	348	GTR+G	cluster3776rr.1to1ortho.fa.aln-cln_gene921
922	DNA	13	2400	927	1149	GTR+G	cluster3906rr.1to1ortho.fa.aln-cln_gene922
923	DNA	13	1136	389	551	GTR+G	cluster2134rr.1to1ortho.fa.aln-cln_gene923
924	DNA	13	1114	351	643	GTR+G	cluster3160rr.1to1ortho.fa.aln-cln_gene924
925	DNA	13	372	125	197	GTR+G	cluster3347rr.1to1ortho.fa.aln-cln_gene925
926	DNA	13	942	324	494	GTR+G	cluster3460rr.1to1ortho.fa.aln-cln_gene926
927	DNA	13	1350	461	686	GTR+G	cluster1288rr.1to1ortho.fa.aln-cln_gene927
928	DNA	13	2096	850	854	GTR+G	cluster3536rr.1to1ortho.fa.aln-cln_gene928
929	DNA	13	1574	492	850	GTR+G	cluster3189rr.1to1ortho.fa.aln-cln_gene929
930	DNA	13	1908	846	708	GTR+G	cluster3342rr.1to1ortho.fa.aln-cln_gene930
931	DNA	13	1974	642	907	GTR+G	cluster1413rr.1to1ortho.fa.aln-cln_gene931
932	DNA	13	729	292	334	GTR+G	cluster2583rr.1to1ortho.fa.aln-cln_gene932
933	DNA	13	1249	444	629	GTR+G	cluster4852rr.1to1ortho.fa.aln-cln_gene933
934	DNA	13	1413	446	769	GTR+G	cluster4741rr.1to1ortho.fa.aln-cln_gene934
935	DNA	13	1251	425	631	GTR+G	cluster5387rr.1to1ortho.fa.aln-cln_gene935
936	DNA	13	1106	340	646	GTR+G	cluster4218rr.1to1ortho.fa.aln-cln_gene936
937	DNA	13	2017	674	1065	GTR+G	cluster3279rr.1to1ortho.fa.aln-cln_gene937
938	DNA	13	2354	984	979	GTR+G	cluster3969rr.1to1ortho.fa.aln-cln_gene938
939	DNA	13	2094	734	1015	GTR+G	cluster3781rr.1to1ortho.fa.aln-cln_gene939
940	DNA	13	1505	579	659	GTR+G	cluster3419rr.1to1ortho.fa.aln-cln_gene940
941	DNA	13	1597	607	794	GTR+G	cluster4538rr.1to1ortho.fa.aln-cln_gene941
942	DNA	13	1464	534	730	GTR+G	cluster3325rr.1to1ortho.fa.aln-cln_gene942
943	DNA	13	1275	418	671	GTR+G	cluster5079rr.1to1ortho.fa.aln-cln_gene943
944	DNA	13	5373	1927	2155	GTR+G	cluster4159rr.1to1ortho.fa.aln-cln_gene944
945	DNA	13	2272	686	1325	GTR+G	cluster1643rr.1to1ortho.fa.aln-cln_gene945
946	DNA	13	1567	660	633	GTR+G	cluster3980rr.1to1ortho.fa.aln-cln_gene946
947	DNA	13	1926	803	805	GTR+G	cluster2769rr.1to1ortho.fa.aln-cln_gene947
948	DNA	13	1149	365	635	GTR+G	cluster1593rr.1to1ortho.fa.aln-cln_gene948
949	DNA	13	933	307	515	GTR+G	cluster2621rr.1to1ortho.fa.aln-cln_gene949
950	DNA	13	3519	1351	1635	GTR+G	cluster4200rr.1to1ortho.fa.aln-cln_gene950
951	DNA	13	1181	394	602	GTR+G	cluster776rr.1to1ortho.fa.aln-cln_gene951
952	DNA	13	1911	589	1092	GTR+G	cluster3770rr.1to1ortho.fa.aln-cln_gene952
953	DNA	13	849	285	428	GTR+G	cluster1955rr.1to1ortho.fa.aln-cln_gene953
954	DNA	13	1575	450	916	GTR+G	cluster3036rr.1to1ortho.fa.aln-cln_gene954
955	DNA	13	3237	1191	1467	GTR+G	cluster1468rr.1to1ortho.fa.aln-cln_gene955
956	DNA	13	2629	1013	1160	GTR+G	cluster5471rr.1to1ortho.fa.aln-cln_gene956
957	DNA	13	842	280	422	GTR+G	cluster4330rr.1to1ortho.fa.aln-cln_gene957
958	DNA	13	2414	836	1202	GTR+G	cluster1795rr.1to1ortho.fa.aln-cln_gene958
959	DNA	13	723	255	338	GTR+G	cluster1931rr.1to1ortho.fa.aln-cln_gene959
960	DNA	13	1877	661	920	GTR+G	cluster4265rr.1to1ortho.fa.aln-cln_gene960
961	DNA	13	1744	633	905	GTR+G	cluster3989rr.1to1ortho.fa.aln-cln_gene961
962	DNA	13	1125	363	579	GTR+G	cluster4487rr.1to1ortho.fa.aln-cln_gene962
963	DNA	13	2789	1052	1214	GTR+G	cluster3017rr.1to1ortho.fa.aln-cln_gene963
964	DNA	13	951	294	549	GTR+G	cluster2820rr.1to1ortho.fa.aln-cln_gene964
965	DNA	13	699	227	360	GTR+G	cluster899rr.1to1ortho.fa.aln-cln_gene965
966	DNA	13	1275	457	610	GTR+G	cluster2603rr.1to1ortho.fa.aln-cln_gene966
967	DNA	13	1737	558	956	GTR+G	cluster4306rr.1to1ortho.fa.aln-cln_gene967
968	DNA	13	1418	556	614	GTR+G	cluster5594rr.1to1ortho.fa.aln-cln_gene968
969	DNA	13	2798	1247	976	GTR+G	cluster4822rr.1to1ortho.fa.aln-cln_gene969
970	DNA	13	1996	724	976	GTR+G	cluster3924rr.1to1ortho.fa.aln-cln_gene970
971	DNA	13	3243	1272	1410	GTR+G	cluster4521rr.1to1ortho.fa.aln-cln_gene971
972	DNA	13	2900	1120	1224	GTR+G	cluster3300rr.1to1ortho.fa.aln-cln_gene972
973	DNA	13	2412	1036	978	GTR+G	cluster3993rr.1to1ortho.fa.aln-cln_gene973
974	DNA	13	756	262	423	GTR+G	cluster2600rr.1to1ortho.fa.aln-cln_gene974
975	DNA	13	1280	502	559	GTR+G	cluster1556rr.1to1ortho.fa.aln-cln_gene975
976	DNA	13	1869	692	891	GTR+G	cluster4304rr.1to1ortho.fa.aln-cln_gene976
977	DNA	13	2182	756	1054	GTR+G	cluster3173rr.1to1ortho.fa.aln-cln_gene977
978	DNA	13	1356	425	768	GTR+G	cluster3651rr.1to1ortho.fa.aln-cln_gene978
979	DNA	13	928	346	453	GTR+G	cluster4971rr.1to1ortho.fa.aln-cln_gene979
980	DNA	13	1477	630	636	GTR+G	cluster2165rr.1to1ortho.fa.aln-cln_gene980
981	DNA	13	1257	441	646	GTR+G	cluster4343rr.1to1ortho.fa.aln-cln_gene981
982	DNA	13	699	206	405	GTR+G	cluster2515rr.1to1ortho.fa.aln-cln_gene982
983	DNA	13	1375	546	567	GTR+G	cluster3130rr.1to1ortho.fa.aln-cln_gene983
984	DNA	13	3646	1308	1614	GTR+G	cluster560rr.1to1ortho.fa.aln-cln_gene984
985	DNA	13	1455	499	715	GTR+G	cluster1647rr.1to1ortho.fa.aln-cln_gene985
986	DNA	13	2397	850	1178	GTR+G	cluster3236rr.1to1ortho.fa.aln-cln_gene986
987	DNA	13	1050	346	570	GTR+G	cluster3401rr.1to1ortho.fa.aln-cln_gene987
988	DNA	13	3165	1174	1507	GTR+G	cluster2540rr.1to1ortho.fa.aln-cln_gene988
989	DNA	13	981	346	454	GTR+G	cluster2836rr.1to1ortho.fa.aln-cln_gene989
990	DNA	13	3198	888	1932	GTR+G	cluster3061rr.1to1ortho.fa.aln-cln_gene990
991	DNA	13	1527	486	846	GTR+G	cluster2886rr.1to1ortho.fa.aln-cln_gene991
992	DNA	13	2271	824	1057	GTR+G	cluster1341rr.1to1ortho.fa.aln-cln_gene992
993	DNA	13	1353	524	570	GTR+G	cluster4184rr.1to1ortho.fa.aln-cln_gene993
994	DNA	13	1657	627	756	GTR+G	cluster4251rr.1to1ortho.fa.aln-cln_gene994
995	DNA	13	1646	444	935	GTR+G	cluster1777rr.1to1ortho.fa.aln-cln_gene995
996	DNA	13	2054	724	1008	GTR+G	cluster3005rr.1to1ortho.fa.aln-cln_gene996
997	DNA	13	1155	401	578	GTR+G	cluster2438rr.1to1ortho.fa.aln-cln_gene997
998	DNA	13	1452	480	785	GTR+G	cluster5357rr.1to1ortho.fa.aln-cln_gene998
999	DNA	13	1602	618	678	GTR+G	cluster1787rr.1to1ortho.fa.aln-cln_gene999
1000	DNA	13	1546	487	822	GTR+G	cluster2490rr.1to1ortho.fa.aln-cln_gene1000
1001	DNA	13	861	289	447	GTR+G	cluster4011rr.1to1ortho.fa.aln-cln_gene1001
1002	DNA	13	1151	394	596	GTR+G	cluster5091rr.1to1ortho.fa.aln-cln_gene1002
1003	DNA	13	2970	910	1648	GTR+G	cluster2900rr.1to1ortho.fa.aln-cln_gene1003
1004	DNA	13	3657	1561	1529	GTR+G	cluster5480rr.1to1ortho.fa.aln-cln_gene1004
1005	DNA	13	1633	554	838	GTR+G	cluster4511rr.1to1ortho.fa.aln-cln_gene1005
1006	DNA	13	1209	422	575	GTR+G	cluster4736rr.1to1ortho.fa.aln-cln_gene1006
1007	DNA	13	1566	494	880	GTR+G	cluster2041rr.1to1ortho.fa.aln-cln_gene1007
1008	DNA	13	1859	726	804	GTR+G	cluster2402rr.1to1ortho.fa.aln-cln_gene1008
1009	DNA	13	1036	347	523	GTR+G	cluster1219rr.1to1ortho.fa.aln-cln_gene1009
1010	DNA	13	1492	515	733	GTR+G	cluster4575rr.1to1ortho.fa.aln-cln_gene1010
1011	DNA	13	1540	521	724	GTR+G	cluster5359rr.1to1ortho.fa.aln-cln_gene1011
1012	DNA	13	705	242	344	GTR+G	cluster3955rr.1to1ortho.fa.aln-cln_gene1012
1013	DNA	13	2529	824	1334	GTR+G	cluster5300rr.1to1ortho.fa.aln-cln_gene1013
1014	DNA	13	2581	834	1256	GTR+G	cluster739rr.1to1ortho.fa.aln-cln_gene1014
1015	DNA	13	1451	572	609	GTR+G	cluster5410rr.1to1ortho.fa.aln-cln_gene1015
1016	DNA	13	471	140	256	GTR+G	cluster3948rr.1to1ortho.fa.aln-cln_gene1016
1017	DNA	13	1038	342	518	GTR+G	cluster646rr.1to1ortho.fa.aln-cln_gene1017
1018	DNA	13	595	166	325	GTR+G	cluster3034rr.1to1ortho.fa.aln-cln_gene1018
1019	DNA	13	2251	781	1076	GTR+G	cluster505rr.1to1ortho.fa.aln-cln_gene1019
1020	DNA	13	2430	806	1232	GTR+G	cluster1826rr.1to1ortho.fa.aln-cln_gene1020
1021	DNA	13	1770	615	867	GTR+G	cluster3400rr.1to1ortho.fa.aln-cln_gene1021
1022	DNA	13	720	254	348	GTR+G	cluster2935rr.1to1ortho.fa.aln-cln_gene1022
1023	DNA	13	932	345	457	GTR+G	cluster4554rr.1to1ortho.fa.aln-cln_gene1023
1024	DNA	13	993	372	479	GTR+G	cluster1880rr.1to1ortho.fa.aln-cln_gene1024
1025	DNA	13	2493	761	1365	GTR+G	cluster1414rr.1to1ortho.fa.aln-cln_gene1025
1026	DNA	13	792	286	397	GTR+G	cluster2119rr.1to1ortho.fa.aln-cln_gene1026
1027	DNA	13	777	284	376	GTR+G	cluster2052rr.1to1ortho.fa.aln-cln_gene1027
1028	DNA	13	2934	1148	1182	GTR+G	cluster2443rr.1to1ortho.fa.aln-cln_gene1028
1029	DNA	13	2448	795	1375	GTR+G	cluster1466rr.1to1ortho.fa.aln-cln_gene1029
1030	DNA	13	1152	431	529	GTR+G	cluster3028rr.1to1ortho.fa.aln-cln_gene1030
1031	DNA	13	1892	806	752	GTR+G	cluster3889rr.1to1ortho.fa.aln-cln_gene1031
1032	DNA	13	1368	420	813	GTR+G	cluster2511rr.1to1ortho.fa.aln-cln_gene1032
1033	DNA	13	1730	622	797	GTR+G	cluster1512rr.1to1ortho.fa.aln-cln_gene1033
1034	DNA	13	879	290	465	GTR+G	cluster1929rr.1to1ortho.fa.aln-cln_gene1034
1035	DNA	13	1242	500	567	GTR+G	cluster4375rr.1to1ortho.fa.aln-cln_gene1035
1036	DNA	13	1794	634	922	GTR+G	cluster2010rr.1to1ortho.fa.aln-cln_gene1036
1037	DNA	13	1805	680	871	GTR+G	cluster1371rr.1to1ortho.fa.aln-cln_gene1037
1038	DNA	13	1332	455	695	GTR+G	cluster4981rr.1to1ortho.fa.aln-cln_gene1038
1039	DNA	13	3858	1205	2050	GTR+G	cluster4871rr.1to1ortho.fa.aln-cln_gene1039
1040	DNA	13	1047	347	551	GTR+G	cluster1898rr.1to1ortho.fa.aln-cln_gene1040
1041	DNA	13	920	320	495	GTR+G	cluster2519rr.1to1ortho.fa.aln-cln_gene1041
1042	DNA	13	1248	403	660	GTR+G	cluster2522rr.1to1ortho.fa.aln-cln_gene1042
1043	DNA	13	816	316	388	GTR+G	cluster2947rr.1to1ortho.fa.aln-cln_gene1043
1044	DNA	13	1669	703	676	GTR+G	cluster2506rr.1to1ortho.fa.aln-cln_gene1044
1045	DNA	13	1125	391	583	GTR+G	cluster5378rr.1to1ortho.fa.aln-cln_gene1045
1046	DNA	13	1022	320	576	GTR+G	cluster3674rr.1to1ortho.fa.aln-cln_gene1046
1047	DNA	13	1998	732	988	GTR+G	cluster1097rr.1to1ortho.fa.aln-cln_gene1047
1048	DNA	13	762	237	404	GTR+G	cluster2390rr.1to1ortho.fa.aln-cln_gene1048
1049	DNA	13	1714	501	923	GTR+G	cluster3035rr.1to1ortho.fa.aln-cln_gene1049
1050	DNA	13	1113	340	600	GTR+G	cluster2647rr.1to1ortho.fa.aln-cln_gene1050
1051	DNA	13	798	337	343	GTR+G	cluster4548rr.1to1ortho.fa.aln-cln_gene1051
1052	DNA	13	1683	607	854	GTR+G	cluster1485rr.1to1ortho.fa.aln-cln_gene1052
1053	DNA	13	1717	629	814	GTR+G	cluster2106rr.1to1ortho.fa.aln-cln_gene1053
1054	DNA	13	624	166	398	GTR+G	cluster3816rr.1to1ortho.fa.aln-cln_gene1054
1055	DNA	13	327	101	190	GTR+G	cluster3000rr.1to1ortho.fa.aln-cln_gene1055
1056	DNA	13	759	291	347	GTR+G	cluster3836rr.1to1ortho.fa.aln-cln_gene1056
1057	DNA	13	666	212	368	GTR+G	cluster1567rr.1to1ortho.fa.aln-cln_gene1057
1058	DNA	13	1615	594	765	GTR+G	cluster3361rr.1to1ortho.fa.aln-cln_gene1058
1059	DNA	13	2124	618	1102	GTR+G	cluster722rr.1to1ortho.fa.aln-cln_gene1059
1060	DNA	13	1865	687	961	GTR+G	cluster2538rr.1to1ortho.fa.aln-cln_gene1060
1061	DNA	13	2274	767	1195	GTR+G	cluster2894rr.1to1ortho.fa.aln-cln_gene1061
1062	DNA	13	1675	634	778	GTR+G	cluster2607rr.1to1ortho.fa.aln-cln_gene1062
1063	DNA	13	2511	1008	1132	GTR+G	cluster4048rr.1to1ortho.fa.aln-cln_gene1063
1064	DNA	13	905	347	391	GTR+G	cluster5528rr.1to1ortho.fa.aln-cln_gene1064
1065	DNA	13	14038	4202	6830	GTR+G	cluster5327rr.1to1ortho.fa.aln-cln_gene1065
1066	DNA	13	1911	565	1141	GTR+G	cluster3852rr.1to1ortho.fa.aln-cln_gene1066
1067	DNA	13	1225	447	572	GTR+G	cluster4886rr.1to1ortho.fa.aln-cln_gene1067
1068	DNA	13	769	262	389	GTR+G	cluster3848rr.1to1ortho.fa.aln-cln_gene1068
1069	DNA	13	1579	543	771	GTR+G	cluster1918rr.1to1ortho.fa.aln-cln_gene1069
1070	DNA	13	1473	469	801	GTR+G	cluster2090rr.1to1ortho.fa.aln-cln_gene1070
1071	DNA	13	1596	636	731	GTR+G	cluster4915rr.1to1ortho.fa.aln-cln_gene1071
1072	DNA	13	1197	427	563	GTR+G	cluster2819rr.1to1ortho.fa.aln-cln_gene1072
1073	DNA	13	1511	471	840	GTR+G	cluster3541rr.1to1ortho.fa.aln-cln_gene1073
1074	DNA	13	1791	651	803	GTR+G	cluster3851rr.1to1ortho.fa.aln-cln_gene1074
1075	DNA	13	1634	552	847	GTR+G	cluster3285rr.1to1ortho.fa.aln-cln_gene1075
1076	DNA	13	678	247	334	GTR+G	cluster4489rr.1to1ortho.fa.aln-cln_gene1076
1077	DNA	13	3057	1269	1217	GTR+G	cluster3681rr.1to1ortho.fa.aln-cln_gene1077
1078	DNA	13	1577	558	793	GTR+G	cluster3136rr.1to1ortho.fa.aln-cln_gene1078
1079	DNA	13	2462	925	1106	GTR+G	cluster2245rr.1to1ortho.fa.aln-cln_gene1079
1080	DNA	13	2046	701	1061	GTR+G	cluster4921rr.1to1ortho.fa.aln-cln_gene1080
1081	DNA	13	1056	373	500	GTR+G	cluster4041rr.1to1ortho.fa.aln-cln_gene1081
1082	DNA	13	2148	637	1265	GTR+G	cluster4830rr.1to1ortho.fa.aln-cln_gene1082
1083	DNA	13	923	352	445	GTR+G	cluster1580rr.1to1ortho.fa.aln-cln_gene1083
1084	DNA	13	1024	337	538	GTR+G	cluster1498rr.1to1ortho.fa.aln-cln_gene1084
1085	DNA	13	1572	551	817	GTR+G	cluster5095rr.1to1ortho.fa.aln-cln_gene1085
1086	DNA	13	1589	552	847	GTR+G	cluster2974rr.1to1ortho.fa.aln-cln_gene1086
1087	DNA	13	854	297	404	GTR+G	cluster3053rr.1to1ortho.fa.aln-cln_gene1087
1088	DNA	13	1413	517	687	GTR+G	cluster1878rr.1to1ortho.fa.aln-cln_gene1088
1089	DNA	13	1077	425	458	GTR+G	cluster139rr.1to1ortho.fa.aln-cln_gene1089
1090	DNA	13	2157	777	1080	GTR+G	cluster3058rr.1to1ortho.fa.aln-cln_gene1090
1091	DNA	13	1449	637	584	GTR+G	cluster2821rr.1to1ortho.fa.aln-cln_gene1091
1092	DNA	13	972	353	469	GTR+G	cluster4454rr.1to1ortho.fa.aln-cln_gene1092
1093	DNA	13	851	335	388	GTR+G	cluster4384rr.1to1ortho.fa.aln-cln_gene1093
1094	DNA	13	2150	792	1013	GTR+G	cluster4383rr.1to1ortho.fa.aln-cln_gene1094
1095	DNA	13	1818	629	811	GTR+G	cluster1932rr.1to1ortho.fa.aln-cln_gene1095
1096	DNA	13	1926	837	808	GTR+G	cluster4226rr.1to1ortho.fa.aln-cln_gene1096
1097	DNA	13	2064	841	852	GTR+G	cluster3942rr.1to1ortho.fa.aln-cln_gene1097
1098	DNA	13	2202	711	1177	GTR+G	cluster3307rr.1to1ortho.fa.aln-cln_gene1098
1099	DNA	13	825	282	457	GTR+G	cluster1881rr.1to1ortho.fa.aln-cln_gene1099
1100	DNA	13	1710	636	822	GTR+G	cluster1517rr.1to1ortho.fa.aln-cln_gene1100
1101	DNA	13	2449	955	1018	GTR+G	cluster4368rr.1to1ortho.fa.aln-cln_gene1101
1102	DNA	13	1173	385	588	GTR+G	cluster1015rr.1to1ortho.fa.aln-cln_gene1102
1103	DNA	13	1408	430	706	GTR+G	cluster364rr.1to1ortho.fa.aln-cln_gene1103
1104	DNA	13	2167	801	1112	GTR+G	cluster3699rr.1to1ortho.fa.aln-cln_gene1104
1105	DNA	13	1710	595	896	GTR+G	cluster4481rr.1to1ortho.fa.aln-cln_gene1105
1106	DNA	13	807	293	391	GTR+G	cluster2545rr.1to1ortho.fa.aln-cln_gene1106
1107	DNA	13	1152	410	568	GTR+G	cluster4475rr.1to1ortho.fa.aln-cln_gene1107
1108	DNA	13	2154	766	1089	GTR+G	cluster5417rr.1to1ortho.fa.aln-cln_gene1108
1109	DNA	13	1583	630	731	GTR+G	cluster4945rr.1to1ortho.fa.aln-cln_gene1109
1110	DNA	13	1602	569	812	GTR+G	cluster2237rr.1to1ortho.fa.aln-cln_gene1110
1111	DNA	13	2042	749	938	GTR+G	cluster3039rr.1to1ortho.fa.aln-cln_gene1111
1112	DNA	13	1242	415	686	GTR+G	cluster5035rr.1to1ortho.fa.aln-cln_gene1112
1113	DNA	13	390	134	207	GTR+G	cluster3682rr.1to1ortho.fa.aln-cln_gene1113
1114	DNA	13	1961	742	854	GTR+G	cluster3517rr.1to1ortho.fa.aln-cln_gene1114
1115	DNA	13	1309	485	650	GTR+G	cluster3207rr.1to1ortho.fa.aln-cln_gene1115
1116	DNA	13	813	260	428	GTR+G	cluster2086rr.1to1ortho.fa.aln-cln_gene1116
1117	DNA	13	345	99	216	GTR+G	cluster5375rr.1to1ortho.fa.aln-cln_gene1117
1118	DNA	13	4164	1414	2064	GTR+G	cluster1940rr.1to1ortho.fa.aln-cln_gene1118
1119	DNA	13	1032	343	567	GTR+G	cluster2242rr.1to1ortho.fa.aln-cln_gene1119
1120	DNA	13	621	177	375	GTR+G	cluster1671rr.1to1ortho.fa.aln-cln_gene1120
1121	DNA	13	1710	610	887	GTR+G	cluster3820rr.1to1ortho.fa.aln-cln_gene1121
1122	DNA	13	2529	1050	1053	GTR+G	cluster5547rr.1to1ortho.fa.aln-cln_gene1122
1123	DNA	13	1294	508	638	GTR+G	cluster3426rr.1to1ortho.fa.aln-cln_gene1123
1124	DNA	13	1543	585	776	GTR+G	cluster2499rr.1to1ortho.fa.aln-cln_gene1124
1125	DNA	13	1155	368	626	GTR+G	cluster4038rr.1to1ortho.fa.aln-cln_gene1125
1126	DNA	13	1728	564	890	GTR+G	cluster1653rr.1to1ortho.fa.aln-cln_gene1126
1127	DNA	13	2841	1107	1153	GTR+G	cluster2556rr.1to1ortho.fa.aln-cln_gene1127
1128	DNA	13	1686	572	885	GTR+G	cluster1349rr.1to1ortho.fa.aln-cln_gene1128
1129	DNA	13	1004	282	578	GTR+G	cluster2798rr.1to1ortho.fa.aln-cln_gene1129
1130	DNA	13	1121	398	540	GTR+G	cluster637rr.1to1ortho.fa.aln-cln_gene1130
1131	DNA	13	1791	770	744	GTR+G	cluster2484rr.1to1ortho.fa.aln-cln_gene1131
1132	DNA	13	1185	440	587	GTR+G	cluster3259rr.1to1ortho.fa.aln-cln_gene1132
1133	DNA	13	786	258	416	GTR+G	cluster3358rr.1to1ortho.fa.aln-cln_gene1133
1134	DNA	13	2208	650	1306	GTR+G	cluster3976rr.1to1ortho.fa.aln-cln_gene1134
1135	DNA	13	903	300	460	GTR+G	cluster2743rr.1to1ortho.fa.aln-cln_gene1135
1136	DNA	13	4007	1554	1835	GTR+G	cluster1119rr.1to1ortho.fa.aln-cln_gene1136
1137	DNA	13	978	340	507	GTR+G	cluster3883rr.1to1ortho.fa.aln-cln_gene1137
1138	DNA	13	1419	526	650	GTR+G	cluster4560rr.1to1ortho.fa.aln-cln_gene1138
1139	DNA	13	2256	823	1090	GTR+G	cluster277rr.1to1ortho.fa.aln-cln_gene1139
1140	DNA	13	1761	614	813	GTR+G	cluster2463rr.1to1ortho.fa.aln-cln_gene1140
1141	DNA	13	2145	820	931	GTR+G	cluster3480rr.1to1ortho.fa.aln-cln_gene1141
1142	DNA	13	1491	560	736	GTR+G	cluster4483rr.1to1ortho.fa.aln-cln_gene1142
1143	DNA	13	2820	936	1374	GTR+G	cluster934rr.1to1ortho.fa.aln-cln_gene1143
1144	DNA	13	1674	481	925	GTR+G	cluster1338rr.1to1ortho.fa.aln-cln_gene1144
1145	DNA	13	1390	542	569	GTR+G	cluster2418rr.1to1ortho.fa.aln-cln_gene1145
1146	DNA	13	2160	799	1099	GTR+G	cluster2030rr.1to1ortho.fa.aln-cln_gene1146
1147	DNA	13	1072	352	548	GTR+G	cluster2601rr.1to1ortho.fa.aln-cln_gene1147
1148	DNA	13	1050	400	492	GTR+G	cluster3227rr.1to1ortho.fa.aln-cln_gene1148
1149	DNA	13	1185	382	638	GTR+G	cluster1134rr.1to1ortho.fa.aln-cln_gene1149
1150	DNA	13	981	359	459	GTR+G	cluster686rr.1to1ortho.fa.aln-cln_gene1150
1151	DNA	13	1440	506	699	GTR+G	cluster583rr.1to1ortho.fa.aln-cln_gene1151
1152	DNA	13	1294	428	624	GTR+G	cluster2056rr.1to1ortho.fa.aln-cln_gene1152
1153	DNA	13	2544	1072	929	GTR+G	cluster3222rr.1to1ortho.fa.aln-cln_gene1153
1154	DNA	13	2964	1114	1394	GTR+G	cluster4918rr.1to1ortho.fa.aln-cln_gene1154
1155	DNA	13	1280	429	658	GTR+G	cluster2843rr.1to1ortho.fa.aln-cln_gene1155
1156	DNA	13	5721	1902	2876	GTR+G	cluster3264rr.1to1ortho.fa.aln-cln_gene1156
1157	DNA	13	994	341	515	GTR+G	cluster2855rr.1to1ortho.fa.aln-cln_gene1157
1158	DNA	13	646	199	365	GTR+G	cluster2283rr.1to1ortho.fa.aln-cln_gene1158
1159	DNA	13	3603	1235	1729	GTR+G	cluster4774rr.1to1ortho.fa.aln-cln_gene1159
1160	DNA	13	1645	563	849	GTR+G	cluster1482rr.1to1ortho.fa.aln-cln_gene1160
1161	DNA	13	1893	744	812	GTR+G	cluster4576rr.1to1ortho.fa.aln-cln_gene1161
1162	DNA	13	1155	406	553	GTR+G	cluster4776rr.1to1ortho.fa.aln-cln_gene1162
1163	DNA	13	1659	552	898	GTR+G	cluster3669rr.1to1ortho.fa.aln-cln_gene1163
1164	DNA	13	2493	971	972	GTR+G	cluster4433rr.1to1ortho.fa.aln-cln_gene1164
1165	DNA	13	1638	517	827	GTR+G	cluster213rr.1to1ortho.fa.aln-cln_gene1165
1166	DNA	13	1158	370	595	GTR+G	cluster2891rr.1to1ortho.fa.aln-cln_gene1166
1167	DNA	13	1078	358	556	GTR+G	cluster3730rr.1to1ortho.fa.aln-cln_gene1167
1168	DNA	13	591	231	290	GTR+G	cluster3055rr.1to1ortho.fa.aln-cln_gene1168
1169	DNA	13	2100	708	1144	GTR+G	cluster4029rr.1to1ortho.fa.aln-cln_gene1169
1170	DNA	13	1734	621	880	GTR+G	cluster4988rr.1to1ortho.fa.aln-cln_gene1170
1171	DNA	13	1188	381	655	GTR+G	cluster1834rr.1to1ortho.fa.aln-cln_gene1171
1172	DNA	13	396	134	240	GTR+G	cluster4010rr.1to1ortho.fa.aln-cln_gene1172
1173	DNA	13	1446	602	605	GTR+G	cluster4773rr.1to1ortho.fa.aln-cln_gene1173
1174	DNA	13	1611	548	841	GTR+G	cluster3349rr.1to1ortho.fa.aln-cln_gene1174
1175	DNA	13	3025	1001	1615	GTR+G	cluster2830rr.1to1ortho.fa.aln-cln_gene1175
1176	DNA	13	2026	731	985	GTR+G	cluster5382rr.1to1ortho.fa.aln-cln_gene1176
1177	DNA	13	795	307	375	GTR+G	cluster4824rr.1to1ortho.fa.aln-cln_gene1177
1178	DNA	13	1074	330	606	GTR+G	cluster1277rr.1to1ortho.fa.aln-cln_gene1178
1179	DNA	13	1236	467	618	GTR+G	cluster4461rr.1to1ortho.fa.aln-cln_gene1179
1180	DNA	13	1164	448	549	GTR+G	cluster1124rr.1to1ortho.fa.aln-cln_gene1180
1181	DNA	13	1257	477	563	GTR+G	cluster3357rr.1to1ortho.fa.aln-cln_gene1181
1182	DNA	13	2656	967	1240	GTR+G	cluster4301rr.1to1ortho.fa.aln-cln_gene1182
1183	DNA	13	783	252	456	GTR+G	cluster3306rr.1to1ortho.fa.aln-cln_gene1183
1184	DNA	13	1648	640	742	GTR+G	cluster3845rr.1to1ortho.fa.aln-cln_gene1184
1185	DNA	13	3040	1171	1360	GTR+G	cluster1361rr.1to1ortho.fa.aln-cln_gene1185
1186	DNA	13	1277	505	579	GTR+G	cluster5592rr.1to1ortho.fa.aln-cln_gene1186
1187	DNA	13	1281	420	662	GTR+G	cluster2486rr.1to1ortho.fa.aln-cln_gene1187
1188	DNA	13	4934	1590	2432	GTR+G	cluster2776rr.1to1ortho.fa.aln-cln_gene1188
1189	DNA	13	1418	494	695	GTR+G	cluster2377rr.1to1ortho.fa.aln-cln_gene1189
1190	DNA	13	2350	913	1090	GTR+G	cluster2879rr.1to1ortho.fa.aln-cln_gene1190
1191	DNA	13	1213	518	478	GTR+G	cluster2427rr.1to1ortho.fa.aln-cln_gene1191
1192	DNA	13	1799	703	785	GTR+G	cluster1275rr.1to1ortho.fa.aln-cln_gene1192
1193	DNA	13	678	220	358	GTR+G	cluster3487rr.1to1ortho.fa.aln-cln_gene1193
1194	DNA	13	1243	453	622	GTR+G	cluster1962rr.1to1ortho.fa.aln-cln_gene1194
1195	DNA	13	3072	1016	1617	GTR+G	cluster5011rr.1to1ortho.fa.aln-cln_gene1195
1196	DNA	13	1974	800	873	GTR+G	cluster4563rr.1to1ortho.fa.aln-cln_gene1196
1197	DNA	13	1382	457	767	GTR+G	cluster936rr.1to1ortho.fa.aln-cln_gene1197
1198	DNA	13	2130	725	1047	GTR+G	cluster1133rr.1to1ortho.fa.aln-cln_gene1198
1199	DNA	13	846	271	426	GTR+G	cluster3547rr.1to1ortho.fa.aln-cln_gene1199
1200	DNA	13	1257	475	581	GTR+G	cluster2375rr.1to1ortho.fa.aln-cln_gene1200
1201	DNA	13	1368	445	766	GTR+G	cluster2044rr.1to1ortho.fa.aln-cln_gene1201
1202	DNA	13	2027	658	1062	GTR+G	cluster1309rr.1to1ortho.fa.aln-cln_gene1202
1203	DNA	13	1662	527	859	GTR+G	cluster1661rr.1to1ortho.fa.aln-cln_gene1203
1204	DNA	13	1433	510	734	GTR+G	cluster4186rr.1to1ortho.fa.aln-cln_gene1204
1205	DNA	13	2150	833	928	GTR+G	cluster4998rr.1to1ortho.fa.aln-cln_gene1205
1206	DNA	13	1914	641	926	GTR+G	cluster2298rr.1to1ortho.fa.aln-cln_gene1206
1207	DNA	13	2489	765	1319	GTR+G	cluster3922rr.1to1ortho.fa.aln-cln_gene1207
1208	DNA	13	1605	589	732	GTR+G	cluster1222rr.1to1ortho.fa.aln-cln_gene1208
1209	DNA	13	672	260	309	GTR+G	cluster3200rr.1to1ortho.fa.aln-cln_gene1209
1210	DNA	13	454	156	225	GTR+G	cluster4189rr.1to1ortho.fa.aln-cln_gene1210
1211	DNA	13	882	335	443	GTR+G	cluster2791rr.1to1ortho.fa.aln-cln_gene1211
1212	DNA	13	1220	405	603	GTR+G	cluster1630rr.1to1ortho.fa.aln-cln_gene1212
1213	DNA	13	1602	486	924	GTR+G	cluster5580rr.1to1ortho.fa.aln-cln_gene1213
1214	DNA	13	3444	1273	1577	GTR+G	cluster2927rr.1to1ortho.fa.aln-cln_gene1214
1215	DNA	13	759	295	353	GTR+G	cluster4541rr.1to1ortho.fa.aln-cln_gene1215
1216	DNA	13	1878	698	845	GTR+G	cluster1353rr.1to1ortho.fa.aln-cln_gene1216
1217	DNA	13	1061	441	419	GTR+G	cluster3494rr.1to1ortho.fa.aln-cln_gene1217
1218	DNA	13	1029	331	594	GTR+G	cluster4507rr.1to1ortho.fa.aln-cln_gene1218
1219	DNA	13	2394	984	954	GTR+G	cluster3859rr.1to1ortho.fa.aln-cln_gene1219
1220	DNA	13	2274	817	1075	GTR+G	cluster1506rr.1to1ortho.fa.aln-cln_gene1220
1221	DNA	13	1278	384	698	GTR+G	cluster2537rr.1to1ortho.fa.aln-cln_gene1221
1222	DNA	13	1179	420	539	GTR+G	cluster1343rr.1to1ortho.fa.aln-cln_gene1222
1223	DNA	13	675	208	389	GTR+G	cluster4559rr.1to1ortho.fa.aln-cln_gene1223
1224	DNA	13	2602	896	1175	GTR+G	cluster3864rr.1to1ortho.fa.aln-cln_gene1224
1225	DNA	13	2217	832	1062	GTR+G	cluster2504rr.1to1ortho.fa.aln-cln_gene1225
1226	DNA	13	2750	920	1409	GTR+G	cluster1640rr.1to1ortho.fa.aln-cln_gene1226
1227	DNA	13	774	239	435	GTR+G	cluster4592rr.1to1ortho.fa.aln-cln_gene1227
1228	DNA	13	1457	573	707	GTR+G	cluster4236rr.1to1ortho.fa.aln-cln_gene1228
1229	DNA	13	474	126	301	GTR+G	cluster3992rr.1to1ortho.fa.aln-cln_gene1229
1230	DNA	13	4046	1329	2240	GTR+G	cluster4467rr.1to1ortho.fa.aln-cln_gene1230
1231	DNA	13	1300	433	670	GTR+G	cluster1034rr.1to1ortho.fa.aln-cln_gene1231
1232	DNA	13	758	275	363	GTR+G	cluster1577rr.1to1ortho.fa.aln-cln_gene1232
1233	DNA	13	2313	730	1323	GTR+G	cluster2887rr.1to1ortho.fa.aln-cln_gene1233
1234	DNA	13	3277	1239	1460	GTR+G	cluster5634rr.1to1ortho.fa.aln-cln_gene1234
1235	DNA	13	2169	713	1126	GTR+G	cluster1541rr.1to1ortho.fa.aln-cln_gene1235
1236	DNA	13	1428	372	923	GTR+G	cluster132rr.1to1ortho.fa.aln-cln_gene1236
1237	DNA	13	1050	390	493	GTR+G	cluster4338rr.1to1ortho.fa.aln-cln_gene1237
Degree of missing data: 0.000
Info: multi-threading strategy over partitions

Reading input tree file RAxML_bestTree.JustML ... rooted tree converted to unrooted tree

NOTE: 1671 MB RAM (1 GB) is required!
Estimate model parameters (epsilon = 0.100)
Initial log-likelihood: -13776107.095
Current log-likelihood at step 1: -13308951.944
Current log-likelihood at step 2: -13305263.180
Current log-likelihood at step 3: -13305059.965
Current log-likelihood at step 4: -13305058.587
Current log-likelihood at step 5: -13305057.862
Current log-likelihood at step 6: -13305057.507
Current log-likelihood at step 7: -13305057.216
Current log-likelihood at step 8: -13305056.993
Current log-likelihood at step 9: -13305056.787
Current log-likelihood at step 10: -13305056.611
Current log-likelihood at step 11: -13305056.451
Current log-likelihood at step 12: -13305056.299
Current log-likelihood at step 13: -13305056.160
Current log-likelihood at step 14: -13305056.038
Current log-likelihood at step 15: -13305055.924
Current log-likelihood at step 16: -13305055.820
Current log-likelihood at step 17: -13305055.731
Parameters optimization took 16 rounds (64.240 sec)

--------------------------------------------------------------------
|             INITIALIZING CANDIDATE TREE SET                      |
--------------------------------------------------------------------

Do NNI search on 1 best initial trees
Finish initializing candidate tree set (1)
Current best tree score: -13305055.731 / CPU time: 7.138
Number of iterations: 1
--------------------------------------------------------------------
|               OPTIMIZING CANDIDATE TREE SET                      |
--------------------------------------------------------------------
Iteration 10 / LogL: -13305104.624 / Time: 0h:5m:28s
UPDATE BEST LOG-LIKELIHOOD: -13305055.731
Iteration 20 / LogL: -13305064.460 / Time: 0h:9m:53s
Iteration 30 / LogL: -13305061.193 / Time: 0h:14m:40s (0h:35m:21s left)
Iteration 40 / LogL: -13305056.871 / Time: 0h:20m:34s (0h:31m:36s left)
Iteration 50 / LogL: -13305057.540 / Time: 0h:26m:17s (0h:26m:47s left)
Iteration 60 / LogL: -13305060.267 / Time: 0h:31m:36s (0h:21m:23s left)
Iteration 70 / LogL: -13305125.261 / Time: 0h:37m:5s (0h:16m:6s left)
Iteration 80 / LogL: -13305059.308 / Time: 0h:42m:7s (0h:10m:39s left)
Iteration 90 / LogL: -13305117.208 / Time: 0h:46m:7s (0h:5m:10s left)
Iteration 100 / LogL: -13305055.933 / Time: 0h:50m:39s (0h:0m:0s left)
TREE SEARCH COMPLETED AFTER 101 ITERATIONS / Time: 0h:51m:5s

--------------------------------------------------------------------
|                    FINALIZING TREE SEARCH                        |
--------------------------------------------------------------------
Performs final model parameters optimization
Estimate model parameters (epsilon = 0.010)
Initial log-likelihood: -13305055.731
Current log-likelihood at step 1: -13305055.651
Current log-likelihood at step 2: -13305055.579
Current log-likelihood at step 3: -13305055.517
Current log-likelihood at step 4: -13305055.462
Current log-likelihood at step 5: -13305055.412
Current log-likelihood at step 6: -13305055.369
Current log-likelihood at step 7: -13305055.327
Current log-likelihood at step 8: -13305055.292
Current log-likelihood at step 9: -13305055.260
Current log-likelihood at step 10: -13305055.233
Current log-likelihood at step 11: -13305055.208
Current log-likelihood at step 12: -13305055.186
Current log-likelihood at step 13: -13305055.164
Current log-likelihood at step 14: -13305055.145
Current log-likelihood at step 15: -13305055.128
Current log-likelihood at step 16: -13305055.112
Current log-likelihood at step 17: -13305055.096
Current log-likelihood at step 18: -13305055.082
Current log-likelihood at step 19: -13305055.069
Current log-likelihood at step 20: -13305055.058
Current log-likelihood at step 21: -13305055.046
Current log-likelihood at step 22: -13305055.037
Parameters optimization took 21 rounds (61.755 sec)

BEST SCORE FOUND : -13305055.037
Total tree length: 1.707

Total number of iterations: 101
CPU time used for tree search: 14375.078 sec (3h:59m:35s)
Wall-clock time used for tree search: 2996.239 sec (0h:49m:56s)
Total CPU time used: 15008.272 sec (4h:10m:8s)
Total wall-clock time used: 3128.367 sec (0h:52m:8s)

Analysis results written to: 
  IQ-TREE report:                ../CarnivorySupermatrix.model.iqtree
  Maximum-likelihood tree:       ../CarnivorySupermatrix.model.treefile
  Screen log file:               ../CarnivorySupermatrix.model.log

Date and Time: Wed Sep 18 12:32:54 2019
