concordant: ['Beta', 'Spol'] ['Beta', 'Spol']
no_comp: ['Beta', 'Spol'] ['DrolusSFB', 'Dino', 'MJM3360', 'DrobinSFB', 'Neam', 'RuprSFB', 'Retr', 'MJM1652', 'NepSFB', 'WPYJ', 'MJM2940']
no_comp: ['Beta', 'Spol'] ['Dino', 'MJM1652', 'DrobinSFB']
no_comp: ['Beta', 'Spol'] ['MJM1652', 'DrobinSFB']
no_comp: ['Beta', 'Spol'] ['DrolusSFB', 'MJM3360', 'Neam', 'RuprSFB', 'Retr', 'NepSFB', 'WPYJ', 'MJM2940']
no_comp: ['Beta', 'Spol'] ['MJM3360', 'Neam', 'RuprSFB', 'Retr', 'NepSFB', 'WPYJ']
no_comp: ['Beta', 'Spol'] ['Retr', 'RuprSFB', 'WPYJ', 'MJM3360']
no_comp: ['Beta', 'Spol'] ['MJM3360', 'RuprSFB']
no_comp: ['Beta', 'Spol'] ['Retr', 'WPYJ']
no_comp: ['Beta', 'Spol'] ['NepSFB', 'Neam']
no_comp: ['Beta', 'Spol'] ['MJM2940', 'DrolusSFB']
no_comp: ['DrolusSFB', 'Dino', 'MJM3360', 'DrobinSFB', 'Neam', 'RuprSFB', 'Retr', 'MJM1652', 'NepSFB', 'WPYJ', 'MJM2940'] ['Beta', 'Spol']
concordant: ['DrolusSFB', 'Dino', 'MJM3360', 'DrobinSFB', 'Neam', 'RuprSFB', 'Retr', 'MJM1652', 'NepSFB', 'WPYJ', 'MJM2940'] ['DrolusSFB', 'Dino', 'MJM3360', 'DrobinSFB', 'Neam', 'RuprSFB', 'Retr', 'MJM1652', 'NepSFB', 'WPYJ', 'MJM2940']
2 nested in 1: ['DrolusSFB', 'Dino', 'MJM3360', 'DrobinSFB', 'Neam', 'RuprSFB', 'Retr', 'MJM1652', 'NepSFB', 'WPYJ', 'MJM2940'] ['Dino', 'MJM1652', 'DrobinSFB']
2 nested in 1: ['DrolusSFB', 'Dino', 'MJM3360', 'DrobinSFB', 'Neam', 'RuprSFB', 'Retr', 'MJM1652', 'NepSFB', 'WPYJ', 'MJM2940'] ['MJM1652', 'DrobinSFB']
2 nested in 1: ['DrolusSFB', 'Dino', 'MJM3360', 'DrobinSFB', 'Neam', 'RuprSFB', 'Retr', 'MJM1652', 'NepSFB', 'WPYJ', 'MJM2940'] ['DrolusSFB', 'MJM3360', 'Neam', 'RuprSFB', 'Retr', 'NepSFB', 'WPYJ', 'MJM2940']
2 nested in 1: ['DrolusSFB', 'Dino', 'MJM3360', 'DrobinSFB', 'Neam', 'RuprSFB', 'Retr', 'MJM1652', 'NepSFB', 'WPYJ', 'MJM2940'] ['MJM3360', 'Neam', 'RuprSFB', 'Retr', 'NepSFB', 'WPYJ']
2 nested in 1: ['DrolusSFB', 'Dino', 'MJM3360', 'DrobinSFB', 'Neam', 'RuprSFB', 'Retr', 'MJM1652', 'NepSFB', 'WPYJ', 'MJM2940'] ['Retr', 'RuprSFB', 'WPYJ', 'MJM3360']
2 nested in 1: ['DrolusSFB', 'Dino', 'MJM3360', 'DrobinSFB', 'Neam', 'RuprSFB', 'Retr', 'MJM1652', 'NepSFB', 'WPYJ', 'MJM2940'] ['MJM3360', 'RuprSFB']
2 nested in 1: ['DrolusSFB', 'Dino', 'MJM3360', 'DrobinSFB', 'Neam', 'RuprSFB', 'Retr', 'MJM1652', 'NepSFB', 'WPYJ', 'MJM2940'] ['Retr', 'WPYJ']
2 nested in 1: ['DrolusSFB', 'Dino', 'MJM3360', 'DrobinSFB', 'Neam', 'RuprSFB', 'Retr', 'MJM1652', 'NepSFB', 'WPYJ', 'MJM2940'] ['NepSFB', 'Neam']
2 nested in 1: ['DrolusSFB', 'Dino', 'MJM3360', 'DrobinSFB', 'Neam', 'RuprSFB', 'Retr', 'MJM1652', 'NepSFB', 'WPYJ', 'MJM2940'] ['MJM2940', 'DrolusSFB']
no_comp: ['Retr', 'WPYJ'] ['Beta', 'Spol']
1 nested in 2: ['Retr', 'WPYJ'] ['DrolusSFB', 'Dino', 'MJM3360', 'DrobinSFB', 'Neam', 'RuprSFB', 'Retr', 'MJM1652', 'NepSFB', 'WPYJ', 'MJM2940']
no_comp: ['Retr', 'WPYJ'] ['Dino', 'MJM1652', 'DrobinSFB']
no_comp: ['Retr', 'WPYJ'] ['MJM1652', 'DrobinSFB']
1 nested in 2: ['Retr', 'WPYJ'] ['DrolusSFB', 'MJM3360', 'Neam', 'RuprSFB', 'Retr', 'NepSFB', 'WPYJ', 'MJM2940']
1 nested in 2: ['Retr', 'WPYJ'] ['MJM3360', 'Neam', 'RuprSFB', 'Retr', 'NepSFB', 'WPYJ']
1 nested in 2: ['Retr', 'WPYJ'] ['Retr', 'RuprSFB', 'WPYJ', 'MJM3360']
no_comp: ['Retr', 'WPYJ'] ['MJM3360', 'RuprSFB']
concordant: ['Retr', 'WPYJ'] ['Retr', 'WPYJ']
no_comp: ['Retr', 'WPYJ'] ['NepSFB', 'Neam']
no_comp: ['Retr', 'WPYJ'] ['MJM2940', 'DrolusSFB']
no_comp: ['DrolusSFB', 'Dino', 'MJM3360', 'DrobinSFB', 'Neam', 'RuprSFB', 'MJM1652', 'NepSFB', 'MJM2940'] ['Beta', 'Spol']
1 nested in 2: ['DrolusSFB', 'Dino', 'MJM3360', 'DrobinSFB', 'Neam', 'RuprSFB', 'MJM1652', 'NepSFB', 'MJM2940'] ['DrolusSFB', 'Dino', 'MJM3360', 'DrobinSFB', 'Neam', 'RuprSFB', 'Retr', 'MJM1652', 'NepSFB', 'WPYJ', 'MJM2940']
2 nested in 1: ['DrolusSFB', 'Dino', 'MJM3360', 'DrobinSFB', 'Neam', 'RuprSFB', 'MJM1652', 'NepSFB', 'MJM2940'] ['Dino', 'MJM1652', 'DrobinSFB']
2 nested in 1: ['DrolusSFB', 'Dino', 'MJM3360', 'DrobinSFB', 'Neam', 'RuprSFB', 'MJM1652', 'NepSFB', 'MJM2940'] ['MJM1652', 'DrobinSFB']
conflict: ['DrolusSFB', 'Dino', 'MJM3360', 'DrobinSFB', 'Neam', 'RuprSFB', 'MJM1652', 'NepSFB', 'MJM2940'] ['DrolusSFB', 'MJM3360', 'Neam', 'RuprSFB', 'Retr', 'NepSFB', 'WPYJ', 'MJM2940']
conflict: ['DrolusSFB', 'Dino', 'MJM3360', 'DrobinSFB', 'Neam', 'RuprSFB', 'MJM1652', 'NepSFB', 'MJM2940'] ['MJM3360', 'Neam', 'RuprSFB', 'Retr', 'NepSFB', 'WPYJ']
conflict: ['DrolusSFB', 'Dino', 'MJM3360', 'DrobinSFB', 'Neam', 'RuprSFB', 'MJM1652', 'NepSFB', 'MJM2940'] ['Retr', 'RuprSFB', 'WPYJ', 'MJM3360']
2 nested in 1: ['DrolusSFB', 'Dino', 'MJM3360', 'DrobinSFB', 'Neam', 'RuprSFB', 'MJM1652', 'NepSFB', 'MJM2940'] ['MJM3360', 'RuprSFB']
no_comp: ['DrolusSFB', 'Dino', 'MJM3360', 'DrobinSFB', 'Neam', 'RuprSFB', 'MJM1652', 'NepSFB', 'MJM2940'] ['Retr', 'WPYJ']
2 nested in 1: ['DrolusSFB', 'Dino', 'MJM3360', 'DrobinSFB', 'Neam', 'RuprSFB', 'MJM1652', 'NepSFB', 'MJM2940'] ['NepSFB', 'Neam']
2 nested in 1: ['DrolusSFB', 'Dino', 'MJM3360', 'DrobinSFB', 'Neam', 'RuprSFB', 'MJM1652', 'NepSFB', 'MJM2940'] ['MJM2940', 'DrolusSFB']
no_comp: ['MJM3360', 'RuprSFB'] ['Beta', 'Spol']
1 nested in 2: ['MJM3360', 'RuprSFB'] ['DrolusSFB', 'Dino', 'MJM3360', 'DrobinSFB', 'Neam', 'RuprSFB', 'Retr', 'MJM1652', 'NepSFB', 'WPYJ', 'MJM2940']
no_comp: ['MJM3360', 'RuprSFB'] ['Dino', 'MJM1652', 'DrobinSFB']
no_comp: ['MJM3360', 'RuprSFB'] ['MJM1652', 'DrobinSFB']
1 nested in 2: ['MJM3360', 'RuprSFB'] ['DrolusSFB', 'MJM3360', 'Neam', 'RuprSFB', 'Retr', 'NepSFB', 'WPYJ', 'MJM2940']
1 nested in 2: ['MJM3360', 'RuprSFB'] ['MJM3360', 'Neam', 'RuprSFB', 'Retr', 'NepSFB', 'WPYJ']
1 nested in 2: ['MJM3360', 'RuprSFB'] ['Retr', 'RuprSFB', 'WPYJ', 'MJM3360']
concordant: ['MJM3360', 'RuprSFB'] ['MJM3360', 'RuprSFB']
no_comp: ['MJM3360', 'RuprSFB'] ['Retr', 'WPYJ']
no_comp: ['MJM3360', 'RuprSFB'] ['NepSFB', 'Neam']
no_comp: ['MJM3360', 'RuprSFB'] ['MJM2940', 'DrolusSFB']
no_comp: ['DrolusSFB', 'Dino', 'DrobinSFB', 'Neam', 'MJM1652', 'NepSFB', 'MJM2940'] ['Beta', 'Spol']
1 nested in 2: ['DrolusSFB', 'Dino', 'DrobinSFB', 'Neam', 'MJM1652', 'NepSFB', 'MJM2940'] ['DrolusSFB', 'Dino', 'MJM3360', 'DrobinSFB', 'Neam', 'RuprSFB', 'Retr', 'MJM1652', 'NepSFB', 'WPYJ', 'MJM2940']
2 nested in 1: ['DrolusSFB', 'Dino', 'DrobinSFB', 'Neam', 'MJM1652', 'NepSFB', 'MJM2940'] ['Dino', 'MJM1652', 'DrobinSFB']
2 nested in 1: ['DrolusSFB', 'Dino', 'DrobinSFB', 'Neam', 'MJM1652', 'NepSFB', 'MJM2940'] ['MJM1652', 'DrobinSFB']
conflict: ['DrolusSFB', 'Dino', 'DrobinSFB', 'Neam', 'MJM1652', 'NepSFB', 'MJM2940'] ['DrolusSFB', 'MJM3360', 'Neam', 'RuprSFB', 'Retr', 'NepSFB', 'WPYJ', 'MJM2940']
conflict: ['DrolusSFB', 'Dino', 'DrobinSFB', 'Neam', 'MJM1652', 'NepSFB', 'MJM2940'] ['MJM3360', 'Neam', 'RuprSFB', 'Retr', 'NepSFB', 'WPYJ']
no_comp: ['DrolusSFB', 'Dino', 'DrobinSFB', 'Neam', 'MJM1652', 'NepSFB', 'MJM2940'] ['Retr', 'RuprSFB', 'WPYJ', 'MJM3360']
no_comp: ['DrolusSFB', 'Dino', 'DrobinSFB', 'Neam', 'MJM1652', 'NepSFB', 'MJM2940'] ['MJM3360', 'RuprSFB']
no_comp: ['DrolusSFB', 'Dino', 'DrobinSFB', 'Neam', 'MJM1652', 'NepSFB', 'MJM2940'] ['Retr', 'WPYJ']
2 nested in 1: ['DrolusSFB', 'Dino', 'DrobinSFB', 'Neam', 'MJM1652', 'NepSFB', 'MJM2940'] ['NepSFB', 'Neam']
2 nested in 1: ['DrolusSFB', 'Dino', 'DrobinSFB', 'Neam', 'MJM1652', 'NepSFB', 'MJM2940'] ['MJM2940', 'DrolusSFB']
no_comp: ['Dino', 'MJM1652', 'DrobinSFB'] ['Beta', 'Spol']
1 nested in 2: ['Dino', 'MJM1652', 'DrobinSFB'] ['DrolusSFB', 'Dino', 'MJM3360', 'DrobinSFB', 'Neam', 'RuprSFB', 'Retr', 'MJM1652', 'NepSFB', 'WPYJ', 'MJM2940']
concordant: ['Dino', 'MJM1652', 'DrobinSFB'] ['Dino', 'MJM1652', 'DrobinSFB']
2 nested in 1: ['Dino', 'MJM1652', 'DrobinSFB'] ['MJM1652', 'DrobinSFB']
no_comp: ['Dino', 'MJM1652', 'DrobinSFB'] ['DrolusSFB', 'MJM3360', 'Neam', 'RuprSFB', 'Retr', 'NepSFB', 'WPYJ', 'MJM2940']
no_comp: ['Dino', 'MJM1652', 'DrobinSFB'] ['MJM3360', 'Neam', 'RuprSFB', 'Retr', 'NepSFB', 'WPYJ']
no_comp: ['Dino', 'MJM1652', 'DrobinSFB'] ['Retr', 'RuprSFB', 'WPYJ', 'MJM3360']
no_comp: ['Dino', 'MJM1652', 'DrobinSFB'] ['MJM3360', 'RuprSFB']
no_comp: ['Dino', 'MJM1652', 'DrobinSFB'] ['Retr', 'WPYJ']
no_comp: ['Dino', 'MJM1652', 'DrobinSFB'] ['NepSFB', 'Neam']
no_comp: ['Dino', 'MJM1652', 'DrobinSFB'] ['MJM2940', 'DrolusSFB']
no_comp: ['Dino', 'DrobinSFB'] ['Beta', 'Spol']
1 nested in 2: ['Dino', 'DrobinSFB'] ['DrolusSFB', 'Dino', 'MJM3360', 'DrobinSFB', 'Neam', 'RuprSFB', 'Retr', 'MJM1652', 'NepSFB', 'WPYJ', 'MJM2940']
1 nested in 2: ['Dino', 'DrobinSFB'] ['Dino', 'MJM1652', 'DrobinSFB']
conflict: ['Dino', 'DrobinSFB'] ['MJM1652', 'DrobinSFB']
no_comp: ['Dino', 'DrobinSFB'] ['DrolusSFB', 'MJM3360', 'Neam', 'RuprSFB', 'Retr', 'NepSFB', 'WPYJ', 'MJM2940']
no_comp: ['Dino', 'DrobinSFB'] ['MJM3360', 'Neam', 'RuprSFB', 'Retr', 'NepSFB', 'WPYJ']
no_comp: ['Dino', 'DrobinSFB'] ['Retr', 'RuprSFB', 'WPYJ', 'MJM3360']
no_comp: ['Dino', 'DrobinSFB'] ['MJM3360', 'RuprSFB']
no_comp: ['Dino', 'DrobinSFB'] ['Retr', 'WPYJ']
no_comp: ['Dino', 'DrobinSFB'] ['NepSFB', 'Neam']
no_comp: ['Dino', 'DrobinSFB'] ['MJM2940', 'DrolusSFB']
no_comp: ['NepSFB', 'Neam', 'MJM2940', 'DrolusSFB'] ['Beta', 'Spol']
1 nested in 2: ['NepSFB', 'Neam', 'MJM2940', 'DrolusSFB'] ['DrolusSFB', 'Dino', 'MJM3360', 'DrobinSFB', 'Neam', 'RuprSFB', 'Retr', 'MJM1652', 'NepSFB', 'WPYJ', 'MJM2940']
no_comp: ['NepSFB', 'Neam', 'MJM2940', 'DrolusSFB'] ['Dino', 'MJM1652', 'DrobinSFB']
no_comp: ['NepSFB', 'Neam', 'MJM2940', 'DrolusSFB'] ['MJM1652', 'DrobinSFB']
1 nested in 2: ['NepSFB', 'Neam', 'MJM2940', 'DrolusSFB'] ['DrolusSFB', 'MJM3360', 'Neam', 'RuprSFB', 'Retr', 'NepSFB', 'WPYJ', 'MJM2940']
conflict: ['NepSFB', 'Neam', 'MJM2940', 'DrolusSFB'] ['MJM3360', 'Neam', 'RuprSFB', 'Retr', 'NepSFB', 'WPYJ']
no_comp: ['NepSFB', 'Neam', 'MJM2940', 'DrolusSFB'] ['Retr', 'RuprSFB', 'WPYJ', 'MJM3360']
no_comp: ['NepSFB', 'Neam', 'MJM2940', 'DrolusSFB'] ['MJM3360', 'RuprSFB']
no_comp: ['NepSFB', 'Neam', 'MJM2940', 'DrolusSFB'] ['Retr', 'WPYJ']
2 nested in 1: ['NepSFB', 'Neam', 'MJM2940', 'DrolusSFB'] ['NepSFB', 'Neam']
2 nested in 1: ['NepSFB', 'Neam', 'MJM2940', 'DrolusSFB'] ['MJM2940', 'DrolusSFB']
no_comp: ['NepSFB', 'Neam'] ['Beta', 'Spol']
1 nested in 2: ['NepSFB', 'Neam'] ['DrolusSFB', 'Dino', 'MJM3360', 'DrobinSFB', 'Neam', 'RuprSFB', 'Retr', 'MJM1652', 'NepSFB', 'WPYJ', 'MJM2940']
no_comp: ['NepSFB', 'Neam'] ['Dino', 'MJM1652', 'DrobinSFB']
no_comp: ['NepSFB', 'Neam'] ['MJM1652', 'DrobinSFB']
1 nested in 2: ['NepSFB', 'Neam'] ['DrolusSFB', 'MJM3360', 'Neam', 'RuprSFB', 'Retr', 'NepSFB', 'WPYJ', 'MJM2940']
1 nested in 2: ['NepSFB', 'Neam'] ['MJM3360', 'Neam', 'RuprSFB', 'Retr', 'NepSFB', 'WPYJ']
no_comp: ['NepSFB', 'Neam'] ['Retr', 'RuprSFB', 'WPYJ', 'MJM3360']
no_comp: ['NepSFB', 'Neam'] ['MJM3360', 'RuprSFB']
no_comp: ['NepSFB', 'Neam'] ['Retr', 'WPYJ']
concordant: ['NepSFB', 'Neam'] ['NepSFB', 'Neam']
no_comp: ['NepSFB', 'Neam'] ['MJM2940', 'DrolusSFB']
no_comp: ['MJM2940', 'DrolusSFB'] ['Beta', 'Spol']
1 nested in 2: ['MJM2940', 'DrolusSFB'] ['DrolusSFB', 'Dino', 'MJM3360', 'DrobinSFB', 'Neam', 'RuprSFB', 'Retr', 'MJM1652', 'NepSFB', 'WPYJ', 'MJM2940']
no_comp: ['MJM2940', 'DrolusSFB'] ['Dino', 'MJM1652', 'DrobinSFB']
no_comp: ['MJM2940', 'DrolusSFB'] ['MJM1652', 'DrobinSFB']
1 nested in 2: ['MJM2940', 'DrolusSFB'] ['DrolusSFB', 'MJM3360', 'Neam', 'RuprSFB', 'Retr', 'NepSFB', 'WPYJ', 'MJM2940']
no_comp: ['MJM2940', 'DrolusSFB'] ['MJM3360', 'Neam', 'RuprSFB', 'Retr', 'NepSFB', 'WPYJ']
no_comp: ['MJM2940', 'DrolusSFB'] ['Retr', 'RuprSFB', 'WPYJ', 'MJM3360']
no_comp: ['MJM2940', 'DrolusSFB'] ['MJM3360', 'RuprSFB']
no_comp: ['MJM2940', 'DrolusSFB'] ['Retr', 'WPYJ']
no_comp: ['MJM2940', 'DrolusSFB'] ['NepSFB', 'Neam']
concordant: ['MJM2940', 'DrolusSFB'] ['MJM2940', 'DrolusSFB']
