IQ-TREE multicore version 1.6.11 for Mac OS X 64-bit built Jul 12 2019
Developed by Bui Quang Minh, Nguyen Lam Tung, Olga Chernomor,
Heiko Schmidt, Dominik Schrempf, Michael Woodhams.

Host:    slpc437 (AVX2, FMA3, 16 GB RAM)
Command: iqtree -s cluster2782rr.1to1ortho.fa.aln-cln_gene343.fa -nt 4 -m GTR+G -alrt 1000
Seed:    785867 (Using SPRNG - Scalable Parallel Random Number Generator)
Time:    Mon Nov 25 10:12:51 2019
Kernel:  AVX+FMA - 4 threads (6 CPU cores detected)

Reading alignment file cluster2782rr.1to1ortho.fa.aln-cln_gene343.fa ... Fasta format detected
Alignment most likely contains DNA/RNA sequences
Alignment has 13 sequences with 1999 columns, 831 distinct patterns
634 parsimony-informative, 276 singleton sites, 1089 constant sites
           Gap/Ambiguity  Composition  p-value
   1  DrolusSFB   10.31%    passed     94.38%
   2  Dino         0.75%    passed     86.86%
   3  MJM3360     10.71%    passed     92.73%
   4  DrobinSFB   10.46%    passed     85.07%
   5  Neam         3.50%    passed     88.61%
   6  RuprSFB     11.61%    passed     91.33%
   7  Retr        29.86%    passed     88.94%
   8  Beta         2.10%    passed     85.13%
   9  Spol         2.10%    passed     96.32%
  10  MJM1652      0.45%    passed     26.80%
  11  NepSFB       3.50%    passed     89.55%
  12  WPYJ         9.80%    passed     61.87%
  13  MJM2940     10.31%    passed     54.95%
****  TOTAL        8.11%  0 sequences failed composition chi2 test (p-value<5%; df=3)

Create initial parsimony tree by phylogenetic likelihood library (PLL)... 0.001 seconds

NOTE: 1 MB RAM (0 GB) is required!
Estimate model parameters (epsilon = 0.100)
1. Initial log-likelihood: -12081.496
2. Current log-likelihood: -11504.527
3. Current log-likelihood: -11498.018
Optimal log-likelihood: -11497.928
Rate parameters:  A-C: 2.21136  A-G: 5.42943  A-T: 1.66592  C-G: 1.16421  C-T: 6.45244  G-T: 1.00000
Base frequencies:  A: 0.267  C: 0.195  G: 0.240  T: 0.298
Gamma shape alpha: 0.373
Parameters optimization took 3 rounds (0.043 sec)
Computing ML distances based on estimated model parameters... 0.002 sec
Computing BIONJ tree...
0.002 seconds
Log-likelihood of BIONJ tree: -11490.283
--------------------------------------------------------------------
|             INITIALIZING CANDIDATE TREE SET                      |
--------------------------------------------------------------------
Generating 98 parsimony trees... 0.102 second
Computing log-likelihood of 97 initial trees ... 0.464 seconds
Current best score: -11490.163

Do NNI search on 20 best initial trees
Estimate model parameters (epsilon = 0.100)
BETTER TREE FOUND at iteration 1: -11485.184
Iteration 10 / LogL: -11485.190 / Time: 0h:0m:0s
Iteration 20 / LogL: -11485.207 / Time: 0h:0m:1s
Finish initializing candidate tree set (1)
Current best tree score: -11485.184 / CPU time: 1.207
Number of iterations: 20
--------------------------------------------------------------------
|               OPTIMIZING CANDIDATE TREE SET                      |
--------------------------------------------------------------------
Iteration 30 / LogL: -11485.230 / Time: 0h:0m:1s (0h:0m:4s left)
Iteration 40 / LogL: -11485.324 / Time: 0h:0m:2s (0h:0m:3s left)
Iteration 50 / LogL: -11485.348 / Time: 0h:0m:2s (0h:0m:2s left)
Iteration 60 / LogL: -11485.647 / Time: 0h:0m:2s (0h:0m:2s left)
Iteration 70 / LogL: -11486.677 / Time: 0h:0m:3s (0h:0m:1s left)
Iteration 80 / LogL: -11485.255 / Time: 0h:0m:3s (0h:0m:0s left)
Iteration 90 / LogL: -11485.235 / Time: 0h:0m:4s (0h:0m:0s left)
Iteration 100 / LogL: -11485.211 / Time: 0h:0m:4s (0h:0m:0s left)
TREE SEARCH COMPLETED AFTER 102 ITERATIONS / Time: 0h:0m:4s

--------------------------------------------------------------------
|                    FINALIZING TREE SEARCH                        |
--------------------------------------------------------------------
Performs final model parameters optimization
Estimate model parameters (epsilon = 0.010)
1. Initial log-likelihood: -11485.184
Optimal log-likelihood: -11485.182
Rate parameters:  A-C: 2.18166  A-G: 5.42478  A-T: 1.65250  C-G: 1.15907  C-T: 6.48684  G-T: 1.00000
Base frequencies:  A: 0.267  C: 0.195  G: 0.240  T: 0.298
Gamma shape alpha: 0.375
Parameters optimization took 1 rounds (0.006 sec)
BEST SCORE FOUND : -11485.182

Testing tree branches by SH-like aLRT with 1000 replicates...
0.112 sec.
Total tree length: 1.481

Total number of iterations: 102
CPU time used for tree search: 6.111 sec (0h:0m:6s)
Wall-clock time used for tree search: 4.770 sec (0h:0m:4s)
Total CPU time used: 6.630 sec (0h:0m:6s)
Total wall-clock time used: 4.950 sec (0h:0m:4s)

Analysis results written to: 
  IQ-TREE report:                cluster2782rr.1to1ortho.fa.aln-cln_gene343.fa.iqtree
  Maximum-likelihood tree:       cluster2782rr.1to1ortho.fa.aln-cln_gene343.fa.treefile
  Likelihood distances:          cluster2782rr.1to1ortho.fa.aln-cln_gene343.fa.mldist
  Screen log file:               cluster2782rr.1to1ortho.fa.aln-cln_gene343.fa.log

Date and Time: Mon Nov 25 10:12:56 2019
