IQ-TREE multicore version 1.6.11 for Mac OS X 64-bit built Jul 12 2019
Developed by Bui Quang Minh, Nguyen Lam Tung, Olga Chernomor,
Heiko Schmidt, Dominik Schrempf, Michael Woodhams.

Host:    slpc437 (AVX2, FMA3, 16 GB RAM)
Command: iqtree -s cluster4861rr.1to1ortho.fa.aln-cln_gene483.fa -nt 4 -m GTR+G -alrt 1000
Seed:    355472 (Using SPRNG - Scalable Parallel Random Number Generator)
Time:    Mon Nov 25 10:59:39 2019
Kernel:  AVX+FMA - 4 threads (6 CPU cores detected)

Reading alignment file cluster4861rr.1to1ortho.fa.aln-cln_gene483.fa ... Fasta format detected
Alignment most likely contains DNA/RNA sequences
Alignment has 13 sequences with 557 columns, 332 distinct patterns
217 parsimony-informative, 100 singleton sites, 240 constant sites
           Gap/Ambiguity  Composition  p-value
   1  DrolusSFB   46.86%    passed     30.03%
   2  Dino         2.69%    passed     29.94%
   3  MJM3360     51.71%    passed     25.16%
   4  DrobinSFB   14.18%    passed     46.02%
   5  Neam         2.69%    passed     53.49%
   6  RuprSFB     50.45%    passed     15.42%
   7  Retr        35.37%    passed     74.04%
   8  Beta         3.23%    passed     63.68%
   9  Spol         3.05%    passed     80.14%
  10  MJM1652      2.15%    passed      5.62%
  11  NepSFB       2.69%    passed     47.94%
  12  WPYJ        40.75%    passed     71.20%
  13  MJM2940      0.54%    passed     62.90%
WARNING: 2 sequences contain more than 50% gaps/ambiguity
****  TOTAL       19.72%  0 sequences failed composition chi2 test (p-value<5%; df=3)

Create initial parsimony tree by phylogenetic likelihood library (PLL)... 0.001 seconds

NOTE: 0 MB RAM (0 GB) is required!
WARNING: Number of threads seems too high for short alignments. Use -nt AUTO to determine best number of threads.
Estimate model parameters (epsilon = 0.100)
1. Initial log-likelihood: -3547.085
2. Current log-likelihood: -3355.327
3. Current log-likelihood: -3350.818
Optimal log-likelihood: -3350.708
Rate parameters:  A-C: 2.96821  A-G: 7.37205  A-T: 1.97933  C-G: 3.65813  C-T: 12.79192  G-T: 1.00000
Base frequencies:  A: 0.261  C: 0.186  G: 0.260  T: 0.293
Gamma shape alpha: 0.631
Parameters optimization took 3 rounds (0.053 sec)
Computing ML distances based on estimated model parameters... 0.001 sec
Computing BIONJ tree...
0.002 seconds
Log-likelihood of BIONJ tree: -3352.704
--------------------------------------------------------------------
|             INITIALIZING CANDIDATE TREE SET                      |
--------------------------------------------------------------------
Generating 98 parsimony trees... 0.066 second
Computing log-likelihood of 97 initial trees ... 0.420 seconds
Current best score: -3350.708

Do NNI search on 20 best initial trees
Estimate model parameters (epsilon = 0.100)
BETTER TREE FOUND at iteration 1: -3348.906
Iteration 10 / LogL: -3350.899 / Time: 0h:0m:0s
Iteration 20 / LogL: -3348.936 / Time: 0h:0m:1s
Finish initializing candidate tree set (7)
Current best tree score: -3348.906 / CPU time: 1.055
Number of iterations: 20
--------------------------------------------------------------------
|               OPTIMIZING CANDIDATE TREE SET                      |
--------------------------------------------------------------------
Iteration 30 / LogL: -3350.350 / Time: 0h:0m:1s (0h:0m:3s left)
Iteration 40 / LogL: -3351.307 / Time: 0h:0m:2s (0h:0m:3s left)
Iteration 50 / LogL: -3349.213 / Time: 0h:0m:2s (0h:0m:2s left)
Iteration 60 / LogL: -3350.706 / Time: 0h:0m:2s (0h:0m:2s left)
Iteration 70 / LogL: -3348.940 / Time: 0h:0m:3s (0h:0m:1s left)
Iteration 80 / LogL: -3348.907 / Time: 0h:0m:3s (0h:0m:1s left)
Iteration 90 / LogL: -3350.337 / Time: 0h:0m:4s (0h:0m:0s left)
Iteration 100 / LogL: -3350.679 / Time: 0h:0m:4s (0h:0m:0s left)
TREE SEARCH COMPLETED AFTER 102 ITERATIONS / Time: 0h:0m:4s

--------------------------------------------------------------------
|                    FINALIZING TREE SEARCH                        |
--------------------------------------------------------------------
Performs final model parameters optimization
Estimate model parameters (epsilon = 0.010)
1. Initial log-likelihood: -3348.906
Optimal log-likelihood: -3348.905
Rate parameters:  A-C: 2.99995  A-G: 7.70990  A-T: 2.03089  C-G: 3.80364  C-T: 13.38387  G-T: 1.00000
Base frequencies:  A: 0.261  C: 0.186  G: 0.260  T: 0.293
Gamma shape alpha: 0.626
Parameters optimization took 1 rounds (0.004 sec)
BEST SCORE FOUND : -3348.905

Testing tree branches by SH-like aLRT with 1000 replicates...
0.042 sec.
Total tree length: 2.135

Total number of iterations: 102
CPU time used for tree search: 4.503 sec (0h:0m:4s)
Wall-clock time used for tree search: 4.868 sec (0h:0m:4s)
Total CPU time used: 4.744 sec (0h:0m:4s)
Total wall-clock time used: 4.990 sec (0h:0m:4s)

Analysis results written to: 
  IQ-TREE report:                cluster4861rr.1to1ortho.fa.aln-cln_gene483.fa.iqtree
  Maximum-likelihood tree:       cluster4861rr.1to1ortho.fa.aln-cln_gene483.fa.treefile
  Likelihood distances:          cluster4861rr.1to1ortho.fa.aln-cln_gene483.fa.mldist
  Screen log file:               cluster4861rr.1to1ortho.fa.aln-cln_gene483.fa.log

Date and Time: Mon Nov 25 10:59:44 2019
