IQ-TREE multicore version 1.6.11 for Mac OS X 64-bit built Jul 12 2019
Developed by Bui Quang Minh, Nguyen Lam Tung, Olga Chernomor,
Heiko Schmidt, Dominik Schrempf, Michael Woodhams.

Host:    slpc437 (AVX2, FMA3, 16 GB RAM)
Command: iqtree -s cluster4796rr.1to1ortho.fa.aln-cln_gene906.fa -nt 4 -m GTR+G -alrt 1000
Seed:    987800 (Using SPRNG - Scalable Parallel Random Number Generator)
Time:    Mon Nov 25 10:57:58 2019
Kernel:  AVX+FMA - 4 threads (6 CPU cores detected)

Reading alignment file cluster4796rr.1to1ortho.fa.aln-cln_gene906.fa ... Fasta format detected
Alignment most likely contains DNA/RNA sequences
Alignment has 13 sequences with 1662 columns, 849 distinct patterns
591 parsimony-informative, 270 singleton sites, 801 constant sites
           Gap/Ambiguity  Composition  p-value
   1  DrolusSFB    1.26%    passed     44.47%
   2  Dino         1.68%    passed     36.49%
   3  MJM3360     30.20%    passed     18.10%
   4  DrobinSFB   28.10%    passed     75.81%
   5  Neam         0.36%    passed     89.49%
   6  RuprSFB     28.88%    passed     15.04%
   7  Retr        28.58%    passed     28.97%
   8  Beta        12.82%    passed     35.33%
   9  Spol        13.24%    passed     50.69%
  10  MJM1652      2.23%    passed     61.12%
  11  NepSFB       0.36%    passed     90.44%
  12  WPYJ        49.28%    passed     26.20%
  13  MJM2940      1.87%    passed     77.45%
****  TOTAL       15.30%  0 sequences failed composition chi2 test (p-value<5%; df=3)

Create initial parsimony tree by phylogenetic likelihood library (PLL)... 0.001 seconds

NOTE: 1 MB RAM (0 GB) is required!
Estimate model parameters (epsilon = 0.100)
1. Initial log-likelihood: -10618.526
2. Current log-likelihood: -10245.726
3. Current log-likelihood: -10243.498
Optimal log-likelihood: -10243.476
Rate parameters:  A-C: 1.76667  A-G: 3.28865  A-T: 1.23589  C-G: 1.18507  C-T: 4.49197  G-T: 1.00000
Base frequencies:  A: 0.246  C: 0.218  G: 0.253  T: 0.282
Gamma shape alpha: 0.541
Parameters optimization took 3 rounds (0.040 sec)
Computing ML distances based on estimated model parameters... 0.002 sec
Computing BIONJ tree...
0.002 seconds
Log-likelihood of BIONJ tree: -10243.475
--------------------------------------------------------------------
|             INITIALIZING CANDIDATE TREE SET                      |
--------------------------------------------------------------------
Generating 99 parsimony trees... 0.097 second
Computing log-likelihood of 99 initial trees ... 0.464 seconds
Current best score: -10243.475

Do NNI search on 20 best initial trees
Estimate model parameters (epsilon = 0.100)
BETTER TREE FOUND at iteration 1: -10243.475
Iteration 10 / LogL: -10243.599 / Time: 0h:0m:0s
Iteration 20 / LogL: -10243.487 / Time: 0h:0m:1s
Finish initializing candidate tree set (2)
Current best tree score: -10243.475 / CPU time: 1.203
Number of iterations: 20
--------------------------------------------------------------------
|               OPTIMIZING CANDIDATE TREE SET                      |
--------------------------------------------------------------------
Iteration 30 / LogL: -10243.837 / Time: 0h:0m:1s (0h:0m:4s left)
Iteration 40 / LogL: -10243.507 / Time: 0h:0m:2s (0h:0m:3s left)
Iteration 50 / LogL: -10244.970 / Time: 0h:0m:2s (0h:0m:2s left)
Iteration 60 / LogL: -10243.593 / Time: 0h:0m:3s (0h:0m:2s left)
Iteration 70 / LogL: -10243.491 / Time: 0h:0m:3s (0h:0m:1s left)
Iteration 80 / LogL: -10243.479 / Time: 0h:0m:4s (0h:0m:1s left)
Iteration 90 / LogL: -10243.678 / Time: 0h:0m:4s (0h:0m:0s left)
Iteration 100 / LogL: -10243.505 / Time: 0h:0m:5s (0h:0m:0s left)
TREE SEARCH COMPLETED AFTER 102 ITERATIONS / Time: 0h:0m:5s

--------------------------------------------------------------------
|                    FINALIZING TREE SEARCH                        |
--------------------------------------------------------------------
Performs final model parameters optimization
Estimate model parameters (epsilon = 0.010)
1. Initial log-likelihood: -10243.475
Optimal log-likelihood: -10243.475
Rate parameters:  A-C: 1.76667  A-G: 3.28734  A-T: 1.23591  C-G: 1.18484  C-T: 4.49541  G-T: 1.00000
Base frequencies:  A: 0.246  C: 0.218  G: 0.253  T: 0.282
Gamma shape alpha: 0.541
Parameters optimization took 1 rounds (0.006 sec)
BEST SCORE FOUND : -10243.475

Testing tree branches by SH-like aLRT with 1000 replicates...
0.099 sec.
Total tree length: 1.781

Total number of iterations: 102
CPU time used for tree search: 6.596 sec (0h:0m:6s)
Wall-clock time used for tree search: 5.121 sec (0h:0m:5s)
Total CPU time used: 7.054 sec (0h:0m:7s)
Total wall-clock time used: 5.286 sec (0h:0m:5s)

Analysis results written to: 
  IQ-TREE report:                cluster4796rr.1to1ortho.fa.aln-cln_gene906.fa.iqtree
  Maximum-likelihood tree:       cluster4796rr.1to1ortho.fa.aln-cln_gene906.fa.treefile
  Likelihood distances:          cluster4796rr.1to1ortho.fa.aln-cln_gene906.fa.mldist
  Screen log file:               cluster4796rr.1to1ortho.fa.aln-cln_gene906.fa.log

Date and Time: Mon Nov 25 10:58:04 2019
