IQ-TREE multicore version 1.6.11 for Mac OS X 64-bit built Jul 12 2019
Developed by Bui Quang Minh, Nguyen Lam Tung, Olga Chernomor,
Heiko Schmidt, Dominik Schrempf, Michael Woodhams.

Host:    slpc437 (AVX2, FMA3, 16 GB RAM)
Command: iqtree -s cluster619rr.1to1ortho.fa.aln-cln_gene104.fa -nt 4 -m GTR+G -alrt 1000
Seed:    665742 (Using SPRNG - Scalable Parallel Random Number Generator)
Time:    Mon Nov 25 11:11:20 2019
Kernel:  AVX+FMA - 4 threads (6 CPU cores detected)

Reading alignment file cluster619rr.1to1ortho.fa.aln-cln_gene104.fa ... Fasta format detected
Alignment most likely contains DNA/RNA sequences
Alignment has 13 sequences with 918 columns, 449 distinct patterns
293 parsimony-informative, 138 singleton sites, 486 constant sites
           Gap/Ambiguity  Composition  p-value
   1  DrolusSFB    0.00%    passed     90.15%
   2  Dino         1.85%    passed     95.49%
   3  MJM3360      2.29%    passed     17.90%
   4  DrobinSFB    3.16%    passed     72.48%
   5  Neam         0.00%    passed     97.66%
   6  RuprSFB      3.81%    passed     98.88%
   7  Retr        45.42%    passed     91.82%
   8  Beta         8.50%    passed     26.52%
   9  Spol         1.96%    passed     80.60%
  10  MJM1652      1.85%    passed     89.36%
  11  NepSFB      40.85%    passed     14.37%
  12  WPYJ        55.56%    passed     88.63%
  13  MJM2940      0.00%    passed     78.75%
WARNING: 1 sequences contain more than 50% gaps/ambiguity
****  TOTAL       12.71%  0 sequences failed composition chi2 test (p-value<5%; df=3)

Create initial parsimony tree by phylogenetic likelihood library (PLL)... 0.000 seconds

NOTE: 0 MB RAM (0 GB) is required!
Estimate model parameters (epsilon = 0.100)
1. Initial log-likelihood: -5894.264
2. Current log-likelihood: -5645.688
3. Current log-likelihood: -5643.511
Optimal log-likelihood: -5643.455
Rate parameters:  A-C: 2.53716  A-G: 4.87110  A-T: 2.17589  C-G: 1.68854  C-T: 5.75859  G-T: 1.00000
Base frequencies:  A: 0.190  C: 0.206  G: 0.272  T: 0.332
Gamma shape alpha: 0.385
Parameters optimization took 3 rounds (0.049 sec)
Computing ML distances based on estimated model parameters... 0.001 sec
Computing BIONJ tree...
0.002 seconds
Log-likelihood of BIONJ tree: -5643.119
--------------------------------------------------------------------
|             INITIALIZING CANDIDATE TREE SET                      |
--------------------------------------------------------------------
Generating 98 parsimony trees... 0.071 second
Computing log-likelihood of 98 initial trees ... 0.429 seconds
Current best score: -5643.119

Do NNI search on 20 best initial trees
Estimate model parameters (epsilon = 0.100)
BETTER TREE FOUND at iteration 1: -5642.710
Iteration 10 / LogL: -5643.522 / Time: 0h:0m:0s
Iteration 20 / LogL: -5644.657 / Time: 0h:0m:1s
Finish initializing candidate tree set (2)
Current best tree score: -5642.710 / CPU time: 1.038
Number of iterations: 20
--------------------------------------------------------------------
|               OPTIMIZING CANDIDATE TREE SET                      |
--------------------------------------------------------------------
Iteration 30 / LogL: -5656.136 / Time: 0h:0m:1s (0h:0m:3s left)
Iteration 40 / LogL: -5643.606 / Time: 0h:0m:1s (0h:0m:2s left)
Iteration 50 / LogL: -5642.720 / Time: 0h:0m:2s (0h:0m:2s left)
Iteration 60 / LogL: -5643.261 / Time: 0h:0m:2s (0h:0m:1s left)
Iteration 70 / LogL: -5656.090 / Time: 0h:0m:2s (0h:0m:1s left)
Iteration 80 / LogL: -5643.519 / Time: 0h:0m:3s (0h:0m:0s left)
Iteration 90 / LogL: -5642.714 / Time: 0h:0m:3s (0h:0m:0s left)
Iteration 100 / LogL: -5643.483 / Time: 0h:0m:4s (0h:0m:0s left)
TREE SEARCH COMPLETED AFTER 102 ITERATIONS / Time: 0h:0m:4s

--------------------------------------------------------------------
|                    FINALIZING TREE SEARCH                        |
--------------------------------------------------------------------
Performs final model parameters optimization
Estimate model parameters (epsilon = 0.010)
1. Initial log-likelihood: -5642.710
Optimal log-likelihood: -5642.709
Rate parameters:  A-C: 2.56197  A-G: 4.83556  A-T: 2.20773  C-G: 1.70075  C-T: 5.82090  G-T: 1.00000
Base frequencies:  A: 0.190  C: 0.206  G: 0.272  T: 0.332
Gamma shape alpha: 0.386
Parameters optimization took 1 rounds (0.004 sec)
BEST SCORE FOUND : -5642.709

Testing tree branches by SH-like aLRT with 1000 replicates...
0.062 sec.
Total tree length: 1.699

Total number of iterations: 102
CPU time used for tree search: 4.149 sec (0h:0m:4s)
Wall-clock time used for tree search: 4.116 sec (0h:0m:4s)
Total CPU time used: 4.462 sec (0h:0m:4s)
Total wall-clock time used: 4.252 sec (0h:0m:4s)

Analysis results written to: 
  IQ-TREE report:                cluster619rr.1to1ortho.fa.aln-cln_gene104.fa.iqtree
  Maximum-likelihood tree:       cluster619rr.1to1ortho.fa.aln-cln_gene104.fa.treefile
  Likelihood distances:          cluster619rr.1to1ortho.fa.aln-cln_gene104.fa.mldist
  Screen log file:               cluster619rr.1to1ortho.fa.aln-cln_gene104.fa.log

Date and Time: Mon Nov 25 11:11:24 2019
