IQ-TREE multicore version 1.6.11 for Mac OS X 64-bit built Jul 12 2019
Developed by Bui Quang Minh, Nguyen Lam Tung, Olga Chernomor,
Heiko Schmidt, Dominik Schrempf, Michael Woodhams.

Host:    slpc437 (AVX2, FMA3, 16 GB RAM)
Command: iqtree -s cluster641rr.1to1ortho.fa.aln-cln_gene510.fa -nt 4 -m GTR+G -alrt 1000
Seed:    535695 (Using SPRNG - Scalable Parallel Random Number Generator)
Time:    Mon Nov 25 11:11:29 2019
Kernel:  AVX+FMA - 4 threads (6 CPU cores detected)

Reading alignment file cluster641rr.1to1ortho.fa.aln-cln_gene510.fa ... Fasta format detected
Alignment most likely contains DNA/RNA sequences
Alignment has 13 sequences with 1359 columns, 659 distinct patterns
477 parsimony-informative, 212 singleton sites, 670 constant sites
           Gap/Ambiguity  Composition  p-value
   1  DrolusSFB    4.42%    passed     75.61%
   2  Dino        10.30%    passed     99.14%
   3  MJM3360      7.95%    passed     66.93%
   4  DrobinSFB   10.52%    passed     84.85%
   5  Neam         3.53%    passed     65.44%
   6  RuprSFB      9.20%    passed     94.85%
   7  Retr        51.21%    passed     14.93%
   8  Beta         6.55%    passed     74.63%
   9  Spol         6.55%    passed     89.00%
  10  MJM1652     12.21%    passed     76.77%
  11  NepSFB       3.53%    passed     72.34%
  12  WPYJ        52.98%    passed     33.88%
  13  MJM2940      3.31%    passed     69.22%
WARNING: 2 sequences contain more than 50% gaps/ambiguity
****  TOTAL       14.02%  0 sequences failed composition chi2 test (p-value<5%; df=3)

Create initial parsimony tree by phylogenetic likelihood library (PLL)... 0.001 seconds

NOTE: 1 MB RAM (0 GB) is required!
Estimate model parameters (epsilon = 0.100)
1. Initial log-likelihood: -8529.134
2. Current log-likelihood: -8200.756
3. Current log-likelihood: -8195.956
Optimal log-likelihood: -8195.893
Rate parameters:  A-C: 1.63051  A-G: 4.60209  A-T: 1.78817  C-G: 1.83071  C-T: 7.20485  G-T: 1.00000
Base frequencies:  A: 0.316  C: 0.186  G: 0.222  T: 0.276
Gamma shape alpha: 0.533
Parameters optimization took 3 rounds (0.041 sec)
Computing ML distances based on estimated model parameters... 0.001 sec
Computing BIONJ tree...
0.002 seconds
Log-likelihood of BIONJ tree: -8197.203
--------------------------------------------------------------------
|             INITIALIZING CANDIDATE TREE SET                      |
--------------------------------------------------------------------
Generating 98 parsimony trees... 0.092 second
Computing log-likelihood of 98 initial trees ... 0.444 seconds
Current best score: -8195.026

Do NNI search on 20 best initial trees
Estimate model parameters (epsilon = 0.100)
BETTER TREE FOUND at iteration 1: -8193.209
Iteration 10 / LogL: -8193.241 / Time: 0h:0m:0s
Iteration 20 / LogL: -8193.415 / Time: 0h:0m:1s
Finish initializing candidate tree set (1)
Current best tree score: -8193.209 / CPU time: 1.155
Number of iterations: 20
--------------------------------------------------------------------
|               OPTIMIZING CANDIDATE TREE SET                      |
--------------------------------------------------------------------
Iteration 30 / LogL: -8194.491 / Time: 0h:0m:1s (0h:0m:3s left)
Iteration 40 / LogL: -8193.868 / Time: 0h:0m:1s (0h:0m:3s left)
Iteration 50 / LogL: -8210.689 / Time: 0h:0m:2s (0h:0m:2s left)
Iteration 60 / LogL: -8193.708 / Time: 0h:0m:2s (0h:0m:1s left)
Iteration 70 / LogL: -8193.236 / Time: 0h:0m:3s (0h:0m:1s left)
Iteration 80 / LogL: -8193.347 / Time: 0h:0m:3s (0h:0m:0s left)
Iteration 90 / LogL: -8193.249 / Time: 0h:0m:3s (0h:0m:0s left)
Iteration 100 / LogL: -8193.489 / Time: 0h:0m:4s (0h:0m:0s left)
TREE SEARCH COMPLETED AFTER 102 ITERATIONS / Time: 0h:0m:4s

--------------------------------------------------------------------
|                    FINALIZING TREE SEARCH                        |
--------------------------------------------------------------------
Performs final model parameters optimization
Estimate model parameters (epsilon = 0.010)
1. Initial log-likelihood: -8193.209
Optimal log-likelihood: -8193.207
Rate parameters:  A-C: 1.63804  A-G: 4.61106  A-T: 1.77558  C-G: 1.80981  C-T: 7.20747  G-T: 1.00000
Base frequencies:  A: 0.316  C: 0.186  G: 0.222  T: 0.276
Gamma shape alpha: 0.535
Parameters optimization took 1 rounds (0.005 sec)
BEST SCORE FOUND : -8193.207

Testing tree branches by SH-like aLRT with 1000 replicates...
0.084 sec.
Total tree length: 1.742

Total number of iterations: 102
CPU time used for tree search: 5.013 sec (0h:0m:5s)
Wall-clock time used for tree search: 4.326 sec (0h:0m:4s)
Total CPU time used: 5.405 sec (0h:0m:5s)
Total wall-clock time used: 4.479 sec (0h:0m:4s)

Analysis results written to: 
  IQ-TREE report:                cluster641rr.1to1ortho.fa.aln-cln_gene510.fa.iqtree
  Maximum-likelihood tree:       cluster641rr.1to1ortho.fa.aln-cln_gene510.fa.treefile
  Likelihood distances:          cluster641rr.1to1ortho.fa.aln-cln_gene510.fa.mldist
  Screen log file:               cluster641rr.1to1ortho.fa.aln-cln_gene510.fa.log

Date and Time: Mon Nov 25 11:11:34 2019
