IQ-TREE multicore version 1.6.11 for Mac OS X 64-bit built Jul 12 2019
Developed by Bui Quang Minh, Nguyen Lam Tung, Olga Chernomor,
Heiko Schmidt, Dominik Schrempf, Michael Woodhams.

Host:    slpc437 (AVX2, FMA3, 16 GB RAM)
Command: iqtree -s cluster5606rr.1to1ortho.fa.aln-cln_gene456.fa -nt 4 -m GTR+G -alrt 1000
Seed:    46424 (Using SPRNG - Scalable Parallel Random Number Generator)
Time:    Mon Nov 25 11:10:33 2019
Kernel:  AVX+FMA - 4 threads (6 CPU cores detected)

Reading alignment file cluster5606rr.1to1ortho.fa.aln-cln_gene456.fa ... Fasta format detected
Alignment most likely contains DNA/RNA sequences
Alignment has 13 sequences with 2199 columns, 1112 distinct patterns
872 parsimony-informative, 350 singleton sites, 977 constant sites
           Gap/Ambiguity  Composition  p-value
   1  DrolusSFB    0.68%    passed     89.76%
   2  Dino         0.14%    passed     74.79%
   3  MJM3360      3.14%    passed     25.46%
   4  DrobinSFB    0.14%    passed     44.38%
   5  Neam         0.14%    passed     92.75%
   6  RuprSFB      2.91%    passed     73.58%
   7  Retr        34.65%    passed     80.84%
   8  Beta         0.14%    passed     37.65%
   9  Spol         0.14%    passed     35.70%
  10  MJM1652      4.82%    passed     41.26%
  11  NepSFB       0.14%    passed     73.78%
  12  WPYJ         7.82%    passed     95.53%
  13  MJM2940      0.68%    passed     97.46%
****  TOTAL        4.27%  0 sequences failed composition chi2 test (p-value<5%; df=3)

Create initial parsimony tree by phylogenetic likelihood library (PLL)... 0.001 seconds

NOTE: 1 MB RAM (0 GB) is required!
Estimate model parameters (epsilon = 0.100)
1. Initial log-likelihood: -15867.448
2. Current log-likelihood: -15298.434
3. Current log-likelihood: -15295.623
Optimal log-likelihood: -15295.590
Rate parameters:  A-C: 1.77986  A-G: 4.52974  A-T: 1.70745  C-G: 1.51839  C-T: 6.02649  G-T: 1.00000
Base frequencies:  A: 0.281  C: 0.174  G: 0.267  T: 0.278
Gamma shape alpha: 0.590
Parameters optimization took 3 rounds (0.049 sec)
Computing ML distances based on estimated model parameters... 0.002 sec
Computing BIONJ tree...
0.002 seconds
Log-likelihood of BIONJ tree: -15295.589
--------------------------------------------------------------------
|             INITIALIZING CANDIDATE TREE SET                      |
--------------------------------------------------------------------
Generating 99 parsimony trees... 0.109 second
Computing log-likelihood of 99 initial trees ... 0.497 seconds
Current best score: -15295.589

Do NNI search on 20 best initial trees
Estimate model parameters (epsilon = 0.100)
BETTER TREE FOUND at iteration 1: -15295.589
Iteration 10 / LogL: -15295.597 / Time: 0h:0m:0s
Iteration 20 / LogL: -15297.159 / Time: 0h:0m:1s
Finish initializing candidate tree set (1)
Current best tree score: -15295.589 / CPU time: 1.291
Number of iterations: 20
--------------------------------------------------------------------
|               OPTIMIZING CANDIDATE TREE SET                      |
--------------------------------------------------------------------
Iteration 30 / LogL: -15295.668 / Time: 0h:0m:1s (0h:0m:4s left)
Iteration 40 / LogL: -15295.793 / Time: 0h:0m:2s (0h:0m:3s left)
Iteration 50 / LogL: -15295.929 / Time: 0h:0m:2s (0h:0m:2s left)
Iteration 60 / LogL: -15295.666 / Time: 0h:0m:3s (0h:0m:2s left)
Iteration 70 / LogL: -15295.597 / Time: 0h:0m:3s (0h:0m:1s left)
Iteration 80 / LogL: -15295.600 / Time: 0h:0m:4s (0h:0m:1s left)
Iteration 90 / LogL: -15295.593 / Time: 0h:0m:4s (0h:0m:0s left)
Iteration 100 / LogL: -15296.036 / Time: 0h:0m:4s (0h:0m:0s left)
TREE SEARCH COMPLETED AFTER 102 ITERATIONS / Time: 0h:0m:5s

--------------------------------------------------------------------
|                    FINALIZING TREE SEARCH                        |
--------------------------------------------------------------------
Performs final model parameters optimization
Estimate model parameters (epsilon = 0.010)
1. Initial log-likelihood: -15295.589
Optimal log-likelihood: -15295.589
Rate parameters:  A-C: 1.78009  A-G: 4.53052  A-T: 1.70833  C-G: 1.51817  C-T: 6.02997  G-T: 1.00000
Base frequencies:  A: 0.281  C: 0.174  G: 0.267  T: 0.278
Gamma shape alpha: 0.590
Parameters optimization took 1 rounds (0.006 sec)
BEST SCORE FOUND : -15295.589

Testing tree branches by SH-like aLRT with 1000 replicates...
0.122 sec.
Total tree length: 1.781

Total number of iterations: 102
CPU time used for tree search: 7.160 sec (0h:0m:7s)
Wall-clock time used for tree search: 5.033 sec (0h:0m:5s)
Total CPU time used: 7.751 sec (0h:0m:7s)
Total wall-clock time used: 5.231 sec (0h:0m:5s)

Analysis results written to: 
  IQ-TREE report:                cluster5606rr.1to1ortho.fa.aln-cln_gene456.fa.iqtree
  Maximum-likelihood tree:       cluster5606rr.1to1ortho.fa.aln-cln_gene456.fa.treefile
  Likelihood distances:          cluster5606rr.1to1ortho.fa.aln-cln_gene456.fa.mldist
  Screen log file:               cluster5606rr.1to1ortho.fa.aln-cln_gene456.fa.log

Date and Time: Mon Nov 25 11:10:38 2019
