IQ-TREE multicore version 1.6.11 for Mac OS X 64-bit built Jul 12 2019
Developed by Bui Quang Minh, Nguyen Lam Tung, Olga Chernomor,
Heiko Schmidt, Dominik Schrempf, Michael Woodhams.

Host:    slpc437 (AVX2, FMA3, 16 GB RAM)
Command: iqtree -s cluster2826rr.1to1ortho.fa.aln-cln_gene709.fa -nt 4 -m GTR+G -alrt 1000
Seed:    299689 (Using SPRNG - Scalable Parallel Random Number Generator)
Time:    Mon Nov 25 10:14:38 2019
Kernel:  AVX+FMA - 4 threads (6 CPU cores detected)

Reading alignment file cluster2826rr.1to1ortho.fa.aln-cln_gene709.fa ... Fasta format detected
Alignment most likely contains DNA/RNA sequences
Alignment has 13 sequences with 1266 columns, 574 distinct patterns
443 parsimony-informative, 165 singleton sites, 658 constant sites
           Gap/Ambiguity  Composition  p-value
   1  DrolusSFB    2.29%    passed     34.73%
   2  Dino         1.97%    passed     79.87%
   3  MJM3360      8.69%    passed     78.86%
   4  DrobinSFB    7.27%    passed     16.03%
   5  Neam         3.00%    passed     78.68%
   6  RuprSFB      6.79%    passed     95.51%
   7  Retr         8.21%    passed     19.45%
   8  Beta         0.79%    passed     67.58%
   9  Spol         0.79%    passed     88.10%
  10  MJM1652      1.97%    passed     92.28%
  11  NepSFB       3.71%    passed     78.43%
  12  WPYJ         8.45%    passed     47.62%
  13  MJM2940      2.53%    passed     80.07%
****  TOTAL        4.34%  0 sequences failed composition chi2 test (p-value<5%; df=3)

Create initial parsimony tree by phylogenetic likelihood library (PLL)... 0.001 seconds

NOTE: 0 MB RAM (0 GB) is required!
Estimate model parameters (epsilon = 0.100)
1. Initial log-likelihood: -8441.477
2. Current log-likelihood: -8142.674
3. Current log-likelihood: -8139.652
Optimal log-likelihood: -8139.605
Rate parameters:  A-C: 1.58877  A-G: 4.85360  A-T: 1.17614  C-G: 1.45514  C-T: 3.66681  G-T: 1.00000
Base frequencies:  A: 0.219  C: 0.237  G: 0.208  T: 0.336
Gamma shape alpha: 0.400
Parameters optimization took 3 rounds (0.034 sec)
Computing ML distances based on estimated model parameters... 0.001 sec
Computing BIONJ tree...
0.002 seconds
Log-likelihood of BIONJ tree: -8139.604
--------------------------------------------------------------------
|             INITIALIZING CANDIDATE TREE SET                      |
--------------------------------------------------------------------
Generating 99 parsimony trees... 0.079 second
Computing log-likelihood of 98 initial trees ... 0.421 seconds
Current best score: -8139.604

Do NNI search on 20 best initial trees
Estimate model parameters (epsilon = 0.100)
BETTER TREE FOUND at iteration 1: -8139.601
Iteration 10 / LogL: -8139.671 / Time: 0h:0m:0s
Iteration 20 / LogL: -8139.628 / Time: 0h:0m:1s
Finish initializing candidate tree set (1)
Current best tree score: -8139.601 / CPU time: 1.092
Number of iterations: 20
--------------------------------------------------------------------
|               OPTIMIZING CANDIDATE TREE SET                      |
--------------------------------------------------------------------
Iteration 30 / LogL: -8139.630 / Time: 0h:0m:1s (0h:0m:3s left)
UPDATE BEST LOG-LIKELIHOOD: -8139.601
Iteration 40 / LogL: -8139.601 / Time: 0h:0m:1s (0h:0m:2s left)
Iteration 50 / LogL: -8139.625 / Time: 0h:0m:2s (0h:0m:2s left)
Iteration 60 / LogL: -8139.668 / Time: 0h:0m:2s (0h:0m:1s left)
UPDATE BEST LOG-LIKELIHOOD: -8139.601
Iteration 70 / LogL: -8139.785 / Time: 0h:0m:2s (0h:0m:1s left)
Iteration 80 / LogL: -8139.631 / Time: 0h:0m:3s (0h:0m:0s left)
Iteration 90 / LogL: -8139.677 / Time: 0h:0m:3s (0h:0m:0s left)
Iteration 100 / LogL: -8139.906 / Time: 0h:0m:4s (0h:0m:0s left)
TREE SEARCH COMPLETED AFTER 102 ITERATIONS / Time: 0h:0m:4s

--------------------------------------------------------------------
|                    FINALIZING TREE SEARCH                        |
--------------------------------------------------------------------
Performs final model parameters optimization
Estimate model parameters (epsilon = 0.010)
1. Initial log-likelihood: -8139.601
Optimal log-likelihood: -8139.600
Rate parameters:  A-C: 1.58818  A-G: 4.86202  A-T: 1.18139  C-G: 1.45014  C-T: 3.67612  G-T: 1.00000
Base frequencies:  A: 0.219  C: 0.237  G: 0.208  T: 0.336
Gamma shape alpha: 0.400
Parameters optimization took 1 rounds (0.005 sec)
BEST SCORE FOUND : -8139.600

Testing tree branches by SH-like aLRT with 1000 replicates...
0.078 sec.
Total tree length: 1.658

Total number of iterations: 102
CPU time used for tree search: 4.512 sec (0h:0m:4s)
Wall-clock time used for tree search: 4.073 sec (0h:0m:4s)
Total CPU time used: 4.862 sec (0h:0m:4s)
Total wall-clock time used: 4.210 sec (0h:0m:4s)

Analysis results written to: 
  IQ-TREE report:                cluster2826rr.1to1ortho.fa.aln-cln_gene709.fa.iqtree
  Maximum-likelihood tree:       cluster2826rr.1to1ortho.fa.aln-cln_gene709.fa.treefile
  Likelihood distances:          cluster2826rr.1to1ortho.fa.aln-cln_gene709.fa.mldist
  Screen log file:               cluster2826rr.1to1ortho.fa.aln-cln_gene709.fa.log

Date and Time: Mon Nov 25 10:14:42 2019
