IQ-TREE multicore version 1.6.11 for Mac OS X 64-bit built Jul 12 2019
Developed by Bui Quang Minh, Nguyen Lam Tung, Olga Chernomor,
Heiko Schmidt, Dominik Schrempf, Michael Woodhams.

Host:    slpc437 (AVX2, FMA3, 16 GB RAM)
Command: iqtree -s cluster3364rr.1to1ortho.fa.aln-cln_gene453.fa -nt 4 -m GTR+G -alrt 1000
Seed:    660900 (Using SPRNG - Scalable Parallel Random Number Generator)
Time:    Mon Nov 25 10:28:28 2019
Kernel:  AVX+FMA - 4 threads (6 CPU cores detected)

Reading alignment file cluster3364rr.1to1ortho.fa.aln-cln_gene453.fa ... Fasta format detected
Alignment most likely contains DNA/RNA sequences
Alignment has 13 sequences with 1791 columns, 822 distinct patterns
601 parsimony-informative, 254 singleton sites, 936 constant sites
           Gap/Ambiguity  Composition  p-value
   1  DrolusSFB    0.50%    passed     89.15%
   2  Dino        11.67%    passed     92.74%
   3  MJM3360     10.11%    passed     82.41%
   4  DrobinSFB    0.78%    passed      5.26%
   5  Neam        17.09%    passed     60.76%
   6  RuprSFB      5.30%    passed     70.53%
   7  Retr        53.77%    passed     79.99%
   8  Beta         0.84%    passed     20.82%
   9  Spol         0.67%    passed     26.16%
  10  MJM1652      1.12%    passed     64.63%
  11  NepSFB       0.67%    passed     41.65%
  12  WPYJ         1.01%    passed     95.90%
  13  MJM2940      1.01%    passed     75.60%
WARNING: 1 sequences contain more than 50% gaps/ambiguity
****  TOTAL        8.04%  0 sequences failed composition chi2 test (p-value<5%; df=3)

Create initial parsimony tree by phylogenetic likelihood library (PLL)... 0.001 seconds

NOTE: 1 MB RAM (0 GB) is required!
Estimate model parameters (epsilon = 0.100)
1. Initial log-likelihood: -11459.024
2. Current log-likelihood: -10974.103
3. Current log-likelihood: -10968.915
Optimal log-likelihood: -10968.811
Rate parameters:  A-C: 1.28275  A-G: 3.75472  A-T: 1.72762  C-G: 1.26726  C-T: 6.54544  G-T: 1.00000
Base frequencies:  A: 0.315  C: 0.194  G: 0.251  T: 0.240
Gamma shape alpha: 0.407
Parameters optimization took 3 rounds (0.043 sec)
Computing ML distances based on estimated model parameters... 0.002 sec
Computing BIONJ tree...
0.002 seconds
Log-likelihood of BIONJ tree: -10968.809
--------------------------------------------------------------------
|             INITIALIZING CANDIDATE TREE SET                      |
--------------------------------------------------------------------
Generating 99 parsimony trees... 0.100 second
Computing log-likelihood of 99 initial trees ... 0.461 seconds
Current best score: -10968.809

Do NNI search on 20 best initial trees
Estimate model parameters (epsilon = 0.100)
BETTER TREE FOUND at iteration 1: -10968.807
Iteration 10 / LogL: -10968.846 / Time: 0h:0m:0s
Iteration 20 / LogL: -10968.862 / Time: 0h:0m:1s
Finish initializing candidate tree set (1)
Current best tree score: -10968.807 / CPU time: 1.122
Number of iterations: 20
--------------------------------------------------------------------
|               OPTIMIZING CANDIDATE TREE SET                      |
--------------------------------------------------------------------
Iteration 30 / LogL: -10971.958 / Time: 0h:0m:1s (0h:0m:3s left)
Iteration 40 / LogL: -10972.013 / Time: 0h:0m:2s (0h:0m:3s left)
Iteration 50 / LogL: -10971.984 / Time: 0h:0m:2s (0h:0m:2s left)
Iteration 60 / LogL: -10968.810 / Time: 0h:0m:2s (0h:0m:1s left)
Iteration 70 / LogL: -10968.810 / Time: 0h:0m:3s (0h:0m:1s left)
Iteration 80 / LogL: -10969.075 / Time: 0h:0m:3s (0h:0m:0s left)
Iteration 90 / LogL: -10969.386 / Time: 0h:0m:3s (0h:0m:0s left)
Iteration 100 / LogL: -10970.167 / Time: 0h:0m:4s (0h:0m:0s left)
TREE SEARCH COMPLETED AFTER 102 ITERATIONS / Time: 0h:0m:4s

--------------------------------------------------------------------
|                    FINALIZING TREE SEARCH                        |
--------------------------------------------------------------------
Performs final model parameters optimization
Estimate model parameters (epsilon = 0.010)
1. Initial log-likelihood: -10968.807
2. Current log-likelihood: -10968.793
Optimal log-likelihood: -10968.792
Rate parameters:  A-C: 1.31319  A-G: 3.83909  A-T: 1.75828  C-G: 1.29616  C-T: 6.69155  G-T: 1.00000
Base frequencies:  A: 0.315  C: 0.194  G: 0.251  T: 0.240
Gamma shape alpha: 0.407
Parameters optimization took 2 rounds (0.011 sec)
BEST SCORE FOUND : -10968.792

Testing tree branches by SH-like aLRT with 1000 replicates...
0.103 sec.
Total tree length: 1.587

Total number of iterations: 102
CPU time used for tree search: 5.341 sec (0h:0m:5s)
Wall-clock time used for tree search: 4.209 sec (0h:0m:4s)
Total CPU time used: 5.836 sec (0h:0m:5s)
Total wall-clock time used: 4.387 sec (0h:0m:4s)

Analysis results written to: 
  IQ-TREE report:                cluster3364rr.1to1ortho.fa.aln-cln_gene453.fa.iqtree
  Maximum-likelihood tree:       cluster3364rr.1to1ortho.fa.aln-cln_gene453.fa.treefile
  Likelihood distances:          cluster3364rr.1to1ortho.fa.aln-cln_gene453.fa.mldist
  Screen log file:               cluster3364rr.1to1ortho.fa.aln-cln_gene453.fa.log

Date and Time: Mon Nov 25 10:28:33 2019
