IQ-TREE multicore version 1.6.11 for Mac OS X 64-bit built Jul 12 2019
Developed by Bui Quang Minh, Nguyen Lam Tung, Olga Chernomor,
Heiko Schmidt, Dominik Schrempf, Michael Woodhams.

Host:    slpc437 (AVX2, FMA3, 16 GB RAM)
Command: iqtree -s cluster4410rr.1to1ortho.fa.aln-cln_gene223.fa -nt 4 -m GTR+G -alrt 1000
Seed:    307468 (Using SPRNG - Scalable Parallel Random Number Generator)
Time:    Mon Nov 25 10:51:32 2019
Kernel:  AVX+FMA - 4 threads (6 CPU cores detected)

Reading alignment file cluster4410rr.1to1ortho.fa.aln-cln_gene223.fa ... Fasta format detected
Alignment most likely contains DNA/RNA sequences
Alignment has 13 sequences with 1430 columns, 649 distinct patterns
491 parsimony-informative, 215 singleton sites, 724 constant sites
           Gap/Ambiguity  Composition  p-value
   1  DrolusSFB    4.34%    passed     89.14%
   2  Dino         0.00%    passed     60.92%
   3  MJM3360      7.48%    passed     81.18%
   4  DrobinSFB    3.43%    passed     21.97%
   5  Neam         0.00%    passed     66.84%
   6  RuprSFB      5.52%    passed     29.25%
   7  Retr         6.36%    passed     77.15%
   8  Beta         8.11%    passed     92.98%
   9  Spol         7.48%    passed     94.15%
  10  MJM1652      0.00%    passed     43.41%
  11  NepSFB       0.00%    passed     67.48%
  12  WPYJ         7.62%    passed     47.06%
  13  MJM2940      4.34%    passed     87.78%
****  TOTAL        4.21%  0 sequences failed composition chi2 test (p-value<5%; df=3)

Create initial parsimony tree by phylogenetic likelihood library (PLL)... 0.001 seconds

NOTE: 1 MB RAM (0 GB) is required!
Estimate model parameters (epsilon = 0.100)
1. Initial log-likelihood: -9294.064
2. Current log-likelihood: -8941.852
3. Current log-likelihood: -8940.230
Optimal log-likelihood: -8940.206
Rate parameters:  A-C: 1.62143  A-G: 6.30202  A-T: 2.03477  C-G: 1.93292  C-T: 6.13605  G-T: 1.00000
Base frequencies:  A: 0.264  C: 0.219  G: 0.223  T: 0.295
Gamma shape alpha: 0.504
Parameters optimization took 3 rounds (0.046 sec)
Computing ML distances based on estimated model parameters... 0.001 sec
Computing BIONJ tree...
0.002 seconds
Log-likelihood of BIONJ tree: -8940.206
--------------------------------------------------------------------
|             INITIALIZING CANDIDATE TREE SET                      |
--------------------------------------------------------------------
Generating 99 parsimony trees... 0.079 second
Computing log-likelihood of 99 initial trees ... 0.426 seconds
Current best score: -8940.206

Do NNI search on 20 best initial trees
Estimate model parameters (epsilon = 0.100)
BETTER TREE FOUND at iteration 1: -8940.204
Iteration 10 / LogL: -8940.376 / Time: 0h:0m:0s
Iteration 20 / LogL: -8940.516 / Time: 0h:0m:1s
Finish initializing candidate tree set (1)
Current best tree score: -8940.204 / CPU time: 1.070
Number of iterations: 20
--------------------------------------------------------------------
|               OPTIMIZING CANDIDATE TREE SET                      |
--------------------------------------------------------------------
Iteration 30 / LogL: -8940.216 / Time: 0h:0m:1s (0h:0m:3s left)
Iteration 40 / LogL: -8940.234 / Time: 0h:0m:1s (0h:0m:3s left)
Iteration 50 / LogL: -8940.754 / Time: 0h:0m:2s (0h:0m:2s left)
Iteration 60 / LogL: -8940.243 / Time: 0h:0m:2s (0h:0m:1s left)
Iteration 70 / LogL: -8940.280 / Time: 0h:0m:3s (0h:0m:1s left)
Iteration 80 / LogL: -8940.300 / Time: 0h:0m:3s (0h:0m:0s left)
Iteration 90 / LogL: -8940.565 / Time: 0h:0m:3s (0h:0m:0s left)
Iteration 100 / LogL: -8940.243 / Time: 0h:0m:4s (0h:0m:0s left)
TREE SEARCH COMPLETED AFTER 102 ITERATIONS / Time: 0h:0m:4s

--------------------------------------------------------------------
|                    FINALIZING TREE SEARCH                        |
--------------------------------------------------------------------
Performs final model parameters optimization
Estimate model parameters (epsilon = 0.010)
1. Initial log-likelihood: -8940.204
Optimal log-likelihood: -8940.204
Rate parameters:  A-C: 1.62243  A-G: 6.31343  A-T: 2.03506  C-G: 1.93147  C-T: 6.12522  G-T: 1.00000
Base frequencies:  A: 0.264  C: 0.219  G: 0.223  T: 0.295
Gamma shape alpha: 0.504
Parameters optimization took 1 rounds (0.005 sec)
BEST SCORE FOUND : -8940.204

Testing tree branches by SH-like aLRT with 1000 replicates...
0.086 sec.
Total tree length: 1.469

Total number of iterations: 102
CPU time used for tree search: 4.902 sec (0h:0m:4s)
Wall-clock time used for tree search: 4.209 sec (0h:0m:4s)
Total CPU time used: 5.315 sec (0h:0m:5s)
Total wall-clock time used: 4.365 sec (0h:0m:4s)

Analysis results written to: 
  IQ-TREE report:                cluster4410rr.1to1ortho.fa.aln-cln_gene223.fa.iqtree
  Maximum-likelihood tree:       cluster4410rr.1to1ortho.fa.aln-cln_gene223.fa.treefile
  Likelihood distances:          cluster4410rr.1to1ortho.fa.aln-cln_gene223.fa.mldist
  Screen log file:               cluster4410rr.1to1ortho.fa.aln-cln_gene223.fa.log

Date and Time: Mon Nov 25 10:51:36 2019
