IQ-TREE multicore version 1.6.11 for Mac OS X 64-bit built Jul 12 2019
Developed by Bui Quang Minh, Nguyen Lam Tung, Olga Chernomor,
Heiko Schmidt, Dominik Schrempf, Michael Woodhams.

Host:    slpc437 (AVX2, FMA3, 16 GB RAM)
Command: iqtree -s cluster1892rr.1to1ortho.fa.aln-cln_gene919.fa -nt 4 -m GTR+G -alrt 1000
Seed:    40751 (Using SPRNG - Scalable Parallel Random Number Generator)
Time:    Mon Nov 25 09:51:28 2019
Kernel:  AVX+FMA - 4 threads (6 CPU cores detected)

Reading alignment file cluster1892rr.1to1ortho.fa.aln-cln_gene919.fa ... Fasta format detected
Alignment most likely contains DNA/RNA sequences
Alignment has 13 sequences with 1119 columns, 635 distinct patterns
435 parsimony-informative, 200 singleton sites, 484 constant sites
           Gap/Ambiguity  Composition  p-value
   1  DrolusSFB   24.49%    passed     89.46%
   2  Dino         1.16%    passed     16.03%
   3  MJM3360     35.39%    passed     67.57%
   4  DrobinSFB   16.98%    passed     49.06%
   5  Neam         0.27%    passed     83.85%
   6  RuprSFB     25.56%    passed     53.65%
   7  Retr        15.19%    passed     85.88%
   8  Beta         3.84%    passed     78.34%
   9  Spol         3.84%    passed     85.43%
  10  MJM1652      0.54%    passed     61.92%
  11  NepSFB       0.27%    passed     56.48%
  12  WPYJ        59.52%    passed     92.19%
  13  MJM2940     12.51%    passed     83.67%
WARNING: 1 sequences contain more than 50% gaps/ambiguity
****  TOTAL       15.35%  0 sequences failed composition chi2 test (p-value<5%; df=3)

Create initial parsimony tree by phylogenetic likelihood library (PLL)... 0.001 seconds

NOTE: 1 MB RAM (0 GB) is required!
Estimate model parameters (epsilon = 0.100)
1. Initial log-likelihood: -7535.845
2. Current log-likelihood: -7277.739
3. Current log-likelihood: -7276.445
Optimal log-likelihood: -7276.397
Rate parameters:  A-C: 1.96405  A-G: 5.32934  A-T: 2.22462  C-G: 1.42279  C-T: 4.45311  G-T: 1.00000
Base frequencies:  A: 0.226  C: 0.197  G: 0.242  T: 0.335
Gamma shape alpha: 0.695
Parameters optimization took 3 rounds (0.036 sec)
Computing ML distances based on estimated model parameters... 0.001 sec
Computing BIONJ tree...
0.002 seconds
Log-likelihood of BIONJ tree: -7276.805
--------------------------------------------------------------------
|             INITIALIZING CANDIDATE TREE SET                      |
--------------------------------------------------------------------
Generating 98 parsimony trees... 0.081 second
Computing log-likelihood of 97 initial trees ... 0.448 seconds
Current best score: -7276.397

Do NNI search on 20 best initial trees
Estimate model parameters (epsilon = 0.100)
BETTER TREE FOUND at iteration 1: -7276.396
Iteration 10 / LogL: -7276.556 / Time: 0h:0m:0s
Iteration 20 / LogL: -7276.432 / Time: 0h:0m:1s
Finish initializing candidate tree set (1)
Current best tree score: -7276.396 / CPU time: 1.118
Number of iterations: 20
--------------------------------------------------------------------
|               OPTIMIZING CANDIDATE TREE SET                      |
--------------------------------------------------------------------
UPDATE BEST LOG-LIKELIHOOD: -7276.396
Iteration 30 / LogL: -7276.536 / Time: 0h:0m:1s (0h:0m:3s left)
Iteration 40 / LogL: -7276.411 / Time: 0h:0m:1s (0h:0m:3s left)
Iteration 50 / LogL: -7276.432 / Time: 0h:0m:2s (0h:0m:2s left)
Iteration 60 / LogL: -7276.402 / Time: 0h:0m:2s (0h:0m:1s left)
Iteration 70 / LogL: -7276.615 / Time: 0h:0m:3s (0h:0m:1s left)
UPDATE BEST LOG-LIKELIHOOD: -7276.396
UPDATE BEST LOG-LIKELIHOOD: -7276.396
Iteration 80 / LogL: -7277.273 / Time: 0h:0m:3s (0h:0m:0s left)
Iteration 90 / LogL: -7276.666 / Time: 0h:0m:3s (0h:0m:0s left)
Iteration 100 / LogL: -7276.465 / Time: 0h:0m:4s (0h:0m:0s left)
TREE SEARCH COMPLETED AFTER 102 ITERATIONS / Time: 0h:0m:4s

--------------------------------------------------------------------
|                    FINALIZING TREE SEARCH                        |
--------------------------------------------------------------------
Performs final model parameters optimization
Estimate model parameters (epsilon = 0.010)
1. Initial log-likelihood: -7276.396
Optimal log-likelihood: -7276.396
Rate parameters:  A-C: 1.95576  A-G: 5.32838  A-T: 2.22044  C-G: 1.41936  C-T: 4.45358  G-T: 1.00000
Base frequencies:  A: 0.226  C: 0.197  G: 0.242  T: 0.335
Gamma shape alpha: 0.695
Parameters optimization took 1 rounds (0.005 sec)
BEST SCORE FOUND : -7276.396

Testing tree branches by SH-like aLRT with 1000 replicates...
0.070 sec.
Total tree length: 1.926

Total number of iterations: 102
CPU time used for tree search: 5.153 sec (0h:0m:5s)
Wall-clock time used for tree search: 4.501 sec (0h:0m:4s)
Total CPU time used: 5.483 sec (0h:0m:5s)
Total wall-clock time used: 4.632 sec (0h:0m:4s)

Analysis results written to: 
  IQ-TREE report:                cluster1892rr.1to1ortho.fa.aln-cln_gene919.fa.iqtree
  Maximum-likelihood tree:       cluster1892rr.1to1ortho.fa.aln-cln_gene919.fa.treefile
  Likelihood distances:          cluster1892rr.1to1ortho.fa.aln-cln_gene919.fa.mldist
  Screen log file:               cluster1892rr.1to1ortho.fa.aln-cln_gene919.fa.log

Date and Time: Mon Nov 25 09:51:32 2019
