IQ-TREE multicore version 1.6.11 for Mac OS X 64-bit built Jul 12 2019
Developed by Bui Quang Minh, Nguyen Lam Tung, Olga Chernomor,
Heiko Schmidt, Dominik Schrempf, Michael Woodhams.

Host:    slpc437 (AVX2, FMA3, 16 GB RAM)
Command: iqtree -s cluster2613rr.1to1ortho.fa.aln-cln_gene287.fa -nt 4 -m GTR+G -alrt 1000
Seed:    430987 (Using SPRNG - Scalable Parallel Random Number Generator)
Time:    Mon Nov 25 10:09:56 2019
Kernel:  AVX+FMA - 4 threads (6 CPU cores detected)

Reading alignment file cluster2613rr.1to1ortho.fa.aln-cln_gene287.fa ... Fasta format detected
Alignment most likely contains DNA/RNA sequences
Alignment has 13 sequences with 2321 columns, 1121 distinct patterns
907 parsimony-informative, 346 singleton sites, 1068 constant sites
           Gap/Ambiguity  Composition  p-value
   1  DrolusSFB    2.67%    passed     94.48%
   2  Dino         2.24%    passed     42.35%
   3  MJM3360      2.50%    passed     39.03%
   4  DrobinSFB    1.51%    passed     13.65%
   5  Neam         0.86%    passed     67.22%
   6  RuprSFB      2.37%    passed     86.40%
   7  Retr         9.95%    passed     94.98%
   8  Beta         1.25%    passed     49.14%
   9  Spol         1.25%    passed     73.82%
  10  MJM1652      3.71%    passed     99.39%
  11  NepSFB       0.86%    passed     53.03%
  12  WPYJ        21.33%    passed     81.95%
  13  MJM2940      1.90%    passed     54.83%
****  TOTAL        4.03%  0 sequences failed composition chi2 test (p-value<5%; df=3)

Create initial parsimony tree by phylogenetic likelihood library (PLL)... 0.001 seconds

NOTE: 1 MB RAM (0 GB) is required!
Estimate model parameters (epsilon = 0.100)
1. Initial log-likelihood: -16648.993
2. Current log-likelihood: -16064.560
3. Current log-likelihood: -16060.257
Optimal log-likelihood: -16060.174
Rate parameters:  A-C: 1.56776  A-G: 4.16933  A-T: 1.03022  C-G: 1.24000  C-T: 4.09957  G-T: 1.00000
Base frequencies:  A: 0.274  C: 0.204  G: 0.215  T: 0.307
Gamma shape alpha: 0.525
Parameters optimization took 3 rounds (0.049 sec)
Computing ML distances based on estimated model parameters... 0.002 sec
Computing BIONJ tree...
0.002 seconds
Log-likelihood of BIONJ tree: -16059.321
--------------------------------------------------------------------
|             INITIALIZING CANDIDATE TREE SET                      |
--------------------------------------------------------------------
Generating 98 parsimony trees... 0.121 second
Computing log-likelihood of 97 initial trees ... 0.486 seconds
Current best score: -16059.321

Do NNI search on 20 best initial trees
Estimate model parameters (epsilon = 0.100)
BETTER TREE FOUND at iteration 1: -16058.504
Iteration 10 / LogL: -16059.532 / Time: 0h:0m:0s
Iteration 20 / LogL: -16058.549 / Time: 0h:0m:1s
Finish initializing candidate tree set (1)
Current best tree score: -16058.504 / CPU time: 1.297
Number of iterations: 20
--------------------------------------------------------------------
|               OPTIMIZING CANDIDATE TREE SET                      |
--------------------------------------------------------------------
Iteration 30 / LogL: -16090.227 / Time: 0h:0m:1s (0h:0m:4s left)
UPDATE BEST LOG-LIKELIHOOD: -16058.504
Iteration 40 / LogL: -16088.385 / Time: 0h:0m:2s (0h:0m:3s left)
Iteration 50 / LogL: -16073.413 / Time: 0h:0m:2s (0h:0m:2s left)
Iteration 60 / LogL: -16088.324 / Time: 0h:0m:3s (0h:0m:2s left)
Iteration 70 / LogL: -16059.346 / Time: 0h:0m:3s (0h:0m:1s left)
Iteration 80 / LogL: -16088.316 / Time: 0h:0m:4s (0h:0m:1s left)
Iteration 90 / LogL: -16058.543 / Time: 0h:0m:4s (0h:0m:0s left)
Iteration 100 / LogL: -16058.546 / Time: 0h:0m:4s (0h:0m:0s left)
TREE SEARCH COMPLETED AFTER 102 ITERATIONS / Time: 0h:0m:5s

--------------------------------------------------------------------
|                    FINALIZING TREE SEARCH                        |
--------------------------------------------------------------------
Performs final model parameters optimization
Estimate model parameters (epsilon = 0.010)
1. Initial log-likelihood: -16058.504
Optimal log-likelihood: -16058.504
Rate parameters:  A-C: 1.56938  A-G: 4.16717  A-T: 1.03424  C-G: 1.23782  C-T: 4.10295  G-T: 1.00000
Base frequencies:  A: 0.274  C: 0.204  G: 0.215  T: 0.307
Gamma shape alpha: 0.527
Parameters optimization took 1 rounds (0.006 sec)
BEST SCORE FOUND : -16058.504

Testing tree branches by SH-like aLRT with 1000 replicates...
0.130 sec.
Total tree length: 1.820

Total number of iterations: 102
CPU time used for tree search: 7.241 sec (0h:0m:7s)
Wall-clock time used for tree search: 5.056 sec (0h:0m:5s)
Total CPU time used: 7.856 sec (0h:0m:7s)
Total wall-clock time used: 5.262 sec (0h:0m:5s)

Analysis results written to: 
  IQ-TREE report:                cluster2613rr.1to1ortho.fa.aln-cln_gene287.fa.iqtree
  Maximum-likelihood tree:       cluster2613rr.1to1ortho.fa.aln-cln_gene287.fa.treefile
  Likelihood distances:          cluster2613rr.1to1ortho.fa.aln-cln_gene287.fa.mldist
  Screen log file:               cluster2613rr.1to1ortho.fa.aln-cln_gene287.fa.log

Date and Time: Mon Nov 25 10:10:01 2019
