IQ-TREE multicore version 1.6.11 for Mac OS X 64-bit built Jul 12 2019
Developed by Bui Quang Minh, Nguyen Lam Tung, Olga Chernomor,
Heiko Schmidt, Dominik Schrempf, Michael Woodhams.

Host:    slpc437 (AVX2, FMA3, 16 GB RAM)
Command: iqtree -s cluster5078rr.1to1ortho.fa.aln-cln_gene560.fa -nt 4 -m GTR+G -alrt 1000
Seed:    13484 (Using SPRNG - Scalable Parallel Random Number Generator)
Time:    Mon Nov 25 11:04:35 2019
Kernel:  AVX+FMA - 4 threads (6 CPU cores detected)

Reading alignment file cluster5078rr.1to1ortho.fa.aln-cln_gene560.fa ... Fasta format detected
Alignment most likely contains DNA/RNA sequences
Alignment has 13 sequences with 2223 columns, 838 distinct patterns
708 parsimony-informative, 305 singleton sites, 1210 constant sites
           Gap/Ambiguity  Composition  p-value
   1  DrolusSFB    0.18%    passed     96.53%
   2  Dino         0.09%    passed     66.88%
   3  MJM3360      4.05%    passed     42.92%
   4  DrobinSFB    0.00%    passed     22.63%
   5  Neam         0.00%    passed     95.85%
   6  RuprSFB      1.21%    passed     95.56%
   7  Retr         0.13%    passed     93.19%
   8  Beta         0.58%    passed     46.43%
   9  Spol         0.58%    passed     89.35%
  10  MJM1652      0.00%    passed     84.65%
  11  NepSFB       0.00%    passed     98.68%
  12  WPYJ         0.27%    passed     97.19%
  13  MJM2940      0.67%    passed     87.57%
****  TOTAL        0.60%  0 sequences failed composition chi2 test (p-value<5%; df=3)

Create initial parsimony tree by phylogenetic likelihood library (PLL)... 0.001 seconds

NOTE: 1 MB RAM (0 GB) is required!
Estimate model parameters (epsilon = 0.100)
1. Initial log-likelihood: -14212.231
2. Current log-likelihood: -13599.155
3. Current log-likelihood: -13592.112
Optimal log-likelihood: -13592.002
Rate parameters:  A-C: 1.70165  A-G: 4.40802  A-T: 1.82254  C-G: 1.27692  C-T: 7.20279  G-T: 1.00000
Base frequencies:  A: 0.282  C: 0.190  G: 0.260  T: 0.268
Gamma shape alpha: 0.384
Parameters optimization took 3 rounds (0.041 sec)
Computing ML distances based on estimated model parameters... 0.002 sec
Computing BIONJ tree...
0.002 seconds
Log-likelihood of BIONJ tree: -13591.575
--------------------------------------------------------------------
|             INITIALIZING CANDIDATE TREE SET                      |
--------------------------------------------------------------------
Generating 98 parsimony trees... 0.097 second
Computing log-likelihood of 98 initial trees ... 0.439 seconds
Current best score: -13590.366

Do NNI search on 20 best initial trees
Estimate model parameters (epsilon = 0.100)
BETTER TREE FOUND at iteration 1: -13590.303
Iteration 10 / LogL: -13590.617 / Time: 0h:0m:0s
Iteration 20 / LogL: -13590.495 / Time: 0h:0m:1s
Finish initializing candidate tree set (1)
Current best tree score: -13590.303 / CPU time: 1.137
Number of iterations: 20
--------------------------------------------------------------------
|               OPTIMIZING CANDIDATE TREE SET                      |
--------------------------------------------------------------------
Iteration 30 / LogL: -13590.613 / Time: 0h:0m:1s (0h:0m:4s left)
Iteration 40 / LogL: -13590.601 / Time: 0h:0m:2s (0h:0m:3s left)
Iteration 50 / LogL: -13590.320 / Time: 0h:0m:2s (0h:0m:2s left)
Iteration 60 / LogL: -13591.152 / Time: 0h:0m:2s (0h:0m:1s left)
Iteration 70 / LogL: -13590.305 / Time: 0h:0m:3s (0h:0m:1s left)
Iteration 80 / LogL: -13590.396 / Time: 0h:0m:3s (0h:0m:0s left)
Iteration 90 / LogL: -13590.367 / Time: 0h:0m:4s (0h:0m:0s left)
Iteration 100 / LogL: -13590.305 / Time: 0h:0m:4s (0h:0m:0s left)
TREE SEARCH COMPLETED AFTER 102 ITERATIONS / Time: 0h:0m:4s

--------------------------------------------------------------------
|                    FINALIZING TREE SEARCH                        |
--------------------------------------------------------------------
Performs final model parameters optimization
Estimate model parameters (epsilon = 0.010)
1. Initial log-likelihood: -13590.303
Optimal log-likelihood: -13590.302
Rate parameters:  A-C: 1.69534  A-G: 4.42670  A-T: 1.82882  C-G: 1.27900  C-T: 7.20724  G-T: 1.00000
Base frequencies:  A: 0.282  C: 0.190  G: 0.260  T: 0.268
Gamma shape alpha: 0.385
Parameters optimization took 1 rounds (0.005 sec)
BEST SCORE FOUND : -13590.302

Testing tree branches by SH-like aLRT with 1000 replicates...
0.121 sec.
Total tree length: 1.402

Total number of iterations: 102
CPU time used for tree search: 5.939 sec (0h:0m:5s)
Wall-clock time used for tree search: 4.610 sec (0h:0m:4s)
Total CPU time used: 6.488 sec (0h:0m:6s)
Total wall-clock time used: 4.797 sec (0h:0m:4s)

Analysis results written to: 
  IQ-TREE report:                cluster5078rr.1to1ortho.fa.aln-cln_gene560.fa.iqtree
  Maximum-likelihood tree:       cluster5078rr.1to1ortho.fa.aln-cln_gene560.fa.treefile
  Likelihood distances:          cluster5078rr.1to1ortho.fa.aln-cln_gene560.fa.mldist
  Screen log file:               cluster5078rr.1to1ortho.fa.aln-cln_gene560.fa.log

Date and Time: Mon Nov 25 11:04:39 2019
