IQ-TREE multicore version 1.6.11 for Mac OS X 64-bit built Jul 12 2019
Developed by Bui Quang Minh, Nguyen Lam Tung, Olga Chernomor,
Heiko Schmidt, Dominik Schrempf, Michael Woodhams.

Host:    slpc437 (AVX2, FMA3, 16 GB RAM)
Command: iqtree -s cluster2554rr.1to1ortho.fa.aln-cln_gene807.fa -nt 4 -m GTR+G -alrt 1000
Seed:    421227 (Using SPRNG - Scalable Parallel Random Number Generator)
Time:    Mon Nov 25 10:07:32 2019
Kernel:  AVX+FMA - 4 threads (6 CPU cores detected)

Reading alignment file cluster2554rr.1to1ortho.fa.aln-cln_gene807.fa ... Fasta format detected
Alignment most likely contains DNA/RNA sequences
Alignment has 13 sequences with 1394 columns, 765 distinct patterns
498 parsimony-informative, 213 singleton sites, 683 constant sites
           Gap/Ambiguity  Composition  p-value
   1  DrolusSFB    4.23%    passed     69.79%
   2  Dino        41.10%    failed      0.00%
   3  MJM3360     12.41%    passed     92.59%
   4  DrobinSFB   40.96%    failed      0.00%
   5  Neam         3.80%    passed     88.54%
   6  RuprSFB     17.43%    passed     69.54%
   7  Retr        48.78%    failed      0.02%
   8  Beta        12.63%    failed      0.06%
   9  Spol        24.89%    failed      1.92%
  10  MJM1652      3.44%    passed     19.45%
  11  NepSFB       4.23%    passed     86.45%
  12  WPYJ        50.36%    failed      0.00%
  13  MJM2940      2.51%    passed     62.74%
WARNING: 1 sequences contain more than 50% gaps/ambiguity
****  TOTAL       20.52%  6 sequences failed composition chi2 test (p-value<5%; df=3)

Create initial parsimony tree by phylogenetic likelihood library (PLL)... 0.001 seconds

NOTE: 1 MB RAM (0 GB) is required!
Estimate model parameters (epsilon = 0.100)
1. Initial log-likelihood: -8753.303
2. Current log-likelihood: -8416.227
3. Current log-likelihood: -8412.371
Optimal log-likelihood: -8412.286
Rate parameters:  A-C: 1.20931  A-G: 1.94202  A-T: 1.10427  C-G: 0.95312  C-T: 5.41021  G-T: 1.00000
Base frequencies:  A: 0.280  C: 0.144  G: 0.354  T: 0.223
Gamma shape alpha: 0.523
Parameters optimization took 3 rounds (0.040 sec)
Computing ML distances based on estimated model parameters... 0.001 sec
Computing BIONJ tree...
0.002 seconds
Log-likelihood of BIONJ tree: -8415.104
--------------------------------------------------------------------
|             INITIALIZING CANDIDATE TREE SET                      |
--------------------------------------------------------------------
Generating 98 parsimony trees... 0.096 second
Computing log-likelihood of 97 initial trees ... 0.475 seconds
Current best score: -8412.286

Do NNI search on 20 best initial trees
Estimate model parameters (epsilon = 0.100)
BETTER TREE FOUND at iteration 1: -8409.043
Iteration 10 / LogL: -8409.044 / Time: 0h:0m:0s
Iteration 20 / LogL: -8409.061 / Time: 0h:0m:1s
Finish initializing candidate tree set (1)
Current best tree score: -8409.043 / CPU time: 1.398
Number of iterations: 20
--------------------------------------------------------------------
|               OPTIMIZING CANDIDATE TREE SET                      |
--------------------------------------------------------------------
Iteration 30 / LogL: -8409.513 / Time: 0h:0m:1s (0h:0m:4s left)
Iteration 40 / LogL: -8410.641 / Time: 0h:0m:2s (0h:0m:3s left)
Iteration 50 / LogL: -8410.620 / Time: 0h:0m:2s (0h:0m:2s left)
Iteration 60 / LogL: -8410.870 / Time: 0h:0m:3s (0h:0m:2s left)
Iteration 70 / LogL: -8410.616 / Time: 0h:0m:3s (0h:0m:1s left)
Iteration 80 / LogL: -8409.052 / Time: 0h:0m:4s (0h:0m:1s left)
Iteration 90 / LogL: -8410.048 / Time: 0h:0m:4s (0h:0m:0s left)
Iteration 100 / LogL: -8410.050 / Time: 0h:0m:5s (0h:0m:0s left)
TREE SEARCH COMPLETED AFTER 102 ITERATIONS / Time: 0h:0m:5s

--------------------------------------------------------------------
|                    FINALIZING TREE SEARCH                        |
--------------------------------------------------------------------
Performs final model parameters optimization
Estimate model parameters (epsilon = 0.010)
1. Initial log-likelihood: -8409.043
Optimal log-likelihood: -8409.041
Rate parameters:  A-C: 1.25653  A-G: 1.97186  A-T: 1.12686  C-G: 0.96587  C-T: 5.55752  G-T: 1.00000
Base frequencies:  A: 0.280  C: 0.144  G: 0.354  T: 0.223
Gamma shape alpha: 0.521
Parameters optimization took 1 rounds (0.005 sec)
BEST SCORE FOUND : -8409.041

Testing tree branches by SH-like aLRT with 1000 replicates...
0.085 sec.
Total tree length: 1.994

Total number of iterations: 102
CPU time used for tree search: 6.319 sec (0h:0m:6s)
Wall-clock time used for tree search: 5.129 sec (0h:0m:5s)
Total CPU time used: 6.724 sec (0h:0m:6s)
Total wall-clock time used: 5.281 sec (0h:0m:5s)

Analysis results written to: 
  IQ-TREE report:                cluster2554rr.1to1ortho.fa.aln-cln_gene807.fa.iqtree
  Maximum-likelihood tree:       cluster2554rr.1to1ortho.fa.aln-cln_gene807.fa.treefile
  Likelihood distances:          cluster2554rr.1to1ortho.fa.aln-cln_gene807.fa.mldist
  Screen log file:               cluster2554rr.1to1ortho.fa.aln-cln_gene807.fa.log

Date and Time: Mon Nov 25 10:07:37 2019
