IQ-TREE multicore version 1.6.11 for Mac OS X 64-bit built Jul 12 2019
Developed by Bui Quang Minh, Nguyen Lam Tung, Olga Chernomor,
Heiko Schmidt, Dominik Schrempf, Michael Woodhams.

Host:    slpc437 (AVX2, FMA3, 16 GB RAM)
Command: iqtree -s cluster2492rr.1to1ortho.fa.aln-cln_gene85.fa -nt 4 -m GTR+G -alrt 1000
Seed:    278880 (Using SPRNG - Scalable Parallel Random Number Generator)
Time:    Mon Nov 25 10:05:28 2019
Kernel:  AVX+FMA - 4 threads (6 CPU cores detected)

Reading alignment file cluster2492rr.1to1ortho.fa.aln-cln_gene85.fa ... Fasta format detected
Alignment most likely contains DNA/RNA sequences
Alignment has 13 sequences with 1903 columns, 893 distinct patterns
583 parsimony-informative, 371 singleton sites, 949 constant sites
           Gap/Ambiguity  Composition  p-value
   1  DrolusSFB    2.52%    passed     94.45%
   2  Dino         1.00%    passed     86.96%
   3  MJM3360     12.77%    passed     96.14%
   4  DrobinSFB    4.99%    passed     69.41%
   5  Neam         0.37%    passed     96.61%
   6  RuprSFB     10.98%    passed     91.78%
   7  Retr        32.21%    passed     77.13%
   8  Beta         9.93%    passed     81.14%
   9  Spol         9.93%    passed     84.33%
  10  MJM1652      0.53%    passed     95.57%
  11  NepSFB      38.41%    passed     17.98%
  12  WPYJ        50.92%    passed     98.39%
  13  MJM2940      2.52%    passed     87.03%
WARNING: 1 sequences contain more than 50% gaps/ambiguity
****  TOTAL       13.62%  0 sequences failed composition chi2 test (p-value<5%; df=3)

Create initial parsimony tree by phylogenetic likelihood library (PLL)... 0.001 seconds

NOTE: 1 MB RAM (0 GB) is required!
Estimate model parameters (epsilon = 0.100)
1. Initial log-likelihood: -11690.622
2. Current log-likelihood: -11225.530
3. Current log-likelihood: -11221.308
Optimal log-likelihood: -11221.258
Rate parameters:  A-C: 1.84661  A-G: 3.32568  A-T: 1.30857  C-G: 1.07809  C-T: 6.16593  G-T: 1.00000
Base frequencies:  A: 0.298  C: 0.172  G: 0.274  T: 0.256
Gamma shape alpha: 0.496
Parameters optimization took 3 rounds (0.067 sec)
Computing ML distances based on estimated model parameters... 0.002 sec
Computing BIONJ tree...
0.002 seconds
Log-likelihood of BIONJ tree: -11221.257
--------------------------------------------------------------------
|             INITIALIZING CANDIDATE TREE SET                      |
--------------------------------------------------------------------
Generating 99 parsimony trees... 0.108 second
Computing log-likelihood of 97 initial trees ... 0.473 seconds
Current best score: -11221.257

Do NNI search on 20 best initial trees
Estimate model parameters (epsilon = 0.100)
BETTER TREE FOUND at iteration 1: -11221.257
Iteration 10 / LogL: -11221.272 / Time: 0h:0m:0s
Iteration 20 / LogL: -11221.286 / Time: 0h:0m:1s
Finish initializing candidate tree set (2)
Current best tree score: -11221.257 / CPU time: 1.268
Number of iterations: 20
--------------------------------------------------------------------
|               OPTIMIZING CANDIDATE TREE SET                      |
--------------------------------------------------------------------
Iteration 30 / LogL: -11221.290 / Time: 0h:0m:1s (0h:0m:4s left)
Iteration 40 / LogL: -11221.276 / Time: 0h:0m:2s (0h:0m:3s left)
Iteration 50 / LogL: -11221.656 / Time: 0h:0m:2s (0h:0m:3s left)
Iteration 60 / LogL: -11221.282 / Time: 0h:0m:3s (0h:0m:2s left)
Iteration 70 / LogL: -11221.454 / Time: 0h:0m:3s (0h:0m:1s left)
UPDATE BEST LOG-LIKELIHOOD: -11221.257
Iteration 80 / LogL: -11221.950 / Time: 0h:0m:4s (0h:0m:1s left)
UPDATE BEST LOG-LIKELIHOOD: -11221.257
Iteration 90 / LogL: -11226.553 / Time: 0h:0m:4s (0h:0m:0s left)
Iteration 100 / LogL: -11221.270 / Time: 0h:0m:5s (0h:0m:0s left)
TREE SEARCH COMPLETED AFTER 102 ITERATIONS / Time: 0h:0m:5s

--------------------------------------------------------------------
|                    FINALIZING TREE SEARCH                        |
--------------------------------------------------------------------
Performs final model parameters optimization
Estimate model parameters (epsilon = 0.010)
1. Initial log-likelihood: -11221.257
Optimal log-likelihood: -11221.257
Rate parameters:  A-C: 1.84547  A-G: 3.32259  A-T: 1.30804  C-G: 1.07614  C-T: 6.17120  G-T: 1.00000
Base frequencies:  A: 0.298  C: 0.172  G: 0.274  T: 0.256
Gamma shape alpha: 0.496
Parameters optimization took 1 rounds (0.005 sec)
BEST SCORE FOUND : -11221.257

Testing tree branches by SH-like aLRT with 1000 replicates...
0.108 sec.
Total tree length: 1.625

Total number of iterations: 102
CPU time used for tree search: 6.979 sec (0h:0m:6s)
Wall-clock time used for tree search: 5.329 sec (0h:0m:5s)
Total CPU time used: 7.551 sec (0h:0m:7s)
Total wall-clock time used: 5.531 sec (0h:0m:5s)

Analysis results written to: 
  IQ-TREE report:                cluster2492rr.1to1ortho.fa.aln-cln_gene85.fa.iqtree
  Maximum-likelihood tree:       cluster2492rr.1to1ortho.fa.aln-cln_gene85.fa.treefile
  Likelihood distances:          cluster2492rr.1to1ortho.fa.aln-cln_gene85.fa.mldist
  Screen log file:               cluster2492rr.1to1ortho.fa.aln-cln_gene85.fa.log

Date and Time: Mon Nov 25 10:05:33 2019
