IQ-TREE multicore version 1.6.11 for Mac OS X 64-bit built Jul 12 2019
Developed by Bui Quang Minh, Nguyen Lam Tung, Olga Chernomor,
Heiko Schmidt, Dominik Schrempf, Michael Woodhams.

Host:    slpc437 (AVX2, FMA3, 16 GB RAM)
Command: iqtree -s cluster4547rr.1to1ortho.fa.aln-cln_gene344.fa -nt 4 -m GTR+G -alrt 1000
Seed:    879173 (Using SPRNG - Scalable Parallel Random Number Generator)
Time:    Mon Nov 25 10:54:47 2019
Kernel:  AVX+FMA - 4 threads (6 CPU cores detected)

Reading alignment file cluster4547rr.1to1ortho.fa.aln-cln_gene344.fa ... Fasta format detected
Alignment most likely contains DNA/RNA sequences
Alignment has 13 sequences with 873 columns, 437 distinct patterns
286 parsimony-informative, 148 singleton sites, 439 constant sites
           Gap/Ambiguity  Composition  p-value
   1  DrolusSFB   34.59%    passed     64.09%
   2  Dino        13.52%    passed     25.47%
   3  MJM3360     35.74%    passed     49.23%
   4  DrobinSFB   25.32%    passed     22.42%
   5  Neam         0.00%    passed     72.35%
   6  RuprSFB     36.08%    passed     33.89%
   7  Retr        57.50%    passed     21.50%
   8  Beta         4.70%    passed     18.52%
   9  Spol         5.27%    passed     21.11%
  10  MJM1652     12.49%    passed     54.61%
  11  NepSFB       0.00%    passed     58.44%
  12  WPYJ        38.14%    failed      3.95%
  13  MJM2940      0.00%    passed     85.44%
WARNING: 1 sequences contain more than 50% gaps/ambiguity
****  TOTAL       20.26%  1 sequences failed composition chi2 test (p-value<5%; df=3)

Create initial parsimony tree by phylogenetic likelihood library (PLL)... 0.001 seconds

NOTE: 0 MB RAM (0 GB) is required!
Estimate model parameters (epsilon = 0.100)
1. Initial log-likelihood: -5077.982
2. Current log-likelihood: -4828.787
3. Current log-likelihood: -4823.737
Optimal log-likelihood: -4823.652
Rate parameters:  A-C: 1.19168  A-G: 4.38369  A-T: 1.07378  C-G: 1.92921  C-T: 6.04341  G-T: 1.00000
Base frequencies:  A: 0.317  C: 0.194  G: 0.249  T: 0.240
Gamma shape alpha: 0.489
Parameters optimization took 3 rounds (0.033 sec)
Computing ML distances based on estimated model parameters... 0.001 sec
Computing BIONJ tree...
0.002 seconds
Log-likelihood of BIONJ tree: -4829.749
--------------------------------------------------------------------
|             INITIALIZING CANDIDATE TREE SET                      |
--------------------------------------------------------------------
Generating 98 parsimony trees... 0.072 second
Computing log-likelihood of 97 initial trees ... 0.440 seconds
Current best score: -4823.331

Do NNI search on 20 best initial trees
Estimate model parameters (epsilon = 0.100)
BETTER TREE FOUND at iteration 1: -4823.247
Estimate model parameters (epsilon = 0.100)
BETTER TREE FOUND at iteration 2: -4822.420
Iteration 10 / LogL: -4823.284 / Time: 0h:0m:0s
Iteration 20 / LogL: -4822.423 / Time: 0h:0m:1s
Finish initializing candidate tree set (3)
Current best tree score: -4822.420 / CPU time: 1.157
Number of iterations: 20
--------------------------------------------------------------------
|               OPTIMIZING CANDIDATE TREE SET                      |
--------------------------------------------------------------------
Iteration 30 / LogL: -4825.703 / Time: 0h:0m:1s (0h:0m:4s left)
Iteration 40 / LogL: -4822.430 / Time: 0h:0m:2s (0h:0m:3s left)
Iteration 50 / LogL: -4823.265 / Time: 0h:0m:2s (0h:0m:2s left)
Iteration 60 / LogL: -4822.443 / Time: 0h:0m:2s (0h:0m:2s left)
Iteration 70 / LogL: -4825.703 / Time: 0h:0m:3s (0h:0m:1s left)
Iteration 80 / LogL: -4822.427 / Time: 0h:0m:3s (0h:0m:1s left)
Iteration 90 / LogL: -4823.263 / Time: 0h:0m:4s (0h:0m:0s left)
Iteration 100 / LogL: -4825.706 / Time: 0h:0m:4s (0h:0m:0s left)
TREE SEARCH COMPLETED AFTER 103 ITERATIONS / Time: 0h:0m:4s

--------------------------------------------------------------------
|                    FINALIZING TREE SEARCH                        |
--------------------------------------------------------------------
Performs final model parameters optimization
Estimate model parameters (epsilon = 0.010)
1. Initial log-likelihood: -4822.420
Optimal log-likelihood: -4822.420
Rate parameters:  A-C: 1.18735  A-G: 4.40834  A-T: 1.06942  C-G: 1.92396  C-T: 6.05098  G-T: 1.00000
Base frequencies:  A: 0.317  C: 0.194  G: 0.249  T: 0.240
Gamma shape alpha: 0.490
Parameters optimization took 1 rounds (0.004 sec)
BEST SCORE FOUND : -4822.420

Testing tree branches by SH-like aLRT with 1000 replicates...
0.061 sec.
Total tree length: 1.801

Total number of iterations: 103
CPU time used for tree search: 4.823 sec (0h:0m:4s)
Wall-clock time used for tree search: 4.775 sec (0h:0m:4s)
Total CPU time used: 5.091 sec (0h:0m:5s)
Total wall-clock time used: 4.894 sec (0h:0m:4s)

Analysis results written to: 
  IQ-TREE report:                cluster4547rr.1to1ortho.fa.aln-cln_gene344.fa.iqtree
  Maximum-likelihood tree:       cluster4547rr.1to1ortho.fa.aln-cln_gene344.fa.treefile
  Likelihood distances:          cluster4547rr.1to1ortho.fa.aln-cln_gene344.fa.mldist
  Screen log file:               cluster4547rr.1to1ortho.fa.aln-cln_gene344.fa.log

Date and Time: Mon Nov 25 10:54:52 2019
