IQ-TREE multicore version 1.6.11 for Mac OS X 64-bit built Jul 12 2019
Developed by Bui Quang Minh, Nguyen Lam Tung, Olga Chernomor,
Heiko Schmidt, Dominik Schrempf, Michael Woodhams.

Host:    slpc437 (AVX2, FMA3, 16 GB RAM)
Command: iqtree -s cluster3151rr.1to1ortho.fa.aln-cln_gene590.fa -nt 4 -m GTR+G -alrt 1000
Seed:    392393 (Using SPRNG - Scalable Parallel Random Number Generator)
Time:    Mon Nov 25 10:22:29 2019
Kernel:  AVX+FMA - 4 threads (6 CPU cores detected)

Reading alignment file cluster3151rr.1to1ortho.fa.aln-cln_gene590.fa ... Fasta format detected
Alignment most likely contains DNA/RNA sequences
Alignment has 13 sequences with 618 columns, 239 distinct patterns
167 parsimony-informative, 76 singleton sites, 374 constant sites
           Gap/Ambiguity  Composition  p-value
   1  DrolusSFB    0.00%    passed     94.02%
   2  Dino         0.00%    passed     91.04%
   3  MJM3360      0.00%    passed     97.32%
   4  DrobinSFB    0.00%    passed     81.92%
   5  Neam         0.00%    passed     83.98%
   6  RuprSFB      0.00%    passed     95.09%
   7  Retr         8.25%    passed     97.33%
   8  Beta         0.00%    passed     82.00%
   9  Spol         0.49%    passed     96.17%
  10  MJM1652      0.00%    passed     81.92%
  11  NepSFB       0.00%    passed     85.12%
  12  WPYJ        10.19%    passed     92.07%
  13  MJM2940      0.00%    passed     95.01%
****  TOTAL        1.46%  0 sequences failed composition chi2 test (p-value<5%; df=3)

Create initial parsimony tree by phylogenetic likelihood library (PLL)... 0.000 seconds

NOTE: 0 MB RAM (0 GB) is required!
WARNING: Number of threads seems too high for short alignments. Use -nt AUTO to determine best number of threads.
Estimate model parameters (epsilon = 0.100)
1. Initial log-likelihood: -3613.347
2. Current log-likelihood: -3400.496
3. Current log-likelihood: -3398.145
Optimal log-likelihood: -3398.113
Rate parameters:  A-C: 1.28218  A-G: 4.08162  A-T: 0.99356  C-G: 0.85221  C-T: 6.56426  G-T: 1.00000
Base frequencies:  A: 0.298  C: 0.182  G: 0.256  T: 0.265
Gamma shape alpha: 0.279
Parameters optimization took 3 rounds (0.025 sec)
Computing ML distances based on estimated model parameters... 0.001 sec
Computing BIONJ tree...
0.002 seconds
Log-likelihood of BIONJ tree: -3399.482
--------------------------------------------------------------------
|             INITIALIZING CANDIDATE TREE SET                      |
--------------------------------------------------------------------
Generating 98 parsimony trees... 0.061 second
Computing log-likelihood of 98 initial trees ... 0.367 seconds
Current best score: -3396.243

Do NNI search on 20 best initial trees
Estimate model parameters (epsilon = 0.100)
BETTER TREE FOUND at iteration 1: -3395.215
Iteration 10 / LogL: -3395.239 / Time: 0h:0m:0s
Iteration 20 / LogL: -3395.219 / Time: 0h:0m:1s
Finish initializing candidate tree set (1)
Current best tree score: -3395.215 / CPU time: 0.990
Number of iterations: 20
--------------------------------------------------------------------
|               OPTIMIZING CANDIDATE TREE SET                      |
--------------------------------------------------------------------
Iteration 30 / LogL: -3395.575 / Time: 0h:0m:1s (0h:0m:3s left)
Iteration 40 / LogL: -3395.258 / Time: 0h:0m:1s (0h:0m:2s left)
UPDATE BEST LOG-LIKELIHOOD: -3395.215
Iteration 50 / LogL: -3395.223 / Time: 0h:0m:2s (0h:0m:2s left)
Iteration 60 / LogL: -3395.227 / Time: 0h:0m:2s (0h:0m:1s left)
Iteration 70 / LogL: -3395.228 / Time: 0h:0m:2s (0h:0m:1s left)
Iteration 80 / LogL: -3395.227 / Time: 0h:0m:2s (0h:0m:0s left)
UPDATE BEST LOG-LIKELIHOOD: -3395.215
Iteration 90 / LogL: -3395.321 / Time: 0h:0m:3s (0h:0m:0s left)
Iteration 100 / LogL: -3395.229 / Time: 0h:0m:3s (0h:0m:0s left)
TREE SEARCH COMPLETED AFTER 102 ITERATIONS / Time: 0h:0m:3s

--------------------------------------------------------------------
|                    FINALIZING TREE SEARCH                        |
--------------------------------------------------------------------
Performs final model parameters optimization
Estimate model parameters (epsilon = 0.010)
1. Initial log-likelihood: -3395.215
Optimal log-likelihood: -3395.215
Rate parameters:  A-C: 1.50814  A-G: 4.72993  A-T: 1.09409  C-G: 0.95073  C-T: 7.41503  G-T: 1.00000
Base frequencies:  A: 0.298  C: 0.182  G: 0.256  T: 0.265
Gamma shape alpha: 0.276
Parameters optimization took 1 rounds (0.003 sec)
BEST SCORE FOUND : -3395.215

Testing tree branches by SH-like aLRT with 1000 replicates...
0.044 sec.
Total tree length: 1.236

Total number of iterations: 102
CPU time used for tree search: 3.047 sec (0h:0m:3s)
Wall-clock time used for tree search: 3.584 sec (0h:0m:3s)
Total CPU time used: 3.232 sec (0h:0m:3s)
Total wall-clock time used: 3.676 sec (0h:0m:3s)

Analysis results written to: 
  IQ-TREE report:                cluster3151rr.1to1ortho.fa.aln-cln_gene590.fa.iqtree
  Maximum-likelihood tree:       cluster3151rr.1to1ortho.fa.aln-cln_gene590.fa.treefile
  Likelihood distances:          cluster3151rr.1to1ortho.fa.aln-cln_gene590.fa.mldist
  Screen log file:               cluster3151rr.1to1ortho.fa.aln-cln_gene590.fa.log

Date and Time: Mon Nov 25 10:22:33 2019
