IQ-TREE multicore version 1.6.11 for Mac OS X 64-bit built Jul 12 2019
Developed by Bui Quang Minh, Nguyen Lam Tung, Olga Chernomor,
Heiko Schmidt, Dominik Schrempf, Michael Woodhams.

Host:    slpc437 (AVX2, FMA3, 16 GB RAM)
Command: iqtree -s cluster4546rr.1to1ortho.fa.aln-cln_gene728.fa -nt 4 -m GTR+G -alrt 1000
Seed:    151363 (Using SPRNG - Scalable Parallel Random Number Generator)
Time:    Mon Nov 25 10:54:43 2019
Kernel:  AVX+FMA - 4 threads (6 CPU cores detected)

Reading alignment file cluster4546rr.1to1ortho.fa.aln-cln_gene728.fa ... Fasta format detected
Alignment most likely contains DNA/RNA sequences
Alignment has 13 sequences with 1359 columns, 672 distinct patterns
486 parsimony-informative, 239 singleton sites, 634 constant sites
           Gap/Ambiguity  Composition  p-value
   1  DrolusSFB    0.00%    passed     45.31%
   2  Dino         0.00%    passed     86.35%
   3  MJM3360      5.74%    passed     88.81%
   4  DrobinSFB    2.80%    passed     42.34%
   5  Neam         0.00%    passed     98.25%
   6  RuprSFB      4.93%    passed     89.10%
   7  Retr         1.32%    passed     81.98%
   8  Beta         1.32%    passed     90.68%
   9  Spol         1.32%    passed     87.06%
  10  MJM1652      2.13%    passed     97.44%
  11  NepSFB       0.00%    passed     95.09%
  12  WPYJ        52.39%    passed     30.40%
  13  MJM2940      0.00%    passed     53.45%
WARNING: 1 sequences contain more than 50% gaps/ambiguity
****  TOTAL        5.54%  0 sequences failed composition chi2 test (p-value<5%; df=3)

Create initial parsimony tree by phylogenetic likelihood library (PLL)... 0.001 seconds

NOTE: 1 MB RAM (0 GB) is required!
Estimate model parameters (epsilon = 0.100)
1. Initial log-likelihood: -9413.956
2. Current log-likelihood: -9071.146
3. Current log-likelihood: -9067.715
Optimal log-likelihood: -9067.652
Rate parameters:  A-C: 1.79971  A-G: 4.88256  A-T: 1.95686  C-G: 1.55667  C-T: 6.04868  G-T: 1.00000
Base frequencies:  A: 0.290  C: 0.190  G: 0.255  T: 0.264
Gamma shape alpha: 0.513
Parameters optimization took 3 rounds (0.037 sec)
Computing ML distances based on estimated model parameters... 0.001 sec
Computing BIONJ tree...
0.002 seconds
Log-likelihood of BIONJ tree: -9067.651
--------------------------------------------------------------------
|             INITIALIZING CANDIDATE TREE SET                      |
--------------------------------------------------------------------
Generating 99 parsimony trees... 0.090 second
Computing log-likelihood of 97 initial trees ... 0.433 seconds
Current best score: -9067.651

Do NNI search on 20 best initial trees
Estimate model parameters (epsilon = 0.100)
BETTER TREE FOUND at iteration 1: -9067.191
Iteration 10 / LogL: -9067.202 / Time: 0h:0m:0s
Iteration 20 / LogL: -9067.204 / Time: 0h:0m:1s
Finish initializing candidate tree set (2)
Current best tree score: -9067.191 / CPU time: 1.179
Number of iterations: 20
--------------------------------------------------------------------
|               OPTIMIZING CANDIDATE TREE SET                      |
--------------------------------------------------------------------
Iteration 30 / LogL: -9067.868 / Time: 0h:0m:1s (0h:0m:3s left)
Iteration 40 / LogL: -9067.230 / Time: 0h:0m:1s (0h:0m:3s left)
Iteration 50 / LogL: -9067.217 / Time: 0h:0m:2s (0h:0m:2s left)
Iteration 60 / LogL: -9067.195 / Time: 0h:0m:2s (0h:0m:1s left)
Iteration 70 / LogL: -9067.294 / Time: 0h:0m:3s (0h:0m:1s left)
Iteration 80 / LogL: -9067.739 / Time: 0h:0m:3s (0h:0m:0s left)
Iteration 90 / LogL: -9067.211 / Time: 0h:0m:4s (0h:0m:0s left)
Iteration 100 / LogL: -9067.366 / Time: 0h:0m:4s (0h:0m:0s left)
TREE SEARCH COMPLETED AFTER 102 ITERATIONS / Time: 0h:0m:4s

--------------------------------------------------------------------
|                    FINALIZING TREE SEARCH                        |
--------------------------------------------------------------------
Performs final model parameters optimization
Estimate model parameters (epsilon = 0.010)
1. Initial log-likelihood: -9067.191
Optimal log-likelihood: -9067.189
Rate parameters:  A-C: 1.78549  A-G: 4.89494  A-T: 1.97362  C-G: 1.53907  C-T: 6.04014  G-T: 1.00000
Base frequencies:  A: 0.290  C: 0.190  G: 0.255  T: 0.264
Gamma shape alpha: 0.511
Parameters optimization took 1 rounds (0.005 sec)
BEST SCORE FOUND : -9067.189

Testing tree branches by SH-like aLRT with 1000 replicates...
0.085 sec.
Total tree length: 1.834

Total number of iterations: 102
CPU time used for tree search: 5.393 sec (0h:0m:5s)
Wall-clock time used for tree search: 4.564 sec (0h:0m:4s)
Total CPU time used: 5.774 sec (0h:0m:5s)
Total wall-clock time used: 4.711 sec (0h:0m:4s)

Analysis results written to: 
  IQ-TREE report:                cluster4546rr.1to1ortho.fa.aln-cln_gene728.fa.iqtree
  Maximum-likelihood tree:       cluster4546rr.1to1ortho.fa.aln-cln_gene728.fa.treefile
  Likelihood distances:          cluster4546rr.1to1ortho.fa.aln-cln_gene728.fa.mldist
  Screen log file:               cluster4546rr.1to1ortho.fa.aln-cln_gene728.fa.log

Date and Time: Mon Nov 25 10:54:47 2019
