IQ-TREE multicore version 1.6.11 for Mac OS X 64-bit built Jul 12 2019
Developed by Bui Quang Minh, Nguyen Lam Tung, Olga Chernomor,
Heiko Schmidt, Dominik Schrempf, Michael Woodhams.

Host:    slpc437 (AVX2, FMA3, 16 GB RAM)
Command: iqtree -s cluster505rr.1to1ortho.fa.aln-cln_gene1019.fa -nt 4 -m GTR+G -alrt 1000
Seed:    977091 (Using SPRNG - Scalable Parallel Random Number Generator)
Time:    Mon Nov 25 11:04:15 2019
Kernel:  AVX+FMA - 4 threads (6 CPU cores detected)

Reading alignment file cluster505rr.1to1ortho.fa.aln-cln_gene1019.fa ... Fasta format detected
Alignment most likely contains DNA/RNA sequences
Alignment has 13 sequences with 2251 columns, 1078 distinct patterns
781 parsimony-informative, 394 singleton sites, 1076 constant sites
           Gap/Ambiguity  Composition  p-value
   1  DrolusSFB    0.71%    passed     98.50%
   2  Dino         3.24%    passed     97.91%
   3  MJM3360      1.87%    passed     87.86%
   4  DrobinSFB    2.58%    passed     90.41%
   5  Neam         0.44%    passed     48.10%
   6  RuprSFB      2.98%    passed     94.44%
   7  Retr        74.68%    passed     83.40%
   8  Beta         1.24%    passed     77.45%
   9  Spol         1.38%    passed     94.50%
  10  MJM1652     50.16%    failed      3.33%
  11  NepSFB      12.57%    passed     13.37%
  12  WPYJ         2.00%    passed     95.64%
  13  MJM2940      1.51%    passed     89.23%
WARNING: 2 sequences contain more than 50% gaps/ambiguity
****  TOTAL       11.95%  1 sequences failed composition chi2 test (p-value<5%; df=3)

Create initial parsimony tree by phylogenetic likelihood library (PLL)... 0.001 seconds

NOTE: 1 MB RAM (0 GB) is required!
Estimate model parameters (epsilon = 0.100)
1. Initial log-likelihood: -14503.595
2. Current log-likelihood: -13899.557
3. Current log-likelihood: -13894.706
Optimal log-likelihood: -13894.658
Rate parameters:  A-C: 1.61436  A-G: 4.45767  A-T: 1.73419  C-G: 1.49900  C-T: 5.40004  G-T: 1.00000
Base frequencies:  A: 0.289  C: 0.221  G: 0.237  T: 0.254
Gamma shape alpha: 0.588
Parameters optimization took 3 rounds (0.047 sec)
Computing ML distances based on estimated model parameters... 0.002 sec
Computing BIONJ tree...
0.002 seconds
Log-likelihood of BIONJ tree: -13892.695
--------------------------------------------------------------------
|             INITIALIZING CANDIDATE TREE SET                      |
--------------------------------------------------------------------
Generating 98 parsimony trees... 0.117 second
Computing log-likelihood of 98 initial trees ... 0.505 seconds
Current best score: -13892.695

Do NNI search on 20 best initial trees
Estimate model parameters (epsilon = 0.100)
BETTER TREE FOUND at iteration 1: -13892.681
Iteration 10 / LogL: -13892.684 / Time: 0h:0m:0s
Iteration 20 / LogL: -13892.773 / Time: 0h:0m:1s
Finish initializing candidate tree set (1)
Current best tree score: -13892.681 / CPU time: 1.290
Number of iterations: 20
--------------------------------------------------------------------
|               OPTIMIZING CANDIDATE TREE SET                      |
--------------------------------------------------------------------
Iteration 30 / LogL: -13892.691 / Time: 0h:0m:1s (0h:0m:4s left)
Iteration 40 / LogL: -13894.664 / Time: 0h:0m:2s (0h:0m:3s left)
Iteration 50 / LogL: -13892.686 / Time: 0h:0m:2s (0h:0m:2s left)
Iteration 60 / LogL: -13892.841 / Time: 0h:0m:3s (0h:0m:2s left)
Iteration 70 / LogL: -13892.751 / Time: 0h:0m:3s (0h:0m:1s left)
Iteration 80 / LogL: -13892.743 / Time: 0h:0m:4s (0h:0m:1s left)
Iteration 90 / LogL: -13892.779 / Time: 0h:0m:4s (0h:0m:0s left)
Iteration 100 / LogL: -13892.830 / Time: 0h:0m:5s (0h:0m:0s left)
TREE SEARCH COMPLETED AFTER 102 ITERATIONS / Time: 0h:0m:5s

--------------------------------------------------------------------
|                    FINALIZING TREE SEARCH                        |
--------------------------------------------------------------------
Performs final model parameters optimization
Estimate model parameters (epsilon = 0.010)
1. Initial log-likelihood: -13892.681
Optimal log-likelihood: -13892.679
Rate parameters:  A-C: 1.63958  A-G: 4.47399  A-T: 1.73706  C-G: 1.52144  C-T: 5.43885  G-T: 1.00000
Base frequencies:  A: 0.289  C: 0.221  G: 0.237  T: 0.254
Gamma shape alpha: 0.588
Parameters optimization took 1 rounds (0.006 sec)
BEST SCORE FOUND : -13892.679

Testing tree branches by SH-like aLRT with 1000 replicates...
0.126 sec.
Total tree length: 1.963

Total number of iterations: 102
CPU time used for tree search: 7.495 sec (0h:0m:7s)
Wall-clock time used for tree search: 5.320 sec (0h:0m:5s)
Total CPU time used: 8.088 sec (0h:0m:8s)
Total wall-clock time used: 5.522 sec (0h:0m:5s)

Analysis results written to: 
  IQ-TREE report:                cluster505rr.1to1ortho.fa.aln-cln_gene1019.fa.iqtree
  Maximum-likelihood tree:       cluster505rr.1to1ortho.fa.aln-cln_gene1019.fa.treefile
  Likelihood distances:          cluster505rr.1to1ortho.fa.aln-cln_gene1019.fa.mldist
  Screen log file:               cluster505rr.1to1ortho.fa.aln-cln_gene1019.fa.log

Date and Time: Mon Nov 25 11:04:21 2019
