IQ-TREE multicore version 1.6.11 for Mac OS X 64-bit built Jul 12 2019
Developed by Bui Quang Minh, Nguyen Lam Tung, Olga Chernomor,
Heiko Schmidt, Dominik Schrempf, Michael Woodhams.

Host:    slpc437 (AVX2, FMA3, 16 GB RAM)
Command: iqtree -s cluster3164rr.1to1ortho.fa.aln-cln_gene18.fa -nt 4 -m GTR+G -alrt 1000
Seed:    732389 (Using SPRNG - Scalable Parallel Random Number Generator)
Time:    Mon Nov 25 10:22:47 2019
Kernel:  AVX+FMA - 4 threads (6 CPU cores detected)

Reading alignment file cluster3164rr.1to1ortho.fa.aln-cln_gene18.fa ... Fasta format detected
Alignment most likely contains DNA/RNA sequences
Alignment has 13 sequences with 3841 columns, 1460 distinct patterns
1239 parsimony-informative, 381 singleton sites, 2221 constant sites
           Gap/Ambiguity  Composition  p-value
   1  DrolusSFB    0.81%    passed     76.28%
   2  Dino         0.96%    passed     63.99%
   3  MJM3360      0.89%    failed      0.93%
   4  DrobinSFB    1.12%    passed     29.53%
   5  Neam         0.73%    passed     95.69%
   6  RuprSFB      7.60%    passed     63.48%
   7  Retr         1.59%    passed     47.66%
   8  Beta         0.68%    passed     31.98%
   9  Spol         0.99%    passed     33.46%
  10  MJM1652      0.81%    passed     56.15%
  11  NepSFB       0.65%    passed     95.25%
  12  WPYJ        42.65%    passed     54.61%
  13  MJM2940      0.57%    passed     11.99%
****  TOTAL        4.62%  1 sequences failed composition chi2 test (p-value<5%; df=3)

Create initial parsimony tree by phylogenetic likelihood library (PLL)... 0.002 seconds

NOTE: 2 MB RAM (0 GB) is required!
Estimate model parameters (epsilon = 0.100)
1. Initial log-likelihood: -24450.089
2. Current log-likelihood: -23113.968
3. Current log-likelihood: -23093.991
4. Current log-likelihood: -23093.127
Optimal log-likelihood: -23093.045
Rate parameters:  A-C: 2.10140  A-G: 4.14236  A-T: 1.98258  C-G: 0.95205  C-T: 7.69910  G-T: 1.00000
Base frequencies:  A: 0.267  C: 0.195  G: 0.281  T: 0.258
Gamma shape alpha: 0.275
Parameters optimization took 4 rounds (0.076 sec)
Computing ML distances based on estimated model parameters... 0.002 sec
Computing BIONJ tree...
0.002 seconds
Log-likelihood of BIONJ tree: -23093.044
--------------------------------------------------------------------
|             INITIALIZING CANDIDATE TREE SET                      |
--------------------------------------------------------------------
Generating 99 parsimony trees... 0.157 second
Computing log-likelihood of 97 initial trees ... 0.528 seconds
Current best score: -23093.044

Do NNI search on 20 best initial trees
Estimate model parameters (epsilon = 0.100)
BETTER TREE FOUND at iteration 1: -23093.040
Iteration 10 / LogL: -23093.092 / Time: 0h:0m:1s
Iteration 20 / LogL: -23094.428 / Time: 0h:0m:1s
Finish initializing candidate tree set (1)
Current best tree score: -23093.040 / CPU time: 1.309
Number of iterations: 20
--------------------------------------------------------------------
|               OPTIMIZING CANDIDATE TREE SET                      |
--------------------------------------------------------------------
Iteration 30 / LogL: -23093.610 / Time: 0h:0m:1s (0h:0m:4s left)
Iteration 40 / LogL: -23093.113 / Time: 0h:0m:2s (0h:0m:3s left)
Iteration 50 / LogL: -23093.343 / Time: 0h:0m:2s (0h:0m:2s left)
Iteration 60 / LogL: -23093.148 / Time: 0h:0m:3s (0h:0m:2s left)
Iteration 70 / LogL: -23093.284 / Time: 0h:0m:3s (0h:0m:1s left)
UPDATE BEST LOG-LIKELIHOOD: -23093.040
Iteration 80 / LogL: -23093.158 / Time: 0h:0m:4s (0h:0m:1s left)
Iteration 90 / LogL: -23093.142 / Time: 0h:0m:4s (0h:0m:0s left)
Iteration 100 / LogL: -23093.066 / Time: 0h:0m:5s (0h:0m:0s left)
TREE SEARCH COMPLETED AFTER 102 ITERATIONS / Time: 0h:0m:5s

--------------------------------------------------------------------
|                    FINALIZING TREE SEARCH                        |
--------------------------------------------------------------------
Performs final model parameters optimization
Estimate model parameters (epsilon = 0.010)
1. Initial log-likelihood: -23093.040
Optimal log-likelihood: -23093.038
Rate parameters:  A-C: 2.10761  A-G: 4.15081  A-T: 1.98551  C-G: 0.95443  C-T: 7.70635  G-T: 1.00000
Base frequencies:  A: 0.267  C: 0.195  G: 0.281  T: 0.258
Gamma shape alpha: 0.275
Parameters optimization took 1 rounds (0.007 sec)
BEST SCORE FOUND : -23093.038

Testing tree branches by SH-like aLRT with 1000 replicates...
0.197 sec.
Total tree length: 1.640

Total number of iterations: 102
CPU time used for tree search: 8.411 sec (0h:0m:8s)
Wall-clock time used for tree search: 5.245 sec (0h:0m:5s)
Total CPU time used: 9.390 sec (0h:0m:9s)
Total wall-clock time used: 5.549 sec (0h:0m:5s)

Analysis results written to: 
  IQ-TREE report:                cluster3164rr.1to1ortho.fa.aln-cln_gene18.fa.iqtree
  Maximum-likelihood tree:       cluster3164rr.1to1ortho.fa.aln-cln_gene18.fa.treefile
  Likelihood distances:          cluster3164rr.1to1ortho.fa.aln-cln_gene18.fa.mldist
  Screen log file:               cluster3164rr.1to1ortho.fa.aln-cln_gene18.fa.log

Date and Time: Mon Nov 25 10:22:53 2019
