IQ-TREE multicore version 1.6.11 for Mac OS X 64-bit built Jul 12 2019
Developed by Bui Quang Minh, Nguyen Lam Tung, Olga Chernomor,
Heiko Schmidt, Dominik Schrempf, Michael Woodhams.

Host:    slpc437 (AVX2, FMA3, 16 GB RAM)
Command: iqtree -s cluster1767rr.1to1ortho.fa.aln-cln_gene222.fa -nt 4 -m GTR+G -alrt 1000
Seed:    758915 (Using SPRNG - Scalable Parallel Random Number Generator)
Time:    Mon Nov 25 09:48:41 2019
Kernel:  AVX+FMA - 4 threads (6 CPU cores detected)

Reading alignment file cluster1767rr.1to1ortho.fa.aln-cln_gene222.fa ... Fasta format detected
Alignment most likely contains DNA/RNA sequences
Alignment has 13 sequences with 1839 columns, 846 distinct patterns
642 parsimony-informative, 308 singleton sites, 889 constant sites
           Gap/Ambiguity  Composition  p-value
   1  DrolusSFB    3.59%    passed     75.96%
   2  Dino         7.83%    passed     83.75%
   3  MJM3360     15.28%    passed     93.56%
   4  DrobinSFB   15.39%    passed     61.05%
   5  Neam         0.87%    passed     78.92%
   6  RuprSFB     15.28%    passed     96.35%
   7  Retr        14.63%    passed     96.25%
   8  Beta        10.49%    passed     85.93%
   9  Spol        10.66%    passed     66.18%
  10  MJM1652     12.94%    passed     63.21%
  11  NepSFB       0.87%    passed     83.28%
  12  WPYJ        28.28%    passed     94.00%
  13  MJM2940      0.38%    passed     98.66%
****  TOTAL       10.50%  0 sequences failed composition chi2 test (p-value<5%; df=3)

Create initial parsimony tree by phylogenetic likelihood library (PLL)... 0.001 seconds

NOTE: 1 MB RAM (0 GB) is required!
Estimate model parameters (epsilon = 0.100)
1. Initial log-likelihood: -11897.758
2. Current log-likelihood: -11455.127
3. Current log-likelihood: -11452.096
Optimal log-likelihood: -11452.057
Rate parameters:  A-C: 2.22377  A-G: 5.03941  A-T: 1.57942  C-G: 1.92258  C-T: 6.69215  G-T: 1.00000
Base frequencies:  A: 0.276  C: 0.196  G: 0.246  T: 0.281
Gamma shape alpha: 0.548
Parameters optimization took 3 rounds (0.040 sec)
Computing ML distances based on estimated model parameters... 0.002 sec
Computing BIONJ tree...
0.002 seconds
Log-likelihood of BIONJ tree: -11453.733
--------------------------------------------------------------------
|             INITIALIZING CANDIDATE TREE SET                      |
--------------------------------------------------------------------
Generating 98 parsimony trees... 0.103 second
Computing log-likelihood of 96 initial trees ... 0.455 seconds
Current best score: -11452.057

Do NNI search on 20 best initial trees
Estimate model parameters (epsilon = 0.100)
BETTER TREE FOUND at iteration 1: -11452.056
UPDATE BEST LOG-LIKELIHOOD: -11452.052
UPDATE BEST LOG-LIKELIHOOD: -11452.042
Iteration 10 / LogL: -11452.045 / Time: 0h:0m:0s
Iteration 20 / LogL: -11452.178 / Time: 0h:0m:1s
Finish initializing candidate tree set (2)
Current best tree score: -11452.042 / CPU time: 1.178
Number of iterations: 20
--------------------------------------------------------------------
|               OPTIMIZING CANDIDATE TREE SET                      |
--------------------------------------------------------------------
Iteration 30 / LogL: -11452.067 / Time: 0h:0m:1s (0h:0m:4s left)
Iteration 40 / LogL: -11452.089 / Time: 0h:0m:2s (0h:0m:3s left)
Iteration 50 / LogL: -11452.064 / Time: 0h:0m:2s (0h:0m:2s left)
Iteration 60 / LogL: -11452.166 / Time: 0h:0m:3s (0h:0m:2s left)
Iteration 70 / LogL: -11452.057 / Time: 0h:0m:3s (0h:0m:1s left)
UPDATE BEST LOG-LIKELIHOOD: -11452.042
Iteration 80 / LogL: -11452.043 / Time: 0h:0m:4s (0h:0m:1s left)
Iteration 90 / LogL: -11452.101 / Time: 0h:0m:4s (0h:0m:0s left)
Iteration 100 / LogL: -11452.059 / Time: 0h:0m:5s (0h:0m:0s left)
TREE SEARCH COMPLETED AFTER 102 ITERATIONS / Time: 0h:0m:5s

--------------------------------------------------------------------
|                    FINALIZING TREE SEARCH                        |
--------------------------------------------------------------------
Performs final model parameters optimization
Estimate model parameters (epsilon = 0.010)
1. Initial log-likelihood: -11452.042
Optimal log-likelihood: -11452.037
Rate parameters:  A-C: 2.21289  A-G: 5.02405  A-T: 1.57598  C-G: 1.90952  C-T: 6.70338  G-T: 1.00000
Base frequencies:  A: 0.276  C: 0.196  G: 0.246  T: 0.281
Gamma shape alpha: 0.546
Parameters optimization took 1 rounds (0.006 sec)
BEST SCORE FOUND : -11452.037

Testing tree branches by SH-like aLRT with 1000 replicates...
0.107 sec.
Total tree length: 1.705

Total number of iterations: 102
CPU time used for tree search: 6.718 sec (0h:0m:6s)
Wall-clock time used for tree search: 5.217 sec (0h:0m:5s)
Total CPU time used: 7.205 sec (0h:0m:7s)
Total wall-clock time used: 5.390 sec (0h:0m:5s)

Analysis results written to: 
  IQ-TREE report:                cluster1767rr.1to1ortho.fa.aln-cln_gene222.fa.iqtree
  Maximum-likelihood tree:       cluster1767rr.1to1ortho.fa.aln-cln_gene222.fa.treefile
  Likelihood distances:          cluster1767rr.1to1ortho.fa.aln-cln_gene222.fa.mldist
  Screen log file:               cluster1767rr.1to1ortho.fa.aln-cln_gene222.fa.log

Date and Time: Mon Nov 25 09:48:47 2019
