IQ-TREE multicore version 1.6.11 for Mac OS X 64-bit built Jul 12 2019
Developed by Bui Quang Minh, Nguyen Lam Tung, Olga Chernomor,
Heiko Schmidt, Dominik Schrempf, Michael Woodhams.

Host:    slpc437 (AVX2, FMA3, 16 GB RAM)
Command: iqtree -s cluster3260rr.1to1ortho.fa.aln-cln_gene815.fa -nt 4 -m GTR+G -alrt 1000
Seed:    573318 (Using SPRNG - Scalable Parallel Random Number Generator)
Time:    Mon Nov 25 10:25:15 2019
Kernel:  AVX+FMA - 4 threads (6 CPU cores detected)

Reading alignment file cluster3260rr.1to1ortho.fa.aln-cln_gene815.fa ... Fasta format detected
Alignment most likely contains DNA/RNA sequences
Alignment has 13 sequences with 504 columns, 251 distinct patterns
180 parsimony-informative, 80 singleton sites, 244 constant sites
           Gap/Ambiguity  Composition  p-value
   1  DrolusSFB    0.00%    passed     97.90%
   2  Dino         0.00%    passed     91.92%
   3  MJM3360      1.39%    passed     98.70%
   4  DrobinSFB    0.00%    passed     77.61%
   5  Neam         0.00%    passed     93.41%
   6  RuprSFB      0.00%    passed     81.74%
   7  Retr         0.40%    passed     76.44%
   8  Beta         0.00%    passed     76.71%
   9  Spol         0.40%    passed     83.09%
  10  MJM1652      0.20%    passed     81.34%
  11  NepSFB       0.00%    passed     87.58%
  12  WPYJ         2.38%    passed     47.87%
  13  MJM2940      0.00%    passed     92.42%
****  TOTAL        0.37%  0 sequences failed composition chi2 test (p-value<5%; df=3)

Create initial parsimony tree by phylogenetic likelihood library (PLL)... 0.000 seconds

NOTE: 0 MB RAM (0 GB) is required!
WARNING: Number of threads seems too high for short alignments. Use -nt AUTO to determine best number of threads.
Estimate model parameters (epsilon = 0.100)
1. Initial log-likelihood: -3559.534
2. Current log-likelihood: -3458.622
3. Current log-likelihood: -3457.770
Optimal log-likelihood: -3457.757
Rate parameters:  A-C: 1.80012  A-G: 3.45566  A-T: 1.31310  C-G: 2.11535  C-T: 4.90682  G-T: 1.00000
Base frequencies:  A: 0.275  C: 0.224  G: 0.218  T: 0.283
Gamma shape alpha: 0.492
Parameters optimization took 3 rounds (0.024 sec)
Computing ML distances based on estimated model parameters... 0.001 sec
Computing BIONJ tree...
0.002 seconds
Log-likelihood of BIONJ tree: -3458.691
--------------------------------------------------------------------
|             INITIALIZING CANDIDATE TREE SET                      |
--------------------------------------------------------------------
Generating 98 parsimony trees... 0.064 second
Computing log-likelihood of 98 initial trees ... 0.383 seconds
Current best score: -3457.757

Do NNI search on 20 best initial trees
Estimate model parameters (epsilon = 0.100)
BETTER TREE FOUND at iteration 1: -3456.768
Iteration 10 / LogL: -3456.781 / Time: 0h:0m:0s
Iteration 20 / LogL: -3471.643 / Time: 0h:0m:0s
Finish initializing candidate tree set (2)
Current best tree score: -3456.768 / CPU time: 0.912
Number of iterations: 20
--------------------------------------------------------------------
|               OPTIMIZING CANDIDATE TREE SET                      |
--------------------------------------------------------------------
Iteration 30 / LogL: -3456.798 / Time: 0h:0m:1s (0h:0m:3s left)
UPDATE BEST LOG-LIKELIHOOD: -3456.767
Iteration 40 / LogL: -3456.773 / Time: 0h:0m:1s (0h:0m:2s left)
Iteration 50 / LogL: -3456.771 / Time: 0h:0m:1s (0h:0m:2s left)
Iteration 60 / LogL: -3457.514 / Time: 0h:0m:2s (0h:0m:1s left)
Iteration 70 / LogL: -3456.772 / Time: 0h:0m:2s (0h:0m:1s left)
Iteration 80 / LogL: -3456.777 / Time: 0h:0m:3s (0h:0m:0s left)
Iteration 90 / LogL: -3456.904 / Time: 0h:0m:3s (0h:0m:0s left)
Iteration 100 / LogL: -3471.624 / Time: 0h:0m:3s (0h:0m:0s left)
TREE SEARCH COMPLETED AFTER 102 ITERATIONS / Time: 0h:0m:4s

--------------------------------------------------------------------
|                    FINALIZING TREE SEARCH                        |
--------------------------------------------------------------------
Performs final model parameters optimization
Estimate model parameters (epsilon = 0.010)
1. Initial log-likelihood: -3456.767
Optimal log-likelihood: -3456.764
Rate parameters:  A-C: 1.80749  A-G: 3.48466  A-T: 1.32801  C-G: 2.14191  C-T: 4.95271  G-T: 1.00000
Base frequencies:  A: 0.275  C: 0.224  G: 0.218  T: 0.283
Gamma shape alpha: 0.490
Parameters optimization took 1 rounds (0.004 sec)
BEST SCORE FOUND : -3456.764

Testing tree branches by SH-like aLRT with 1000 replicates...
0.037 sec.
Total tree length: 1.641

Total number of iterations: 102
CPU time used for tree search: 3.418 sec (0h:0m:3s)
Wall-clock time used for tree search: 3.969 sec (0h:0m:3s)
Total CPU time used: 3.582 sec (0h:0m:3s)
Total wall-clock time used: 4.052 sec (0h:0m:4s)

Analysis results written to: 
  IQ-TREE report:                cluster3260rr.1to1ortho.fa.aln-cln_gene815.fa.iqtree
  Maximum-likelihood tree:       cluster3260rr.1to1ortho.fa.aln-cln_gene815.fa.treefile
  Likelihood distances:          cluster3260rr.1to1ortho.fa.aln-cln_gene815.fa.mldist
  Screen log file:               cluster3260rr.1to1ortho.fa.aln-cln_gene815.fa.log

Date and Time: Mon Nov 25 10:25:19 2019
