IQ-TREE multicore version 1.6.11 for Mac OS X 64-bit built Jul 12 2019
Developed by Bui Quang Minh, Nguyen Lam Tung, Olga Chernomor,
Heiko Schmidt, Dominik Schrempf, Michael Woodhams.

Host:    slpc437 (AVX2, FMA3, 16 GB RAM)
Command: iqtree -s cluster2566rr.1to1ortho.fa.aln-cln_gene233.fa -nt 4 -m GTR+G -alrt 1000
Seed:    579290 (Using SPRNG - Scalable Parallel Random Number Generator)
Time:    Mon Nov 25 10:08:00 2019
Kernel:  AVX+FMA - 4 threads (6 CPU cores detected)

Reading alignment file cluster2566rr.1to1ortho.fa.aln-cln_gene233.fa ... Fasta format detected
Alignment most likely contains DNA/RNA sequences
Alignment has 13 sequences with 1875 columns, 900 distinct patterns
722 parsimony-informative, 267 singleton sites, 886 constant sites
           Gap/Ambiguity  Composition  p-value
   1  DrolusSFB    8.16%    passed     86.46%
   2  Dino         0.11%    passed     79.45%
   3  MJM3360      1.49%    passed     90.50%
   4  DrobinSFB    2.35%    passed     76.66%
   5  Neam         0.32%    passed     67.65%
   6  RuprSFB      6.24%    passed     84.35%
   7  Retr        34.61%    passed     51.46%
   8  Beta         0.00%    passed     43.32%
   9  Spol         0.00%    passed     70.06%
  10  MJM1652      0.11%    passed     57.78%
  11  NepSFB       0.32%    passed     65.65%
  12  WPYJ         3.25%    passed     76.91%
  13  MJM2940      0.32%    passed     71.70%
****  TOTAL        4.41%  0 sequences failed composition chi2 test (p-value<5%; df=3)

Create initial parsimony tree by phylogenetic likelihood library (PLL)... 0.001 seconds

NOTE: 1 MB RAM (0 GB) is required!
Estimate model parameters (epsilon = 0.100)
1. Initial log-likelihood: -13043.942
2. Current log-likelihood: -12524.417
3. Current log-likelihood: -12520.302
Optimal log-likelihood: -12520.221
Rate parameters:  A-C: 2.11133  A-G: 4.83493  A-T: 1.32157  C-G: 1.42102  C-T: 5.66963  G-T: 1.00000
Base frequencies:  A: 0.258  C: 0.191  G: 0.252  T: 0.299
Gamma shape alpha: 0.498
Parameters optimization took 3 rounds (0.044 sec)
Computing ML distances based on estimated model parameters... 0.002 sec
Computing BIONJ tree...
0.002 seconds
Log-likelihood of BIONJ tree: -12520.221
--------------------------------------------------------------------
|             INITIALIZING CANDIDATE TREE SET                      |
--------------------------------------------------------------------
Generating 99 parsimony trees... 0.102 second
Computing log-likelihood of 99 initial trees ... 0.471 seconds
Current best score: -12517.388

Do NNI search on 20 best initial trees
Estimate model parameters (epsilon = 0.100)
BETTER TREE FOUND at iteration 1: -12517.301
Iteration 10 / LogL: -12517.344 / Time: 0h:0m:0s
Iteration 20 / LogL: -12517.313 / Time: 0h:0m:1s
Finish initializing candidate tree set (1)
Current best tree score: -12517.301 / CPU time: 1.184
Number of iterations: 20
--------------------------------------------------------------------
|               OPTIMIZING CANDIDATE TREE SET                      |
--------------------------------------------------------------------
Iteration 30 / LogL: -12517.452 / Time: 0h:0m:1s (0h:0m:4s left)
Iteration 40 / LogL: -12517.384 / Time: 0h:0m:2s (0h:0m:3s left)
Iteration 50 / LogL: -12517.336 / Time: 0h:0m:2s (0h:0m:2s left)
Iteration 60 / LogL: -12517.348 / Time: 0h:0m:2s (0h:0m:2s left)
Iteration 70 / LogL: -12517.512 / Time: 0h:0m:3s (0h:0m:1s left)
Iteration 80 / LogL: -12517.327 / Time: 0h:0m:3s (0h:0m:1s left)
Iteration 90 / LogL: -12517.374 / Time: 0h:0m:4s (0h:0m:0s left)
Iteration 100 / LogL: -12517.308 / Time: 0h:0m:4s (0h:0m:0s left)
TREE SEARCH COMPLETED AFTER 102 ITERATIONS / Time: 0h:0m:5s

--------------------------------------------------------------------
|                    FINALIZING TREE SEARCH                        |
--------------------------------------------------------------------
Performs final model parameters optimization
Estimate model parameters (epsilon = 0.010)
1. Initial log-likelihood: -12517.301
Optimal log-likelihood: -12517.299
Rate parameters:  A-C: 2.09598  A-G: 4.86227  A-T: 1.33561  C-G: 1.41614  C-T: 5.66840  G-T: 1.00000
Base frequencies:  A: 0.258  C: 0.191  G: 0.252  T: 0.299
Gamma shape alpha: 0.497
Parameters optimization took 1 rounds (0.006 sec)
BEST SCORE FOUND : -12517.299

Testing tree branches by SH-like aLRT with 1000 replicates...
0.108 sec.
Total tree length: 1.752

Total number of iterations: 102
CPU time used for tree search: 6.501 sec (0h:0m:6s)
Wall-clock time used for tree search: 4.937 sec (0h:0m:4s)
Total CPU time used: 7.008 sec (0h:0m:7s)
Total wall-clock time used: 5.115 sec (0h:0m:5s)

Analysis results written to: 
  IQ-TREE report:                cluster2566rr.1to1ortho.fa.aln-cln_gene233.fa.iqtree
  Maximum-likelihood tree:       cluster2566rr.1to1ortho.fa.aln-cln_gene233.fa.treefile
  Likelihood distances:          cluster2566rr.1to1ortho.fa.aln-cln_gene233.fa.mldist
  Screen log file:               cluster2566rr.1to1ortho.fa.aln-cln_gene233.fa.log

Date and Time: Mon Nov 25 10:08:05 2019
