IQ-TREE multicore version 1.6.11 for Mac OS X 64-bit built Jul 12 2019
Developed by Bui Quang Minh, Nguyen Lam Tung, Olga Chernomor,
Heiko Schmidt, Dominik Schrempf, Michael Woodhams.

Host:    slpc437 (AVX2, FMA3, 16 GB RAM)
Command: iqtree -s cluster1097rr.1to1ortho.fa.aln-cln_gene1047.fa -nt 4 -m GTR+G -alrt 1000
Seed:    664527 (Using SPRNG - Scalable Parallel Random Number Generator)
Time:    Mon Nov 25 09:36:38 2019
Kernel:  AVX+FMA - 4 threads (6 CPU cores detected)

Reading alignment file cluster1097rr.1to1ortho.fa.aln-cln_gene1047.fa ... Fasta format detected
Alignment most likely contains DNA/RNA sequences
Alignment has 13 sequences with 1998 columns, 876 distinct patterns
732 parsimony-informative, 278 singleton sites, 988 constant sites
           Gap/Ambiguity  Composition  p-value
   1  DrolusSFB    0.60%    passed     92.62%
   2  Dino         0.30%    passed     79.30%
   3  MJM3360      0.30%    passed     91.85%
   4  DrobinSFB    0.60%    passed     58.06%
   5  Neam         0.15%    passed     98.24%
   6  RuprSFB      0.45%    passed     88.56%
   7  Retr        17.07%    passed     78.61%
   8  Beta         0.30%    passed     72.93%
   9  Spol         0.45%    passed     91.30%
  10  MJM1652      0.30%    passed     89.13%
  11  NepSFB       0.15%    passed     97.72%
  12  WPYJ         7.41%    passed     92.72%
  13  MJM2940      0.15%    passed     96.13%
****  TOTAL        2.17%  0 sequences failed composition chi2 test (p-value<5%; df=3)

Create initial parsimony tree by phylogenetic likelihood library (PLL)... 0.001 seconds

NOTE: 1 MB RAM (0 GB) is required!
Estimate model parameters (epsilon = 0.100)
1. Initial log-likelihood: -13399.089
2. Current log-likelihood: -12870.829
3. Current log-likelihood: -12867.735
Optimal log-likelihood: -12867.683
Rate parameters:  A-C: 2.10226  A-G: 5.31732  A-T: 1.69491  C-G: 1.55447  C-T: 7.10770  G-T: 1.00000
Base frequencies:  A: 0.305  C: 0.188  G: 0.236  T: 0.271
Gamma shape alpha: 0.488
Parameters optimization took 3 rounds (0.041 sec)
Computing ML distances based on estimated model parameters... 0.002 sec
Computing BIONJ tree...
0.002 seconds
Log-likelihood of BIONJ tree: -12866.457
--------------------------------------------------------------------
|             INITIALIZING CANDIDATE TREE SET                      |
--------------------------------------------------------------------
Generating 98 parsimony trees... 0.100 second
Computing log-likelihood of 98 initial trees ... 0.454 seconds
Current best score: -12866.457

Do NNI search on 20 best initial trees
Estimate model parameters (epsilon = 0.100)
BETTER TREE FOUND at iteration 1: -12866.451
Iteration 10 / LogL: -12866.687 / Time: 0h:0m:0s
Iteration 20 / LogL: -12866.462 / Time: 0h:0m:1s
Finish initializing candidate tree set (2)
Current best tree score: -12866.451 / CPU time: 1.240
Number of iterations: 20
--------------------------------------------------------------------
|               OPTIMIZING CANDIDATE TREE SET                      |
--------------------------------------------------------------------
Iteration 30 / LogL: -12866.459 / Time: 0h:0m:1s (0h:0m:4s left)
Iteration 40 / LogL: -12866.465 / Time: 0h:0m:2s (0h:0m:3s left)
Iteration 50 / LogL: -12867.416 / Time: 0h:0m:2s (0h:0m:2s left)
Iteration 60 / LogL: -12866.476 / Time: 0h:0m:2s (0h:0m:2s left)
Iteration 70 / LogL: -12910.997 / Time: 0h:0m:3s (0h:0m:1s left)
UPDATE BEST LOG-LIKELIHOOD: -12866.451
Iteration 80 / LogL: -12866.576 / Time: 0h:0m:3s (0h:0m:0s left)
Iteration 90 / LogL: -12866.488 / Time: 0h:0m:4s (0h:0m:0s left)
Iteration 100 / LogL: -12866.481 / Time: 0h:0m:4s (0h:0m:0s left)
TREE SEARCH COMPLETED AFTER 102 ITERATIONS / Time: 0h:0m:4s

--------------------------------------------------------------------
|                    FINALIZING TREE SEARCH                        |
--------------------------------------------------------------------
Performs final model parameters optimization
Estimate model parameters (epsilon = 0.010)
1. Initial log-likelihood: -12866.451
Optimal log-likelihood: -12866.451
Rate parameters:  A-C: 2.11957  A-G: 5.31905  A-T: 1.69351  C-G: 1.55439  C-T: 7.10331  G-T: 1.00000
Base frequencies:  A: 0.305  C: 0.188  G: 0.236  T: 0.271
Gamma shape alpha: 0.489
Parameters optimization took 1 rounds (0.005 sec)
BEST SCORE FOUND : -12866.451

Testing tree branches by SH-like aLRT with 1000 replicates...
0.111 sec.
Total tree length: 1.531

Total number of iterations: 102
CPU time used for tree search: 6.032 sec (0h:0m:6s)
Wall-clock time used for tree search: 4.642 sec (0h:0m:4s)
Total CPU time used: 6.547 sec (0h:0m:6s)
Total wall-clock time used: 4.819 sec (0h:0m:4s)

Analysis results written to: 
  IQ-TREE report:                cluster1097rr.1to1ortho.fa.aln-cln_gene1047.fa.iqtree
  Maximum-likelihood tree:       cluster1097rr.1to1ortho.fa.aln-cln_gene1047.fa.treefile
  Likelihood distances:          cluster1097rr.1to1ortho.fa.aln-cln_gene1047.fa.mldist
  Screen log file:               cluster1097rr.1to1ortho.fa.aln-cln_gene1047.fa.log

Date and Time: Mon Nov 25 09:36:43 2019
