IQ-TREE multicore version 1.6.11 for Mac OS X 64-bit built Jul 12 2019
Developed by Bui Quang Minh, Nguyen Lam Tung, Olga Chernomor,
Heiko Schmidt, Dominik Schrempf, Michael Woodhams.

Host:    slpc437 (AVX2, FMA3, 16 GB RAM)
Command: iqtree -s cluster3130rr.1to1ortho.fa.aln-cln_gene983.fa -nt 4 -m GTR+G -alrt 1000
Seed:    294253 (Using SPRNG - Scalable Parallel Random Number Generator)
Time:    Mon Nov 25 10:21:56 2019
Kernel:  AVX+FMA - 4 threads (6 CPU cores detected)

Reading alignment file cluster3130rr.1to1ortho.fa.aln-cln_gene983.fa ... Fasta format detected
Alignment most likely contains DNA/RNA sequences
Alignment has 13 sequences with 1375 columns, 756 distinct patterns
546 parsimony-informative, 262 singleton sites, 567 constant sites
           Gap/Ambiguity  Composition  p-value
   1  DrolusSFB    0.73%    passed     93.63%
   2  Dino         2.55%    passed     76.70%
   3  MJM3360      7.93%    passed     81.32%
   4  DrobinSFB    8.22%    passed     63.49%
   5  Neam         0.73%    passed     74.97%
   6  RuprSFB      7.64%    passed     39.32%
   7  Retr         3.20%    passed     72.66%
   8  Beta         2.69%    passed     23.28%
   9  Spol         2.69%    passed     51.79%
  10  MJM1652      1.60%    passed     29.81%
  11  NepSFB       0.73%    passed     70.97%
  12  WPYJ        34.25%    passed     80.70%
  13  MJM2940      0.73%    passed     31.71%
****  TOTAL        5.67%  0 sequences failed composition chi2 test (p-value<5%; df=3)

Create initial parsimony tree by phylogenetic likelihood library (PLL)... 0.001 seconds

NOTE: 1 MB RAM (0 GB) is required!
Estimate model parameters (epsilon = 0.100)
1. Initial log-likelihood: -10127.496
2. Current log-likelihood: -9757.268
3. Current log-likelihood: -9753.645
Optimal log-likelihood: -9753.604
Rate parameters:  A-C: 1.96241  A-G: 4.31935  A-T: 1.23543  C-G: 2.03580  C-T: 6.51816  G-T: 1.00000
Base frequencies:  A: 0.284  C: 0.195  G: 0.256  T: 0.265
Gamma shape alpha: 0.670
Parameters optimization took 3 rounds (0.060 sec)
Computing ML distances based on estimated model parameters... 0.002 sec
Computing BIONJ tree...
0.002 seconds
Log-likelihood of BIONJ tree: -9749.522
--------------------------------------------------------------------
|             INITIALIZING CANDIDATE TREE SET                      |
--------------------------------------------------------------------
Generating 98 parsimony trees... 0.099 second
Computing log-likelihood of 98 initial trees ... 0.464 seconds
Current best score: -9749.522

Do NNI search on 20 best initial trees
Estimate model parameters (epsilon = 0.100)
BETTER TREE FOUND at iteration 1: -9749.518
Iteration 10 / LogL: -9749.602 / Time: 0h:0m:0s
Iteration 20 / LogL: -9749.779 / Time: 0h:0m:1s
Finish initializing candidate tree set (1)
Current best tree score: -9749.518 / CPU time: 1.294
Number of iterations: 20
--------------------------------------------------------------------
|               OPTIMIZING CANDIDATE TREE SET                      |
--------------------------------------------------------------------
Iteration 30 / LogL: -9750.275 / Time: 0h:0m:1s (0h:0m:4s left)
Iteration 40 / LogL: -9749.538 / Time: 0h:0m:2s (0h:0m:3s left)
Iteration 50 / LogL: -9749.732 / Time: 0h:0m:2s (0h:0m:2s left)
Iteration 60 / LogL: -9749.533 / Time: 0h:0m:3s (0h:0m:2s left)
Iteration 70 / LogL: -9749.573 / Time: 0h:0m:3s (0h:0m:1s left)
Iteration 80 / LogL: -9749.776 / Time: 0h:0m:3s (0h:0m:1s left)
Iteration 90 / LogL: -9749.540 / Time: 0h:0m:4s (0h:0m:0s left)
Iteration 100 / LogL: -9749.589 / Time: 0h:0m:4s (0h:0m:0s left)
TREE SEARCH COMPLETED AFTER 102 ITERATIONS / Time: 0h:0m:4s

--------------------------------------------------------------------
|                    FINALIZING TREE SEARCH                        |
--------------------------------------------------------------------
Performs final model parameters optimization
Estimate model parameters (epsilon = 0.010)
1. Initial log-likelihood: -9749.518
Optimal log-likelihood: -9749.517
Rate parameters:  A-C: 1.95459  A-G: 4.32563  A-T: 1.23564  C-G: 2.03319  C-T: 6.52105  G-T: 1.00000
Base frequencies:  A: 0.284  C: 0.195  G: 0.256  T: 0.265
Gamma shape alpha: 0.673
Parameters optimization took 1 rounds (0.005 sec)
BEST SCORE FOUND : -9749.517

Testing tree branches by SH-like aLRT with 1000 replicates...
0.086 sec.
Total tree length: 1.955

Total number of iterations: 102
CPU time used for tree search: 5.746 sec (0h:0m:5s)
Wall-clock time used for tree search: 4.717 sec (0h:0m:4s)
Total CPU time used: 6.192 sec (0h:0m:6s)
Total wall-clock time used: 4.888 sec (0h:0m:4s)

Analysis results written to: 
  IQ-TREE report:                cluster3130rr.1to1ortho.fa.aln-cln_gene983.fa.iqtree
  Maximum-likelihood tree:       cluster3130rr.1to1ortho.fa.aln-cln_gene983.fa.treefile
  Likelihood distances:          cluster3130rr.1to1ortho.fa.aln-cln_gene983.fa.mldist
  Screen log file:               cluster3130rr.1to1ortho.fa.aln-cln_gene983.fa.log

Date and Time: Mon Nov 25 10:22:01 2019
