IQ-TREE multicore version 1.6.11 for Mac OS X 64-bit built Jul 12 2019
Developed by Bui Quang Minh, Nguyen Lam Tung, Olga Chernomor,
Heiko Schmidt, Dominik Schrempf, Michael Woodhams.

Host:    slpc437 (AVX2, FMA3, 16 GB RAM)
Command: iqtree -s cluster5087rr.1to1ortho.fa.aln-cln_gene705.fa -nt 4 -m GTR+G -alrt 1000
Seed:    108262 (Using SPRNG - Scalable Parallel Random Number Generator)
Time:    Mon Nov 25 11:05:01 2019
Kernel:  AVX+FMA - 4 threads (6 CPU cores detected)

Reading alignment file cluster5087rr.1to1ortho.fa.aln-cln_gene705.fa ... Fasta format detected
Alignment most likely contains DNA/RNA sequences
Alignment has 13 sequences with 1103 columns, 470 distinct patterns
339 parsimony-informative, 155 singleton sites, 609 constant sites
           Gap/Ambiguity  Composition  p-value
   1  DrolusSFB    0.18%    passed     67.86%
   2  Dino         0.54%    passed     84.91%
   3  MJM3360      0.36%    passed     63.69%
   4  DrobinSFB    0.54%    passed     65.73%
   5  Neam         0.18%    passed     92.94%
   6  RuprSFB      0.45%    passed     93.19%
   7  Retr        34.72%    passed     15.07%
   8  Beta         1.18%    passed     77.13%
   9  Spol         1.18%    passed     79.16%
  10  MJM1652      0.82%    passed     60.11%
  11  NepSFB       0.18%    passed     90.13%
  12  WPYJ        17.14%    passed     66.45%
  13  MJM2940      0.18%    passed     98.58%
****  TOTAL        4.44%  0 sequences failed composition chi2 test (p-value<5%; df=3)

Create initial parsimony tree by phylogenetic likelihood library (PLL)... 0.001 seconds

NOTE: 0 MB RAM (0 GB) is required!
Estimate model parameters (epsilon = 0.100)
1. Initial log-likelihood: -6736.355
2. Current log-likelihood: -6462.836
3. Current log-likelihood: -6459.326
Optimal log-likelihood: -6459.289
Rate parameters:  A-C: 2.16227  A-G: 4.46431  A-T: 1.29517  C-G: 1.50971  C-T: 6.15411  G-T: 1.00000
Base frequencies:  A: 0.280  C: 0.189  G: 0.243  T: 0.288
Gamma shape alpha: 0.389
Parameters optimization took 3 rounds (0.034 sec)
Computing ML distances based on estimated model parameters... 0.001 sec
Computing BIONJ tree...
0.002 seconds
Log-likelihood of BIONJ tree: -6452.625
--------------------------------------------------------------------
|             INITIALIZING CANDIDATE TREE SET                      |
--------------------------------------------------------------------
Generating 98 parsimony trees... 0.075 second
Computing log-likelihood of 98 initial trees ... 0.399 seconds
Current best score: -6452.625

Do NNI search on 20 best initial trees
Estimate model parameters (epsilon = 0.100)
BETTER TREE FOUND at iteration 1: -6452.571
Iteration 10 / LogL: -6452.649 / Time: 0h:0m:0s
Iteration 20 / LogL: -6453.422 / Time: 0h:0m:1s
Finish initializing candidate tree set (1)
Current best tree score: -6452.571 / CPU time: 1.098
Number of iterations: 20
--------------------------------------------------------------------
|               OPTIMIZING CANDIDATE TREE SET                      |
--------------------------------------------------------------------
Iteration 30 / LogL: -6462.893 / Time: 0h:0m:1s (0h:0m:3s left)
Iteration 40 / LogL: -6452.874 / Time: 0h:0m:1s (0h:0m:2s left)
Iteration 50 / LogL: -6452.584 / Time: 0h:0m:2s (0h:0m:2s left)
Iteration 60 / LogL: -6452.628 / Time: 0h:0m:2s (0h:0m:1s left)
Iteration 70 / LogL: -6452.652 / Time: 0h:0m:3s (0h:0m:1s left)
Iteration 80 / LogL: -6452.575 / Time: 0h:0m:3s (0h:0m:0s left)
Iteration 90 / LogL: -6452.779 / Time: 0h:0m:3s (0h:0m:0s left)
Iteration 100 / LogL: -6453.575 / Time: 0h:0m:4s (0h:0m:0s left)
TREE SEARCH COMPLETED AFTER 102 ITERATIONS / Time: 0h:0m:4s

--------------------------------------------------------------------
|                    FINALIZING TREE SEARCH                        |
--------------------------------------------------------------------
Performs final model parameters optimization
Estimate model parameters (epsilon = 0.010)
1. Initial log-likelihood: -6452.571
Optimal log-likelihood: -6452.571
Rate parameters:  A-C: 2.26574  A-G: 4.66644  A-T: 1.35666  C-G: 1.56086  C-T: 6.39924  G-T: 1.00000
Base frequencies:  A: 0.280  C: 0.189  G: 0.243  T: 0.288
Gamma shape alpha: 0.393
Parameters optimization took 1 rounds (0.004 sec)
BEST SCORE FOUND : -6452.571

Testing tree branches by SH-like aLRT with 1000 replicates...
0.068 sec.
Total tree length: 1.377

Total number of iterations: 102
CPU time used for tree search: 4.326 sec (0h:0m:4s)
Wall-clock time used for tree search: 4.191 sec (0h:0m:4s)
Total CPU time used: 4.632 sec (0h:0m:4s)
Total wall-clock time used: 4.315 sec (0h:0m:4s)

Analysis results written to: 
  IQ-TREE report:                cluster5087rr.1to1ortho.fa.aln-cln_gene705.fa.iqtree
  Maximum-likelihood tree:       cluster5087rr.1to1ortho.fa.aln-cln_gene705.fa.treefile
  Likelihood distances:          cluster5087rr.1to1ortho.fa.aln-cln_gene705.fa.mldist
  Screen log file:               cluster5087rr.1to1ortho.fa.aln-cln_gene705.fa.log

Date and Time: Mon Nov 25 11:05:05 2019
