IQ-TREE multicore version 1.6.11 for Mac OS X 64-bit built Jul 12 2019
Developed by Bui Quang Minh, Nguyen Lam Tung, Olga Chernomor,
Heiko Schmidt, Dominik Schrempf, Michael Woodhams.

Host:    slpc437 (AVX2, FMA3, 16 GB RAM)
Command: iqtree -s cluster4171rr.1to1ortho.fa.aln-cln_gene691.fa -nt 4 -m GTR+G -alrt 1000
Seed:    370417 (Using SPRNG - Scalable Parallel Random Number Generator)
Time:    Mon Nov 25 10:45:09 2019
Kernel:  AVX+FMA - 4 threads (6 CPU cores detected)

Reading alignment file cluster4171rr.1to1ortho.fa.aln-cln_gene691.fa ... Fasta format detected
Alignment most likely contains DNA/RNA sequences
Alignment has 13 sequences with 1439 columns, 682 distinct patterns
502 parsimony-informative, 189 singleton sites, 748 constant sites
           Gap/Ambiguity  Composition  p-value
   1  DrolusSFB    0.56%    passed     90.35%
   2  Dino         2.64%    passed     97.97%
   3  MJM3360      8.06%    passed     89.72%
   4  DrobinSFB    1.32%    passed     97.42%
   5  Neam         0.21%    passed     68.65%
   6  RuprSFB      3.96%    passed     85.96%
   7  Retr        73.11%    passed     83.59%
   8  Beta         6.88%    passed     67.31%
   9  Spol         6.46%    passed     56.07%
  10  MJM1652      1.53%    passed     91.41%
  11  NepSFB       0.21%    passed     60.92%
  12  WPYJ        14.45%    passed     47.47%
  13  MJM2940      0.76%    passed     85.14%
WARNING: 1 sequences contain more than 50% gaps/ambiguity
****  TOTAL        9.24%  0 sequences failed composition chi2 test (p-value<5%; df=3)

Create initial parsimony tree by phylogenetic likelihood library (PLL)... 0.001 seconds

NOTE: 1 MB RAM (0 GB) is required!
Estimate model parameters (epsilon = 0.100)
1. Initial log-likelihood: -9078.004
2. Current log-likelihood: -8688.801
3. Current log-likelihood: -8685.822
Optimal log-likelihood: -8685.782
Rate parameters:  A-C: 2.21629  A-G: 6.23300  A-T: 1.78366  C-G: 2.26661  C-T: 7.18613  G-T: 1.00000
Base frequencies:  A: 0.265  C: 0.182  G: 0.246  T: 0.307
Gamma shape alpha: 0.431
Parameters optimization took 3 rounds (0.044 sec)
Computing ML distances based on estimated model parameters... 0.001 sec
Computing BIONJ tree...
0.002 seconds
Log-likelihood of BIONJ tree: -8682.746
--------------------------------------------------------------------
|             INITIALIZING CANDIDATE TREE SET                      |
--------------------------------------------------------------------
Generating 98 parsimony trees... 0.091 second
Computing log-likelihood of 98 initial trees ... 0.439 seconds
Current best score: -8682.746

Do NNI search on 20 best initial trees
Estimate model parameters (epsilon = 0.100)
BETTER TREE FOUND at iteration 1: -8681.587
Iteration 10 / LogL: -8681.590 / Time: 0h:0m:0s
Iteration 20 / LogL: -8681.591 / Time: 0h:0m:1s
Finish initializing candidate tree set (2)
Current best tree score: -8681.587 / CPU time: 1.307
Number of iterations: 20
--------------------------------------------------------------------
|               OPTIMIZING CANDIDATE TREE SET                      |
--------------------------------------------------------------------
Iteration 30 / LogL: -8681.693 / Time: 0h:0m:1s (0h:0m:4s left)
Iteration 40 / LogL: -8687.077 / Time: 0h:0m:2s (0h:0m:3s left)
Iteration 50 / LogL: -8681.842 / Time: 0h:0m:2s (0h:0m:2s left)
Iteration 60 / LogL: -8681.593 / Time: 0h:0m:3s (0h:0m:2s left)
Iteration 70 / LogL: -8681.601 / Time: 0h:0m:3s (0h:0m:1s left)
Iteration 80 / LogL: -8687.078 / Time: 0h:0m:4s (0h:0m:1s left)
Iteration 90 / LogL: -8687.220 / Time: 0h:0m:4s (0h:0m:0s left)
Iteration 100 / LogL: -8681.600 / Time: 0h:0m:5s (0h:0m:0s left)
TREE SEARCH COMPLETED AFTER 102 ITERATIONS / Time: 0h:0m:5s

--------------------------------------------------------------------
|                    FINALIZING TREE SEARCH                        |
--------------------------------------------------------------------
Performs final model parameters optimization
Estimate model parameters (epsilon = 0.010)
1. Initial log-likelihood: -8681.587
Optimal log-likelihood: -8681.586
Rate parameters:  A-C: 2.21639  A-G: 6.27646  A-T: 1.76346  C-G: 2.28207  C-T: 7.15068  G-T: 1.00000
Base frequencies:  A: 0.265  C: 0.182  G: 0.246  T: 0.307
Gamma shape alpha: 0.430
Parameters optimization took 1 rounds (0.005 sec)
BEST SCORE FOUND : -8681.586

Testing tree branches by SH-like aLRT with 1000 replicates...
0.087 sec.
Total tree length: 1.572

Total number of iterations: 102
CPU time used for tree search: 6.202 sec (0h:0m:6s)
Wall-clock time used for tree search: 5.241 sec (0h:0m:5s)
Total CPU time used: 6.613 sec (0h:0m:6s)
Total wall-clock time used: 5.397 sec (0h:0m:5s)

Analysis results written to: 
  IQ-TREE report:                cluster4171rr.1to1ortho.fa.aln-cln_gene691.fa.iqtree
  Maximum-likelihood tree:       cluster4171rr.1to1ortho.fa.aln-cln_gene691.fa.treefile
  Likelihood distances:          cluster4171rr.1to1ortho.fa.aln-cln_gene691.fa.mldist
  Screen log file:               cluster4171rr.1to1ortho.fa.aln-cln_gene691.fa.log

Date and Time: Mon Nov 25 10:45:14 2019
