IQ-TREE multicore version 1.6.11 for Mac OS X 64-bit built Jul 12 2019
Developed by Bui Quang Minh, Nguyen Lam Tung, Olga Chernomor,
Heiko Schmidt, Dominik Schrempf, Michael Woodhams.

Host:    slpc437 (AVX2, FMA3, 16 GB RAM)
Command: iqtree -s cluster2281rr.1to1ortho.fa.aln-cln_gene912.fa -nt 4 -m GTR+G -alrt 1000
Seed:    375672 (Using SPRNG - Scalable Parallel Random Number Generator)
Time:    Mon Nov 25 10:01:19 2019
Kernel:  AVX+FMA - 4 threads (6 CPU cores detected)

Reading alignment file cluster2281rr.1to1ortho.fa.aln-cln_gene912.fa ... Fasta format detected
Alignment most likely contains DNA/RNA sequences
Alignment has 13 sequences with 1131 columns, 644 distinct patterns
472 parsimony-informative, 200 singleton sites, 459 constant sites
           Gap/Ambiguity  Composition  p-value
   1  DrolusSFB   13.00%    passed     57.00%
   2  Dino         2.03%    passed     76.52%
   3  MJM3360     18.48%    passed     40.09%
   4  DrobinSFB    3.01%    passed     80.66%
   5  Neam         0.53%    passed     85.62%
   6  RuprSFB     17.51%    passed     21.50%
   7  Retr         1.33%    passed     78.34%
   8  Beta         0.27%    passed     32.11%
   9  Spol         0.27%    passed     40.75%
  10  MJM1652      1.50%    passed     32.14%
  11  NepSFB       0.53%    passed     75.96%
  12  WPYJ         8.84%    passed     77.63%
  13  MJM2940      0.80%    passed     98.24%
****  TOTAL        5.24%  0 sequences failed composition chi2 test (p-value<5%; df=3)

Create initial parsimony tree by phylogenetic likelihood library (PLL)... 0.001 seconds

NOTE: 1 MB RAM (0 GB) is required!
Estimate model parameters (epsilon = 0.100)
1. Initial log-likelihood: -8322.056
2. Current log-likelihood: -8007.133
3. Current log-likelihood: -8005.323
Optimal log-likelihood: -8005.310
Rate parameters:  A-C: 2.70313  A-G: 5.89012  A-T: 1.91024  C-G: 2.98859  C-T: 8.43740  G-T: 1.00000
Base frequencies:  A: 0.290  C: 0.186  G: 0.251  T: 0.273
Gamma shape alpha: 0.734
Parameters optimization took 3 rounds (0.038 sec)
Computing ML distances based on estimated model parameters... 0.001 sec
Computing BIONJ tree...
0.002 seconds
Log-likelihood of BIONJ tree: -8007.726
--------------------------------------------------------------------
|             INITIALIZING CANDIDATE TREE SET                      |
--------------------------------------------------------------------
Generating 98 parsimony trees... 0.094 second
Computing log-likelihood of 97 initial trees ... 0.429 seconds
Current best score: -8001.699

Do NNI search on 20 best initial trees
Estimate model parameters (epsilon = 0.100)
BETTER TREE FOUND at iteration 1: -8001.078
Iteration 10 / LogL: -8001.316 / Time: 0h:0m:0s
Iteration 20 / LogL: -8001.114 / Time: 0h:0m:1s
Finish initializing candidate tree set (1)
Current best tree score: -8001.078 / CPU time: 1.249
Number of iterations: 20
--------------------------------------------------------------------
|               OPTIMIZING CANDIDATE TREE SET                      |
--------------------------------------------------------------------
Iteration 30 / LogL: -8004.728 / Time: 0h:0m:1s (0h:0m:4s left)
Iteration 40 / LogL: -8004.729 / Time: 0h:0m:2s (0h:0m:3s left)
Iteration 50 / LogL: -8004.724 / Time: 0h:0m:2s (0h:0m:2s left)
Iteration 60 / LogL: -8004.738 / Time: 0h:0m:2s (0h:0m:2s left)
Iteration 70 / LogL: -8001.088 / Time: 0h:0m:3s (0h:0m:1s left)
Iteration 80 / LogL: -8001.219 / Time: 0h:0m:3s (0h:0m:1s left)
Iteration 90 / LogL: -8004.731 / Time: 0h:0m:4s (0h:0m:0s left)
Iteration 100 / LogL: -8001.079 / Time: 0h:0m:4s (0h:0m:0s left)
TREE SEARCH COMPLETED AFTER 102 ITERATIONS / Time: 0h:0m:4s

--------------------------------------------------------------------
|                    FINALIZING TREE SEARCH                        |
--------------------------------------------------------------------
Performs final model parameters optimization
Estimate model parameters (epsilon = 0.010)
1. Initial log-likelihood: -8001.078
Optimal log-likelihood: -8001.076
Rate parameters:  A-C: 2.69624  A-G: 5.91506  A-T: 1.91044  C-G: 2.96098  C-T: 8.43978  G-T: 1.00000
Base frequencies:  A: 0.290  C: 0.186  G: 0.251  T: 0.273
Gamma shape alpha: 0.736
Parameters optimization took 1 rounds (0.005 sec)
BEST SCORE FOUND : -8001.076

Testing tree branches by SH-like aLRT with 1000 replicates...
0.075 sec.
Total tree length: 1.894

Total number of iterations: 102
CPU time used for tree search: 5.610 sec (0h:0m:5s)
Wall-clock time used for tree search: 4.844 sec (0h:0m:4s)
Total CPU time used: 5.954 sec (0h:0m:5s)
Total wall-clock time used: 4.981 sec (0h:0m:4s)

Analysis results written to: 
  IQ-TREE report:                cluster2281rr.1to1ortho.fa.aln-cln_gene912.fa.iqtree
  Maximum-likelihood tree:       cluster2281rr.1to1ortho.fa.aln-cln_gene912.fa.treefile
  Likelihood distances:          cluster2281rr.1to1ortho.fa.aln-cln_gene912.fa.mldist
  Screen log file:               cluster2281rr.1to1ortho.fa.aln-cln_gene912.fa.log

Date and Time: Mon Nov 25 10:01:24 2019
