IQ-TREE multicore version 1.6.11 for Mac OS X 64-bit built Jul 12 2019
Developed by Bui Quang Minh, Nguyen Lam Tung, Olga Chernomor,
Heiko Schmidt, Dominik Schrempf, Michael Woodhams.

Host:    slpc437 (AVX2, FMA3, 16 GB RAM)
Command: iqtree -s cluster5592rr.1to1ortho.fa.aln-cln_gene1186.fa -nt 4 -m GTR+G -alrt 1000
Seed:    316850 (Using SPRNG - Scalable Parallel Random Number Generator)
Time:    Mon Nov 25 11:10:23 2019
Kernel:  AVX+FMA - 4 threads (6 CPU cores detected)

Reading alignment file cluster5592rr.1to1ortho.fa.aln-cln_gene1186.fa ... Fasta format detected
Alignment most likely contains DNA/RNA sequences
Alignment has 13 sequences with 1277 columns, 683 distinct patterns
505 parsimony-informative, 193 singleton sites, 579 constant sites
           Gap/Ambiguity  Composition  p-value
   1  DrolusSFB    1.57%    passed     58.95%
   2  Dino         2.66%    passed     10.66%
   3  MJM3360     25.22%    passed     10.42%
   4  DrobinSFB    2.90%    passed      7.38%
   5  Neam         2.51%    passed     80.90%
   6  RuprSFB     46.91%    passed     50.75%
   7  Retr         3.21%    passed     56.63%
   8  Beta         5.56%    failed      0.04%
   9  Spol         5.87%    failed      2.50%
  10  MJM1652      1.41%    failed      2.95%
  11  NepSFB       2.51%    passed     77.63%
  12  WPYJ         4.78%    passed     17.20%
  13  MJM2940      0.86%    passed     82.11%
****  TOTAL        8.15%  3 sequences failed composition chi2 test (p-value<5%; df=3)

Create initial parsimony tree by phylogenetic likelihood library (PLL)... 0.001 seconds

NOTE: 1 MB RAM (0 GB) is required!
Estimate model parameters (epsilon = 0.100)
1. Initial log-likelihood: -8908.812
2. Current log-likelihood: -8562.720
3. Current log-likelihood: -8558.425
Optimal log-likelihood: -8558.386
Rate parameters:  A-C: 1.41798  A-G: 3.02847  A-T: 0.77539  C-G: 0.96640  C-T: 4.66096  G-T: 1.00000
Base frequencies:  A: 0.289  C: 0.205  G: 0.273  T: 0.233
Gamma shape alpha: 0.538
Parameters optimization took 3 rounds (0.039 sec)
Computing ML distances based on estimated model parameters... 0.001 sec
Computing BIONJ tree...
0.002 seconds
Log-likelihood of BIONJ tree: -8552.399
--------------------------------------------------------------------
|             INITIALIZING CANDIDATE TREE SET                      |
--------------------------------------------------------------------
Generating 98 parsimony trees... 0.089 second
Computing log-likelihood of 97 initial trees ... 0.435 seconds
Current best score: -8552.399

Do NNI search on 20 best initial trees
Estimate model parameters (epsilon = 0.100)
BETTER TREE FOUND at iteration 1: -8552.385
Iteration 10 / LogL: -8552.403 / Time: 0h:0m:0s
Iteration 20 / LogL: -8552.602 / Time: 0h:0m:1s
Finish initializing candidate tree set (1)
Current best tree score: -8552.385 / CPU time: 1.122
Number of iterations: 20
--------------------------------------------------------------------
|               OPTIMIZING CANDIDATE TREE SET                      |
--------------------------------------------------------------------
Iteration 30 / LogL: -8553.536 / Time: 0h:0m:1s (0h:0m:3s left)
Iteration 40 / LogL: -8552.501 / Time: 0h:0m:2s (0h:0m:3s left)
Iteration 50 / LogL: -8552.405 / Time: 0h:0m:2s (0h:0m:2s left)
Iteration 60 / LogL: -8552.430 / Time: 0h:0m:2s (0h:0m:2s left)
Iteration 70 / LogL: -8552.537 / Time: 0h:0m:3s (0h:0m:1s left)
Iteration 80 / LogL: -8552.588 / Time: 0h:0m:3s (0h:0m:0s left)
Iteration 90 / LogL: -8552.772 / Time: 0h:0m:4s (0h:0m:0s left)
Iteration 100 / LogL: -8552.428 / Time: 0h:0m:4s (0h:0m:0s left)
UPDATE BEST LOG-LIKELIHOOD: -8552.385
TREE SEARCH COMPLETED AFTER 102 ITERATIONS / Time: 0h:0m:4s

--------------------------------------------------------------------
|                    FINALIZING TREE SEARCH                        |
--------------------------------------------------------------------
Performs final model parameters optimization
Estimate model parameters (epsilon = 0.010)
1. Initial log-likelihood: -8552.385
Optimal log-likelihood: -8552.383
Rate parameters:  A-C: 1.43102  A-G: 3.03891  A-T: 0.76191  C-G: 0.97095  C-T: 4.66225  G-T: 1.00000
Base frequencies:  A: 0.289  C: 0.205  G: 0.273  T: 0.233
Gamma shape alpha: 0.540
Parameters optimization took 1 rounds (0.005 sec)
BEST SCORE FOUND : -8552.383

Testing tree branches by SH-like aLRT with 1000 replicates...
0.078 sec.
Total tree length: 1.905

Total number of iterations: 102
CPU time used for tree search: 5.441 sec (0h:0m:5s)
Wall-clock time used for tree search: 4.587 sec (0h:0m:4s)
Total CPU time used: 5.812 sec (0h:0m:5s)
Total wall-clock time used: 4.730 sec (0h:0m:4s)

Analysis results written to: 
  IQ-TREE report:                cluster5592rr.1to1ortho.fa.aln-cln_gene1186.fa.iqtree
  Maximum-likelihood tree:       cluster5592rr.1to1ortho.fa.aln-cln_gene1186.fa.treefile
  Likelihood distances:          cluster5592rr.1to1ortho.fa.aln-cln_gene1186.fa.mldist
  Screen log file:               cluster5592rr.1to1ortho.fa.aln-cln_gene1186.fa.log

Date and Time: Mon Nov 25 11:10:28 2019
