IQ-TREE multicore version 1.6.11 for Mac OS X 64-bit built Jul 12 2019
Developed by Bui Quang Minh, Nguyen Lam Tung, Olga Chernomor,
Heiko Schmidt, Dominik Schrempf, Michael Woodhams.

Host:    slpc437 (AVX2, FMA3, 16 GB RAM)
Command: iqtree -s cluster3293rr.1to1ortho.fa.aln-cln_gene894.fa -nt 4 -m GTR+G -alrt 1000
Seed:    955833 (Using SPRNG - Scalable Parallel Random Number Generator)
Time:    Mon Nov 25 10:26:08 2019
Kernel:  AVX+FMA - 4 threads (6 CPU cores detected)

Reading alignment file cluster3293rr.1to1ortho.fa.aln-cln_gene894.fa ... Fasta format detected
Alignment most likely contains DNA/RNA sequences
Alignment has 13 sequences with 1026 columns, 505 distinct patterns
295 parsimony-informative, 209 singleton sites, 522 constant sites
           Gap/Ambiguity  Composition  p-value
   1  DrolusSFB    0.29%    passed     92.64%
   2  Dino         2.92%    passed     96.44%
   3  MJM3360     11.99%    passed     86.18%
   4  DrobinSFB    4.19%    passed     76.08%
   5  Neam         0.00%    passed     73.82%
   6  RuprSFB      5.07%    passed     96.89%
   7  Retr        21.64%    passed     86.38%
   8  Beta        70.08%    passed     23.55%
   9  Spol         4.00%    passed     79.07%
  10  MJM1652     49.61%    passed     79.24%
  11  NepSFB       0.00%    passed     69.55%
  12  WPYJ        68.13%    failed      3.54%
  13  MJM2940      0.00%    passed     97.61%
WARNING: 2 sequences contain more than 50% gaps/ambiguity
****  TOTAL       18.30%  1 sequences failed composition chi2 test (p-value<5%; df=3)

Create initial parsimony tree by phylogenetic likelihood library (PLL)... 0.001 seconds

NOTE: 0 MB RAM (0 GB) is required!
Estimate model parameters (epsilon = 0.100)
1. Initial log-likelihood: -6006.178
2. Current log-likelihood: -5787.264
3. Current log-likelihood: -5784.401
Optimal log-likelihood: -5784.365
Rate parameters:  A-C: 2.22673  A-G: 5.88279  A-T: 1.89204  C-G: 1.15249  C-T: 4.74042  G-T: 1.00000
Base frequencies:  A: 0.257  C: 0.205  G: 0.247  T: 0.291
Gamma shape alpha: 0.518
Parameters optimization took 3 rounds (0.031 sec)
Computing ML distances based on estimated model parameters... 0.001 sec
WARNING: Some pairwise ML distances are too long (saturated)
Computing BIONJ tree...
0.002 seconds
Log-likelihood of BIONJ tree: -5784.783
--------------------------------------------------------------------
|             INITIALIZING CANDIDATE TREE SET                      |
--------------------------------------------------------------------
Generating 98 parsimony trees... 0.077 second
Computing log-likelihood of 97 initial trees ... 0.421 seconds
Current best score: -5783.740

Do NNI search on 20 best initial trees
Estimate model parameters (epsilon = 0.100)
BETTER TREE FOUND at iteration 1: -5783.064
Iteration 10 / LogL: -5783.125 / Time: 0h:0m:0s
Iteration 20 / LogL: -5783.409 / Time: 0h:0m:1s
Finish initializing candidate tree set (2)
Current best tree score: -5783.064 / CPU time: 1.055
Number of iterations: 20
--------------------------------------------------------------------
|               OPTIMIZING CANDIDATE TREE SET                      |
--------------------------------------------------------------------
Iteration 30 / LogL: -5783.104 / Time: 0h:0m:1s (0h:0m:3s left)
Iteration 40 / LogL: -5783.282 / Time: 0h:0m:1s (0h:0m:2s left)
Iteration 50 / LogL: -5783.066 / Time: 0h:0m:2s (0h:0m:2s left)
Iteration 60 / LogL: -5783.306 / Time: 0h:0m:2s (0h:0m:1s left)
Iteration 70 / LogL: -5783.089 / Time: 0h:0m:3s (0h:0m:1s left)
Iteration 80 / LogL: -5783.608 / Time: 0h:0m:3s (0h:0m:0s left)
Iteration 90 / LogL: -5783.091 / Time: 0h:0m:3s (0h:0m:0s left)
Iteration 100 / LogL: -5783.200 / Time: 0h:0m:4s (0h:0m:0s left)
TREE SEARCH COMPLETED AFTER 102 ITERATIONS / Time: 0h:0m:4s

--------------------------------------------------------------------
|                    FINALIZING TREE SEARCH                        |
--------------------------------------------------------------------
Performs final model parameters optimization
Estimate model parameters (epsilon = 0.010)
1. Initial log-likelihood: -5783.064
Optimal log-likelihood: -5783.060
Rate parameters:  A-C: 2.22393  A-G: 5.98642  A-T: 1.91146  C-G: 1.16105  C-T: 4.81948  G-T: 1.00000
Base frequencies:  A: 0.257  C: 0.205  G: 0.247  T: 0.291
Gamma shape alpha: 0.521
Parameters optimization took 1 rounds (0.005 sec)
BEST SCORE FOUND : -5783.060

Testing tree branches by SH-like aLRT with 1000 replicates...
0.068 sec.
Total tree length: 1.521

Total number of iterations: 102
CPU time used for tree search: 4.594 sec (0h:0m:4s)
Wall-clock time used for tree search: 4.313 sec (0h:0m:4s)
Total CPU time used: 4.890 sec (0h:0m:4s)
Total wall-clock time used: 4.437 sec (0h:0m:4s)

Analysis results written to: 
  IQ-TREE report:                cluster3293rr.1to1ortho.fa.aln-cln_gene894.fa.iqtree
  Maximum-likelihood tree:       cluster3293rr.1to1ortho.fa.aln-cln_gene894.fa.treefile
  Likelihood distances:          cluster3293rr.1to1ortho.fa.aln-cln_gene894.fa.mldist
  Screen log file:               cluster3293rr.1to1ortho.fa.aln-cln_gene894.fa.log

Date and Time: Mon Nov 25 10:26:13 2019
