IQ-TREE multicore version 1.6.11 for Mac OS X 64-bit built Jul 12 2019
Developed by Bui Quang Minh, Nguyen Lam Tung, Olga Chernomor,
Heiko Schmidt, Dominik Schrempf, Michael Woodhams.

Host:    slpc437 (AVX2, FMA3, 16 GB RAM)
Command: iqtree -s cluster1341rr.1to1ortho.fa.aln-cln_gene992.fa -nt 4 -m GTR+G -alrt 1000
Seed:    197716 (Using SPRNG - Scalable Parallel Random Number Generator)
Time:    Mon Nov 25 09:40:54 2019
Kernel:  AVX+FMA - 4 threads (6 CPU cores detected)

Reading alignment file cluster1341rr.1to1ortho.fa.aln-cln_gene992.fa ... Fasta format detected
Alignment most likely contains DNA/RNA sequences
Alignment has 13 sequences with 2271 columns, 1109 distinct patterns
824 parsimony-informative, 390 singleton sites, 1057 constant sites
           Gap/Ambiguity  Composition  p-value
   1  DrolusSFB    0.66%    passed     69.56%
   2  Dino         2.20%    passed     31.60%
   3  MJM3360     24.83%    passed     63.32%
   4  DrobinSFB    1.72%    passed     28.78%
   5  Neam         0.40%    passed     82.47%
   6  RuprSFB      2.42%    passed     24.84%
   7  Retr        31.79%    passed     42.54%
   8  Beta         3.79%    passed     99.45%
   9  Spol         3.83%    passed     72.91%
  10  MJM1652      1.67%    passed     99.38%
  11  NepSFB       0.40%    passed     72.62%
  12  WPYJ        41.83%    passed     92.88%
  13  MJM2940      0.53%    passed     83.19%
****  TOTAL        8.93%  0 sequences failed composition chi2 test (p-value<5%; df=3)

Create initial parsimony tree by phylogenetic likelihood library (PLL)... 0.001 seconds

NOTE: 1 MB RAM (0 GB) is required!
Estimate model parameters (epsilon = 0.100)
1. Initial log-likelihood: -14736.372
2. Current log-likelihood: -14253.264
3. Current log-likelihood: -14250.801
Optimal log-likelihood: -14250.780
Rate parameters:  A-C: 1.02666  A-G: 3.02202  A-T: 1.15544  C-G: 0.97205  C-T: 4.25875  G-T: 1.00000
Base frequencies:  A: 0.293  C: 0.195  G: 0.242  T: 0.270
Gamma shape alpha: 0.617
Parameters optimization took 3 rounds (0.050 sec)
Computing ML distances based on estimated model parameters... 0.002 sec
Computing BIONJ tree...
0.002 seconds
Log-likelihood of BIONJ tree: -14250.780
--------------------------------------------------------------------
|             INITIALIZING CANDIDATE TREE SET                      |
--------------------------------------------------------------------
Generating 99 parsimony trees... 0.117 second
Computing log-likelihood of 99 initial trees ... 0.493 seconds
Current best score: -14250.780

Do NNI search on 20 best initial trees
Estimate model parameters (epsilon = 0.100)
BETTER TREE FOUND at iteration 1: -14249.875
Iteration 10 / LogL: -14250.137 / Time: 0h:0m:1s
Iteration 20 / LogL: -14249.888 / Time: 0h:0m:1s
Finish initializing candidate tree set (1)
Current best tree score: -14249.875 / CPU time: 1.370
Number of iterations: 20
--------------------------------------------------------------------
|               OPTIMIZING CANDIDATE TREE SET                      |
--------------------------------------------------------------------
Iteration 30 / LogL: -14249.889 / Time: 0h:0m:1s (0h:0m:4s left)
Iteration 40 / LogL: -14249.883 / Time: 0h:0m:2s (0h:0m:3s left)
Iteration 50 / LogL: -14250.056 / Time: 0h:0m:2s (0h:0m:2s left)
UPDATE BEST LOG-LIKELIHOOD: -14249.875
UPDATE BEST LOG-LIKELIHOOD: -14249.875
Iteration 60 / LogL: -14249.878 / Time: 0h:0m:3s (0h:0m:2s left)
Iteration 70 / LogL: -14249.889 / Time: 0h:0m:3s (0h:0m:1s left)
Iteration 80 / LogL: -14249.986 / Time: 0h:0m:4s (0h:0m:1s left)
Iteration 90 / LogL: -14249.886 / Time: 0h:0m:4s (0h:0m:0s left)
Iteration 100 / LogL: -14249.947 / Time: 0h:0m:5s (0h:0m:0s left)
TREE SEARCH COMPLETED AFTER 102 ITERATIONS / Time: 0h:0m:5s

--------------------------------------------------------------------
|                    FINALIZING TREE SEARCH                        |
--------------------------------------------------------------------
Performs final model parameters optimization
Estimate model parameters (epsilon = 0.010)
1. Initial log-likelihood: -14249.875
Optimal log-likelihood: -14249.873
Rate parameters:  A-C: 1.04822  A-G: 3.06684  A-T: 1.17554  C-G: 0.99293  C-T: 4.31203  G-T: 1.00000
Base frequencies:  A: 0.293  C: 0.195  G: 0.242  T: 0.270
Gamma shape alpha: 0.608
Parameters optimization took 1 rounds (0.006 sec)
BEST SCORE FOUND : -14249.873

Testing tree branches by SH-like aLRT with 1000 replicates...
0.127 sec.
Total tree length: 1.603

Total number of iterations: 102
CPU time used for tree search: 7.273 sec (0h:0m:7s)
Wall-clock time used for tree search: 5.086 sec (0h:0m:5s)
Total CPU time used: 7.884 sec (0h:0m:7s)
Total wall-clock time used: 5.290 sec (0h:0m:5s)

Analysis results written to: 
  IQ-TREE report:                cluster1341rr.1to1ortho.fa.aln-cln_gene992.fa.iqtree
  Maximum-likelihood tree:       cluster1341rr.1to1ortho.fa.aln-cln_gene992.fa.treefile
  Likelihood distances:          cluster1341rr.1to1ortho.fa.aln-cln_gene992.fa.mldist
  Screen log file:               cluster1341rr.1to1ortho.fa.aln-cln_gene992.fa.log

Date and Time: Mon Nov 25 09:40:59 2019
