IQ-TREE multicore version 1.6.11 for Mac OS X 64-bit built Jul 12 2019
Developed by Bui Quang Minh, Nguyen Lam Tung, Olga Chernomor,
Heiko Schmidt, Dominik Schrempf, Michael Woodhams.

Host:    slpc437 (AVX2, FMA3, 16 GB RAM)
Command: iqtree -s cluster4574rr.1to1ortho.fa.aln-cln_gene469.fa -nt 4 -m GTR+G -alrt 1000
Seed:    500424 (Using SPRNG - Scalable Parallel Random Number Generator)
Time:    Mon Nov 25 10:55:30 2019
Kernel:  AVX+FMA - 4 threads (6 CPU cores detected)

Reading alignment file cluster4574rr.1to1ortho.fa.aln-cln_gene469.fa ... Fasta format detected
Alignment most likely contains DNA/RNA sequences
Alignment has 13 sequences with 1434 columns, 494 distinct patterns
405 parsimony-informative, 133 singleton sites, 896 constant sites
           Gap/Ambiguity  Composition  p-value
   1  DrolusSFB    0.00%    passed     98.28%
   2  Dino         0.35%    passed     96.10%
   3  MJM3360      0.21%    passed     99.50%
   4  DrobinSFB    2.37%    passed     94.86%
   5  Neam         0.00%    passed     95.17%
   6  RuprSFB      0.00%    passed     71.56%
   7  Retr         0.00%    passed     97.32%
   8  Beta         0.00%    passed     71.06%
   9  Spol         0.00%    passed     46.82%
  10  MJM1652      0.63%    passed     93.03%
  11  NepSFB       0.00%    passed     93.47%
  12  WPYJ        14.85%    passed     98.95%
  13  MJM2940      0.00%    passed     89.52%
****  TOTAL        1.42%  0 sequences failed composition chi2 test (p-value<5%; df=3)

Create initial parsimony tree by phylogenetic likelihood library (PLL)... 0.001 seconds

NOTE: 0 MB RAM (0 GB) is required!
Estimate model parameters (epsilon = 0.100)
1. Initial log-likelihood: -8018.092
2. Current log-likelihood: -7538.264
3. Current log-likelihood: -7516.521
4. Current log-likelihood: -7516.346
Optimal log-likelihood: -7516.344
Rate parameters:  A-C: 1.77982  A-G: 5.03550  A-T: 1.51174  C-G: 1.11271  C-T: 9.50043  G-T: 1.00000
Base frequencies:  A: 0.296  C: 0.189  G: 0.254  T: 0.261
Gamma shape alpha: 0.261
Parameters optimization took 4 rounds (0.046 sec)
Computing ML distances based on estimated model parameters... 0.001 sec
Computing BIONJ tree...
0.002 seconds
Log-likelihood of BIONJ tree: -7513.079
--------------------------------------------------------------------
|             INITIALIZING CANDIDATE TREE SET                      |
--------------------------------------------------------------------
Generating 98 parsimony trees... 0.076 second
Computing log-likelihood of 97 initial trees ... 0.398 seconds
Current best score: -7513.079

Do NNI search on 20 best initial trees
Estimate model parameters (epsilon = 0.100)
BETTER TREE FOUND at iteration 1: -7513.060
Iteration 10 / LogL: -7513.252 / Time: 0h:0m:0s
Iteration 20 / LogL: -7513.069 / Time: 0h:0m:1s
Finish initializing candidate tree set (1)
Current best tree score: -7513.060 / CPU time: 1.048
Number of iterations: 20
--------------------------------------------------------------------
|               OPTIMIZING CANDIDATE TREE SET                      |
--------------------------------------------------------------------
Iteration 30 / LogL: -7513.063 / Time: 0h:0m:1s (0h:0m:3s left)
UPDATE BEST LOG-LIKELIHOOD: -7513.060
Iteration 40 / LogL: -7513.682 / Time: 0h:0m:1s (0h:0m:2s left)
Iteration 50 / LogL: -7513.093 / Time: 0h:0m:2s (0h:0m:2s left)
Iteration 60 / LogL: -7514.703 / Time: 0h:0m:2s (0h:0m:1s left)
Iteration 70 / LogL: -7513.248 / Time: 0h:0m:2s (0h:0m:1s left)
Iteration 80 / LogL: -7513.086 / Time: 0h:0m:3s (0h:0m:0s left)
Iteration 90 / LogL: -7513.475 / Time: 0h:0m:3s (0h:0m:0s left)
Iteration 100 / LogL: -7513.066 / Time: 0h:0m:3s (0h:0m:0s left)
TREE SEARCH COMPLETED AFTER 102 ITERATIONS / Time: 0h:0m:4s

--------------------------------------------------------------------
|                    FINALIZING TREE SEARCH                        |
--------------------------------------------------------------------
Performs final model parameters optimization
Estimate model parameters (epsilon = 0.010)
1. Initial log-likelihood: -7513.060
Optimal log-likelihood: -7513.058
Rate parameters:  A-C: 1.80521  A-G: 5.04677  A-T: 1.48634  C-G: 1.11038  C-T: 9.49704  G-T: 1.00000
Base frequencies:  A: 0.296  C: 0.189  G: 0.254  T: 0.261
Gamma shape alpha: 0.262
Parameters optimization took 1 rounds (0.004 sec)
BEST SCORE FOUND : -7513.058

Testing tree branches by SH-like aLRT with 1000 replicates...
0.083 sec.
Total tree length: 1.133

Total number of iterations: 102
CPU time used for tree search: 4.184 sec (0h:0m:4s)
Wall-clock time used for tree search: 3.957 sec (0h:0m:3s)
Total CPU time used: 4.577 sec (0h:0m:4s)
Total wall-clock time used: 4.110 sec (0h:0m:4s)

Analysis results written to: 
  IQ-TREE report:                cluster4574rr.1to1ortho.fa.aln-cln_gene469.fa.iqtree
  Maximum-likelihood tree:       cluster4574rr.1to1ortho.fa.aln-cln_gene469.fa.treefile
  Likelihood distances:          cluster4574rr.1to1ortho.fa.aln-cln_gene469.fa.mldist
  Screen log file:               cluster4574rr.1to1ortho.fa.aln-cln_gene469.fa.log

Date and Time: Mon Nov 25 10:55:34 2019
