IQ-TREE multicore version 1.6.11 for Mac OS X 64-bit built Jul 12 2019
Developed by Bui Quang Minh, Nguyen Lam Tung, Olga Chernomor,
Heiko Schmidt, Dominik Schrempf, Michael Woodhams.

Host:    slpc437 (AVX2, FMA3, 16 GB RAM)
Command: iqtree -s cluster1661rr.1to1ortho.fa.aln-cln_gene1203.fa -nt 4 -m GTR+G -alrt 1000
Seed:    999066 (Using SPRNG - Scalable Parallel Random Number Generator)
Time:    Mon Nov 25 09:47:29 2019
Kernel:  AVX+FMA - 4 threads (6 CPU cores detected)

Reading alignment file cluster1661rr.1to1ortho.fa.aln-cln_gene1203.fa ... Fasta format detected
Alignment most likely contains DNA/RNA sequences
Alignment has 13 sequences with 1662 columns, 761 distinct patterns
527 parsimony-informative, 276 singleton sites, 859 constant sites
           Gap/Ambiguity  Composition  p-value
   1  DrolusSFB    0.48%    passed     15.06%
   2  Dino        10.65%    passed     29.95%
   3  MJM3360     10.53%    passed     35.35%
   4  DrobinSFB    9.75%    passed     10.90%
   5  Neam         0.72%    passed     23.83%
   6  RuprSFB     27.50%    passed     61.55%
   7  Retr        33.57%    passed     24.85%
   8  Beta         9.93%    passed     47.07%
   9  Spol         9.81%    passed     73.79%
  10  MJM1652     24.73%    passed     57.57%
  11  NepSFB       0.72%    passed     19.02%
  12  WPYJ        30.32%    passed     17.66%
  13  MJM2940      0.24%    passed     27.78%
****  TOTAL       13.00%  0 sequences failed composition chi2 test (p-value<5%; df=3)

Create initial parsimony tree by phylogenetic likelihood library (PLL)... 0.001 seconds

NOTE: 1 MB RAM (0 GB) is required!
Estimate model parameters (epsilon = 0.100)
1. Initial log-likelihood: -10417.122
2. Current log-likelihood: -10023.336
3. Current log-likelihood: -10020.020
Optimal log-likelihood: -10019.974
Rate parameters:  A-C: 1.77281  A-G: 5.56337  A-T: 2.23003  C-G: 1.49941  C-T: 5.09600  G-T: 1.00000
Base frequencies:  A: 0.232  C: 0.218  G: 0.260  T: 0.289
Gamma shape alpha: 0.441
Parameters optimization took 3 rounds (0.040 sec)
Computing ML distances based on estimated model parameters... 0.001 sec
Computing BIONJ tree...
0.002 seconds
Log-likelihood of BIONJ tree: -10019.811
--------------------------------------------------------------------
|             INITIALIZING CANDIDATE TREE SET                      |
--------------------------------------------------------------------
Generating 98 parsimony trees... 0.095 second
Computing log-likelihood of 98 initial trees ... 0.453 seconds
Current best score: -10018.503

Do NNI search on 20 best initial trees
Estimate model parameters (epsilon = 0.100)
BETTER TREE FOUND at iteration 1: -10018.329
Iteration 10 / LogL: -10018.330 / Time: 0h:0m:0s
Iteration 20 / LogL: -10018.948 / Time: 0h:0m:1s
Finish initializing candidate tree set (2)
Current best tree score: -10018.329 / CPU time: 1.106
Number of iterations: 20
--------------------------------------------------------------------
|               OPTIMIZING CANDIDATE TREE SET                      |
--------------------------------------------------------------------
Iteration 30 / LogL: -10036.353 / Time: 0h:0m:1s (0h:0m:4s left)
Iteration 40 / LogL: -10035.155 / Time: 0h:0m:2s (0h:0m:3s left)
Iteration 50 / LogL: -10018.330 / Time: 0h:0m:2s (0h:0m:2s left)
Iteration 60 / LogL: -10036.100 / Time: 0h:0m:3s (0h:0m:2s left)
Iteration 70 / LogL: -10018.334 / Time: 0h:0m:3s (0h:0m:1s left)
Iteration 80 / LogL: -10018.382 / Time: 0h:0m:4s (0h:0m:1s left)
Iteration 90 / LogL: -10018.337 / Time: 0h:0m:4s (0h:0m:0s left)
Iteration 100 / LogL: -10035.126 / Time: 0h:0m:5s (0h:0m:0s left)
TREE SEARCH COMPLETED AFTER 102 ITERATIONS / Time: 0h:0m:5s

--------------------------------------------------------------------
|                    FINALIZING TREE SEARCH                        |
--------------------------------------------------------------------
Performs final model parameters optimization
Estimate model parameters (epsilon = 0.010)
1. Initial log-likelihood: -10018.329
Optimal log-likelihood: -10018.327
Rate parameters:  A-C: 1.78646  A-G: 5.56957  A-T: 2.23085  C-G: 1.49254  C-T: 5.12574  G-T: 1.00000
Base frequencies:  A: 0.232  C: 0.218  G: 0.260  T: 0.289
Gamma shape alpha: 0.441
Parameters optimization took 1 rounds (0.005 sec)
BEST SCORE FOUND : -10018.327

Testing tree branches by SH-like aLRT with 1000 replicates...
0.098 sec.
Total tree length: 1.717

Total number of iterations: 102
CPU time used for tree search: 6.304 sec (0h:0m:6s)
Wall-clock time used for tree search: 5.080 sec (0h:0m:5s)
Total CPU time used: 6.754 sec (0h:0m:6s)
Total wall-clock time used: 5.245 sec (0h:0m:5s)

Analysis results written to: 
  IQ-TREE report:                cluster1661rr.1to1ortho.fa.aln-cln_gene1203.fa.iqtree
  Maximum-likelihood tree:       cluster1661rr.1to1ortho.fa.aln-cln_gene1203.fa.treefile
  Likelihood distances:          cluster1661rr.1to1ortho.fa.aln-cln_gene1203.fa.mldist
  Screen log file:               cluster1661rr.1to1ortho.fa.aln-cln_gene1203.fa.log

Date and Time: Mon Nov 25 09:47:35 2019
