IQ-TREE multicore version 1.6.11 for Mac OS X 64-bit built Jul 12 2019
Developed by Bui Quang Minh, Nguyen Lam Tung, Olga Chernomor,
Heiko Schmidt, Dominik Schrempf, Michael Woodhams.

Host:    slpc437 (AVX2, FMA3, 16 GB RAM)
Command: iqtree -s cluster936rr.1to1ortho.fa.aln-cln_gene1197.fa -nt 4 -m GTR+G -alrt 1000
Seed:    486190 (Using SPRNG - Scalable Parallel Random Number Generator)
Time:    Mon Nov 25 11:14:54 2019
Kernel:  AVX+FMA - 4 threads (6 CPU cores detected)

Reading alignment file cluster936rr.1to1ortho.fa.aln-cln_gene1197.fa ... Fasta format detected
Alignment most likely contains DNA/RNA sequences
Alignment has 13 sequences with 1382 columns, 596 distinct patterns
457 parsimony-informative, 158 singleton sites, 767 constant sites
           Gap/Ambiguity  Composition  p-value
   1  DrolusSFB    1.09%    passed     99.57%
   2  Dino         1.88%    passed     99.33%
   3  MJM3360      3.40%    passed     17.86%
   4  DrobinSFB    7.81%    passed     93.99%
   5  Neam        21.20%    passed     63.38%
   6  RuprSFB      1.52%    passed     90.57%
   7  Retr         8.90%    passed     82.32%
   8  Beta         1.74%    passed     83.68%
   9  Spol         1.66%    passed     91.05%
  10  MJM1652      1.88%    passed     93.36%
  11  NepSFB       0.80%    passed     86.59%
  12  WPYJ         8.18%    passed     97.74%
  13  MJM2940      0.36%    passed     87.29%
****  TOTAL        4.65%  0 sequences failed composition chi2 test (p-value<5%; df=3)

Create initial parsimony tree by phylogenetic likelihood library (PLL)... 0.001 seconds

NOTE: 1 MB RAM (0 GB) is required!
Estimate model parameters (epsilon = 0.100)
1. Initial log-likelihood: -8762.173
2. Current log-likelihood: -8320.189
3. Current log-likelihood: -8299.356
Optimal log-likelihood: -8299.263
Rate parameters:  A-C: 1.57067  A-G: 4.78880  A-T: 1.35115  C-G: 1.49199  C-T: 7.32804  G-T: 1.00000
Base frequencies:  A: 0.277  C: 0.203  G: 0.248  T: 0.271
Gamma shape alpha: 0.334
Parameters optimization took 3 rounds (0.044 sec)
Computing ML distances based on estimated model parameters... 0.001 sec
Computing BIONJ tree...
0.002 seconds
Log-likelihood of BIONJ tree: -8298.824
--------------------------------------------------------------------
|             INITIALIZING CANDIDATE TREE SET                      |
--------------------------------------------------------------------
Generating 98 parsimony trees... 0.083 second
Computing log-likelihood of 98 initial trees ... 0.441 seconds
Current best score: -8298.824

Do NNI search on 20 best initial trees
Estimate model parameters (epsilon = 0.100)
BETTER TREE FOUND at iteration 1: -8295.752
Iteration 10 / LogL: -8295.757 / Time: 0h:0m:0s
Iteration 20 / LogL: -8295.762 / Time: 0h:0m:1s
Finish initializing candidate tree set (1)
Current best tree score: -8295.752 / CPU time: 1.126
Number of iterations: 20
--------------------------------------------------------------------
|               OPTIMIZING CANDIDATE TREE SET                      |
--------------------------------------------------------------------
Iteration 30 / LogL: -8297.757 / Time: 0h:0m:1s (0h:0m:3s left)
Iteration 40 / LogL: -8295.814 / Time: 0h:0m:1s (0h:0m:3s left)
Iteration 50 / LogL: -8295.765 / Time: 0h:0m:2s (0h:0m:2s left)
Iteration 60 / LogL: -8295.756 / Time: 0h:0m:2s (0h:0m:1s left)
Iteration 70 / LogL: -8295.755 / Time: 0h:0m:3s (0h:0m:1s left)
Iteration 80 / LogL: -8295.808 / Time: 0h:0m:3s (0h:0m:0s left)
Iteration 90 / LogL: -8296.053 / Time: 0h:0m:3s (0h:0m:0s left)
Iteration 100 / LogL: -8296.769 / Time: 0h:0m:4s (0h:0m:0s left)
TREE SEARCH COMPLETED AFTER 102 ITERATIONS / Time: 0h:0m:4s

--------------------------------------------------------------------
|                    FINALIZING TREE SEARCH                        |
--------------------------------------------------------------------
Performs final model parameters optimization
Estimate model parameters (epsilon = 0.010)
1. Initial log-likelihood: -8295.752
Optimal log-likelihood: -8295.751
Rate parameters:  A-C: 1.57663  A-G: 4.79002  A-T: 1.33961  C-G: 1.47947  C-T: 7.33435  G-T: 1.00000
Base frequencies:  A: 0.277  C: 0.203  G: 0.248  T: 0.271
Gamma shape alpha: 0.335
Parameters optimization took 1 rounds (0.005 sec)
BEST SCORE FOUND : -8295.751

Testing tree branches by SH-like aLRT with 1000 replicates...
0.083 sec.
Total tree length: 1.488

Total number of iterations: 102
CPU time used for tree search: 4.835 sec (0h:0m:4s)
Wall-clock time used for tree search: 4.302 sec (0h:0m:4s)
Total CPU time used: 5.226 sec (0h:0m:5s)
Total wall-clock time used: 4.453 sec (0h:0m:4s)

Analysis results written to: 
  IQ-TREE report:                cluster936rr.1to1ortho.fa.aln-cln_gene1197.fa.iqtree
  Maximum-likelihood tree:       cluster936rr.1to1ortho.fa.aln-cln_gene1197.fa.treefile
  Likelihood distances:          cluster936rr.1to1ortho.fa.aln-cln_gene1197.fa.mldist
  Screen log file:               cluster936rr.1to1ortho.fa.aln-cln_gene1197.fa.log

Date and Time: Mon Nov 25 11:14:58 2019
