IQ-TREE multicore version 1.6.11 for Mac OS X 64-bit built Jul 12 2019
Developed by Bui Quang Minh, Nguyen Lam Tung, Olga Chernomor,
Heiko Schmidt, Dominik Schrempf, Michael Woodhams.

Host:    slpc437 (AVX2, FMA3, 16 GB RAM)
Command: iqtree -s cluster1955rr.1to1ortho.fa.aln-cln_gene953.fa -nt 4 -m GTR+G -alrt 1000
Seed:    46364 (Using SPRNG - Scalable Parallel Random Number Generator)
Time:    Mon Nov 25 09:53:13 2019
Kernel:  AVX+FMA - 4 threads (6 CPU cores detected)

Reading alignment file cluster1955rr.1to1ortho.fa.aln-cln_gene953.fa ... Fasta format detected
Alignment most likely contains DNA/RNA sequences
Alignment has 13 sequences with 849 columns, 419 distinct patterns
285 parsimony-informative, 136 singleton sites, 428 constant sites
           Gap/Ambiguity  Composition  p-value
   1  DrolusSFB    0.00%    passed     98.28%
   2  Dino         0.71%    passed     76.90%
   3  MJM3360      0.12%    passed     88.69%
   4  DrobinSFB    1.06%    passed     34.72%
   5  Neam        12.01%    passed     98.90%
   6  RuprSFB      0.00%    passed     89.43%
   7  Retr        49.47%    passed     41.35%
   8  Beta         0.00%    passed     84.57%
   9  Spol         0.00%    passed     70.15%
  10  MJM1652      0.71%    passed     93.58%
  11  NepSFB       0.00%    passed     96.55%
  12  WPYJ         3.89%    passed     76.56%
  13  MJM2940      0.00%    passed     97.73%
****  TOTAL        5.23%  0 sequences failed composition chi2 test (p-value<5%; df=3)

Create initial parsimony tree by phylogenetic likelihood library (PLL)... 0.001 seconds

NOTE: 0 MB RAM (0 GB) is required!
Estimate model parameters (epsilon = 0.100)
1. Initial log-likelihood: -5606.365
2. Current log-likelihood: -5362.013
3. Current log-likelihood: -5360.334
Optimal log-likelihood: -5360.306
Rate parameters:  A-C: 1.49702  A-G: 4.73953  A-T: 1.44311  C-G: 1.69534  C-T: 6.78962  G-T: 1.00000
Base frequencies:  A: 0.286  C: 0.201  G: 0.228  T: 0.284
Gamma shape alpha: 0.458
Parameters optimization took 3 rounds (0.031 sec)
Computing ML distances based on estimated model parameters... 0.001 sec
Computing BIONJ tree...
0.002 seconds
Log-likelihood of BIONJ tree: -5364.038
--------------------------------------------------------------------
|             INITIALIZING CANDIDATE TREE SET                      |
--------------------------------------------------------------------
Generating 98 parsimony trees... 0.073 second
Computing log-likelihood of 96 initial trees ... 0.398 seconds
Current best score: -5360.306

Do NNI search on 20 best initial trees
Estimate model parameters (epsilon = 0.100)
BETTER TREE FOUND at iteration 1: -5360.306
Iteration 10 / LogL: -5360.308 / Time: 0h:0m:0s
Iteration 20 / LogL: -5360.360 / Time: 0h:0m:1s
Finish initializing candidate tree set (1)
Current best tree score: -5360.306 / CPU time: 1.014
Number of iterations: 20
--------------------------------------------------------------------
|               OPTIMIZING CANDIDATE TREE SET                      |
--------------------------------------------------------------------
Iteration 30 / LogL: -5360.322 / Time: 0h:0m:1s (0h:0m:3s left)
Iteration 40 / LogL: -5361.011 / Time: 0h:0m:1s (0h:0m:2s left)
Iteration 50 / LogL: -5360.350 / Time: 0h:0m:2s (0h:0m:2s left)
Iteration 60 / LogL: -5360.341 / Time: 0h:0m:2s (0h:0m:1s left)
Iteration 70 / LogL: -5360.324 / Time: 0h:0m:2s (0h:0m:1s left)
Iteration 80 / LogL: -5360.311 / Time: 0h:0m:3s (0h:0m:0s left)
Iteration 90 / LogL: -5360.351 / Time: 0h:0m:3s (0h:0m:0s left)
Iteration 100 / LogL: -5360.309 / Time: 0h:0m:4s (0h:0m:0s left)
TREE SEARCH COMPLETED AFTER 102 ITERATIONS / Time: 0h:0m:4s

--------------------------------------------------------------------
|                    FINALIZING TREE SEARCH                        |
--------------------------------------------------------------------
Performs final model parameters optimization
Estimate model parameters (epsilon = 0.010)
1. Initial log-likelihood: -5360.306
Optimal log-likelihood: -5360.306
Rate parameters:  A-C: 1.49664  A-G: 4.73888  A-T: 1.44322  C-G: 1.69258  C-T: 6.79357  G-T: 1.00000
Base frequencies:  A: 0.286  C: 0.201  G: 0.228  T: 0.284
Gamma shape alpha: 0.458
Parameters optimization took 1 rounds (0.004 sec)
BEST SCORE FOUND : -5360.306

Testing tree branches by SH-like aLRT with 1000 replicates...
0.059 sec.
Total tree length: 1.535

Total number of iterations: 102
CPU time used for tree search: 4.025 sec (0h:0m:4s)
Wall-clock time used for tree search: 4.089 sec (0h:0m:4s)
Total CPU time used: 4.280 sec (0h:0m:4s)
Total wall-clock time used: 4.202 sec (0h:0m:4s)

Analysis results written to: 
  IQ-TREE report:                cluster1955rr.1to1ortho.fa.aln-cln_gene953.fa.iqtree
  Maximum-likelihood tree:       cluster1955rr.1to1ortho.fa.aln-cln_gene953.fa.treefile
  Likelihood distances:          cluster1955rr.1to1ortho.fa.aln-cln_gene953.fa.mldist
  Screen log file:               cluster1955rr.1to1ortho.fa.aln-cln_gene953.fa.log

Date and Time: Mon Nov 25 09:53:17 2019
