IQ-TREE multicore version 1.6.11 for Mac OS X 64-bit built Jul 12 2019
Developed by Bui Quang Minh, Nguyen Lam Tung, Olga Chernomor,
Heiko Schmidt, Dominik Schrempf, Michael Woodhams.

Host:    slpc437 (AVX2, FMA3, 16 GB RAM)
Command: iqtree -s cluster4500rr.1to1ortho.fa.aln-cln_gene834.fa -nt 4 -m GTR+G -alrt 1000
Seed:    754255 (Using SPRNG - Scalable Parallel Random Number Generator)
Time:    Mon Nov 25 10:53:40 2019
Kernel:  AVX+FMA - 4 threads (6 CPU cores detected)

Reading alignment file cluster4500rr.1to1ortho.fa.aln-cln_gene834.fa ... Fasta format detected
Alignment most likely contains DNA/RNA sequences
Alignment has 13 sequences with 1523 columns, 723 distinct patterns
575 parsimony-informative, 228 singleton sites, 720 constant sites
           Gap/Ambiguity  Composition  p-value
   1  DrolusSFB    0.72%    passed     91.78%
   2  Dino         0.39%    passed     98.99%
   3  MJM3360      8.34%    passed     92.64%
   4  DrobinSFB    0.46%    passed     91.37%
   5  Neam         0.39%    passed     96.18%
   6  RuprSFB      4.99%    passed     93.46%
   7  Retr         3.61%    passed     68.34%
   8  Beta         1.31%    passed     48.78%
   9  Spol         0.72%    passed     97.21%
  10  MJM1652      0.85%    passed     95.90%
  11  NepSFB       0.39%    passed     95.09%
  12  WPYJ         7.22%    passed     91.80%
  13  MJM2940      0.39%    passed     63.24%
****  TOTAL        2.29%  0 sequences failed composition chi2 test (p-value<5%; df=3)

Create initial parsimony tree by phylogenetic likelihood library (PLL)... 0.001 seconds

NOTE: 1 MB RAM (0 GB) is required!
Estimate model parameters (epsilon = 0.100)
1. Initial log-likelihood: -10693.435
2. Current log-likelihood: -10371.437
3. Current log-likelihood: -10369.107
Optimal log-likelihood: -10369.068
Rate parameters:  A-C: 2.05657  A-G: 4.84136  A-T: 2.62148  C-G: 1.84804  C-T: 6.22139  G-T: 1.00000
Base frequencies:  A: 0.277  C: 0.203  G: 0.240  T: 0.280
Gamma shape alpha: 0.518
Parameters optimization took 3 rounds (0.037 sec)
Computing ML distances based on estimated model parameters... 0.001 sec
Computing BIONJ tree...
0.002 seconds
Log-likelihood of BIONJ tree: -10368.087
--------------------------------------------------------------------
|             INITIALIZING CANDIDATE TREE SET                      |
--------------------------------------------------------------------
Generating 98 parsimony trees... 0.097 second
Computing log-likelihood of 96 initial trees ... 0.426 seconds
Current best score: -10368.087

Do NNI search on 20 best initial trees
Estimate model parameters (epsilon = 0.100)
BETTER TREE FOUND at iteration 1: -10366.126
Estimate model parameters (epsilon = 0.100)
BETTER TREE FOUND at iteration 3: -10365.982
Iteration 10 / LogL: -10365.983 / Time: 0h:0m:0s
Iteration 20 / LogL: -10367.420 / Time: 0h:0m:1s
Finish initializing candidate tree set (2)
Current best tree score: -10365.982 / CPU time: 1.248
Number of iterations: 20
--------------------------------------------------------------------
|               OPTIMIZING CANDIDATE TREE SET                      |
--------------------------------------------------------------------
Iteration 30 / LogL: -10365.984 / Time: 0h:0m:1s (0h:0m:4s left)
Iteration 40 / LogL: -10366.174 / Time: 0h:0m:2s (0h:0m:3s left)
Iteration 50 / LogL: -10366.035 / Time: 0h:0m:2s (0h:0m:2s left)
Iteration 60 / LogL: -10365.993 / Time: 0h:0m:2s (0h:0m:2s left)
Iteration 70 / LogL: -10366.136 / Time: 0h:0m:3s (0h:0m:1s left)
Iteration 80 / LogL: -10366.168 / Time: 0h:0m:3s (0h:0m:1s left)
Iteration 90 / LogL: -10366.700 / Time: 0h:0m:4s (0h:0m:0s left)
Iteration 100 / LogL: -10366.286 / Time: 0h:0m:4s (0h:0m:0s left)
TREE SEARCH COMPLETED AFTER 104 ITERATIONS / Time: 0h:0m:4s

--------------------------------------------------------------------
|                    FINALIZING TREE SEARCH                        |
--------------------------------------------------------------------
Performs final model parameters optimization
Estimate model parameters (epsilon = 0.010)
1. Initial log-likelihood: -10365.982
Optimal log-likelihood: -10365.980
Rate parameters:  A-C: 2.05768  A-G: 4.84624  A-T: 2.62311  C-G: 1.82094  C-T: 6.25390  G-T: 1.00000
Base frequencies:  A: 0.277  C: 0.203  G: 0.240  T: 0.280
Gamma shape alpha: 0.514
Parameters optimization took 1 rounds (0.005 sec)
BEST SCORE FOUND : -10365.980

Testing tree branches by SH-like aLRT with 1000 replicates...
0.091 sec.
Total tree length: 1.701

Total number of iterations: 104
CPU time used for tree search: 5.664 sec (0h:0m:5s)
Wall-clock time used for tree search: 4.660 sec (0h:0m:4s)
Total CPU time used: 6.078 sec (0h:0m:6s)
Total wall-clock time used: 4.813 sec (0h:0m:4s)

Analysis results written to: 
  IQ-TREE report:                cluster4500rr.1to1ortho.fa.aln-cln_gene834.fa.iqtree
  Maximum-likelihood tree:       cluster4500rr.1to1ortho.fa.aln-cln_gene834.fa.treefile
  Likelihood distances:          cluster4500rr.1to1ortho.fa.aln-cln_gene834.fa.mldist
  Screen log file:               cluster4500rr.1to1ortho.fa.aln-cln_gene834.fa.log

Date and Time: Mon Nov 25 10:53:45 2019
