IQ-TREE multicore version 1.6.11 for Mac OS X 64-bit built Jul 12 2019
Developed by Bui Quang Minh, Nguyen Lam Tung, Olga Chernomor,
Heiko Schmidt, Dominik Schrempf, Michael Woodhams.

Host:    slpc437 (AVX2, FMA3, 16 GB RAM)
Command: iqtree -s cluster3190rr.1to1ortho.fa.aln-cln_gene771.fa -nt 4 -m GTR+G -alrt 1000
Seed:    336969 (Using SPRNG - Scalable Parallel Random Number Generator)
Time:    Mon Nov 25 10:23:27 2019
Kernel:  AVX+FMA - 4 threads (6 CPU cores detected)

Reading alignment file cluster3190rr.1to1ortho.fa.aln-cln_gene771.fa ... Fasta format detected
Alignment most likely contains DNA/RNA sequences
Alignment has 13 sequences with 1245 columns, 671 distinct patterns
467 parsimony-informative, 185 singleton sites, 593 constant sites
           Gap/Ambiguity  Composition  p-value
   1  DrolusSFB    1.93%    passed     26.73%
   2  Dino         3.61%    passed     85.10%
   3  MJM3360     36.06%    passed     25.57%
   4  DrobinSFB   35.42%    passed     75.50%
   5  Neam         2.17%    passed     89.79%
   6  RuprSFB     32.77%    passed     64.85%
   7  Retr         2.65%    passed     83.80%
   8  Beta         7.95%    passed     46.45%
   9  Spol         7.71%    passed      7.98%
  10  MJM1652      3.21%    passed     91.36%
  11  NepSFB       2.17%    passed     90.19%
  12  WPYJ        22.81%    passed     16.94%
  13  MJM2940     11.81%    passed     88.30%
****  TOTAL       13.10%  0 sequences failed composition chi2 test (p-value<5%; df=3)

Create initial parsimony tree by phylogenetic likelihood library (PLL)... 0.001 seconds

NOTE: 1 MB RAM (0 GB) is required!
Estimate model parameters (epsilon = 0.100)
1. Initial log-likelihood: -8466.766
2. Current log-likelihood: -8138.635
3. Current log-likelihood: -8135.166
Optimal log-likelihood: -8135.100
Rate parameters:  A-C: 2.02746  A-G: 4.34430  A-T: 1.69678  C-G: 1.05801  C-T: 4.83699  G-T: 1.00000
Base frequencies:  A: 0.229  C: 0.231  G: 0.254  T: 0.287
Gamma shape alpha: 0.489
Parameters optimization took 3 rounds (0.036 sec)
Computing ML distances based on estimated model parameters... 0.001 sec
Computing BIONJ tree...
0.002 seconds
Log-likelihood of BIONJ tree: -8127.758
--------------------------------------------------------------------
|             INITIALIZING CANDIDATE TREE SET                      |
--------------------------------------------------------------------
Generating 98 parsimony trees... 0.092 second
Computing log-likelihood of 97 initial trees ... 0.446 seconds
Current best score: -8126.202

Do NNI search on 20 best initial trees
Estimate model parameters (epsilon = 0.100)
BETTER TREE FOUND at iteration 1: -8126.069
Iteration 10 / LogL: -8126.160 / Time: 0h:0m:0s
Iteration 20 / LogL: -8126.175 / Time: 0h:0m:1s
Finish initializing candidate tree set (1)
Current best tree score: -8126.069 / CPU time: 1.133
Number of iterations: 20
--------------------------------------------------------------------
|               OPTIMIZING CANDIDATE TREE SET                      |
--------------------------------------------------------------------
Iteration 30 / LogL: -8126.091 / Time: 0h:0m:1s (0h:0m:3s left)
Iteration 40 / LogL: -8126.084 / Time: 0h:0m:2s (0h:0m:3s left)
Iteration 50 / LogL: -8126.076 / Time: 0h:0m:2s (0h:0m:2s left)
Iteration 60 / LogL: -8126.083 / Time: 0h:0m:3s (0h:0m:2s left)
UPDATE BEST LOG-LIKELIHOOD: -8126.069
Iteration 70 / LogL: -8126.074 / Time: 0h:0m:3s (0h:0m:1s left)
Iteration 80 / LogL: -8126.122 / Time: 0h:0m:3s (0h:0m:1s left)
Iteration 90 / LogL: -8126.334 / Time: 0h:0m:4s (0h:0m:0s left)
Iteration 100 / LogL: -8126.079 / Time: 0h:0m:4s (0h:0m:0s left)
TREE SEARCH COMPLETED AFTER 102 ITERATIONS / Time: 0h:0m:4s

--------------------------------------------------------------------
|                    FINALIZING TREE SEARCH                        |
--------------------------------------------------------------------
Performs final model parameters optimization
Estimate model parameters (epsilon = 0.010)
1. Initial log-likelihood: -8126.069
Optimal log-likelihood: -8126.069
Rate parameters:  A-C: 2.06638  A-G: 4.34868  A-T: 1.66586  C-G: 1.05730  C-T: 4.84887  G-T: 1.00000
Base frequencies:  A: 0.229  C: 0.231  G: 0.254  T: 0.287
Gamma shape alpha: 0.485
Parameters optimization took 1 rounds (0.005 sec)
BEST SCORE FOUND : -8126.069

Testing tree branches by SH-like aLRT with 1000 replicates...
0.079 sec.
Total tree length: 1.969

Total number of iterations: 102
CPU time used for tree search: 5.706 sec (0h:0m:5s)
Wall-clock time used for tree search: 4.842 sec (0h:0m:4s)
Total CPU time used: 6.069 sec (0h:0m:6s)
Total wall-clock time used: 4.983 sec (0h:0m:4s)

Analysis results written to: 
  IQ-TREE report:                cluster3190rr.1to1ortho.fa.aln-cln_gene771.fa.iqtree
  Maximum-likelihood tree:       cluster3190rr.1to1ortho.fa.aln-cln_gene771.fa.treefile
  Likelihood distances:          cluster3190rr.1to1ortho.fa.aln-cln_gene771.fa.mldist
  Screen log file:               cluster3190rr.1to1ortho.fa.aln-cln_gene771.fa.log

Date and Time: Mon Nov 25 10:23:32 2019
