IQ-TREE multicore version 1.6.11 for Mac OS X 64-bit built Jul 12 2019
Developed by Bui Quang Minh, Nguyen Lam Tung, Olga Chernomor,
Heiko Schmidt, Dominik Schrempf, Michael Woodhams.

Host:    slpc437 (AVX2, FMA3, 16 GB RAM)
Command: iqtree -s cluster4296rr.1to1ortho.fa.aln-cln_gene70.fa -nt 4 -m GTR+G -alrt 1000
Seed:    328410 (Using SPRNG - Scalable Parallel Random Number Generator)
Time:    Mon Nov 25 10:48:44 2019
Kernel:  AVX+FMA - 4 threads (6 CPU cores detected)

Reading alignment file cluster4296rr.1to1ortho.fa.aln-cln_gene70.fa ... Fasta format detected
Alignment most likely contains DNA/RNA sequences
Alignment has 13 sequences with 1216 columns, 681 distinct patterns
513 parsimony-informative, 198 singleton sites, 505 constant sites
           Gap/Ambiguity  Composition  p-value
   1  DrolusSFB    1.48%    passed     51.36%
   2  Dino         7.89%    passed     57.59%
   3  MJM3360     19.16%    passed     93.04%
   4  DrobinSFB   17.35%    passed     64.06%
   5  Neam         0.58%    passed     89.06%
   6  RuprSFB     16.37%    passed     10.77%
   7  Retr        16.45%    passed     22.27%
   8  Beta         3.54%    passed     63.95%
   9  Spol         3.45%    passed     62.56%
  10  MJM1652      7.07%    passed     40.92%
  11  NepSFB       0.33%    passed     72.70%
  12  WPYJ        41.78%    passed     78.25%
  13  MJM2940      1.23%    passed     98.99%
****  TOTAL       10.51%  0 sequences failed composition chi2 test (p-value<5%; df=3)

Create initial parsimony tree by phylogenetic likelihood library (PLL)... 0.001 seconds

NOTE: 1 MB RAM (0 GB) is required!
Estimate model parameters (epsilon = 0.100)
1. Initial log-likelihood: -8823.628
2. Current log-likelihood: -8503.907
3. Current log-likelihood: -8498.958
4. Current log-likelihood: -8498.829
Optimal log-likelihood: -8498.821
Rate parameters:  A-C: 2.26983  A-G: 3.68955  A-T: 1.31351  C-G: 1.58189  C-T: 7.84723  G-T: 1.00000
Base frequencies:  A: 0.327  C: 0.167  G: 0.272  T: 0.234
Gamma shape alpha: 0.645
Parameters optimization took 4 rounds (0.048 sec)
Computing ML distances based on estimated model parameters... 0.001 sec
Computing BIONJ tree...
0.002 seconds
Log-likelihood of BIONJ tree: -8498.467
--------------------------------------------------------------------
|             INITIALIZING CANDIDATE TREE SET                      |
--------------------------------------------------------------------
Generating 98 parsimony trees... 0.086 second
Computing log-likelihood of 97 initial trees ... 0.442 seconds
Current best score: -8498.467

Do NNI search on 20 best initial trees
Estimate model parameters (epsilon = 0.100)
BETTER TREE FOUND at iteration 1: -8496.151
Iteration 10 / LogL: -8496.221 / Time: 0h:0m:0s
Iteration 20 / LogL: -8496.344 / Time: 0h:0m:1s
Finish initializing candidate tree set (1)
Current best tree score: -8496.151 / CPU time: 1.098
Number of iterations: 20
--------------------------------------------------------------------
|               OPTIMIZING CANDIDATE TREE SET                      |
--------------------------------------------------------------------
Iteration 30 / LogL: -8496.214 / Time: 0h:0m:1s (0h:0m:3s left)
Iteration 40 / LogL: -8496.210 / Time: 0h:0m:1s (0h:0m:3s left)
Iteration 50 / LogL: -8496.754 / Time: 0h:0m:2s (0h:0m:2s left)
Iteration 60 / LogL: -8496.229 / Time: 0h:0m:2s (0h:0m:1s left)
Iteration 70 / LogL: -8496.300 / Time: 0h:0m:3s (0h:0m:1s left)
Iteration 80 / LogL: -8496.194 / Time: 0h:0m:3s (0h:0m:0s left)
Iteration 90 / LogL: -8498.076 / Time: 0h:0m:3s (0h:0m:0s left)
Iteration 100 / LogL: -8496.914 / Time: 0h:0m:4s (0h:0m:0s left)
TREE SEARCH COMPLETED AFTER 102 ITERATIONS / Time: 0h:0m:4s

--------------------------------------------------------------------
|                    FINALIZING TREE SEARCH                        |
--------------------------------------------------------------------
Performs final model parameters optimization
Estimate model parameters (epsilon = 0.010)
1. Initial log-likelihood: -8496.151
2. Current log-likelihood: -8496.136
Optimal log-likelihood: -8496.135
Rate parameters:  A-C: 2.33463  A-G: 3.82678  A-T: 1.35750  C-G: 1.63013  C-T: 8.08944  G-T: 1.00000
Base frequencies:  A: 0.327  C: 0.167  G: 0.272  T: 0.234
Gamma shape alpha: 0.644
Parameters optimization took 2 rounds (0.012 sec)
BEST SCORE FOUND : -8496.135

Testing tree branches by SH-like aLRT with 1000 replicates...
0.075 sec.
Total tree length: 2.246

Total number of iterations: 102
CPU time used for tree search: 4.994 sec (0h:0m:4s)
Wall-clock time used for tree search: 4.230 sec (0h:0m:4s)
Total CPU time used: 5.389 sec (0h:0m:5s)
Total wall-clock time used: 4.386 sec (0h:0m:4s)

Analysis results written to: 
  IQ-TREE report:                cluster4296rr.1to1ortho.fa.aln-cln_gene70.fa.iqtree
  Maximum-likelihood tree:       cluster4296rr.1to1ortho.fa.aln-cln_gene70.fa.treefile
  Likelihood distances:          cluster4296rr.1to1ortho.fa.aln-cln_gene70.fa.mldist
  Screen log file:               cluster4296rr.1to1ortho.fa.aln-cln_gene70.fa.log

Date and Time: Mon Nov 25 10:48:48 2019
