IQ-TREE multicore version 1.6.11 for Mac OS X 64-bit built Jul 12 2019
Developed by Bui Quang Minh, Nguyen Lam Tung, Olga Chernomor,
Heiko Schmidt, Dominik Schrempf, Michael Woodhams.

Host:    slpc437 (AVX2, FMA3, 16 GB RAM)
Command: iqtree -s cluster2242rr.1to1ortho.fa.aln-cln_gene1119.fa -nt 4 -m GTR+G -alrt 1000
Seed:    829678 (Using SPRNG - Scalable Parallel Random Number Generator)
Time:    Mon Nov 25 10:00:09 2019
Kernel:  AVX+FMA - 4 threads (6 CPU cores detected)

Reading alignment file cluster2242rr.1to1ortho.fa.aln-cln_gene1119.fa ... Fasta format detected
Alignment most likely contains DNA/RNA sequences
Alignment has 13 sequences with 1032 columns, 422 distinct patterns
343 parsimony-informative, 122 singleton sites, 567 constant sites
           Gap/Ambiguity  Composition  p-value
   1  DrolusSFB    0.00%    passed     93.86%
   2  Dino         0.00%    passed     52.07%
   3  MJM3360      0.19%    passed     77.81%
   4  DrobinSFB    0.00%    failed      2.82%
   5  Neam         0.00%    passed     89.74%
   6  RuprSFB      0.29%    passed     66.43%
   7  Retr         0.00%    passed     65.89%
   8  Beta         1.74%    failed      4.97%
   9  Spol         1.74%    passed     82.34%
  10  MJM1652      0.39%    passed     65.02%
  11  NepSFB       0.00%    passed     91.21%
  12  WPYJ         0.58%    passed     45.44%
  13  MJM2940      0.00%    passed     97.98%
****  TOTAL        0.38%  2 sequences failed composition chi2 test (p-value<5%; df=3)

Create initial parsimony tree by phylogenetic likelihood library (PLL)... 0.000 seconds

NOTE: 0 MB RAM (0 GB) is required!
Estimate model parameters (epsilon = 0.100)
1. Initial log-likelihood: -6774.429
2. Current log-likelihood: -6424.761
3. Current log-likelihood: -6418.354
4. Current log-likelihood: -6418.249
Optimal log-likelihood: -6418.226
Rate parameters:  A-C: 1.55038  A-G: 3.61419  A-T: 1.24902  C-G: 1.24846  C-T: 7.73661  G-T: 1.00000
Base frequencies:  A: 0.297  C: 0.178  G: 0.273  T: 0.252
Gamma shape alpha: 0.343
Parameters optimization took 4 rounds (0.038 sec)
Computing ML distances based on estimated model parameters... 0.001 sec
Computing BIONJ tree...
0.002 seconds
Log-likelihood of BIONJ tree: -6417.207
--------------------------------------------------------------------
|             INITIALIZING CANDIDATE TREE SET                      |
--------------------------------------------------------------------
Generating 98 parsimony trees... 0.070 second
Computing log-likelihood of 98 initial trees ... 0.403 seconds
Current best score: -6415.105

Do NNI search on 20 best initial trees
Estimate model parameters (epsilon = 0.100)
BETTER TREE FOUND at iteration 1: -6414.933
Estimate model parameters (epsilon = 0.100)
BETTER TREE FOUND at iteration 7: -6413.873
Iteration 10 / LogL: -6415.150 / Time: 0h:0m:0s
Iteration 20 / LogL: -6413.928 / Time: 0h:0m:1s
Finish initializing candidate tree set (7)
Current best tree score: -6413.873 / CPU time: 1.108
Number of iterations: 20
--------------------------------------------------------------------
|               OPTIMIZING CANDIDATE TREE SET                      |
--------------------------------------------------------------------
Iteration 30 / LogL: -6415.159 / Time: 0h:0m:1s (0h:0m:4s left)
Iteration 40 / LogL: -6415.168 / Time: 0h:0m:1s (0h:0m:3s left)
Iteration 50 / LogL: -6413.883 / Time: 0h:0m:2s (0h:0m:2s left)
Iteration 60 / LogL: -6413.925 / Time: 0h:0m:2s (0h:0m:2s left)
Iteration 70 / LogL: -6413.954 / Time: 0h:0m:3s (0h:0m:1s left)
Iteration 80 / LogL: -6413.938 / Time: 0h:0m:3s (0h:0m:1s left)
Iteration 90 / LogL: -6415.118 / Time: 0h:0m:4s (0h:0m:0s left)
Iteration 100 / LogL: -6413.876 / Time: 0h:0m:4s (0h:0m:0s left)
TREE SEARCH COMPLETED AFTER 108 ITERATIONS / Time: 0h:0m:4s

--------------------------------------------------------------------
|                    FINALIZING TREE SEARCH                        |
--------------------------------------------------------------------
Performs final model parameters optimization
Estimate model parameters (epsilon = 0.010)
1. Initial log-likelihood: -6413.873
Optimal log-likelihood: -6413.872
Rate parameters:  A-C: 1.66369  A-G: 3.99937  A-T: 1.40674  C-G: 1.37542  C-T: 8.51249  G-T: 1.00000
Base frequencies:  A: 0.297  C: 0.178  G: 0.273  T: 0.252
Gamma shape alpha: 0.336
Parameters optimization took 1 rounds (0.004 sec)
BEST SCORE FOUND : -6413.872

Testing tree branches by SH-like aLRT with 1000 replicates...
0.067 sec.
Total tree length: 1.593

Total number of iterations: 108
CPU time used for tree search: 4.852 sec (0h:0m:4s)
Wall-clock time used for tree search: 4.868 sec (0h:0m:4s)
Total CPU time used: 5.154 sec (0h:0m:5s)
Total wall-clock time used: 4.998 sec (0h:0m:4s)

Analysis results written to: 
  IQ-TREE report:                cluster2242rr.1to1ortho.fa.aln-cln_gene1119.fa.iqtree
  Maximum-likelihood tree:       cluster2242rr.1to1ortho.fa.aln-cln_gene1119.fa.treefile
  Likelihood distances:          cluster2242rr.1to1ortho.fa.aln-cln_gene1119.fa.mldist
  Screen log file:               cluster2242rr.1to1ortho.fa.aln-cln_gene1119.fa.log

Date and Time: Mon Nov 25 10:00:14 2019
