IQ-TREE multicore version 1.6.11 for Mac OS X 64-bit built Jul 12 2019
Developed by Bui Quang Minh, Nguyen Lam Tung, Olga Chernomor,
Heiko Schmidt, Dominik Schrempf, Michael Woodhams.

Host:    slpc437 (AVX2, FMA3, 16 GB RAM)
Command: iqtree -s cluster2739rr.1to1ortho.fa.aln-cln_gene880.fa -nt 4 -m GTR+G -alrt 1000
Seed:    292641 (Using SPRNG - Scalable Parallel Random Number Generator)
Time:    Mon Nov 25 10:11:34 2019
Kernel:  AVX+FMA - 4 threads (6 CPU cores detected)

Reading alignment file cluster2739rr.1to1ortho.fa.aln-cln_gene880.fa ... Fasta format detected
Alignment most likely contains DNA/RNA sequences
Alignment has 13 sequences with 1732 columns, 951 distinct patterns
717 parsimony-informative, 297 singleton sites, 718 constant sites
           Gap/Ambiguity  Composition  p-value
   1  DrolusSFB   41.57%    passed     58.65%
   2  Dino         0.35%    passed     92.28%
   3  MJM3360     48.21%    passed     51.83%
   4  DrobinSFB    1.04%    passed     82.77%
   5  Neam         0.00%    passed     58.14%
   6  RuprSFB      4.50%    passed     89.18%
   7  Retr         1.79%    passed     80.75%
   8  Beta         2.66%    passed     43.44%
   9  Spol         2.48%    passed     35.23%
  10  MJM1652      0.98%    passed     70.17%
  11  NepSFB       0.00%    passed     62.77%
  12  WPYJ        43.59%    passed     12.88%
  13  MJM2940      0.40%    passed     82.85%
****  TOTAL       11.35%  0 sequences failed composition chi2 test (p-value<5%; df=3)

Create initial parsimony tree by phylogenetic likelihood library (PLL)... 0.001 seconds

NOTE: 1 MB RAM (0 GB) is required!
Estimate model parameters (epsilon = 0.100)
1. Initial log-likelihood: -12570.691
2. Current log-likelihood: -12130.168
3. Current log-likelihood: -12125.698
Optimal log-likelihood: -12125.629
Rate parameters:  A-C: 1.74101  A-G: 3.21058  A-T: 1.35317  C-G: 1.02426  C-T: 4.98402  G-T: 1.00000
Base frequencies:  A: 0.259  C: 0.183  G: 0.278  T: 0.280
Gamma shape alpha: 0.641
Parameters optimization took 3 rounds (0.056 sec)
Computing ML distances based on estimated model parameters... 0.002 sec
Computing BIONJ tree...
0.002 seconds
Log-likelihood of BIONJ tree: -12125.628
--------------------------------------------------------------------
|             INITIALIZING CANDIDATE TREE SET                      |
--------------------------------------------------------------------
Generating 99 parsimony trees... 0.106 second
Computing log-likelihood of 98 initial trees ... 0.487 seconds
Current best score: -12125.628

Do NNI search on 20 best initial trees
Estimate model parameters (epsilon = 0.100)
BETTER TREE FOUND at iteration 1: -12125.627
Iteration 10 / LogL: -12125.711 / Time: 0h:0m:0s
Iteration 20 / LogL: -12125.704 / Time: 0h:0m:1s
Finish initializing candidate tree set (1)
Current best tree score: -12125.627 / CPU time: 1.246
Number of iterations: 20
--------------------------------------------------------------------
|               OPTIMIZING CANDIDATE TREE SET                      |
--------------------------------------------------------------------
Iteration 30 / LogL: -12125.769 / Time: 0h:0m:1s (0h:0m:4s left)
Iteration 40 / LogL: -12126.421 / Time: 0h:0m:2s (0h:0m:3s left)
Iteration 50 / LogL: -12125.657 / Time: 0h:0m:2s (0h:0m:2s left)
Iteration 60 / LogL: -12125.937 / Time: 0h:0m:2s (0h:0m:2s left)
Iteration 70 / LogL: -12125.710 / Time: 0h:0m:3s (0h:0m:1s left)
Iteration 80 / LogL: -12125.645 / Time: 0h:0m:3s (0h:0m:1s left)
Iteration 90 / LogL: -12125.665 / Time: 0h:0m:4s (0h:0m:0s left)
Iteration 100 / LogL: -12126.156 / Time: 0h:0m:4s (0h:0m:0s left)
TREE SEARCH COMPLETED AFTER 102 ITERATIONS / Time: 0h:0m:4s

--------------------------------------------------------------------
|                    FINALIZING TREE SEARCH                        |
--------------------------------------------------------------------
Performs final model parameters optimization
Estimate model parameters (epsilon = 0.010)
1. Initial log-likelihood: -12125.627
Optimal log-likelihood: -12125.626
Rate parameters:  A-C: 1.74170  A-G: 3.20844  A-T: 1.35328  C-G: 1.02450  C-T: 4.99359  G-T: 1.00000
Base frequencies:  A: 0.259  C: 0.183  G: 0.278  T: 0.280
Gamma shape alpha: 0.641
Parameters optimization took 1 rounds (0.006 sec)
BEST SCORE FOUND : -12125.626

Testing tree branches by SH-like aLRT with 1000 replicates...
0.105 sec.
Total tree length: 2.103

Total number of iterations: 102
CPU time used for tree search: 6.438 sec (0h:0m:6s)
Wall-clock time used for tree search: 4.810 sec (0h:0m:4s)
Total CPU time used: 6.961 sec (0h:0m:6s)
Total wall-clock time used: 4.998 sec (0h:0m:4s)

Analysis results written to: 
  IQ-TREE report:                cluster2739rr.1to1ortho.fa.aln-cln_gene880.fa.iqtree
  Maximum-likelihood tree:       cluster2739rr.1to1ortho.fa.aln-cln_gene880.fa.treefile
  Likelihood distances:          cluster2739rr.1to1ortho.fa.aln-cln_gene880.fa.mldist
  Screen log file:               cluster2739rr.1to1ortho.fa.aln-cln_gene880.fa.log

Date and Time: Mon Nov 25 10:11:39 2019
