IQ-TREE multicore version 1.6.11 for Mac OS X 64-bit built Jul 12 2019
Developed by Bui Quang Minh, Nguyen Lam Tung, Olga Chernomor,
Heiko Schmidt, Dominik Schrempf, Michael Woodhams.

Host:    slpc437 (AVX2, FMA3, 16 GB RAM)
Command: iqtree -s cluster5000rr.1to1ortho.fa.aln-cln_gene8.fa -nt 4 -m GTR+G -alrt 1000
Seed:    668856 (Using SPRNG - Scalable Parallel Random Number Generator)
Time:    Mon Nov 25 11:03:22 2019
Kernel:  AVX+FMA - 4 threads (6 CPU cores detected)

Reading alignment file cluster5000rr.1to1ortho.fa.aln-cln_gene8.fa ... Fasta format detected
Alignment most likely contains DNA/RNA sequences
Alignment has 13 sequences with 1775 columns, 816 distinct patterns
648 parsimony-informative, 263 singleton sites, 864 constant sites
           Gap/Ambiguity  Composition  p-value
   1  DrolusSFB    1.35%    passed     47.35%
   2  Dino         3.83%    passed     23.38%
   3  MJM3360     15.44%    passed     26.98%
   4  DrobinSFB   10.42%    passed     26.51%
   5  Neam         0.34%    passed     33.40%
   6  RuprSFB     15.44%    passed     54.28%
   7  Retr         8.90%    passed     84.47%
   8  Beta         9.75%    passed      6.04%
   9  Spol         9.75%    passed     49.99%
  10  MJM1652      8.56%    passed     92.02%
  11  NepSFB       0.34%    passed     58.51%
  12  WPYJ         9.07%    passed     74.49%
  13  MJM2940      0.51%    passed     51.10%
****  TOTAL        7.21%  0 sequences failed composition chi2 test (p-value<5%; df=3)

Create initial parsimony tree by phylogenetic likelihood library (PLL)... 0.001 seconds

NOTE: 1 MB RAM (0 GB) is required!
Estimate model parameters (epsilon = 0.100)
1. Initial log-likelihood: -12083.459
2. Current log-likelihood: -11589.864
3. Current log-likelihood: -11583.292
4. Current log-likelihood: -11583.122
Optimal log-likelihood: -11583.117
Rate parameters:  A-C: 2.19107  A-G: 4.59408  A-T: 1.58705  C-G: 1.22468  C-T: 6.35174  G-T: 1.00000
Base frequencies:  A: 0.264  C: 0.190  G: 0.274  T: 0.272
Gamma shape alpha: 0.438
Parameters optimization took 4 rounds (0.048 sec)
Computing ML distances based on estimated model parameters... 0.002 sec
Computing BIONJ tree...
0.002 seconds
Log-likelihood of BIONJ tree: -11574.099
--------------------------------------------------------------------
|             INITIALIZING CANDIDATE TREE SET                      |
--------------------------------------------------------------------
Generating 98 parsimony trees... 0.088 second
Computing log-likelihood of 98 initial trees ... 0.460 seconds
Current best score: -11574.099

Do NNI search on 20 best initial trees
Estimate model parameters (epsilon = 0.100)
BETTER TREE FOUND at iteration 1: -11574.088
Iteration 10 / LogL: -11574.706 / Time: 0h:0m:0s
Iteration 20 / LogL: -11574.147 / Time: 0h:0m:1s
Finish initializing candidate tree set (1)
Current best tree score: -11574.088 / CPU time: 1.147
Number of iterations: 20
--------------------------------------------------------------------
|               OPTIMIZING CANDIDATE TREE SET                      |
--------------------------------------------------------------------
Iteration 30 / LogL: -11574.256 / Time: 0h:0m:1s (0h:0m:3s left)
Iteration 40 / LogL: -11574.115 / Time: 0h:0m:2s (0h:0m:3s left)
UPDATE BEST LOG-LIKELIHOOD: -11574.088
Iteration 50 / LogL: -11574.127 / Time: 0h:0m:2s (0h:0m:2s left)
Iteration 60 / LogL: -11574.097 / Time: 0h:0m:2s (0h:0m:1s left)
Iteration 70 / LogL: -11574.238 / Time: 0h:0m:3s (0h:0m:1s left)
Iteration 80 / LogL: -11574.533 / Time: 0h:0m:3s (0h:0m:1s left)
Iteration 90 / LogL: -11574.633 / Time: 0h:0m:4s (0h:0m:0s left)
Iteration 100 / LogL: -11574.351 / Time: 0h:0m:4s (0h:0m:0s left)
TREE SEARCH COMPLETED AFTER 102 ITERATIONS / Time: 0h:0m:4s

--------------------------------------------------------------------
|                    FINALIZING TREE SEARCH                        |
--------------------------------------------------------------------
Performs final model parameters optimization
Estimate model parameters (epsilon = 0.010)
1. Initial log-likelihood: -11574.088
Optimal log-likelihood: -11574.086
Rate parameters:  A-C: 2.18423  A-G: 4.60016  A-T: 1.59236  C-G: 1.21611  C-T: 6.37629  G-T: 1.00000
Base frequencies:  A: 0.264  C: 0.190  G: 0.274  T: 0.272
Gamma shape alpha: 0.439
Parameters optimization took 1 rounds (0.005 sec)
BEST SCORE FOUND : -11574.086

Testing tree branches by SH-like aLRT with 1000 replicates...
0.100 sec.
Total tree length: 1.941

Total number of iterations: 102
CPU time used for tree search: 5.797 sec (0h:0m:5s)
Wall-clock time used for tree search: 4.613 sec (0h:0m:4s)
Total CPU time used: 6.287 sec (0h:0m:6s)
Total wall-clock time used: 4.787 sec (0h:0m:4s)

Analysis results written to: 
  IQ-TREE report:                cluster5000rr.1to1ortho.fa.aln-cln_gene8.fa.iqtree
  Maximum-likelihood tree:       cluster5000rr.1to1ortho.fa.aln-cln_gene8.fa.treefile
  Likelihood distances:          cluster5000rr.1to1ortho.fa.aln-cln_gene8.fa.mldist
  Screen log file:               cluster5000rr.1to1ortho.fa.aln-cln_gene8.fa.log

Date and Time: Mon Nov 25 11:03:27 2019
