IQ-TREE multicore version 1.6.11 for Mac OS X 64-bit built Jul 12 2019
Developed by Bui Quang Minh, Nguyen Lam Tung, Olga Chernomor,
Heiko Schmidt, Dominik Schrempf, Michael Woodhams.

Host:    slpc437 (AVX2, FMA3, 16 GB RAM)
Command: iqtree -s cluster3525rr.1to1ortho.fa.aln-cln_gene554.fa -nt 4 -m GTR+G -alrt 1000
Seed:    802565 (Using SPRNG - Scalable Parallel Random Number Generator)
Time:    Mon Nov 25 10:32:13 2019
Kernel:  AVX+FMA - 4 threads (6 CPU cores detected)

Reading alignment file cluster3525rr.1to1ortho.fa.aln-cln_gene554.fa ... Fasta format detected
Alignment most likely contains DNA/RNA sequences
Alignment has 13 sequences with 2952 columns, 1440 distinct patterns
1199 parsimony-informative, 551 singleton sites, 1202 constant sites
           Gap/Ambiguity  Composition  p-value
   1  DrolusSFB    1.12%    passed     86.10%
   2  Dino         0.61%    passed     97.37%
   3  MJM3360     35.67%    passed     82.25%
   4  DrobinSFB    0.20%    passed     44.87%
   5  Neam         0.20%    passed     39.63%
   6  RuprSFB     35.77%    passed     68.26%
   7  Retr        32.45%    passed     60.10%
   8  Beta         1.12%    passed     80.83%
   9  Spol         1.80%    passed     99.85%
  10  MJM1652      2.27%    passed     54.40%
  11  NepSFB       3.96%    passed     67.77%
  12  WPYJ        32.45%    passed      9.56%
  13  MJM2940      0.91%    passed     67.54%
****  TOTAL       11.43%  0 sequences failed composition chi2 test (p-value<5%; df=3)

Create initial parsimony tree by phylogenetic likelihood library (PLL)... 0.002 seconds

NOTE: 2 MB RAM (0 GB) is required!
Estimate model parameters (epsilon = 0.100)
1. Initial log-likelihood: -20221.491
2. Current log-likelihood: -19480.921
3. Current log-likelihood: -19476.885
Optimal log-likelihood: -19476.865
Rate parameters:  A-C: 1.08465  A-G: 2.73733  A-T: 1.12436  C-G: 0.85915  C-T: 4.50577  G-T: 1.00000
Base frequencies:  A: 0.331  C: 0.179  G: 0.269  T: 0.220
Gamma shape alpha: 0.790
Parameters optimization took 3 rounds (0.052 sec)
Computing ML distances based on estimated model parameters... 0.002 sec
Computing BIONJ tree...
0.002 seconds
Log-likelihood of BIONJ tree: -19569.254
--------------------------------------------------------------------
|             INITIALIZING CANDIDATE TREE SET                      |
--------------------------------------------------------------------
Generating 98 parsimony trees... 0.159 second
Computing log-likelihood of 98 initial trees ... 0.541 seconds
Current best score: -19471.499

Do NNI search on 20 best initial trees
Estimate model parameters (epsilon = 0.100)
BETTER TREE FOUND at iteration 1: -19471.209
Iteration 10 / LogL: -19471.564 / Time: 0h:0m:1s
Iteration 20 / LogL: -19471.302 / Time: 0h:0m:1s
Finish initializing candidate tree set (1)
Current best tree score: -19471.209 / CPU time: 1.533
Number of iterations: 20
--------------------------------------------------------------------
|               OPTIMIZING CANDIDATE TREE SET                      |
--------------------------------------------------------------------
Iteration 30 / LogL: -19471.280 / Time: 0h:0m:2s (0h:0m:5s left)
Iteration 40 / LogL: -19471.572 / Time: 0h:0m:2s (0h:0m:4s left)
Iteration 50 / LogL: -19471.270 / Time: 0h:0m:3s (0h:0m:3s left)
Iteration 60 / LogL: -19471.252 / Time: 0h:0m:3s (0h:0m:2s left)
Iteration 70 / LogL: -19471.217 / Time: 0h:0m:4s (0h:0m:1s left)
Iteration 80 / LogL: -19471.224 / Time: 0h:0m:4s (0h:0m:1s left)
Iteration 90 / LogL: -19471.265 / Time: 0h:0m:5s (0h:0m:0s left)
Iteration 100 / LogL: -19471.387 / Time: 0h:0m:5s (0h:0m:0s left)
TREE SEARCH COMPLETED AFTER 102 ITERATIONS / Time: 0h:0m:5s

--------------------------------------------------------------------
|                    FINALIZING TREE SEARCH                        |
--------------------------------------------------------------------
Performs final model parameters optimization
Estimate model parameters (epsilon = 0.010)
1. Initial log-likelihood: -19471.209
Optimal log-likelihood: -19471.202
Rate parameters:  A-C: 1.08383  A-G: 2.76147  A-T: 1.13232  C-G: 0.86405  C-T: 4.55335  G-T: 1.00000
Base frequencies:  A: 0.331  C: 0.179  G: 0.269  T: 0.220
Gamma shape alpha: 0.793
Parameters optimization took 1 rounds (0.008 sec)
BEST SCORE FOUND : -19471.202

Testing tree branches by SH-like aLRT with 1000 replicates...
0.159 sec.
Total tree length: 1.819

Total number of iterations: 102
CPU time used for tree search: 8.896 sec (0h:0m:8s)
Wall-clock time used for tree search: 5.583 sec (0h:0m:5s)
Total CPU time used: 9.663 sec (0h:0m:9s)
Total wall-clock time used: 5.828 sec (0h:0m:5s)

Analysis results written to: 
  IQ-TREE report:                cluster3525rr.1to1ortho.fa.aln-cln_gene554.fa.iqtree
  Maximum-likelihood tree:       cluster3525rr.1to1ortho.fa.aln-cln_gene554.fa.treefile
  Likelihood distances:          cluster3525rr.1to1ortho.fa.aln-cln_gene554.fa.mldist
  Screen log file:               cluster3525rr.1to1ortho.fa.aln-cln_gene554.fa.log

Date and Time: Mon Nov 25 10:32:19 2019
