IQ-TREE multicore version 1.6.11 for Mac OS X 64-bit built Jul 12 2019
Developed by Bui Quang Minh, Nguyen Lam Tung, Olga Chernomor,
Heiko Schmidt, Dominik Schrempf, Michael Woodhams.

Host:    slpc437 (AVX2, FMA3, 16 GB RAM)
Command: iqtree -s cluster2604rr.1to1ortho.fa.aln-cln_gene825.fa -nt 4 -m GTR+G -alrt 1000
Seed:    900111 (Using SPRNG - Scalable Parallel Random Number Generator)
Time:    Mon Nov 25 10:09:36 2019
Kernel:  AVX+FMA - 4 threads (6 CPU cores detected)

Reading alignment file cluster2604rr.1to1ortho.fa.aln-cln_gene825.fa ... Fasta format detected
Alignment most likely contains DNA/RNA sequences
Alignment has 13 sequences with 1657 columns, 719 distinct patterns
583 parsimony-informative, 196 singleton sites, 878 constant sites
           Gap/Ambiguity  Composition  p-value
   1  DrolusSFB    3.92%    passed     99.08%
   2  Dino         1.45%    passed     69.57%
   3  MJM3360      3.32%    failed      1.93%
   4  DrobinSFB    5.61%    passed     76.83%
   5  Neam         0.66%    passed     83.01%
   6  RuprSFB      3.32%    passed     93.53%
   7  Retr         2.11%    passed     69.78%
   8  Beta         0.72%    passed     49.76%
   9  Spol         0.54%    passed     96.61%
  10  MJM1652      1.03%    passed     76.46%
  11  NepSFB       0.66%    passed     87.55%
  12  WPYJ         3.20%    failed      0.54%
  13  MJM2940      8.93%    passed     38.24%
****  TOTAL        2.73%  2 sequences failed composition chi2 test (p-value<5%; df=3)

Create initial parsimony tree by phylogenetic likelihood library (PLL)... 0.001 seconds

NOTE: 1 MB RAM (0 GB) is required!
Estimate model parameters (epsilon = 0.100)
1. Initial log-likelihood: -11173.791
2. Current log-likelihood: -10624.868
3. Current log-likelihood: -10617.081
4. Current log-likelihood: -10616.775
Optimal log-likelihood: -10616.757
Rate parameters:  A-C: 1.75124  A-G: 3.99594  A-T: 0.91332  C-G: 1.04725  C-T: 5.64686  G-T: 1.00000
Base frequencies:  A: 0.284  C: 0.203  G: 0.233  T: 0.279
Gamma shape alpha: 0.354
Parameters optimization took 4 rounds (0.046 sec)
Computing ML distances based on estimated model parameters... 0.002 sec
Computing BIONJ tree...
0.002 seconds
Log-likelihood of BIONJ tree: -10616.757
--------------------------------------------------------------------
|             INITIALIZING CANDIDATE TREE SET                      |
--------------------------------------------------------------------
Generating 99 parsimony trees... 0.094 second
Computing log-likelihood of 99 initial trees ... 0.441 seconds
Current best score: -10616.757

Do NNI search on 20 best initial trees
Estimate model parameters (epsilon = 0.100)
BETTER TREE FOUND at iteration 1: -10616.755
Iteration 10 / LogL: -10616.763 / Time: 0h:0m:0s
Iteration 20 / LogL: -10616.847 / Time: 0h:0m:1s
Finish initializing candidate tree set (2)
Current best tree score: -10616.755 / CPU time: 1.128
Number of iterations: 20
--------------------------------------------------------------------
|               OPTIMIZING CANDIDATE TREE SET                      |
--------------------------------------------------------------------
Iteration 30 / LogL: -10616.759 / Time: 0h:0m:1s (0h:0m:3s left)
Iteration 40 / LogL: -10617.090 / Time: 0h:0m:2s (0h:0m:3s left)
Iteration 50 / LogL: -10616.782 / Time: 0h:0m:2s (0h:0m:2s left)
Iteration 60 / LogL: -10616.976 / Time: 0h:0m:2s (0h:0m:1s left)
Iteration 70 / LogL: -10616.780 / Time: 0h:0m:3s (0h:0m:1s left)
Iteration 80 / LogL: -10616.895 / Time: 0h:0m:3s (0h:0m:0s left)
Iteration 90 / LogL: -10617.170 / Time: 0h:0m:4s (0h:0m:0s left)
Iteration 100 / LogL: -10625.542 / Time: 0h:0m:4s (0h:0m:0s left)
TREE SEARCH COMPLETED AFTER 102 ITERATIONS / Time: 0h:0m:4s

--------------------------------------------------------------------
|                    FINALIZING TREE SEARCH                        |
--------------------------------------------------------------------
Performs final model parameters optimization
Estimate model parameters (epsilon = 0.010)
1. Initial log-likelihood: -10616.755
Optimal log-likelihood: -10616.754
Rate parameters:  A-C: 1.75106  A-G: 3.98575  A-T: 0.91336  C-G: 1.04563  C-T: 5.65598  G-T: 1.00000
Base frequencies:  A: 0.284  C: 0.203  G: 0.233  T: 0.279
Gamma shape alpha: 0.354
Parameters optimization took 1 rounds (0.005 sec)
BEST SCORE FOUND : -10616.754

Testing tree branches by SH-like aLRT with 1000 replicates...
0.097 sec.
Total tree length: 1.790

Total number of iterations: 102
CPU time used for tree search: 5.586 sec (0h:0m:5s)
Wall-clock time used for tree search: 4.599 sec (0h:0m:4s)
Total CPU time used: 6.039 sec (0h:0m:6s)
Total wall-clock time used: 4.766 sec (0h:0m:4s)

Analysis results written to: 
  IQ-TREE report:                cluster2604rr.1to1ortho.fa.aln-cln_gene825.fa.iqtree
  Maximum-likelihood tree:       cluster2604rr.1to1ortho.fa.aln-cln_gene825.fa.treefile
  Likelihood distances:          cluster2604rr.1to1ortho.fa.aln-cln_gene825.fa.mldist
  Screen log file:               cluster2604rr.1to1ortho.fa.aln-cln_gene825.fa.log

Date and Time: Mon Nov 25 10:09:41 2019
