IQ-TREE multicore version 1.6.11 for Mac OS X 64-bit built Jul 12 2019
Developed by Bui Quang Minh, Nguyen Lam Tung, Olga Chernomor,
Heiko Schmidt, Dominik Schrempf, Michael Woodhams.

Host:    slpc437 (AVX2, FMA3, 16 GB RAM)
Command: iqtree -s cluster1539rr.1to1ortho.fa.aln-cln_gene12.fa -nt 4 -m GTR+G -alrt 1000
Seed:    561800 (Using SPRNG - Scalable Parallel Random Number Generator)
Time:    Mon Nov 25 09:44:42 2019
Kernel:  AVX+FMA - 4 threads (6 CPU cores detected)

Reading alignment file cluster1539rr.1to1ortho.fa.aln-cln_gene12.fa ... Fasta format detected
Alignment most likely contains DNA/RNA sequences
Alignment has 13 sequences with 1617 columns, 785 distinct patterns
583 parsimony-informative, 239 singleton sites, 795 constant sites
           Gap/Ambiguity  Composition  p-value
   1  DrolusSFB    0.74%    passed     70.71%
   2  Dino         1.30%    passed     64.50%
   3  MJM3360     16.70%    passed     61.30%
   4  DrobinSFB    0.80%    passed     53.42%
   5  Neam         0.31%    passed     92.16%
   6  RuprSFB     17.32%    passed     81.81%
   7  Retr        48.55%    passed     93.96%
   8  Beta         7.61%    passed     11.34%
   9  Spol         7.42%    passed     16.75%
  10  MJM1652      0.56%    passed     85.98%
  11  NepSFB       0.31%    passed     93.22%
  12  WPYJ         5.19%    passed     77.24%
  13  MJM2940      0.68%    passed     47.93%
****  TOTAL        8.27%  0 sequences failed composition chi2 test (p-value<5%; df=3)

Create initial parsimony tree by phylogenetic likelihood library (PLL)... 0.001 seconds

NOTE: 1 MB RAM (0 GB) is required!
Estimate model parameters (epsilon = 0.100)
1. Initial log-likelihood: -10886.529
2. Current log-likelihood: -10464.700
3. Current log-likelihood: -10459.206
4. Current log-likelihood: -10459.076
Optimal log-likelihood: -10459.072
Rate parameters:  A-C: 1.44112  A-G: 3.73333  A-T: 1.23051  C-G: 1.48054  C-T: 5.28945  G-T: 1.00000
Base frequencies:  A: 0.274  C: 0.201  G: 0.257  T: 0.269
Gamma shape alpha: 0.432
Parameters optimization took 4 rounds (0.053 sec)
Computing ML distances based on estimated model parameters... 0.002 sec
Computing BIONJ tree...
0.002 seconds
Log-likelihood of BIONJ tree: -10471.455
--------------------------------------------------------------------
|             INITIALIZING CANDIDATE TREE SET                      |
--------------------------------------------------------------------
Generating 98 parsimony trees... 0.098 second
Computing log-likelihood of 98 initial trees ... 0.460 seconds
Current best score: -10459.072

Do NNI search on 20 best initial trees
Estimate model parameters (epsilon = 0.100)
BETTER TREE FOUND at iteration 1: -10458.893
Iteration 10 / LogL: -10458.896 / Time: 0h:0m:0s
Iteration 20 / LogL: -10471.661 / Time: 0h:0m:1s
Finish initializing candidate tree set (2)
Current best tree score: -10458.893 / CPU time: 1.261
Number of iterations: 20
--------------------------------------------------------------------
|               OPTIMIZING CANDIDATE TREE SET                      |
--------------------------------------------------------------------
Iteration 30 / LogL: -10459.104 / Time: 0h:0m:1s (0h:0m:4s left)
Iteration 40 / LogL: -10459.091 / Time: 0h:0m:2s (0h:0m:3s left)
Iteration 50 / LogL: -10471.060 / Time: 0h:0m:2s (0h:0m:2s left)
UPDATE BEST LOG-LIKELIHOOD: -10458.893
Iteration 60 / LogL: -10458.907 / Time: 0h:0m:3s (0h:0m:2s left)
UPDATE BEST LOG-LIKELIHOOD: -10458.893
Iteration 70 / LogL: -10471.208 / Time: 0h:0m:3s (0h:0m:1s left)
UPDATE BEST LOG-LIKELIHOOD: -10458.893
Iteration 80 / LogL: -10458.910 / Time: 0h:0m:3s (0h:0m:1s left)
Iteration 90 / LogL: -10459.107 / Time: 0h:0m:4s (0h:0m:0s left)
Iteration 100 / LogL: -10471.056 / Time: 0h:0m:4s (0h:0m:0s left)
TREE SEARCH COMPLETED AFTER 102 ITERATIONS / Time: 0h:0m:4s

--------------------------------------------------------------------
|                    FINALIZING TREE SEARCH                        |
--------------------------------------------------------------------
Performs final model parameters optimization
Estimate model parameters (epsilon = 0.010)
1. Initial log-likelihood: -10458.893
Optimal log-likelihood: -10458.892
Rate parameters:  A-C: 1.43762  A-G: 3.73472  A-T: 1.22912  C-G: 1.48177  C-T: 5.29403  G-T: 1.00000
Base frequencies:  A: 0.274  C: 0.201  G: 0.257  T: 0.269
Gamma shape alpha: 0.433
Parameters optimization took 1 rounds (0.005 sec)
BEST SCORE FOUND : -10458.892

Testing tree branches by SH-like aLRT with 1000 replicates...
0.097 sec.
Total tree length: 1.874

Total number of iterations: 102
CPU time used for tree search: 5.978 sec (0h:0m:5s)
Wall-clock time used for tree search: 4.799 sec (0h:0m:4s)
Total CPU time used: 6.455 sec (0h:0m:6s)
Total wall-clock time used: 4.975 sec (0h:0m:4s)

Analysis results written to: 
  IQ-TREE report:                cluster1539rr.1to1ortho.fa.aln-cln_gene12.fa.iqtree
  Maximum-likelihood tree:       cluster1539rr.1to1ortho.fa.aln-cln_gene12.fa.treefile
  Likelihood distances:          cluster1539rr.1to1ortho.fa.aln-cln_gene12.fa.mldist
  Screen log file:               cluster1539rr.1to1ortho.fa.aln-cln_gene12.fa.log

Date and Time: Mon Nov 25 09:44:47 2019
