IQ-TREE multicore version 1.6.11 for Mac OS X 64-bit built Jul 12 2019
Developed by Bui Quang Minh, Nguyen Lam Tung, Olga Chernomor,
Heiko Schmidt, Dominik Schrempf, Michael Woodhams.

Host:    slpc437 (AVX2, FMA3, 16 GB RAM)
Command: iqtree -s cluster888rr.1to1ortho.fa.aln-cln_gene818.fa -nt 4 -m GTR+G -alrt 1000
Seed:    873609 (Using SPRNG - Scalable Parallel Random Number Generator)
Time:    Mon Nov 25 11:13:59 2019
Kernel:  AVX+FMA - 4 threads (6 CPU cores detected)

Reading alignment file cluster888rr.1to1ortho.fa.aln-cln_gene818.fa ... Fasta format detected
Alignment most likely contains DNA/RNA sequences
Alignment has 13 sequences with 1276 columns, 697 distinct patterns
480 parsimony-informative, 223 singleton sites, 573 constant sites
           Gap/Ambiguity  Composition  p-value
   1  DrolusSFB   11.76%    passed     92.98%
   2  Dino         0.31%    passed     82.48%
   3  MJM3360     19.44%    passed     94.59%
   4  DrobinSFB    0.55%    passed     13.60%
   5  Neam         0.31%    passed     73.54%
   6  RuprSFB      9.40%    passed     92.18%
   7  Retr        15.44%    passed     80.98%
   8  Beta         4.55%    passed     54.05%
   9  Spol         4.55%    passed     52.57%
  10  MJM1652      3.68%    passed     81.26%
  11  NepSFB       0.31%    passed     73.68%
  12  WPYJ        16.22%    passed     91.89%
  13  MJM2940     41.54%    passed     97.18%
****  TOTAL        9.85%  0 sequences failed composition chi2 test (p-value<5%; df=3)

Create initial parsimony tree by phylogenetic likelihood library (PLL)... 0.001 seconds

NOTE: 1 MB RAM (0 GB) is required!
Estimate model parameters (epsilon = 0.100)
1. Initial log-likelihood: -8747.235
2. Current log-likelihood: -8417.880
3. Current log-likelihood: -8415.353
Optimal log-likelihood: -8415.302
Rate parameters:  A-C: 1.58409  A-G: 4.10878  A-T: 1.13060  C-G: 1.18576  C-T: 4.63202  G-T: 1.00000
Base frequencies:  A: 0.259  C: 0.206  G: 0.234  T: 0.301
Gamma shape alpha: 0.591
Parameters optimization took 3 rounds (0.045 sec)
Computing ML distances based on estimated model parameters... 0.001 sec
Computing BIONJ tree...
0.002 seconds
Log-likelihood of BIONJ tree: -8416.843
--------------------------------------------------------------------
|             INITIALIZING CANDIDATE TREE SET                      |
--------------------------------------------------------------------
Generating 98 parsimony trees... 0.100 second
Computing log-likelihood of 98 initial trees ... 0.447 seconds
Current best score: -8415.302

Do NNI search on 20 best initial trees
Estimate model parameters (epsilon = 0.100)
BETTER TREE FOUND at iteration 1: -8413.116
Iteration 10 / LogL: -8413.130 / Time: 0h:0m:0s
Iteration 20 / LogL: -8413.236 / Time: 0h:0m:1s
Finish initializing candidate tree set (1)
Current best tree score: -8413.116 / CPU time: 1.175
Number of iterations: 20
--------------------------------------------------------------------
|               OPTIMIZING CANDIDATE TREE SET                      |
--------------------------------------------------------------------
Iteration 30 / LogL: -8413.138 / Time: 0h:0m:1s (0h:0m:4s left)
Iteration 40 / LogL: -8413.120 / Time: 0h:0m:2s (0h:0m:3s left)
UPDATE BEST LOG-LIKELIHOOD: -8413.116
Iteration 50 / LogL: -8413.128 / Time: 0h:0m:2s (0h:0m:2s left)
UPDATE BEST LOG-LIKELIHOOD: -8413.116
Iteration 60 / LogL: -8413.841 / Time: 0h:0m:2s (0h:0m:1s left)
Iteration 70 / LogL: -8413.124 / Time: 0h:0m:3s (0h:0m:1s left)
Iteration 80 / LogL: -8413.146 / Time: 0h:0m:3s (0h:0m:0s left)
UPDATE BEST LOG-LIKELIHOOD: -8413.116
Iteration 90 / LogL: -8413.140 / Time: 0h:0m:4s (0h:0m:0s left)
Iteration 100 / LogL: -8413.155 / Time: 0h:0m:4s (0h:0m:0s left)
TREE SEARCH COMPLETED AFTER 102 ITERATIONS / Time: 0h:0m:4s

--------------------------------------------------------------------
|                    FINALIZING TREE SEARCH                        |
--------------------------------------------------------------------
Performs final model parameters optimization
Estimate model parameters (epsilon = 0.010)
1. Initial log-likelihood: -8413.116
Optimal log-likelihood: -8413.115
Rate parameters:  A-C: 1.58756  A-G: 4.09930  A-T: 1.13560  C-G: 1.17774  C-T: 4.63708  G-T: 1.00000
Base frequencies:  A: 0.259  C: 0.206  G: 0.234  T: 0.301
Gamma shape alpha: 0.592
Parameters optimization took 1 rounds (0.005 sec)
BEST SCORE FOUND : -8413.115

Testing tree branches by SH-like aLRT with 1000 replicates...
0.078 sec.
Total tree length: 1.846

Total number of iterations: 102
CPU time used for tree search: 5.521 sec (0h:0m:5s)
Wall-clock time used for tree search: 4.625 sec (0h:0m:4s)
Total CPU time used: 5.907 sec (0h:0m:5s)
Total wall-clock time used: 4.773 sec (0h:0m:4s)

Analysis results written to: 
  IQ-TREE report:                cluster888rr.1to1ortho.fa.aln-cln_gene818.fa.iqtree
  Maximum-likelihood tree:       cluster888rr.1to1ortho.fa.aln-cln_gene818.fa.treefile
  Likelihood distances:          cluster888rr.1to1ortho.fa.aln-cln_gene818.fa.mldist
  Screen log file:               cluster888rr.1to1ortho.fa.aln-cln_gene818.fa.log

Date and Time: Mon Nov 25 11:14:04 2019
