IQ-TREE multicore version 1.6.11 for Mac OS X 64-bit built Jul 12 2019
Developed by Bui Quang Minh, Nguyen Lam Tung, Olga Chernomor,
Heiko Schmidt, Dominik Schrempf, Michael Woodhams.

Host:    slpc437 (AVX2, FMA3, 16 GB RAM)
Command: iqtree -s cluster709rr.1to1ortho.fa.aln-cln_gene288.fa -nt 4 -m GTR+G -alrt 1000
Seed:    599711 (Using SPRNG - Scalable Parallel Random Number Generator)
Time:    Mon Nov 25 11:12:13 2019
Kernel:  AVX+FMA - 4 threads (6 CPU cores detected)

Reading alignment file cluster709rr.1to1ortho.fa.aln-cln_gene288.fa ... Fasta format detected
Alignment most likely contains DNA/RNA sequences
Alignment has 13 sequences with 1725 columns, 916 distinct patterns
630 parsimony-informative, 291 singleton sites, 804 constant sites
           Gap/Ambiguity  Composition  p-value
   1  DrolusSFB   45.22%    passed     53.86%
   2  Dino         1.04%    passed     16.14%
   3  MJM3360     15.42%    passed     30.03%
   4  DrobinSFB   29.39%    passed     68.15%
   5  Neam         0.35%    passed     30.99%
   6  RuprSFB     12.17%    passed      5.03%
   7  Retr        41.68%    passed     49.35%
   8  Beta         5.10%    passed     82.86%
   9  Spol         5.28%    passed     67.01%
  10  MJM1652      0.23%    passed     41.04%
  11  NepSFB       0.35%    passed     24.16%
  12  WPYJ        63.54%    passed     39.04%
  13  MJM2940      0.35%    passed     60.06%
WARNING: 1 sequences contain more than 50% gaps/ambiguity
****  TOTAL       16.93%  0 sequences failed composition chi2 test (p-value<5%; df=3)

Create initial parsimony tree by phylogenetic likelihood library (PLL)... 0.001 seconds

NOTE: 1 MB RAM (0 GB) is required!
Estimate model parameters (epsilon = 0.100)
1. Initial log-likelihood: -10776.203
2. Current log-likelihood: -10338.009
3. Current log-likelihood: -10334.746
Optimal log-likelihood: -10334.701
Rate parameters:  A-C: 1.45772  A-G: 3.50998  A-T: 1.04485  C-G: 1.34121  C-T: 5.46661  G-T: 1.00000
Base frequencies:  A: 0.293  C: 0.196  G: 0.248  T: 0.263
Gamma shape alpha: 0.634
Parameters optimization took 3 rounds (0.042 sec)
Computing ML distances based on estimated model parameters... 0.002 sec
Computing BIONJ tree...
0.002 seconds
Log-likelihood of BIONJ tree: -10336.946
--------------------------------------------------------------------
|             INITIALIZING CANDIDATE TREE SET                      |
--------------------------------------------------------------------
Generating 98 parsimony trees... 0.100 second
Computing log-likelihood of 95 initial trees ... 0.474 seconds
Current best score: -10334.701

Do NNI search on 20 best initial trees
Estimate model parameters (epsilon = 0.100)
BETTER TREE FOUND at iteration 1: -10334.699
Iteration 10 / LogL: -10334.908 / Time: 0h:0m:0s
Iteration 20 / LogL: -10334.788 / Time: 0h:0m:1s
Finish initializing candidate tree set (1)
Current best tree score: -10334.699 / CPU time: 1.175
Number of iterations: 20
--------------------------------------------------------------------
|               OPTIMIZING CANDIDATE TREE SET                      |
--------------------------------------------------------------------
UPDATE BEST LOG-LIKELIHOOD: -10334.699
Iteration 30 / LogL: -10335.548 / Time: 0h:0m:1s (0h:0m:3s left)
Iteration 40 / LogL: -10334.713 / Time: 0h:0m:2s (0h:0m:3s left)
Iteration 50 / LogL: -10334.763 / Time: 0h:0m:2s (0h:0m:2s left)
Iteration 60 / LogL: -10337.438 / Time: 0h:0m:2s (0h:0m:2s left)
Iteration 70 / LogL: -10334.709 / Time: 0h:0m:3s (0h:0m:1s left)
Iteration 80 / LogL: -10334.776 / Time: 0h:0m:3s (0h:0m:1s left)
Iteration 90 / LogL: -10334.866 / Time: 0h:0m:4s (0h:0m:0s left)
Iteration 100 / LogL: -10334.791 / Time: 0h:0m:4s (0h:0m:0s left)
TREE SEARCH COMPLETED AFTER 102 ITERATIONS / Time: 0h:0m:4s

--------------------------------------------------------------------
|                    FINALIZING TREE SEARCH                        |
--------------------------------------------------------------------
Performs final model parameters optimization
Estimate model parameters (epsilon = 0.010)
1. Initial log-likelihood: -10334.699
Optimal log-likelihood: -10334.698
Rate parameters:  A-C: 1.45566  A-G: 3.49972  A-T: 1.04397  C-G: 1.34347  C-T: 5.46257  G-T: 1.00000
Base frequencies:  A: 0.293  C: 0.196  G: 0.248  T: 0.263
Gamma shape alpha: 0.634
Parameters optimization took 1 rounds (0.005 sec)
BEST SCORE FOUND : -10334.698

Testing tree branches by SH-like aLRT with 1000 replicates...
0.100 sec.
Total tree length: 1.763

Total number of iterations: 102
CPU time used for tree search: 6.312 sec (0h:0m:6s)
Wall-clock time used for tree search: 4.798 sec (0h:0m:4s)
Total CPU time used: 6.789 sec (0h:0m:6s)
Total wall-clock time used: 4.966 sec (0h:0m:4s)

Analysis results written to: 
  IQ-TREE report:                cluster709rr.1to1ortho.fa.aln-cln_gene288.fa.iqtree
  Maximum-likelihood tree:       cluster709rr.1to1ortho.fa.aln-cln_gene288.fa.treefile
  Likelihood distances:          cluster709rr.1to1ortho.fa.aln-cln_gene288.fa.mldist
  Screen log file:               cluster709rr.1to1ortho.fa.aln-cln_gene288.fa.log

Date and Time: Mon Nov 25 11:12:18 2019
