IQ-TREE multicore version 1.6.11 for Mac OS X 64-bit built Jul 12 2019
Developed by Bui Quang Minh, Nguyen Lam Tung, Olga Chernomor,
Heiko Schmidt, Dominik Schrempf, Michael Woodhams.

Host:    slpc437 (AVX2, FMA3, 16 GB RAM)
Command: iqtree -s cluster4820rr.1to1ortho.fa.aln-cln_gene313.fa -nt 4 -m GTR+G -alrt 1000
Seed:    18211 (Using SPRNG - Scalable Parallel Random Number Generator)
Time:    Mon Nov 25 10:58:35 2019
Kernel:  AVX+FMA - 4 threads (6 CPU cores detected)

Reading alignment file cluster4820rr.1to1ortho.fa.aln-cln_gene313.fa ... Fasta format detected
Alignment most likely contains DNA/RNA sequences
Alignment has 13 sequences with 1218 columns, 614 distinct patterns
470 parsimony-informative, 184 singleton sites, 564 constant sites
           Gap/Ambiguity  Composition  p-value
   1  DrolusSFB    1.15%    passed     57.15%
   2  Dino         0.08%    passed     66.99%
   3  MJM3360      5.25%    passed     76.93%
   4  DrobinSFB    1.23%    passed     63.42%
   5  Neam         1.97%    passed     86.59%
   6  RuprSFB      0.99%    passed     14.76%
   7  Retr         2.22%    passed     38.38%
   8  Beta         2.46%    passed     95.49%
   9  Spol         1.72%    passed     80.36%
  10  MJM1652      0.25%    passed     98.87%
  11  NepSFB       0.74%    passed     86.90%
  12  WPYJ        11.33%    passed     75.73%
  13  MJM2940      0.74%    passed     89.83%
****  TOTAL        2.32%  0 sequences failed composition chi2 test (p-value<5%; df=3)

Create initial parsimony tree by phylogenetic likelihood library (PLL)... 0.001 seconds

NOTE: 1 MB RAM (0 GB) is required!
Estimate model parameters (epsilon = 0.100)
1. Initial log-likelihood: -8720.178
2. Current log-likelihood: -8402.263
3. Current log-likelihood: -8400.371
Optimal log-likelihood: -8400.325
Rate parameters:  A-C: 1.14754  A-G: 3.40085  A-T: 1.41782  C-G: 0.97819  C-T: 5.25902  G-T: 1.00000
Base frequencies:  A: 0.319  C: 0.184  G: 0.274  T: 0.223
Gamma shape alpha: 0.541
Parameters optimization took 3 rounds (0.037 sec)
Computing ML distances based on estimated model parameters... 0.001 sec
Computing BIONJ tree...
0.002 seconds
Log-likelihood of BIONJ tree: -8404.790
--------------------------------------------------------------------
|             INITIALIZING CANDIDATE TREE SET                      |
--------------------------------------------------------------------
Generating 98 parsimony trees... 0.082 second
Computing log-likelihood of 97 initial trees ... 0.412 seconds
Current best score: -8400.325

Do NNI search on 20 best initial trees
Estimate model parameters (epsilon = 0.100)
BETTER TREE FOUND at iteration 1: -8398.885
Iteration 10 / LogL: -8398.938 / Time: 0h:0m:0s
Iteration 20 / LogL: -8398.913 / Time: 0h:0m:1s
Finish initializing candidate tree set (1)
Current best tree score: -8398.885 / CPU time: 1.047
Number of iterations: 20
--------------------------------------------------------------------
|               OPTIMIZING CANDIDATE TREE SET                      |
--------------------------------------------------------------------
Iteration 30 / LogL: -8399.145 / Time: 0h:0m:1s (0h:0m:3s left)
Iteration 40 / LogL: -8399.029 / Time: 0h:0m:1s (0h:0m:2s left)
Iteration 50 / LogL: -8398.954 / Time: 0h:0m:2s (0h:0m:2s left)
Iteration 60 / LogL: -8398.903 / Time: 0h:0m:2s (0h:0m:1s left)
Iteration 70 / LogL: -8398.944 / Time: 0h:0m:3s (0h:0m:1s left)
Iteration 80 / LogL: -8398.923 / Time: 0h:0m:3s (0h:0m:0s left)
Iteration 90 / LogL: -8407.376 / Time: 0h:0m:3s (0h:0m:0s left)
Iteration 100 / LogL: -8399.020 / Time: 0h:0m:4s (0h:0m:0s left)
TREE SEARCH COMPLETED AFTER 102 ITERATIONS / Time: 0h:0m:4s

--------------------------------------------------------------------
|                    FINALIZING TREE SEARCH                        |
--------------------------------------------------------------------
Performs final model parameters optimization
Estimate model parameters (epsilon = 0.010)
1. Initial log-likelihood: -8398.885
Optimal log-likelihood: -8398.885
Rate parameters:  A-C: 1.13488  A-G: 3.41066  A-T: 1.41134  C-G: 0.96790  C-T: 5.26299  G-T: 1.00000
Base frequencies:  A: 0.319  C: 0.184  G: 0.274  T: 0.223
Gamma shape alpha: 0.540
Parameters optimization took 1 rounds (0.005 sec)
BEST SCORE FOUND : -8398.885

Testing tree branches by SH-like aLRT with 1000 replicates...
0.078 sec.
Total tree length: 1.731

Total number of iterations: 102
CPU time used for tree search: 4.924 sec (0h:0m:4s)
Wall-clock time used for tree search: 4.307 sec (0h:0m:4s)
Total CPU time used: 5.276 sec (0h:0m:5s)
Total wall-clock time used: 4.445 sec (0h:0m:4s)

Analysis results written to: 
  IQ-TREE report:                cluster4820rr.1to1ortho.fa.aln-cln_gene313.fa.iqtree
  Maximum-likelihood tree:       cluster4820rr.1to1ortho.fa.aln-cln_gene313.fa.treefile
  Likelihood distances:          cluster4820rr.1to1ortho.fa.aln-cln_gene313.fa.mldist
  Screen log file:               cluster4820rr.1to1ortho.fa.aln-cln_gene313.fa.log

Date and Time: Mon Nov 25 10:58:39 2019
