IQ-TREE multicore version 1.6.11 for Mac OS X 64-bit built Jul 12 2019
Developed by Bui Quang Minh, Nguyen Lam Tung, Olga Chernomor,
Heiko Schmidt, Dominik Schrempf, Michael Woodhams.

Host:    slpc437 (AVX2, FMA3, 16 GB RAM)
Command: iqtree -s cluster2555rr.1to1ortho.fa.aln-cln_gene674.fa -nt 4 -m GTR+G -alrt 1000
Seed:    718827 (Using SPRNG - Scalable Parallel Random Number Generator)
Time:    Mon Nov 25 10:07:37 2019
Kernel:  AVX+FMA - 4 threads (6 CPU cores detected)

Reading alignment file cluster2555rr.1to1ortho.fa.aln-cln_gene674.fa ... Fasta format detected
Alignment most likely contains DNA/RNA sequences
Alignment has 13 sequences with 2244 columns, 1108 distinct patterns
770 parsimony-informative, 392 singleton sites, 1082 constant sites
           Gap/Ambiguity  Composition  p-value
   1  DrolusSFB    3.21%    passed     20.71%
   2  Dino        24.64%    passed     42.14%
   3  MJM3360     27.41%    passed     14.77%
   4  DrobinSFB   25.67%    failed      0.98%
   5  Neam         1.78%    passed     61.54%
   6  RuprSFB      7.40%    passed     37.66%
   7  Retr        22.19%    passed     51.72%
   8  Beta         3.21%    passed     47.04%
   9  Spol         3.83%    passed     14.73%
  10  MJM1652      4.14%    failed      1.67%
  11  NepSFB       1.52%    passed     60.29%
  12  WPYJ        35.25%    passed     65.00%
  13  MJM2940      1.38%    passed     17.93%
****  TOTAL       12.43%  2 sequences failed composition chi2 test (p-value<5%; df=3)

Create initial parsimony tree by phylogenetic likelihood library (PLL)... 0.001 seconds

NOTE: 1 MB RAM (0 GB) is required!
Estimate model parameters (epsilon = 0.100)
1. Initial log-likelihood: -14676.057
2. Current log-likelihood: -14099.076
3. Current log-likelihood: -14094.369
Optimal log-likelihood: -14094.267
Rate parameters:  A-C: 1.64195  A-G: 3.46353  A-T: 1.13759  C-G: 1.13393  C-T: 5.27589  G-T: 1.00000
Base frequencies:  A: 0.271  C: 0.169  G: 0.287  T: 0.273
Gamma shape alpha: 0.506
Parameters optimization took 3 rounds (0.048 sec)
Computing ML distances based on estimated model parameters... 0.002 sec
Computing BIONJ tree...
0.002 seconds
Log-likelihood of BIONJ tree: -14095.716
--------------------------------------------------------------------
|             INITIALIZING CANDIDATE TREE SET                      |
--------------------------------------------------------------------
Generating 98 parsimony trees... 0.121 second
Computing log-likelihood of 98 initial trees ... 0.489 seconds
Current best score: -14094.267

Do NNI search on 20 best initial trees
Estimate model parameters (epsilon = 0.100)
BETTER TREE FOUND at iteration 1: -14094.265
Iteration 10 / LogL: -14094.451 / Time: 0h:0m:0s
Iteration 20 / LogL: -14094.330 / Time: 0h:0m:1s
Finish initializing candidate tree set (1)
Current best tree score: -14094.265 / CPU time: 1.246
Number of iterations: 20
--------------------------------------------------------------------
|               OPTIMIZING CANDIDATE TREE SET                      |
--------------------------------------------------------------------
Iteration 30 / LogL: -14094.360 / Time: 0h:0m:1s (0h:0m:4s left)
Iteration 40 / LogL: -14094.305 / Time: 0h:0m:2s (0h:0m:3s left)
UPDATE BEST LOG-LIKELIHOOD: -14094.265
Iteration 50 / LogL: -14096.577 / Time: 0h:0m:2s (0h:0m:2s left)
Iteration 60 / LogL: -14094.356 / Time: 0h:0m:3s (0h:0m:2s left)
UPDATE BEST LOG-LIKELIHOOD: -14094.265
Iteration 70 / LogL: -14094.362 / Time: 0h:0m:3s (0h:0m:1s left)
Iteration 80 / LogL: -14094.613 / Time: 0h:0m:4s (0h:0m:1s left)
Iteration 90 / LogL: -14095.161 / Time: 0h:0m:4s (0h:0m:0s left)
UPDATE BEST LOG-LIKELIHOOD: -14094.265
Iteration 100 / LogL: -14094.268 / Time: 0h:0m:4s (0h:0m:0s left)
TREE SEARCH COMPLETED AFTER 102 ITERATIONS / Time: 0h:0m:5s

--------------------------------------------------------------------
|                    FINALIZING TREE SEARCH                        |
--------------------------------------------------------------------
Performs final model parameters optimization
Estimate model parameters (epsilon = 0.010)
1. Initial log-likelihood: -14094.265
Optimal log-likelihood: -14094.264
Rate parameters:  A-C: 1.64884  A-G: 3.46791  A-T: 1.13716  C-G: 1.13316  C-T: 5.27926  G-T: 1.00000
Base frequencies:  A: 0.271  C: 0.169  G: 0.287  T: 0.273
Gamma shape alpha: 0.506
Parameters optimization took 1 rounds (0.006 sec)
BEST SCORE FOUND : -14094.264

Testing tree branches by SH-like aLRT with 1000 replicates...
0.124 sec.
Total tree length: 1.821

Total number of iterations: 102
CPU time used for tree search: 7.023 sec (0h:0m:7s)
Wall-clock time used for tree search: 4.955 sec (0h:0m:4s)
Total CPU time used: 7.624 sec (0h:0m:7s)
Total wall-clock time used: 5.156 sec (0h:0m:5s)

Analysis results written to: 
  IQ-TREE report:                cluster2555rr.1to1ortho.fa.aln-cln_gene674.fa.iqtree
  Maximum-likelihood tree:       cluster2555rr.1to1ortho.fa.aln-cln_gene674.fa.treefile
  Likelihood distances:          cluster2555rr.1to1ortho.fa.aln-cln_gene674.fa.mldist
  Screen log file:               cluster2555rr.1to1ortho.fa.aln-cln_gene674.fa.log

Date and Time: Mon Nov 25 10:07:42 2019
