IQ-TREE multicore version 1.6.11 for Mac OS X 64-bit built Jul 12 2019
Developed by Bui Quang Minh, Nguyen Lam Tung, Olga Chernomor,
Heiko Schmidt, Dominik Schrempf, Michael Woodhams.

Host:    slpc437 (AVX2, FMA3, 16 GB RAM)
Command: iqtree -s cluster2993rr.1to1ortho.fa.aln-cln_gene145.fa -nt 4 -m GTR+G -alrt 1000
Seed:    745614 (Using SPRNG - Scalable Parallel Random Number Generator)
Time:    Mon Nov 25 10:19:20 2019
Kernel:  AVX+FMA - 4 threads (6 CPU cores detected)

Reading alignment file cluster2993rr.1to1ortho.fa.aln-cln_gene145.fa ... Fasta format detected
Alignment most likely contains DNA/RNA sequences
Alignment has 13 sequences with 2946 columns, 1242 distinct patterns
966 parsimony-informative, 359 singleton sites, 1621 constant sites
           Gap/Ambiguity  Composition  p-value
   1  DrolusSFB    0.10%    passed     47.70%
   2  Dino         0.71%    passed     42.69%
   3  MJM3360      4.24%    passed     26.48%
   4  DrobinSFB    0.10%    passed     73.97%
   5  Neam         0.31%    passed     88.55%
   6  RuprSFB     18.23%    failed      0.01%
   7  Retr        68.64%    passed     79.69%
   8  Beta         0.68%    passed     54.60%
   9  Spol         2.27%    failed      3.61%
  10  MJM1652     43.48%    passed     70.45%
  11  NepSFB       0.31%    passed     77.10%
  12  WPYJ        50.61%    passed     44.60%
  13  MJM2940     31.36%    passed     90.09%
WARNING: 2 sequences contain more than 50% gaps/ambiguity
****  TOTAL       17.00%  2 sequences failed composition chi2 test (p-value<5%; df=3)

Create initial parsimony tree by phylogenetic likelihood library (PLL)... 0.001 seconds

NOTE: 2 MB RAM (0 GB) is required!
Estimate model parameters (epsilon = 0.100)
1. Initial log-likelihood: -17505.775
2. Current log-likelihood: -16669.514
3. Current log-likelihood: -16660.501
4. Current log-likelihood: -16660.255
Optimal log-likelihood: -16660.249
Rate parameters:  A-C: 2.22663  A-G: 5.29729  A-T: 1.73088  C-G: 1.82444  C-T: 7.48754  G-T: 1.00000
Base frequencies:  A: 0.263  C: 0.214  G: 0.242  T: 0.281
Gamma shape alpha: 0.366
Parameters optimization took 4 rounds (0.060 sec)
Computing ML distances based on estimated model parameters... 0.002 sec
Computing BIONJ tree...
0.002 seconds
Log-likelihood of BIONJ tree: -16660.827
--------------------------------------------------------------------
|             INITIALIZING CANDIDATE TREE SET                      |
--------------------------------------------------------------------
Generating 98 parsimony trees... 0.131 second
Computing log-likelihood of 96 initial trees ... 0.514 seconds
Current best score: -16660.249

Do NNI search on 20 best initial trees
Estimate model parameters (epsilon = 0.100)
BETTER TREE FOUND at iteration 1: -16660.249
Iteration 10 / LogL: -16660.458 / Time: 0h:0m:0s
Iteration 20 / LogL: -16662.308 / Time: 0h:0m:1s
Finish initializing candidate tree set (3)
Current best tree score: -16660.249 / CPU time: 1.252
Number of iterations: 20
--------------------------------------------------------------------
|               OPTIMIZING CANDIDATE TREE SET                      |
--------------------------------------------------------------------
Iteration 30 / LogL: -16661.113 / Time: 0h:0m:1s (0h:0m:4s left)
Iteration 40 / LogL: -16660.754 / Time: 0h:0m:2s (0h:0m:3s left)
Iteration 50 / LogL: -16665.547 / Time: 0h:0m:2s (0h:0m:2s left)
Iteration 60 / LogL: -16662.608 / Time: 0h:0m:3s (0h:0m:2s left)
Iteration 70 / LogL: -16662.693 / Time: 0h:0m:3s (0h:0m:1s left)
Iteration 80 / LogL: -16660.323 / Time: 0h:0m:4s (0h:0m:1s left)
Iteration 90 / LogL: -16662.776 / Time: 0h:0m:4s (0h:0m:0s left)
Iteration 100 / LogL: -16662.671 / Time: 0h:0m:5s (0h:0m:0s left)
TREE SEARCH COMPLETED AFTER 102 ITERATIONS / Time: 0h:0m:5s

--------------------------------------------------------------------
|                    FINALIZING TREE SEARCH                        |
--------------------------------------------------------------------
Performs final model parameters optimization
Estimate model parameters (epsilon = 0.010)
1. Initial log-likelihood: -16660.249
Optimal log-likelihood: -16660.249
Rate parameters:  A-C: 2.22674  A-G: 5.29466  A-T: 1.73030  C-G: 1.82476  C-T: 7.49099  G-T: 1.00000
Base frequencies:  A: 0.263  C: 0.214  G: 0.242  T: 0.281
Gamma shape alpha: 0.366
Parameters optimization took 1 rounds (0.007 sec)
BEST SCORE FOUND : -16660.249

Testing tree branches by SH-like aLRT with 1000 replicates...
0.156 sec.
Total tree length: 1.645

Total number of iterations: 102
CPU time used for tree search: 7.799 sec (0h:0m:7s)
Wall-clock time used for tree search: 5.195 sec (0h:0m:5s)
Total CPU time used: 8.562 sec (0h:0m:8s)
Total wall-clock time used: 5.442 sec (0h:0m:5s)

Analysis results written to: 
  IQ-TREE report:                cluster2993rr.1to1ortho.fa.aln-cln_gene145.fa.iqtree
  Maximum-likelihood tree:       cluster2993rr.1to1ortho.fa.aln-cln_gene145.fa.treefile
  Likelihood distances:          cluster2993rr.1to1ortho.fa.aln-cln_gene145.fa.mldist
  Screen log file:               cluster2993rr.1to1ortho.fa.aln-cln_gene145.fa.log

Date and Time: Mon Nov 25 10:19:26 2019
