IQ-TREE multicore version 1.6.11 for Mac OS X 64-bit built Jul 12 2019
Developed by Bui Quang Minh, Nguyen Lam Tung, Olga Chernomor,
Heiko Schmidt, Dominik Schrempf, Michael Woodhams.

Host:    slpc437 (AVX2, FMA3, 16 GB RAM)
Command: iqtree -s cluster2954rr.1to1ortho.fa.aln-cln_gene463.fa -nt 4 -m GTR+G -alrt 1000
Seed:    466293 (Using SPRNG - Scalable Parallel Random Number Generator)
Time:    Mon Nov 25 10:18:27 2019
Kernel:  AVX+FMA - 4 threads (6 CPU cores detected)

Reading alignment file cluster2954rr.1to1ortho.fa.aln-cln_gene463.fa ... Fasta format detected
Alignment most likely contains DNA/RNA sequences
Alignment has 13 sequences with 1243 columns, 660 distinct patterns
435 parsimony-informative, 231 singleton sites, 577 constant sites
           Gap/Ambiguity  Composition  p-value
   1  DrolusSFB   25.26%    passed     96.89%
   2  Dino         0.16%    passed     60.90%
   3  MJM3360     64.28%    passed     38.43%
   4  DrobinSFB   11.18%    passed     92.47%
   5  Neam         0.56%    passed     81.18%
   6  RuprSFB      8.37%    passed     77.92%
   7  Retr        43.93%    passed     83.51%
   8  Beta         9.09%    passed     85.00%
   9  Spol         8.93%    passed     23.69%
  10  MJM1652      4.26%    passed     90.98%
  11  NepSFB       0.56%    passed     78.04%
  12  WPYJ        44.01%    passed     92.71%
  13  MJM2940      6.03%    passed     80.59%
WARNING: 1 sequences contain more than 50% gaps/ambiguity
****  TOTAL       17.43%  0 sequences failed composition chi2 test (p-value<5%; df=3)

Create initial parsimony tree by phylogenetic likelihood library (PLL)... 0.001 seconds

NOTE: 1 MB RAM (0 GB) is required!
Estimate model parameters (epsilon = 0.100)
1. Initial log-likelihood: -7852.497
2. Current log-likelihood: -7485.691
3. Current log-likelihood: -7483.372
Optimal log-likelihood: -7483.352
Rate parameters:  A-C: 2.66032  A-G: 5.21779  A-T: 1.77013  C-G: 1.79853  C-T: 7.91035  G-T: 1.00000
Base frequencies:  A: 0.283  C: 0.177  G: 0.258  T: 0.282
Gamma shape alpha: 0.672
Parameters optimization took 3 rounds (0.040 sec)
Computing ML distances based on estimated model parameters... 0.001 sec
Computing BIONJ tree...
0.003 seconds
Log-likelihood of BIONJ tree: -7482.419
--------------------------------------------------------------------
|             INITIALIZING CANDIDATE TREE SET                      |
--------------------------------------------------------------------
Generating 98 parsimony trees... 0.093 second
Computing log-likelihood of 98 initial trees ... 0.461 seconds
Current best score: -7482.419

Do NNI search on 20 best initial trees
Estimate model parameters (epsilon = 0.100)
BETTER TREE FOUND at iteration 1: -7481.330
Iteration 10 / LogL: -7481.346 / Time: 0h:0m:0s
Iteration 20 / LogL: -7481.334 / Time: 0h:0m:1s
Finish initializing candidate tree set (1)
Current best tree score: -7481.330 / CPU time: 1.168
Number of iterations: 20
--------------------------------------------------------------------
|               OPTIMIZING CANDIDATE TREE SET                      |
--------------------------------------------------------------------
Iteration 30 / LogL: -7481.375 / Time: 0h:0m:1s (0h:0m:4s left)
Iteration 40 / LogL: -7481.510 / Time: 0h:0m:2s (0h:0m:3s left)
Iteration 50 / LogL: -7481.332 / Time: 0h:0m:2s (0h:0m:2s left)
Iteration 60 / LogL: -7481.352 / Time: 0h:0m:3s (0h:0m:2s left)
Iteration 70 / LogL: -7481.402 / Time: 0h:0m:3s (0h:0m:1s left)
Iteration 80 / LogL: -7481.334 / Time: 0h:0m:3s (0h:0m:1s left)
Iteration 90 / LogL: -7481.366 / Time: 0h:0m:4s (0h:0m:0s left)
Iteration 100 / LogL: -7481.525 / Time: 0h:0m:4s (0h:0m:0s left)
TREE SEARCH COMPLETED AFTER 102 ITERATIONS / Time: 0h:0m:4s

--------------------------------------------------------------------
|                    FINALIZING TREE SEARCH                        |
--------------------------------------------------------------------
Performs final model parameters optimization
Estimate model parameters (epsilon = 0.010)
1. Initial log-likelihood: -7481.330
Optimal log-likelihood: -7481.329
Rate parameters:  A-C: 2.66984  A-G: 5.29396  A-T: 1.79111  C-G: 1.80948  C-T: 7.87865  G-T: 1.00000
Base frequencies:  A: 0.283  C: 0.177  G: 0.258  T: 0.282
Gamma shape alpha: 0.671
Parameters optimization took 1 rounds (0.005 sec)
BEST SCORE FOUND : -7481.329

Testing tree branches by SH-like aLRT with 1000 replicates...
0.076 sec.
Total tree length: 1.799

Total number of iterations: 102
CPU time used for tree search: 5.503 sec (0h:0m:5s)
Wall-clock time used for tree search: 4.726 sec (0h:0m:4s)
Total CPU time used: 5.869 sec (0h:0m:5s)
Total wall-clock time used: 4.870 sec (0h:0m:4s)

Analysis results written to: 
  IQ-TREE report:                cluster2954rr.1to1ortho.fa.aln-cln_gene463.fa.iqtree
  Maximum-likelihood tree:       cluster2954rr.1to1ortho.fa.aln-cln_gene463.fa.treefile
  Likelihood distances:          cluster2954rr.1to1ortho.fa.aln-cln_gene463.fa.mldist
  Screen log file:               cluster2954rr.1to1ortho.fa.aln-cln_gene463.fa.log

Date and Time: Mon Nov 25 10:18:32 2019
