IQ-TREE multicore version 1.6.11 for Mac OS X 64-bit built Jul 12 2019
Developed by Bui Quang Minh, Nguyen Lam Tung, Olga Chernomor,
Heiko Schmidt, Dominik Schrempf, Michael Woodhams.

Host:    slpc437 (AVX2, FMA3, 16 GB RAM)
Command: iqtree -s cluster3514rr.1to1ortho.fa.aln-cln_gene609.fa -nt 4 -m GTR+G -alrt 1000
Seed:    711854 (Using SPRNG - Scalable Parallel Random Number Generator)
Time:    Mon Nov 25 10:31:52 2019
Kernel:  AVX+FMA - 4 threads (6 CPU cores detected)

Reading alignment file cluster3514rr.1to1ortho.fa.aln-cln_gene609.fa ... Fasta format detected
Alignment most likely contains DNA/RNA sequences
Alignment has 13 sequences with 980 columns, 453 distinct patterns
327 parsimony-informative, 141 singleton sites, 512 constant sites
           Gap/Ambiguity  Composition  p-value
   1  DrolusSFB    0.82%    passed     17.73%
   2  Dino        13.27%    passed     69.18%
   3  MJM3360     13.67%    passed     47.32%
   4  DrobinSFB    3.06%    passed     76.01%
   5  Neam         0.82%    passed     93.92%
   6  RuprSFB     13.67%    passed     80.29%
   7  Retr         4.18%    passed     85.36%
   8  Beta         2.04%    passed     93.60%
   9  Spol         1.73%    passed     91.87%
  10  MJM1652      3.06%    passed     87.62%
  11  NepSFB       0.82%    passed     95.04%
  12  WPYJ         7.24%    passed     30.41%
  13  MJM2940      0.82%    passed     69.15%
****  TOTAL        5.02%  0 sequences failed composition chi2 test (p-value<5%; df=3)

Create initial parsimony tree by phylogenetic likelihood library (PLL)... 0.001 seconds

NOTE: 0 MB RAM (0 GB) is required!
Estimate model parameters (epsilon = 0.100)
1. Initial log-likelihood: -6236.482
2. Current log-likelihood: -6000.485
3. Current log-likelihood: -5998.343
Optimal log-likelihood: -5998.326
Rate parameters:  A-C: 1.68501  A-G: 3.81059  A-T: 1.53026  C-G: 1.46084  C-T: 5.75728  G-T: 1.00000
Base frequencies:  A: 0.255  C: 0.194  G: 0.267  T: 0.284
Gamma shape alpha: 0.436
Parameters optimization took 3 rounds (0.030 sec)
Computing ML distances based on estimated model parameters... 0.001 sec
Computing BIONJ tree...
0.002 seconds
Log-likelihood of BIONJ tree: -5994.953
--------------------------------------------------------------------
|             INITIALIZING CANDIDATE TREE SET                      |
--------------------------------------------------------------------
Generating 98 parsimony trees... 0.070 second
Computing log-likelihood of 97 initial trees ... 0.398 seconds
Current best score: -5994.854

Do NNI search on 20 best initial trees
Estimate model parameters (epsilon = 0.100)
BETTER TREE FOUND at iteration 1: -5994.837
Iteration 10 / LogL: -5994.929 / Time: 0h:0m:0s
Iteration 20 / LogL: -5995.681 / Time: 0h:0m:1s
Finish initializing candidate tree set (2)
Current best tree score: -5994.837 / CPU time: 0.963
Number of iterations: 20
--------------------------------------------------------------------
|               OPTIMIZING CANDIDATE TREE SET                      |
--------------------------------------------------------------------
Iteration 30 / LogL: -5994.839 / Time: 0h:0m:1s (0h:0m:3s left)
Iteration 40 / LogL: -6010.916 / Time: 0h:0m:1s (0h:0m:2s left)
Iteration 50 / LogL: -5994.838 / Time: 0h:0m:2s (0h:0m:2s left)
Iteration 60 / LogL: -5994.862 / Time: 0h:0m:2s (0h:0m:1s left)
Iteration 70 / LogL: -5994.840 / Time: 0h:0m:2s (0h:0m:1s left)
Iteration 80 / LogL: -5994.876 / Time: 0h:0m:3s (0h:0m:0s left)
UPDATE BEST LOG-LIKELIHOOD: -5994.837
Iteration 90 / LogL: -5994.851 / Time: 0h:0m:3s (0h:0m:0s left)
Iteration 100 / LogL: -5994.858 / Time: 0h:0m:4s (0h:0m:0s left)
TREE SEARCH COMPLETED AFTER 102 ITERATIONS / Time: 0h:0m:4s

--------------------------------------------------------------------
|                    FINALIZING TREE SEARCH                        |
--------------------------------------------------------------------
Performs final model parameters optimization
Estimate model parameters (epsilon = 0.010)
1. Initial log-likelihood: -5994.837
Optimal log-likelihood: -5994.837
Rate parameters:  A-C: 1.67507  A-G: 3.79514  A-T: 1.52959  C-G: 1.46890  C-T: 5.77095  G-T: 1.00000
Base frequencies:  A: 0.255  C: 0.194  G: 0.267  T: 0.284
Gamma shape alpha: 0.436
Parameters optimization took 1 rounds (0.004 sec)
BEST SCORE FOUND : -5994.837

Testing tree branches by SH-like aLRT with 1000 replicates...
0.065 sec.
Total tree length: 1.418

Total number of iterations: 102
CPU time used for tree search: 4.297 sec (0h:0m:4s)
Wall-clock time used for tree search: 4.214 sec (0h:0m:4s)
Total CPU time used: 4.578 sec (0h:0m:4s)
Total wall-clock time used: 4.332 sec (0h:0m:4s)

Analysis results written to: 
  IQ-TREE report:                cluster3514rr.1to1ortho.fa.aln-cln_gene609.fa.iqtree
  Maximum-likelihood tree:       cluster3514rr.1to1ortho.fa.aln-cln_gene609.fa.treefile
  Likelihood distances:          cluster3514rr.1to1ortho.fa.aln-cln_gene609.fa.mldist
  Screen log file:               cluster3514rr.1to1ortho.fa.aln-cln_gene609.fa.log

Date and Time: Mon Nov 25 10:31:57 2019
