IQ-TREE multicore version 1.6.11 for Mac OS X 64-bit built Jul 12 2019
Developed by Bui Quang Minh, Nguyen Lam Tung, Olga Chernomor,
Heiko Schmidt, Dominik Schrempf, Michael Woodhams.

Host:    slpc437 (AVX2, FMA3, 16 GB RAM)
Command: iqtree -s cluster1916rr.1to1ortho.fa.aln-cln_gene92.fa -nt 4 -m GTR+G -alrt 1000
Seed:    998805 (Using SPRNG - Scalable Parallel Random Number Generator)
Time:    Mon Nov 25 09:52:06 2019
Kernel:  AVX+FMA - 4 threads (6 CPU cores detected)

Reading alignment file cluster1916rr.1to1ortho.fa.aln-cln_gene92.fa ... Fasta format detected
Alignment most likely contains DNA/RNA sequences
Alignment has 13 sequences with 1097 columns, 606 distinct patterns
397 parsimony-informative, 193 singleton sites, 507 constant sites
           Gap/Ambiguity  Composition  p-value
   1  DrolusSFB    6.56%    passed     89.02%
   2  Dino         0.00%    passed     83.87%
   3  MJM3360     15.41%    passed     98.28%
   4  DrobinSFB   15.59%    passed     82.90%
   5  Neam        31.36%    passed     78.67%
   6  RuprSFB     15.50%    passed     89.67%
   7  Retr        18.41%    passed     73.79%
   8  Beta        12.94%    passed     81.88%
   9  Spol        12.94%    passed     94.36%
  10  MJM1652      0.00%    passed     90.14%
  11  NepSFB       1.09%    passed     89.10%
  12  WPYJ        57.98%    passed     38.14%
  13  MJM2940      6.56%    passed     61.77%
WARNING: 1 sequences contain more than 50% gaps/ambiguity
****  TOTAL       14.95%  0 sequences failed composition chi2 test (p-value<5%; df=3)

Create initial parsimony tree by phylogenetic likelihood library (PLL)... 0.001 seconds

NOTE: 1 MB RAM (0 GB) is required!
Estimate model parameters (epsilon = 0.100)
1. Initial log-likelihood: -7284.142
2. Current log-likelihood: -7008.411
3. Current log-likelihood: -7006.121
Optimal log-likelihood: -7006.089
Rate parameters:  A-C: 1.56623  A-G: 4.68867  A-T: 1.28849  C-G: 2.12787  C-T: 4.86256  G-T: 1.00000
Base frequencies:  A: 0.269  C: 0.207  G: 0.241  T: 0.284
Gamma shape alpha: 0.583
Parameters optimization took 3 rounds (0.034 sec)
Computing ML distances based on estimated model parameters... 0.001 sec
Computing BIONJ tree...
0.002 seconds
Log-likelihood of BIONJ tree: -7006.089
--------------------------------------------------------------------
|             INITIALIZING CANDIDATE TREE SET                      |
--------------------------------------------------------------------
Generating 99 parsimony trees... 0.087 second
Computing log-likelihood of 99 initial trees ... 0.466 seconds
Current best score: -7006.089

Do NNI search on 20 best initial trees
Estimate model parameters (epsilon = 0.100)
BETTER TREE FOUND at iteration 1: -7001.922
Iteration 10 / LogL: -7005.241 / Time: 0h:0m:0s
Iteration 20 / LogL: -7001.927 / Time: 0h:0m:1s
Finish initializing candidate tree set (2)
Current best tree score: -7001.922 / CPU time: 1.382
Number of iterations: 20
--------------------------------------------------------------------
|               OPTIMIZING CANDIDATE TREE SET                      |
--------------------------------------------------------------------
Iteration 30 / LogL: -7001.939 / Time: 0h:0m:1s (0h:0m:4s left)
Iteration 40 / LogL: -7001.937 / Time: 0h:0m:2s (0h:0m:3s left)
Iteration 50 / LogL: -7006.764 / Time: 0h:0m:2s (0h:0m:2s left)
Iteration 60 / LogL: -7001.990 / Time: 0h:0m:3s (0h:0m:2s left)
Iteration 70 / LogL: -7001.934 / Time: 0h:0m:3s (0h:0m:1s left)
Iteration 80 / LogL: -7001.930 / Time: 0h:0m:3s (0h:0m:1s left)
Iteration 90 / LogL: -7005.400 / Time: 0h:0m:4s (0h:0m:0s left)
Iteration 100 / LogL: -7001.933 / Time: 0h:0m:4s (0h:0m:0s left)
TREE SEARCH COMPLETED AFTER 102 ITERATIONS / Time: 0h:0m:4s

--------------------------------------------------------------------
|                    FINALIZING TREE SEARCH                        |
--------------------------------------------------------------------
Performs final model parameters optimization
Estimate model parameters (epsilon = 0.010)
1. Initial log-likelihood: -7001.922
Optimal log-likelihood: -7001.922
Rate parameters:  A-C: 1.55463  A-G: 4.64359  A-T: 1.28255  C-G: 2.11820  C-T: 4.88932  G-T: 1.00000
Base frequencies:  A: 0.269  C: 0.207  G: 0.241  T: 0.284
Gamma shape alpha: 0.582
Parameters optimization took 1 rounds (0.005 sec)
BEST SCORE FOUND : -7001.922

Testing tree branches by SH-like aLRT with 1000 replicates...
0.072 sec.
Total tree length: 1.864

Total number of iterations: 102
CPU time used for tree search: 5.453 sec (0h:0m:5s)
Wall-clock time used for tree search: 4.847 sec (0h:0m:4s)
Total CPU time used: 5.779 sec (0h:0m:5s)
Total wall-clock time used: 4.979 sec (0h:0m:4s)

Analysis results written to: 
  IQ-TREE report:                cluster1916rr.1to1ortho.fa.aln-cln_gene92.fa.iqtree
  Maximum-likelihood tree:       cluster1916rr.1to1ortho.fa.aln-cln_gene92.fa.treefile
  Likelihood distances:          cluster1916rr.1to1ortho.fa.aln-cln_gene92.fa.mldist
  Screen log file:               cluster1916rr.1to1ortho.fa.aln-cln_gene92.fa.log

Date and Time: Mon Nov 25 09:52:11 2019
