IQ-TREE multicore version 1.6.11 for Mac OS X 64-bit built Jul 12 2019
Developed by Bui Quang Minh, Nguyen Lam Tung, Olga Chernomor,
Heiko Schmidt, Dominik Schrempf, Michael Woodhams.

Host:    slpc437 (AVX2, FMA3, 16 GB RAM)
Command: iqtree -s cluster2449rr.1to1ortho.fa.aln-cln_gene377.fa -nt 4 -m GTR+G -alrt 1000
Seed:    16351 (Using SPRNG - Scalable Parallel Random Number Generator)
Time:    Mon Nov 25 10:04:20 2019
Kernel:  AVX+FMA - 4 threads (6 CPU cores detected)

Reading alignment file cluster2449rr.1to1ortho.fa.aln-cln_gene377.fa ... Fasta format detected
Alignment most likely contains DNA/RNA sequences
Alignment has 13 sequences with 1827 columns, 646 distinct patterns
472 parsimony-informative, 217 singleton sites, 1138 constant sites
           Gap/Ambiguity  Composition  p-value
   1  DrolusSFB    0.00%    passed     57.82%
   2  Dino         0.00%    passed     99.86%
   3  MJM3360      0.00%    passed     88.30%
   4  DrobinSFB    0.00%    passed     81.28%
   5  Neam        29.56%    passed     70.17%
   6  RuprSFB      0.00%    passed     97.71%
   7  Retr         0.00%    passed     54.86%
   8  Beta         0.00%    passed     86.07%
   9  Spol         0.00%    passed     96.85%
  10  MJM1652      0.00%    passed     90.84%
  11  NepSFB       0.00%    passed     98.20%
  12  WPYJ        17.24%    passed     48.85%
  13  MJM2940      0.00%    passed     83.42%
****  TOTAL        3.60%  0 sequences failed composition chi2 test (p-value<5%; df=3)

Create initial parsimony tree by phylogenetic likelihood library (PLL)... 0.001 seconds

NOTE: 1 MB RAM (0 GB) is required!
Estimate model parameters (epsilon = 0.100)
1. Initial log-likelihood: -10582.089
2. Current log-likelihood: -10023.721
3. Current log-likelihood: -10019.038
Optimal log-likelihood: -10019.021
Rate parameters:  A-C: 2.00624  A-G: 4.59243  A-T: 1.85092  C-G: 1.03642  C-T: 7.07424  G-T: 1.00000
Base frequencies:  A: 0.269  C: 0.206  G: 0.247  T: 0.278
Gamma shape alpha: 0.255
Parameters optimization took 3 rounds (0.062 sec)
Computing ML distances based on estimated model parameters... 0.001 sec
Computing BIONJ tree...
0.002 seconds
Log-likelihood of BIONJ tree: -10023.435
--------------------------------------------------------------------
|             INITIALIZING CANDIDATE TREE SET                      |
--------------------------------------------------------------------
Generating 98 parsimony trees... 0.081 second
Computing log-likelihood of 96 initial trees ... 0.412 seconds
Current best score: -10019.021

Do NNI search on 20 best initial trees
Estimate model parameters (epsilon = 0.100)
BETTER TREE FOUND at iteration 1: -10019.020
Iteration 10 / LogL: -10019.035 / Time: 0h:0m:0s
Iteration 20 / LogL: -10019.031 / Time: 0h:0m:1s
Finish initializing candidate tree set (1)
Current best tree score: -10019.020 / CPU time: 0.961
Number of iterations: 20
--------------------------------------------------------------------
|               OPTIMIZING CANDIDATE TREE SET                      |
--------------------------------------------------------------------
Iteration 30 / LogL: -10020.240 / Time: 0h:0m:1s (0h:0m:3s left)
Iteration 40 / LogL: -10019.098 / Time: 0h:0m:1s (0h:0m:2s left)
UPDATE BEST LOG-LIKELIHOOD: -10019.020
Iteration 50 / LogL: -10019.042 / Time: 0h:0m:2s (0h:0m:2s left)
Iteration 60 / LogL: -10019.063 / Time: 0h:0m:2s (0h:0m:1s left)
Iteration 70 / LogL: -10019.828 / Time: 0h:0m:2s (0h:0m:1s left)
Iteration 80 / LogL: -10019.538 / Time: 0h:0m:3s (0h:0m:0s left)
Iteration 90 / LogL: -10019.038 / Time: 0h:0m:3s (0h:0m:0s left)
Iteration 100 / LogL: -10019.032 / Time: 0h:0m:3s (0h:0m:0s left)
TREE SEARCH COMPLETED AFTER 102 ITERATIONS / Time: 0h:0m:3s

--------------------------------------------------------------------
|                    FINALIZING TREE SEARCH                        |
--------------------------------------------------------------------
Performs final model parameters optimization
Estimate model parameters (epsilon = 0.010)
1. Initial log-likelihood: -10019.020
Optimal log-likelihood: -10019.020
Rate parameters:  A-C: 2.00674  A-G: 4.60039  A-T: 1.85258  C-G: 1.03695  C-T: 7.07190  G-T: 1.00000
Base frequencies:  A: 0.269  C: 0.206  G: 0.247  T: 0.278
Gamma shape alpha: 0.256
Parameters optimization took 1 rounds (0.005 sec)
BEST SCORE FOUND : -10019.020

Testing tree branches by SH-like aLRT with 1000 replicates...
0.102 sec.
Total tree length: 1.163

Total number of iterations: 102
CPU time used for tree search: 4.478 sec (0h:0m:4s)
Wall-clock time used for tree search: 3.787 sec (0h:0m:3s)
Total CPU time used: 4.991 sec (0h:0m:4s)
Total wall-clock time used: 3.975 sec (0h:0m:3s)

Analysis results written to: 
  IQ-TREE report:                cluster2449rr.1to1ortho.fa.aln-cln_gene377.fa.iqtree
  Maximum-likelihood tree:       cluster2449rr.1to1ortho.fa.aln-cln_gene377.fa.treefile
  Likelihood distances:          cluster2449rr.1to1ortho.fa.aln-cln_gene377.fa.mldist
  Screen log file:               cluster2449rr.1to1ortho.fa.aln-cln_gene377.fa.log

Date and Time: Mon Nov 25 10:04:24 2019
