IQ-TREE multicore version 1.6.11 for Mac OS X 64-bit built Jul 12 2019
Developed by Bui Quang Minh, Nguyen Lam Tung, Olga Chernomor,
Heiko Schmidt, Dominik Schrempf, Michael Woodhams.

Host:    slpc437 (AVX2, FMA3, 16 GB RAM)
Command: iqtree -s cluster4825rr.1to1ortho.fa.aln-cln_gene471.fa -nt 4 -m GTR+G -alrt 1000
Seed:    98436 (Using SPRNG - Scalable Parallel Random Number Generator)
Time:    Mon Nov 25 10:58:51 2019
Kernel:  AVX+FMA - 4 threads (6 CPU cores detected)

Reading alignment file cluster4825rr.1to1ortho.fa.aln-cln_gene471.fa ... Fasta format detected
Alignment most likely contains DNA/RNA sequences
Alignment has 13 sequences with 3564 columns, 1625 distinct patterns
1348 parsimony-informative, 536 singleton sites, 1680 constant sites
           Gap/Ambiguity  Composition  p-value
   1  DrolusSFB    0.25%    passed     98.10%
   2  Dino         0.65%    passed     97.32%
   3  MJM3360      0.25%    passed     72.33%
   4  DrobinSFB    0.79%    passed     68.83%
   5  Neam         0.00%    passed     93.15%
   6  RuprSFB      7.07%    passed     41.54%
   7  Retr        36.11%    passed     87.15%
   8  Beta         0.79%    passed     12.31%
   9  Spol         0.79%    passed     77.68%
  10  MJM1652     11.03%    passed     82.94%
  11  NepSFB       0.00%    passed     85.59%
  12  WPYJ         0.70%    passed     84.21%
  13  MJM2940      0.31%    passed     79.04%
****  TOTAL        4.52%  0 sequences failed composition chi2 test (p-value<5%; df=3)

Create initial parsimony tree by phylogenetic likelihood library (PLL)... 0.002 seconds

NOTE: 2 MB RAM (0 GB) is required!
Estimate model parameters (epsilon = 0.100)
1. Initial log-likelihood: -24789.904
2. Current log-likelihood: -23880.175
3. Current log-likelihood: -23873.651
4. Current log-likelihood: -23873.548
Optimal log-likelihood: -23873.533
Rate parameters:  A-C: 1.82665  A-G: 3.95214  A-T: 1.35681  C-G: 1.49825  C-T: 5.84672  G-T: 1.00000
Base frequencies:  A: 0.282  C: 0.183  G: 0.250  T: 0.286
Gamma shape alpha: 0.509
Parameters optimization took 4 rounds (0.070 sec)
Computing ML distances based on estimated model parameters... 0.002 sec
Computing BIONJ tree...
0.002 seconds
Log-likelihood of BIONJ tree: -23873.533
--------------------------------------------------------------------
|             INITIALIZING CANDIDATE TREE SET                      |
--------------------------------------------------------------------
Generating 99 parsimony trees... 0.144 second
Computing log-likelihood of 99 initial trees ... 0.554 seconds
Current best score: -23873.533

Do NNI search on 20 best initial trees
Estimate model parameters (epsilon = 0.100)
BETTER TREE FOUND at iteration 1: -23873.532
Iteration 10 / LogL: -23873.861 / Time: 0h:0m:1s
Iteration 20 / LogL: -23873.796 / Time: 0h:0m:1s
Finish initializing candidate tree set (1)
Current best tree score: -23873.532 / CPU time: 1.410
Number of iterations: 20
--------------------------------------------------------------------
|               OPTIMIZING CANDIDATE TREE SET                      |
--------------------------------------------------------------------
Iteration 30 / LogL: -23874.137 / Time: 0h:0m:1s (0h:0m:4s left)
Iteration 40 / LogL: -23874.069 / Time: 0h:0m:2s (0h:0m:3s left)
Iteration 50 / LogL: -23873.563 / Time: 0h:0m:2s (0h:0m:3s left)
Iteration 60 / LogL: -23873.651 / Time: 0h:0m:3s (0h:0m:2s left)
UPDATE BEST LOG-LIKELIHOOD: -23873.532
Iteration 70 / LogL: -23873.532 / Time: 0h:0m:3s (0h:0m:1s left)
Iteration 80 / LogL: -23873.584 / Time: 0h:0m:4s (0h:0m:1s left)
Iteration 90 / LogL: -23873.584 / Time: 0h:0m:5s (0h:0m:0s left)
Iteration 100 / LogL: -23874.039 / Time: 0h:0m:5s (0h:0m:0s left)
TREE SEARCH COMPLETED AFTER 102 ITERATIONS / Time: 0h:0m:5s

--------------------------------------------------------------------
|                    FINALIZING TREE SEARCH                        |
--------------------------------------------------------------------
Performs final model parameters optimization
Estimate model parameters (epsilon = 0.010)
1. Initial log-likelihood: -23873.532
Optimal log-likelihood: -23873.532
Rate parameters:  A-C: 1.82678  A-G: 3.95226  A-T: 1.35583  C-G: 1.49815  C-T: 5.84951  G-T: 1.00000
Base frequencies:  A: 0.282  C: 0.183  G: 0.250  T: 0.286
Gamma shape alpha: 0.508
Parameters optimization took 1 rounds (0.008 sec)
BEST SCORE FOUND : -23873.532

Testing tree branches by SH-like aLRT with 1000 replicates...
0.186 sec.
Total tree length: 1.742

Total number of iterations: 102
CPU time used for tree search: 9.379 sec (0h:0m:9s)
Wall-clock time used for tree search: 5.578 sec (0h:0m:5s)
Total CPU time used: 10.307 sec (0h:0m:10s)
Total wall-clock time used: 5.866 sec (0h:0m:5s)

Analysis results written to: 
  IQ-TREE report:                cluster4825rr.1to1ortho.fa.aln-cln_gene471.fa.iqtree
  Maximum-likelihood tree:       cluster4825rr.1to1ortho.fa.aln-cln_gene471.fa.treefile
  Likelihood distances:          cluster4825rr.1to1ortho.fa.aln-cln_gene471.fa.mldist
  Screen log file:               cluster4825rr.1to1ortho.fa.aln-cln_gene471.fa.log

Date and Time: Mon Nov 25 10:58:56 2019
