IQ-TREE multicore version 1.6.11 for Mac OS X 64-bit built Jul 12 2019
Developed by Bui Quang Minh, Nguyen Lam Tung, Olga Chernomor,
Heiko Schmidt, Dominik Schrempf, Michael Woodhams.

Host:    slpc437 (AVX2, FMA3, 16 GB RAM)
Command: iqtree -s cluster3674rr.1to1ortho.fa.aln-cln_gene1046.fa -nt 4 -m GTR+G -alrt 1000
Seed:    60257 (Using SPRNG - Scalable Parallel Random Number Generator)
Time:    Mon Nov 25 10:34:27 2019
Kernel:  AVX+FMA - 4 threads (6 CPU cores detected)

Reading alignment file cluster3674rr.1to1ortho.fa.aln-cln_gene1046.fa ... Fasta format detected
Alignment most likely contains DNA/RNA sequences
Alignment has 13 sequences with 1022 columns, 415 distinct patterns
320 parsimony-informative, 126 singleton sites, 576 constant sites
           Gap/Ambiguity  Composition  p-value
   1  DrolusSFB    2.05%    passed     92.66%
   2  Dino         0.29%    passed     94.13%
   3  MJM3360      1.47%    passed     96.52%
   4  DrobinSFB    0.49%    passed     90.45%
   5  Neam         0.00%    passed     28.59%
   6  RuprSFB      0.29%    passed     75.15%
   7  Retr         0.00%    passed     75.98%
   8  Beta         0.59%    passed     63.43%
   9  Spol         0.78%    passed     90.63%
  10  MJM1652      0.49%    passed     72.35%
  11  NepSFB       0.00%    passed     31.64%
  12  WPYJ         2.54%    passed     37.09%
  13  MJM2940      0.10%    passed     93.78%
****  TOTAL        0.70%  0 sequences failed composition chi2 test (p-value<5%; df=3)

Create initial parsimony tree by phylogenetic likelihood library (PLL)... 0.001 seconds

NOTE: 0 MB RAM (0 GB) is required!
Estimate model parameters (epsilon = 0.100)
1. Initial log-likelihood: -6492.660
2. Current log-likelihood: -6214.996
3. Current log-likelihood: -6212.208
Optimal log-likelihood: -6212.162
Rate parameters:  A-C: 2.98967  A-G: 6.63451  A-T: 2.55952  C-G: 2.88300  C-T: 8.92309  G-T: 1.00000
Base frequencies:  A: 0.267  C: 0.204  G: 0.260  T: 0.269
Gamma shape alpha: 0.327
Parameters optimization took 3 rounds (0.032 sec)
Computing ML distances based on estimated model parameters... 0.001 sec
Computing BIONJ tree...
0.002 seconds
Log-likelihood of BIONJ tree: -6212.161
--------------------------------------------------------------------
|             INITIALIZING CANDIDATE TREE SET                      |
--------------------------------------------------------------------
Generating 99 parsimony trees... 0.074 second
Computing log-likelihood of 98 initial trees ... 0.403 seconds
Current best score: -6212.161

Do NNI search on 20 best initial trees
Estimate model parameters (epsilon = 0.100)
BETTER TREE FOUND at iteration 1: -6212.160
Iteration 10 / LogL: -6212.162 / Time: 0h:0m:0s
Iteration 20 / LogL: -6212.223 / Time: 0h:0m:1s
Finish initializing candidate tree set (2)
Current best tree score: -6212.160 / CPU time: 0.976
Number of iterations: 20
--------------------------------------------------------------------
|               OPTIMIZING CANDIDATE TREE SET                      |
--------------------------------------------------------------------
Iteration 30 / LogL: -6212.194 / Time: 0h:0m:1s (0h:0m:3s left)
Iteration 40 / LogL: -6212.185 / Time: 0h:0m:1s (0h:0m:2s left)
UPDATE BEST LOG-LIKELIHOOD: -6212.160
Iteration 50 / LogL: -6220.619 / Time: 0h:0m:2s (0h:0m:2s left)
Iteration 60 / LogL: -6212.871 / Time: 0h:0m:2s (0h:0m:1s left)
Iteration 70 / LogL: -6212.191 / Time: 0h:0m:2s (0h:0m:1s left)
Iteration 80 / LogL: -6220.013 / Time: 0h:0m:3s (0h:0m:0s left)
Iteration 90 / LogL: -6219.961 / Time: 0h:0m:3s (0h:0m:0s left)
Iteration 100 / LogL: -6212.224 / Time: 0h:0m:3s (0h:0m:0s left)
TREE SEARCH COMPLETED AFTER 102 ITERATIONS / Time: 0h:0m:4s

--------------------------------------------------------------------
|                    FINALIZING TREE SEARCH                        |
--------------------------------------------------------------------
Performs final model parameters optimization
Estimate model parameters (epsilon = 0.010)
1. Initial log-likelihood: -6212.160
Optimal log-likelihood: -6212.159
Rate parameters:  A-C: 2.99608  A-G: 6.64733  A-T: 2.56466  C-G: 2.88590  C-T: 8.93654  G-T: 1.00000
Base frequencies:  A: 0.267  C: 0.204  G: 0.260  T: 0.269
Gamma shape alpha: 0.328
Parameters optimization took 1 rounds (0.004 sec)
BEST SCORE FOUND : -6212.159

Testing tree branches by SH-like aLRT with 1000 replicates...
0.067 sec.
Total tree length: 1.435

Total number of iterations: 102
CPU time used for tree search: 3.961 sec (0h:0m:3s)
Wall-clock time used for tree search: 4.006 sec (0h:0m:4s)
Total CPU time used: 4.247 sec (0h:0m:4s)
Total wall-clock time used: 4.126 sec (0h:0m:4s)

Analysis results written to: 
  IQ-TREE report:                cluster3674rr.1to1ortho.fa.aln-cln_gene1046.fa.iqtree
  Maximum-likelihood tree:       cluster3674rr.1to1ortho.fa.aln-cln_gene1046.fa.treefile
  Likelihood distances:          cluster3674rr.1to1ortho.fa.aln-cln_gene1046.fa.mldist
  Screen log file:               cluster3674rr.1to1ortho.fa.aln-cln_gene1046.fa.log

Date and Time: Mon Nov 25 10:34:31 2019
