IQ-TREE multicore version 1.6.11 for Mac OS X 64-bit built Jul 12 2019
Developed by Bui Quang Minh, Nguyen Lam Tung, Olga Chernomor,
Heiko Schmidt, Dominik Schrempf, Michael Woodhams.

Host:    slpc437 (AVX2, FMA3, 16 GB RAM)
Command: iqtree -s cluster2006rr.1to1ortho.fa.aln-cln_gene485.fa -nt 4 -m GTR+G -alrt 1000
Seed:    234261 (Using SPRNG - Scalable Parallel Random Number Generator)
Time:    Mon Nov 25 09:53:42 2019
Kernel:  AVX+FMA - 4 threads (6 CPU cores detected)

Reading alignment file cluster2006rr.1to1ortho.fa.aln-cln_gene485.fa ... Fasta format detected
Alignment most likely contains DNA/RNA sequences
Alignment has 13 sequences with 1275 columns, 588 distinct patterns
448 parsimony-informative, 170 singleton sites, 657 constant sites
           Gap/Ambiguity  Composition  p-value
   1  DrolusSFB    8.39%    passed     44.42%
   2  Dino         0.71%    passed     68.27%
   3  MJM3360      8.86%    passed     54.43%
   4  DrobinSFB   40.08%    passed     13.29%
   5  Neam         0.86%    passed     92.49%
   6  RuprSFB     10.27%    passed     66.85%
   7  Retr         4.31%    passed     94.33%
   8  Beta         1.41%    passed     83.08%
   9  Spol         0.55%    passed     95.78%
  10  MJM1652      0.71%    passed     62.62%
  11  NepSFB       0.86%    passed     88.75%
  12  WPYJ         5.02%    passed     93.61%
  13  MJM2940      0.24%    passed     60.63%
****  TOTAL        6.33%  0 sequences failed composition chi2 test (p-value<5%; df=3)

Create initial parsimony tree by phylogenetic likelihood library (PLL)... 0.001 seconds

NOTE: 0 MB RAM (0 GB) is required!
Estimate model parameters (epsilon = 0.100)
1. Initial log-likelihood: -7997.813
2. Current log-likelihood: -7681.375
3. Current log-likelihood: -7678.072
Optimal log-likelihood: -7678.034
Rate parameters:  A-C: 1.47300  A-G: 4.51564  A-T: 1.60658  C-G: 1.17494  C-T: 5.68297  G-T: 1.00000
Base frequencies:  A: 0.291  C: 0.186  G: 0.245  T: 0.279
Gamma shape alpha: 0.454
Parameters optimization took 3 rounds (0.036 sec)
Computing ML distances based on estimated model parameters... 0.001 sec
Computing BIONJ tree...
0.003 seconds
Log-likelihood of BIONJ tree: -7675.794
--------------------------------------------------------------------
|             INITIALIZING CANDIDATE TREE SET                      |
--------------------------------------------------------------------
Generating 98 parsimony trees... 0.088 second
Computing log-likelihood of 95 initial trees ... 0.417 seconds
Current best score: -7675.011

Do NNI search on 20 best initial trees
Estimate model parameters (epsilon = 0.100)
BETTER TREE FOUND at iteration 1: -7674.973
Iteration 10 / LogL: -7674.975 / Time: 0h:0m:0s
Iteration 20 / LogL: -7674.979 / Time: 0h:0m:1s
Finish initializing candidate tree set (1)
Current best tree score: -7674.973 / CPU time: 1.070
Number of iterations: 20
--------------------------------------------------------------------
|               OPTIMIZING CANDIDATE TREE SET                      |
--------------------------------------------------------------------
Iteration 30 / LogL: -7675.416 / Time: 0h:0m:1s (0h:0m:3s left)
Iteration 40 / LogL: -7675.069 / Time: 0h:0m:1s (0h:0m:3s left)
Iteration 50 / LogL: -7674.997 / Time: 0h:0m:2s (0h:0m:2s left)
Iteration 60 / LogL: -7674.977 / Time: 0h:0m:2s (0h:0m:1s left)
Iteration 70 / LogL: -7674.985 / Time: 0h:0m:3s (0h:0m:1s left)
Iteration 80 / LogL: -7674.999 / Time: 0h:0m:3s (0h:0m:0s left)
Iteration 90 / LogL: -7674.997 / Time: 0h:0m:4s (0h:0m:0s left)
Iteration 100 / LogL: -7674.975 / Time: 0h:0m:4s (0h:0m:0s left)
TREE SEARCH COMPLETED AFTER 102 ITERATIONS / Time: 0h:0m:4s

--------------------------------------------------------------------
|                    FINALIZING TREE SEARCH                        |
--------------------------------------------------------------------
Performs final model parameters optimization
Estimate model parameters (epsilon = 0.010)
1. Initial log-likelihood: -7674.973
Optimal log-likelihood: -7674.973
Rate parameters:  A-C: 1.46086  A-G: 4.51034  A-T: 1.61796  C-G: 1.16101  C-T: 5.68617  G-T: 1.00000
Base frequencies:  A: 0.291  C: 0.186  G: 0.245  T: 0.279
Gamma shape alpha: 0.455
Parameters optimization took 1 rounds (0.005 sec)
BEST SCORE FOUND : -7674.973

Testing tree branches by SH-like aLRT with 1000 replicates...
0.079 sec.
Total tree length: 1.484

Total number of iterations: 102
CPU time used for tree search: 4.960 sec (0h:0m:4s)
Wall-clock time used for tree search: 4.441 sec (0h:0m:4s)
Total CPU time used: 5.317 sec (0h:0m:5s)
Total wall-clock time used: 4.581 sec (0h:0m:4s)

Analysis results written to: 
  IQ-TREE report:                cluster2006rr.1to1ortho.fa.aln-cln_gene485.fa.iqtree
  Maximum-likelihood tree:       cluster2006rr.1to1ortho.fa.aln-cln_gene485.fa.treefile
  Likelihood distances:          cluster2006rr.1to1ortho.fa.aln-cln_gene485.fa.mldist
  Screen log file:               cluster2006rr.1to1ortho.fa.aln-cln_gene485.fa.log

Date and Time: Mon Nov 25 09:53:46 2019
