IQ-TREE multicore version 1.6.11 for Mac OS X 64-bit built Jul 12 2019
Developed by Bui Quang Minh, Nguyen Lam Tung, Olga Chernomor,
Heiko Schmidt, Dominik Schrempf, Michael Woodhams.

Host:    slpc437 (AVX2, FMA3, 16 GB RAM)
Command: iqtree -s cluster5021rr.1to1ortho.fa.aln-cln_gene496.fa -nt 4 -m GTR+G -alrt 1000
Seed:    242044 (Using SPRNG - Scalable Parallel Random Number Generator)
Time:    Mon Nov 25 11:03:46 2019
Kernel:  AVX+FMA - 4 threads (6 CPU cores detected)

Reading alignment file cluster5021rr.1to1ortho.fa.aln-cln_gene496.fa ... Fasta format detected
Alignment most likely contains DNA/RNA sequences
Alignment has 13 sequences with 3048 columns, 1592 distinct patterns
1283 parsimony-informative, 583 singleton sites, 1182 constant sites
           Gap/Ambiguity  Composition  p-value
   1  DrolusSFB    4.89%    passed     82.49%
   2  Dino         1.71%    passed      7.74%
   3  MJM3360     12.37%    passed     25.85%
   4  DrobinSFB    8.92%    passed     29.39%
   5  Neam         0.92%    passed     31.91%
   6  RuprSFB     14.37%    passed     58.26%
   7  Retr        11.35%    passed      5.33%
   8  Beta         1.31%    passed     42.01%
   9  Spol         1.08%    passed     87.98%
  10  MJM1652      1.74%    failed      4.37%
  11  NepSFB       0.82%    passed     38.68%
  12  WPYJ        45.11%    passed     15.68%
  13  MJM2940      6.92%    passed     20.20%
****  TOTAL        8.58%  1 sequences failed composition chi2 test (p-value<5%; df=3)

Create initial parsimony tree by phylogenetic likelihood library (PLL)... 0.002 seconds

NOTE: 2 MB RAM (0 GB) is required!
Estimate model parameters (epsilon = 0.100)
1. Initial log-likelihood: -22418.016
2. Current log-likelihood: -21689.946
3. Current log-likelihood: -21684.852
Optimal log-likelihood: -21684.816
Rate parameters:  A-C: 1.59433  A-G: 3.95419  A-T: 1.53712  C-G: 1.43635  C-T: 5.17285  G-T: 1.00000
Base frequencies:  A: 0.285  C: 0.191  G: 0.261  T: 0.263
Gamma shape alpha: 0.772
Parameters optimization took 3 rounds (0.062 sec)
Computing ML distances based on estimated model parameters... 0.002 sec
Computing BIONJ tree...
0.002 seconds
Log-likelihood of BIONJ tree: -21681.955
--------------------------------------------------------------------
|             INITIALIZING CANDIDATE TREE SET                      |
--------------------------------------------------------------------
Generating 98 parsimony trees... 0.150 second
Computing log-likelihood of 97 initial trees ... 0.542 seconds
Current best score: -21681.275

Do NNI search on 20 best initial trees
Estimate model parameters (epsilon = 0.100)
BETTER TREE FOUND at iteration 1: -21680.460
Iteration 10 / LogL: -21680.697 / Time: 0h:0m:1s
Iteration 20 / LogL: -21680.545 / Time: 0h:0m:1s
Finish initializing candidate tree set (1)
Current best tree score: -21680.460 / CPU time: 1.393
Number of iterations: 20
--------------------------------------------------------------------
|               OPTIMIZING CANDIDATE TREE SET                      |
--------------------------------------------------------------------
UPDATE BEST LOG-LIKELIHOOD: -21680.460
Iteration 30 / LogL: -21680.485 / Time: 0h:0m:2s (0h:0m:4s left)
Iteration 40 / LogL: -21680.467 / Time: 0h:0m:2s (0h:0m:3s left)
Iteration 50 / LogL: -21680.896 / Time: 0h:0m:3s (0h:0m:3s left)
Iteration 60 / LogL: -21681.535 / Time: 0h:0m:3s (0h:0m:2s left)
Iteration 70 / LogL: -21680.483 / Time: 0h:0m:4s (0h:0m:1s left)
Iteration 80 / LogL: -21680.868 / Time: 0h:0m:4s (0h:0m:1s left)
Iteration 90 / LogL: -21680.487 / Time: 0h:0m:5s (0h:0m:0s left)
Iteration 100 / LogL: -21680.671 / Time: 0h:0m:5s (0h:0m:0s left)
TREE SEARCH COMPLETED AFTER 102 ITERATIONS / Time: 0h:0m:5s

--------------------------------------------------------------------
|                    FINALIZING TREE SEARCH                        |
--------------------------------------------------------------------
Performs final model parameters optimization
Estimate model parameters (epsilon = 0.010)
1. Initial log-likelihood: -21680.460
Optimal log-likelihood: -21680.460
Rate parameters:  A-C: 1.60339  A-G: 3.95376  A-T: 1.53360  C-G: 1.44099  C-T: 5.17065  G-T: 1.00000
Base frequencies:  A: 0.285  C: 0.191  G: 0.261  T: 0.263
Gamma shape alpha: 0.772
Parameters optimization took 1 rounds (0.008 sec)
BEST SCORE FOUND : -21680.460

Testing tree branches by SH-like aLRT with 1000 replicates...
0.165 sec.
Total tree length: 2.032

Total number of iterations: 102
CPU time used for tree search: 9.712 sec (0h:0m:9s)
Wall-clock time used for tree search: 5.816 sec (0h:0m:5s)
Total CPU time used: 10.530 sec (0h:0m:10s)
Total wall-clock time used: 6.074 sec (0h:0m:6s)

Analysis results written to: 
  IQ-TREE report:                cluster5021rr.1to1ortho.fa.aln-cln_gene496.fa.iqtree
  Maximum-likelihood tree:       cluster5021rr.1to1ortho.fa.aln-cln_gene496.fa.treefile
  Likelihood distances:          cluster5021rr.1to1ortho.fa.aln-cln_gene496.fa.mldist
  Screen log file:               cluster5021rr.1to1ortho.fa.aln-cln_gene496.fa.log

Date and Time: Mon Nov 25 11:03:52 2019
