IQ-TREE multicore version 1.6.11 for Mac OS X 64-bit built Jul 12 2019
Developed by Bui Quang Minh, Nguyen Lam Tung, Olga Chernomor,
Heiko Schmidt, Dominik Schrempf, Michael Woodhams.

Host:    slpc437 (AVX2, FMA3, 16 GB RAM)
Command: iqtree -s cluster4467rr.1to1ortho.fa.aln-cln_gene1230.fa -nt 4 -m GTR+G -alrt 1000
Seed:    809041 (Using SPRNG - Scalable Parallel Random Number Generator)
Time:    Mon Nov 25 10:52:39 2019
Kernel:  AVX+FMA - 4 threads (6 CPU cores detected)

Reading alignment file cluster4467rr.1to1ortho.fa.aln-cln_gene1230.fa ... Fasta format detected
Alignment most likely contains DNA/RNA sequences
Alignment has 13 sequences with 4046 columns, 1622 distinct patterns
1329 parsimony-informative, 477 singleton sites, 2240 constant sites
           Gap/Ambiguity  Composition  p-value
   1  DrolusSFB    1.06%    passed     40.35%
   2  Dino         5.07%    passed     67.87%
   3  MJM3360      8.01%    passed     10.82%
   4  DrobinSFB    6.18%    passed     63.85%
   5  Neam         0.02%    passed     35.88%
   6  RuprSFB      2.17%    failed      0.52%
   7  Retr        35.64%    passed     21.99%
   8  Beta         1.29%    failed      0.02%
   9  Spol         5.66%    failed      0.01%
  10  MJM1652      4.84%    passed     94.53%
  11  NepSFB       0.02%    passed     40.58%
  12  WPYJ        66.78%    passed     45.78%
  13  MJM2940      0.64%    passed     30.94%
WARNING: 1 sequences contain more than 50% gaps/ambiguity
****  TOTAL       10.57%  3 sequences failed composition chi2 test (p-value<5%; df=3)

Create initial parsimony tree by phylogenetic likelihood library (PLL)... 0.001 seconds

NOTE: 2 MB RAM (0 GB) is required!
Estimate model parameters (epsilon = 0.100)
1. Initial log-likelihood: -25233.394
2. Current log-likelihood: -24059.338
3. Current log-likelihood: -24047.078
4. Current log-likelihood: -24046.785
Optimal log-likelihood: -24046.776
Rate parameters:  A-C: 2.21052  A-G: 5.65497  A-T: 2.18846  C-G: 1.49819  C-T: 6.87197  G-T: 1.00000
Base frequencies:  A: 0.258  C: 0.218  G: 0.257  T: 0.267
Gamma shape alpha: 0.333
Parameters optimization took 4 rounds (0.068 sec)
Computing ML distances based on estimated model parameters... 0.002 sec
Computing BIONJ tree...
0.002 seconds
Log-likelihood of BIONJ tree: -24046.776
--------------------------------------------------------------------
|             INITIALIZING CANDIDATE TREE SET                      |
--------------------------------------------------------------------
Generating 99 parsimony trees... 0.141 second
Computing log-likelihood of 99 initial trees ... 0.575 seconds
Current best score: -24046.776

Do NNI search on 20 best initial trees
Estimate model parameters (epsilon = 0.100)
BETTER TREE FOUND at iteration 1: -24046.775
Iteration 10 / LogL: -24047.064 / Time: 0h:0m:1s
Iteration 20 / LogL: -24046.925 / Time: 0h:0m:1s
Finish initializing candidate tree set (1)
Current best tree score: -24046.775 / CPU time: 1.404
Number of iterations: 20
--------------------------------------------------------------------
|               OPTIMIZING CANDIDATE TREE SET                      |
--------------------------------------------------------------------
Iteration 30 / LogL: -24046.818 / Time: 0h:0m:1s (0h:0m:4s left)
Iteration 40 / LogL: -24049.219 / Time: 0h:0m:2s (0h:0m:3s left)
Iteration 50 / LogL: -24055.870 / Time: 0h:0m:2s (0h:0m:2s left)
Iteration 60 / LogL: -24048.583 / Time: 0h:0m:3s (0h:0m:2s left)
UPDATE BEST LOG-LIKELIHOOD: -24046.775
Iteration 70 / LogL: -24046.785 / Time: 0h:0m:3s (0h:0m:1s left)
Iteration 80 / LogL: -24058.310 / Time: 0h:0m:4s (0h:0m:1s left)
Iteration 90 / LogL: -24047.432 / Time: 0h:0m:4s (0h:0m:0s left)
Iteration 100 / LogL: -24046.815 / Time: 0h:0m:5s (0h:0m:0s left)
TREE SEARCH COMPLETED AFTER 102 ITERATIONS / Time: 0h:0m:5s

--------------------------------------------------------------------
|                    FINALIZING TREE SEARCH                        |
--------------------------------------------------------------------
Performs final model parameters optimization
Estimate model parameters (epsilon = 0.010)
1. Initial log-likelihood: -24046.775
Optimal log-likelihood: -24046.775
Rate parameters:  A-C: 2.21291  A-G: 5.66161  A-T: 2.19023  C-G: 1.49904  C-T: 6.87488  G-T: 1.00000
Base frequencies:  A: 0.258  C: 0.218  G: 0.257  T: 0.267
Gamma shape alpha: 0.333
Parameters optimization took 1 rounds (0.008 sec)
BEST SCORE FOUND : -24046.775

Testing tree branches by SH-like aLRT with 1000 replicates...
0.207 sec.
Total tree length: 1.724

Total number of iterations: 102
CPU time used for tree search: 8.603 sec (0h:0m:8s)
Wall-clock time used for tree search: 5.121 sec (0h:0m:5s)
Total CPU time used: 9.604 sec (0h:0m:9s)
Total wall-clock time used: 5.428 sec (0h:0m:5s)

Analysis results written to: 
  IQ-TREE report:                cluster4467rr.1to1ortho.fa.aln-cln_gene1230.fa.iqtree
  Maximum-likelihood tree:       cluster4467rr.1to1ortho.fa.aln-cln_gene1230.fa.treefile
  Likelihood distances:          cluster4467rr.1to1ortho.fa.aln-cln_gene1230.fa.mldist
  Screen log file:               cluster4467rr.1to1ortho.fa.aln-cln_gene1230.fa.log

Date and Time: Mon Nov 25 10:52:45 2019
