IQ-TREE multicore version 1.6.11 for Mac OS X 64-bit built Jul 12 2019
Developed by Bui Quang Minh, Nguyen Lam Tung, Olga Chernomor,
Heiko Schmidt, Dominik Schrempf, Michael Woodhams.

Host:    slpc437 (AVX2, FMA3, 16 GB RAM)
Command: iqtree -s cluster2557rr.1to1ortho.fa.aln-cln_gene293.fa -nt 4 -m GTR+G -alrt 1000
Seed:    628208 (Using SPRNG - Scalable Parallel Random Number Generator)
Time:    Mon Nov 25 10:07:49 2019
Kernel:  AVX+FMA - 4 threads (6 CPU cores detected)

Reading alignment file cluster2557rr.1to1ortho.fa.aln-cln_gene293.fa ... Fasta format detected
Alignment most likely contains DNA/RNA sequences
Alignment has 13 sequences with 1782 columns, 845 distinct patterns
627 parsimony-informative, 300 singleton sites, 855 constant sites
           Gap/Ambiguity  Composition  p-value
   1  DrolusSFB    0.79%    passed     78.79%
   2  Dino         0.00%    passed     98.56%
   3  MJM3360      0.39%    passed     52.03%
   4  DrobinSFB    0.00%    passed     40.73%
   5  Neam         0.00%    passed     96.56%
   6  RuprSFB      0.00%    passed     67.64%
   7  Retr        15.32%    passed     81.05%
   8  Beta         0.00%    passed     57.64%
   9  Spol         2.24%    passed     91.88%
  10  MJM1652      0.00%    passed     89.91%
  11  NepSFB       0.00%    passed     94.02%
  12  WPYJ        35.52%    passed     84.26%
  13  MJM2940      0.62%    passed     61.96%
****  TOTAL        4.22%  0 sequences failed composition chi2 test (p-value<5%; df=3)

Create initial parsimony tree by phylogenetic likelihood library (PLL)... 0.001 seconds

NOTE: 1 MB RAM (0 GB) is required!
Estimate model parameters (epsilon = 0.100)
1. Initial log-likelihood: -11943.991
2. Current log-likelihood: -11497.711
3. Current log-likelihood: -11495.553
Optimal log-likelihood: -11495.498
Rate parameters:  A-C: 2.05794  A-G: 5.32967  A-T: 1.63731  C-G: 1.87173  C-T: 6.69475  G-T: 1.00000
Base frequencies:  A: 0.295  C: 0.183  G: 0.229  T: 0.293
Gamma shape alpha: 0.551
Parameters optimization took 3 rounds (0.040 sec)
Computing ML distances based on estimated model parameters... 0.002 sec
Computing BIONJ tree...
0.002 seconds
Log-likelihood of BIONJ tree: -11490.093
--------------------------------------------------------------------
|             INITIALIZING CANDIDATE TREE SET                      |
--------------------------------------------------------------------
Generating 98 parsimony trees... 0.108 second
Computing log-likelihood of 97 initial trees ... 0.450 seconds
Current best score: -11490.093

Do NNI search on 20 best initial trees
Estimate model parameters (epsilon = 0.100)
BETTER TREE FOUND at iteration 1: -11490.079
Iteration 10 / LogL: -11490.131 / Time: 0h:0m:0s
Iteration 20 / LogL: -11490.082 / Time: 0h:0m:1s
Finish initializing candidate tree set (1)
Current best tree score: -11490.079 / CPU time: 1.242
Number of iterations: 20
--------------------------------------------------------------------
|               OPTIMIZING CANDIDATE TREE SET                      |
--------------------------------------------------------------------
Iteration 30 / LogL: -11490.079 / Time: 0h:0m:1s (0h:0m:4s left)
Iteration 40 / LogL: -11490.415 / Time: 0h:0m:2s (0h:0m:3s left)
Iteration 50 / LogL: -11490.177 / Time: 0h:0m:2s (0h:0m:2s left)
Iteration 60 / LogL: -11490.165 / Time: 0h:0m:2s (0h:0m:1s left)
Iteration 70 / LogL: -11490.083 / Time: 0h:0m:3s (0h:0m:1s left)
Iteration 80 / LogL: -11490.160 / Time: 0h:0m:3s (0h:0m:0s left)
UPDATE BEST LOG-LIKELIHOOD: -11490.079
Iteration 90 / LogL: -11490.165 / Time: 0h:0m:3s (0h:0m:0s left)
Iteration 100 / LogL: -11490.082 / Time: 0h:0m:4s (0h:0m:0s left)
TREE SEARCH COMPLETED AFTER 102 ITERATIONS / Time: 0h:0m:4s

--------------------------------------------------------------------
|                    FINALIZING TREE SEARCH                        |
--------------------------------------------------------------------
Performs final model parameters optimization
Estimate model parameters (epsilon = 0.010)
1. Initial log-likelihood: -11490.079
Optimal log-likelihood: -11490.077
Rate parameters:  A-C: 2.05515  A-G: 5.32557  A-T: 1.64969  C-G: 1.84924  C-T: 6.69515  G-T: 1.00000
Base frequencies:  A: 0.295  C: 0.183  G: 0.229  T: 0.293
Gamma shape alpha: 0.552
Parameters optimization took 1 rounds (0.005 sec)
BEST SCORE FOUND : -11490.077

Testing tree branches by SH-like aLRT with 1000 replicates...
0.103 sec.
Total tree length: 1.566

Total number of iterations: 102
CPU time used for tree search: 5.689 sec (0h:0m:5s)
Wall-clock time used for tree search: 4.417 sec (0h:0m:4s)
Total CPU time used: 6.165 sec (0h:0m:6s)
Total wall-clock time used: 4.585 sec (0h:0m:4s)

Analysis results written to: 
  IQ-TREE report:                cluster2557rr.1to1ortho.fa.aln-cln_gene293.fa.iqtree
  Maximum-likelihood tree:       cluster2557rr.1to1ortho.fa.aln-cln_gene293.fa.treefile
  Likelihood distances:          cluster2557rr.1to1ortho.fa.aln-cln_gene293.fa.mldist
  Screen log file:               cluster2557rr.1to1ortho.fa.aln-cln_gene293.fa.log

Date and Time: Mon Nov 25 10:07:54 2019
