IQ-TREE multicore version 1.6.11 for Mac OS X 64-bit built Jul 12 2019
Developed by Bui Quang Minh, Nguyen Lam Tung, Olga Chernomor,
Heiko Schmidt, Dominik Schrempf, Michael Woodhams.

Host:    slpc437 (AVX2, FMA3, 16 GB RAM)
Command: iqtree -s cluster2658rr.1to1ortho.fa.aln-cln_gene663.fa -nt 4 -m GTR+G -alrt 1000
Seed:    36577 (Using SPRNG - Scalable Parallel Random Number Generator)
Time:    Mon Nov 25 10:11:01 2019
Kernel:  AVX+FMA - 4 threads (6 CPU cores detected)

Reading alignment file cluster2658rr.1to1ortho.fa.aln-cln_gene663.fa ... Fasta format detected
Alignment most likely contains DNA/RNA sequences
Alignment has 13 sequences with 871 columns, 465 distinct patterns
338 parsimony-informative, 149 singleton sites, 384 constant sites
           Gap/Ambiguity  Composition  p-value
   1  DrolusSFB    1.84%    passed     99.26%
   2  Dino         0.80%    passed     78.52%
   3  MJM3360      2.53%    passed     80.81%
   4  DrobinSFB    1.84%    passed     73.32%
   5  Neam         0.69%    passed     71.70%
   6  RuprSFB      3.56%    passed     84.47%
   7  Retr         5.51%    passed     89.12%
   8  Beta         0.11%    passed     61.11%
   9  Spol         0.11%    passed     76.87%
  10  MJM1652      1.03%    passed     84.96%
  11  NepSFB       0.69%    passed     73.07%
  12  WPYJ        12.28%    passed     74.16%
  13  MJM2940      1.84%    passed     98.51%
****  TOTAL        2.53%  0 sequences failed composition chi2 test (p-value<5%; df=3)

Create initial parsimony tree by phylogenetic likelihood library (PLL)... 0.000 seconds

NOTE: 0 MB RAM (0 GB) is required!
Estimate model parameters (epsilon = 0.100)
1. Initial log-likelihood: -6198.061
2. Current log-likelihood: -5946.070
3. Current log-likelihood: -5944.827
Optimal log-likelihood: -5944.817
Rate parameters:  A-C: 1.88963  A-G: 4.03951  A-T: 1.25268  C-G: 1.26172  C-T: 6.44201  G-T: 1.00000
Base frequencies:  A: 0.272  C: 0.193  G: 0.257  T: 0.278
Gamma shape alpha: 0.643
Parameters optimization took 3 rounds (0.032 sec)
Computing ML distances based on estimated model parameters... 0.001 sec
Computing BIONJ tree...
0.002 seconds
Log-likelihood of BIONJ tree: -5952.066
--------------------------------------------------------------------
|             INITIALIZING CANDIDATE TREE SET                      |
--------------------------------------------------------------------
Generating 98 parsimony trees... 0.072 second
Computing log-likelihood of 98 initial trees ... 0.405 seconds
Current best score: -5944.817

Do NNI search on 20 best initial trees
Estimate model parameters (epsilon = 0.100)
BETTER TREE FOUND at iteration 1: -5944.817
Iteration 10 / LogL: -5944.838 / Time: 0h:0m:0s
Iteration 20 / LogL: -5944.850 / Time: 0h:0m:1s
Finish initializing candidate tree set (1)
Current best tree score: -5944.817 / CPU time: 0.967
Number of iterations: 20
--------------------------------------------------------------------
|               OPTIMIZING CANDIDATE TREE SET                      |
--------------------------------------------------------------------
Iteration 30 / LogL: -5944.829 / Time: 0h:0m:1s (0h:0m:3s left)
Iteration 40 / LogL: -5944.826 / Time: 0h:0m:1s (0h:0m:2s left)
UPDATE BEST LOG-LIKELIHOOD: -5944.817
Iteration 50 / LogL: -5945.175 / Time: 0h:0m:2s (0h:0m:2s left)
Iteration 60 / LogL: -5944.946 / Time: 0h:0m:2s (0h:0m:1s left)
Iteration 70 / LogL: -5944.867 / Time: 0h:0m:2s (0h:0m:1s left)
Iteration 80 / LogL: -5960.115 / Time: 0h:0m:3s (0h:0m:0s left)
Iteration 90 / LogL: -5944.831 / Time: 0h:0m:3s (0h:0m:0s left)
Iteration 100 / LogL: -5944.879 / Time: 0h:0m:4s (0h:0m:0s left)
TREE SEARCH COMPLETED AFTER 102 ITERATIONS / Time: 0h:0m:4s

--------------------------------------------------------------------
|                    FINALIZING TREE SEARCH                        |
--------------------------------------------------------------------
Performs final model parameters optimization
Estimate model parameters (epsilon = 0.010)
1. Initial log-likelihood: -5944.817
Optimal log-likelihood: -5944.817
Rate parameters:  A-C: 1.88658  A-G: 4.03632  A-T: 1.25237  C-G: 1.26048  C-T: 6.44425  G-T: 1.00000
Base frequencies:  A: 0.272  C: 0.193  G: 0.257  T: 0.278
Gamma shape alpha: 0.643
Parameters optimization took 1 rounds (0.004 sec)
BEST SCORE FOUND : -5944.817

Testing tree branches by SH-like aLRT with 1000 replicates...
0.061 sec.
Total tree length: 1.692

Total number of iterations: 102
CPU time used for tree search: 4.119 sec (0h:0m:4s)
Wall-clock time used for tree search: 4.020 sec (0h:0m:4s)
Total CPU time used: 4.385 sec (0h:0m:4s)
Total wall-clock time used: 4.135 sec (0h:0m:4s)

Analysis results written to: 
  IQ-TREE report:                cluster2658rr.1to1ortho.fa.aln-cln_gene663.fa.iqtree
  Maximum-likelihood tree:       cluster2658rr.1to1ortho.fa.aln-cln_gene663.fa.treefile
  Likelihood distances:          cluster2658rr.1to1ortho.fa.aln-cln_gene663.fa.mldist
  Screen log file:               cluster2658rr.1to1ortho.fa.aln-cln_gene663.fa.log

Date and Time: Mon Nov 25 10:11:05 2019
