IQ-TREE multicore version 1.6.11 for Mac OS X 64-bit built Jul 12 2019
Developed by Bui Quang Minh, Nguyen Lam Tung, Olga Chernomor,
Heiko Schmidt, Dominik Schrempf, Michael Woodhams.

Host:    slpc437 (AVX2, FMA3, 16 GB RAM)
Command: iqtree -s cluster1575rr.1to1ortho.fa.aln-cln_gene433.fa -nt 4 -m GTR+G -alrt 1000
Seed:    26327 (Using SPRNG - Scalable Parallel Random Number Generator)
Time:    Mon Nov 25 09:45:23 2019
Kernel:  AVX+FMA - 4 threads (6 CPU cores detected)

Reading alignment file cluster1575rr.1to1ortho.fa.aln-cln_gene433.fa ... Fasta format detected
Alignment most likely contains DNA/RNA sequences
Alignment has 13 sequences with 2939 columns, 1429 distinct patterns
1065 parsimony-informative, 559 singleton sites, 1315 constant sites
           Gap/Ambiguity  Composition  p-value
   1  DrolusSFB   19.56%    passed     31.20%
   2  Dino        39.98%    passed     64.61%
   3  MJM3360     11.13%    passed     60.10%
   4  DrobinSFB    9.29%    passed     75.88%
   5  Neam         0.27%    passed     87.77%
   6  RuprSFB      9.66%    passed     92.35%
   7  Retr        75.50%    passed     70.78%
   8  Beta        16.50%    passed     73.89%
   9  Spol        16.50%    passed     82.96%
  10  MJM1652      4.22%    passed     75.23%
  11  NepSFB       0.27%    passed     83.27%
  12  WPYJ        75.94%    passed     68.80%
  13  MJM2940      2.42%    passed     85.76%
WARNING: 2 sequences contain more than 50% gaps/ambiguity
****  TOTAL       21.63%  0 sequences failed composition chi2 test (p-value<5%; df=3)

Create initial parsimony tree by phylogenetic likelihood library (PLL)... 0.002 seconds

NOTE: 2 MB RAM (0 GB) is required!
Estimate model parameters (epsilon = 0.100)
1. Initial log-likelihood: -18088.674
2. Current log-likelihood: -17332.732
3. Current log-likelihood: -17328.351
Optimal log-likelihood: -17328.296
Rate parameters:  A-C: 2.12089  A-G: 4.63882  A-T: 1.51874  C-G: 1.77784  C-T: 6.71731  G-T: 1.00000
Base frequencies:  A: 0.285  C: 0.177  G: 0.255  T: 0.284
Gamma shape alpha: 0.735
Parameters optimization took 3 rounds (0.058 sec)
Computing ML distances based on estimated model parameters... 0.002 sec
WARNING: Some pairwise ML distances are too long (saturated)
Computing BIONJ tree...
0.002 seconds
Log-likelihood of BIONJ tree: -17334.523
--------------------------------------------------------------------
|             INITIALIZING CANDIDATE TREE SET                      |
--------------------------------------------------------------------
Generating 98 parsimony trees... 0.140 second
Computing log-likelihood of 97 initial trees ... 0.548 seconds
Current best score: -17328.296

Do NNI search on 20 best initial trees
Estimate model parameters (epsilon = 0.100)
BETTER TREE FOUND at iteration 1: -17328.293
Iteration 10 / LogL: -17328.762 / Time: 0h:0m:1s
Iteration 20 / LogL: -17328.420 / Time: 0h:0m:1s
Finish initializing candidate tree set (2)
Current best tree score: -17328.293 / CPU time: 1.365
Number of iterations: 20
--------------------------------------------------------------------
|               OPTIMIZING CANDIDATE TREE SET                      |
--------------------------------------------------------------------
Iteration 30 / LogL: -17328.455 / Time: 0h:0m:2s (0h:0m:4s left)
Iteration 40 / LogL: -17328.326 / Time: 0h:0m:2s (0h:0m:3s left)
Iteration 50 / LogL: -17328.363 / Time: 0h:0m:3s (0h:0m:3s left)
Iteration 60 / LogL: -17328.379 / Time: 0h:0m:3s (0h:0m:2s left)
Iteration 70 / LogL: -17328.335 / Time: 0h:0m:4s (0h:0m:1s left)
Iteration 80 / LogL: -17328.367 / Time: 0h:0m:4s (0h:0m:1s left)
Iteration 90 / LogL: -17332.524 / Time: 0h:0m:5s (0h:0m:0s left)
Iteration 100 / LogL: -17328.456 / Time: 0h:0m:5s (0h:0m:0s left)
TREE SEARCH COMPLETED AFTER 102 ITERATIONS / Time: 0h:0m:5s

--------------------------------------------------------------------
|                    FINALIZING TREE SEARCH                        |
--------------------------------------------------------------------
Performs final model parameters optimization
Estimate model parameters (epsilon = 0.010)
1. Initial log-likelihood: -17328.293
Optimal log-likelihood: -17328.292
Rate parameters:  A-C: 2.11205  A-G: 4.63528  A-T: 1.51985  C-G: 1.77721  C-T: 6.72074  G-T: 1.00000
Base frequencies:  A: 0.285  C: 0.177  G: 0.255  T: 0.284
Gamma shape alpha: 0.735
Parameters optimization took 1 rounds (0.007 sec)
BEST SCORE FOUND : -17328.292

Testing tree branches by SH-like aLRT with 1000 replicates...
0.159 sec.
Total tree length: 1.857

Total number of iterations: 102
CPU time used for tree search: 9.335 sec (0h:0m:9s)
Wall-clock time used for tree search: 5.859 sec (0h:0m:5s)
Total CPU time used: 10.122 sec (0h:0m:10s)
Total wall-clock time used: 6.112 sec (0h:0m:6s)

Analysis results written to: 
  IQ-TREE report:                cluster1575rr.1to1ortho.fa.aln-cln_gene433.fa.iqtree
  Maximum-likelihood tree:       cluster1575rr.1to1ortho.fa.aln-cln_gene433.fa.treefile
  Likelihood distances:          cluster1575rr.1to1ortho.fa.aln-cln_gene433.fa.mldist
  Screen log file:               cluster1575rr.1to1ortho.fa.aln-cln_gene433.fa.log

Date and Time: Mon Nov 25 09:45:29 2019
