IQ-TREE multicore version 1.6.11 for Mac OS X 64-bit built Jul 12 2019
Developed by Bui Quang Minh, Nguyen Lam Tung, Olga Chernomor,
Heiko Schmidt, Dominik Schrempf, Michael Woodhams.

Host:    slpc437 (AVX2, FMA3, 16 GB RAM)
Command: iqtree -s cluster3542rr.1to1ortho.fa.aln-cln_gene601.fa -nt 4 -m GTR+G -alrt 1000
Seed:    392274 (Using SPRNG - Scalable Parallel Random Number Generator)
Time:    Mon Nov 25 10:32:51 2019
Kernel:  AVX+FMA - 4 threads (6 CPU cores detected)

Reading alignment file cluster3542rr.1to1ortho.fa.aln-cln_gene601.fa ... Fasta format detected
Alignment most likely contains DNA/RNA sequences
Alignment has 13 sequences with 741 columns, 268 distinct patterns
214 parsimony-informative, 65 singleton sites, 462 constant sites
           Gap/Ambiguity  Composition  p-value
   1  DrolusSFB    0.00%    passed     93.23%
   2  Dino         0.00%    passed     93.53%
   3  MJM3360      0.00%    passed     70.27%
   4  DrobinSFB    0.00%    passed     84.81%
   5  Neam         0.00%    passed     98.91%
   6  RuprSFB      0.00%    passed     99.52%
   7  Retr         0.00%    passed     98.92%
   8  Beta         0.00%    passed     86.33%
   9  Spol         0.00%    passed     89.51%
  10  MJM1652      0.00%    passed     84.02%
  11  NepSFB       0.00%    passed     98.39%
  12  WPYJ         0.40%    passed     69.48%
  13  MJM2940      0.00%    passed     85.89%
****  TOTAL        0.03%  0 sequences failed composition chi2 test (p-value<5%; df=3)

Create initial parsimony tree by phylogenetic likelihood library (PLL)... 0.000 seconds

NOTE: 0 MB RAM (0 GB) is required!
WARNING: Number of threads seems too high for short alignments. Use -nt AUTO to determine best number of threads.
Estimate model parameters (epsilon = 0.100)
1. Initial log-likelihood: -4319.410
2. Current log-likelihood: -4064.797
3. Current log-likelihood: -4060.621
Optimal log-likelihood: -4060.564
Rate parameters:  A-C: 1.76793  A-G: 4.43336  A-T: 1.63927  C-G: 1.21460  C-T: 8.20805  G-T: 1.00000
Base frequencies:  A: 0.283  C: 0.196  G: 0.257  T: 0.263
Gamma shape alpha: 0.245
Parameters optimization took 3 rounds (0.030 sec)
Computing ML distances based on estimated model parameters... 0.001 sec
Computing BIONJ tree...
0.002 seconds
Log-likelihood of BIONJ tree: -4058.090
--------------------------------------------------------------------
|             INITIALIZING CANDIDATE TREE SET                      |
--------------------------------------------------------------------
Generating 98 parsimony trees... 0.057 second
Computing log-likelihood of 97 initial trees ... 0.376 seconds
Current best score: -4057.012

Do NNI search on 20 best initial trees
Estimate model parameters (epsilon = 0.100)
BETTER TREE FOUND at iteration 1: -4056.906
Iteration 10 / LogL: -4057.147 / Time: 0h:0m:0s
Iteration 20 / LogL: -4058.188 / Time: 0h:0m:0s
Finish initializing candidate tree set (3)
Current best tree score: -4056.906 / CPU time: 0.899
Number of iterations: 20
--------------------------------------------------------------------
|               OPTIMIZING CANDIDATE TREE SET                      |
--------------------------------------------------------------------
Iteration 30 / LogL: -4057.841 / Time: 0h:0m:1s (0h:0m:3s left)
Estimate model parameters (epsilon = 0.100)
UPDATE BEST LOG-LIKELIHOOD: -4056.852
Iteration 40 / LogL: -4058.186 / Time: 0h:0m:1s (0h:0m:2s left)
Iteration 50 / LogL: -4057.830 / Time: 0h:0m:2s (0h:0m:2s left)
Iteration 60 / LogL: -4056.923 / Time: 0h:0m:2s (0h:0m:1s left)
Iteration 70 / LogL: -4058.189 / Time: 0h:0m:2s (0h:0m:1s left)
Iteration 80 / LogL: -4058.165 / Time: 0h:0m:2s (0h:0m:0s left)
Iteration 90 / LogL: -4057.844 / Time: 0h:0m:3s (0h:0m:0s left)
UPDATE BEST LOG-LIKELIHOOD: -4056.852
Iteration 100 / LogL: -4056.983 / Time: 0h:0m:3s (0h:0m:0s left)
TREE SEARCH COMPLETED AFTER 102 ITERATIONS / Time: 0h:0m:3s

--------------------------------------------------------------------
|                    FINALIZING TREE SEARCH                        |
--------------------------------------------------------------------
Performs final model parameters optimization
Estimate model parameters (epsilon = 0.010)
1. Initial log-likelihood: -4056.852
Optimal log-likelihood: -4056.851
Rate parameters:  A-C: 1.67805  A-G: 4.48050  A-T: 1.66002  C-G: 1.25304  C-T: 8.51557  G-T: 1.00000
Base frequencies:  A: 0.283  C: 0.196  G: 0.257  T: 0.263
Gamma shape alpha: 0.245
Parameters optimization took 1 rounds (0.004 sec)
BEST SCORE FOUND : -4056.851

Testing tree branches by SH-like aLRT with 1000 replicates...
0.052 sec.
Total tree length: 1.282

Total number of iterations: 102
CPU time used for tree search: 3.198 sec (0h:0m:3s)
Wall-clock time used for tree search: 3.626 sec (0h:0m:3s)
Total CPU time used: 3.415 sec (0h:0m:3s)
Total wall-clock time used: 3.729 sec (0h:0m:3s)

Analysis results written to: 
  IQ-TREE report:                cluster3542rr.1to1ortho.fa.aln-cln_gene601.fa.iqtree
  Maximum-likelihood tree:       cluster3542rr.1to1ortho.fa.aln-cln_gene601.fa.treefile
  Likelihood distances:          cluster3542rr.1to1ortho.fa.aln-cln_gene601.fa.mldist
  Screen log file:               cluster3542rr.1to1ortho.fa.aln-cln_gene601.fa.log

Date and Time: Mon Nov 25 10:32:55 2019
