IQ-TREE multicore version 1.6.11 for Mac OS X 64-bit built Jul 12 2019
Developed by Bui Quang Minh, Nguyen Lam Tung, Olga Chernomor,
Heiko Schmidt, Dominik Schrempf, Michael Woodhams.

Host:    slpc437 (AVX2, FMA3, 16 GB RAM)
Command: iqtree -s cluster4178rr.1to1ortho.fa.aln-cln_gene741.fa -nt 4 -m GTR+G -alrt 1000
Seed:    783608 (Using SPRNG - Scalable Parallel Random Number Generator)
Time:    Mon Nov 25 10:45:14 2019
Kernel:  AVX+FMA - 4 threads (6 CPU cores detected)

Reading alignment file cluster4178rr.1to1ortho.fa.aln-cln_gene741.fa ... Fasta format detected
Alignment most likely contains DNA/RNA sequences
Alignment has 13 sequences with 687 columns, 279 distinct patterns
208 parsimony-informative, 76 singleton sites, 403 constant sites
           Gap/Ambiguity  Composition  p-value
   1  DrolusSFB    0.00%    passed     86.04%
   2  Dino         0.00%    passed     64.31%
   3  MJM3360      1.46%    passed     82.02%
   4  DrobinSFB    0.00%    passed     71.62%
   5  Neam         0.00%    passed     66.61%
   6  RuprSFB      0.00%    passed     89.90%
   7  Retr         0.87%    passed     88.38%
   8  Beta         0.00%    passed     72.21%
   9  Spol         0.00%    passed     91.22%
  10  MJM1652      0.58%    passed     93.56%
  11  NepSFB       0.00%    passed     77.81%
  12  WPYJ        42.07%    passed     60.17%
  13  MJM2940      0.00%    passed     77.54%
****  TOTAL        3.46%  0 sequences failed composition chi2 test (p-value<5%; df=3)

Create initial parsimony tree by phylogenetic likelihood library (PLL)... 0.001 seconds

NOTE: 0 MB RAM (0 GB) is required!
WARNING: Number of threads seems too high for short alignments. Use -nt AUTO to determine best number of threads.
Estimate model parameters (epsilon = 0.100)
1. Initial log-likelihood: -3942.520
2. Current log-likelihood: -3751.282
3. Current log-likelihood: -3749.329
Optimal log-likelihood: -3749.292
Rate parameters:  A-C: 1.29856  A-G: 5.03381  A-T: 1.81320  C-G: 1.30826  C-T: 6.40330  G-T: 1.00000
Base frequencies:  A: 0.226  C: 0.210  G: 0.231  T: 0.333
Gamma shape alpha: 0.332
Parameters optimization took 3 rounds (0.042 sec)
Computing ML distances based on estimated model parameters... 0.001 sec
Computing BIONJ tree...
0.002 seconds
Log-likelihood of BIONJ tree: -3741.014
--------------------------------------------------------------------
|             INITIALIZING CANDIDATE TREE SET                      |
--------------------------------------------------------------------
Generating 98 parsimony trees... 0.068 second
Computing log-likelihood of 98 initial trees ... 0.393 seconds
Current best score: -3741.014

Do NNI search on 20 best initial trees
Estimate model parameters (epsilon = 0.100)
BETTER TREE FOUND at iteration 1: -3738.697
Iteration 10 / LogL: -3738.720 / Time: 0h:0m:0s
Iteration 20 / LogL: -3738.732 / Time: 0h:0m:1s
Finish initializing candidate tree set (2)
Current best tree score: -3738.697 / CPU time: 0.997
Number of iterations: 20
--------------------------------------------------------------------
|               OPTIMIZING CANDIDATE TREE SET                      |
--------------------------------------------------------------------
Iteration 30 / LogL: -3738.717 / Time: 0h:0m:1s (0h:0m:3s left)
Iteration 40 / LogL: -3738.708 / Time: 0h:0m:1s (0h:0m:2s left)
Iteration 50 / LogL: -3738.710 / Time: 0h:0m:2s (0h:0m:2s left)
UPDATE BEST LOG-LIKELIHOOD: -3738.697
Iteration 60 / LogL: -3738.728 / Time: 0h:0m:2s (0h:0m:1s left)
Iteration 70 / LogL: -3738.822 / Time: 0h:0m:3s (0h:0m:1s left)
Iteration 80 / LogL: -3738.700 / Time: 0h:0m:3s (0h:0m:0s left)
Iteration 90 / LogL: -3738.734 / Time: 0h:0m:3s (0h:0m:0s left)
Iteration 100 / LogL: -3740.476 / Time: 0h:0m:4s (0h:0m:0s left)
TREE SEARCH COMPLETED AFTER 102 ITERATIONS / Time: 0h:0m:4s

--------------------------------------------------------------------
|                    FINALIZING TREE SEARCH                        |
--------------------------------------------------------------------
Performs final model parameters optimization
Estimate model parameters (epsilon = 0.010)
1. Initial log-likelihood: -3738.697
Optimal log-likelihood: -3738.696
Rate parameters:  A-C: 1.24461  A-G: 5.16282  A-T: 1.77622  C-G: 1.30790  C-T: 6.51960  G-T: 1.00000
Base frequencies:  A: 0.226  C: 0.210  G: 0.231  T: 0.333
Gamma shape alpha: 0.332
Parameters optimization took 1 rounds (0.004 sec)
BEST SCORE FOUND : -3738.696

Testing tree branches by SH-like aLRT with 1000 replicates...
0.048 sec.
Total tree length: 1.233

Total number of iterations: 102
CPU time used for tree search: 3.676 sec (0h:0m:3s)
Wall-clock time used for tree search: 4.173 sec (0h:0m:4s)
Total CPU time used: 3.908 sec (0h:0m:3s)
Total wall-clock time used: 4.285 sec (0h:0m:4s)

Analysis results written to: 
  IQ-TREE report:                cluster4178rr.1to1ortho.fa.aln-cln_gene741.fa.iqtree
  Maximum-likelihood tree:       cluster4178rr.1to1ortho.fa.aln-cln_gene741.fa.treefile
  Likelihood distances:          cluster4178rr.1to1ortho.fa.aln-cln_gene741.fa.mldist
  Screen log file:               cluster4178rr.1to1ortho.fa.aln-cln_gene741.fa.log

Date and Time: Mon Nov 25 10:45:19 2019
