IQ-TREE multicore version 1.6.11 for Mac OS X 64-bit built Jul 12 2019
Developed by Bui Quang Minh, Nguyen Lam Tung, Olga Chernomor,
Heiko Schmidt, Dominik Schrempf, Michael Woodhams.

Host:    slpc437 (AVX2, FMA3, 16 GB RAM)
Command: iqtree -s cluster2562rr.1to1ortho.fa.aln-cln_gene529.fa -nt 4 -m GTR+G -alrt 1000
Seed:    230117 (Using SPRNG - Scalable Parallel Random Number Generator)
Time:    Mon Nov 25 10:07:54 2019
Kernel:  AVX+FMA - 4 threads (6 CPU cores detected)

Reading alignment file cluster2562rr.1to1ortho.fa.aln-cln_gene529.fa ... Fasta format detected
Alignment most likely contains DNA/RNA sequences
Alignment has 13 sequences with 2418 columns, 1089 distinct patterns
722 parsimony-informative, 465 singleton sites, 1231 constant sites
           Gap/Ambiguity  Composition  p-value
   1  DrolusSFB    7.03%    passed     46.63%
   2  Dino         0.37%    passed     41.21%
   3  MJM3360      9.80%    passed     81.90%
   4  DrobinSFB   11.79%    passed     57.71%
   5  Neam         0.00%    passed     60.26%
   6  RuprSFB      8.48%    passed     71.93%
   7  Retr         6.45%    passed     82.40%
   8  Beta         0.00%    passed     51.06%
   9  Spol        42.18%    passed     24.44%
  10  MJM1652      0.12%    passed     66.82%
  11  NepSFB      45.16%    passed     47.99%
  12  WPYJ        69.98%    passed     89.98%
  13  MJM2940     36.72%    passed     54.23%
WARNING: 1 sequences contain more than 50% gaps/ambiguity
****  TOTAL       18.31%  0 sequences failed composition chi2 test (p-value<5%; df=3)

Create initial parsimony tree by phylogenetic likelihood library (PLL)... 0.001 seconds

NOTE: 1 MB RAM (0 GB) is required!
Estimate model parameters (epsilon = 0.100)
1. Initial log-likelihood: -14436.348
2. Current log-likelihood: -13820.387
3. Current log-likelihood: -13815.691
Optimal log-likelihood: -13815.634
Rate parameters:  A-C: 1.96323  A-G: 4.88193  A-T: 1.80471  C-G: 1.59442  C-T: 5.93437  G-T: 1.00000
Base frequencies:  A: 0.299  C: 0.183  G: 0.245  T: 0.273
Gamma shape alpha: 0.513
Parameters optimization took 3 rounds (0.048 sec)
Computing ML distances based on estimated model parameters... 0.002 sec
Computing BIONJ tree...
0.002 seconds
Log-likelihood of BIONJ tree: -13835.664
--------------------------------------------------------------------
|             INITIALIZING CANDIDATE TREE SET                      |
--------------------------------------------------------------------
Generating 98 parsimony trees... 0.134 second
Computing log-likelihood of 97 initial trees ... 0.506 seconds
Current best score: -13815.634

Do NNI search on 20 best initial trees
Estimate model parameters (epsilon = 0.100)
BETTER TREE FOUND at iteration 1: -13815.609
Iteration 10 / LogL: -13815.622 / Time: 0h:0m:1s
Iteration 20 / LogL: -13822.080 / Time: 0h:0m:1s
Finish initializing candidate tree set (3)
Current best tree score: -13815.609 / CPU time: 1.352
Number of iterations: 20
--------------------------------------------------------------------
|               OPTIMIZING CANDIDATE TREE SET                      |
--------------------------------------------------------------------
Iteration 30 / LogL: -13815.610 / Time: 0h:0m:1s (0h:0m:4s left)
Iteration 40 / LogL: -13815.616 / Time: 0h:0m:2s (0h:0m:4s left)
Iteration 50 / LogL: -13815.616 / Time: 0h:0m:3s (0h:0m:3s left)
Iteration 60 / LogL: -13815.635 / Time: 0h:0m:3s (0h:0m:2s left)
Iteration 70 / LogL: -13815.617 / Time: 0h:0m:4s (0h:0m:1s left)
Iteration 80 / LogL: -13827.868 / Time: 0h:0m:4s (0h:0m:1s left)
Iteration 90 / LogL: -13815.742 / Time: 0h:0m:5s (0h:0m:0s left)
Iteration 100 / LogL: -13815.642 / Time: 0h:0m:6s (0h:0m:0s left)
TREE SEARCH COMPLETED AFTER 102 ITERATIONS / Time: 0h:0m:6s

--------------------------------------------------------------------
|                    FINALIZING TREE SEARCH                        |
--------------------------------------------------------------------
Performs final model parameters optimization
Estimate model parameters (epsilon = 0.010)
1. Initial log-likelihood: -13815.609
Optimal log-likelihood: -13815.608
Rate parameters:  A-C: 1.96026  A-G: 4.87773  A-T: 1.80424  C-G: 1.59190  C-T: 5.94221  G-T: 1.00000
Base frequencies:  A: 0.299  C: 0.183  G: 0.245  T: 0.273
Gamma shape alpha: 0.512
Parameters optimization took 1 rounds (0.006 sec)
BEST SCORE FOUND : -13815.608

Testing tree branches by SH-like aLRT with 1000 replicates...
0.131 sec.
Total tree length: 1.544

Total number of iterations: 102
CPU time used for tree search: 8.670 sec (0h:0m:8s)
Wall-clock time used for tree search: 6.120 sec (0h:0m:6s)
Total CPU time used: 9.303 sec (0h:0m:9s)
Total wall-clock time used: 6.331 sec (0h:0m:6s)

Analysis results written to: 
  IQ-TREE report:                cluster2562rr.1to1ortho.fa.aln-cln_gene529.fa.iqtree
  Maximum-likelihood tree:       cluster2562rr.1to1ortho.fa.aln-cln_gene529.fa.treefile
  Likelihood distances:          cluster2562rr.1to1ortho.fa.aln-cln_gene529.fa.mldist
  Screen log file:               cluster2562rr.1to1ortho.fa.aln-cln_gene529.fa.log

Date and Time: Mon Nov 25 10:08:00 2019
