IQ-TREE multicore version 1.6.11 for Mac OS X 64-bit built Jul 12 2019
Developed by Bui Quang Minh, Nguyen Lam Tung, Olga Chernomor,
Heiko Schmidt, Dominik Schrempf, Michael Woodhams.

Host:    slpc437 (AVX2, FMA3, 16 GB RAM)
Command: iqtree -s cluster4148rr.1to1ortho.fa.aln-cln_gene809.fa -nt 4 -m GTR+G -alrt 1000
Seed:    618001 (Using SPRNG - Scalable Parallel Random Number Generator)
Time:    Mon Nov 25 10:44:31 2019
Kernel:  AVX+FMA - 4 threads (6 CPU cores detected)

Reading alignment file cluster4148rr.1to1ortho.fa.aln-cln_gene809.fa ... Fasta format detected
Alignment most likely contains DNA/RNA sequences
Alignment has 13 sequences with 1406 columns, 773 distinct patterns
468 parsimony-informative, 290 singleton sites, 648 constant sites
           Gap/Ambiguity  Composition  p-value
   1  DrolusSFB    5.69%    failed      2.65%
   2  Dino         4.05%    passed     10.65%
   3  MJM3360     37.27%    passed      6.92%
   4  DrobinSFB    4.27%    passed     21.48%
   5  Neam         3.49%    passed     94.54%
   6  RuprSFB     59.17%    passed     65.41%
   7  Retr        55.55%    passed     26.74%
   8  Beta         7.04%    passed      5.19%
   9  Spol         4.34%    passed     70.07%
  10  MJM1652     37.13%    passed      5.15%
  11  NepSFB       3.49%    passed     97.27%
  12  WPYJ         4.84%    passed     42.86%
  13  MJM2940      7.11%    passed     86.19%
WARNING: 2 sequences contain more than 50% gaps/ambiguity
****  TOTAL       17.96%  1 sequences failed composition chi2 test (p-value<5%; df=3)

Create initial parsimony tree by phylogenetic likelihood library (PLL)... 0.001 seconds

NOTE: 1 MB RAM (0 GB) is required!
Estimate model parameters (epsilon = 0.100)
1. Initial log-likelihood: -8978.623
2. Current log-likelihood: -8644.521
3. Current log-likelihood: -8640.959
Optimal log-likelihood: -8640.900
Rate parameters:  A-C: 0.95565  A-G: 2.30305  A-T: 1.08703  C-G: 0.73129  C-T: 3.37625  G-T: 1.00000
Base frequencies:  A: 0.248  C: 0.237  G: 0.270  T: 0.245
Gamma shape alpha: 0.562
Parameters optimization took 3 rounds (0.038 sec)
Computing ML distances based on estimated model parameters... 0.001 sec
Computing BIONJ tree...
0.002 seconds
Log-likelihood of BIONJ tree: -8644.799
--------------------------------------------------------------------
|             INITIALIZING CANDIDATE TREE SET                      |
--------------------------------------------------------------------
Generating 98 parsimony trees... 0.089 second
Computing log-likelihood of 98 initial trees ... 0.468 seconds
Current best score: -8640.900

Do NNI search on 20 best initial trees
Estimate model parameters (epsilon = 0.100)
BETTER TREE FOUND at iteration 1: -8639.969
Iteration 10 / LogL: -8640.010 / Time: 0h:0m:0s
Iteration 20 / LogL: -8639.993 / Time: 0h:0m:1s
Finish initializing candidate tree set (1)
Current best tree score: -8639.969 / CPU time: 1.149
Number of iterations: 20
--------------------------------------------------------------------
|               OPTIMIZING CANDIDATE TREE SET                      |
--------------------------------------------------------------------
Iteration 30 / LogL: -8640.242 / Time: 0h:0m:1s (0h:0m:4s left)
Iteration 40 / LogL: -8640.438 / Time: 0h:0m:2s (0h:0m:3s left)
UPDATE BEST LOG-LIKELIHOOD: -8639.968
Iteration 50 / LogL: -8639.984 / Time: 0h:0m:2s (0h:0m:2s left)
Iteration 60 / LogL: -8639.993 / Time: 0h:0m:2s (0h:0m:1s left)
UPDATE BEST LOG-LIKELIHOOD: -8639.968
Iteration 70 / LogL: -8640.057 / Time: 0h:0m:3s (0h:0m:1s left)
Iteration 80 / LogL: -8640.066 / Time: 0h:0m:3s (0h:0m:0s left)
Iteration 90 / LogL: -8640.004 / Time: 0h:0m:4s (0h:0m:0s left)
Iteration 100 / LogL: -8641.013 / Time: 0h:0m:4s (0h:0m:0s left)
TREE SEARCH COMPLETED AFTER 102 ITERATIONS / Time: 0h:0m:4s

--------------------------------------------------------------------
|                    FINALIZING TREE SEARCH                        |
--------------------------------------------------------------------
Performs final model parameters optimization
Estimate model parameters (epsilon = 0.010)
1. Initial log-likelihood: -8639.968
Optimal log-likelihood: -8639.967
Rate parameters:  A-C: 0.95795  A-G: 2.30040  A-T: 1.08814  C-G: 0.73251  C-T: 3.38388  G-T: 1.00000
Base frequencies:  A: 0.248  C: 0.237  G: 0.270  T: 0.245
Gamma shape alpha: 0.566
Parameters optimization took 1 rounds (0.006 sec)
BEST SCORE FOUND : -8639.967

Testing tree branches by SH-like aLRT with 1000 replicates...
0.088 sec.
Total tree length: 2.065

Total number of iterations: 102
CPU time used for tree search: 5.692 sec (0h:0m:5s)
Wall-clock time used for tree search: 4.555 sec (0h:0m:4s)
Total CPU time used: 6.110 sec (0h:0m:6s)
Total wall-clock time used: 4.716 sec (0h:0m:4s)

Analysis results written to: 
  IQ-TREE report:                cluster4148rr.1to1ortho.fa.aln-cln_gene809.fa.iqtree
  Maximum-likelihood tree:       cluster4148rr.1to1ortho.fa.aln-cln_gene809.fa.treefile
  Likelihood distances:          cluster4148rr.1to1ortho.fa.aln-cln_gene809.fa.mldist
  Screen log file:               cluster4148rr.1to1ortho.fa.aln-cln_gene809.fa.log

Date and Time: Mon Nov 25 10:44:36 2019
