IQ-TREE multicore version 1.6.11 for Mac OS X 64-bit built Jul 12 2019
Developed by Bui Quang Minh, Nguyen Lam Tung, Olga Chernomor,
Heiko Schmidt, Dominik Schrempf, Michael Woodhams.

Host:    slpc437 (AVX2, FMA3, 16 GB RAM)
Command: iqtree -s cluster2290rr.1to1ortho.fa.aln-cln_gene846.fa -nt 4 -m GTR+G -alrt 1000
Seed:    747815 (Using SPRNG - Scalable Parallel Random Number Generator)
Time:    Mon Nov 25 10:01:38 2019
Kernel:  AVX+FMA - 4 threads (6 CPU cores detected)

Reading alignment file cluster2290rr.1to1ortho.fa.aln-cln_gene846.fa ... Fasta format detected
Alignment most likely contains DNA/RNA sequences
Alignment has 13 sequences with 750 columns, 272 distinct patterns
212 parsimony-informative, 84 singleton sites, 453 constant sites
           Gap/Ambiguity  Composition  p-value
   1  DrolusSFB    0.00%    passed     82.57%
   2  Dino         0.00%    passed     90.10%
   3  MJM3360      0.00%    passed     96.79%
   4  DrobinSFB    0.00%    passed     96.79%
   5  Neam         0.00%    passed     97.37%
   6  RuprSFB      0.00%    passed     90.15%
   7  Retr         0.00%    passed     99.19%
   8  Beta         0.00%    passed     90.37%
   9  Spol         0.00%    passed     93.59%
  10  MJM1652      0.00%    passed     98.67%
  11  NepSFB       0.00%    passed     98.96%
  12  WPYJ         0.40%    passed     94.53%
  13  MJM2940      0.00%    passed     97.97%
****  TOTAL        0.03%  0 sequences failed composition chi2 test (p-value<5%; df=3)

Create initial parsimony tree by phylogenetic likelihood library (PLL)... 0.001 seconds

NOTE: 0 MB RAM (0 GB) is required!
WARNING: Number of threads seems too high for short alignments. Use -nt AUTO to determine best number of threads.
Estimate model parameters (epsilon = 0.100)
1. Initial log-likelihood: -4301.148
2. Current log-likelihood: -4093.540
3. Current log-likelihood: -4091.313
Optimal log-likelihood: -4091.286
Rate parameters:  A-C: 2.41530  A-G: 4.48491  A-T: 1.82715  C-G: 1.92305  C-T: 9.48842  G-T: 1.00000
Base frequencies:  A: 0.273  C: 0.193  G: 0.280  T: 0.253
Gamma shape alpha: 0.307
Parameters optimization took 3 rounds (0.032 sec)
Computing ML distances based on estimated model parameters... 0.001 sec
Computing BIONJ tree...
0.002 seconds
Log-likelihood of BIONJ tree: -4092.950
--------------------------------------------------------------------
|             INITIALIZING CANDIDATE TREE SET                      |
--------------------------------------------------------------------
Generating 98 parsimony trees... 0.063 second
Computing log-likelihood of 98 initial trees ... 0.375 seconds
Current best score: -4091.286

Do NNI search on 20 best initial trees
Estimate model parameters (epsilon = 0.100)
BETTER TREE FOUND at iteration 1: -4091.285
Iteration 10 / LogL: -4091.285 / Time: 0h:0m:0s
Iteration 20 / LogL: -4091.285 / Time: 0h:0m:1s
Finish initializing candidate tree set (3)
Current best tree score: -4091.285 / CPU time: 1.045
Number of iterations: 20
--------------------------------------------------------------------
|               OPTIMIZING CANDIDATE TREE SET                      |
--------------------------------------------------------------------
UPDATE BEST LOG-LIKELIHOOD: -4091.285
Iteration 30 / LogL: -4091.285 / Time: 0h:0m:1s (0h:0m:3s left)
Iteration 40 / LogL: -4097.650 / Time: 0h:0m:1s (0h:0m:3s left)
Iteration 50 / LogL: -4091.285 / Time: 0h:0m:2s (0h:0m:2s left)
Iteration 60 / LogL: -4091.285 / Time: 0h:0m:2s (0h:0m:2s left)
Iteration 70 / LogL: -4100.730 / Time: 0h:0m:3s (0h:0m:1s left)
Iteration 80 / LogL: -4091.285 / Time: 0h:0m:3s (0h:0m:1s left)
Iteration 90 / LogL: -4097.653 / Time: 0h:0m:4s (0h:0m:0s left)
Iteration 100 / LogL: -4100.776 / Time: 0h:0m:4s (0h:0m:0s left)
TREE SEARCH COMPLETED AFTER 102 ITERATIONS / Time: 0h:0m:4s

--------------------------------------------------------------------
|                    FINALIZING TREE SEARCH                        |
--------------------------------------------------------------------
Performs final model parameters optimization
Estimate model parameters (epsilon = 0.010)
1. Initial log-likelihood: -4091.285
Optimal log-likelihood: -4091.284
Rate parameters:  A-C: 2.41870  A-G: 4.48989  A-T: 1.82942  C-G: 1.92438  C-T: 9.50140  G-T: 1.00000
Base frequencies:  A: 0.273  C: 0.193  G: 0.280  T: 0.253
Gamma shape alpha: 0.308
Parameters optimization took 1 rounds (0.003 sec)
BEST SCORE FOUND : -4091.284

Testing tree branches by SH-like aLRT with 1000 replicates...
0.049 sec.
Total tree length: 1.168

Total number of iterations: 102
CPU time used for tree search: 4.088 sec (0h:0m:4s)
Wall-clock time used for tree search: 4.645 sec (0h:0m:4s)
Total CPU time used: 4.309 sec (0h:0m:4s)
Total wall-clock time used: 4.749 sec (0h:0m:4s)

Analysis results written to: 
  IQ-TREE report:                cluster2290rr.1to1ortho.fa.aln-cln_gene846.fa.iqtree
  Maximum-likelihood tree:       cluster2290rr.1to1ortho.fa.aln-cln_gene846.fa.treefile
  Likelihood distances:          cluster2290rr.1to1ortho.fa.aln-cln_gene846.fa.mldist
  Screen log file:               cluster2290rr.1to1ortho.fa.aln-cln_gene846.fa.log

Date and Time: Mon Nov 25 10:01:43 2019
