IQ-TREE multicore version 1.6.11 for Mac OS X 64-bit built Jul 12 2019
Developed by Bui Quang Minh, Nguyen Lam Tung, Olga Chernomor,
Heiko Schmidt, Dominik Schrempf, Michael Woodhams.

Host:    slpc437 (AVX2, FMA3, 16 GB RAM)
Command: iqtree -s cluster213rr.1to1ortho.fa.aln-cln_gene1165.fa -nt 4 -m GTR+G -alrt 1000
Seed:    886022 (Using SPRNG - Scalable Parallel Random Number Generator)
Time:    Mon Nov 25 09:57:47 2019
Kernel:  AVX+FMA - 4 threads (6 CPU cores detected)

Reading alignment file cluster213rr.1to1ortho.fa.aln-cln_gene1165.fa ... Fasta format detected
Alignment most likely contains DNA/RNA sequences
Alignment has 13 sequences with 1638 columns, 799 distinct patterns
517 parsimony-informative, 294 singleton sites, 827 constant sites
           Gap/Ambiguity  Composition  p-value
   1  DrolusSFB    0.92%    passed     75.31%
   2  Dino        27.66%    passed     40.02%
   3  MJM3360      2.01%    passed     49.40%
   4  DrobinSFB   27.41%    passed     63.79%
   5  Neam         2.93%    passed     81.74%
   6  RuprSFB     28.02%    passed     52.94%
   7  Retr        50.79%    failed      0.56%
   8  Beta         1.34%    passed     81.43%
   9  Spol         0.43%    passed     97.38%
  10  MJM1652     53.36%    passed     18.52%
  11  NepSFB      55.49%    passed      5.18%
  12  WPYJ        39.62%    passed     30.42%
  13  MJM2940      0.55%    passed     95.62%
WARNING: 3 sequences contain more than 50% gaps/ambiguity
****  TOTAL       22.35%  1 sequences failed composition chi2 test (p-value<5%; df=3)

Create initial parsimony tree by phylogenetic likelihood library (PLL)... 0.001 seconds

NOTE: 1 MB RAM (0 GB) is required!
Estimate model parameters (epsilon = 0.100)
1. Initial log-likelihood: -9903.941
2. Current log-likelihood: -9495.868
3. Current log-likelihood: -9491.300
Optimal log-likelihood: -9491.242
Rate parameters:  A-C: 1.67259  A-G: 3.04685  A-T: 1.46315  C-G: 0.88713  C-T: 5.99227  G-T: 1.00000
Base frequencies:  A: 0.311  C: 0.193  G: 0.273  T: 0.224
Gamma shape alpha: 0.498
Parameters optimization took 3 rounds (0.040 sec)
Computing ML distances based on estimated model parameters... 0.001 sec
Computing BIONJ tree...
0.002 seconds
Log-likelihood of BIONJ tree: -9481.759
--------------------------------------------------------------------
|             INITIALIZING CANDIDATE TREE SET                      |
--------------------------------------------------------------------
Generating 98 parsimony trees... 0.100 second
Computing log-likelihood of 97 initial trees ... 0.477 seconds
Current best score: -9481.656

Do NNI search on 20 best initial trees
Estimate model parameters (epsilon = 0.100)
BETTER TREE FOUND at iteration 1: -9480.701
Iteration 10 / LogL: -9480.707 / Time: 0h:0m:1s
Iteration 20 / LogL: -9480.719 / Time: 0h:0m:1s
Finish initializing candidate tree set (4)
Current best tree score: -9480.701 / CPU time: 1.392
Number of iterations: 20
--------------------------------------------------------------------
|               OPTIMIZING CANDIDATE TREE SET                      |
--------------------------------------------------------------------
Iteration 30 / LogL: -9480.705 / Time: 0h:0m:1s (0h:0m:4s left)
Iteration 40 / LogL: -9491.414 / Time: 0h:0m:2s (0h:0m:3s left)
Iteration 50 / LogL: -9480.727 / Time: 0h:0m:2s (0h:0m:2s left)
Iteration 60 / LogL: -9480.708 / Time: 0h:0m:3s (0h:0m:2s left)
Iteration 70 / LogL: -9480.704 / Time: 0h:0m:3s (0h:0m:1s left)
Iteration 80 / LogL: -9480.910 / Time: 0h:0m:4s (0h:0m:1s left)
Iteration 90 / LogL: -9482.393 / Time: 0h:0m:4s (0h:0m:0s left)
Iteration 100 / LogL: -9480.856 / Time: 0h:0m:5s (0h:0m:0s left)
TREE SEARCH COMPLETED AFTER 102 ITERATIONS / Time: 0h:0m:5s

--------------------------------------------------------------------
|                    FINALIZING TREE SEARCH                        |
--------------------------------------------------------------------
Performs final model parameters optimization
Estimate model parameters (epsilon = 0.010)
1. Initial log-likelihood: -9480.701
Optimal log-likelihood: -9480.700
Rate parameters:  A-C: 1.66352  A-G: 3.09800  A-T: 1.43586  C-G: 0.86827  C-T: 6.00835  G-T: 1.00000
Base frequencies:  A: 0.311  C: 0.193  G: 0.273  T: 0.224
Gamma shape alpha: 0.502
Parameters optimization took 1 rounds (0.005 sec)
BEST SCORE FOUND : -9480.700

Testing tree branches by SH-like aLRT with 1000 replicates...
0.097 sec.
Total tree length: 1.720

Total number of iterations: 102
CPU time used for tree search: 6.608 sec (0h:0m:6s)
Wall-clock time used for tree search: 5.282 sec (0h:0m:5s)
Total CPU time used: 7.057 sec (0h:0m:7s)
Total wall-clock time used: 5.446 sec (0h:0m:5s)

Analysis results written to: 
  IQ-TREE report:                cluster213rr.1to1ortho.fa.aln-cln_gene1165.fa.iqtree
  Maximum-likelihood tree:       cluster213rr.1to1ortho.fa.aln-cln_gene1165.fa.treefile
  Likelihood distances:          cluster213rr.1to1ortho.fa.aln-cln_gene1165.fa.mldist
  Screen log file:               cluster213rr.1to1ortho.fa.aln-cln_gene1165.fa.log

Date and Time: Mon Nov 25 09:57:53 2019
