IQ-TREE multicore version 1.6.11 for Mac OS X 64-bit built Jul 12 2019
Developed by Bui Quang Minh, Nguyen Lam Tung, Olga Chernomor,
Heiko Schmidt, Dominik Schrempf, Michael Woodhams.

Host:    slpc437 (AVX2, FMA3, 16 GB RAM)
Command: iqtree -s cluster1523rr.1to1ortho.fa.aln-cln_gene37.fa -nt 4 -m GTR+G -alrt 1000
Seed:    99071 (Using SPRNG - Scalable Parallel Random Number Generator)
Time:    Mon Nov 25 09:44:33 2019
Kernel:  AVX+FMA - 4 threads (6 CPU cores detected)

Reading alignment file cluster1523rr.1to1ortho.fa.aln-cln_gene37.fa ... Fasta format detected
Alignment most likely contains DNA/RNA sequences
Alignment has 13 sequences with 1440 columns, 551 distinct patterns
458 parsimony-informative, 140 singleton sites, 842 constant sites
           Gap/Ambiguity  Composition  p-value
   1  DrolusSFB    1.04%    passed      8.09%
   2  Dino         1.25%    passed      7.41%
   3  MJM3360      1.39%    passed      5.06%
   4  DrobinSFB    0.00%    passed     19.13%
   5  Neam         0.28%    passed     94.72%
   6  RuprSFB      1.32%    passed     14.90%
   7  Retr         1.67%    passed      6.31%
   8  Beta         1.67%    failed      0.00%
   9  Spol         1.53%    passed     17.99%
  10  MJM1652      0.28%    failed      0.99%
  11  NepSFB       0.28%    passed     99.02%
  12  WPYJ         3.19%    passed     15.84%
  13  MJM2940      0.28%    passed     96.91%
****  TOTAL        1.09%  2 sequences failed composition chi2 test (p-value<5%; df=3)

Create initial parsimony tree by phylogenetic likelihood library (PLL)... 0.001 seconds

NOTE: 0 MB RAM (0 GB) is required!
Estimate model parameters (epsilon = 0.100)
1. Initial log-likelihood: -9276.083
2. Current log-likelihood: -8761.246
3. Current log-likelihood: -8754.464
Optimal log-likelihood: -8754.366
Rate parameters:  A-C: 2.16971  A-G: 4.76643  A-T: 1.77519  C-G: 1.66742  C-T: 8.51896  G-T: 1.00000
Base frequencies:  A: 0.251  C: 0.239  G: 0.258  T: 0.252
Gamma shape alpha: 0.292
Parameters optimization took 3 rounds (0.038 sec)
Computing ML distances based on estimated model parameters... 0.001 sec
Computing BIONJ tree...
0.003 seconds
Log-likelihood of BIONJ tree: -8754.365
--------------------------------------------------------------------
|             INITIALIZING CANDIDATE TREE SET                      |
--------------------------------------------------------------------
Generating 99 parsimony trees... 0.079 second
Computing log-likelihood of 97 initial trees ... 0.408 seconds
Current best score: -8754.365

Do NNI search on 20 best initial trees
Estimate model parameters (epsilon = 0.100)
BETTER TREE FOUND at iteration 1: -8754.363
Iteration 10 / LogL: -8754.693 / Time: 0h:0m:0s
Iteration 20 / LogL: -8754.405 / Time: 0h:0m:1s
Finish initializing candidate tree set (1)
Current best tree score: -8754.363 / CPU time: 0.984
Number of iterations: 20
--------------------------------------------------------------------
|               OPTIMIZING CANDIDATE TREE SET                      |
--------------------------------------------------------------------
Iteration 30 / LogL: -8754.661 / Time: 0h:0m:1s (0h:0m:3s left)
Iteration 40 / LogL: -8754.415 / Time: 0h:0m:1s (0h:0m:2s left)
UPDATE BEST LOG-LIKELIHOOD: -8754.363
Iteration 50 / LogL: -8754.492 / Time: 0h:0m:2s (0h:0m:2s left)
UPDATE BEST LOG-LIKELIHOOD: -8754.363
Iteration 60 / LogL: -8754.395 / Time: 0h:0m:2s (0h:0m:1s left)
Iteration 70 / LogL: -8754.465 / Time: 0h:0m:2s (0h:0m:1s left)
UPDATE BEST LOG-LIKELIHOOD: -8754.363
Iteration 80 / LogL: -8754.409 / Time: 0h:0m:3s (0h:0m:0s left)
Iteration 90 / LogL: -8754.444 / Time: 0h:0m:3s (0h:0m:0s left)
Iteration 100 / LogL: -8754.488 / Time: 0h:0m:3s (0h:0m:0s left)
TREE SEARCH COMPLETED AFTER 102 ITERATIONS / Time: 0h:0m:3s

--------------------------------------------------------------------
|                    FINALIZING TREE SEARCH                        |
--------------------------------------------------------------------
Performs final model parameters optimization
Estimate model parameters (epsilon = 0.010)
1. Initial log-likelihood: -8754.363
Optimal log-likelihood: -8754.363
Rate parameters:  A-C: 2.17157  A-G: 4.76669  A-T: 1.76947  C-G: 1.66893  C-T: 8.52637  G-T: 1.00000
Base frequencies:  A: 0.251  C: 0.239  G: 0.258  T: 0.252
Gamma shape alpha: 0.293
Parameters optimization took 1 rounds (0.004 sec)
BEST SCORE FOUND : -8754.363

Testing tree branches by SH-like aLRT with 1000 replicates...
0.084 sec.
Total tree length: 1.496

Total number of iterations: 102
CPU time used for tree search: 4.321 sec (0h:0m:4s)
Wall-clock time used for tree search: 3.929 sec (0h:0m:3s)
Total CPU time used: 4.705 sec (0h:0m:4s)
Total wall-clock time used: 4.075 sec (0h:0m:4s)

Analysis results written to: 
  IQ-TREE report:                cluster1523rr.1to1ortho.fa.aln-cln_gene37.fa.iqtree
  Maximum-likelihood tree:       cluster1523rr.1to1ortho.fa.aln-cln_gene37.fa.treefile
  Likelihood distances:          cluster1523rr.1to1ortho.fa.aln-cln_gene37.fa.mldist
  Screen log file:               cluster1523rr.1to1ortho.fa.aln-cln_gene37.fa.log

Date and Time: Mon Nov 25 09:44:37 2019
