IQ-TREE multicore version 1.6.11 for Mac OS X 64-bit built Jul 12 2019
Developed by Bui Quang Minh, Nguyen Lam Tung, Olga Chernomor,
Heiko Schmidt, Dominik Schrempf, Michael Woodhams.

Host:    slpc437 (AVX2, FMA3, 16 GB RAM)
Command: iqtree -s cluster1413rr.1to1ortho.fa.aln-cln_gene931.fa -nt 4 -m GTR+G -alrt 1000
Seed:    956194 (Using SPRNG - Scalable Parallel Random Number Generator)
Time:    Mon Nov 25 09:42:03 2019
Kernel:  AVX+FMA - 4 threads (6 CPU cores detected)

Reading alignment file cluster1413rr.1to1ortho.fa.aln-cln_gene931.fa ... Fasta format detected
Alignment most likely contains DNA/RNA sequences
Alignment has 13 sequences with 1974 columns, 991 distinct patterns
642 parsimony-informative, 425 singleton sites, 907 constant sites
           Gap/Ambiguity  Composition  p-value
   1  DrolusSFB    1.87%    passed     45.10%
   2  Dino        43.16%    passed     98.26%
   3  MJM3360     19.66%    passed     96.59%
   4  DrobinSFB   28.77%    passed     57.61%
   5  Neam        43.16%    passed     79.05%
   6  RuprSFB     18.69%    passed     84.60%
   7  Retr        41.19%    passed     96.32%
   8  Beta        12.82%    passed     27.65%
   9  Spol        12.97%    passed     22.71%
  10  MJM1652      2.84%    passed     11.92%
  11  NepSFB       7.09%    passed     44.19%
  12  WPYJ         1.77%    passed     52.69%
  13  MJM2940      2.13%    passed     49.43%
****  TOTAL       18.16%  0 sequences failed composition chi2 test (p-value<5%; df=3)

Create initial parsimony tree by phylogenetic likelihood library (PLL)... 0.001 seconds

NOTE: 1 MB RAM (0 GB) is required!
Estimate model parameters (epsilon = 0.100)
1. Initial log-likelihood: -12656.203
2. Current log-likelihood: -12064.654
3. Current log-likelihood: -12062.032
Optimal log-likelihood: -12062.001
Rate parameters:  A-C: 1.76703  A-G: 4.58947  A-T: 1.27494  C-G: 1.56594  C-T: 5.99011  G-T: 1.00000
Base frequencies:  A: 0.291  C: 0.194  G: 0.242  T: 0.274
Gamma shape alpha: 0.623
Parameters optimization took 3 rounds (0.046 sec)
Computing ML distances based on estimated model parameters... 0.002 sec
Computing BIONJ tree...
0.002 seconds
Log-likelihood of BIONJ tree: -12062.747
--------------------------------------------------------------------
|             INITIALIZING CANDIDATE TREE SET                      |
--------------------------------------------------------------------
Generating 98 parsimony trees... 0.113 second
Computing log-likelihood of 98 initial trees ... 0.494 seconds
Current best score: -12062.001

Do NNI search on 20 best initial trees
Estimate model parameters (epsilon = 0.100)
BETTER TREE FOUND at iteration 1: -12061.417
Iteration 10 / LogL: -12061.434 / Time: 0h:0m:0s
Iteration 20 / LogL: -12061.421 / Time: 0h:0m:1s
Finish initializing candidate tree set (1)
Current best tree score: -12061.417 / CPU time: 1.280
Number of iterations: 20
--------------------------------------------------------------------
|               OPTIMIZING CANDIDATE TREE SET                      |
--------------------------------------------------------------------
Iteration 30 / LogL: -12061.567 / Time: 0h:0m:1s (0h:0m:4s left)
Iteration 40 / LogL: -12061.426 / Time: 0h:0m:2s (0h:0m:3s left)
Iteration 50 / LogL: -12062.734 / Time: 0h:0m:2s (0h:0m:2s left)
Iteration 60 / LogL: -12061.431 / Time: 0h:0m:3s (0h:0m:2s left)
Iteration 70 / LogL: -12061.695 / Time: 0h:0m:3s (0h:0m:1s left)
Iteration 80 / LogL: -12061.462 / Time: 0h:0m:3s (0h:0m:1s left)
Iteration 90 / LogL: -12061.867 / Time: 0h:0m:4s (0h:0m:0s left)
Iteration 100 / LogL: -12061.440 / Time: 0h:0m:4s (0h:0m:0s left)
TREE SEARCH COMPLETED AFTER 102 ITERATIONS / Time: 0h:0m:5s

--------------------------------------------------------------------
|                    FINALIZING TREE SEARCH                        |
--------------------------------------------------------------------
Performs final model parameters optimization
Estimate model parameters (epsilon = 0.010)
1. Initial log-likelihood: -12061.417
Optimal log-likelihood: -12061.417
Rate parameters:  A-C: 1.76759  A-G: 4.59009  A-T: 1.27550  C-G: 1.56888  C-T: 5.98645  G-T: 1.00000
Base frequencies:  A: 0.291  C: 0.194  G: 0.242  T: 0.274
Gamma shape alpha: 0.621
Parameters optimization took 1 rounds (0.013 sec)
BEST SCORE FOUND : -12061.417

Testing tree branches by SH-like aLRT with 1000 replicates...
0.111 sec.
Total tree length: 1.709

Total number of iterations: 102
CPU time used for tree search: 6.793 sec (0h:0m:6s)
Wall-clock time used for tree search: 5.278 sec (0h:0m:5s)
Total CPU time used: 7.333 sec (0h:0m:7s)
Total wall-clock time used: 5.469 sec (0h:0m:5s)

Analysis results written to: 
  IQ-TREE report:                cluster1413rr.1to1ortho.fa.aln-cln_gene931.fa.iqtree
  Maximum-likelihood tree:       cluster1413rr.1to1ortho.fa.aln-cln_gene931.fa.treefile
  Likelihood distances:          cluster1413rr.1to1ortho.fa.aln-cln_gene931.fa.mldist
  Screen log file:               cluster1413rr.1to1ortho.fa.aln-cln_gene931.fa.log

Date and Time: Mon Nov 25 09:42:09 2019
