IQ-TREE multicore version 1.6.11 for Mac OS X 64-bit built Jul 12 2019
Developed by Bui Quang Minh, Nguyen Lam Tung, Olga Chernomor,
Heiko Schmidt, Dominik Schrempf, Michael Woodhams.

Host:    slpc437 (AVX2, FMA3, 16 GB RAM)
Command: iqtree -s cluster1771rr.1to1ortho.fa.aln-cln_gene90.fa -nt 4 -m GTR+G -alrt 1000
Seed:    164770 (Using SPRNG - Scalable Parallel Random Number Generator)
Time:    Mon Nov 25 09:48:47 2019
Kernel:  AVX+FMA - 4 threads (6 CPU cores detected)

Reading alignment file cluster1771rr.1to1ortho.fa.aln-cln_gene90.fa ... Fasta format detected
Alignment most likely contains DNA/RNA sequences
Alignment has 13 sequences with 845 columns, 450 distinct patterns
355 parsimony-informative, 131 singleton sites, 359 constant sites
           Gap/Ambiguity  Composition  p-value
   1  DrolusSFB    8.64%    passed     80.88%
   2  Dino         0.36%    passed     73.60%
   3  MJM3360      6.98%    passed     59.29%
   4  DrobinSFB    5.68%    passed      8.99%
   5  Neam         0.36%    passed     63.40%
   6  RuprSFB      5.56%    passed     70.01%
   7  Retr         0.71%    passed     93.78%
   8  Beta         1.66%    passed     91.59%
   9  Spol         1.66%    passed     91.63%
  10  MJM1652      0.36%    passed     64.44%
  11  NepSFB       0.36%    passed     64.04%
  12  WPYJ         1.07%    passed     99.39%
  13  MJM2940      3.91%    passed     87.24%
****  TOTAL        2.87%  0 sequences failed composition chi2 test (p-value<5%; df=3)

Create initial parsimony tree by phylogenetic likelihood library (PLL)... 0.001 seconds

NOTE: 0 MB RAM (0 GB) is required!
Estimate model parameters (epsilon = 0.100)
1. Initial log-likelihood: -6221.029
2. Current log-likelihood: -5968.560
3. Current log-likelihood: -5965.651
Optimal log-likelihood: -5965.603
Rate parameters:  A-C: 1.87565  A-G: 6.08340  A-T: 1.88480  C-G: 1.67345  C-T: 6.92556  G-T: 1.00000
Base frequencies:  A: 0.297  C: 0.199  G: 0.230  T: 0.274
Gamma shape alpha: 0.594
Parameters optimization took 3 rounds (0.032 sec)
Computing ML distances based on estimated model parameters... 0.001 sec
Computing BIONJ tree...
0.002 seconds
Log-likelihood of BIONJ tree: -5960.512
--------------------------------------------------------------------
|             INITIALIZING CANDIDATE TREE SET                      |
--------------------------------------------------------------------
Generating 98 parsimony trees... 0.074 second
Computing log-likelihood of 98 initial trees ... 0.410 seconds
Current best score: -5960.512

Do NNI search on 20 best initial trees
Estimate model parameters (epsilon = 0.100)
BETTER TREE FOUND at iteration 1: -5958.193
Iteration 10 / LogL: -5958.198 / Time: 0h:0m:0s
Iteration 20 / LogL: -5958.589 / Time: 0h:0m:1s
Finish initializing candidate tree set (2)
Current best tree score: -5958.193 / CPU time: 1.214
Number of iterations: 20
--------------------------------------------------------------------
|               OPTIMIZING CANDIDATE TREE SET                      |
--------------------------------------------------------------------
Iteration 30 / LogL: -5958.255 / Time: 0h:0m:1s (0h:0m:4s left)
Iteration 40 / LogL: -5960.337 / Time: 0h:0m:2s (0h:0m:3s left)
Iteration 50 / LogL: -5964.709 / Time: 0h:0m:2s (0h:0m:2s left)
Iteration 60 / LogL: -5958.198 / Time: 0h:0m:2s (0h:0m:2s left)
Iteration 70 / LogL: -5958.235 / Time: 0h:0m:3s (0h:0m:1s left)
Iteration 80 / LogL: -5958.199 / Time: 0h:0m:3s (0h:0m:0s left)
Iteration 90 / LogL: -5958.201 / Time: 0h:0m:4s (0h:0m:0s left)
Iteration 100 / LogL: -5986.044 / Time: 0h:0m:4s (0h:0m:0s left)
TREE SEARCH COMPLETED AFTER 102 ITERATIONS / Time: 0h:0m:4s

--------------------------------------------------------------------
|                    FINALIZING TREE SEARCH                        |
--------------------------------------------------------------------
Performs final model parameters optimization
Estimate model parameters (epsilon = 0.010)
1. Initial log-likelihood: -5958.193
Optimal log-likelihood: -5958.193
Rate parameters:  A-C: 1.85853  A-G: 6.15608  A-T: 1.84013  C-G: 1.62894  C-T: 6.89704  G-T: 1.00000
Base frequencies:  A: 0.297  C: 0.199  G: 0.230  T: 0.274
Gamma shape alpha: 0.591
Parameters optimization took 1 rounds (0.004 sec)
BEST SCORE FOUND : -5958.193

Testing tree branches by SH-like aLRT with 1000 replicates...
0.058 sec.
Total tree length: 1.934

Total number of iterations: 102
CPU time used for tree search: 4.620 sec (0h:0m:4s)
Wall-clock time used for tree search: 4.589 sec (0h:0m:4s)
Total CPU time used: 4.877 sec (0h:0m:4s)
Total wall-clock time used: 4.701 sec (0h:0m:4s)

Analysis results written to: 
  IQ-TREE report:                cluster1771rr.1to1ortho.fa.aln-cln_gene90.fa.iqtree
  Maximum-likelihood tree:       cluster1771rr.1to1ortho.fa.aln-cln_gene90.fa.treefile
  Likelihood distances:          cluster1771rr.1to1ortho.fa.aln-cln_gene90.fa.mldist
  Screen log file:               cluster1771rr.1to1ortho.fa.aln-cln_gene90.fa.log

Date and Time: Mon Nov 25 09:48:51 2019
