IQ-TREE multicore version 1.6.11 for Mac OS X 64-bit built Jul 12 2019
Developed by Bui Quang Minh, Nguyen Lam Tung, Olga Chernomor,
Heiko Schmidt, Dominik Schrempf, Michael Woodhams.

Host:    slpc437 (AVX2, FMA3, 16 GB RAM)
Command: iqtree -s cluster2777rr.1to1ortho.fa.aln-cln_gene567.fa -nt 4 -m GTR+G -alrt 1000
Seed:    964803 (Using SPRNG - Scalable Parallel Random Number Generator)
Time:    Mon Nov 25 10:12:37 2019
Kernel:  AVX+FMA - 4 threads (6 CPU cores detected)

Reading alignment file cluster2777rr.1to1ortho.fa.aln-cln_gene567.fa ... Fasta format detected
Alignment most likely contains DNA/RNA sequences
Alignment has 13 sequences with 873 columns, 373 distinct patterns
283 parsimony-informative, 99 singleton sites, 491 constant sites
           Gap/Ambiguity  Composition  p-value
   1  DrolusSFB    2.06%    passed     96.45%
   2  Dino         8.93%    passed     96.97%
   3  MJM3360      1.95%    passed     99.52%
   4  DrobinSFB    2.06%    passed     74.63%
   5  Neam         0.00%    passed     68.12%
   6  RuprSFB      2.52%    passed     93.93%
   7  Retr         0.23%    passed     88.68%
   8  Beta         2.41%    passed     83.81%
   9  Spol         2.41%    passed     69.56%
  10  MJM1652      0.46%    passed     89.86%
  11  NepSFB       0.00%    passed     59.46%
  12  WPYJ         4.47%    passed     97.97%
  13  MJM2940      0.00%    passed     97.49%
****  TOTAL        2.11%  0 sequences failed composition chi2 test (p-value<5%; df=3)

Create initial parsimony tree by phylogenetic likelihood library (PLL)... 0.001 seconds

NOTE: 0 MB RAM (0 GB) is required!
WARNING: Number of threads seems too high for short alignments. Use -nt AUTO to determine best number of threads.
Estimate model parameters (epsilon = 0.100)
1. Initial log-likelihood: -5448.672
2. Current log-likelihood: -5211.781
3. Current log-likelihood: -5209.456
Optimal log-likelihood: -5209.412
Rate parameters:  A-C: 1.89830  A-G: 5.62776  A-T: 1.71242  C-G: 1.84759  C-T: 6.62486  G-T: 1.00000
Base frequencies:  A: 0.271  C: 0.186  G: 0.267  T: 0.276
Gamma shape alpha: 0.344
Parameters optimization took 3 rounds (0.030 sec)
Computing ML distances based on estimated model parameters... 0.001 sec
Computing BIONJ tree...
0.002 seconds
Log-likelihood of BIONJ tree: -5211.557
--------------------------------------------------------------------
|             INITIALIZING CANDIDATE TREE SET                      |
--------------------------------------------------------------------
Generating 98 parsimony trees... 0.060 second
Computing log-likelihood of 98 initial trees ... 0.388 seconds
Current best score: -5209.412

Do NNI search on 20 best initial trees
Estimate model parameters (epsilon = 0.100)
BETTER TREE FOUND at iteration 1: -5208.807
Iteration 10 / LogL: -5208.813 / Time: 0h:0m:0s
Iteration 20 / LogL: -5208.809 / Time: 0h:0m:1s
Finish initializing candidate tree set (1)
Current best tree score: -5208.807 / CPU time: 1.134
Number of iterations: 20
--------------------------------------------------------------------
|               OPTIMIZING CANDIDATE TREE SET                      |
--------------------------------------------------------------------
Iteration 30 / LogL: -5208.827 / Time: 0h:0m:1s (0h:0m:3s left)
Iteration 40 / LogL: -5209.978 / Time: 0h:0m:1s (0h:0m:3s left)
Iteration 50 / LogL: -5209.463 / Time: 0h:0m:2s (0h:0m:2s left)
Iteration 60 / LogL: -5208.819 / Time: 0h:0m:2s (0h:0m:1s left)
Iteration 70 / LogL: -5208.860 / Time: 0h:0m:3s (0h:0m:1s left)
Iteration 80 / LogL: -5208.829 / Time: 0h:0m:3s (0h:0m:0s left)
Iteration 90 / LogL: -5208.819 / Time: 0h:0m:3s (0h:0m:0s left)
Iteration 100 / LogL: -5209.900 / Time: 0h:0m:4s (0h:0m:0s left)
UPDATE BEST LOG-LIKELIHOOD: -5208.807
TREE SEARCH COMPLETED AFTER 102 ITERATIONS / Time: 0h:0m:4s

--------------------------------------------------------------------
|                    FINALIZING TREE SEARCH                        |
--------------------------------------------------------------------
Performs final model parameters optimization
Estimate model parameters (epsilon = 0.010)
1. Initial log-likelihood: -5208.807
Optimal log-likelihood: -5208.805
Rate parameters:  A-C: 1.91154  A-G: 5.67311  A-T: 1.72356  C-G: 1.84586  C-T: 6.60929  G-T: 1.00000
Base frequencies:  A: 0.271  C: 0.186  G: 0.267  T: 0.276
Gamma shape alpha: 0.344
Parameters optimization took 1 rounds (0.004 sec)
BEST SCORE FOUND : -5208.805

Testing tree branches by SH-like aLRT with 1000 replicates...
0.056 sec.
Total tree length: 1.332

Total number of iterations: 102
CPU time used for tree search: 4.020 sec (0h:0m:4s)
Wall-clock time used for tree search: 4.249 sec (0h:0m:4s)
Total CPU time used: 4.271 sec (0h:0m:4s)
Total wall-clock time used: 4.358 sec (0h:0m:4s)

Analysis results written to: 
  IQ-TREE report:                cluster2777rr.1to1ortho.fa.aln-cln_gene567.fa.iqtree
  Maximum-likelihood tree:       cluster2777rr.1to1ortho.fa.aln-cln_gene567.fa.treefile
  Likelihood distances:          cluster2777rr.1to1ortho.fa.aln-cln_gene567.fa.mldist
  Screen log file:               cluster2777rr.1to1ortho.fa.aln-cln_gene567.fa.log

Date and Time: Mon Nov 25 10:12:42 2019
