IQ-TREE multicore version 1.6.11 for Mac OS X 64-bit built Jul 12 2019
Developed by Bui Quang Minh, Nguyen Lam Tung, Olga Chernomor,
Heiko Schmidt, Dominik Schrempf, Michael Woodhams.

Host:    slpc437 (AVX2, FMA3, 16 GB RAM)
Command: iqtree -s cluster4330rr.1to1ortho.fa.aln-cln_gene957.fa -nt 4 -m GTR+G -alrt 1000
Seed:    112766 (Using SPRNG - Scalable Parallel Random Number Generator)
Time:    Mon Nov 25 10:49:38 2019
Kernel:  AVX+FMA - 4 threads (6 CPU cores detected)

Reading alignment file cluster4330rr.1to1ortho.fa.aln-cln_gene957.fa ... Fasta format detected
Alignment most likely contains DNA/RNA sequences
Alignment has 13 sequences with 842 columns, 390 distinct patterns
280 parsimony-informative, 140 singleton sites, 422 constant sites
           Gap/Ambiguity  Composition  p-value
   1  DrolusSFB    1.54%    passed     43.66%
   2  Dino         0.59%    passed     31.48%
   3  MJM3360     13.66%    passed     92.97%
   4  DrobinSFB    9.50%    passed     75.82%
   5  Neam         0.00%    passed     96.96%
   6  RuprSFB      3.80%    passed     92.84%
   7  Retr        10.21%    passed     97.02%
   8  Beta         2.73%    passed     54.41%
   9  Spol         2.73%    passed     32.90%
  10  MJM1652     10.10%    passed     94.81%
  11  NepSFB       0.00%    passed     97.69%
  12  WPYJ        14.13%    passed     82.73%
  13  MJM2940      0.83%    passed     91.31%
****  TOTAL        5.37%  0 sequences failed composition chi2 test (p-value<5%; df=3)

Create initial parsimony tree by phylogenetic likelihood library (PLL)... 0.001 seconds

NOTE: 0 MB RAM (0 GB) is required!
WARNING: Number of threads seems too high for short alignments. Use -nt AUTO to determine best number of threads.
Estimate model parameters (epsilon = 0.100)
1. Initial log-likelihood: -5290.507
2. Current log-likelihood: -5098.944
3. Current log-likelihood: -5097.038
Optimal log-likelihood: -5097.011
Rate parameters:  A-C: 1.23468  A-G: 3.15342  A-T: 1.30840  C-G: 1.40566  C-T: 5.99950  G-T: 1.00000
Base frequencies:  A: 0.289  C: 0.187  G: 0.248  T: 0.276
Gamma shape alpha: 0.532
Parameters optimization took 3 rounds (0.031 sec)
Computing ML distances based on estimated model parameters... 0.001 sec
Computing BIONJ tree...
0.002 seconds
Log-likelihood of BIONJ tree: -5100.881
--------------------------------------------------------------------
|             INITIALIZING CANDIDATE TREE SET                      |
--------------------------------------------------------------------
Generating 98 parsimony trees... 0.065 second
Computing log-likelihood of 98 initial trees ... 0.395 seconds
Current best score: -5097.011

Do NNI search on 20 best initial trees
Estimate model parameters (epsilon = 0.100)
BETTER TREE FOUND at iteration 1: -5097.010
Iteration 10 / LogL: -5097.233 / Time: 0h:0m:0s
Iteration 20 / LogL: -5097.029 / Time: 0h:0m:1s
Finish initializing candidate tree set (1)
Current best tree score: -5097.010 / CPU time: 0.997
Number of iterations: 20
--------------------------------------------------------------------
|               OPTIMIZING CANDIDATE TREE SET                      |
--------------------------------------------------------------------
Iteration 30 / LogL: -5097.118 / Time: 0h:0m:1s (0h:0m:3s left)
Iteration 40 / LogL: -5097.142 / Time: 0h:0m:1s (0h:0m:2s left)
Iteration 50 / LogL: -5097.016 / Time: 0h:0m:1s (0h:0m:2s left)
Iteration 60 / LogL: -5097.027 / Time: 0h:0m:2s (0h:0m:1s left)
Iteration 70 / LogL: -5097.044 / Time: 0h:0m:2s (0h:0m:1s left)
Iteration 80 / LogL: -5097.031 / Time: 0h:0m:3s (0h:0m:0s left)
Iteration 90 / LogL: -5097.514 / Time: 0h:0m:3s (0h:0m:0s left)
Iteration 100 / LogL: -5097.162 / Time: 0h:0m:3s (0h:0m:0s left)
TREE SEARCH COMPLETED AFTER 102 ITERATIONS / Time: 0h:0m:3s

--------------------------------------------------------------------
|                    FINALIZING TREE SEARCH                        |
--------------------------------------------------------------------
Performs final model parameters optimization
Estimate model parameters (epsilon = 0.010)
1. Initial log-likelihood: -5097.010
Optimal log-likelihood: -5097.010
Rate parameters:  A-C: 1.23215  A-G: 3.14410  A-T: 1.30687  C-G: 1.39987  C-T: 6.00668  G-T: 1.00000
Base frequencies:  A: 0.289  C: 0.187  G: 0.248  T: 0.276
Gamma shape alpha: 0.532
Parameters optimization took 1 rounds (0.004 sec)
BEST SCORE FOUND : -5097.010

Testing tree branches by SH-like aLRT with 1000 replicates...
0.058 sec.
Total tree length: 1.462

Total number of iterations: 102
CPU time used for tree search: 3.574 sec (0h:0m:3s)
Wall-clock time used for tree search: 3.685 sec (0h:0m:3s)
Total CPU time used: 3.826 sec (0h:0m:3s)
Total wall-clock time used: 3.796 sec (0h:0m:3s)

Analysis results written to: 
  IQ-TREE report:                cluster4330rr.1to1ortho.fa.aln-cln_gene957.fa.iqtree
  Maximum-likelihood tree:       cluster4330rr.1to1ortho.fa.aln-cln_gene957.fa.treefile
  Likelihood distances:          cluster4330rr.1to1ortho.fa.aln-cln_gene957.fa.mldist
  Screen log file:               cluster4330rr.1to1ortho.fa.aln-cln_gene957.fa.log

Date and Time: Mon Nov 25 10:49:41 2019
