IQ-TREE multicore version 1.6.11 for Mac OS X 64-bit built Jul 12 2019
Developed by Bui Quang Minh, Nguyen Lam Tung, Olga Chernomor,
Heiko Schmidt, Dominik Schrempf, Michael Woodhams.

Host:    slpc437 (AVX2, FMA3, 16 GB RAM)
Command: iqtree -s cluster3980rr.1to1ortho.fa.aln-cln_gene946.fa -nt 4 -m GTR+G -alrt 1000
Seed:    111082 (Using SPRNG - Scalable Parallel Random Number Generator)
Time:    Mon Nov 25 10:42:19 2019
Kernel:  AVX+FMA - 4 threads (6 CPU cores detected)

Reading alignment file cluster3980rr.1to1ortho.fa.aln-cln_gene946.fa ... Fasta format detected
Alignment most likely contains DNA/RNA sequences
Alignment has 13 sequences with 1567 columns, 917 distinct patterns
660 parsimony-informative, 274 singleton sites, 633 constant sites
           Gap/Ambiguity  Composition  p-value
   1  DrolusSFB   18.83%    passed     89.28%
   2  Dino         2.74%    passed     76.69%
   3  MJM3360      5.93%    passed     36.55%
   4  DrobinSFB    3.13%    passed     49.27%
   5  Neam        11.93%    failed      1.39%
   6  RuprSFB      3.06%    passed     53.11%
   7  Retr        57.31%    failed      4.40%
   8  Beta         1.98%    failed      4.91%
   9  Spol        13.91%    passed      7.00%
  10  MJM1652      3.96%    passed     34.92%
  11  NepSFB       2.49%    failed      0.21%
  12  WPYJ        22.53%    passed     19.61%
  13  MJM2940      2.11%    passed     56.67%
WARNING: 1 sequences contain more than 50% gaps/ambiguity
****  TOTAL       11.53%  4 sequences failed composition chi2 test (p-value<5%; df=3)

Create initial parsimony tree by phylogenetic likelihood library (PLL)... 0.001 seconds

NOTE: 1 MB RAM (0 GB) is required!
Estimate model parameters (epsilon = 0.100)
1. Initial log-likelihood: -11789.908
2. Current log-likelihood: -11362.670
3. Current log-likelihood: -11359.070
Optimal log-likelihood: -11358.983
Rate parameters:  A-C: 1.63362  A-G: 4.71631  A-T: 1.49707  C-G: 1.85737  C-T: 5.77808  G-T: 1.00000
Base frequencies:  A: 0.286  C: 0.205  G: 0.240  T: 0.269
Gamma shape alpha: 0.632
Parameters optimization took 3 rounds (0.043 sec)
Computing ML distances based on estimated model parameters... 0.002 sec
Computing BIONJ tree...
0.002 seconds
Log-likelihood of BIONJ tree: -11358.982
--------------------------------------------------------------------
|             INITIALIZING CANDIDATE TREE SET                      |
--------------------------------------------------------------------
Generating 99 parsimony trees... 0.104 second
Computing log-likelihood of 99 initial trees ... 0.483 seconds
Current best score: -11358.982

Do NNI search on 20 best initial trees
Estimate model parameters (epsilon = 0.100)
BETTER TREE FOUND at iteration 1: -11358.981
Iteration 10 / LogL: -11359.066 / Time: 0h:0m:0s
Iteration 20 / LogL: -11359.037 / Time: 0h:0m:1s
Finish initializing candidate tree set (1)
Current best tree score: -11358.981 / CPU time: 1.191
Number of iterations: 20
--------------------------------------------------------------------
|               OPTIMIZING CANDIDATE TREE SET                      |
--------------------------------------------------------------------
Iteration 30 / LogL: -11358.999 / Time: 0h:0m:1s (0h:0m:3s left)
Iteration 40 / LogL: -11359.047 / Time: 0h:0m:2s (0h:0m:3s left)
Iteration 50 / LogL: -11358.985 / Time: 0h:0m:2s (0h:0m:2s left)
Iteration 60 / LogL: -11359.018 / Time: 0h:0m:3s (0h:0m:2s left)
Iteration 70 / LogL: -11359.020 / Time: 0h:0m:3s (0h:0m:1s left)
Iteration 80 / LogL: -11359.033 / Time: 0h:0m:3s (0h:0m:1s left)
Iteration 90 / LogL: -11359.225 / Time: 0h:0m:4s (0h:0m:0s left)
Iteration 100 / LogL: -11359.014 / Time: 0h:0m:4s (0h:0m:0s left)
TREE SEARCH COMPLETED AFTER 102 ITERATIONS / Time: 0h:0m:4s

--------------------------------------------------------------------
|                    FINALIZING TREE SEARCH                        |
--------------------------------------------------------------------
Performs final model parameters optimization
Estimate model parameters (epsilon = 0.010)
1. Initial log-likelihood: -11358.981
Optimal log-likelihood: -11358.981
Rate parameters:  A-C: 1.63049  A-G: 4.71406  A-T: 1.49686  C-G: 1.85248  C-T: 5.78319  G-T: 1.00000
Base frequencies:  A: 0.286  C: 0.205  G: 0.240  T: 0.269
Gamma shape alpha: 0.632
Parameters optimization took 1 rounds (0.006 sec)
BEST SCORE FOUND : -11358.981

Testing tree branches by SH-like aLRT with 1000 replicates...
0.096 sec.
Total tree length: 2.248

Total number of iterations: 102
CPU time used for tree search: 6.438 sec (0h:0m:6s)
Wall-clock time used for tree search: 4.858 sec (0h:0m:4s)
Total CPU time used: 6.894 sec (0h:0m:6s)
Total wall-clock time used: 5.024 sec (0h:0m:5s)

Analysis results written to: 
  IQ-TREE report:                cluster3980rr.1to1ortho.fa.aln-cln_gene946.fa.iqtree
  Maximum-likelihood tree:       cluster3980rr.1to1ortho.fa.aln-cln_gene946.fa.treefile
  Likelihood distances:          cluster3980rr.1to1ortho.fa.aln-cln_gene946.fa.mldist
  Screen log file:               cluster3980rr.1to1ortho.fa.aln-cln_gene946.fa.log

Date and Time: Mon Nov 25 10:42:24 2019
