IQ-TREE multicore version 1.6.11 for Mac OS X 64-bit built Jul 12 2019
Developed by Bui Quang Minh, Nguyen Lam Tung, Olga Chernomor,
Heiko Schmidt, Dominik Schrempf, Michael Woodhams.

Host:    slpc437 (AVX2, FMA3, 16 GB RAM)
Command: iqtree -s cluster2099rr.1to1ortho.fa.aln-cln_gene188.fa -nt 4 -m GTR+G -alrt 1000
Seed:    101755 (Using SPRNG - Scalable Parallel Random Number Generator)
Time:    Mon Nov 25 09:56:57 2019
Kernel:  AVX+FMA - 4 threads (6 CPU cores detected)

Reading alignment file cluster2099rr.1to1ortho.fa.aln-cln_gene188.fa ... Fasta format detected
Alignment most likely contains DNA/RNA sequences
Alignment has 13 sequences with 2241 columns, 1198 distinct patterns
875 parsimony-informative, 420 singleton sites, 946 constant sites
           Gap/Ambiguity  Composition  p-value
   1  DrolusSFB    9.77%    passed     64.59%
   2  Dino         1.38%    passed     96.85%
   3  MJM3360     16.82%    passed     47.94%
   4  DrobinSFB    1.92%    passed     62.68%
   5  Neam         0.54%    passed     88.83%
   6  RuprSFB     16.42%    passed     47.21%
   7  Retr        29.81%    passed      9.37%
   8  Beta         3.21%    passed     98.26%
   9  Spol         4.15%    passed     69.67%
  10  MJM1652      3.12%    passed     82.40%
  11  NepSFB       0.54%    passed     88.55%
  12  WPYJ        63.45%    passed     57.45%
  13  MJM2940      2.68%    passed     50.73%
WARNING: 1 sequences contain more than 50% gaps/ambiguity
****  TOTAL       11.83%  0 sequences failed composition chi2 test (p-value<5%; df=3)

Create initial parsimony tree by phylogenetic likelihood library (PLL)... 0.001 seconds

NOTE: 2 MB RAM (0 GB) is required!
Estimate model parameters (epsilon = 0.100)
1. Initial log-likelihood: -15451.466
2. Current log-likelihood: -14988.939
3. Current log-likelihood: -14986.337
Optimal log-likelihood: -14986.316
Rate parameters:  A-C: 1.53918  A-G: 3.76849  A-T: 1.33768  C-G: 1.14374  C-T: 4.18589  G-T: 1.00000
Base frequencies:  A: 0.309  C: 0.185  G: 0.250  T: 0.257
Gamma shape alpha: 0.685
Parameters optimization took 3 rounds (0.049 sec)
Computing ML distances based on estimated model parameters... 0.002 sec
Computing BIONJ tree...
0.002 seconds
Log-likelihood of BIONJ tree: -14986.316
--------------------------------------------------------------------
|             INITIALIZING CANDIDATE TREE SET                      |
--------------------------------------------------------------------
Generating 99 parsimony trees... 0.119 second
Computing log-likelihood of 99 initial trees ... 0.518 seconds
Current best score: -14986.316

Do NNI search on 20 best initial trees
Estimate model parameters (epsilon = 0.100)
BETTER TREE FOUND at iteration 1: -14986.315
Iteration 10 / LogL: -14989.494 / Time: 0h:0m:1s
Iteration 20 / LogL: -14986.324 / Time: 0h:0m:1s
Finish initializing candidate tree set (1)
Current best tree score: -14986.315 / CPU time: 1.352
Number of iterations: 20
--------------------------------------------------------------------
|               OPTIMIZING CANDIDATE TREE SET                      |
--------------------------------------------------------------------
Iteration 30 / LogL: -14986.347 / Time: 0h:0m:1s (0h:0m:4s left)
UPDATE BEST LOG-LIKELIHOOD: -14986.315
Iteration 40 / LogL: -14986.403 / Time: 0h:0m:2s (0h:0m:3s left)
Iteration 50 / LogL: -14986.987 / Time: 0h:0m:2s (0h:0m:2s left)
Iteration 60 / LogL: -14986.523 / Time: 0h:0m:3s (0h:0m:2s left)
Iteration 70 / LogL: -14986.582 / Time: 0h:0m:3s (0h:0m:1s left)
Iteration 80 / LogL: -14986.320 / Time: 0h:0m:4s (0h:0m:1s left)
Iteration 90 / LogL: -14987.124 / Time: 0h:0m:4s (0h:0m:0s left)
UPDATE BEST LOG-LIKELIHOOD: -14986.315
Iteration 100 / LogL: -14986.353 / Time: 0h:0m:5s (0h:0m:0s left)
TREE SEARCH COMPLETED AFTER 102 ITERATIONS / Time: 0h:0m:5s

--------------------------------------------------------------------
|                    FINALIZING TREE SEARCH                        |
--------------------------------------------------------------------
Performs final model parameters optimization
Estimate model parameters (epsilon = 0.010)
1. Initial log-likelihood: -14986.315
Optimal log-likelihood: -14986.315
Rate parameters:  A-C: 1.53819  A-G: 3.76964  A-T: 1.33676  C-G: 1.14329  C-T: 4.18182  G-T: 1.00000
Base frequencies:  A: 0.309  C: 0.185  G: 0.250  T: 0.257
Gamma shape alpha: 0.685
Parameters optimization took 1 rounds (0.006 sec)
BEST SCORE FOUND : -14986.315

Testing tree branches by SH-like aLRT with 1000 replicates...
0.127 sec.
Total tree length: 1.888

Total number of iterations: 102
CPU time used for tree search: 7.643 sec (0h:0m:7s)
Wall-clock time used for tree search: 5.171 sec (0h:0m:5s)
Total CPU time used: 8.256 sec (0h:0m:8s)
Total wall-clock time used: 5.377 sec (0h:0m:5s)

Analysis results written to: 
  IQ-TREE report:                cluster2099rr.1to1ortho.fa.aln-cln_gene188.fa.iqtree
  Maximum-likelihood tree:       cluster2099rr.1to1ortho.fa.aln-cln_gene188.fa.treefile
  Likelihood distances:          cluster2099rr.1to1ortho.fa.aln-cln_gene188.fa.mldist
  Screen log file:               cluster2099rr.1to1ortho.fa.aln-cln_gene188.fa.log

Date and Time: Mon Nov 25 09:57:02 2019
