IQ-TREE multicore version 1.6.11 for Mac OS X 64-bit built Jul 12 2019
Developed by Bui Quang Minh, Nguyen Lam Tung, Olga Chernomor,
Heiko Schmidt, Dominik Schrempf, Michael Woodhams.

Host:    slpc437 (AVX2, FMA3, 16 GB RAM)
Command: iqtree -s cluster2045rr.1to1ortho.fa.aln-cln_gene438.fa -nt 4 -m GTR+G -alrt 1000
Seed:    192802 (Using SPRNG - Scalable Parallel Random Number Generator)
Time:    Mon Nov 25 09:54:55 2019
Kernel:  AVX+FMA - 4 threads (6 CPU cores detected)

Reading alignment file cluster2045rr.1to1ortho.fa.aln-cln_gene438.fa ... Fasta format detected
Alignment most likely contains DNA/RNA sequences
Alignment has 13 sequences with 1289 columns, 603 distinct patterns
420 parsimony-informative, 217 singleton sites, 652 constant sites
           Gap/Ambiguity  Composition  p-value
   1  DrolusSFB   27.70%    passed     79.80%
   2  Dino        22.11%    passed     14.72%
   3  MJM3360     17.84%    passed     64.29%
   4  DrobinSFB   22.03%    passed     37.86%
   5  Neam         0.16%    passed     37.16%
   6  RuprSFB     23.58%    passed     99.54%
   7  Retr         7.60%    passed     89.57%
   8  Beta         4.11%    passed     30.41%
   9  Spol         5.12%    passed     40.41%
  10  MJM1652     24.98%    passed     39.75%
  11  NepSFB       0.62%    passed     36.82%
  12  WPYJ        48.72%    passed     22.54%
  13  MJM2940     23.20%    passed     73.47%
****  TOTAL       17.52%  0 sequences failed composition chi2 test (p-value<5%; df=3)

Create initial parsimony tree by phylogenetic likelihood library (PLL)... 0.001 seconds

NOTE: 1 MB RAM (0 GB) is required!
Estimate model parameters (epsilon = 0.100)
1. Initial log-likelihood: -7570.266
2. Current log-likelihood: -7287.614
3. Current log-likelihood: -7283.655
Optimal log-likelihood: -7283.575
Rate parameters:  A-C: 2.06284  A-G: 4.16334  A-T: 1.50915  C-G: 2.04446  C-T: 6.95277  G-T: 1.00000
Base frequencies:  A: 0.321  C: 0.157  G: 0.263  T: 0.259
Gamma shape alpha: 0.508
Parameters optimization took 3 rounds (0.037 sec)
Computing ML distances based on estimated model parameters... 0.001 sec
Computing BIONJ tree...
0.002 seconds
Log-likelihood of BIONJ tree: -7288.649
--------------------------------------------------------------------
|             INITIALIZING CANDIDATE TREE SET                      |
--------------------------------------------------------------------
Generating 98 parsimony trees... 0.083 second
Computing log-likelihood of 98 initial trees ... 0.447 seconds
Current best score: -7283.258

Do NNI search on 20 best initial trees
Estimate model parameters (epsilon = 0.100)
BETTER TREE FOUND at iteration 1: -7283.116
Iteration 10 / LogL: -7283.118 / Time: 0h:0m:0s
Iteration 20 / LogL: -7291.750 / Time: 0h:0m:1s
Finish initializing candidate tree set (4)
Current best tree score: -7283.116 / CPU time: 1.120
Number of iterations: 20
--------------------------------------------------------------------
|               OPTIMIZING CANDIDATE TREE SET                      |
--------------------------------------------------------------------
Iteration 30 / LogL: -7283.126 / Time: 0h:0m:1s (0h:0m:3s left)
Iteration 40 / LogL: -7283.125 / Time: 0h:0m:2s (0h:0m:3s left)
Iteration 50 / LogL: -7292.240 / Time: 0h:0m:2s (0h:0m:2s left)
Iteration 60 / LogL: -7293.020 / Time: 0h:0m:2s (0h:0m:2s left)
Iteration 70 / LogL: -7292.180 / Time: 0h:0m:3s (0h:0m:1s left)
Iteration 80 / LogL: -7291.865 / Time: 0h:0m:3s (0h:0m:1s left)
Iteration 90 / LogL: -7283.118 / Time: 0h:0m:4s (0h:0m:0s left)
Iteration 100 / LogL: -7283.117 / Time: 0h:0m:4s (0h:0m:0s left)
TREE SEARCH COMPLETED AFTER 102 ITERATIONS / Time: 0h:0m:4s

--------------------------------------------------------------------
|                    FINALIZING TREE SEARCH                        |
--------------------------------------------------------------------
Performs final model parameters optimization
Estimate model parameters (epsilon = 0.010)
1. Initial log-likelihood: -7283.116
Optimal log-likelihood: -7283.116
Rate parameters:  A-C: 2.08368  A-G: 4.17106  A-T: 1.49081  C-G: 2.02762  C-T: 6.96037  G-T: 1.00000
Base frequencies:  A: 0.321  C: 0.157  G: 0.263  T: 0.259
Gamma shape alpha: 0.506
Parameters optimization took 1 rounds (0.005 sec)
BEST SCORE FOUND : -7283.116

Testing tree branches by SH-like aLRT with 1000 replicates...
0.080 sec.
Total tree length: 1.726

Total number of iterations: 102
CPU time used for tree search: 5.418 sec (0h:0m:5s)
Wall-clock time used for tree search: 4.732 sec (0h:0m:4s)
Total CPU time used: 5.782 sec (0h:0m:5s)
Total wall-clock time used: 4.875 sec (0h:0m:4s)

Analysis results written to: 
  IQ-TREE report:                cluster2045rr.1to1ortho.fa.aln-cln_gene438.fa.iqtree
  Maximum-likelihood tree:       cluster2045rr.1to1ortho.fa.aln-cln_gene438.fa.treefile
  Likelihood distances:          cluster2045rr.1to1ortho.fa.aln-cln_gene438.fa.mldist
  Screen log file:               cluster2045rr.1to1ortho.fa.aln-cln_gene438.fa.log

Date and Time: Mon Nov 25 09:55:00 2019
