IQ-TREE multicore version 1.6.11 for Mac OS X 64-bit built Jul 12 2019
Developed by Bui Quang Minh, Nguyen Lam Tung, Olga Chernomor,
Heiko Schmidt, Dominik Schrempf, Michael Woodhams.

Host:    slpc437 (AVX2, FMA3, 16 GB RAM)
Command: iqtree -s cluster2836rr.1to1ortho.fa.aln-cln_gene989.fa -nt 4 -m GTR+G -alrt 1000
Seed:    717293 (Using SPRNG - Scalable Parallel Random Number Generator)
Time:    Mon Nov 25 10:15:12 2019
Kernel:  AVX+FMA - 4 threads (6 CPU cores detected)

Reading alignment file cluster2836rr.1to1ortho.fa.aln-cln_gene989.fa ... Fasta format detected
Alignment most likely contains DNA/RNA sequences
Alignment has 13 sequences with 981 columns, 539 distinct patterns
346 parsimony-informative, 181 singleton sites, 454 constant sites
           Gap/Ambiguity  Composition  p-value
   1  DrolusSFB   44.65%    passed     41.88%
   2  Dino         3.77%    passed     93.16%
   3  MJM3360      8.36%    passed     95.24%
   4  DrobinSFB    3.77%    passed     87.87%
   5  Neam         0.00%    passed     99.19%
   6  RuprSFB      1.02%    passed     93.82%
   7  Retr         0.20%    passed     99.28%
   8  Beta         4.69%    passed     96.49%
   9  Spol         4.79%    passed     95.47%
  10  MJM1652      5.20%    passed     99.13%
  11  NepSFB      32.82%    passed     43.49%
  12  WPYJ        26.40%    passed     82.16%
  13  MJM2940      5.10%    passed     97.72%
****  TOTAL       10.83%  0 sequences failed composition chi2 test (p-value<5%; df=3)

Create initial parsimony tree by phylogenetic likelihood library (PLL)... 0.001 seconds

NOTE: 0 MB RAM (0 GB) is required!
Estimate model parameters (epsilon = 0.100)
1. Initial log-likelihood: -6613.129
2. Current log-likelihood: -6358.592
3. Current log-likelihood: -6357.801
Optimal log-likelihood: -6357.784
Rate parameters:  A-C: 1.26711  A-G: 3.97781  A-T: 1.22051  C-G: 1.17054  C-T: 4.58747  G-T: 1.00000
Base frequencies:  A: 0.311  C: 0.194  G: 0.226  T: 0.269
Gamma shape alpha: 0.619
Parameters optimization took 3 rounds (0.030 sec)
Computing ML distances based on estimated model parameters... 0.001 sec
Computing BIONJ tree...
0.002 seconds
Log-likelihood of BIONJ tree: -6360.025
--------------------------------------------------------------------
|             INITIALIZING CANDIDATE TREE SET                      |
--------------------------------------------------------------------
Generating 98 parsimony trees... 0.080 second
Computing log-likelihood of 97 initial trees ... 0.417 seconds
Current best score: -6357.784

Do NNI search on 20 best initial trees
Estimate model parameters (epsilon = 0.100)
BETTER TREE FOUND at iteration 1: -6357.783
Iteration 10 / LogL: -6357.822 / Time: 0h:0m:0s
Iteration 20 / LogL: -6357.826 / Time: 0h:0m:1s
Finish initializing candidate tree set (1)
Current best tree score: -6357.783 / CPU time: 1.004
Number of iterations: 20
--------------------------------------------------------------------
|               OPTIMIZING CANDIDATE TREE SET                      |
--------------------------------------------------------------------
Iteration 30 / LogL: -6357.786 / Time: 0h:0m:1s (0h:0m:3s left)
Iteration 40 / LogL: -6357.794 / Time: 0h:0m:1s (0h:0m:2s left)
Iteration 50 / LogL: -6357.790 / Time: 0h:0m:2s (0h:0m:2s left)
Iteration 60 / LogL: -6358.564 / Time: 0h:0m:2s (0h:0m:1s left)
Iteration 70 / LogL: -6357.785 / Time: 0h:0m:2s (0h:0m:1s left)
Iteration 80 / LogL: -6358.040 / Time: 0h:0m:3s (0h:0m:0s left)
Iteration 90 / LogL: -6357.788 / Time: 0h:0m:3s (0h:0m:0s left)
Iteration 100 / LogL: -6357.794 / Time: 0h:0m:4s (0h:0m:0s left)
TREE SEARCH COMPLETED AFTER 102 ITERATIONS / Time: 0h:0m:4s

--------------------------------------------------------------------
|                    FINALIZING TREE SEARCH                        |
--------------------------------------------------------------------
Performs final model parameters optimization
Estimate model parameters (epsilon = 0.010)
1. Initial log-likelihood: -6357.783
Optimal log-likelihood: -6357.783
Rate parameters:  A-C: 1.26668  A-G: 3.97682  A-T: 1.21983  C-G: 1.16731  C-T: 4.58447  G-T: 1.00000
Base frequencies:  A: 0.311  C: 0.194  G: 0.226  T: 0.269
Gamma shape alpha: 0.619
Parameters optimization took 1 rounds (0.004 sec)
BEST SCORE FOUND : -6357.783

Testing tree branches by SH-like aLRT with 1000 replicates...
0.066 sec.
Total tree length: 1.643

Total number of iterations: 102
CPU time used for tree search: 4.525 sec (0h:0m:4s)
Wall-clock time used for tree search: 4.164 sec (0h:0m:4s)
Total CPU time used: 4.814 sec (0h:0m:4s)
Total wall-clock time used: 4.283 sec (0h:0m:4s)

Analysis results written to: 
  IQ-TREE report:                cluster2836rr.1to1ortho.fa.aln-cln_gene989.fa.iqtree
  Maximum-likelihood tree:       cluster2836rr.1to1ortho.fa.aln-cln_gene989.fa.treefile
  Likelihood distances:          cluster2836rr.1to1ortho.fa.aln-cln_gene989.fa.mldist
  Screen log file:               cluster2836rr.1to1ortho.fa.aln-cln_gene989.fa.log

Date and Time: Mon Nov 25 10:15:17 2019
