IQ-TREE multicore version 1.6.11 for Mac OS X 64-bit built Jul 12 2019
Developed by Bui Quang Minh, Nguyen Lam Tung, Olga Chernomor,
Heiko Schmidt, Dominik Schrempf, Michael Woodhams.

Host:    slpc437 (AVX2, FMA3, 16 GB RAM)
Command: iqtree -s cluster2130rr.1to1ortho.fa.aln-cln_gene623.fa -nt 4 -m GTR+G -alrt 1000
Seed:    477087 (Using SPRNG - Scalable Parallel Random Number Generator)
Time:    Mon Nov 25 09:57:34 2019
Kernel:  AVX+FMA - 4 threads (6 CPU cores detected)

Reading alignment file cluster2130rr.1to1ortho.fa.aln-cln_gene623.fa ... Fasta format detected
Alignment most likely contains DNA/RNA sequences
Alignment has 13 sequences with 1458 columns, 731 distinct patterns
520 parsimony-informative, 245 singleton sites, 693 constant sites
           Gap/Ambiguity  Composition  p-value
   1  DrolusSFB    1.30%    passed     88.79%
   2  Dino         0.21%    passed     89.38%
   3  MJM3360      1.23%    passed     81.38%
   4  DrobinSFB    0.21%    passed     70.49%
   5  Neam         0.82%    passed     51.32%
   6  RuprSFB      1.51%    passed     76.65%
   7  Retr        34.77%    passed     87.36%
   8  Beta         0.62%    passed     77.62%
   9  Spol         0.62%    passed     58.98%
  10  MJM1652      0.21%    passed     90.88%
  11  NepSFB      15.64%    passed     70.81%
  12  WPYJ        33.74%    passed     30.48%
  13  MJM2940      0.34%    passed     78.12%
****  TOTAL        7.02%  0 sequences failed composition chi2 test (p-value<5%; df=3)

Create initial parsimony tree by phylogenetic likelihood library (PLL)... 0.001 seconds

NOTE: 1 MB RAM (0 GB) is required!
Estimate model parameters (epsilon = 0.100)
1. Initial log-likelihood: -9756.409
2. Current log-likelihood: -9369.093
3. Current log-likelihood: -9365.496
Optimal log-likelihood: -9365.428
Rate parameters:  A-C: 1.72515  A-G: 4.58341  A-T: 1.48666  C-G: 1.50688  C-T: 6.36101  G-T: 1.00000
Base frequencies:  A: 0.292  C: 0.185  G: 0.235  T: 0.288
Gamma shape alpha: 0.512
Parameters optimization took 3 rounds (0.038 sec)
Computing ML distances based on estimated model parameters... 0.001 sec
Computing BIONJ tree...
0.002 seconds
Log-likelihood of BIONJ tree: -9370.518
--------------------------------------------------------------------
|             INITIALIZING CANDIDATE TREE SET                      |
--------------------------------------------------------------------
Generating 98 parsimony trees... 0.089 second
Computing log-likelihood of 98 initial trees ... 0.439 seconds
Current best score: -9365.428

Do NNI search on 20 best initial trees
Estimate model parameters (epsilon = 0.100)
BETTER TREE FOUND at iteration 1: -9365.427
Iteration 10 / LogL: -9365.588 / Time: 0h:0m:0s
Iteration 20 / LogL: -9365.559 / Time: 0h:0m:1s
Finish initializing candidate tree set (2)
Current best tree score: -9365.427 / CPU time: 1.063
Number of iterations: 20
--------------------------------------------------------------------
|               OPTIMIZING CANDIDATE TREE SET                      |
--------------------------------------------------------------------
Iteration 30 / LogL: -9365.572 / Time: 0h:0m:1s (0h:0m:3s left)
Iteration 40 / LogL: -9397.949 / Time: 0h:0m:1s (0h:0m:2s left)
Iteration 50 / LogL: -9365.721 / Time: 0h:0m:2s (0h:0m:2s left)
Iteration 60 / LogL: -9365.434 / Time: 0h:0m:2s (0h:0m:1s left)
Iteration 70 / LogL: -9365.519 / Time: 0h:0m:3s (0h:0m:1s left)
Iteration 80 / LogL: -9365.565 / Time: 0h:0m:3s (0h:0m:0s left)
Iteration 90 / LogL: -9365.709 / Time: 0h:0m:4s (0h:0m:0s left)
Iteration 100 / LogL: -9365.435 / Time: 0h:0m:4s (0h:0m:0s left)
TREE SEARCH COMPLETED AFTER 102 ITERATIONS / Time: 0h:0m:4s

--------------------------------------------------------------------
|                    FINALIZING TREE SEARCH                        |
--------------------------------------------------------------------
Performs final model parameters optimization
Estimate model parameters (epsilon = 0.010)
1. Initial log-likelihood: -9365.427
Optimal log-likelihood: -9365.427
Rate parameters:  A-C: 1.72467  A-G: 4.58085  A-T: 1.48609  C-G: 1.50315  C-T: 6.36679  G-T: 1.00000
Base frequencies:  A: 0.292  C: 0.185  G: 0.235  T: 0.288
Gamma shape alpha: 0.512
Parameters optimization took 1 rounds (0.005 sec)
BEST SCORE FOUND : -9365.427

Testing tree branches by SH-like aLRT with 1000 replicates...
0.088 sec.
Total tree length: 1.686

Total number of iterations: 102
CPU time used for tree search: 5.433 sec (0h:0m:5s)
Wall-clock time used for tree search: 4.455 sec (0h:0m:4s)
Total CPU time used: 5.838 sec (0h:0m:5s)
Total wall-clock time used: 4.605 sec (0h:0m:4s)

Analysis results written to: 
  IQ-TREE report:                cluster2130rr.1to1ortho.fa.aln-cln_gene623.fa.iqtree
  Maximum-likelihood tree:       cluster2130rr.1to1ortho.fa.aln-cln_gene623.fa.treefile
  Likelihood distances:          cluster2130rr.1to1ortho.fa.aln-cln_gene623.fa.mldist
  Screen log file:               cluster2130rr.1to1ortho.fa.aln-cln_gene623.fa.log

Date and Time: Mon Nov 25 09:57:39 2019
