IQ-TREE multicore version 1.6.11 for Mac OS X 64-bit built Jul 12 2019
Developed by Bui Quang Minh, Nguyen Lam Tung, Olga Chernomor,
Heiko Schmidt, Dominik Schrempf, Michael Woodhams.

Host:    slpc437 (AVX2, FMA3, 16 GB RAM)
Command: iqtree -s cluster984rr.1to1ortho.fa.aln-cln_gene624.fa -nt 4 -m GTR+G -alrt 1000
Seed:    215684 (Using SPRNG - Scalable Parallel Random Number Generator)
Time:    Mon Nov 25 11:15:22 2019
Kernel:  AVX+FMA - 4 threads (6 CPU cores detected)

Reading alignment file cluster984rr.1to1ortho.fa.aln-cln_gene624.fa ... Fasta format detected
Alignment most likely contains DNA/RNA sequences
Alignment has 13 sequences with 2081 columns, 1171 distinct patterns
767 parsimony-informative, 424 singleton sites, 890 constant sites
           Gap/Ambiguity  Composition  p-value
   1  DrolusSFB   55.79%    passed     28.67%
   2  Dino         6.01%    passed     87.93%
   3  MJM3360     54.40%    passed      7.58%
   4  DrobinSFB   21.48%    passed     45.30%
   5  Neam        28.02%    failed      0.49%
   6  RuprSFB     23.02%    passed     80.94%
   7  Retr        23.69%    passed     44.97%
   8  Beta         7.64%    passed     99.32%
   9  Spol         7.98%    passed     66.58%
  10  MJM1652     55.45%    passed     14.91%
  11  NepSFB      13.31%    failed      2.44%
  12  WPYJ        59.35%    passed     21.89%
  13  MJM2940      1.15%    passed     98.04%
WARNING: 4 sequences contain more than 50% gaps/ambiguity
****  TOTAL       27.48%  2 sequences failed composition chi2 test (p-value<5%; df=3)

Create initial parsimony tree by phylogenetic likelihood library (PLL)... 0.001 seconds

NOTE: 1 MB RAM (0 GB) is required!
Estimate model parameters (epsilon = 0.100)
1. Initial log-likelihood: -12862.171
2. Current log-likelihood: -12312.106
3. Current log-likelihood: -12308.338
Optimal log-likelihood: -12308.306
Rate parameters:  A-C: 1.20801  A-G: 3.65111  A-T: 1.31078  C-G: 1.16677  C-T: 4.60427  G-T: 1.00000
Base frequencies:  A: 0.296  C: 0.213  G: 0.238  T: 0.253
Gamma shape alpha: 0.725
Parameters optimization took 3 rounds (0.049 sec)
Computing ML distances based on estimated model parameters... 0.002 sec
Computing BIONJ tree...
0.002 seconds
Log-likelihood of BIONJ tree: -12308.272
--------------------------------------------------------------------
|             INITIALIZING CANDIDATE TREE SET                      |
--------------------------------------------------------------------
Generating 98 parsimony trees... 0.125 second
Computing log-likelihood of 98 initial trees ... 0.533 seconds
Current best score: -12308.272

Do NNI search on 20 best initial trees
Estimate model parameters (epsilon = 0.100)
BETTER TREE FOUND at iteration 1: -12308.142
Iteration 10 / LogL: -12308.200 / Time: 0h:0m:1s
Iteration 20 / LogL: -12308.225 / Time: 0h:0m:1s
Finish initializing candidate tree set (2)
Current best tree score: -12308.142 / CPU time: 1.411
Number of iterations: 20
--------------------------------------------------------------------
|               OPTIMIZING CANDIDATE TREE SET                      |
--------------------------------------------------------------------
Iteration 30 / LogL: -12308.163 / Time: 0h:0m:1s (0h:0m:4s left)
Iteration 40 / LogL: -12309.428 / Time: 0h:0m:2s (0h:0m:3s left)
Iteration 50 / LogL: -12308.323 / Time: 0h:0m:2s (0h:0m:3s left)
Iteration 60 / LogL: -12308.205 / Time: 0h:0m:3s (0h:0m:2s left)
Iteration 70 / LogL: -12322.378 / Time: 0h:0m:3s (0h:0m:1s left)
Iteration 80 / LogL: -12308.176 / Time: 0h:0m:4s (0h:0m:1s left)
Iteration 90 / LogL: -12308.215 / Time: 0h:0m:4s (0h:0m:0s left)
UPDATE BEST LOG-LIKELIHOOD: -12308.142
Iteration 100 / LogL: -12308.190 / Time: 0h:0m:5s (0h:0m:0s left)
TREE SEARCH COMPLETED AFTER 102 ITERATIONS / Time: 0h:0m:5s

--------------------------------------------------------------------
|                    FINALIZING TREE SEARCH                        |
--------------------------------------------------------------------
Performs final model parameters optimization
Estimate model parameters (epsilon = 0.010)
1. Initial log-likelihood: -12308.142
Optimal log-likelihood: -12308.142
Rate parameters:  A-C: 1.20875  A-G: 3.65195  A-T: 1.30844  C-G: 1.16687  C-T: 4.60399  G-T: 1.00000
Base frequencies:  A: 0.296  C: 0.213  G: 0.238  T: 0.253
Gamma shape alpha: 0.726
Parameters optimization took 1 rounds (0.006 sec)
BEST SCORE FOUND : -12308.142

Testing tree branches by SH-like aLRT with 1000 replicates...
0.120 sec.
Total tree length: 2.053

Total number of iterations: 102
CPU time used for tree search: 8.059 sec (0h:0m:8s)
Wall-clock time used for tree search: 5.528 sec (0h:0m:5s)
Total CPU time used: 8.644 sec (0h:0m:8s)
Total wall-clock time used: 5.727 sec (0h:0m:5s)

Analysis results written to: 
  IQ-TREE report:                cluster984rr.1to1ortho.fa.aln-cln_gene624.fa.iqtree
  Maximum-likelihood tree:       cluster984rr.1to1ortho.fa.aln-cln_gene624.fa.treefile
  Likelihood distances:          cluster984rr.1to1ortho.fa.aln-cln_gene624.fa.mldist
  Screen log file:               cluster984rr.1to1ortho.fa.aln-cln_gene624.fa.log

Date and Time: Mon Nov 25 11:15:27 2019
