IQ-TREE multicore version 1.6.11 for Mac OS X 64-bit built Jul 12 2019
Developed by Bui Quang Minh, Nguyen Lam Tung, Olga Chernomor,
Heiko Schmidt, Dominik Schrempf, Michael Woodhams.

Host:    slpc437 (AVX2, FMA3, 16 GB RAM)
Command: iqtree -s cluster3893rr.1to1ortho.fa.aln-cln_gene356.fa -nt 4 -m GTR+G -alrt 1000
Seed:    45864 (Using SPRNG - Scalable Parallel Random Number Generator)
Time:    Mon Nov 25 10:40:00 2019
Kernel:  AVX+FMA - 4 threads (6 CPU cores detected)

Reading alignment file cluster3893rr.1to1ortho.fa.aln-cln_gene356.fa ... Fasta format detected
Alignment most likely contains DNA/RNA sequences
Alignment has 13 sequences with 1638 columns, 743 distinct patterns
548 parsimony-informative, 228 singleton sites, 862 constant sites
           Gap/Ambiguity  Composition  p-value
   1  DrolusSFB   12.39%    failed      0.02%
   2  Dino        11.90%    passed     95.04%
   3  MJM3360     16.36%    passed     87.34%
   4  DrobinSFB   12.33%    passed     97.92%
   5  Neam         0.37%    passed     98.13%
   6  RuprSFB     13.74%    passed     46.56%
   7  Retr         0.92%    passed     57.42%
   8  Beta        22.34%    passed     67.29%
   9  Spol        12.82%    passed     18.41%
  10  MJM1652     11.05%    passed     87.67%
  11  NepSFB       0.37%    passed     98.68%
  12  WPYJ        16.48%    passed     40.35%
  13  MJM2940      0.55%    passed     62.45%
****  TOTAL       10.12%  1 sequences failed composition chi2 test (p-value<5%; df=3)

Create initial parsimony tree by phylogenetic likelihood library (PLL)... 0.001 seconds

NOTE: 1 MB RAM (0 GB) is required!
Estimate model parameters (epsilon = 0.100)
1. Initial log-likelihood: -10993.590
2. Current log-likelihood: -10581.790
3. Current log-likelihood: -10576.234
Optimal log-likelihood: -10576.178
Rate parameters:  A-C: 1.95312  A-G: 4.49572  A-T: 2.20447  C-G: 1.34912  C-T: 5.05154  G-T: 1.00000
Base frequencies:  A: 0.228  C: 0.222  G: 0.260  T: 0.290
Gamma shape alpha: 0.372
Parameters optimization took 3 rounds (0.040 sec)
Computing ML distances based on estimated model parameters... 0.002 sec
Computing BIONJ tree...
0.002 seconds
Log-likelihood of BIONJ tree: -10569.208
--------------------------------------------------------------------
|             INITIALIZING CANDIDATE TREE SET                      |
--------------------------------------------------------------------
Generating 98 parsimony trees... 0.098 second
Computing log-likelihood of 98 initial trees ... 0.451 seconds
Current best score: -10569.208

Do NNI search on 20 best initial trees
Estimate model parameters (epsilon = 0.100)
BETTER TREE FOUND at iteration 1: -10568.520
Iteration 10 / LogL: -10568.533 / Time: 0h:0m:0s
Iteration 20 / LogL: -10568.548 / Time: 0h:0m:1s
Finish initializing candidate tree set (3)
Current best tree score: -10568.520 / CPU time: 1.219
Number of iterations: 20
--------------------------------------------------------------------
|               OPTIMIZING CANDIDATE TREE SET                      |
--------------------------------------------------------------------
Iteration 30 / LogL: -10587.632 / Time: 0h:0m:1s (0h:0m:4s left)
Iteration 40 / LogL: -10587.627 / Time: 0h:0m:2s (0h:0m:3s left)
Iteration 50 / LogL: -10568.602 / Time: 0h:0m:2s (0h:0m:2s left)
Iteration 60 / LogL: -10587.626 / Time: 0h:0m:3s (0h:0m:2s left)
Iteration 70 / LogL: -10587.666 / Time: 0h:0m:3s (0h:0m:1s left)
Iteration 80 / LogL: -10568.523 / Time: 0h:0m:4s (0h:0m:1s left)
Iteration 90 / LogL: -10568.574 / Time: 0h:0m:4s (0h:0m:0s left)
Iteration 100 / LogL: -10587.904 / Time: 0h:0m:5s (0h:0m:0s left)
TREE SEARCH COMPLETED AFTER 102 ITERATIONS / Time: 0h:0m:5s

--------------------------------------------------------------------
|                    FINALIZING TREE SEARCH                        |
--------------------------------------------------------------------
Performs final model parameters optimization
Estimate model parameters (epsilon = 0.010)
1. Initial log-likelihood: -10568.520
Optimal log-likelihood: -10568.519
Rate parameters:  A-C: 1.94165  A-G: 4.49019  A-T: 2.20589  C-G: 1.33921  C-T: 5.07363  G-T: 1.00000
Base frequencies:  A: 0.228  C: 0.222  G: 0.260  T: 0.290
Gamma shape alpha: 0.372
Parameters optimization took 1 rounds (0.005 sec)
BEST SCORE FOUND : -10568.519

Testing tree branches by SH-like aLRT with 1000 replicates...
0.096 sec.
Total tree length: 1.891

Total number of iterations: 102
CPU time used for tree search: 6.584 sec (0h:0m:6s)
Wall-clock time used for tree search: 5.341 sec (0h:0m:5s)
Total CPU time used: 7.028 sec (0h:0m:7s)
Total wall-clock time used: 5.503 sec (0h:0m:5s)

Analysis results written to: 
  IQ-TREE report:                cluster3893rr.1to1ortho.fa.aln-cln_gene356.fa.iqtree
  Maximum-likelihood tree:       cluster3893rr.1to1ortho.fa.aln-cln_gene356.fa.treefile
  Likelihood distances:          cluster3893rr.1to1ortho.fa.aln-cln_gene356.fa.mldist
  Screen log file:               cluster3893rr.1to1ortho.fa.aln-cln_gene356.fa.log

Date and Time: Mon Nov 25 10:40:05 2019
