IQ-TREE multicore version 1.6.11 for Mac OS X 64-bit built Jul 12 2019
Developed by Bui Quang Minh, Nguyen Lam Tung, Olga Chernomor,
Heiko Schmidt, Dominik Schrempf, Michael Woodhams.

Host:    slpc437 (AVX2, FMA3, 16 GB RAM)
Command: iqtree -s cluster2924rr.1to1ortho.fa.aln-cln_gene605.fa -nt 4 -m GTR+G -alrt 1000
Seed:    235487 (Using SPRNG - Scalable Parallel Random Number Generator)
Time:    Mon Nov 25 10:17:32 2019
Kernel:  AVX+FMA - 4 threads (6 CPU cores detected)

Reading alignment file cluster2924rr.1to1ortho.fa.aln-cln_gene605.fa ... Fasta format detected
Alignment most likely contains DNA/RNA sequences
Alignment has 13 sequences with 660 columns, 273 distinct patterns
200 parsimony-informative, 78 singleton sites, 381 constant sites
           Gap/Ambiguity  Composition  p-value
   1  DrolusSFB    2.88%    passed     98.20%
   2  Dino         0.45%    passed     98.69%
   3  MJM3360      9.55%    passed     85.12%
   4  DrobinSFB    0.45%    passed     97.30%
   5  Neam         0.00%    passed     85.56%
   6  RuprSFB      3.79%    passed     66.70%
   7  Retr         8.48%    passed     58.48%
   8  Beta         0.76%    passed     99.21%
   9  Spol         0.76%    passed     91.93%
  10  MJM1652      0.45%    passed     45.08%
  11  NepSFB       0.00%    passed     89.36%
  12  WPYJ         9.70%    passed     91.86%
  13  MJM2940      2.88%    passed     96.20%
****  TOTAL        3.09%  0 sequences failed composition chi2 test (p-value<5%; df=3)

Create initial parsimony tree by phylogenetic likelihood library (PLL)... 0.001 seconds

NOTE: 0 MB RAM (0 GB) is required!
WARNING: Number of threads seems too high for short alignments. Use -nt AUTO to determine best number of threads.
Estimate model parameters (epsilon = 0.100)
1. Initial log-likelihood: -3814.397
2. Current log-likelihood: -3656.653
3. Current log-likelihood: -3654.106
Optimal log-likelihood: -3654.076
Rate parameters:  A-C: 1.80325  A-G: 4.36260  A-T: 1.47996  C-G: 1.01403  C-T: 5.47649  G-T: 1.00000
Base frequencies:  A: 0.258  C: 0.217  G: 0.243  T: 0.281
Gamma shape alpha: 0.331
Parameters optimization took 3 rounds (0.027 sec)
Computing ML distances based on estimated model parameters... 0.001 sec
Computing BIONJ tree...
0.002 seconds
Log-likelihood of BIONJ tree: -3653.403
--------------------------------------------------------------------
|             INITIALIZING CANDIDATE TREE SET                      |
--------------------------------------------------------------------
Generating 98 parsimony trees... 0.063 second
Computing log-likelihood of 98 initial trees ... 0.397 seconds
Current best score: -3653.403

Do NNI search on 20 best initial trees
Estimate model parameters (epsilon = 0.100)
BETTER TREE FOUND at iteration 1: -3652.393
Estimate model parameters (epsilon = 0.100)
BETTER TREE FOUND at iteration 7: -3652.351
Iteration 10 / LogL: -3652.438 / Time: 0h:0m:0s
Iteration 20 / LogL: -3654.245 / Time: 0h:0m:1s
Finish initializing candidate tree set (3)
Current best tree score: -3652.351 / CPU time: 0.967
Number of iterations: 20
--------------------------------------------------------------------
|               OPTIMIZING CANDIDATE TREE SET                      |
--------------------------------------------------------------------
Iteration 30 / LogL: -3652.355 / Time: 0h:0m:1s (0h:0m:3s left)
Iteration 40 / LogL: -3652.395 / Time: 0h:0m:1s (0h:0m:3s left)
Iteration 50 / LogL: -3654.225 / Time: 0h:0m:2s (0h:0m:2s left)
Iteration 60 / LogL: -3653.500 / Time: 0h:0m:2s (0h:0m:1s left)
Iteration 70 / LogL: -3654.313 / Time: 0h:0m:2s (0h:0m:1s left)
Iteration 80 / LogL: -3654.951 / Time: 0h:0m:3s (0h:0m:1s left)
Iteration 90 / LogL: -3665.085 / Time: 0h:0m:3s (0h:0m:0s left)
Iteration 100 / LogL: -3665.122 / Time: 0h:0m:3s (0h:0m:0s left)
TREE SEARCH COMPLETED AFTER 108 ITERATIONS / Time: 0h:0m:4s

--------------------------------------------------------------------
|                    FINALIZING TREE SEARCH                        |
--------------------------------------------------------------------
Performs final model parameters optimization
Estimate model parameters (epsilon = 0.010)
1. Initial log-likelihood: -3652.351
Optimal log-likelihood: -3652.350
Rate parameters:  A-C: 1.73429  A-G: 4.08622  A-T: 1.48589  C-G: 0.94394  C-T: 5.39409  G-T: 1.00000
Base frequencies:  A: 0.258  C: 0.217  G: 0.243  T: 0.281
Gamma shape alpha: 0.334
Parameters optimization took 1 rounds (0.004 sec)
BEST SCORE FOUND : -3652.350

Testing tree branches by SH-like aLRT with 1000 replicates...
0.048 sec.
Total tree length: 1.313

Total number of iterations: 108
CPU time used for tree search: 3.641 sec (0h:0m:3s)
Wall-clock time used for tree search: 4.134 sec (0h:0m:4s)
Total CPU time used: 3.841 sec (0h:0m:3s)
Total wall-clock time used: 4.232 sec (0h:0m:4s)

Analysis results written to: 
  IQ-TREE report:                cluster2924rr.1to1ortho.fa.aln-cln_gene605.fa.iqtree
  Maximum-likelihood tree:       cluster2924rr.1to1ortho.fa.aln-cln_gene605.fa.treefile
  Likelihood distances:          cluster2924rr.1to1ortho.fa.aln-cln_gene605.fa.mldist
  Screen log file:               cluster2924rr.1to1ortho.fa.aln-cln_gene605.fa.log

Date and Time: Mon Nov 25 10:17:36 2019
