IQ-TREE multicore version 1.6.11 for Mac OS X 64-bit built Jul 12 2019
Developed by Bui Quang Minh, Nguyen Lam Tung, Olga Chernomor,
Heiko Schmidt, Dominik Schrempf, Michael Woodhams.

Host:    slpc437 (AVX2, FMA3, 16 GB RAM)
Command: iqtree -s cluster1526rr.1to1ortho.fa.aln-cln_gene297.fa -nt 4 -m GTR+G -alrt 1000
Seed:    189550 (Using SPRNG - Scalable Parallel Random Number Generator)
Time:    Mon Nov 25 09:44:37 2019
Kernel:  AVX+FMA - 4 threads (6 CPU cores detected)

Reading alignment file cluster1526rr.1to1ortho.fa.aln-cln_gene297.fa ... Fasta format detected
Alignment most likely contains DNA/RNA sequences
Alignment has 13 sequences with 1587 columns, 780 distinct patterns
539 parsimony-informative, 247 singleton sites, 801 constant sites
           Gap/Ambiguity  Composition  p-value
   1  DrolusSFB    0.82%    passed     76.25%
   2  Dino         0.50%    passed     74.76%
   3  MJM3360     19.22%    passed     72.56%
   4  DrobinSFB    9.07%    passed     90.26%
   5  Neam         0.50%    passed     65.56%
   6  RuprSFB     19.47%    passed     22.41%
   7  Retr        50.85%    passed     44.02%
   8  Beta         3.65%    passed     45.77%
   9  Spol        38.63%    passed     92.75%
  10  MJM1652      0.63%    passed     33.44%
  11  NepSFB       0.38%    passed     55.17%
  12  WPYJ        62.19%    passed     62.65%
  13  MJM2940      0.76%    passed     77.44%
WARNING: 2 sequences contain more than 50% gaps/ambiguity
****  TOTAL       15.90%  0 sequences failed composition chi2 test (p-value<5%; df=3)

Create initial parsimony tree by phylogenetic likelihood library (PLL)... 0.001 seconds

NOTE: 1 MB RAM (0 GB) is required!
Estimate model parameters (epsilon = 0.100)
1. Initial log-likelihood: -9864.285
2. Current log-likelihood: -9485.622
3. Current log-likelihood: -9481.792
Optimal log-likelihood: -9481.739
Rate parameters:  A-C: 1.98374  A-G: 5.60105  A-T: 1.86267  C-G: 1.38234  C-T: 4.99370  G-T: 1.00000
Base frequencies:  A: 0.216  C: 0.214  G: 0.243  T: 0.327
Gamma shape alpha: 0.477
Parameters optimization took 3 rounds (0.040 sec)
Computing ML distances based on estimated model parameters... 0.001 sec
Computing BIONJ tree...
0.002 seconds
Log-likelihood of BIONJ tree: -9498.618
--------------------------------------------------------------------
|             INITIALIZING CANDIDATE TREE SET                      |
--------------------------------------------------------------------
Generating 98 parsimony trees... 0.118 second
Computing log-likelihood of 96 initial trees ... 0.459 seconds
Current best score: -9481.739

Do NNI search on 20 best initial trees
Estimate model parameters (epsilon = 0.100)
BETTER TREE FOUND at iteration 1: -9480.888
Iteration 10 / LogL: -9480.900 / Time: 0h:0m:0s
Iteration 20 / LogL: -9480.919 / Time: 0h:0m:1s
Finish initializing candidate tree set (2)
Current best tree score: -9480.888 / CPU time: 1.385
Number of iterations: 20
--------------------------------------------------------------------
|               OPTIMIZING CANDIDATE TREE SET                      |
--------------------------------------------------------------------
Iteration 30 / LogL: -9480.912 / Time: 0h:0m:1s (0h:0m:4s left)
Iteration 40 / LogL: -9487.822 / Time: 0h:0m:2s (0h:0m:3s left)
Iteration 50 / LogL: -9487.834 / Time: 0h:0m:2s (0h:0m:2s left)
Iteration 60 / LogL: -9480.890 / Time: 0h:0m:3s (0h:0m:2s left)
Iteration 70 / LogL: -9480.909 / Time: 0h:0m:3s (0h:0m:1s left)
Iteration 80 / LogL: -9488.431 / Time: 0h:0m:4s (0h:0m:1s left)
Iteration 90 / LogL: -9487.865 / Time: 0h:0m:4s (0h:0m:0s left)
Iteration 100 / LogL: -9487.888 / Time: 0h:0m:5s (0h:0m:0s left)
TREE SEARCH COMPLETED AFTER 102 ITERATIONS / Time: 0h:0m:5s

--------------------------------------------------------------------
|                    FINALIZING TREE SEARCH                        |
--------------------------------------------------------------------
Performs final model parameters optimization
Estimate model parameters (epsilon = 0.010)
1. Initial log-likelihood: -9480.888
Optimal log-likelihood: -9480.888
Rate parameters:  A-C: 1.98061  A-G: 5.59638  A-T: 1.86069  C-G: 1.36808  C-T: 4.99907  G-T: 1.00000
Base frequencies:  A: 0.216  C: 0.214  G: 0.243  T: 0.327
Gamma shape alpha: 0.481
Parameters optimization took 1 rounds (0.005 sec)
BEST SCORE FOUND : -9480.888

Testing tree branches by SH-like aLRT with 1000 replicates...
0.095 sec.
Total tree length: 1.710

Total number of iterations: 102
CPU time used for tree search: 6.443 sec (0h:0m:6s)
Wall-clock time used for tree search: 5.194 sec (0h:0m:5s)
Total CPU time used: 6.880 sec (0h:0m:6s)
Total wall-clock time used: 5.355 sec (0h:0m:5s)

Analysis results written to: 
  IQ-TREE report:                cluster1526rr.1to1ortho.fa.aln-cln_gene297.fa.iqtree
  Maximum-likelihood tree:       cluster1526rr.1to1ortho.fa.aln-cln_gene297.fa.treefile
  Likelihood distances:          cluster1526rr.1to1ortho.fa.aln-cln_gene297.fa.mldist
  Screen log file:               cluster1526rr.1to1ortho.fa.aln-cln_gene297.fa.log

Date and Time: Mon Nov 25 09:44:42 2019
