IQ-TREE multicore version 1.6.11 for Mac OS X 64-bit built Jul 12 2019
Developed by Bui Quang Minh, Nguyen Lam Tung, Olga Chernomor,
Heiko Schmidt, Dominik Schrempf, Michael Woodhams.

Host:    slpc437 (AVX2, FMA3, 16 GB RAM)
Command: iqtree -s cluster2761rr.1to1ortho.fa.aln-cln_gene512.fa -nt 4 -m GTR+G -alrt 1000
Seed:    636966 (Using SPRNG - Scalable Parallel Random Number Generator)
Time:    Mon Nov 25 10:12:10 2019
Kernel:  AVX+FMA - 4 threads (6 CPU cores detected)

Reading alignment file cluster2761rr.1to1ortho.fa.aln-cln_gene512.fa ... Fasta format detected
Alignment most likely contains DNA/RNA sequences
Alignment has 13 sequences with 1692 columns, 926 distinct patterns
738 parsimony-informative, 267 singleton sites, 687 constant sites
           Gap/Ambiguity  Composition  p-value
   1  DrolusSFB    0.41%    passed     16.55%
   2  Dino         3.19%    failed      0.14%
   3  MJM3360      5.26%    passed     77.01%
   4  DrobinSFB    0.35%    passed     14.16%
   5  Neam         1.06%    passed     43.39%
   6  RuprSFB      2.19%    passed     44.12%
   7  Retr         3.13%    failed      0.00%
   8  Beta         0.89%    failed      0.26%
   9  Spol         0.71%    failed      0.90%
  10  MJM1652      3.13%    failed      0.00%
  11  NepSFB       1.06%    passed     53.32%
  12  WPYJ        52.07%    passed     63.88%
  13  MJM2940      0.41%    passed     55.31%
WARNING: 1 sequences contain more than 50% gaps/ambiguity
****  TOTAL        5.68%  5 sequences failed composition chi2 test (p-value<5%; df=3)

Create initial parsimony tree by phylogenetic likelihood library (PLL)... 0.001 seconds

NOTE: 1 MB RAM (0 GB) is required!
Estimate model parameters (epsilon = 0.100)
1. Initial log-likelihood: -13436.467
2. Current log-likelihood: -12928.337
3. Current log-likelihood: -12895.324
4. Current log-likelihood: -12894.988
Optimal log-likelihood: -12894.970
Rate parameters:  A-C: 1.10822  A-G: 3.39925  A-T: 1.23125  C-G: 0.99441  C-T: 5.47574  G-T: 1.00000
Base frequencies:  A: 0.257  C: 0.210  G: 0.280  T: 0.253
Gamma shape alpha: 0.520
Parameters optimization took 4 rounds (0.051 sec)
Computing ML distances based on estimated model parameters... 0.002 sec
Computing BIONJ tree...
0.002 seconds
Log-likelihood of BIONJ tree: -12894.969
--------------------------------------------------------------------
|             INITIALIZING CANDIDATE TREE SET                      |
--------------------------------------------------------------------
Generating 99 parsimony trees... 0.104 second
Computing log-likelihood of 99 initial trees ... 0.482 seconds
Current best score: -12894.969

Do NNI search on 20 best initial trees
Estimate model parameters (epsilon = 0.100)
BETTER TREE FOUND at iteration 1: -12894.964
Iteration 10 / LogL: -12895.736 / Time: 0h:0m:0s
Iteration 20 / LogL: -12895.096 / Time: 0h:0m:1s
Finish initializing candidate tree set (1)
Current best tree score: -12894.964 / CPU time: 1.162
Number of iterations: 20
--------------------------------------------------------------------
|               OPTIMIZING CANDIDATE TREE SET                      |
--------------------------------------------------------------------
Iteration 30 / LogL: -12895.086 / Time: 0h:0m:1s (0h:0m:3s left)
Iteration 40 / LogL: -12894.989 / Time: 0h:0m:1s (0h:0m:3s left)
Iteration 50 / LogL: -12894.973 / Time: 0h:0m:2s (0h:0m:2s left)
Iteration 60 / LogL: -12895.157 / Time: 0h:0m:2s (0h:0m:1s left)
Iteration 70 / LogL: -12895.097 / Time: 0h:0m:3s (0h:0m:1s left)
Iteration 80 / LogL: -12895.010 / Time: 0h:0m:3s (0h:0m:0s left)
Iteration 90 / LogL: -12895.069 / Time: 0h:0m:4s (0h:0m:0s left)
Iteration 100 / LogL: -12896.033 / Time: 0h:0m:4s (0h:0m:0s left)
TREE SEARCH COMPLETED AFTER 102 ITERATIONS / Time: 0h:0m:4s

--------------------------------------------------------------------
|                    FINALIZING TREE SEARCH                        |
--------------------------------------------------------------------
Performs final model parameters optimization
Estimate model parameters (epsilon = 0.010)
1. Initial log-likelihood: -12894.964
Optimal log-likelihood: -12894.963
Rate parameters:  A-C: 1.10465  A-G: 3.39346  A-T: 1.22615  C-G: 0.98693  C-T: 5.44268  G-T: 1.00000
Base frequencies:  A: 0.257  C: 0.210  G: 0.280  T: 0.253
Gamma shape alpha: 0.520
Parameters optimization took 1 rounds (0.006 sec)
BEST SCORE FOUND : -12894.963

Testing tree branches by SH-like aLRT with 1000 replicates...
0.100 sec.
Total tree length: 2.552

Total number of iterations: 102
CPU time used for tree search: 6.006 sec (0h:0m:6s)
Wall-clock time used for tree search: 4.505 sec (0h:0m:4s)
Total CPU time used: 6.501 sec (0h:0m:6s)
Total wall-clock time used: 4.683 sec (0h:0m:4s)

Analysis results written to: 
  IQ-TREE report:                cluster2761rr.1to1ortho.fa.aln-cln_gene512.fa.iqtree
  Maximum-likelihood tree:       cluster2761rr.1to1ortho.fa.aln-cln_gene512.fa.treefile
  Likelihood distances:          cluster2761rr.1to1ortho.fa.aln-cln_gene512.fa.mldist
  Screen log file:               cluster2761rr.1to1ortho.fa.aln-cln_gene512.fa.log

Date and Time: Mon Nov 25 10:12:15 2019
