IQ-TREE multicore version 1.6.11 for Mac OS X 64-bit built Jul 12 2019
Developed by Bui Quang Minh, Nguyen Lam Tung, Olga Chernomor,
Heiko Schmidt, Dominik Schrempf, Michael Woodhams.

Host:    slpc437 (AVX2, FMA3, 16 GB RAM)
Command: iqtree -s cluster4236rr.1to1ortho.fa.aln-cln_gene1228.fa -nt 4 -m GTR+G -alrt 1000
Seed:    230082 (Using SPRNG - Scalable Parallel Random Number Generator)
Time:    Mon Nov 25 10:46:57 2019
Kernel:  AVX+FMA - 4 threads (6 CPU cores detected)

Reading alignment file cluster4236rr.1to1ortho.fa.aln-cln_gene1228.fa ... Fasta format detected
Alignment most likely contains DNA/RNA sequences
Alignment has 13 sequences with 1457 columns, 732 distinct patterns
573 parsimony-informative, 177 singleton sites, 707 constant sites
           Gap/Ambiguity  Composition  p-value
   1  DrolusSFB   21.83%    passed      6.80%
   2  Dino         4.26%    passed     54.71%
   3  MJM3360      5.56%    passed     68.39%
   4  DrobinSFB    4.74%    passed     30.33%
   5  Neam        40.91%    passed     87.54%
   6  RuprSFB     14.07%    passed     82.08%
   7  Retr         1.24%    passed     13.65%
   8  Beta         1.17%    passed     23.53%
   9  Spol         1.17%    passed     14.92%
  10  MJM1652      4.26%    passed     36.86%
  11  NepSFB       4.26%    passed     99.64%
  12  WPYJ         1.37%    passed     68.80%
  13  MJM2940      4.26%    passed     50.88%
****  TOTAL        8.39%  0 sequences failed composition chi2 test (p-value<5%; df=3)

Create initial parsimony tree by phylogenetic likelihood library (PLL)... 0.001 seconds

NOTE: 1 MB RAM (0 GB) is required!
Estimate model parameters (epsilon = 0.100)
1. Initial log-likelihood: -10547.623
2. Current log-likelihood: -10051.850
3. Current log-likelihood: -10022.108
4. Current log-likelihood: -10021.946
Optimal log-likelihood: -10021.945
Rate parameters:  A-C: 1.78245  A-G: 5.70572  A-T: 1.67595  C-G: 1.76400  C-T: 7.88810  G-T: 1.00000
Base frequencies:  A: 0.265  C: 0.223  G: 0.259  T: 0.254
Gamma shape alpha: 0.407
Parameters optimization took 4 rounds (0.052 sec)
Computing ML distances based on estimated model parameters... 0.002 sec
Computing BIONJ tree...
0.002 seconds
Log-likelihood of BIONJ tree: -10024.505
--------------------------------------------------------------------
|             INITIALIZING CANDIDATE TREE SET                      |
--------------------------------------------------------------------
Generating 98 parsimony trees... 0.082 second
Computing log-likelihood of 97 initial trees ... 0.458 seconds
Current best score: -10021.945

Do NNI search on 20 best initial trees
Estimate model parameters (epsilon = 0.100)
BETTER TREE FOUND at iteration 1: -10021.565
Iteration 10 / LogL: -10021.829 / Time: 0h:0m:0s
Iteration 20 / LogL: -10021.583 / Time: 0h:0m:1s
Finish initializing candidate tree set (1)
Current best tree score: -10021.565 / CPU time: 1.197
Number of iterations: 20
--------------------------------------------------------------------
|               OPTIMIZING CANDIDATE TREE SET                      |
--------------------------------------------------------------------
UPDATE BEST LOG-LIKELIHOOD: -10021.565
Iteration 30 / LogL: -10021.599 / Time: 0h:0m:1s (0h:0m:3s left)
Iteration 40 / LogL: -10021.769 / Time: 0h:0m:1s (0h:0m:3s left)
Iteration 50 / LogL: -10021.580 / Time: 0h:0m:2s (0h:0m:2s left)
Iteration 60 / LogL: -10021.601 / Time: 0h:0m:2s (0h:0m:1s left)
Iteration 70 / LogL: -10021.628 / Time: 0h:0m:3s (0h:0m:1s left)
Iteration 80 / LogL: -10021.588 / Time: 0h:0m:3s (0h:0m:0s left)
Iteration 90 / LogL: -10021.642 / Time: 0h:0m:4s (0h:0m:0s left)
Iteration 100 / LogL: -10021.608 / Time: 0h:0m:4s (0h:0m:0s left)
TREE SEARCH COMPLETED AFTER 102 ITERATIONS / Time: 0h:0m:4s

--------------------------------------------------------------------
|                    FINALIZING TREE SEARCH                        |
--------------------------------------------------------------------
Performs final model parameters optimization
Estimate model parameters (epsilon = 0.010)
1. Initial log-likelihood: -10021.565
Optimal log-likelihood: -10021.560
Rate parameters:  A-C: 1.77126  A-G: 5.64885  A-T: 1.67323  C-G: 1.77506  C-T: 7.93903  G-T: 1.00000
Base frequencies:  A: 0.265  C: 0.223  G: 0.259  T: 0.254
Gamma shape alpha: 0.406
Parameters optimization took 1 rounds (0.005 sec)
BEST SCORE FOUND : -10021.560

Testing tree branches by SH-like aLRT with 1000 replicates...
0.087 sec.
Total tree length: 2.069

Total number of iterations: 102
CPU time used for tree search: 5.365 sec (0h:0m:5s)
Wall-clock time used for tree search: 4.408 sec (0h:0m:4s)
Total CPU time used: 5.801 sec (0h:0m:5s)
Total wall-clock time used: 4.572 sec (0h:0m:4s)

Analysis results written to: 
  IQ-TREE report:                cluster4236rr.1to1ortho.fa.aln-cln_gene1228.fa.iqtree
  Maximum-likelihood tree:       cluster4236rr.1to1ortho.fa.aln-cln_gene1228.fa.treefile
  Likelihood distances:          cluster4236rr.1to1ortho.fa.aln-cln_gene1228.fa.mldist
  Screen log file:               cluster4236rr.1to1ortho.fa.aln-cln_gene1228.fa.log

Date and Time: Mon Nov 25 10:47:01 2019
