IQ-TREE multicore version 1.6.11 for Mac OS X 64-bit built Jul 12 2019
Developed by Bui Quang Minh, Nguyen Lam Tung, Olga Chernomor,
Heiko Schmidt, Dominik Schrempf, Michael Woodhams.

Host:    slpc437 (AVX2, FMA3, 16 GB RAM)
Command: iqtree -s cluster1093rr.1to1ortho.fa.aln-cln_gene543.fa -nt 4 -m GTR+G -alrt 1000
Seed:    49658 (Using SPRNG - Scalable Parallel Random Number Generator)
Time:    Mon Nov 25 09:36:29 2019
Kernel:  AVX+FMA - 4 threads (6 CPU cores detected)

Reading alignment file cluster1093rr.1to1ortho.fa.aln-cln_gene543.fa ... Fasta format detected
Alignment most likely contains DNA/RNA sequences
Alignment has 13 sequences with 1800 columns, 827 distinct patterns
579 parsimony-informative, 308 singleton sites, 913 constant sites
           Gap/Ambiguity  Composition  p-value
   1  DrolusSFB    4.22%    passed     91.26%
   2  Dino         3.56%    passed     65.74%
   3  MJM3360      9.83%    passed     94.68%
   4  DrobinSFB    3.28%    passed     88.40%
   5  Neam         2.83%    passed     97.63%
   6  RuprSFB      8.50%    passed     69.66%
   7  Retr        11.67%    passed     39.61%
   8  Beta         2.06%    passed     59.82%
   9  Spol        19.94%    passed     30.91%
  10  MJM1652      6.28%    passed     91.31%
  11  NepSFB       2.83%    passed     98.95%
  12  WPYJ        25.83%    passed     71.65%
  13  MJM2940      4.06%    passed     85.88%
****  TOTAL        8.07%  0 sequences failed composition chi2 test (p-value<5%; df=3)

Create initial parsimony tree by phylogenetic likelihood library (PLL)... 0.001 seconds

NOTE: 1 MB RAM (0 GB) is required!
Estimate model parameters (epsilon = 0.100)
1. Initial log-likelihood: -11327.727
2. Current log-likelihood: -10891.195
3. Current log-likelihood: -10880.386
Optimal log-likelihood: -10880.357
Rate parameters:  A-C: 2.24021  A-G: 5.03652  A-T: 1.95541  C-G: 1.68407  C-T: 7.62313  G-T: 1.00000
Base frequencies:  A: 0.274  C: 0.177  G: 0.266  T: 0.284
Gamma shape alpha: 0.488
Parameters optimization took 3 rounds (0.077 sec)
Computing ML distances based on estimated model parameters... 0.002 sec
Computing BIONJ tree...
0.002 seconds
Log-likelihood of BIONJ tree: -10881.938
--------------------------------------------------------------------
|             INITIALIZING CANDIDATE TREE SET                      |
--------------------------------------------------------------------
Generating 98 parsimony trees... 0.089 second
Computing log-likelihood of 96 initial trees ... 0.439 seconds
Current best score: -10875.011

Do NNI search on 20 best initial trees
Estimate model parameters (epsilon = 0.100)
BETTER TREE FOUND at iteration 1: -10874.956
Iteration 10 / LogL: -10875.034 / Time: 0h:0m:0s
Iteration 20 / LogL: -10874.958 / Time: 0h:0m:1s
Finish initializing candidate tree set (1)
Current best tree score: -10874.956 / CPU time: 1.157
Number of iterations: 20
--------------------------------------------------------------------
|               OPTIMIZING CANDIDATE TREE SET                      |
--------------------------------------------------------------------
UPDATE BEST LOG-LIKELIHOOD: -10874.956
Iteration 30 / LogL: -10875.131 / Time: 0h:0m:1s (0h:0m:4s left)
Iteration 40 / LogL: -10875.009 / Time: 0h:0m:2s (0h:0m:3s left)
Iteration 50 / LogL: -10874.962 / Time: 0h:0m:2s (0h:0m:2s left)
Iteration 60 / LogL: -10875.094 / Time: 0h:0m:2s (0h:0m:1s left)
Iteration 70 / LogL: -10874.959 / Time: 0h:0m:3s (0h:0m:1s left)
Iteration 80 / LogL: -10875.061 / Time: 0h:0m:3s (0h:0m:1s left)
Iteration 90 / LogL: -10874.966 / Time: 0h:0m:4s (0h:0m:0s left)
Iteration 100 / LogL: -10875.081 / Time: 0h:0m:4s (0h:0m:0s left)
TREE SEARCH COMPLETED AFTER 102 ITERATIONS / Time: 0h:0m:4s

--------------------------------------------------------------------
|                    FINALIZING TREE SEARCH                        |
--------------------------------------------------------------------
Performs final model parameters optimization
Estimate model parameters (epsilon = 0.010)
1. Initial log-likelihood: -10874.956
Optimal log-likelihood: -10874.955
Rate parameters:  A-C: 2.20668  A-G: 5.04917  A-T: 1.95293  C-G: 1.68482  C-T: 7.62518  G-T: 1.00000
Base frequencies:  A: 0.274  C: 0.177  G: 0.266  T: 0.284
Gamma shape alpha: 0.489
Parameters optimization took 1 rounds (0.005 sec)
BEST SCORE FOUND : -10874.955

Testing tree branches by SH-like aLRT with 1000 replicates...
0.104 sec.
Total tree length: 1.529

Total number of iterations: 102
CPU time used for tree search: 5.937 sec (0h:0m:5s)
Wall-clock time used for tree search: 4.653 sec (0h:0m:4s)
Total CPU time used: 6.505 sec (0h:0m:6s)
Total wall-clock time used: 4.859 sec (0h:0m:4s)

Analysis results written to: 
  IQ-TREE report:                cluster1093rr.1to1ortho.fa.aln-cln_gene543.fa.iqtree
  Maximum-likelihood tree:       cluster1093rr.1to1ortho.fa.aln-cln_gene543.fa.treefile
  Likelihood distances:          cluster1093rr.1to1ortho.fa.aln-cln_gene543.fa.mldist
  Screen log file:               cluster1093rr.1to1ortho.fa.aln-cln_gene543.fa.log

Date and Time: Mon Nov 25 09:36:33 2019
