IQ-TREE multicore version 1.6.11 for Mac OS X 64-bit built Jul 12 2019
Developed by Bui Quang Minh, Nguyen Lam Tung, Olga Chernomor,
Heiko Schmidt, Dominik Schrempf, Michael Woodhams.

Host:    slpc437 (AVX2, FMA3, 16 GB RAM)
Command: iqtree -s cluster5535rr.1to1ortho.fa.aln-cln_gene132.fa -nt 4 -m GTR+G -alrt 1000
Seed:    515579 (Using SPRNG - Scalable Parallel Random Number Generator)
Time:    Mon Nov 25 11:09:21 2019
Kernel:  AVX+FMA - 4 threads (6 CPU cores detected)

Reading alignment file cluster5535rr.1to1ortho.fa.aln-cln_gene132.fa ... Fasta format detected
Alignment most likely contains DNA/RNA sequences
Alignment has 13 sequences with 1221 columns, 630 distinct patterns
464 parsimony-informative, 190 singleton sites, 567 constant sites
           Gap/Ambiguity  Composition  p-value
   1  DrolusSFB    2.95%    passed     95.14%
   2  Dino         6.39%    passed     58.74%
   3  MJM3360     26.86%    passed     90.66%
   4  DrobinSFB    4.91%    passed     61.46%
   5  Neam         0.25%    passed     79.43%
   6  RuprSFB     23.59%    passed     83.12%
   7  Retr        26.04%    passed     18.48%
   8  Beta         0.66%    passed     97.86%
   9  Spol         0.16%    passed     78.70%
  10  MJM1652      5.16%    passed     83.78%
  11  NepSFB       0.25%    passed     68.55%
  12  WPYJ        36.77%    passed     72.77%
  13  MJM2940      2.46%    passed     96.34%
****  TOTAL       10.50%  0 sequences failed composition chi2 test (p-value<5%; df=3)

Create initial parsimony tree by phylogenetic likelihood library (PLL)... 0.001 seconds

NOTE: 1 MB RAM (0 GB) is required!
Estimate model parameters (epsilon = 0.100)
1. Initial log-likelihood: -8058.613
2. Current log-likelihood: -7720.119
3. Current log-likelihood: -7717.108
Optimal log-likelihood: -7717.060
Rate parameters:  A-C: 1.34538  A-G: 5.07536  A-T: 1.96340  C-G: 1.67741  C-T: 6.91632  G-T: 1.00000
Base frequencies:  A: 0.279  C: 0.197  G: 0.227  T: 0.297
Gamma shape alpha: 0.550
Parameters optimization took 3 rounds (0.039 sec)
Computing ML distances based on estimated model parameters... 0.001 sec
Computing BIONJ tree...
0.002 seconds
Log-likelihood of BIONJ tree: -7719.604
--------------------------------------------------------------------
|             INITIALIZING CANDIDATE TREE SET                      |
--------------------------------------------------------------------
Generating 98 parsimony trees... 0.084 second
Computing log-likelihood of 98 initial trees ... 0.436 seconds
Current best score: -7717.060

Do NNI search on 20 best initial trees
Estimate model parameters (epsilon = 0.100)
BETTER TREE FOUND at iteration 1: -7717.059
Iteration 10 / LogL: -7717.238 / Time: 0h:0m:0s
Iteration 20 / LogL: -7717.252 / Time: 0h:0m:1s
Finish initializing candidate tree set (1)
Current best tree score: -7717.059 / CPU time: 1.035
Number of iterations: 20
--------------------------------------------------------------------
|               OPTIMIZING CANDIDATE TREE SET                      |
--------------------------------------------------------------------
Iteration 30 / LogL: -7717.149 / Time: 0h:0m:1s (0h:0m:3s left)
UPDATE BEST LOG-LIKELIHOOD: -7717.059
UPDATE BEST LOG-LIKELIHOOD: -7717.059
Iteration 40 / LogL: -7717.133 / Time: 0h:0m:1s (0h:0m:3s left)
Iteration 50 / LogL: -7717.065 / Time: 0h:0m:2s (0h:0m:2s left)
Iteration 60 / LogL: -7717.062 / Time: 0h:0m:2s (0h:0m:1s left)
UPDATE BEST LOG-LIKELIHOOD: -7717.059
Iteration 70 / LogL: -7717.059 / Time: 0h:0m:3s (0h:0m:1s left)
Iteration 80 / LogL: -7717.066 / Time: 0h:0m:3s (0h:0m:0s left)
Iteration 90 / LogL: -7719.804 / Time: 0h:0m:3s (0h:0m:0s left)
UPDATE BEST LOG-LIKELIHOOD: -7717.059
Iteration 100 / LogL: -7717.158 / Time: 0h:0m:4s (0h:0m:0s left)
TREE SEARCH COMPLETED AFTER 102 ITERATIONS / Time: 0h:0m:4s

--------------------------------------------------------------------
|                    FINALIZING TREE SEARCH                        |
--------------------------------------------------------------------
Performs final model parameters optimization
Estimate model parameters (epsilon = 0.010)
1. Initial log-likelihood: -7717.059
Optimal log-likelihood: -7717.058
Rate parameters:  A-C: 1.34618  A-G: 5.06760  A-T: 1.96262  C-G: 1.67320  C-T: 6.92774  G-T: 1.00000
Base frequencies:  A: 0.279  C: 0.197  G: 0.227  T: 0.297
Gamma shape alpha: 0.550
Parameters optimization took 1 rounds (0.005 sec)
BEST SCORE FOUND : -7717.058

Testing tree branches by SH-like aLRT with 1000 replicates...
0.078 sec.
Total tree length: 1.792

Total number of iterations: 102
CPU time used for tree search: 4.740 sec (0h:0m:4s)
Wall-clock time used for tree search: 4.135 sec (0h:0m:4s)
Total CPU time used: 5.097 sec (0h:0m:5s)
Total wall-clock time used: 4.276 sec (0h:0m:4s)

Analysis results written to: 
  IQ-TREE report:                cluster5535rr.1to1ortho.fa.aln-cln_gene132.fa.iqtree
  Maximum-likelihood tree:       cluster5535rr.1to1ortho.fa.aln-cln_gene132.fa.treefile
  Likelihood distances:          cluster5535rr.1to1ortho.fa.aln-cln_gene132.fa.mldist
  Screen log file:               cluster5535rr.1to1ortho.fa.aln-cln_gene132.fa.log

Date and Time: Mon Nov 25 11:09:25 2019
