IQ-TREE multicore version 1.6.11 for Mac OS X 64-bit built Jul 12 2019
Developed by Bui Quang Minh, Nguyen Lam Tung, Olga Chernomor,
Heiko Schmidt, Dominik Schrempf, Michael Woodhams.

Host:    slpc437 (AVX2, FMA3, 16 GB RAM)
Command: iqtree -s cluster2598rr.1to1ortho.fa.aln-cln_gene41.fa -nt 4 -m GTR+G -alrt 1000
Seed:    917090 (Using SPRNG - Scalable Parallel Random Number Generator)
Time:    Mon Nov 25 10:09:12 2019
Kernel:  AVX+FMA - 4 threads (6 CPU cores detected)

Reading alignment file cluster2598rr.1to1ortho.fa.aln-cln_gene41.fa ... Fasta format detected
Alignment most likely contains DNA/RNA sequences
Alignment has 13 sequences with 3167 columns, 1348 distinct patterns
1139 parsimony-informative, 491 singleton sites, 1537 constant sites
           Gap/Ambiguity  Composition  p-value
   1  DrolusSFB    1.55%    passed     83.52%
   2  Dino         1.23%    passed     98.19%
   3  MJM3360      1.77%    passed     96.94%
   4  DrobinSFB    1.67%    passed     54.92%
   5  Neam         0.32%    passed     50.13%
   6  RuprSFB      1.48%    passed     37.02%
   7  Retr        42.78%    passed     51.71%
   8  Beta         1.93%    passed     94.70%
   9  Spol         1.93%    passed     94.54%
  10  MJM1652      0.25%    passed     14.35%
  11  NepSFB       0.32%    passed     43.13%
  12  WPYJ        50.93%    passed     81.83%
  13  MJM2940      0.35%    passed     57.97%
WARNING: 1 sequences contain more than 50% gaps/ambiguity
****  TOTAL        8.19%  0 sequences failed composition chi2 test (p-value<5%; df=3)

Create initial parsimony tree by phylogenetic likelihood library (PLL)... 0.002 seconds

NOTE: 2 MB RAM (0 GB) is required!
Estimate model parameters (epsilon = 0.100)
1. Initial log-likelihood: -20494.364
2. Current log-likelihood: -19661.005
3. Current log-likelihood: -19655.323
Optimal log-likelihood: -19655.258
Rate parameters:  A-C: 1.78083  A-G: 4.48026  A-T: 1.50509  C-G: 1.11806  C-T: 6.62171  G-T: 1.00000
Base frequencies:  A: 0.333  C: 0.182  G: 0.240  T: 0.244
Gamma shape alpha: 0.556
Parameters optimization took 3 rounds (0.053 sec)
Computing ML distances based on estimated model parameters... 0.002 sec
Computing BIONJ tree...
0.002 seconds
Log-likelihood of BIONJ tree: -19648.430
--------------------------------------------------------------------
|             INITIALIZING CANDIDATE TREE SET                      |
--------------------------------------------------------------------
Generating 98 parsimony trees... 0.141 second
Computing log-likelihood of 96 initial trees ... 0.515 seconds
Current best score: -19648.430

Do NNI search on 20 best initial trees
Estimate model parameters (epsilon = 0.100)
BETTER TREE FOUND at iteration 1: -19646.242
Iteration 10 / LogL: -19646.981 / Time: 0h:0m:1s
Iteration 20 / LogL: -19646.331 / Time: 0h:0m:1s
Finish initializing candidate tree set (1)
Current best tree score: -19646.242 / CPU time: 1.428
Number of iterations: 20
--------------------------------------------------------------------
|               OPTIMIZING CANDIDATE TREE SET                      |
--------------------------------------------------------------------
Iteration 30 / LogL: -19646.298 / Time: 0h:0m:1s (0h:0m:4s left)
Iteration 40 / LogL: -19647.193 / Time: 0h:0m:2s (0h:0m:3s left)
Iteration 50 / LogL: -19646.263 / Time: 0h:0m:2s (0h:0m:2s left)
Iteration 60 / LogL: -19648.716 / Time: 0h:0m:3s (0h:0m:2s left)
UPDATE BEST LOG-LIKELIHOOD: -19646.242
Iteration 70 / LogL: -19647.022 / Time: 0h:0m:3s (0h:0m:1s left)
Iteration 80 / LogL: -19646.636 / Time: 0h:0m:4s (0h:0m:1s left)
Iteration 90 / LogL: -19647.511 / Time: 0h:0m:4s (0h:0m:0s left)
Iteration 100 / LogL: -19646.286 / Time: 0h:0m:5s (0h:0m:0s left)
TREE SEARCH COMPLETED AFTER 102 ITERATIONS / Time: 0h:0m:5s

--------------------------------------------------------------------
|                    FINALIZING TREE SEARCH                        |
--------------------------------------------------------------------
Performs final model parameters optimization
Estimate model parameters (epsilon = 0.010)
1. Initial log-likelihood: -19646.242
Optimal log-likelihood: -19646.242
Rate parameters:  A-C: 1.77094  A-G: 4.48407  A-T: 1.50290  C-G: 1.12482  C-T: 6.62004  G-T: 1.00000
Base frequencies:  A: 0.333  C: 0.182  G: 0.240  T: 0.244
Gamma shape alpha: 0.557
Parameters optimization took 1 rounds (0.007 sec)
BEST SCORE FOUND : -19646.242

Testing tree branches by SH-like aLRT with 1000 replicates...
0.166 sec.
Total tree length: 1.585

Total number of iterations: 102
CPU time used for tree search: 7.774 sec (0h:0m:7s)
Wall-clock time used for tree search: 5.025 sec (0h:0m:5s)
Total CPU time used: 8.563 sec (0h:0m:8s)
Total wall-clock time used: 5.272 sec (0h:0m:5s)

Analysis results written to: 
  IQ-TREE report:                cluster2598rr.1to1ortho.fa.aln-cln_gene41.fa.iqtree
  Maximum-likelihood tree:       cluster2598rr.1to1ortho.fa.aln-cln_gene41.fa.treefile
  Likelihood distances:          cluster2598rr.1to1ortho.fa.aln-cln_gene41.fa.mldist
  Screen log file:               cluster2598rr.1to1ortho.fa.aln-cln_gene41.fa.log

Date and Time: Mon Nov 25 10:09:18 2019
