IQ-TREE multicore version 1.6.11 for Mac OS X 64-bit built Jul 12 2019
Developed by Bui Quang Minh, Nguyen Lam Tung, Olga Chernomor,
Heiko Schmidt, Dominik Schrempf, Michael Woodhams.

Host:    slpc437 (AVX2, FMA3, 16 GB RAM)
Command: iqtree -s cluster2656rr.1to1ortho.fa.aln-cln_gene905.fa -nt 4 -m GTR+G -alrt 1000
Seed:    423385 (Using SPRNG - Scalable Parallel Random Number Generator)
Time:    Mon Nov 25 10:10:52 2019
Kernel:  AVX+FMA - 4 threads (6 CPU cores detected)

Reading alignment file cluster2656rr.1to1ortho.fa.aln-cln_gene905.fa ... Fasta format detected
Alignment most likely contains DNA/RNA sequences
Alignment has 13 sequences with 1022 columns, 445 distinct patterns
321 parsimony-informative, 144 singleton sites, 557 constant sites
           Gap/Ambiguity  Composition  p-value
   1  DrolusSFB    0.00%    passed     88.04%
   2  Dino         0.88%    passed     97.46%
   3  MJM3360      5.87%    passed     59.43%
   4  DrobinSFB    0.10%    passed     69.65%
   5  Neam         0.00%    passed     95.51%
   6  RuprSFB      6.16%    passed     97.50%
   7  Retr         8.41%    passed     73.27%
   8  Beta         4.50%    passed     65.95%
   9  Spol         4.50%    passed     99.73%
  10  MJM1652      0.39%    passed     94.45%
  11  NepSFB       0.00%    passed     96.45%
  12  WPYJ        17.51%    passed     93.68%
  13  MJM2940      0.00%    passed     77.35%
****  TOTAL        3.72%  0 sequences failed composition chi2 test (p-value<5%; df=3)

Create initial parsimony tree by phylogenetic likelihood library (PLL)... 0.001 seconds

NOTE: 0 MB RAM (0 GB) is required!
Estimate model parameters (epsilon = 0.100)
1. Initial log-likelihood: -6294.728
2. Current log-likelihood: -6037.928
3. Current log-likelihood: -6034.478
Optimal log-likelihood: -6034.435
Rate parameters:  A-C: 1.89660  A-G: 4.94217  A-T: 2.24988  C-G: 0.92895  C-T: 6.21142  G-T: 1.00000
Base frequencies:  A: 0.282  C: 0.193  G: 0.251  T: 0.274
Gamma shape alpha: 0.379
Parameters optimization took 3 rounds (0.031 sec)
Computing ML distances based on estimated model parameters... 0.001 sec
Computing BIONJ tree...
0.002 seconds
Log-likelihood of BIONJ tree: -6030.030
--------------------------------------------------------------------
|             INITIALIZING CANDIDATE TREE SET                      |
--------------------------------------------------------------------
Generating 98 parsimony trees... 0.078 second
Computing log-likelihood of 98 initial trees ... 0.406 seconds
Current best score: -6030.030

Do NNI search on 20 best initial trees
Estimate model parameters (epsilon = 0.100)
BETTER TREE FOUND at iteration 1: -6028.329
Iteration 10 / LogL: -6028.332 / Time: 0h:0m:0s
Iteration 20 / LogL: -6028.608 / Time: 0h:0m:1s
Finish initializing candidate tree set (1)
Current best tree score: -6028.329 / CPU time: 1.047
Number of iterations: 20
--------------------------------------------------------------------
|               OPTIMIZING CANDIDATE TREE SET                      |
--------------------------------------------------------------------
Iteration 30 / LogL: -6028.331 / Time: 0h:0m:1s (0h:0m:3s left)
Iteration 40 / LogL: -6028.343 / Time: 0h:0m:1s (0h:0m:2s left)
UPDATE BEST LOG-LIKELIHOOD: -6028.328
Iteration 50 / LogL: -6028.391 / Time: 0h:0m:2s (0h:0m:2s left)
Iteration 60 / LogL: -6028.548 / Time: 0h:0m:2s (0h:0m:1s left)
Iteration 70 / LogL: -6028.367 / Time: 0h:0m:2s (0h:0m:1s left)
Iteration 80 / LogL: -6028.334 / Time: 0h:0m:3s (0h:0m:0s left)
Iteration 90 / LogL: -6028.332 / Time: 0h:0m:3s (0h:0m:0s left)
Iteration 100 / LogL: -6030.181 / Time: 0h:0m:4s (0h:0m:0s left)
TREE SEARCH COMPLETED AFTER 102 ITERATIONS / Time: 0h:0m:4s

--------------------------------------------------------------------
|                    FINALIZING TREE SEARCH                        |
--------------------------------------------------------------------
Performs final model parameters optimization
Estimate model parameters (epsilon = 0.010)
1. Initial log-likelihood: -6028.328
Optimal log-likelihood: -6028.325
Rate parameters:  A-C: 1.86823  A-G: 4.99831  A-T: 2.24273  C-G: 0.91030  C-T: 6.21230  G-T: 1.00000
Base frequencies:  A: 0.282  C: 0.193  G: 0.251  T: 0.274
Gamma shape alpha: 0.381
Parameters optimization took 1 rounds (0.004 sec)
BEST SCORE FOUND : -6028.325

Testing tree branches by SH-like aLRT with 1000 replicates...
0.065 sec.
Total tree length: 1.436

Total number of iterations: 102
CPU time used for tree search: 4.265 sec (0h:0m:4s)
Wall-clock time used for tree search: 4.169 sec (0h:0m:4s)
Total CPU time used: 4.552 sec (0h:0m:4s)
Total wall-clock time used: 4.288 sec (0h:0m:4s)

Analysis results written to: 
  IQ-TREE report:                cluster2656rr.1to1ortho.fa.aln-cln_gene905.fa.iqtree
  Maximum-likelihood tree:       cluster2656rr.1to1ortho.fa.aln-cln_gene905.fa.treefile
  Likelihood distances:          cluster2656rr.1to1ortho.fa.aln-cln_gene905.fa.mldist
  Screen log file:               cluster2656rr.1to1ortho.fa.aln-cln_gene905.fa.log

Date and Time: Mon Nov 25 10:10:56 2019
