IQ-TREE multicore version 1.6.11 for Mac OS X 64-bit built Jul 12 2019
Developed by Bui Quang Minh, Nguyen Lam Tung, Olga Chernomor,
Heiko Schmidt, Dominik Schrempf, Michael Woodhams.

Host:    slpc437 (AVX2, FMA3, 16 GB RAM)
Command: iqtree -s cluster1690rr.1to1ortho.fa.aln-cln_gene405.fa -nt 4 -m GTR+G -alrt 1000
Seed:    744228 (Using SPRNG - Scalable Parallel Random Number Generator)
Time:    Mon Nov 25 09:48:05 2019
Kernel:  AVX+FMA - 4 threads (6 CPU cores detected)

Reading alignment file cluster1690rr.1to1ortho.fa.aln-cln_gene405.fa ... Fasta format detected
Alignment most likely contains DNA/RNA sequences
Alignment has 13 sequences with 834 columns, 434 distinct patterns
300 parsimony-informative, 157 singleton sites, 377 constant sites
           Gap/Ambiguity  Composition  p-value
   1  DrolusSFB    0.00%    passed     98.36%
   2  Dino        10.07%    passed     99.26%
   3  MJM3360     28.18%    passed     67.92%
   4  DrobinSFB   20.14%    passed     79.67%
   5  Neam         0.00%    passed     80.03%
   6  RuprSFB     25.90%    passed     34.07%
   7  Retr        26.62%    passed     97.75%
   8  Beta         3.96%    passed     79.17%
   9  Spol         3.24%    passed     97.27%
  10  MJM1652     10.67%    passed     68.52%
  11  NepSFB       0.00%    passed     75.07%
  12  WPYJ        26.62%    passed     92.29%
  13  MJM2940      0.00%    passed     99.33%
****  TOTAL       11.95%  0 sequences failed composition chi2 test (p-value<5%; df=3)

Create initial parsimony tree by phylogenetic likelihood library (PLL)... 0.001 seconds

NOTE: 0 MB RAM (0 GB) is required!
Estimate model parameters (epsilon = 0.100)
1. Initial log-likelihood: -5419.733
2. Current log-likelihood: -5200.957
3. Current log-likelihood: -5198.910
Optimal log-likelihood: -5198.889
Rate parameters:  A-C: 1.90584  A-G: 5.35238  A-T: 2.20074  C-G: 1.83990  C-T: 7.64013  G-T: 1.00000
Base frequencies:  A: 0.276  C: 0.187  G: 0.252  T: 0.285
Gamma shape alpha: 0.611
Parameters optimization took 3 rounds (0.031 sec)
Computing ML distances based on estimated model parameters... 0.001 sec
Computing BIONJ tree...
0.002 seconds
Log-likelihood of BIONJ tree: -5210.020
--------------------------------------------------------------------
|             INITIALIZING CANDIDATE TREE SET                      |
--------------------------------------------------------------------
Generating 98 parsimony trees... 0.076 second
Computing log-likelihood of 97 initial trees ... 0.405 seconds
Current best score: -5198.889

Do NNI search on 20 best initial trees
Estimate model parameters (epsilon = 0.100)
BETTER TREE FOUND at iteration 1: -5198.889
Iteration 10 / LogL: -5198.980 / Time: 0h:0m:0s
Iteration 20 / LogL: -5199.007 / Time: 0h:0m:1s
Finish initializing candidate tree set (2)
Current best tree score: -5198.889 / CPU time: 0.969
Number of iterations: 20
--------------------------------------------------------------------
|               OPTIMIZING CANDIDATE TREE SET                      |
--------------------------------------------------------------------
Iteration 30 / LogL: -5217.285 / Time: 0h:0m:1s (0h:0m:3s left)
Iteration 40 / LogL: -5217.060 / Time: 0h:0m:1s (0h:0m:2s left)
Iteration 50 / LogL: -5217.053 / Time: 0h:0m:2s (0h:0m:2s left)
Iteration 60 / LogL: -5203.643 / Time: 0h:0m:2s (0h:0m:1s left)
Iteration 70 / LogL: -5198.931 / Time: 0h:0m:3s (0h:0m:1s left)
Iteration 80 / LogL: -5198.980 / Time: 0h:0m:3s (0h:0m:0s left)
Iteration 90 / LogL: -5199.211 / Time: 0h:0m:3s (0h:0m:0s left)
Iteration 100 / LogL: -5199.169 / Time: 0h:0m:4s (0h:0m:0s left)
TREE SEARCH COMPLETED AFTER 102 ITERATIONS / Time: 0h:0m:4s

--------------------------------------------------------------------
|                    FINALIZING TREE SEARCH                        |
--------------------------------------------------------------------
Performs final model parameters optimization
Estimate model parameters (epsilon = 0.010)
1. Initial log-likelihood: -5198.889
Optimal log-likelihood: -5198.889
Rate parameters:  A-C: 1.90646  A-G: 5.35275  A-T: 2.20293  C-G: 1.83985  C-T: 7.65087  G-T: 1.00000
Base frequencies:  A: 0.276  C: 0.187  G: 0.252  T: 0.285
Gamma shape alpha: 0.611
Parameters optimization took 1 rounds (0.004 sec)
BEST SCORE FOUND : -5198.889

Testing tree branches by SH-like aLRT with 1000 replicates...
0.056 sec.
Total tree length: 1.801

Total number of iterations: 102
CPU time used for tree search: 4.466 sec (0h:0m:4s)
Wall-clock time used for tree search: 4.618 sec (0h:0m:4s)
Total CPU time used: 4.720 sec (0h:0m:4s)
Total wall-clock time used: 4.731 sec (0h:0m:4s)

Analysis results written to: 
  IQ-TREE report:                cluster1690rr.1to1ortho.fa.aln-cln_gene405.fa.iqtree
  Maximum-likelihood tree:       cluster1690rr.1to1ortho.fa.aln-cln_gene405.fa.treefile
  Likelihood distances:          cluster1690rr.1to1ortho.fa.aln-cln_gene405.fa.mldist
  Screen log file:               cluster1690rr.1to1ortho.fa.aln-cln_gene405.fa.log

Date and Time: Mon Nov 25 09:48:10 2019
