IQ-TREE multicore version 1.6.11 for Mac OS X 64-bit built Jul 12 2019
Developed by Bui Quang Minh, Nguyen Lam Tung, Olga Chernomor,
Heiko Schmidt, Dominik Schrempf, Michael Woodhams.

Host:    slpc437 (AVX2, FMA3, 16 GB RAM)
Command: iqtree -s cluster3922rr.1to1ortho.fa.aln-cln_gene1207.fa -nt 4 -m GTR+G -alrt 1000
Seed:    869319 (Using SPRNG - Scalable Parallel Random Number Generator)
Time:    Mon Nov 25 10:40:52 2019
Kernel:  AVX+FMA - 4 threads (6 CPU cores detected)

Reading alignment file cluster3922rr.1to1ortho.fa.aln-cln_gene1207.fa ... Fasta format detected
Alignment most likely contains DNA/RNA sequences
Alignment has 13 sequences with 2489 columns, 1046 distinct patterns
765 parsimony-informative, 405 singleton sites, 1319 constant sites
           Gap/Ambiguity  Composition  p-value
   1  DrolusSFB    6.43%    passed     94.17%
   2  Dino         0.24%    passed     54.54%
   3  MJM3360     16.47%    passed     94.28%
   4  DrobinSFB    6.35%    passed     77.05%
   5  Neam         0.00%    passed     88.83%
   6  RuprSFB     16.07%    passed     87.40%
   7  Retr         6.75%    passed     97.07%
   8  Beta        14.06%    passed     31.23%
   9  Spol        13.94%    passed     48.07%
  10  MJM1652      0.48%    passed     88.80%
  11  NepSFB       0.00%    passed     83.99%
  12  WPYJ        47.57%    passed     89.80%
  13  MJM2940      2.29%    passed     98.75%
****  TOTAL       10.05%  0 sequences failed composition chi2 test (p-value<5%; df=3)

Create initial parsimony tree by phylogenetic likelihood library (PLL)... 0.001 seconds

NOTE: 1 MB RAM (0 GB) is required!
Estimate model parameters (epsilon = 0.100)
1. Initial log-likelihood: -14791.118
2. Current log-likelihood: -14180.322
3. Current log-likelihood: -14175.796
Optimal log-likelihood: -14175.731
Rate parameters:  A-C: 2.09551  A-G: 4.94658  A-T: 1.85514  C-G: 1.74678  C-T: 7.50669  G-T: 1.00000
Base frequencies:  A: 0.276  C: 0.189  G: 0.242  T: 0.292
Gamma shape alpha: 0.467
Parameters optimization took 3 rounds (0.049 sec)
Computing ML distances based on estimated model parameters... 0.002 sec
Computing BIONJ tree...
0.002 seconds
Log-likelihood of BIONJ tree: -14174.580
--------------------------------------------------------------------
|             INITIALIZING CANDIDATE TREE SET                      |
--------------------------------------------------------------------
Generating 98 parsimony trees... 0.118 second
Computing log-likelihood of 98 initial trees ... 0.482 seconds
Current best score: -14174.580

Do NNI search on 20 best initial trees
Estimate model parameters (epsilon = 0.100)
BETTER TREE FOUND at iteration 1: -14174.576
Iteration 10 / LogL: -14174.599 / Time: 0h:0m:0s
Iteration 20 / LogL: -14174.670 / Time: 0h:0m:1s
Finish initializing candidate tree set (2)
Current best tree score: -14174.576 / CPU time: 1.217
Number of iterations: 20
--------------------------------------------------------------------
|               OPTIMIZING CANDIDATE TREE SET                      |
--------------------------------------------------------------------
Iteration 30 / LogL: -14174.982 / Time: 0h:0m:1s (0h:0m:4s left)
Iteration 40 / LogL: -14174.628 / Time: 0h:0m:2s (0h:0m:3s left)
Iteration 50 / LogL: -14174.607 / Time: 0h:0m:2s (0h:0m:2s left)
Iteration 60 / LogL: -14174.647 / Time: 0h:0m:3s (0h:0m:2s left)
Iteration 70 / LogL: -14174.692 / Time: 0h:0m:3s (0h:0m:1s left)
Iteration 80 / LogL: -14174.585 / Time: 0h:0m:4s (0h:0m:1s left)
Iteration 90 / LogL: -14174.673 / Time: 0h:0m:4s (0h:0m:0s left)
Iteration 100 / LogL: -14174.760 / Time: 0h:0m:4s (0h:0m:0s left)
TREE SEARCH COMPLETED AFTER 102 ITERATIONS / Time: 0h:0m:5s

--------------------------------------------------------------------
|                    FINALIZING TREE SEARCH                        |
--------------------------------------------------------------------
Performs final model parameters optimization
Estimate model parameters (epsilon = 0.010)
1. Initial log-likelihood: -14174.576
Optimal log-likelihood: -14174.576
Rate parameters:  A-C: 2.09714  A-G: 4.94948  A-T: 1.85801  C-G: 1.73183  C-T: 7.50889  G-T: 1.00000
Base frequencies:  A: 0.276  C: 0.189  G: 0.242  T: 0.292
Gamma shape alpha: 0.467
Parameters optimization took 1 rounds (0.006 sec)
BEST SCORE FOUND : -14174.576

Testing tree branches by SH-like aLRT with 1000 replicates...
0.134 sec.
Total tree length: 1.435

Total number of iterations: 102
CPU time used for tree search: 6.918 sec (0h:0m:6s)
Wall-clock time used for tree search: 4.937 sec (0h:0m:4s)
Total CPU time used: 7.554 sec (0h:0m:7s)
Total wall-clock time used: 5.147 sec (0h:0m:5s)

Analysis results written to: 
  IQ-TREE report:                cluster3922rr.1to1ortho.fa.aln-cln_gene1207.fa.iqtree
  Maximum-likelihood tree:       cluster3922rr.1to1ortho.fa.aln-cln_gene1207.fa.treefile
  Likelihood distances:          cluster3922rr.1to1ortho.fa.aln-cln_gene1207.fa.mldist
  Screen log file:               cluster3922rr.1to1ortho.fa.aln-cln_gene1207.fa.log

Date and Time: Mon Nov 25 10:40:58 2019
