IQ-TREE multicore version 1.6.11 for Mac OS X 64-bit built Jul 12 2019
Developed by Bui Quang Minh, Nguyen Lam Tung, Olga Chernomor,
Heiko Schmidt, Dominik Schrempf, Michael Woodhams.

Host:    slpc437 (AVX2, FMA3, 16 GB RAM)
Command: iqtree -s cluster5062rr.1to1ortho.fa.aln-cln_gene159.fa -nt 4 -m GTR+G -alrt 1000
Seed:    517584 (Using SPRNG - Scalable Parallel Random Number Generator)
Time:    Mon Nov 25 11:04:21 2019
Kernel:  AVX+FMA - 4 threads (6 CPU cores detected)

Reading alignment file cluster5062rr.1to1ortho.fa.aln-cln_gene159.fa ... Fasta format detected
Alignment most likely contains DNA/RNA sequences
Alignment has 13 sequences with 885 columns, 436 distinct patterns
303 parsimony-informative, 133 singleton sites, 449 constant sites
           Gap/Ambiguity  Composition  p-value
   1  DrolusSFB    0.00%    passed     91.76%
   2  Dino         0.00%    passed     80.65%
   3  MJM3360      4.41%    passed     91.03%
   4  DrobinSFB    2.37%    passed     31.27%
   5  Neam         0.00%    passed     99.76%
   6  RuprSFB      2.94%    passed     84.83%
   7  Retr         6.21%    passed     49.32%
   8  Beta         4.75%    passed     43.43%
   9  Spol        51.86%    passed     62.27%
  10  MJM1652      0.00%    passed     76.12%
  11  NepSFB       0.00%    passed     99.34%
  12  WPYJ        33.22%    passed     99.95%
  13  MJM2940      0.00%    passed     90.51%
WARNING: 1 sequences contain more than 50% gaps/ambiguity
****  TOTAL        8.14%  0 sequences failed composition chi2 test (p-value<5%; df=3)

Create initial parsimony tree by phylogenetic likelihood library (PLL)... 0.001 seconds

NOTE: 0 MB RAM (0 GB) is required!
Estimate model parameters (epsilon = 0.100)
1. Initial log-likelihood: -5820.343
2. Current log-likelihood: -5581.542
3. Current log-likelihood: -5579.263
Optimal log-likelihood: -5579.223
Rate parameters:  A-C: 1.61939  A-G: 4.69897  A-T: 1.28565  C-G: 1.62762  C-T: 5.45220  G-T: 1.00000
Base frequencies:  A: 0.256  C: 0.205  G: 0.217  T: 0.322
Gamma shape alpha: 0.439
Parameters optimization took 3 rounds (0.031 sec)
Computing ML distances based on estimated model parameters... 0.001 sec
Computing BIONJ tree...
0.002 seconds
Log-likelihood of BIONJ tree: -5581.379
--------------------------------------------------------------------
|             INITIALIZING CANDIDATE TREE SET                      |
--------------------------------------------------------------------
Generating 98 parsimony trees... 0.071 second
Computing log-likelihood of 98 initial trees ... 0.417 seconds
Current best score: -5578.590

Do NNI search on 20 best initial trees
Estimate model parameters (epsilon = 0.100)
BETTER TREE FOUND at iteration 1: -5578.485
Iteration 10 / LogL: -5578.558 / Time: 0h:0m:0s
Iteration 20 / LogL: -5578.564 / Time: 0h:0m:1s
Finish initializing candidate tree set (1)
Current best tree score: -5578.485 / CPU time: 0.960
Number of iterations: 20
--------------------------------------------------------------------
|               OPTIMIZING CANDIDATE TREE SET                      |
--------------------------------------------------------------------
Iteration 30 / LogL: -5578.503 / Time: 0h:0m:1s (0h:0m:3s left)
Iteration 40 / LogL: -5578.567 / Time: 0h:0m:1s (0h:0m:2s left)
Iteration 50 / LogL: -5578.540 / Time: 0h:0m:2s (0h:0m:2s left)
Iteration 60 / LogL: -5578.489 / Time: 0h:0m:2s (0h:0m:1s left)
Iteration 70 / LogL: -5578.496 / Time: 0h:0m:2s (0h:0m:1s left)
Iteration 80 / LogL: -5578.881 / Time: 0h:0m:3s (0h:0m:0s left)
UPDATE BEST LOG-LIKELIHOOD: -5578.485
Iteration 90 / LogL: -5578.623 / Time: 0h:0m:3s (0h:0m:0s left)
Iteration 100 / LogL: -5578.670 / Time: 0h:0m:3s (0h:0m:0s left)
TREE SEARCH COMPLETED AFTER 102 ITERATIONS / Time: 0h:0m:3s

--------------------------------------------------------------------
|                    FINALIZING TREE SEARCH                        |
--------------------------------------------------------------------
Performs final model parameters optimization
Estimate model parameters (epsilon = 0.010)
1. Initial log-likelihood: -5578.485
Optimal log-likelihood: -5578.485
Rate parameters:  A-C: 1.61246  A-G: 4.67269  A-T: 1.27462  C-G: 1.62065  C-T: 5.47001  G-T: 1.00000
Base frequencies:  A: 0.256  C: 0.205  G: 0.217  T: 0.322
Gamma shape alpha: 0.440
Parameters optimization took 1 rounds (0.004 sec)
BEST SCORE FOUND : -5578.485

Testing tree branches by SH-like aLRT with 1000 replicates...
0.061 sec.
Total tree length: 1.708

Total number of iterations: 102
CPU time used for tree search: 3.929 sec (0h:0m:3s)
Wall-clock time used for tree search: 3.912 sec (0h:0m:3s)
Total CPU time used: 4.194 sec (0h:0m:4s)
Total wall-clock time used: 4.029 sec (0h:0m:4s)

Analysis results written to: 
  IQ-TREE report:                cluster5062rr.1to1ortho.fa.aln-cln_gene159.fa.iqtree
  Maximum-likelihood tree:       cluster5062rr.1to1ortho.fa.aln-cln_gene159.fa.treefile
  Likelihood distances:          cluster5062rr.1to1ortho.fa.aln-cln_gene159.fa.mldist
  Screen log file:               cluster5062rr.1to1ortho.fa.aln-cln_gene159.fa.log

Date and Time: Mon Nov 25 11:04:25 2019
