IQ-TREE multicore version 1.6.11 for Mac OS X 64-bit built Jul 12 2019
Developed by Bui Quang Minh, Nguyen Lam Tung, Olga Chernomor,
Heiko Schmidt, Dominik Schrempf, Michael Woodhams.

Host:    slpc437 (AVX2, FMA3, 16 GB RAM)
Command: iqtree -s cluster646rr.1to1ortho.fa.aln-cln_gene1017.fa -nt 4 -m GTR+G -alrt 1000
Seed:    30306 (Using SPRNG - Scalable Parallel Random Number Generator)
Time:    Mon Nov 25 11:11:34 2019
Kernel:  AVX+FMA - 4 threads (6 CPU cores detected)

Reading alignment file cluster646rr.1to1ortho.fa.aln-cln_gene1017.fa ... Fasta format detected
Alignment most likely contains DNA/RNA sequences
Alignment has 13 sequences with 1038 columns, 527 distinct patterns
342 parsimony-informative, 178 singleton sites, 518 constant sites
           Gap/Ambiguity  Composition  p-value
   1  DrolusSFB    0.77%    passed     94.07%
   2  Dino         1.35%    passed     23.84%
   3  MJM3360     15.41%    passed     43.13%
   4  DrobinSFB    0.96%    passed     73.09%
   5  Neam         0.00%    passed     97.59%
   6  RuprSFB     12.43%    passed     48.47%
   7  Retr        20.23%    passed     70.13%
   8  Beta         2.50%    passed     33.58%
   9  Spol         3.08%    passed     35.92%
  10  MJM1652      3.56%    passed     21.33%
  11  NepSFB      33.82%    passed     69.68%
  12  WPYJ        73.60%    passed     47.40%
  13  MJM2940      0.00%    passed     93.98%
WARNING: 1 sequences contain more than 50% gaps/ambiguity
****  TOTAL       12.90%  0 sequences failed composition chi2 test (p-value<5%; df=3)

Create initial parsimony tree by phylogenetic likelihood library (PLL)... 0.001 seconds

NOTE: 0 MB RAM (0 GB) is required!
Estimate model parameters (epsilon = 0.100)
1. Initial log-likelihood: -6494.035
2. Current log-likelihood: -6222.818
3. Current log-likelihood: -6220.519
Optimal log-likelihood: -6220.473
Rate parameters:  A-C: 1.62686  A-G: 4.68853  A-T: 1.81456  C-G: 1.94174  C-T: 6.94996  G-T: 1.00000
Base frequencies:  A: 0.268  C: 0.176  G: 0.259  T: 0.296
Gamma shape alpha: 0.488
Parameters optimization took 3 rounds (0.034 sec)
Computing ML distances based on estimated model parameters... 0.001 sec
Computing BIONJ tree...
0.003 seconds
Log-likelihood of BIONJ tree: -6219.373
--------------------------------------------------------------------
|             INITIALIZING CANDIDATE TREE SET                      |
--------------------------------------------------------------------
Generating 98 parsimony trees... 0.078 second
Computing log-likelihood of 98 initial trees ... 0.426 seconds
Current best score: -6219.373

Do NNI search on 20 best initial trees
Estimate model parameters (epsilon = 0.100)
BETTER TREE FOUND at iteration 1: -6219.203
Estimate model parameters (epsilon = 0.100)
BETTER TREE FOUND at iteration 2: -6217.260
Iteration 10 / LogL: -6217.269 / Time: 0h:0m:0s
Iteration 20 / LogL: -6217.284 / Time: 0h:0m:1s
Finish initializing candidate tree set (2)
Current best tree score: -6217.260 / CPU time: 1.166
Number of iterations: 20
--------------------------------------------------------------------
|               OPTIMIZING CANDIDATE TREE SET                      |
--------------------------------------------------------------------
Iteration 30 / LogL: -6217.322 / Time: 0h:0m:1s (0h:0m:4s left)
Iteration 40 / LogL: -6219.210 / Time: 0h:0m:2s (0h:0m:3s left)
Iteration 50 / LogL: -6217.262 / Time: 0h:0m:2s (0h:0m:2s left)
Iteration 60 / LogL: -6225.675 / Time: 0h:0m:3s (0h:0m:2s left)
Iteration 70 / LogL: -6217.471 / Time: 0h:0m:3s (0h:0m:1s left)
Iteration 80 / LogL: -6217.263 / Time: 0h:0m:4s (0h:0m:1s left)
Iteration 90 / LogL: -6217.262 / Time: 0h:0m:4s (0h:0m:0s left)
Iteration 100 / LogL: -6219.428 / Time: 0h:0m:4s (0h:0m:0s left)
TREE SEARCH COMPLETED AFTER 103 ITERATIONS / Time: 0h:0m:5s

--------------------------------------------------------------------
|                    FINALIZING TREE SEARCH                        |
--------------------------------------------------------------------
Performs final model parameters optimization
Estimate model parameters (epsilon = 0.010)
1. Initial log-likelihood: -6217.260
Optimal log-likelihood: -6217.259
Rate parameters:  A-C: 1.64903  A-G: 4.69198  A-T: 1.80233  C-G: 1.93152  C-T: 6.97490  G-T: 1.00000
Base frequencies:  A: 0.268  C: 0.176  G: 0.259  T: 0.296
Gamma shape alpha: 0.485
Parameters optimization took 1 rounds (0.005 sec)
BEST SCORE FOUND : -6217.259

Testing tree branches by SH-like aLRT with 1000 replicates...
0.068 sec.
Total tree length: 1.609

Total number of iterations: 103
CPU time used for tree search: 5.473 sec (0h:0m:5s)
Wall-clock time used for tree search: 5.062 sec (0h:0m:5s)
Total CPU time used: 5.780 sec (0h:0m:5s)
Total wall-clock time used: 5.191 sec (0h:0m:5s)

Analysis results written to: 
  IQ-TREE report:                cluster646rr.1to1ortho.fa.aln-cln_gene1017.fa.iqtree
  Maximum-likelihood tree:       cluster646rr.1to1ortho.fa.aln-cln_gene1017.fa.treefile
  Likelihood distances:          cluster646rr.1to1ortho.fa.aln-cln_gene1017.fa.mldist
  Screen log file:               cluster646rr.1to1ortho.fa.aln-cln_gene1017.fa.log

Date and Time: Mon Nov 25 11:11:39 2019
