IQ-TREE multicore version 1.6.11 for Mac OS X 64-bit built Jul 12 2019
Developed by Bui Quang Minh, Nguyen Lam Tung, Olga Chernomor,
Heiko Schmidt, Dominik Schrempf, Michael Woodhams.

Host:    slpc437 (AVX2, FMA3, 16 GB RAM)
Command: iqtree -s cluster4783rr.1to1ortho.fa.aln-cln_gene40.fa -nt 4 -m GTR+G -alrt 1000
Seed:    723090 (Using SPRNG - Scalable Parallel Random Number Generator)
Time:    Mon Nov 25 10:57:44 2019
Kernel:  AVX+FMA - 4 threads (6 CPU cores detected)

Reading alignment file cluster4783rr.1to1ortho.fa.aln-cln_gene40.fa ... Fasta format detected
Alignment most likely contains DNA/RNA sequences
Alignment has 13 sequences with 629 columns, 354 distinct patterns
232 parsimony-informative, 107 singleton sites, 290 constant sites
           Gap/Ambiguity  Composition  p-value
   1  DrolusSFB    0.00%    passed     74.88%
   2  Dino         3.34%    passed     57.97%
   3  MJM3360     23.85%    passed     82.43%
   4  DrobinSFB   30.37%    passed     95.42%
   5  Neam         0.32%    passed     88.07%
   6  RuprSFB     26.07%    passed     72.33%
   7  Retr        17.97%    passed     56.06%
   8  Beta         6.20%    passed     78.88%
   9  Spol         6.52%    passed     75.11%
  10  MJM1652      4.29%    passed     37.05%
  11  NepSFB       0.32%    passed     82.27%
  12  WPYJ        33.07%    passed     66.30%
  13  MJM2940      0.00%    passed     73.40%
****  TOTAL       11.72%  0 sequences failed composition chi2 test (p-value<5%; df=3)

Create initial parsimony tree by phylogenetic likelihood library (PLL)... 0.001 seconds

NOTE: 0 MB RAM (0 GB) is required!
WARNING: Number of threads seems too high for short alignments. Use -nt AUTO to determine best number of threads.
Estimate model parameters (epsilon = 0.100)
1. Initial log-likelihood: -4130.887
2. Current log-likelihood: -3965.423
3. Current log-likelihood: -3946.232
4. Current log-likelihood: -3946.027
Optimal log-likelihood: -3946.018
Rate parameters:  A-C: 2.64835  A-G: 5.29352  A-T: 1.30780  C-G: 1.51513  C-T: 6.73911  G-T: 1.00000
Base frequencies:  A: 0.259  C: 0.199  G: 0.257  T: 0.285
Gamma shape alpha: 0.559
Parameters optimization took 4 rounds (0.060 sec)
Computing ML distances based on estimated model parameters... 0.001 sec
Computing BIONJ tree...
0.002 seconds
Log-likelihood of BIONJ tree: -3946.093
--------------------------------------------------------------------
|             INITIALIZING CANDIDATE TREE SET                      |
--------------------------------------------------------------------
Generating 98 parsimony trees... 0.067 second
Computing log-likelihood of 98 initial trees ... 0.404 seconds
Current best score: -3944.140

Do NNI search on 20 best initial trees
Estimate model parameters (epsilon = 0.100)
BETTER TREE FOUND at iteration 1: -3941.985
Iteration 10 / LogL: -3941.986 / Time: 0h:0m:0s
Iteration 20 / LogL: -3946.131 / Time: 0h:0m:1s
Finish initializing candidate tree set (3)
Current best tree score: -3941.985 / CPU time: 1.033
Number of iterations: 20
--------------------------------------------------------------------
|               OPTIMIZING CANDIDATE TREE SET                      |
--------------------------------------------------------------------
Iteration 30 / LogL: -3946.099 / Time: 0h:0m:1s (0h:0m:3s left)
Iteration 40 / LogL: -3946.274 / Time: 0h:0m:1s (0h:0m:2s left)
Iteration 50 / LogL: -3941.988 / Time: 0h:0m:2s (0h:0m:2s left)
Iteration 60 / LogL: -3941.991 / Time: 0h:0m:2s (0h:0m:1s left)
UPDATE BEST LOG-LIKELIHOOD: -3941.984
Iteration 70 / LogL: -3946.097 / Time: 0h:0m:3s (0h:0m:1s left)
Iteration 80 / LogL: -3946.131 / Time: 0h:0m:3s (0h:0m:0s left)
Iteration 90 / LogL: -3946.160 / Time: 0h:0m:3s (0h:0m:0s left)
Iteration 100 / LogL: -3941.986 / Time: 0h:0m:4s (0h:0m:0s left)
TREE SEARCH COMPLETED AFTER 102 ITERATIONS / Time: 0h:0m:4s

--------------------------------------------------------------------
|                    FINALIZING TREE SEARCH                        |
--------------------------------------------------------------------
Performs final model parameters optimization
Estimate model parameters (epsilon = 0.010)
1. Initial log-likelihood: -3941.984
Optimal log-likelihood: -3941.983
Rate parameters:  A-C: 2.67932  A-G: 5.23672  A-T: 1.36436  C-G: 1.50696  C-T: 6.74953  G-T: 1.00000
Base frequencies:  A: 0.259  C: 0.199  G: 0.257  T: 0.285
Gamma shape alpha: 0.550
Parameters optimization took 1 rounds (0.004 sec)
BEST SCORE FOUND : -3941.983

Testing tree branches by SH-like aLRT with 1000 replicates...
0.047 sec.
Total tree length: 1.915

Total number of iterations: 102
CPU time used for tree search: 4.034 sec (0h:0m:4s)
Wall-clock time used for tree search: 4.290 sec (0h:0m:4s)
Total CPU time used: 4.300 sec (0h:0m:4s)
Total wall-clock time used: 4.421 sec (0h:0m:4s)

Analysis results written to: 
  IQ-TREE report:                cluster4783rr.1to1ortho.fa.aln-cln_gene40.fa.iqtree
  Maximum-likelihood tree:       cluster4783rr.1to1ortho.fa.aln-cln_gene40.fa.treefile
  Likelihood distances:          cluster4783rr.1to1ortho.fa.aln-cln_gene40.fa.mldist
  Screen log file:               cluster4783rr.1to1ortho.fa.aln-cln_gene40.fa.log

Date and Time: Mon Nov 25 10:57:49 2019
