IQ-TREE multicore version 1.6.11 for Mac OS X 64-bit built Jul 12 2019
Developed by Bui Quang Minh, Nguyen Lam Tung, Olga Chernomor,
Heiko Schmidt, Dominik Schrempf, Michael Woodhams.

Host:    slpc437 (AVX2, FMA3, 16 GB RAM)
Command: iqtree -s cluster1765rr.1to1ortho.fa.aln-cln_gene548.fa -nt 4 -m GTR+G -alrt 1000
Seed:    288581 (Using SPRNG - Scalable Parallel Random Number Generator)
Time:    Mon Nov 25 09:48:37 2019
Kernel:  AVX+FMA - 4 threads (6 CPU cores detected)

Reading alignment file cluster1765rr.1to1ortho.fa.aln-cln_gene548.fa ... Fasta format detected
Alignment most likely contains DNA/RNA sequences
Alignment has 13 sequences with 858 columns, 380 distinct patterns
272 parsimony-informative, 122 singleton sites, 464 constant sites
           Gap/Ambiguity  Composition  p-value
   1  DrolusSFB    1.28%    passed     69.72%
   2  Dino         0.82%    passed     87.31%
   3  MJM3360      0.47%    passed     88.97%
   4  DrobinSFB    0.23%    passed     85.24%
   5  Neam         0.23%    passed     93.38%
   6  RuprSFB      1.75%    passed     96.78%
   7  Retr         1.75%    passed     85.61%
   8  Beta         1.05%    passed     51.32%
   9  Spol         0.82%    passed     98.58%
  10  MJM1652     11.42%    passed     33.22%
  11  NepSFB       0.23%    passed     91.67%
  12  WPYJ        30.54%    passed     68.48%
  13  MJM2940      0.23%    passed     88.28%
****  TOTAL        3.91%  0 sequences failed composition chi2 test (p-value<5%; df=3)

Create initial parsimony tree by phylogenetic likelihood library (PLL)... 0.001 seconds

NOTE: 0 MB RAM (0 GB) is required!
WARNING: Number of threads seems too high for short alignments. Use -nt AUTO to determine best number of threads.
Estimate model parameters (epsilon = 0.100)
1. Initial log-likelihood: -5323.402
2. Current log-likelihood: -5136.517
3. Current log-likelihood: -5134.346
Optimal log-likelihood: -5134.332
Rate parameters:  A-C: 1.98518  A-G: 5.13096  A-T: 2.12465  C-G: 1.61653  C-T: 5.95687  G-T: 1.00000
Base frequencies:  A: 0.262  C: 0.208  G: 0.246  T: 0.284
Gamma shape alpha: 0.411
Parameters optimization took 3 rounds (0.034 sec)
Computing ML distances based on estimated model parameters... 0.001 sec
Computing BIONJ tree...
0.002 seconds
Log-likelihood of BIONJ tree: -5134.000
--------------------------------------------------------------------
|             INITIALIZING CANDIDATE TREE SET                      |
--------------------------------------------------------------------
Generating 98 parsimony trees... 0.066 second
Computing log-likelihood of 98 initial trees ... 0.399 seconds
Current best score: -5134.000

Do NNI search on 20 best initial trees
Estimate model parameters (epsilon = 0.100)
BETTER TREE FOUND at iteration 1: -5133.998
Iteration 10 / LogL: -5136.414 / Time: 0h:0m:0s
Iteration 20 / LogL: -5134.024 / Time: 0h:0m:1s
Finish initializing candidate tree set (2)
Current best tree score: -5133.998 / CPU time: 1.011
Number of iterations: 20
--------------------------------------------------------------------
|               OPTIMIZING CANDIDATE TREE SET                      |
--------------------------------------------------------------------
Iteration 30 / LogL: -5134.267 / Time: 0h:0m:1s (0h:0m:3s left)
Iteration 40 / LogL: -5138.980 / Time: 0h:0m:1s (0h:0m:2s left)
Iteration 50 / LogL: -5134.000 / Time: 0h:0m:2s (0h:0m:2s left)
Iteration 60 / LogL: -5134.010 / Time: 0h:0m:2s (0h:0m:1s left)
Iteration 70 / LogL: -5134.015 / Time: 0h:0m:3s (0h:0m:1s left)
Iteration 80 / LogL: -5136.281 / Time: 0h:0m:3s (0h:0m:0s left)
Iteration 90 / LogL: -5134.438 / Time: 0h:0m:3s (0h:0m:0s left)
Iteration 100 / LogL: -5133.999 / Time: 0h:0m:4s (0h:0m:0s left)
TREE SEARCH COMPLETED AFTER 102 ITERATIONS / Time: 0h:0m:4s

--------------------------------------------------------------------
|                    FINALIZING TREE SEARCH                        |
--------------------------------------------------------------------
Performs final model parameters optimization
Estimate model parameters (epsilon = 0.010)
1. Initial log-likelihood: -5133.998
Optimal log-likelihood: -5133.997
Rate parameters:  A-C: 1.98813  A-G: 5.15033  A-T: 2.13011  C-G: 1.61456  C-T: 5.95254  G-T: 1.00000
Base frequencies:  A: 0.262  C: 0.208  G: 0.246  T: 0.284
Gamma shape alpha: 0.411
Parameters optimization took 1 rounds (0.004 sec)
BEST SCORE FOUND : -5133.997

Testing tree branches by SH-like aLRT with 1000 replicates...
0.061 sec.
Total tree length: 1.358

Total number of iterations: 102
CPU time used for tree search: 4.186 sec (0h:0m:4s)
Wall-clock time used for tree search: 4.340 sec (0h:0m:4s)
Total CPU time used: 4.444 sec (0h:0m:4s)
Total wall-clock time used: 4.456 sec (0h:0m:4s)

Analysis results written to: 
  IQ-TREE report:                cluster1765rr.1to1ortho.fa.aln-cln_gene548.fa.iqtree
  Maximum-likelihood tree:       cluster1765rr.1to1ortho.fa.aln-cln_gene548.fa.treefile
  Likelihood distances:          cluster1765rr.1to1ortho.fa.aln-cln_gene548.fa.mldist
  Screen log file:               cluster1765rr.1to1ortho.fa.aln-cln_gene548.fa.log

Date and Time: Mon Nov 25 09:48:41 2019
