IQ-TREE multicore version 1.6.11 for Mac OS X 64-bit built Jul 12 2019
Developed by Bui Quang Minh, Nguyen Lam Tung, Olga Chernomor,
Heiko Schmidt, Dominik Schrempf, Michael Woodhams.

Host:    slpc437 (AVX2, FMA3, 16 GB RAM)
Command: iqtree -s cluster290rr.1to1ortho.fa.aln-cln_gene66.fa -nt 4 -m GTR+G -alrt 1000
Seed:    920992 (Using SPRNG - Scalable Parallel Random Number Generator)
Time:    Mon Nov 25 10:17:12 2019
Kernel:  AVX+FMA - 4 threads (6 CPU cores detected)

Reading alignment file cluster290rr.1to1ortho.fa.aln-cln_gene66.fa ... Fasta format detected
Alignment most likely contains DNA/RNA sequences
Alignment has 13 sequences with 1343 columns, 730 distinct patterns
505 parsimony-informative, 257 singleton sites, 581 constant sites
           Gap/Ambiguity  Composition  p-value
   1  DrolusSFB   14.15%    passed     85.84%
   2  Dino         2.53%    passed     43.41%
   3  MJM3360     25.84%    passed     94.72%
   4  DrobinSFB   23.98%    passed     40.90%
   5  Neam         0.45%    passed     38.53%
   6  RuprSFB     18.62%    passed     95.59%
   7  Retr        56.96%    passed     80.05%
   8  Beta        10.20%    passed     98.47%
   9  Spol         9.53%    passed     57.77%
  10  MJM1652      0.97%    failed      2.77%
  11  NepSFB       0.45%    passed     30.26%
  12  WPYJ        26.14%    passed     62.98%
  13  MJM2940      0.52%    passed     99.07%
WARNING: 1 sequences contain more than 50% gaps/ambiguity
****  TOTAL       14.64%  1 sequences failed composition chi2 test (p-value<5%; df=3)

Create initial parsimony tree by phylogenetic likelihood library (PLL)... 0.001 seconds

NOTE: 1 MB RAM (0 GB) is required!
Estimate model parameters (epsilon = 0.100)
1. Initial log-likelihood: -8835.155
2. Current log-likelihood: -8484.589
3. Current log-likelihood: -8481.514
Optimal log-likelihood: -8481.477
Rate parameters:  A-C: 2.15462  A-G: 5.55015  A-T: 1.58413  C-G: 2.36539  C-T: 6.26669  G-T: 1.00000
Base frequencies:  A: 0.271  C: 0.196  G: 0.234  T: 0.299
Gamma shape alpha: 0.634
Parameters optimization took 3 rounds (0.046 sec)
Computing ML distances based on estimated model parameters... 0.001 sec
Computing BIONJ tree...
0.002 seconds
Log-likelihood of BIONJ tree: -8480.887
--------------------------------------------------------------------
|             INITIALIZING CANDIDATE TREE SET                      |
--------------------------------------------------------------------
Generating 98 parsimony trees... 0.090 second
Computing log-likelihood of 98 initial trees ... 0.463 seconds
Current best score: -8480.887

Do NNI search on 20 best initial trees
Estimate model parameters (epsilon = 0.100)
BETTER TREE FOUND at iteration 1: -8476.866
Iteration 10 / LogL: -8476.883 / Time: 0h:0m:0s
Iteration 20 / LogL: -8476.885 / Time: 0h:0m:1s
Finish initializing candidate tree set (3)
Current best tree score: -8476.866 / CPU time: 1.385
Number of iterations: 20
--------------------------------------------------------------------
|               OPTIMIZING CANDIDATE TREE SET                      |
--------------------------------------------------------------------
Iteration 30 / LogL: -8476.892 / Time: 0h:0m:1s (0h:0m:4s left)
Iteration 40 / LogL: -8482.240 / Time: 0h:0m:2s (0h:0m:3s left)
Iteration 50 / LogL: -8477.602 / Time: 0h:0m:2s (0h:0m:2s left)
Iteration 60 / LogL: -8477.009 / Time: 0h:0m:3s (0h:0m:2s left)
Iteration 70 / LogL: -8476.990 / Time: 0h:0m:3s (0h:0m:1s left)
Iteration 80 / LogL: -8476.901 / Time: 0h:0m:4s (0h:0m:1s left)
Iteration 90 / LogL: -8476.875 / Time: 0h:0m:4s (0h:0m:0s left)
Iteration 100 / LogL: -8484.314 / Time: 0h:0m:5s (0h:0m:0s left)
TREE SEARCH COMPLETED AFTER 102 ITERATIONS / Time: 0h:0m:5s

--------------------------------------------------------------------
|                    FINALIZING TREE SEARCH                        |
--------------------------------------------------------------------
Performs final model parameters optimization
Estimate model parameters (epsilon = 0.010)
1. Initial log-likelihood: -8476.866
Optimal log-likelihood: -8476.865
Rate parameters:  A-C: 2.11481  A-G: 5.54682  A-T: 1.57998  C-G: 2.33535  C-T: 6.22689  G-T: 1.00000
Base frequencies:  A: 0.271  C: 0.196  G: 0.234  T: 0.299
Gamma shape alpha: 0.635
Parameters optimization took 1 rounds (0.005 sec)
BEST SCORE FOUND : -8476.865

Testing tree branches by SH-like aLRT with 1000 replicates...
0.085 sec.
Total tree length: 1.967

Total number of iterations: 102
CPU time used for tree search: 6.224 sec (0h:0m:6s)
Wall-clock time used for tree search: 5.102 sec (0h:0m:5s)
Total CPU time used: 6.633 sec (0h:0m:6s)
Total wall-clock time used: 5.260 sec (0h:0m:5s)

Analysis results written to: 
  IQ-TREE report:                cluster290rr.1to1ortho.fa.aln-cln_gene66.fa.iqtree
  Maximum-likelihood tree:       cluster290rr.1to1ortho.fa.aln-cln_gene66.fa.treefile
  Likelihood distances:          cluster290rr.1to1ortho.fa.aln-cln_gene66.fa.mldist
  Screen log file:               cluster290rr.1to1ortho.fa.aln-cln_gene66.fa.log

Date and Time: Mon Nov 25 10:17:18 2019
