IQ-TREE multicore version 1.6.11 for Mac OS X 64-bit built Jul 12 2019
Developed by Bui Quang Minh, Nguyen Lam Tung, Olga Chernomor,
Heiko Schmidt, Dominik Schrempf, Michael Woodhams.

Host:    slpc437 (AVX2, FMA3, 16 GB RAM)
Command: iqtree -s cluster364rr.1to1ortho.fa.aln-cln_gene1103.fa -nt 4 -m GTR+G -alrt 1000
Seed:    645399 (Using SPRNG - Scalable Parallel Random Number Generator)
Time:    Mon Nov 25 10:33:41 2019
Kernel:  AVX+FMA - 4 threads (6 CPU cores detected)

Reading alignment file cluster364rr.1to1ortho.fa.aln-cln_gene1103.fa ... Fasta format detected
Alignment most likely contains DNA/RNA sequences
Alignment has 13 sequences with 1408 columns, 694 distinct patterns
430 parsimony-informative, 272 singleton sites, 706 constant sites
           Gap/Ambiguity  Composition  p-value
   1  DrolusSFB    0.92%    passed     57.39%
   2  Dino        44.82%    passed     38.38%
   3  MJM3360      8.38%    passed     65.34%
   4  DrobinSFB    6.18%    failed      0.33%
   5  Neam        39.28%    passed     90.28%
   6  RuprSFB     11.15%    passed     93.76%
   7  Retr        71.24%    failed      2.20%
   8  Beta         1.28%    passed     23.20%
   9  Spol         2.49%    passed     87.83%
  10  MJM1652     48.93%    passed     63.87%
  11  NepSFB      37.78%    passed     92.01%
  12  WPYJ        53.20%    passed     17.83%
  13  MJM2940      0.50%    passed     90.08%
WARNING: 2 sequences contain more than 50% gaps/ambiguity
****  TOTAL       25.09%  2 sequences failed composition chi2 test (p-value<5%; df=3)

Create initial parsimony tree by phylogenetic likelihood library (PLL)... 0.001 seconds

NOTE: 1 MB RAM (0 GB) is required!
Estimate model parameters (epsilon = 0.100)
1. Initial log-likelihood: -8256.609
2. Current log-likelihood: -7947.651
3. Current log-likelihood: -7944.057
Optimal log-likelihood: -7943.995
Rate parameters:  A-C: 2.70533  A-G: 5.18085  A-T: 2.03686  C-G: 1.57747  C-T: 6.47432  G-T: 1.00000
Base frequencies:  A: 0.257  C: 0.199  G: 0.261  T: 0.284
Gamma shape alpha: 0.523
Parameters optimization took 3 rounds (0.038 sec)
Computing ML distances based on estimated model parameters... 0.001 sec
WARNING: Some pairwise ML distances are too long (saturated)
Computing BIONJ tree...
0.002 seconds
Log-likelihood of BIONJ tree: -7946.372
--------------------------------------------------------------------
|             INITIALIZING CANDIDATE TREE SET                      |
--------------------------------------------------------------------
Generating 98 parsimony trees... 0.097 second
Computing log-likelihood of 97 initial trees ... 0.466 seconds
Current best score: -7943.995

Do NNI search on 20 best initial trees
Estimate model parameters (epsilon = 0.100)
BETTER TREE FOUND at iteration 1: -7943.251
Iteration 10 / LogL: -7943.340 / Time: 0h:0m:0s
Iteration 20 / LogL: -7943.277 / Time: 0h:0m:1s
Finish initializing candidate tree set (2)
Current best tree score: -7943.251 / CPU time: 1.247
Number of iterations: 20
--------------------------------------------------------------------
|               OPTIMIZING CANDIDATE TREE SET                      |
--------------------------------------------------------------------
Iteration 30 / LogL: -7944.738 / Time: 0h:0m:1s (0h:0m:4s left)
Iteration 40 / LogL: -7943.364 / Time: 0h:0m:2s (0h:0m:3s left)
Iteration 50 / LogL: -7951.604 / Time: 0h:0m:2s (0h:0m:2s left)
Iteration 60 / LogL: -7944.583 / Time: 0h:0m:3s (0h:0m:2s left)
Iteration 70 / LogL: -7944.871 / Time: 0h:0m:3s (0h:0m:1s left)
Iteration 80 / LogL: -7943.308 / Time: 0h:0m:4s (0h:0m:1s left)
Iteration 90 / LogL: -7943.351 / Time: 0h:0m:4s (0h:0m:0s left)
UPDATE BEST LOG-LIKELIHOOD: -7943.251
Iteration 100 / LogL: -7948.057 / Time: 0h:0m:5s (0h:0m:0s left)
TREE SEARCH COMPLETED AFTER 102 ITERATIONS / Time: 0h:0m:5s

--------------------------------------------------------------------
|                    FINALIZING TREE SEARCH                        |
--------------------------------------------------------------------
Performs final model parameters optimization
Estimate model parameters (epsilon = 0.010)
1. Initial log-likelihood: -7943.251
Optimal log-likelihood: -7943.251
Rate parameters:  A-C: 2.69878  A-G: 5.18644  A-T: 2.02630  C-G: 1.54352  C-T: 6.48700  G-T: 1.00000
Base frequencies:  A: 0.257  C: 0.199  G: 0.261  T: 0.284
Gamma shape alpha: 0.525
Parameters optimization took 1 rounds (0.005 sec)
BEST SCORE FOUND : -7943.251

Testing tree branches by SH-like aLRT with 1000 replicates...
0.084 sec.
Total tree length: 1.677

Total number of iterations: 102
CPU time used for tree search: 6.027 sec (0h:0m:6s)
Wall-clock time used for tree search: 5.077 sec (0h:0m:5s)
Total CPU time used: 6.438 sec (0h:0m:6s)
Total wall-clock time used: 5.237 sec (0h:0m:5s)

Analysis results written to: 
  IQ-TREE report:                cluster364rr.1to1ortho.fa.aln-cln_gene1103.fa.iqtree
  Maximum-likelihood tree:       cluster364rr.1to1ortho.fa.aln-cln_gene1103.fa.treefile
  Likelihood distances:          cluster364rr.1to1ortho.fa.aln-cln_gene1103.fa.mldist
  Screen log file:               cluster364rr.1to1ortho.fa.aln-cln_gene1103.fa.log

Date and Time: Mon Nov 25 10:33:46 2019
