IQ-TREE multicore version 1.6.11 for Mac OS X 64-bit built Jul 12 2019
Developed by Bui Quang Minh, Nguyen Lam Tung, Olga Chernomor,
Heiko Schmidt, Dominik Schrempf, Michael Woodhams.

Host:    slpc437 (AVX2, FMA3, 16 GB RAM)
Command: iqtree -s cluster1841rr.1to1ortho.fa.aln-cln_gene767.fa -nt 4 -m GTR+G -alrt 1000
Seed:    393875 (Using SPRNG - Scalable Parallel Random Number Generator)
Time:    Mon Nov 25 09:50:17 2019
Kernel:  AVX+FMA - 4 threads (6 CPU cores detected)

Reading alignment file cluster1841rr.1to1ortho.fa.aln-cln_gene767.fa ... Fasta format detected
Alignment most likely contains DNA/RNA sequences
Alignment has 13 sequences with 1606 columns, 764 distinct patterns
590 parsimony-informative, 245 singleton sites, 771 constant sites
           Gap/Ambiguity  Composition  p-value
   1  DrolusSFB    0.62%    passed     90.32%
   2  Dino         0.00%    passed     78.72%
   3  MJM3360      4.42%    passed     90.86%
   4  DrobinSFB    8.09%    passed     80.94%
   5  Neam         0.25%    passed     38.40%
   6  RuprSFB      0.00%    passed     96.38%
   7  Retr         0.19%    passed     99.95%
   8  Beta         0.81%    passed     24.08%
   9  Spol         0.44%    passed     26.02%
  10  MJM1652      0.19%    passed     91.53%
  11  NepSFB       0.25%    passed     33.49%
  12  WPYJ        53.11%    passed     86.56%
  13  MJM2940      1.25%    passed     75.53%
WARNING: 1 sequences contain more than 50% gaps/ambiguity
****  TOTAL        5.35%  0 sequences failed composition chi2 test (p-value<5%; df=3)

Create initial parsimony tree by phylogenetic likelihood library (PLL)... 0.001 seconds

NOTE: 1 MB RAM (0 GB) is required!
Estimate model parameters (epsilon = 0.100)
1. Initial log-likelihood: -11099.954
2. Current log-likelihood: -10694.719
3. Current log-likelihood: -10644.190
4. Current log-likelihood: -10643.400
Optimal log-likelihood: -10643.378
Rate parameters:  A-C: 1.43946  A-G: 4.59693  A-T: 1.56569  C-G: 1.35248  C-T: 5.09676  G-T: 1.00000
Base frequencies:  A: 0.273  C: 0.217  G: 0.244  T: 0.266
Gamma shape alpha: 0.469
Parameters optimization took 4 rounds (0.072 sec)
Computing ML distances based on estimated model parameters... 0.001 sec
Computing BIONJ tree...
0.004 seconds
Log-likelihood of BIONJ tree: -10641.400
--------------------------------------------------------------------
|             INITIALIZING CANDIDATE TREE SET                      |
--------------------------------------------------------------------
Generating 98 parsimony trees... 0.095 second
Computing log-likelihood of 97 initial trees ... 0.448 seconds
Current best score: -10641.328

Do NNI search on 20 best initial trees
Estimate model parameters (epsilon = 0.100)
BETTER TREE FOUND at iteration 1: -10641.061
Iteration 10 / LogL: -10641.066 / Time: 0h:0m:0s
Iteration 20 / LogL: -10641.065 / Time: 0h:0m:1s
Finish initializing candidate tree set (2)
Current best tree score: -10641.061 / CPU time: 1.183
Number of iterations: 20
--------------------------------------------------------------------
|               OPTIMIZING CANDIDATE TREE SET                      |
--------------------------------------------------------------------
Iteration 30 / LogL: -10641.096 / Time: 0h:0m:1s (0h:0m:4s left)
Iteration 40 / LogL: -10642.928 / Time: 0h:0m:2s (0h:0m:3s left)
Iteration 50 / LogL: -10641.071 / Time: 0h:0m:2s (0h:0m:2s left)
Iteration 60 / LogL: -10641.068 / Time: 0h:0m:2s (0h:0m:2s left)
Iteration 70 / LogL: -10641.076 / Time: 0h:0m:3s (0h:0m:1s left)
Iteration 80 / LogL: -10641.076 / Time: 0h:0m:3s (0h:0m:1s left)
Iteration 90 / LogL: -10641.065 / Time: 0h:0m:4s (0h:0m:0s left)
Iteration 100 / LogL: -10642.918 / Time: 0h:0m:4s (0h:0m:0s left)
TREE SEARCH COMPLETED AFTER 102 ITERATIONS / Time: 0h:0m:4s

--------------------------------------------------------------------
|                    FINALIZING TREE SEARCH                        |
--------------------------------------------------------------------
Performs final model parameters optimization
Estimate model parameters (epsilon = 0.010)
1. Initial log-likelihood: -10641.061
Optimal log-likelihood: -10641.061
Rate parameters:  A-C: 1.40186  A-G: 4.51623  A-T: 1.53273  C-G: 1.32132  C-T: 4.96228  G-T: 1.00000
Base frequencies:  A: 0.273  C: 0.217  G: 0.244  T: 0.266
Gamma shape alpha: 0.469
Parameters optimization took 1 rounds (0.005 sec)
BEST SCORE FOUND : -10641.061

Testing tree branches by SH-like aLRT with 1000 replicates...
0.093 sec.
Total tree length: 1.772

Total number of iterations: 102
CPU time used for tree search: 5.854 sec (0h:0m:5s)
Wall-clock time used for tree search: 4.705 sec (0h:0m:4s)
Total CPU time used: 6.367 sec (0h:0m:6s)
Total wall-clock time used: 4.897 sec (0h:0m:4s)

Analysis results written to: 
  IQ-TREE report:                cluster1841rr.1to1ortho.fa.aln-cln_gene767.fa.iqtree
  Maximum-likelihood tree:       cluster1841rr.1to1ortho.fa.aln-cln_gene767.fa.treefile
  Likelihood distances:          cluster1841rr.1to1ortho.fa.aln-cln_gene767.fa.mldist
  Screen log file:               cluster1841rr.1to1ortho.fa.aln-cln_gene767.fa.log

Date and Time: Mon Nov 25 09:50:22 2019
