IQ-TREE multicore version 1.6.11 for Mac OS X 64-bit built Jul 12 2019
Developed by Bui Quang Minh, Nguyen Lam Tung, Olga Chernomor,
Heiko Schmidt, Dominik Schrempf, Michael Woodhams.

Host:    slpc437 (AVX2, FMA3, 16 GB RAM)
Command: iqtree -s cluster4944rr.1to1ortho.fa.aln-cln_gene232.fa -nt 4 -m GTR+G -alrt 1000
Seed:    699765 (Using SPRNG - Scalable Parallel Random Number Generator)
Time:    Mon Nov 25 11:02:02 2019
Kernel:  AVX+FMA - 4 threads (6 CPU cores detected)

Reading alignment file cluster4944rr.1to1ortho.fa.aln-cln_gene232.fa ... Fasta format detected
Alignment most likely contains DNA/RNA sequences
Alignment has 13 sequences with 1866 columns, 1122 distinct patterns
788 parsimony-informative, 383 singleton sites, 695 constant sites
           Gap/Ambiguity  Composition  p-value
   1  DrolusSFB    5.31%    failed      3.54%
   2  Dino         7.13%    passed     35.03%
   3  MJM3360     50.75%    passed     61.11%
   4  DrobinSFB    6.91%    passed      8.23%
   5  Neam         5.14%    passed     24.11%
   6  RuprSFB     52.04%    passed     39.71%
   7  Retr        21.11%    passed     13.33%
   8  Beta        34.14%    failed      0.10%
   9  Spol        34.78%    failed      0.95%
  10  MJM1652      9.32%    passed     54.11%
  11  NepSFB       4.98%    passed     32.05%
  12  WPYJ         4.29%    passed     11.42%
  13  MJM2940      5.57%    passed     50.16%
WARNING: 2 sequences contain more than 50% gaps/ambiguity
****  TOTAL       18.58%  3 sequences failed composition chi2 test (p-value<5%; df=3)

Create initial parsimony tree by phylogenetic likelihood library (PLL)... 0.001 seconds

NOTE: 1 MB RAM (0 GB) is required!
Estimate model parameters (epsilon = 0.100)
1. Initial log-likelihood: -13254.306
2. Current log-likelihood: -12799.960
3. Current log-likelihood: -12797.578
Optimal log-likelihood: -12797.555
Rate parameters:  A-C: 1.47594  A-G: 2.42521  A-T: 0.87517  C-G: 0.96895  C-T: 4.79258  G-T: 1.00000
Base frequencies:  A: 0.313  C: 0.154  G: 0.307  T: 0.226
Gamma shape alpha: 0.839
Parameters optimization took 3 rounds (0.075 sec)
Computing ML distances based on estimated model parameters... 0.002 sec
Computing BIONJ tree...
0.002 seconds
Log-likelihood of BIONJ tree: -12824.531
--------------------------------------------------------------------
|             INITIALIZING CANDIDATE TREE SET                      |
--------------------------------------------------------------------
Generating 98 parsimony trees... 0.117 second
Computing log-likelihood of 98 initial trees ... 0.502 seconds
Current best score: -12797.555

Do NNI search on 20 best initial trees
Estimate model parameters (epsilon = 0.100)
BETTER TREE FOUND at iteration 1: -12797.555
Iteration 10 / LogL: -12808.135 / Time: 0h:0m:0s
Iteration 20 / LogL: -12797.730 / Time: 0h:0m:1s
Finish initializing candidate tree set (3)
Current best tree score: -12797.555 / CPU time: 1.235
Number of iterations: 20
--------------------------------------------------------------------
|               OPTIMIZING CANDIDATE TREE SET                      |
--------------------------------------------------------------------
Iteration 30 / LogL: -12807.510 / Time: 0h:0m:1s (0h:0m:4s left)
Iteration 40 / LogL: -12820.004 / Time: 0h:0m:2s (0h:0m:3s left)
Iteration 50 / LogL: -12797.595 / Time: 0h:0m:2s (0h:0m:2s left)
Iteration 60 / LogL: -12807.525 / Time: 0h:0m:3s (0h:0m:2s left)
Iteration 70 / LogL: -12819.825 / Time: 0h:0m:3s (0h:0m:1s left)
Iteration 80 / LogL: -12807.538 / Time: 0h:0m:3s (0h:0m:1s left)
Iteration 90 / LogL: -12820.138 / Time: 0h:0m:4s (0h:0m:0s left)
Iteration 100 / LogL: -12807.493 / Time: 0h:0m:4s (0h:0m:0s left)
TREE SEARCH COMPLETED AFTER 102 ITERATIONS / Time: 0h:0m:4s

--------------------------------------------------------------------
|                    FINALIZING TREE SEARCH                        |
--------------------------------------------------------------------
Performs final model parameters optimization
Estimate model parameters (epsilon = 0.010)
1. Initial log-likelihood: -12797.555
Optimal log-likelihood: -12797.554
Rate parameters:  A-C: 1.47634  A-G: 2.42434  A-T: 0.87531  C-G: 0.96824  C-T: 4.79562  G-T: 1.00000
Base frequencies:  A: 0.313  C: 0.154  G: 0.307  T: 0.226
Gamma shape alpha: 0.839
Parameters optimization took 1 rounds (0.006 sec)
BEST SCORE FOUND : -12797.554

Testing tree branches by SH-like aLRT with 1000 replicates...
0.110 sec.
Total tree length: 2.332

Total number of iterations: 102
CPU time used for tree search: 6.951 sec (0h:0m:6s)
Wall-clock time used for tree search: 4.857 sec (0h:0m:4s)
Total CPU time used: 7.564 sec (0h:0m:7s)
Total wall-clock time used: 5.071 sec (0h:0m:5s)

Analysis results written to: 
  IQ-TREE report:                cluster4944rr.1to1ortho.fa.aln-cln_gene232.fa.iqtree
  Maximum-likelihood tree:       cluster4944rr.1to1ortho.fa.aln-cln_gene232.fa.treefile
  Likelihood distances:          cluster4944rr.1to1ortho.fa.aln-cln_gene232.fa.mldist
  Screen log file:               cluster4944rr.1to1ortho.fa.aln-cln_gene232.fa.log

Date and Time: Mon Nov 25 11:02:07 2019
