IQ-TREE multicore version 1.6.11 for Mac OS X 64-bit built Jul 12 2019
Developed by Bui Quang Minh, Nguyen Lam Tung, Olga Chernomor,
Heiko Schmidt, Dominik Schrempf, Michael Woodhams.

Host:    slpc437 (AVX2, FMA3, 16 GB RAM)
Command: iqtree -s cluster3024rr.1to1ortho.fa.aln-cln_gene647.fa -nt 4 -m GTR+G -alrt 1000
Seed:    177717 (Using SPRNG - Scalable Parallel Random Number Generator)
Time:    Mon Nov 25 10:20:23 2019
Kernel:  AVX+FMA - 4 threads (6 CPU cores detected)

Reading alignment file cluster3024rr.1to1ortho.fa.aln-cln_gene647.fa ... Fasta format detected
Alignment most likely contains DNA/RNA sequences
Alignment has 13 sequences with 1046 columns, 427 distinct patterns
309 parsimony-informative, 124 singleton sites, 613 constant sites
           Gap/Ambiguity  Composition  p-value
   1  DrolusSFB    0.76%    passed     93.99%
   2  Dino         1.91%    passed     74.08%
   3  MJM3360     10.99%    passed     86.85%
   4  DrobinSFB    2.77%    passed     65.99%
   5  Neam         0.19%    passed     96.70%
   6  RuprSFB     10.33%    passed     97.55%
   7  Retr        10.71%    passed     36.42%
   8  Beta         2.68%    passed     97.56%
   9  Spol         3.92%    passed     89.39%
  10  MJM1652      6.41%    passed     73.41%
  11  NepSFB       0.19%    passed     91.42%
  12  WPYJ        11.66%    passed     77.95%
  13  MJM2940      0.00%    passed     89.88%
****  TOTAL        4.81%  0 sequences failed composition chi2 test (p-value<5%; df=3)

Create initial parsimony tree by phylogenetic likelihood library (PLL)... 0.000 seconds

NOTE: 0 MB RAM (0 GB) is required!
Estimate model parameters (epsilon = 0.100)
1. Initial log-likelihood: -6253.755
2. Current log-likelihood: -5992.094
3. Current log-likelihood: -5989.725
Optimal log-likelihood: -5989.710
Rate parameters:  A-C: 1.43439  A-G: 3.36569  A-T: 2.17737  C-G: 1.09209  C-T: 5.35626  G-T: 1.00000
Base frequencies:  A: 0.265  C: 0.226  G: 0.259  T: 0.250
Gamma shape alpha: 0.311
Parameters optimization took 3 rounds (0.028 sec)
Computing ML distances based on estimated model parameters... 0.001 sec
Computing BIONJ tree...
0.002 seconds
Log-likelihood of BIONJ tree: -5989.763
--------------------------------------------------------------------
|             INITIALIZING CANDIDATE TREE SET                      |
--------------------------------------------------------------------
Generating 98 parsimony trees... 0.069 second
Computing log-likelihood of 98 initial trees ... 0.402 seconds
Current best score: -5986.220

Do NNI search on 20 best initial trees
Estimate model parameters (epsilon = 0.100)
BETTER TREE FOUND at iteration 1: -5984.948
Iteration 10 / LogL: -5984.956 / Time: 0h:0m:0s
Iteration 20 / LogL: -5984.954 / Time: 0h:0m:1s
Finish initializing candidate tree set (2)
Current best tree score: -5984.948 / CPU time: 1.060
Number of iterations: 20
--------------------------------------------------------------------
|               OPTIMIZING CANDIDATE TREE SET                      |
--------------------------------------------------------------------
Iteration 30 / LogL: -5984.960 / Time: 0h:0m:1s (0h:0m:3s left)
Iteration 40 / LogL: -5984.980 / Time: 0h:0m:1s (0h:0m:2s left)
Iteration 50 / LogL: -5984.953 / Time: 0h:0m:2s (0h:0m:2s left)
Iteration 60 / LogL: -5984.955 / Time: 0h:0m:2s (0h:0m:1s left)
Iteration 70 / LogL: -5995.945 / Time: 0h:0m:3s (0h:0m:1s left)
Iteration 80 / LogL: -5995.565 / Time: 0h:0m:3s (0h:0m:0s left)
Iteration 90 / LogL: -5986.236 / Time: 0h:0m:3s (0h:0m:0s left)
Iteration 100 / LogL: -5984.955 / Time: 0h:0m:4s (0h:0m:0s left)
TREE SEARCH COMPLETED AFTER 102 ITERATIONS / Time: 0h:0m:4s

--------------------------------------------------------------------
|                    FINALIZING TREE SEARCH                        |
--------------------------------------------------------------------
Performs final model parameters optimization
Estimate model parameters (epsilon = 0.010)
1. Initial log-likelihood: -5984.948
Optimal log-likelihood: -5984.948
Rate parameters:  A-C: 1.44227  A-G: 3.37472  A-T: 2.16990  C-G: 1.05080  C-T: 5.36783  G-T: 1.00000
Base frequencies:  A: 0.265  C: 0.226  G: 0.259  T: 0.250
Gamma shape alpha: 0.312
Parameters optimization took 1 rounds (0.004 sec)
BEST SCORE FOUND : -5984.948

Testing tree branches by SH-like aLRT with 1000 replicates...
0.068 sec.
Total tree length: 1.358

Total number of iterations: 102
CPU time used for tree search: 4.259 sec (0h:0m:4s)
Wall-clock time used for tree search: 4.270 sec (0h:0m:4s)
Total CPU time used: 4.543 sec (0h:0m:4s)
Total wall-clock time used: 4.388 sec (0h:0m:4s)

Analysis results written to: 
  IQ-TREE report:                cluster3024rr.1to1ortho.fa.aln-cln_gene647.fa.iqtree
  Maximum-likelihood tree:       cluster3024rr.1to1ortho.fa.aln-cln_gene647.fa.treefile
  Likelihood distances:          cluster3024rr.1to1ortho.fa.aln-cln_gene647.fa.mldist
  Screen log file:               cluster3024rr.1to1ortho.fa.aln-cln_gene647.fa.log

Date and Time: Mon Nov 25 10:20:27 2019
