IQ-TREE multicore version 1.6.11 for Mac OS X 64-bit built Jul 12 2019
Developed by Bui Quang Minh, Nguyen Lam Tung, Olga Chernomor,
Heiko Schmidt, Dominik Schrempf, Michael Woodhams.

Host:    slpc437 (AVX2, FMA3, 16 GB RAM)
Command: iqtree -s cluster536rr.1to1ortho.fa.aln-cln_gene715.fa -nt 4 -m GTR+G -alrt 1000
Seed:    392093 (Using SPRNG - Scalable Parallel Random Number Generator)
Time:    Mon Nov 25 11:06:55 2019
Kernel:  AVX+FMA - 4 threads (6 CPU cores detected)

Reading alignment file cluster536rr.1to1ortho.fa.aln-cln_gene715.fa ... Fasta format detected
Alignment most likely contains DNA/RNA sequences
Alignment has 13 sequences with 3258 columns, 1147 distinct patterns
961 parsimony-informative, 361 singleton sites, 1936 constant sites
           Gap/Ambiguity  Composition  p-value
   1  DrolusSFB    0.28%    passed     87.16%
   2  Dino         0.09%    passed     77.44%
   3  MJM3360      1.04%    passed     97.06%
   4  DrobinSFB    0.46%    passed     52.36%
   5  Neam        46.87%    passed     42.42%
   6  RuprSFB      0.15%    passed     97.52%
   7  Retr        14.46%    passed     36.49%
   8  Beta         1.32%    passed     89.15%
   9  Spol         1.32%    passed     24.69%
  10  MJM1652      0.18%    passed     99.17%
  11  NepSFB      47.24%    passed     47.73%
  12  WPYJ         2.12%    passed     96.88%
  13  MJM2940     46.87%    passed     36.11%
****  TOTAL       12.49%  0 sequences failed composition chi2 test (p-value<5%; df=3)

Create initial parsimony tree by phylogenetic likelihood library (PLL)... 0.001 seconds

NOTE: 1 MB RAM (0 GB) is required!
Estimate model parameters (epsilon = 0.100)
1. Initial log-likelihood: -18895.000
2. Current log-likelihood: -17911.426
3. Current log-likelihood: -17902.350
4. Current log-likelihood: -17902.207
Optimal log-likelihood: -17902.203
Rate parameters:  A-C: 1.77265  A-G: 4.77983  A-T: 1.91862  C-G: 1.42210  C-T: 7.31806  G-T: 1.00000
Base frequencies:  A: 0.260  C: 0.207  G: 0.247  T: 0.285
Gamma shape alpha: 0.295
Parameters optimization took 4 rounds (0.060 sec)
Computing ML distances based on estimated model parameters... 0.002 sec
Computing BIONJ tree...
0.002 seconds
Log-likelihood of BIONJ tree: -17887.744
--------------------------------------------------------------------
|             INITIALIZING CANDIDATE TREE SET                      |
--------------------------------------------------------------------
Generating 98 parsimony trees... 0.130 second
Computing log-likelihood of 97 initial trees ... 0.494 seconds
Current best score: -17887.744

Do NNI search on 20 best initial trees
Estimate model parameters (epsilon = 0.100)
BETTER TREE FOUND at iteration 1: -17887.694
Iteration 10 / LogL: -17887.700 / Time: 0h:0m:0s
Iteration 20 / LogL: -17887.805 / Time: 0h:0m:1s
Finish initializing candidate tree set (1)
Current best tree score: -17887.694 / CPU time: 1.274
Number of iterations: 20
--------------------------------------------------------------------
|               OPTIMIZING CANDIDATE TREE SET                      |
--------------------------------------------------------------------
Iteration 30 / LogL: -17887.867 / Time: 0h:0m:1s (0h:0m:4s left)
Iteration 40 / LogL: -17888.473 / Time: 0h:0m:2s (0h:0m:3s left)
Iteration 50 / LogL: -17887.904 / Time: 0h:0m:2s (0h:0m:2s left)
Iteration 60 / LogL: -17887.917 / Time: 0h:0m:3s (0h:0m:2s left)
Iteration 70 / LogL: -17887.717 / Time: 0h:0m:3s (0h:0m:1s left)
Iteration 80 / LogL: -17887.834 / Time: 0h:0m:3s (0h:0m:1s left)
Iteration 90 / LogL: -17887.701 / Time: 0h:0m:4s (0h:0m:0s left)
Iteration 100 / LogL: -17887.917 / Time: 0h:0m:4s (0h:0m:0s left)
TREE SEARCH COMPLETED AFTER 102 ITERATIONS / Time: 0h:0m:4s

--------------------------------------------------------------------
|                    FINALIZING TREE SEARCH                        |
--------------------------------------------------------------------
Performs final model parameters optimization
Estimate model parameters (epsilon = 0.010)
1. Initial log-likelihood: -17887.694
Optimal log-likelihood: -17887.692
Rate parameters:  A-C: 1.74974  A-G: 4.79745  A-T: 1.89542  C-G: 1.42882  C-T: 7.32663  G-T: 1.00000
Base frequencies:  A: 0.260  C: 0.207  G: 0.247  T: 0.285
Gamma shape alpha: 0.295
Parameters optimization took 1 rounds (0.007 sec)
BEST SCORE FOUND : -17887.692

Testing tree branches by SH-like aLRT with 1000 replicates...
0.167 sec.
Total tree length: 1.370

Total number of iterations: 102
CPU time used for tree search: 6.890 sec (0h:0m:6s)
Wall-clock time used for tree search: 4.732 sec (0h:0m:4s)
Total CPU time used: 7.691 sec (0h:0m:7s)
Total wall-clock time used: 4.988 sec (0h:0m:4s)

Analysis results written to: 
  IQ-TREE report:                cluster536rr.1to1ortho.fa.aln-cln_gene715.fa.iqtree
  Maximum-likelihood tree:       cluster536rr.1to1ortho.fa.aln-cln_gene715.fa.treefile
  Likelihood distances:          cluster536rr.1to1ortho.fa.aln-cln_gene715.fa.mldist
  Screen log file:               cluster536rr.1to1ortho.fa.aln-cln_gene715.fa.log

Date and Time: Mon Nov 25 11:07:00 2019
