IQ-TREE multicore version 1.6.11 for Mac OS X 64-bit built Jul 12 2019
Developed by Bui Quang Minh, Nguyen Lam Tung, Olga Chernomor,
Heiko Schmidt, Dominik Schrempf, Michael Woodhams.

Host:    slpc437 (AVX2, FMA3, 16 GB RAM)
Command: iqtree -s cluster2047rr.1to1ortho.fa.aln-cln_gene272.fa -nt 4 -m GTR+G -alrt 1000
Seed:    332787 (Using SPRNG - Scalable Parallel Random Number Generator)
Time:    Mon Nov 25 09:55:05 2019
Kernel:  AVX+FMA - 4 threads (6 CPU cores detected)

Reading alignment file cluster2047rr.1to1ortho.fa.aln-cln_gene272.fa ... Fasta format detected
Alignment most likely contains DNA/RNA sequences
Alignment has 13 sequences with 1784 columns, 900 distinct patterns
640 parsimony-informative, 325 singleton sites, 819 constant sites
           Gap/Ambiguity  Composition  p-value
   1  DrolusSFB    5.10%    passed     71.81%
   2  Dino         0.34%    passed     81.89%
   3  MJM3360     10.26%    passed     99.99%
   4  DrobinSFB    6.67%    passed     62.53%
   5  Neam         0.17%    passed     69.98%
   6  RuprSFB     45.52%    passed     26.74%
   7  Retr        34.64%    passed     97.85%
   8  Beta        10.48%    passed     79.98%
   9  Spol        11.04%    passed     95.57%
  10  MJM1652      0.45%    passed     53.18%
  11  NepSFB       0.17%    passed     56.51%
  12  WPYJ        65.92%    passed     99.10%
  13  MJM2940      5.04%    passed     75.07%
WARNING: 1 sequences contain more than 50% gaps/ambiguity
****  TOTAL       15.06%  0 sequences failed composition chi2 test (p-value<5%; df=3)

Create initial parsimony tree by phylogenetic likelihood library (PLL)... 0.001 seconds

NOTE: 1 MB RAM (0 GB) is required!
Estimate model parameters (epsilon = 0.100)
1. Initial log-likelihood: -11544.075
2. Current log-likelihood: -11133.640
3. Current log-likelihood: -11131.081
Optimal log-likelihood: -11131.058
Rate parameters:  A-C: 1.80695  A-G: 4.27294  A-T: 1.40864  C-G: 1.48737  C-T: 5.10221  G-T: 1.00000
Base frequencies:  A: 0.278  C: 0.193  G: 0.241  T: 0.288
Gamma shape alpha: 0.625
Parameters optimization took 3 rounds (0.054 sec)
Computing ML distances based on estimated model parameters... 0.002 sec
Computing BIONJ tree...
0.002 seconds
Log-likelihood of BIONJ tree: -11135.044
--------------------------------------------------------------------
|             INITIALIZING CANDIDATE TREE SET                      |
--------------------------------------------------------------------
Generating 98 parsimony trees... 0.106 second
Computing log-likelihood of 96 initial trees ... 0.474 seconds
Current best score: -11131.058

Do NNI search on 20 best initial trees
Estimate model parameters (epsilon = 0.100)
BETTER TREE FOUND at iteration 1: -11131.058
Iteration 10 / LogL: -11131.076 / Time: 0h:0m:0s
Iteration 20 / LogL: -11132.829 / Time: 0h:0m:1s
Finish initializing candidate tree set (1)
Current best tree score: -11131.058 / CPU time: 1.142
Number of iterations: 20
--------------------------------------------------------------------
|               OPTIMIZING CANDIDATE TREE SET                      |
--------------------------------------------------------------------
Iteration 30 / LogL: -11131.745 / Time: 0h:0m:1s (0h:0m:3s left)
Iteration 40 / LogL: -11131.070 / Time: 0h:0m:2s (0h:0m:3s left)
Iteration 50 / LogL: -11133.427 / Time: 0h:0m:2s (0h:0m:2s left)
Iteration 60 / LogL: -11132.921 / Time: 0h:0m:2s (0h:0m:2s left)
Iteration 70 / LogL: -11131.152 / Time: 0h:0m:3s (0h:0m:1s left)
Iteration 80 / LogL: -11131.140 / Time: 0h:0m:3s (0h:0m:1s left)
Iteration 90 / LogL: -11131.685 / Time: 0h:0m:4s (0h:0m:0s left)
Iteration 100 / LogL: -11131.112 / Time: 0h:0m:4s (0h:0m:0s left)
TREE SEARCH COMPLETED AFTER 102 ITERATIONS / Time: 0h:0m:4s

--------------------------------------------------------------------
|                    FINALIZING TREE SEARCH                        |
--------------------------------------------------------------------
Performs final model parameters optimization
Estimate model parameters (epsilon = 0.010)
1. Initial log-likelihood: -11131.058
Optimal log-likelihood: -11131.058
Rate parameters:  A-C: 1.80623  A-G: 4.27449  A-T: 1.40901  C-G: 1.48607  C-T: 5.10452  G-T: 1.00000
Base frequencies:  A: 0.278  C: 0.193  G: 0.241  T: 0.288
Gamma shape alpha: 0.625
Parameters optimization took 1 rounds (0.005 sec)
BEST SCORE FOUND : -11131.058

Testing tree branches by SH-like aLRT with 1000 replicates...
0.104 sec.
Total tree length: 1.854

Total number of iterations: 102
CPU time used for tree search: 6.119 sec (0h:0m:6s)
Wall-clock time used for tree search: 4.665 sec (0h:0m:4s)
Total CPU time used: 6.638 sec (0h:0m:6s)
Total wall-clock time used: 4.850 sec (0h:0m:4s)

Analysis results written to: 
  IQ-TREE report:                cluster2047rr.1to1ortho.fa.aln-cln_gene272.fa.iqtree
  Maximum-likelihood tree:       cluster2047rr.1to1ortho.fa.aln-cln_gene272.fa.treefile
  Likelihood distances:          cluster2047rr.1to1ortho.fa.aln-cln_gene272.fa.mldist
  Screen log file:               cluster2047rr.1to1ortho.fa.aln-cln_gene272.fa.log

Date and Time: Mon Nov 25 09:55:10 2019
