IQ-TREE multicore version 1.6.11 for Mac OS X 64-bit built Jul 12 2019
Developed by Bui Quang Minh, Nguyen Lam Tung, Olga Chernomor,
Heiko Schmidt, Dominik Schrempf, Michael Woodhams.

Host:    slpc437 (AVX2, FMA3, 16 GB RAM)
Command: iqtree -s cluster1215rr.1to1ortho.fa.aln-cln_gene859.fa -nt 4 -m GTR+G -alrt 1000
Seed:    250284 (Using SPRNG - Scalable Parallel Random Number Generator)
Time:    Mon Nov 25 09:39:04 2019
Kernel:  AVX+FMA - 4 threads (6 CPU cores detected)

Reading alignment file cluster1215rr.1to1ortho.fa.aln-cln_gene859.fa ... Fasta format detected
Alignment most likely contains DNA/RNA sequences
Alignment has 13 sequences with 1914 columns, 769 distinct patterns
588 parsimony-informative, 280 singleton sites, 1046 constant sites
           Gap/Ambiguity  Composition  p-value
   1  DrolusSFB    1.15%    passed     97.36%
   2  Dino         0.00%    passed     73.26%
   3  MJM3360      0.00%    passed     88.56%
   4  DrobinSFB    0.00%    passed     42.88%
   5  Neam         0.00%    passed     86.99%
   6  RuprSFB      0.10%    passed     92.26%
   7  Retr        43.73%    passed     73.33%
   8  Beta         1.88%    passed     79.79%
   9  Spol         0.47%    passed     50.64%
  10  MJM1652      0.00%    passed     97.54%
  11  NepSFB       0.00%    passed     84.75%
  12  WPYJ        12.38%    passed     94.60%
  13  MJM2940      0.00%    passed     91.14%
****  TOTAL        4.59%  0 sequences failed composition chi2 test (p-value<5%; df=3)

Create initial parsimony tree by phylogenetic likelihood library (PLL)... 0.001 seconds

NOTE: 1 MB RAM (0 GB) is required!
Estimate model parameters (epsilon = 0.100)
1. Initial log-likelihood: -11631.798
2. Current log-likelihood: -11072.018
3. Current log-likelihood: -11066.620
Optimal log-likelihood: -11066.555
Rate parameters:  A-C: 1.78485  A-G: 5.56888  A-T: 1.74868  C-G: 1.62402  C-T: 8.61520  G-T: 1.00000
Base frequencies:  A: 0.287  C: 0.177  G: 0.262  T: 0.275
Gamma shape alpha: 0.404
Parameters optimization took 3 rounds (0.043 sec)
Computing ML distances based on estimated model parameters... 0.001 sec
Computing BIONJ tree...
0.002 seconds
Log-likelihood of BIONJ tree: -11066.555
--------------------------------------------------------------------
|             INITIALIZING CANDIDATE TREE SET                      |
--------------------------------------------------------------------
Generating 99 parsimony trees... 0.096 second
Computing log-likelihood of 99 initial trees ... 0.443 seconds
Current best score: -11066.555

Do NNI search on 20 best initial trees
Estimate model parameters (epsilon = 0.100)
BETTER TREE FOUND at iteration 1: -11066.466
Estimate model parameters (epsilon = 0.100)
BETTER TREE FOUND at iteration 2: -11066.252
Iteration 10 / LogL: -11066.257 / Time: 0h:0m:0s
Iteration 20 / LogL: -11066.273 / Time: 0h:0m:1s
Finish initializing candidate tree set (2)
Current best tree score: -11066.252 / CPU time: 1.295
Number of iterations: 20
--------------------------------------------------------------------
|               OPTIMIZING CANDIDATE TREE SET                      |
--------------------------------------------------------------------
Iteration 30 / LogL: -11066.497 / Time: 0h:0m:1s (0h:0m:4s left)
Iteration 40 / LogL: -11066.309 / Time: 0h:0m:2s (0h:0m:3s left)
Iteration 50 / LogL: -11066.270 / Time: 0h:0m:2s (0h:0m:2s left)
Iteration 60 / LogL: -11066.254 / Time: 0h:0m:2s (0h:0m:2s left)
Iteration 70 / LogL: -11066.273 / Time: 0h:0m:3s (0h:0m:1s left)
Iteration 80 / LogL: -11066.253 / Time: 0h:0m:3s (0h:0m:1s left)
Iteration 90 / LogL: -11066.502 / Time: 0h:0m:4s (0h:0m:0s left)
UPDATE BEST LOG-LIKELIHOOD: -11066.252
Iteration 100 / LogL: -11066.358 / Time: 0h:0m:4s (0h:0m:0s left)
TREE SEARCH COMPLETED AFTER 103 ITERATIONS / Time: 0h:0m:5s

--------------------------------------------------------------------
|                    FINALIZING TREE SEARCH                        |
--------------------------------------------------------------------
Performs final model parameters optimization
Estimate model parameters (epsilon = 0.010)
1. Initial log-likelihood: -11066.252
Optimal log-likelihood: -11066.250
Rate parameters:  A-C: 1.78601  A-G: 5.60834  A-T: 1.75297  C-G: 1.63507  C-T: 8.59442  G-T: 1.00000
Base frequencies:  A: 0.287  C: 0.177  G: 0.262  T: 0.275
Gamma shape alpha: 0.404
Parameters optimization took 1 rounds (0.005 sec)
BEST SCORE FOUND : -11066.250

Testing tree branches by SH-like aLRT with 1000 replicates...
0.109 sec.
Total tree length: 1.342

Total number of iterations: 103
CPU time used for tree search: 6.221 sec (0h:0m:6s)
Wall-clock time used for tree search: 4.987 sec (0h:0m:4s)
Total CPU time used: 6.718 sec (0h:0m:6s)
Total wall-clock time used: 5.163 sec (0h:0m:5s)

Analysis results written to: 
  IQ-TREE report:                cluster1215rr.1to1ortho.fa.aln-cln_gene859.fa.iqtree
  Maximum-likelihood tree:       cluster1215rr.1to1ortho.fa.aln-cln_gene859.fa.treefile
  Likelihood distances:          cluster1215rr.1to1ortho.fa.aln-cln_gene859.fa.mldist
  Screen log file:               cluster1215rr.1to1ortho.fa.aln-cln_gene859.fa.log

Date and Time: Mon Nov 25 09:39:09 2019
