IQ-TREE multicore version 1.6.11 for Mac OS X 64-bit built Jul 12 2019
Developed by Bui Quang Minh, Nguyen Lam Tung, Olga Chernomor,
Heiko Schmidt, Dominik Schrempf, Michael Woodhams.

Host:    slpc437 (AVX2, FMA3, 16 GB RAM)
Command: iqtree -s cluster2639rr.1to1ortho.fa.aln-cln_gene735.fa -nt 4 -m GTR+G -alrt 1000
Seed:    557112 (Using SPRNG - Scalable Parallel Random Number Generator)
Time:    Mon Nov 25 10:10:29 2019
Kernel:  AVX+FMA - 4 threads (6 CPU cores detected)

Reading alignment file cluster2639rr.1to1ortho.fa.aln-cln_gene735.fa ... Fasta format detected
Alignment most likely contains DNA/RNA sequences
Alignment has 13 sequences with 1213 columns, 425 distinct patterns
323 parsimony-informative, 158 singleton sites, 732 constant sites
           Gap/Ambiguity  Composition  p-value
   1  DrolusSFB    3.38%    passed     97.64%
   2  Dino         0.16%    passed     86.47%
   3  MJM3360      4.45%    passed     91.63%
   4  DrobinSFB    3.38%    passed     96.17%
   5  Neam         0.00%    passed     94.92%
   6  RuprSFB      4.04%    passed     99.83%
   7  Retr         3.96%    passed     86.63%
   8  Beta         3.54%    passed     91.77%
   9  Spol         3.54%    passed     85.27%
  10  MJM1652      0.16%    passed     89.65%
  11  NepSFB       0.00%    passed     92.71%
  12  WPYJ         4.29%    passed     93.30%
  13  MJM2940      3.38%    passed     79.45%
****  TOTAL        2.64%  0 sequences failed composition chi2 test (p-value<5%; df=3)

Create initial parsimony tree by phylogenetic likelihood library (PLL)... 0.001 seconds

NOTE: 0 MB RAM (0 GB) is required!
Estimate model parameters (epsilon = 0.100)
1. Initial log-likelihood: -6831.292
2. Current log-likelihood: -6489.635
3. Current log-likelihood: -6486.014
Optimal log-likelihood: -6485.925
Rate parameters:  A-C: 1.60827  A-G: 4.35990  A-T: 1.49850  C-G: 1.33211  C-T: 7.75779  G-T: 1.00000
Base frequencies:  A: 0.281  C: 0.182  G: 0.262  T: 0.275
Gamma shape alpha: 0.304
Parameters optimization took 3 rounds (0.031 sec)
Computing ML distances based on estimated model parameters... 0.001 sec
Computing BIONJ tree...
0.002 seconds
Log-likelihood of BIONJ tree: -6483.582
--------------------------------------------------------------------
|             INITIALIZING CANDIDATE TREE SET                      |
--------------------------------------------------------------------
Generating 98 parsimony trees... 0.073 second
Computing log-likelihood of 97 initial trees ... 0.384 seconds
Current best score: -6481.480

Do NNI search on 20 best initial trees
Estimate model parameters (epsilon = 0.100)
BETTER TREE FOUND at iteration 1: -6481.430
Iteration 10 / LogL: -6481.580 / Time: 0h:0m:0s
Iteration 20 / LogL: -6481.494 / Time: 0h:0m:1s
Finish initializing candidate tree set (1)
Current best tree score: -6481.430 / CPU time: 0.963
Number of iterations: 20
--------------------------------------------------------------------
|               OPTIMIZING CANDIDATE TREE SET                      |
--------------------------------------------------------------------
UPDATE BEST LOG-LIKELIHOOD: -6481.430
Iteration 30 / LogL: -6482.223 / Time: 0h:0m:1s (0h:0m:3s left)
Iteration 40 / LogL: -6481.504 / Time: 0h:0m:1s (0h:0m:2s left)
Iteration 50 / LogL: -6481.437 / Time: 0h:0m:2s (0h:0m:2s left)
Iteration 60 / LogL: -6481.502 / Time: 0h:0m:2s (0h:0m:1s left)
Iteration 70 / LogL: -6481.433 / Time: 0h:0m:2s (0h:0m:1s left)
UPDATE BEST LOG-LIKELIHOOD: -6481.430
Iteration 80 / LogL: -6481.462 / Time: 0h:0m:3s (0h:0m:0s left)
Iteration 90 / LogL: -6483.835 / Time: 0h:0m:3s (0h:0m:0s left)
Iteration 100 / LogL: -6481.478 / Time: 0h:0m:3s (0h:0m:0s left)
TREE SEARCH COMPLETED AFTER 102 ITERATIONS / Time: 0h:0m:3s

--------------------------------------------------------------------
|                    FINALIZING TREE SEARCH                        |
--------------------------------------------------------------------
Performs final model parameters optimization
Estimate model parameters (epsilon = 0.010)
1. Initial log-likelihood: -6481.430
Optimal log-likelihood: -6481.429
Rate parameters:  A-C: 1.62745  A-G: 4.33568  A-T: 1.49272  C-G: 1.29609  C-T: 7.84204  G-T: 1.00000
Base frequencies:  A: 0.281  C: 0.182  G: 0.262  T: 0.275
Gamma shape alpha: 0.305
Parameters optimization took 1 rounds (0.004 sec)
BEST SCORE FOUND : -6481.429

Testing tree branches by SH-like aLRT with 1000 replicates...
0.072 sec.
Total tree length: 1.189

Total number of iterations: 102
CPU time used for tree search: 3.849 sec (0h:0m:3s)
Wall-clock time used for tree search: 3.846 sec (0h:0m:3s)
Total CPU time used: 4.165 sec (0h:0m:4s)
Total wall-clock time used: 3.972 sec (0h:0m:3s)

Analysis results written to: 
  IQ-TREE report:                cluster2639rr.1to1ortho.fa.aln-cln_gene735.fa.iqtree
  Maximum-likelihood tree:       cluster2639rr.1to1ortho.fa.aln-cln_gene735.fa.treefile
  Likelihood distances:          cluster2639rr.1to1ortho.fa.aln-cln_gene735.fa.mldist
  Screen log file:               cluster2639rr.1to1ortho.fa.aln-cln_gene735.fa.log

Date and Time: Mon Nov 25 10:10:33 2019
