IQ-TREE multicore version 1.6.11 for Mac OS X 64-bit built Jul 12 2019
Developed by Bui Quang Minh, Nguyen Lam Tung, Olga Chernomor,
Heiko Schmidt, Dominik Schrempf, Michael Woodhams.

Host:    slpc437 (AVX2, FMA3, 16 GB RAM)
Command: iqtree -s cluster1211rr.1to1ortho.fa.aln-cln_gene107.fa -nt 4 -m GTR+G -alrt 1000
Seed:    329601 (Using SPRNG - Scalable Parallel Random Number Generator)
Time:    Mon Nov 25 09:38:58 2019
Kernel:  AVX+FMA - 4 threads (6 CPU cores detected)

Reading alignment file cluster1211rr.1to1ortho.fa.aln-cln_gene107.fa ... Fasta format detected
Alignment most likely contains DNA/RNA sequences
Alignment has 13 sequences with 1704 columns, 870 distinct patterns
620 parsimony-informative, 352 singleton sites, 732 constant sites
           Gap/Ambiguity  Composition  p-value
   1  DrolusSFB   23.83%    passed     92.47%
   2  Dino        30.22%    passed     46.13%
   3  MJM3360     31.28%    passed     76.14%
   4  DrobinSFB    2.35%    passed     26.91%
   5  Neam         0.00%    passed     85.58%
   6  RuprSFB     34.15%    passed     87.52%
   7  Retr        70.54%    passed     78.00%
   8  Beta         2.93%    passed     68.97%
   9  Spol         2.82%    passed     65.25%
  10  MJM1652      1.06%    passed      5.93%
  11  NepSFB       0.00%    passed     87.97%
  12  WPYJ        77.00%    passed     71.41%
  13  MJM2940      0.53%    passed     91.07%
WARNING: 2 sequences contain more than 50% gaps/ambiguity
****  TOTAL       21.28%  0 sequences failed composition chi2 test (p-value<5%; df=3)

Create initial parsimony tree by phylogenetic likelihood library (PLL)... 0.001 seconds

NOTE: 1 MB RAM (0 GB) is required!
Estimate model parameters (epsilon = 0.100)
1. Initial log-likelihood: -10954.356
2. Current log-likelihood: -10484.976
3. Current log-likelihood: -10479.296
Optimal log-likelihood: -10479.249
Rate parameters:  A-C: 1.47680  A-G: 5.34491  A-T: 1.26296  C-G: 1.38216  C-T: 4.07009  G-T: 1.00000
Base frequencies:  A: 0.217  C: 0.214  G: 0.224  T: 0.345
Gamma shape alpha: 0.713
Parameters optimization took 3 rounds (0.043 sec)
Computing ML distances based on estimated model parameters... 0.002 sec
WARNING: Some pairwise ML distances are too long (saturated)
Computing BIONJ tree...
0.002 seconds
Log-likelihood of BIONJ tree: -10519.895
--------------------------------------------------------------------
|             INITIALIZING CANDIDATE TREE SET                      |
--------------------------------------------------------------------
Generating 98 parsimony trees... 0.114 second
Computing log-likelihood of 98 initial trees ... 0.487 seconds
Current best score: -10479.249

Do NNI search on 20 best initial trees
Estimate model parameters (epsilon = 0.100)
BETTER TREE FOUND at iteration 1: -10479.249
Estimate model parameters (epsilon = 0.100)
BETTER TREE FOUND at iteration 3: -10473.428
Iteration 10 / LogL: -10479.288 / Time: 0h:0m:1s
Iteration 20 / LogL: -10473.463 / Time: 0h:0m:1s
Finish initializing candidate tree set (3)
Current best tree score: -10473.428 / CPU time: 1.369
Number of iterations: 20
--------------------------------------------------------------------
|               OPTIMIZING CANDIDATE TREE SET                      |
--------------------------------------------------------------------
Iteration 30 / LogL: -10479.348 / Time: 0h:0m:1s (0h:0m:4s left)
Iteration 40 / LogL: -10479.285 / Time: 0h:0m:2s (0h:0m:3s left)
Iteration 50 / LogL: -10473.453 / Time: 0h:0m:2s (0h:0m:3s left)
Iteration 60 / LogL: -10473.478 / Time: 0h:0m:3s (0h:0m:2s left)
Iteration 70 / LogL: -10473.455 / Time: 0h:0m:4s (0h:0m:1s left)
Iteration 80 / LogL: -10473.462 / Time: 0h:0m:4s (0h:0m:1s left)
Iteration 90 / LogL: -10473.438 / Time: 0h:0m:5s (0h:0m:0s left)
Iteration 100 / LogL: -10479.291 / Time: 0h:0m:5s (0h:0m:0s left)
TREE SEARCH COMPLETED AFTER 104 ITERATIONS / Time: 0h:0m:5s

--------------------------------------------------------------------
|                    FINALIZING TREE SEARCH                        |
--------------------------------------------------------------------
Performs final model parameters optimization
Estimate model parameters (epsilon = 0.010)
1. Initial log-likelihood: -10473.428
Optimal log-likelihood: -10473.423
Rate parameters:  A-C: 1.46857  A-G: 5.35459  A-T: 1.27194  C-G: 1.36535  C-T: 4.06387  G-T: 1.00000
Base frequencies:  A: 0.217  C: 0.214  G: 0.224  T: 0.345
Gamma shape alpha: 0.702
Parameters optimization took 1 rounds (0.006 sec)
BEST SCORE FOUND : -10473.423

Testing tree branches by SH-like aLRT with 1000 replicates...
0.102 sec.
Total tree length: 2.085

Total number of iterations: 104
CPU time used for tree search: 7.424 sec (0h:0m:7s)
Wall-clock time used for tree search: 5.729 sec (0h:0m:5s)
Total CPU time used: 7.905 sec (0h:0m:7s)
Total wall-clock time used: 5.905 sec (0h:0m:5s)

Analysis results written to: 
  IQ-TREE report:                cluster1211rr.1to1ortho.fa.aln-cln_gene107.fa.iqtree
  Maximum-likelihood tree:       cluster1211rr.1to1ortho.fa.aln-cln_gene107.fa.treefile
  Likelihood distances:          cluster1211rr.1to1ortho.fa.aln-cln_gene107.fa.mldist
  Screen log file:               cluster1211rr.1to1ortho.fa.aln-cln_gene107.fa.log

Date and Time: Mon Nov 25 09:39:04 2019
