IQ-TREE multicore version 1.6.11 for Mac OS X 64-bit built Jul 12 2019
Developed by Bui Quang Minh, Nguyen Lam Tung, Olga Chernomor,
Heiko Schmidt, Dominik Schrempf, Michael Woodhams.

Host:    slpc437 (AVX2, FMA3, 16 GB RAM)
Command: iqtree -s cluster2664rr.1to1ortho.fa.aln-cln_gene492.fa -nt 4 -m GTR+G -alrt 1000
Seed:    919599 (Using SPRNG - Scalable Parallel Random Number Generator)
Time:    Mon Nov 25 10:11:13 2019
Kernel:  AVX+FMA - 4 threads (6 CPU cores detected)

Reading alignment file cluster2664rr.1to1ortho.fa.aln-cln_gene492.fa ... Fasta format detected
Alignment most likely contains DNA/RNA sequences
Alignment has 13 sequences with 1005 columns, 603 distinct patterns
426 parsimony-informative, 190 singleton sites, 389 constant sites
           Gap/Ambiguity  Composition  p-value
   1  DrolusSFB    1.79%    passed     89.41%
   2  Dino         0.00%    passed     71.74%
   3  MJM3360     24.58%    passed     82.27%
   4  DrobinSFB    0.00%    passed     68.11%
   5  Neam         0.00%    passed     87.90%
   6  RuprSFB     15.52%    passed     73.02%
   7  Retr        17.61%    passed     70.24%
   8  Beta         1.89%    passed     55.54%
   9  Spol         1.19%    passed     63.81%
  10  MJM1652      5.07%    passed     87.56%
  11  NepSFB       0.00%    passed     91.86%
  12  WPYJ        17.91%    passed     95.94%
  13  MJM2940      0.30%    passed     90.65%
****  TOTAL        6.61%  0 sequences failed composition chi2 test (p-value<5%; df=3)

Create initial parsimony tree by phylogenetic likelihood library (PLL)... 0.001 seconds

NOTE: 1 MB RAM (0 GB) is required!
Estimate model parameters (epsilon = 0.100)
1. Initial log-likelihood: -7306.667
2. Current log-likelihood: -7005.475
3. Current log-likelihood: -7003.693
Optimal log-likelihood: -7003.657
Rate parameters:  A-C: 2.07687  A-G: 5.92778  A-T: 1.88364  C-G: 1.61077  C-T: 6.91679  G-T: 1.00000
Base frequencies:  A: 0.297  C: 0.190  G: 0.251  T: 0.261
Gamma shape alpha: 0.865
Parameters optimization took 3 rounds (0.036 sec)
Computing ML distances based on estimated model parameters... 0.001 sec
Computing BIONJ tree...
0.002 seconds
Log-likelihood of BIONJ tree: -7007.610
--------------------------------------------------------------------
|             INITIALIZING CANDIDATE TREE SET                      |
--------------------------------------------------------------------
Generating 98 parsimony trees... 0.081 second
Computing log-likelihood of 97 initial trees ... 0.422 seconds
Current best score: -6998.939

Do NNI search on 20 best initial trees
Estimate model parameters (epsilon = 0.100)
BETTER TREE FOUND at iteration 1: -6998.598
Iteration 10 / LogL: -6998.601 / Time: 0h:0m:0s
Iteration 20 / LogL: -6998.622 / Time: 0h:0m:1s
Finish initializing candidate tree set (1)
Current best tree score: -6998.598 / CPU time: 1.138
Number of iterations: 20
--------------------------------------------------------------------
|               OPTIMIZING CANDIDATE TREE SET                      |
--------------------------------------------------------------------
Iteration 30 / LogL: -6998.605 / Time: 0h:0m:1s (0h:0m:3s left)
Iteration 40 / LogL: -6998.700 / Time: 0h:0m:1s (0h:0m:3s left)
Iteration 50 / LogL: -6998.622 / Time: 0h:0m:2s (0h:0m:2s left)
Iteration 60 / LogL: -6998.863 / Time: 0h:0m:2s (0h:0m:1s left)
Iteration 70 / LogL: -6999.112 / Time: 0h:0m:3s (0h:0m:1s left)
Iteration 80 / LogL: -6999.603 / Time: 0h:0m:3s (0h:0m:0s left)
Iteration 90 / LogL: -7000.326 / Time: 0h:0m:3s (0h:0m:0s left)
Iteration 100 / LogL: -6998.686 / Time: 0h:0m:4s (0h:0m:0s left)
TREE SEARCH COMPLETED AFTER 102 ITERATIONS / Time: 0h:0m:4s

--------------------------------------------------------------------
|                    FINALIZING TREE SEARCH                        |
--------------------------------------------------------------------
Performs final model parameters optimization
Estimate model parameters (epsilon = 0.010)
1. Initial log-likelihood: -6998.598
Optimal log-likelihood: -6998.598
Rate parameters:  A-C: 2.15140  A-G: 6.11502  A-T: 1.89040  C-G: 1.67354  C-T: 7.09790  G-T: 1.00000
Base frequencies:  A: 0.297  C: 0.190  G: 0.251  T: 0.261
Gamma shape alpha: 0.865
Parameters optimization took 1 rounds (0.005 sec)
BEST SCORE FOUND : -6998.598

Testing tree branches by SH-like aLRT with 1000 replicates...
0.068 sec.
Total tree length: 1.832

Total number of iterations: 102
CPU time used for tree search: 4.888 sec (0h:0m:4s)
Wall-clock time used for tree search: 4.316 sec (0h:0m:4s)
Total CPU time used: 5.202 sec (0h:0m:5s)
Total wall-clock time used: 4.444 sec (0h:0m:4s)

Analysis results written to: 
  IQ-TREE report:                cluster2664rr.1to1ortho.fa.aln-cln_gene492.fa.iqtree
  Maximum-likelihood tree:       cluster2664rr.1to1ortho.fa.aln-cln_gene492.fa.treefile
  Likelihood distances:          cluster2664rr.1to1ortho.fa.aln-cln_gene492.fa.mldist
  Screen log file:               cluster2664rr.1to1ortho.fa.aln-cln_gene492.fa.log

Date and Time: Mon Nov 25 10:11:18 2019
