IQ-TREE multicore version 1.6.11 for Mac OS X 64-bit built Jul 12 2019
Developed by Bui Quang Minh, Nguyen Lam Tung, Olga Chernomor,
Heiko Schmidt, Dominik Schrempf, Michael Woodhams.

Host:    slpc437 (AVX2, FMA3, 16 GB RAM)
Command: iqtree -s cluster3691rr.1to1ortho.fa.aln-cln_gene105.fa -nt 4 -m GTR+G -alrt 1000
Seed:    797639 (Using SPRNG - Scalable Parallel Random Number Generator)
Time:    Mon Nov 25 10:34:58 2019
Kernel:  AVX+FMA - 4 threads (6 CPU cores detected)

Reading alignment file cluster3691rr.1to1ortho.fa.aln-cln_gene105.fa ... Fasta format detected
Alignment most likely contains DNA/RNA sequences
Alignment has 13 sequences with 4161 columns, 1809 distinct patterns
1439 parsimony-informative, 665 singleton sites, 2057 constant sites
           Gap/Ambiguity  Composition  p-value
   1  DrolusSFB   47.34%    passed     53.96%
   2  Dino         1.03%    passed     88.72%
   3  MJM3360     14.83%    passed     47.77%
   4  DrobinSFB    3.17%    passed     62.24%
   5  Neam         0.02%    passed     98.69%
   6  RuprSFB     14.80%    passed     39.81%
   7  Retr        67.87%    passed     73.82%
   8  Beta         3.70%    passed     87.85%
   9  Spol         3.34%    passed     75.24%
  10  MJM1652      1.90%    passed     38.49%
  11  NepSFB       0.02%    passed     97.71%
  12  WPYJ        53.50%    passed     48.21%
  13  MJM2940      4.28%    passed     93.04%
WARNING: 2 sequences contain more than 50% gaps/ambiguity
****  TOTAL       16.60%  0 sequences failed composition chi2 test (p-value<5%; df=3)

Create initial parsimony tree by phylogenetic likelihood library (PLL)... 0.001 seconds

NOTE: 3 MB RAM (0 GB) is required!
Estimate model parameters (epsilon = 0.100)
1. Initial log-likelihood: -25293.079
2. Current log-likelihood: -24173.629
3. Current log-likelihood: -24164.432
4. Current log-likelihood: -24164.277
Optimal log-likelihood: -24164.274
Rate parameters:  A-C: 1.71432  A-G: 4.22038  A-T: 1.46253  C-G: 1.52500  C-T: 6.92596  G-T: 1.00000
Base frequencies:  A: 0.316  C: 0.172  G: 0.245  T: 0.267
Gamma shape alpha: 0.524
Parameters optimization took 4 rounds (0.074 sec)
Computing ML distances based on estimated model parameters... 0.003 sec
Computing BIONJ tree...
0.003 seconds
Log-likelihood of BIONJ tree: -24164.274
--------------------------------------------------------------------
|             INITIALIZING CANDIDATE TREE SET                      |
--------------------------------------------------------------------
Generating 99 parsimony trees... 0.171 second
Computing log-likelihood of 99 initial trees ... 0.598 seconds
Current best score: -24164.274

Do NNI search on 20 best initial trees
Estimate model parameters (epsilon = 0.100)
BETTER TREE FOUND at iteration 1: -24164.273
Iteration 10 / LogL: -24164.308 / Time: 0h:0m:1s
Iteration 20 / LogL: -24164.337 / Time: 0h:0m:1s
Finish initializing candidate tree set (1)
Current best tree score: -24164.273 / CPU time: 1.579
Number of iterations: 20
--------------------------------------------------------------------
|               OPTIMIZING CANDIDATE TREE SET                      |
--------------------------------------------------------------------
Iteration 30 / LogL: -24164.332 / Time: 0h:0m:2s (0h:0m:5s left)
Iteration 40 / LogL: -24164.303 / Time: 0h:0m:2s (0h:0m:4s left)
Iteration 50 / LogL: -24165.074 / Time: 0h:0m:3s (0h:0m:3s left)
Iteration 60 / LogL: -24165.223 / Time: 0h:0m:3s (0h:0m:2s left)
Iteration 70 / LogL: -24164.302 / Time: 0h:0m:4s (0h:0m:2s left)
Iteration 80 / LogL: -24164.681 / Time: 0h:0m:5s (0h:0m:1s left)
UPDATE BEST LOG-LIKELIHOOD: -24164.273
Iteration 90 / LogL: -24164.321 / Time: 0h:0m:5s (0h:0m:0s left)
Iteration 100 / LogL: -24164.347 / Time: 0h:0m:6s (0h:0m:0s left)
TREE SEARCH COMPLETED AFTER 102 ITERATIONS / Time: 0h:0m:6s

--------------------------------------------------------------------
|                    FINALIZING TREE SEARCH                        |
--------------------------------------------------------------------
Performs final model parameters optimization
Estimate model parameters (epsilon = 0.010)
1. Initial log-likelihood: -24164.273
Optimal log-likelihood: -24164.273
Rate parameters:  A-C: 1.71412  A-G: 4.21888  A-T: 1.46207  C-G: 1.52447  C-T: 6.93060  G-T: 1.00000
Base frequencies:  A: 0.316  C: 0.172  G: 0.245  T: 0.267
Gamma shape alpha: 0.524
Parameters optimization took 1 rounds (0.008 sec)
BEST SCORE FOUND : -24164.273

Testing tree branches by SH-like aLRT with 1000 replicates...
0.215 sec.
Total tree length: 1.735

Total number of iterations: 102
CPU time used for tree search: 11.025 sec (0h:0m:11s)
Wall-clock time used for tree search: 6.247 sec (0h:0m:6s)
Total CPU time used: 12.089 sec (0h:0m:12s)
Total wall-clock time used: 6.570 sec (0h:0m:6s)

Analysis results written to: 
  IQ-TREE report:                cluster3691rr.1to1ortho.fa.aln-cln_gene105.fa.iqtree
  Maximum-likelihood tree:       cluster3691rr.1to1ortho.fa.aln-cln_gene105.fa.treefile
  Likelihood distances:          cluster3691rr.1to1ortho.fa.aln-cln_gene105.fa.mldist
  Screen log file:               cluster3691rr.1to1ortho.fa.aln-cln_gene105.fa.log

Date and Time: Mon Nov 25 10:35:05 2019
