IQ-TREE multicore version 1.6.11 for Mac OS X 64-bit built Jul 12 2019
Developed by Bui Quang Minh, Nguyen Lam Tung, Olga Chernomor,
Heiko Schmidt, Dominik Schrempf, Michael Woodhams.

Host:    slpc437 (AVX2, FMA3, 16 GB RAM)
Command: iqtree -s cluster1931rr.1to1ortho.fa.aln-cln_gene959.fa -nt 4 -m GTR+G -alrt 1000
Seed:    658326 (Using SPRNG - Scalable Parallel Random Number Generator)
Time:    Mon Nov 25 09:52:29 2019
Kernel:  AVX+FMA - 4 threads (6 CPU cores detected)

Reading alignment file cluster1931rr.1to1ortho.fa.aln-cln_gene959.fa ... Fasta format detected
Alignment most likely contains DNA/RNA sequences
Alignment has 13 sequences with 723 columns, 402 distinct patterns
255 parsimony-informative, 130 singleton sites, 338 constant sites
           Gap/Ambiguity  Composition  p-value
   1  DrolusSFB    4.15%    passed     53.88%
   2  Dino         1.52%    passed     45.34%
   3  MJM3360     31.95%    passed     15.87%
   4  DrobinSFB   34.58%    passed     81.66%
   5  Neam         3.46%    passed     76.31%
   6  RuprSFB     27.66%    passed     10.29%
   7  Retr        34.72%    passed      5.05%
   8  Beta         7.88%    failed      2.87%
   9  Spol         8.99%    passed     27.47%
  10  MJM1652      2.35%    passed     15.81%
  11  NepSFB       3.46%    passed     72.06%
  12  WPYJ        36.93%    passed      6.27%
  13  MJM2940      3.46%    passed     20.44%
****  TOTAL       15.47%  1 sequences failed composition chi2 test (p-value<5%; df=3)

Create initial parsimony tree by phylogenetic likelihood library (PLL)... 0.001 seconds

NOTE: 0 MB RAM (0 GB) is required!
Estimate model parameters (epsilon = 0.100)
1. Initial log-likelihood: -4561.630
2. Current log-likelihood: -4358.553
3. Current log-likelihood: -4356.279
Optimal log-likelihood: -4356.246
Rate parameters:  A-C: 1.66217  A-G: 4.72292  A-T: 1.38781  C-G: 1.28005  C-T: 5.31046  G-T: 1.00000
Base frequencies:  A: 0.299  C: 0.237  G: 0.236  T: 0.228
Gamma shape alpha: 0.547
Parameters optimization took 3 rounds (0.043 sec)
Computing ML distances based on estimated model parameters... 0.001 sec
Computing BIONJ tree...
0.002 seconds
Log-likelihood of BIONJ tree: -4371.854
--------------------------------------------------------------------
|             INITIALIZING CANDIDATE TREE SET                      |
--------------------------------------------------------------------
Generating 98 parsimony trees... 0.071 second
Computing log-likelihood of 98 initial trees ... 0.417 seconds
Current best score: -4356.246

Do NNI search on 20 best initial trees
Estimate model parameters (epsilon = 0.100)
BETTER TREE FOUND at iteration 1: -4355.605
Iteration 10 / LogL: -4355.642 / Time: 0h:0m:0s
Iteration 20 / LogL: -4355.649 / Time: 0h:0m:1s
Finish initializing candidate tree set (2)
Current best tree score: -4355.605 / CPU time: 1.043
Number of iterations: 20
--------------------------------------------------------------------
|               OPTIMIZING CANDIDATE TREE SET                      |
--------------------------------------------------------------------
Iteration 30 / LogL: -4356.376 / Time: 0h:0m:1s (0h:0m:3s left)
Iteration 40 / LogL: -4356.557 / Time: 0h:0m:1s (0h:0m:2s left)
Iteration 50 / LogL: -4356.480 / Time: 0h:0m:2s (0h:0m:2s left)
Iteration 60 / LogL: -4356.399 / Time: 0h:0m:2s (0h:0m:1s left)
UPDATE BEST LOG-LIKELIHOOD: -4355.604
Iteration 70 / LogL: -4355.644 / Time: 0h:0m:2s (0h:0m:1s left)
Iteration 80 / LogL: -4356.490 / Time: 0h:0m:3s (0h:0m:0s left)
UPDATE BEST LOG-LIKELIHOOD: -4355.603
Iteration 90 / LogL: -4355.641 / Time: 0h:0m:3s (0h:0m:0s left)
Iteration 100 / LogL: -4357.001 / Time: 0h:0m:4s (0h:0m:0s left)
TREE SEARCH COMPLETED AFTER 102 ITERATIONS / Time: 0h:0m:4s

--------------------------------------------------------------------
|                    FINALIZING TREE SEARCH                        |
--------------------------------------------------------------------
Performs final model parameters optimization
Estimate model parameters (epsilon = 0.010)
1. Initial log-likelihood: -4355.603
Optimal log-likelihood: -4355.602
Rate parameters:  A-C: 1.66306  A-G: 4.73824  A-T: 1.38902  C-G: 1.28189  C-T: 5.29992  G-T: 1.00000
Base frequencies:  A: 0.299  C: 0.237  G: 0.236  T: 0.228
Gamma shape alpha: 0.549
Parameters optimization took 1 rounds (0.004 sec)
BEST SCORE FOUND : -4355.602

Testing tree branches by SH-like aLRT with 1000 replicates...
0.053 sec.
Total tree length: 1.832

Total number of iterations: 102
CPU time used for tree search: 3.969 sec (0h:0m:3s)
Wall-clock time used for tree search: 4.051 sec (0h:0m:4s)
Total CPU time used: 4.226 sec (0h:0m:4s)
Total wall-clock time used: 4.171 sec (0h:0m:4s)

Analysis results written to: 
  IQ-TREE report:                cluster1931rr.1to1ortho.fa.aln-cln_gene959.fa.iqtree
  Maximum-likelihood tree:       cluster1931rr.1to1ortho.fa.aln-cln_gene959.fa.treefile
  Likelihood distances:          cluster1931rr.1to1ortho.fa.aln-cln_gene959.fa.mldist
  Screen log file:               cluster1931rr.1to1ortho.fa.aln-cln_gene959.fa.log

Date and Time: Mon Nov 25 09:52:33 2019
