IQ-TREE multicore version 1.6.11 for Mac OS X 64-bit built Jul 12 2019
Developed by Bui Quang Minh, Nguyen Lam Tung, Olga Chernomor,
Heiko Schmidt, Dominik Schrempf, Michael Woodhams.

Host:    slpc437 (AVX2, FMA3, 16 GB RAM)
Command: iqtree -s cluster1898rr.1to1ortho.fa.aln-cln_gene1040.fa -nt 4 -m GTR+G -alrt 1000
Seed:    813131 (Using SPRNG - Scalable Parallel Random Number Generator)
Time:    Mon Nov 25 09:51:37 2019
Kernel:  AVX+FMA - 4 threads (6 CPU cores detected)

Reading alignment file cluster1898rr.1to1ortho.fa.aln-cln_gene1040.fa ... Fasta format detected
Alignment most likely contains DNA/RNA sequences
Alignment has 13 sequences with 1047 columns, 470 distinct patterns
347 parsimony-informative, 149 singleton sites, 551 constant sites
           Gap/Ambiguity  Composition  p-value
   1  DrolusSFB    1.43%    passed     94.87%
   2  Dino         0.38%    passed     98.39%
   3  MJM3360      6.49%    passed     88.43%
   4  DrobinSFB    3.53%    passed     61.52%
   5  Neam         0.00%    passed     61.74%
   6  RuprSFB      4.68%    passed     76.65%
   7  Retr         5.73%    passed     94.57%
   8  Beta         4.39%    passed     31.16%
   9  Spol         4.30%    passed     56.74%
  10  MJM1652      6.97%    passed     99.41%
  11  NepSFB       0.00%    passed     30.21%
  12  WPYJ         5.73%    passed     85.85%
  13  MJM2940      0.48%    passed     93.90%
****  TOTAL        3.39%  0 sequences failed composition chi2 test (p-value<5%; df=3)

Create initial parsimony tree by phylogenetic likelihood library (PLL)... 0.001 seconds

NOTE: 0 MB RAM (0 GB) is required!
Estimate model parameters (epsilon = 0.100)
1. Initial log-likelihood: -6756.626
2. Current log-likelihood: -6523.068
3. Current log-likelihood: -6520.826
Optimal log-likelihood: -6520.811
Rate parameters:  A-C: 1.99469  A-G: 4.59383  A-T: 2.28898  C-G: 1.04470  C-T: 5.52994  G-T: 1.00000
Base frequencies:  A: 0.252  C: 0.212  G: 0.258  T: 0.278
Gamma shape alpha: 0.433
Parameters optimization took 3 rounds (0.038 sec)
Computing ML distances based on estimated model parameters... 0.001 sec
Computing BIONJ tree...
0.002 seconds
Log-likelihood of BIONJ tree: -6514.828
--------------------------------------------------------------------
|             INITIALIZING CANDIDATE TREE SET                      |
--------------------------------------------------------------------
Generating 98 parsimony trees... 0.077 second
Computing log-likelihood of 98 initial trees ... 0.403 seconds
Current best score: -6514.828

Do NNI search on 20 best initial trees
Estimate model parameters (epsilon = 0.100)
BETTER TREE FOUND at iteration 1: -6511.432
Iteration 10 / LogL: -6511.436 / Time: 0h:0m:0s
Iteration 20 / LogL: -6511.437 / Time: 0h:0m:1s
Finish initializing candidate tree set (1)
Current best tree score: -6511.432 / CPU time: 1.090
Number of iterations: 20
--------------------------------------------------------------------
|               OPTIMIZING CANDIDATE TREE SET                      |
--------------------------------------------------------------------
Iteration 30 / LogL: -6511.435 / Time: 0h:0m:1s (0h:0m:3s left)
Iteration 40 / LogL: -6511.465 / Time: 0h:0m:1s (0h:0m:2s left)
Iteration 50 / LogL: -6511.438 / Time: 0h:0m:2s (0h:0m:2s left)
Iteration 60 / LogL: -6511.465 / Time: 0h:0m:2s (0h:0m:1s left)
Iteration 70 / LogL: -6511.578 / Time: 0h:0m:2s (0h:0m:1s left)
Iteration 80 / LogL: -6511.437 / Time: 0h:0m:3s (0h:0m:0s left)
Iteration 90 / LogL: -6534.252 / Time: 0h:0m:3s (0h:0m:0s left)
Iteration 100 / LogL: -6511.441 / Time: 0h:0m:4s (0h:0m:0s left)
TREE SEARCH COMPLETED AFTER 102 ITERATIONS / Time: 0h:0m:4s

--------------------------------------------------------------------
|                    FINALIZING TREE SEARCH                        |
--------------------------------------------------------------------
Performs final model parameters optimization
Estimate model parameters (epsilon = 0.010)
1. Initial log-likelihood: -6511.432
Optimal log-likelihood: -6511.427
Rate parameters:  A-C: 1.93727  A-G: 4.57288  A-T: 2.26917  C-G: 1.03477  C-T: 5.57118  G-T: 1.00000
Base frequencies:  A: 0.252  C: 0.212  G: 0.258  T: 0.278
Gamma shape alpha: 0.438
Parameters optimization took 1 rounds (0.004 sec)
BEST SCORE FOUND : -6511.427

Testing tree branches by SH-like aLRT with 1000 replicates...
0.068 sec.
Total tree length: 1.422

Total number of iterations: 102
CPU time used for tree search: 4.455 sec (0h:0m:4s)
Wall-clock time used for tree search: 4.336 sec (0h:0m:4s)
Total CPU time used: 4.766 sec (0h:0m:4s)
Total wall-clock time used: 4.466 sec (0h:0m:4s)

Analysis results written to: 
  IQ-TREE report:                cluster1898rr.1to1ortho.fa.aln-cln_gene1040.fa.iqtree
  Maximum-likelihood tree:       cluster1898rr.1to1ortho.fa.aln-cln_gene1040.fa.treefile
  Likelihood distances:          cluster1898rr.1to1ortho.fa.aln-cln_gene1040.fa.mldist
  Screen log file:               cluster1898rr.1to1ortho.fa.aln-cln_gene1040.fa.log

Date and Time: Mon Nov 25 09:51:42 2019
