IQ-TREE multicore version 1.6.11 for Mac OS X 64-bit built Jul 12 2019
Developed by Bui Quang Minh, Nguyen Lam Tung, Olga Chernomor,
Heiko Schmidt, Dominik Schrempf, Michael Woodhams.

Host:    slpc437 (AVX2, FMA3, 16 GB RAM)
Command: iqtree -s cluster1491rr.1to1ortho.fa.aln-cln_gene283.fa -nt 4 -m GTR+G -alrt 1000
Seed:    942868 (Using SPRNG - Scalable Parallel Random Number Generator)
Time:    Mon Nov 25 09:43:20 2019
Kernel:  AVX+FMA - 4 threads (6 CPU cores detected)

Reading alignment file cluster1491rr.1to1ortho.fa.aln-cln_gene283.fa ... Fasta format detected
Alignment most likely contains DNA/RNA sequences
Alignment has 13 sequences with 883 columns, 454 distinct patterns
282 parsimony-informative, 160 singleton sites, 441 constant sites
           Gap/Ambiguity  Composition  p-value
   1  DrolusSFB   16.99%    passed     90.06%
   2  Dino         0.00%    passed     29.18%
   3  MJM3360     30.92%    passed     31.59%
   4  DrobinSFB   19.37%    passed     92.06%
   5  Neam         2.38%    passed     41.20%
   6  RuprSFB     29.11%    passed     68.32%
   7  Retr        42.36%    passed     17.74%
   8  Beta        24.12%    passed     52.49%
   9  Spol        25.14%    passed     72.32%
  10  MJM1652      1.70%    failed      2.92%
  11  NepSFB       2.38%    passed     49.60%
  12  WPYJ        55.72%    passed     13.60%
  13  MJM2940     15.06%    passed     88.12%
WARNING: 1 sequences contain more than 50% gaps/ambiguity
****  TOTAL       20.40%  1 sequences failed composition chi2 test (p-value<5%; df=3)

Create initial parsimony tree by phylogenetic likelihood library (PLL)... 0.000 seconds

NOTE: 0 MB RAM (0 GB) is required!
Estimate model parameters (epsilon = 0.100)
1. Initial log-likelihood: -5077.173
2. Current log-likelihood: -4901.571
3. Current log-likelihood: -4899.700
Optimal log-likelihood: -4899.685
Rate parameters:  A-C: 2.83777  A-G: 7.91766  A-T: 3.43262  C-G: 3.50107  C-T: 7.84409  G-T: 1.00000
Base frequencies:  A: 0.237  C: 0.215  G: 0.231  T: 0.318
Gamma shape alpha: 0.577
Parameters optimization took 3 rounds (0.033 sec)
Computing ML distances based on estimated model parameters... 0.001 sec
Computing BIONJ tree...
0.002 seconds
Log-likelihood of BIONJ tree: -4909.271
--------------------------------------------------------------------
|             INITIALIZING CANDIDATE TREE SET                      |
--------------------------------------------------------------------
Generating 98 parsimony trees... 0.076 second
Computing log-likelihood of 96 initial trees ... 0.425 seconds
Current best score: -4899.685

Do NNI search on 20 best initial trees
Estimate model parameters (epsilon = 0.100)
BETTER TREE FOUND at iteration 1: -4898.469
Iteration 10 / LogL: -4898.522 / Time: 0h:0m:0s
Iteration 20 / LogL: -4898.521 / Time: 0h:0m:1s
Finish initializing candidate tree set (1)
Current best tree score: -4898.469 / CPU time: 1.112
Number of iterations: 20
--------------------------------------------------------------------
|               OPTIMIZING CANDIDATE TREE SET                      |
--------------------------------------------------------------------
Iteration 30 / LogL: -4898.476 / Time: 0h:0m:1s (0h:0m:3s left)
Iteration 40 / LogL: -4898.492 / Time: 0h:0m:2s (0h:0m:3s left)
UPDATE BEST LOG-LIKELIHOOD: -4898.469
Iteration 50 / LogL: -4898.487 / Time: 0h:0m:2s (0h:0m:2s left)
Iteration 60 / LogL: -4898.501 / Time: 0h:0m:2s (0h:0m:1s left)
Iteration 70 / LogL: -4898.520 / Time: 0h:0m:3s (0h:0m:1s left)
Iteration 80 / LogL: -4898.470 / Time: 0h:0m:3s (0h:0m:0s left)
Iteration 90 / LogL: -4898.493 / Time: 0h:0m:4s (0h:0m:0s left)
Iteration 100 / LogL: -4898.481 / Time: 0h:0m:4s (0h:0m:0s left)
TREE SEARCH COMPLETED AFTER 102 ITERATIONS / Time: 0h:0m:4s

--------------------------------------------------------------------
|                    FINALIZING TREE SEARCH                        |
--------------------------------------------------------------------
Performs final model parameters optimization
Estimate model parameters (epsilon = 0.010)
1. Initial log-likelihood: -4898.469
Optimal log-likelihood: -4898.469
Rate parameters:  A-C: 2.85582  A-G: 7.89982  A-T: 3.44107  C-G: 3.51821  C-T: 7.86815  G-T: 1.00000
Base frequencies:  A: 0.237  C: 0.215  G: 0.231  T: 0.318
Gamma shape alpha: 0.579
Parameters optimization took 1 rounds (0.004 sec)
BEST SCORE FOUND : -4898.469

Testing tree branches by SH-like aLRT with 1000 replicates...
0.058 sec.
Total tree length: 1.655

Total number of iterations: 102
CPU time used for tree search: 4.496 sec (0h:0m:4s)
Wall-clock time used for tree search: 4.413 sec (0h:0m:4s)
Total CPU time used: 4.763 sec (0h:0m:4s)
Total wall-clock time used: 4.528 sec (0h:0m:4s)

Analysis results written to: 
  IQ-TREE report:                cluster1491rr.1to1ortho.fa.aln-cln_gene283.fa.iqtree
  Maximum-likelihood tree:       cluster1491rr.1to1ortho.fa.aln-cln_gene283.fa.treefile
  Likelihood distances:          cluster1491rr.1to1ortho.fa.aln-cln_gene283.fa.mldist
  Screen log file:               cluster1491rr.1to1ortho.fa.aln-cln_gene283.fa.log

Date and Time: Mon Nov 25 09:43:25 2019
