IQ-TREE multicore version 1.6.11 for Mac OS X 64-bit built Jul 12 2019
Developed by Bui Quang Minh, Nguyen Lam Tung, Olga Chernomor,
Heiko Schmidt, Dominik Schrempf, Michael Woodhams.

Host:    slpc437 (AVX2, FMA3, 16 GB RAM)
Command: iqtree -s cluster2237rr.1to1ortho.fa.aln-cln_gene1110.fa -nt 4 -m GTR+G -alrt 1000
Seed:    142695 (Using SPRNG - Scalable Parallel Random Number Generator)
Time:    Mon Nov 25 10:00:05 2019
Kernel:  AVX+FMA - 4 threads (6 CPU cores detected)

Reading alignment file cluster2237rr.1to1ortho.fa.aln-cln_gene1110.fa ... Fasta format detected
Alignment most likely contains DNA/RNA sequences
Alignment has 13 sequences with 1602 columns, 780 distinct patterns
569 parsimony-informative, 221 singleton sites, 812 constant sites
           Gap/Ambiguity  Composition  p-value
   1  DrolusSFB    0.37%    passed     47.48%
   2  Dino         0.81%    failed      3.61%
   3  MJM3360      9.80%    failed      0.00%
   4  DrobinSFB    2.68%    passed     32.91%
   5  Neam         0.37%    passed     97.39%
   6  RuprSFB     35.14%    passed     76.05%
   7  Retr        23.28%    failed      1.21%
   8  Beta         9.61%    failed      0.00%
   9  Spol         8.30%    failed      2.52%
  10  MJM1652      1.50%    passed     11.36%
  11  NepSFB       0.37%    passed     94.59%
  12  WPYJ        57.93%    failed      0.04%
  13  MJM2940      0.19%    passed     64.24%
WARNING: 1 sequences contain more than 50% gaps/ambiguity
****  TOTAL       11.57%  6 sequences failed composition chi2 test (p-value<5%; df=3)

Create initial parsimony tree by phylogenetic likelihood library (PLL)... 0.001 seconds

NOTE: 1 MB RAM (0 GB) is required!
Estimate model parameters (epsilon = 0.100)
1. Initial log-likelihood: -10770.868
2. Current log-likelihood: -10338.490
3. Current log-likelihood: -10331.506
4. Current log-likelihood: -10331.319
Optimal log-likelihood: -10331.309
Rate parameters:  A-C: 1.08394  A-G: 3.42964  A-T: 1.13558  C-G: 1.05694  C-T: 4.33947  G-T: 1.00000
Base frequencies:  A: 0.260  C: 0.245  G: 0.238  T: 0.257
Gamma shape alpha: 0.403
Parameters optimization took 4 rounds (0.061 sec)
Computing ML distances based on estimated model parameters... 0.002 sec
Computing BIONJ tree...
0.002 seconds
Log-likelihood of BIONJ tree: -10331.309
--------------------------------------------------------------------
|             INITIALIZING CANDIDATE TREE SET                      |
--------------------------------------------------------------------
Generating 99 parsimony trees... 0.101 second
Computing log-likelihood of 99 initial trees ... 0.462 seconds
Current best score: -10331.309

Do NNI search on 20 best initial trees
Estimate model parameters (epsilon = 0.100)
BETTER TREE FOUND at iteration 1: -10331.309
Iteration 10 / LogL: -10331.457 / Time: 0h:0m:0s
Iteration 20 / LogL: -10331.786 / Time: 0h:0m:1s
Finish initializing candidate tree set (1)
Current best tree score: -10331.309 / CPU time: 1.116
Number of iterations: 20
--------------------------------------------------------------------
|               OPTIMIZING CANDIDATE TREE SET                      |
--------------------------------------------------------------------
Iteration 30 / LogL: -10331.341 / Time: 0h:0m:1s (0h:0m:3s left)
Iteration 40 / LogL: -10331.332 / Time: 0h:0m:2s (0h:0m:3s left)
Iteration 50 / LogL: -10331.327 / Time: 0h:0m:2s (0h:0m:2s left)
Iteration 60 / LogL: -10331.343 / Time: 0h:0m:2s (0h:0m:2s left)
Iteration 70 / LogL: -10331.366 / Time: 0h:0m:3s (0h:0m:1s left)
Iteration 80 / LogL: -10331.396 / Time: 0h:0m:3s (0h:0m:1s left)
Iteration 90 / LogL: -10331.369 / Time: 0h:0m:4s (0h:0m:0s left)
Iteration 100 / LogL: -10331.914 / Time: 0h:0m:4s (0h:0m:0s left)
UPDATE BEST LOG-LIKELIHOOD: -10331.309
TREE SEARCH COMPLETED AFTER 102 ITERATIONS / Time: 0h:0m:4s

--------------------------------------------------------------------
|                    FINALIZING TREE SEARCH                        |
--------------------------------------------------------------------
Performs final model parameters optimization
Estimate model parameters (epsilon = 0.010)
1. Initial log-likelihood: -10331.309
Optimal log-likelihood: -10331.308
Rate parameters:  A-C: 1.08508  A-G: 3.42882  A-T: 1.13612  C-G: 1.05724  C-T: 4.34672  G-T: 1.00000
Base frequencies:  A: 0.260  C: 0.245  G: 0.238  T: 0.257
Gamma shape alpha: 0.403
Parameters optimization took 1 rounds (0.005 sec)
BEST SCORE FOUND : -10331.308

Testing tree branches by SH-like aLRT with 1000 replicates...
0.093 sec.
Total tree length: 1.878

Total number of iterations: 102
CPU time used for tree search: 5.615 sec (0h:0m:5s)
Wall-clock time used for tree search: 4.488 sec (0h:0m:4s)
Total CPU time used: 6.105 sec (0h:0m:6s)
Total wall-clock time used: 4.670 sec (0h:0m:4s)

Analysis results written to: 
  IQ-TREE report:                cluster2237rr.1to1ortho.fa.aln-cln_gene1110.fa.iqtree
  Maximum-likelihood tree:       cluster2237rr.1to1ortho.fa.aln-cln_gene1110.fa.treefile
  Likelihood distances:          cluster2237rr.1to1ortho.fa.aln-cln_gene1110.fa.mldist
  Screen log file:               cluster2237rr.1to1ortho.fa.aln-cln_gene1110.fa.log

Date and Time: Mon Nov 25 10:00:09 2019
