IQ-TREE multicore version 1.6.11 for Mac OS X 64-bit built Jul 12 2019
Developed by Bui Quang Minh, Nguyen Lam Tung, Olga Chernomor,
Heiko Schmidt, Dominik Schrempf, Michael Woodhams.

Host:    slpc437 (AVX2, FMA3, 16 GB RAM)
Command: iqtree -s cluster3304rr.1to1ortho.fa.aln-cln_gene304.fa -nt 4 -m GTR+G -alrt 1000
Seed:    252256 (Using SPRNG - Scalable Parallel Random Number Generator)
Time:    Mon Nov 25 10:26:38 2019
Kernel:  AVX+FMA - 4 threads (6 CPU cores detected)

Reading alignment file cluster3304rr.1to1ortho.fa.aln-cln_gene304.fa ... Fasta format detected
Alignment most likely contains DNA/RNA sequences
Alignment has 13 sequences with 2223 columns, 965 distinct patterns
805 parsimony-informative, 290 singleton sites, 1128 constant sites
           Gap/Ambiguity  Composition  p-value
   1  DrolusSFB    0.58%    passed     89.95%
   2  Dino         0.00%    passed    100.00%
   3  MJM3360      2.83%    passed     20.25%
   4  DrobinSFB    1.35%    passed     35.48%
   5  Neam         0.13%    passed     97.42%
   6  RuprSFB      2.88%    passed     74.97%
   7  Retr         1.48%    passed     58.33%
   8  Beta         1.48%    passed     88.16%
   9  Spol         1.48%    passed     86.78%
  10  MJM1652      0.04%    passed     96.86%
  11  NepSFB       0.13%    passed     97.68%
  12  WPYJ        38.91%    passed     89.46%
  13  MJM2940      0.36%    passed     84.08%
****  TOTAL        3.98%  0 sequences failed composition chi2 test (p-value<5%; df=3)

Create initial parsimony tree by phylogenetic likelihood library (PLL)... 0.001 seconds

NOTE: 1 MB RAM (0 GB) is required!
Estimate model parameters (epsilon = 0.100)
1. Initial log-likelihood: -14834.941
2. Current log-likelihood: -14280.736
3. Current log-likelihood: -14276.385
Optimal log-likelihood: -14276.305
Rate parameters:  A-C: 2.03180  A-G: 3.81712  A-T: 1.16294  C-G: 1.68761  C-T: 5.82723  G-T: 1.00000
Base frequencies:  A: 0.284  C: 0.191  G: 0.250  T: 0.276
Gamma shape alpha: 0.452
Parameters optimization took 3 rounds (0.047 sec)
Computing ML distances based on estimated model parameters... 0.002 sec
Computing BIONJ tree...
0.002 seconds
Log-likelihood of BIONJ tree: -14276.304
--------------------------------------------------------------------
|             INITIALIZING CANDIDATE TREE SET                      |
--------------------------------------------------------------------
Generating 99 parsimony trees... 0.106 second
Computing log-likelihood of 99 initial trees ... 0.475 seconds
Current best score: -14276.304

Do NNI search on 20 best initial trees
Estimate model parameters (epsilon = 0.100)
BETTER TREE FOUND at iteration 1: -14276.303
Iteration 10 / LogL: -14276.714 / Time: 0h:0m:0s
Iteration 20 / LogL: -14276.789 / Time: 0h:0m:1s
Finish initializing candidate tree set (1)
Current best tree score: -14276.303 / CPU time: 1.133
Number of iterations: 20
--------------------------------------------------------------------
|               OPTIMIZING CANDIDATE TREE SET                      |
--------------------------------------------------------------------
Iteration 30 / LogL: -14276.318 / Time: 0h:0m:1s (0h:0m:4s left)
Iteration 40 / LogL: -14276.327 / Time: 0h:0m:2s (0h:0m:3s left)
Iteration 50 / LogL: -14276.309 / Time: 0h:0m:2s (0h:0m:2s left)
Iteration 60 / LogL: -14276.416 / Time: 0h:0m:2s (0h:0m:2s left)
Iteration 70 / LogL: -14276.444 / Time: 0h:0m:3s (0h:0m:1s left)
Iteration 80 / LogL: -14276.345 / Time: 0h:0m:3s (0h:0m:1s left)
Iteration 90 / LogL: -14277.384 / Time: 0h:0m:4s (0h:0m:0s left)
Iteration 100 / LogL: -14276.464 / Time: 0h:0m:4s (0h:0m:0s left)
TREE SEARCH COMPLETED AFTER 102 ITERATIONS / Time: 0h:0m:4s

--------------------------------------------------------------------
|                    FINALIZING TREE SEARCH                        |
--------------------------------------------------------------------
Performs final model parameters optimization
Estimate model parameters (epsilon = 0.010)
1. Initial log-likelihood: -14276.303
Optimal log-likelihood: -14276.303
Rate parameters:  A-C: 2.03127  A-G: 3.81747  A-T: 1.16326  C-G: 1.68542  C-T: 5.83263  G-T: 1.00000
Base frequencies:  A: 0.284  C: 0.191  G: 0.250  T: 0.276
Gamma shape alpha: 0.452
Parameters optimization took 1 rounds (0.006 sec)
BEST SCORE FOUND : -14276.303

Testing tree branches by SH-like aLRT with 1000 replicates...
0.122 sec.
Total tree length: 1.586

Total number of iterations: 102
CPU time used for tree search: 6.420 sec (0h:0m:6s)
Wall-clock time used for tree search: 4.732 sec (0h:0m:4s)
Total CPU time used: 6.997 sec (0h:0m:6s)
Total wall-clock time used: 4.927 sec (0h:0m:4s)

Analysis results written to: 
  IQ-TREE report:                cluster3304rr.1to1ortho.fa.aln-cln_gene304.fa.iqtree
  Maximum-likelihood tree:       cluster3304rr.1to1ortho.fa.aln-cln_gene304.fa.treefile
  Likelihood distances:          cluster3304rr.1to1ortho.fa.aln-cln_gene304.fa.mldist
  Screen log file:               cluster3304rr.1to1ortho.fa.aln-cln_gene304.fa.log

Date and Time: Mon Nov 25 10:26:43 2019
