IQ-TREE multicore version 1.6.11 for Mac OS X 64-bit built Jul 12 2019
Developed by Bui Quang Minh, Nguyen Lam Tung, Olga Chernomor,
Heiko Schmidt, Dominik Schrempf, Michael Woodhams.

Host:    slpc437 (AVX2, FMA3, 16 GB RAM)
Command: iqtree -s cluster662rr.1to1ortho.fa.aln-cln_gene731.fa -nt 4 -m GTR+G -alrt 1000
Seed:    41720 (Using SPRNG - Scalable Parallel Random Number Generator)
Time:    Mon Nov 25 11:11:44 2019
Kernel:  AVX+FMA - 4 threads (6 CPU cores detected)

Reading alignment file cluster662rr.1to1ortho.fa.aln-cln_gene731.fa ... Fasta format detected
Alignment most likely contains DNA/RNA sequences
Alignment has 13 sequences with 1698 columns, 712 distinct patterns
517 parsimony-informative, 235 singleton sites, 945 constant sites
           Gap/Ambiguity  Composition  p-value
   1  DrolusSFB    0.88%    passed     98.40%
   2  Dino         1.24%    passed     98.06%
   3  MJM3360      2.47%    passed     81.97%
   4  DrobinSFB    2.06%    passed     23.68%
   5  Neam         0.71%    passed     76.91%
   6  RuprSFB      0.71%    passed     99.28%
   7  Retr        29.80%    passed     78.10%
   8  Beta         1.77%    passed     43.26%
   9  Spol         1.24%    passed     49.30%
  10  MJM1652      1.41%    passed     79.45%
  11  NepSFB       0.71%    passed     87.81%
  12  WPYJ        43.64%    passed     38.60%
  13  MJM2940      1.06%    passed     86.79%
****  TOTAL        6.75%  0 sequences failed composition chi2 test (p-value<5%; df=3)

Create initial parsimony tree by phylogenetic likelihood library (PLL)... 0.001 seconds

NOTE: 1 MB RAM (0 GB) is required!
Estimate model parameters (epsilon = 0.100)
1. Initial log-likelihood: -10216.952
2. Current log-likelihood: -9778.828
3. Current log-likelihood: -9775.823
Optimal log-likelihood: -9775.776
Rate parameters:  A-C: 2.19198  A-G: 5.07613  A-T: 1.88844  C-G: 1.18880  C-T: 6.91384  G-T: 1.00000
Base frequencies:  A: 0.290  C: 0.207  G: 0.241  T: 0.262
Gamma shape alpha: 0.390
Parameters optimization took 3 rounds (0.048 sec)
Computing ML distances based on estimated model parameters... 0.001 sec
Computing BIONJ tree...
0.002 seconds
Log-likelihood of BIONJ tree: -9775.776
--------------------------------------------------------------------
|             INITIALIZING CANDIDATE TREE SET                      |
--------------------------------------------------------------------
Generating 99 parsimony trees... 0.089 second
Computing log-likelihood of 99 initial trees ... 0.439 seconds
Current best score: -9775.776

Do NNI search on 20 best initial trees
Estimate model parameters (epsilon = 0.100)
BETTER TREE FOUND at iteration 1: -9775.776
Iteration 10 / LogL: -9775.778 / Time: 0h:0m:0s
Iteration 20 / LogL: -9775.805 / Time: 0h:0m:1s
Finish initializing candidate tree set (1)
Current best tree score: -9775.776 / CPU time: 1.037
Number of iterations: 20
--------------------------------------------------------------------
|               OPTIMIZING CANDIDATE TREE SET                      |
--------------------------------------------------------------------
Iteration 30 / LogL: -9775.905 / Time: 0h:0m:1s (0h:0m:3s left)
Iteration 40 / LogL: -9775.783 / Time: 0h:0m:1s (0h:0m:3s left)
Iteration 50 / LogL: -9775.827 / Time: 0h:0m:2s (0h:0m:2s left)
Iteration 60 / LogL: -9775.810 / Time: 0h:0m:2s (0h:0m:1s left)
Iteration 70 / LogL: -9775.837 / Time: 0h:0m:2s (0h:0m:1s left)
Iteration 80 / LogL: -9776.170 / Time: 0h:0m:3s (0h:0m:0s left)
Iteration 90 / LogL: -9775.974 / Time: 0h:0m:3s (0h:0m:0s left)
Iteration 100 / LogL: -9775.777 / Time: 0h:0m:4s (0h:0m:0s left)
UPDATE BEST LOG-LIKELIHOOD: -9775.776
TREE SEARCH COMPLETED AFTER 102 ITERATIONS / Time: 0h:0m:4s

--------------------------------------------------------------------
|                    FINALIZING TREE SEARCH                        |
--------------------------------------------------------------------
Performs final model parameters optimization
Estimate model parameters (epsilon = 0.010)
1. Initial log-likelihood: -9775.776
Optimal log-likelihood: -9775.776
Rate parameters:  A-C: 2.19199  A-G: 5.07608  A-T: 1.88695  C-G: 1.18779  C-T: 6.91437  G-T: 1.00000
Base frequencies:  A: 0.290  C: 0.207  G: 0.241  T: 0.262
Gamma shape alpha: 0.390
Parameters optimization took 1 rounds (0.005 sec)
BEST SCORE FOUND : -9775.776

Testing tree branches by SH-like aLRT with 1000 replicates...
0.098 sec.
Total tree length: 1.389

Total number of iterations: 102
CPU time used for tree search: 4.941 sec (0h:0m:4s)
Wall-clock time used for tree search: 4.106 sec (0h:0m:4s)
Total CPU time used: 5.410 sec (0h:0m:5s)
Total wall-clock time used: 4.278 sec (0h:0m:4s)

Analysis results written to: 
  IQ-TREE report:                cluster662rr.1to1ortho.fa.aln-cln_gene731.fa.iqtree
  Maximum-likelihood tree:       cluster662rr.1to1ortho.fa.aln-cln_gene731.fa.treefile
  Likelihood distances:          cluster662rr.1to1ortho.fa.aln-cln_gene731.fa.mldist
  Screen log file:               cluster662rr.1to1ortho.fa.aln-cln_gene731.fa.log

Date and Time: Mon Nov 25 11:11:48 2019
