IQ-TREE multicore version 1.6.11 for Mac OS X 64-bit built Jul 12 2019
Developed by Bui Quang Minh, Nguyen Lam Tung, Olga Chernomor,
Heiko Schmidt, Dominik Schrempf, Michael Woodhams.

Host:    slpc437 (AVX2, FMA3, 16 GB RAM)
Command: iqtree -s cluster1550rr.1to1ortho.fa.aln-cln_gene495.fa -nt 4 -m GTR+G -alrt 1000
Seed:    45816 (Using SPRNG - Scalable Parallel Random Number Generator)
Time:    Mon Nov 25 09:44:57 2019
Kernel:  AVX+FMA - 4 threads (6 CPU cores detected)

Reading alignment file cluster1550rr.1to1ortho.fa.aln-cln_gene495.fa ... Fasta format detected
Alignment most likely contains DNA/RNA sequences
Alignment has 13 sequences with 1413 columns, 553 distinct patterns
391 parsimony-informative, 212 singleton sites, 810 constant sites
           Gap/Ambiguity  Composition  p-value
   1  DrolusSFB    0.00%    passed     98.25%
   2  Dino         0.00%    passed     89.58%
   3  MJM3360      0.00%    passed     88.81%
   4  DrobinSFB    0.00%    passed     96.20%
   5  Neam        16.56%    passed     95.13%
   6  RuprSFB      0.00%    passed     96.06%
   7  Retr         0.35%    passed     99.61%
   8  Beta         1.70%    passed     81.58%
   9  Spol         0.21%    passed     91.15%
  10  MJM1652      0.00%    passed     85.57%
  11  NepSFB       0.00%    passed     99.20%
  12  WPYJ        61.43%    passed     99.26%
  13  MJM2940      0.00%    passed     95.01%
WARNING: 1 sequences contain more than 50% gaps/ambiguity
****  TOTAL        6.17%  0 sequences failed composition chi2 test (p-value<5%; df=3)

Create initial parsimony tree by phylogenetic likelihood library (PLL)... 0.001 seconds

NOTE: 0 MB RAM (0 GB) is required!
Estimate model parameters (epsilon = 0.100)
1. Initial log-likelihood: -8185.303
2. Current log-likelihood: -7785.740
3. Current log-likelihood: -7781.534
Optimal log-likelihood: -7781.464
Rate parameters:  A-C: 1.57085  A-G: 5.15488  A-T: 1.71040  C-G: 1.17814  C-T: 6.99954  G-T: 1.00000
Base frequencies:  A: 0.292  C: 0.179  G: 0.231  T: 0.298
Gamma shape alpha: 0.360
Parameters optimization took 3 rounds (0.038 sec)
Computing ML distances based on estimated model parameters... 0.001 sec
Computing BIONJ tree...
0.004 seconds
Log-likelihood of BIONJ tree: -7781.464
--------------------------------------------------------------------
|             INITIALIZING CANDIDATE TREE SET                      |
--------------------------------------------------------------------
Generating 99 parsimony trees... 0.078 second
Computing log-likelihood of 99 initial trees ... 0.431 seconds
Current best score: -7781.464

Do NNI search on 20 best initial trees
Estimate model parameters (epsilon = 0.100)
BETTER TREE FOUND at iteration 1: -7778.837
Iteration 10 / LogL: -7778.913 / Time: 0h:0m:0s
Iteration 20 / LogL: -7778.987 / Time: 0h:0m:1s
Finish initializing candidate tree set (1)
Current best tree score: -7778.837 / CPU time: 1.081
Number of iterations: 20
--------------------------------------------------------------------
|               OPTIMIZING CANDIDATE TREE SET                      |
--------------------------------------------------------------------
Iteration 30 / LogL: -7778.866 / Time: 0h:0m:1s (0h:0m:3s left)
Iteration 40 / LogL: -7778.896 / Time: 0h:0m:1s (0h:0m:2s left)
Iteration 50 / LogL: -7778.884 / Time: 0h:0m:2s (0h:0m:2s left)
Iteration 60 / LogL: -7779.023 / Time: 0h:0m:2s (0h:0m:1s left)
Iteration 70 / LogL: -7778.899 / Time: 0h:0m:2s (0h:0m:1s left)
Iteration 80 / LogL: -7778.882 / Time: 0h:0m:3s (0h:0m:0s left)
Iteration 90 / LogL: -7778.878 / Time: 0h:0m:3s (0h:0m:0s left)
Iteration 100 / LogL: -7778.842 / Time: 0h:0m:3s (0h:0m:0s left)
TREE SEARCH COMPLETED AFTER 102 ITERATIONS / Time: 0h:0m:4s

--------------------------------------------------------------------
|                    FINALIZING TREE SEARCH                        |
--------------------------------------------------------------------
Performs final model parameters optimization
Estimate model parameters (epsilon = 0.010)
1. Initial log-likelihood: -7778.837
Optimal log-likelihood: -7778.836
Rate parameters:  A-C: 1.55956  A-G: 5.14221  A-T: 1.69451  C-G: 1.18353  C-T: 7.01560  G-T: 1.00000
Base frequencies:  A: 0.292  C: 0.179  G: 0.231  T: 0.298
Gamma shape alpha: 0.361
Parameters optimization took 1 rounds (0.005 sec)
BEST SCORE FOUND : -7778.836

Testing tree branches by SH-like aLRT with 1000 replicates...
0.081 sec.
Total tree length: 1.297

Total number of iterations: 102
CPU time used for tree search: 4.423 sec (0h:0m:4s)
Wall-clock time used for tree search: 4.004 sec (0h:0m:4s)
Total CPU time used: 4.798 sec (0h:0m:4s)
Total wall-clock time used: 4.149 sec (0h:0m:4s)

Analysis results written to: 
  IQ-TREE report:                cluster1550rr.1to1ortho.fa.aln-cln_gene495.fa.iqtree
  Maximum-likelihood tree:       cluster1550rr.1to1ortho.fa.aln-cln_gene495.fa.treefile
  Likelihood distances:          cluster1550rr.1to1ortho.fa.aln-cln_gene495.fa.mldist
  Screen log file:               cluster1550rr.1to1ortho.fa.aln-cln_gene495.fa.log

Date and Time: Mon Nov 25 09:45:01 2019
