IQ-TREE multicore version 1.6.11 for Mac OS X 64-bit built Jul 12 2019
Developed by Bui Quang Minh, Nguyen Lam Tung, Olga Chernomor,
Heiko Schmidt, Dominik Schrempf, Michael Woodhams.

Host:    slpc437 (AVX2, FMA3, 16 GB RAM)
Command: iqtree -s cluster5086rr.1to1ortho.fa.aln-cln_gene870.fa -nt 4 -m GTR+G -alrt 1000
Seed:    876760 (Using SPRNG - Scalable Parallel Random Number Generator)
Time:    Mon Nov 25 11:04:56 2019
Kernel:  AVX+FMA - 4 threads (6 CPU cores detected)

Reading alignment file cluster5086rr.1to1ortho.fa.aln-cln_gene870.fa ... Fasta format detected
Alignment most likely contains DNA/RNA sequences
Alignment has 13 sequences with 1161 columns, 430 distinct patterns
349 parsimony-informative, 116 singleton sites, 696 constant sites
           Gap/Ambiguity  Composition  p-value
   1  DrolusSFB    0.00%    passed     96.03%
   2  Dino         0.17%    passed     98.29%
   3  MJM3360      0.43%    passed     91.01%
   4  DrobinSFB    1.12%    passed     21.16%
   5  Neam         0.00%    passed     99.05%
   6  RuprSFB      0.00%    passed     26.36%
   7  Retr         0.00%    passed     94.32%
   8  Beta         0.00%    passed     91.05%
   9  Spol         0.00%    passed     57.76%
  10  MJM1652      0.43%    passed     96.62%
  11  NepSFB       0.00%    passed     99.61%
  12  WPYJ         1.46%    passed     77.60%
  13  MJM2940      0.00%    passed     77.89%
****  TOTAL        0.28%  0 sequences failed composition chi2 test (p-value<5%; df=3)

Create initial parsimony tree by phylogenetic likelihood library (PLL)... 0.001 seconds

NOTE: 0 MB RAM (0 GB) is required!
Estimate model parameters (epsilon = 0.100)
1. Initial log-likelihood: -6993.053
2. Current log-likelihood: -6665.131
3. Current log-likelihood: -6661.625
Optimal log-likelihood: -6661.575
Rate parameters:  A-C: 1.71884  A-G: 4.58847  A-T: 1.95911  C-G: 1.73768  C-T: 7.34026  G-T: 1.00000
Base frequencies:  A: 0.276  C: 0.192  G: 0.263  T: 0.270
Gamma shape alpha: 0.289
Parameters optimization took 3 rounds (0.031 sec)
Computing ML distances based on estimated model parameters... 0.001 sec
Computing BIONJ tree...
0.003 seconds
Log-likelihood of BIONJ tree: -6661.991
--------------------------------------------------------------------
|             INITIALIZING CANDIDATE TREE SET                      |
--------------------------------------------------------------------
Generating 98 parsimony trees... 0.066 second
Computing log-likelihood of 98 initial trees ... 0.390 seconds
Current best score: -6661.575

Do NNI search on 20 best initial trees
Estimate model parameters (epsilon = 0.100)
BETTER TREE FOUND at iteration 1: -6661.404
Iteration 10 / LogL: -6661.434 / Time: 0h:0m:0s
Iteration 20 / LogL: -6661.536 / Time: 0h:0m:1s
Finish initializing candidate tree set (2)
Current best tree score: -6661.404 / CPU time: 0.991
Number of iterations: 20
--------------------------------------------------------------------
|               OPTIMIZING CANDIDATE TREE SET                      |
--------------------------------------------------------------------
Iteration 30 / LogL: -6661.426 / Time: 0h:0m:1s (0h:0m:3s left)
Iteration 40 / LogL: -6661.651 / Time: 0h:0m:1s (0h:0m:2s left)
Iteration 50 / LogL: -6661.407 / Time: 0h:0m:2s (0h:0m:2s left)
Iteration 60 / LogL: -6661.405 / Time: 0h:0m:2s (0h:0m:1s left)
Iteration 70 / LogL: -6661.405 / Time: 0h:0m:2s (0h:0m:1s left)
Iteration 80 / LogL: -6661.407 / Time: 0h:0m:3s (0h:0m:0s left)
Iteration 90 / LogL: -6661.405 / Time: 0h:0m:3s (0h:0m:0s left)
Iteration 100 / LogL: -6661.597 / Time: 0h:0m:4s (0h:0m:0s left)
TREE SEARCH COMPLETED AFTER 102 ITERATIONS / Time: 0h:0m:4s

--------------------------------------------------------------------
|                    FINALIZING TREE SEARCH                        |
--------------------------------------------------------------------
Performs final model parameters optimization
Estimate model parameters (epsilon = 0.010)
1. Initial log-likelihood: -6661.404
Optimal log-likelihood: -6661.404
Rate parameters:  A-C: 1.71386  A-G: 4.58361  A-T: 1.95785  C-G: 1.73656  C-T: 7.34544  G-T: 1.00000
Base frequencies:  A: 0.276  C: 0.192  G: 0.263  T: 0.270
Gamma shape alpha: 0.289
Parameters optimization took 1 rounds (0.004 sec)
BEST SCORE FOUND : -6661.404

Testing tree branches by SH-like aLRT with 1000 replicates...
0.072 sec.
Total tree length: 1.312

Total number of iterations: 102
CPU time used for tree search: 4.122 sec (0h:0m:4s)
Wall-clock time used for tree search: 4.087 sec (0h:0m:4s)
Total CPU time used: 4.431 sec (0h:0m:4s)
Total wall-clock time used: 4.214 sec (0h:0m:4s)

Analysis results written to: 
  IQ-TREE report:                cluster5086rr.1to1ortho.fa.aln-cln_gene870.fa.iqtree
  Maximum-likelihood tree:       cluster5086rr.1to1ortho.fa.aln-cln_gene870.fa.treefile
  Likelihood distances:          cluster5086rr.1to1ortho.fa.aln-cln_gene870.fa.mldist
  Screen log file:               cluster5086rr.1to1ortho.fa.aln-cln_gene870.fa.log

Date and Time: Mon Nov 25 11:05:01 2019
