IQ-TREE multicore version 1.6.11 for Mac OS X 64-bit built Jul 12 2019
Developed by Bui Quang Minh, Nguyen Lam Tung, Olga Chernomor,
Heiko Schmidt, Dominik Schrempf, Michael Woodhams.

Host:    slpc437 (AVX2, FMA3, 16 GB RAM)
Command: iqtree -s cluster2800rr.1to1ortho.fa.aln-cln_gene184.fa -nt 4 -m GTR+G -alrt 1000
Seed:    341073 (Using SPRNG - Scalable Parallel Random Number Generator)
Time:    Mon Nov 25 10:13:41 2019
Kernel:  AVX+FMA - 4 threads (6 CPU cores detected)

Reading alignment file cluster2800rr.1to1ortho.fa.aln-cln_gene184.fa ... Fasta format detected
Alignment most likely contains DNA/RNA sequences
Alignment has 13 sequences with 773 columns, 356 distinct patterns
225 parsimony-informative, 135 singleton sites, 413 constant sites
           Gap/Ambiguity  Composition  p-value
   1  DrolusSFB    0.78%    passed     52.59%
   2  Dino         0.00%    passed     86.43%
   3  MJM3360      5.30%    passed     85.08%
   4  DrobinSFB    3.49%    passed     95.11%
   5  Neam         2.85%    passed     79.83%
   6  RuprSFB      3.23%    passed     88.80%
   7  Retr         0.00%    passed     95.66%
   8  Beta         2.85%    passed     86.96%
   9  Spol        40.88%    passed     43.80%
  10  MJM1652      0.00%    passed     93.94%
  11  NepSFB       2.85%    passed     90.57%
  12  WPYJ        37.00%    passed     69.81%
  13  MJM2940      3.10%    passed     91.07%
****  TOTAL        7.87%  0 sequences failed composition chi2 test (p-value<5%; df=3)

Create initial parsimony tree by phylogenetic likelihood library (PLL)... 0.000 seconds

NOTE: 0 MB RAM (0 GB) is required!
WARNING: Number of threads seems too high for short alignments. Use -nt AUTO to determine best number of threads.
Estimate model parameters (epsilon = 0.100)
1. Initial log-likelihood: -4683.447
2. Current log-likelihood: -4436.654
3. Current log-likelihood: -4433.342
Optimal log-likelihood: -4433.296
Rate parameters:  A-C: 1.37004  A-G: 4.07845  A-T: 1.14646  C-G: 0.61969  C-T: 6.29427  G-T: 1.00000
Base frequencies:  A: 0.288  C: 0.179  G: 0.256  T: 0.278
Gamma shape alpha: 0.437
Parameters optimization took 3 rounds (0.028 sec)
Computing ML distances based on estimated model parameters... 0.001 sec
Computing BIONJ tree...
0.002 seconds
Log-likelihood of BIONJ tree: -4433.090
--------------------------------------------------------------------
|             INITIALIZING CANDIDATE TREE SET                      |
--------------------------------------------------------------------
Generating 98 parsimony trees... 0.062 second
Computing log-likelihood of 97 initial trees ... 0.393 seconds
Current best score: -4433.090

Do NNI search on 20 best initial trees
Estimate model parameters (epsilon = 0.100)
BETTER TREE FOUND at iteration 1: -4431.986
Iteration 10 / LogL: -4435.589 / Time: 0h:0m:0s
Iteration 20 / LogL: -4431.993 / Time: 0h:0m:1s
Finish initializing candidate tree set (2)
Current best tree score: -4431.986 / CPU time: 1.015
Number of iterations: 20
--------------------------------------------------------------------
|               OPTIMIZING CANDIDATE TREE SET                      |
--------------------------------------------------------------------
Iteration 30 / LogL: -4435.605 / Time: 0h:0m:1s (0h:0m:3s left)
Iteration 40 / LogL: -4437.652 / Time: 0h:0m:1s (0h:0m:2s left)
Iteration 50 / LogL: -4432.042 / Time: 0h:0m:2s (0h:0m:2s left)
Iteration 60 / LogL: -4432.053 / Time: 0h:0m:2s (0h:0m:1s left)
Iteration 70 / LogL: -4432.087 / Time: 0h:0m:2s (0h:0m:1s left)
Iteration 80 / LogL: -4432.083 / Time: 0h:0m:3s (0h:0m:0s left)
Iteration 90 / LogL: -4435.435 / Time: 0h:0m:3s (0h:0m:0s left)
Iteration 100 / LogL: -4431.991 / Time: 0h:0m:3s (0h:0m:0s left)
TREE SEARCH COMPLETED AFTER 102 ITERATIONS / Time: 0h:0m:3s

--------------------------------------------------------------------
|                    FINALIZING TREE SEARCH                        |
--------------------------------------------------------------------
Performs final model parameters optimization
Estimate model parameters (epsilon = 0.010)
1. Initial log-likelihood: -4431.986
Optimal log-likelihood: -4431.986
Rate parameters:  A-C: 1.41392  A-G: 4.22050  A-T: 1.17772  C-G: 0.63354  C-T: 6.53864  G-T: 1.00000
Base frequencies:  A: 0.288  C: 0.179  G: 0.256  T: 0.278
Gamma shape alpha: 0.438
Parameters optimization took 1 rounds (0.004 sec)
BEST SCORE FOUND : -4431.986

Testing tree branches by SH-like aLRT with 1000 replicates...
0.056 sec.
Total tree length: 1.427

Total number of iterations: 102
CPU time used for tree search: 3.564 sec (0h:0m:3s)
Wall-clock time used for tree search: 3.793 sec (0h:0m:3s)
Total CPU time used: 3.795 sec (0h:0m:3s)
Total wall-clock time used: 3.899 sec (0h:0m:3s)

Analysis results written to: 
  IQ-TREE report:                cluster2800rr.1to1ortho.fa.aln-cln_gene184.fa.iqtree
  Maximum-likelihood tree:       cluster2800rr.1to1ortho.fa.aln-cln_gene184.fa.treefile
  Likelihood distances:          cluster2800rr.1to1ortho.fa.aln-cln_gene184.fa.mldist
  Screen log file:               cluster2800rr.1to1ortho.fa.aln-cln_gene184.fa.log

Date and Time: Mon Nov 25 10:13:45 2019
