IQ-TREE multicore version 1.6.11 for Mac OS X 64-bit built Jul 12 2019
Developed by Bui Quang Minh, Nguyen Lam Tung, Olga Chernomor,
Heiko Schmidt, Dominik Schrempf, Michael Woodhams.

Host:    slpc437 (AVX2, FMA3, 16 GB RAM)
Command: iqtree -s cluster2089rr.1to1ortho.fa.aln-cln_gene156.fa -nt 4 -m GTR+G -alrt 1000
Seed:    347359 (Using SPRNG - Scalable Parallel Random Number Generator)
Time:    Mon Nov 25 09:56:37 2019
Kernel:  AVX+FMA - 4 threads (6 CPU cores detected)

Reading alignment file cluster2089rr.1to1ortho.fa.aln-cln_gene156.fa ... Fasta format detected
Alignment most likely contains DNA/RNA sequences
Alignment has 13 sequences with 1693 columns, 825 distinct patterns
608 parsimony-informative, 271 singleton sites, 814 constant sites
           Gap/Ambiguity  Composition  p-value
   1  DrolusSFB    0.24%    passed     85.87%
   2  Dino         4.13%    passed     49.56%
   3  MJM3360      1.30%    failed      2.71%
   4  DrobinSFB   42.76%    passed     20.79%
   5  Neam         0.41%    passed     97.55%
   6  RuprSFB     29.24%    failed      0.74%
   7  Retr         1.54%    passed     99.45%
   8  Beta         0.71%    passed     35.45%
   9  Spol         0.35%    passed     77.16%
  10  MJM1652      1.65%    passed     89.23%
  11  NepSFB       0.41%    passed     96.93%
  12  WPYJ        53.46%    passed     11.54%
  13  MJM2940      0.24%    passed     69.13%
WARNING: 1 sequences contain more than 50% gaps/ambiguity
****  TOTAL       10.50%  2 sequences failed composition chi2 test (p-value<5%; df=3)

Create initial parsimony tree by phylogenetic likelihood library (PLL)... 0.001 seconds

NOTE: 1 MB RAM (0 GB) is required!
Estimate model parameters (epsilon = 0.100)
1. Initial log-likelihood: -11097.371
2. Current log-likelihood: -10683.544
3. Current log-likelihood: -10680.704
Optimal log-likelihood: -10680.678
Rate parameters:  A-C: 1.40519  A-G: 4.35712  A-T: 1.30747  C-G: 1.35667  C-T: 4.46735  G-T: 1.00000
Base frequencies:  A: 0.252  C: 0.239  G: 0.226  T: 0.284
Gamma shape alpha: 0.544
Parameters optimization took 3 rounds (0.050 sec)
Computing ML distances based on estimated model parameters... 0.002 sec
Computing BIONJ tree...
0.002 seconds
Log-likelihood of BIONJ tree: -10686.290
--------------------------------------------------------------------
|             INITIALIZING CANDIDATE TREE SET                      |
--------------------------------------------------------------------
Generating 98 parsimony trees... 0.098 second
Computing log-likelihood of 97 initial trees ... 0.458 seconds
Current best score: -10680.678

Do NNI search on 20 best initial trees
Estimate model parameters (epsilon = 0.100)
BETTER TREE FOUND at iteration 1: -10680.677
Iteration 10 / LogL: -10680.702 / Time: 0h:0m:0s
Iteration 20 / LogL: -10680.683 / Time: 0h:0m:1s
Finish initializing candidate tree set (1)
Current best tree score: -10680.677 / CPU time: 1.090
Number of iterations: 20
--------------------------------------------------------------------
|               OPTIMIZING CANDIDATE TREE SET                      |
--------------------------------------------------------------------
Iteration 30 / LogL: -10680.726 / Time: 0h:0m:1s (0h:0m:3s left)
Iteration 40 / LogL: -10680.739 / Time: 0h:0m:2s (0h:0m:3s left)
Iteration 50 / LogL: -10680.697 / Time: 0h:0m:2s (0h:0m:2s left)
Iteration 60 / LogL: -10680.892 / Time: 0h:0m:2s (0h:0m:2s left)
Iteration 70 / LogL: -10680.709 / Time: 0h:0m:3s (0h:0m:1s left)
Iteration 80 / LogL: -10680.788 / Time: 0h:0m:3s (0h:0m:1s left)
Iteration 90 / LogL: -10680.825 / Time: 0h:0m:4s (0h:0m:0s left)
Iteration 100 / LogL: -10680.710 / Time: 0h:0m:4s (0h:0m:0s left)
TREE SEARCH COMPLETED AFTER 102 ITERATIONS / Time: 0h:0m:4s

--------------------------------------------------------------------
|                    FINALIZING TREE SEARCH                        |
--------------------------------------------------------------------
Performs final model parameters optimization
Estimate model parameters (epsilon = 0.010)
1. Initial log-likelihood: -10680.677
Optimal log-likelihood: -10680.677
Rate parameters:  A-C: 1.40537  A-G: 4.35838  A-T: 1.30793  C-G: 1.35622  C-T: 4.46896  G-T: 1.00000
Base frequencies:  A: 0.252  C: 0.239  G: 0.226  T: 0.284
Gamma shape alpha: 0.544
Parameters optimization took 1 rounds (0.006 sec)
BEST SCORE FOUND : -10680.677

Testing tree branches by SH-like aLRT with 1000 replicates...
0.101 sec.
Total tree length: 1.627

Total number of iterations: 102
CPU time used for tree search: 5.916 sec (0h:0m:5s)
Wall-clock time used for tree search: 4.632 sec (0h:0m:4s)
Total CPU time used: 6.402 sec (0h:0m:6s)
Total wall-clock time used: 4.808 sec (0h:0m:4s)

Analysis results written to: 
  IQ-TREE report:                cluster2089rr.1to1ortho.fa.aln-cln_gene156.fa.iqtree
  Maximum-likelihood tree:       cluster2089rr.1to1ortho.fa.aln-cln_gene156.fa.treefile
  Likelihood distances:          cluster2089rr.1to1ortho.fa.aln-cln_gene156.fa.mldist
  Screen log file:               cluster2089rr.1to1ortho.fa.aln-cln_gene156.fa.log

Date and Time: Mon Nov 25 09:56:42 2019
