IQ-TREE multicore version 1.6.11 for Mac OS X 64-bit built Jul 12 2019
Developed by Bui Quang Minh, Nguyen Lam Tung, Olga Chernomor,
Heiko Schmidt, Dominik Schrempf, Michael Woodhams.

Host:    slpc437 (AVX2, FMA3, 16 GB RAM)
Command: iqtree -s cluster1874rr.1to1ortho.fa.aln-cln_gene201.fa -nt 4 -m GTR+G -alrt 1000
Seed:    523178 (Using SPRNG - Scalable Parallel Random Number Generator)
Time:    Mon Nov 25 09:50:50 2019
Kernel:  AVX+FMA - 4 threads (6 CPU cores detected)

Reading alignment file cluster1874rr.1to1ortho.fa.aln-cln_gene201.fa ... Fasta format detected
Alignment most likely contains DNA/RNA sequences
Alignment has 13 sequences with 1413 columns, 671 distinct patterns
521 parsimony-informative, 210 singleton sites, 682 constant sites
           Gap/Ambiguity  Composition  p-value
   1  DrolusSFB    1.34%    passed     90.30%
   2  Dino         0.21%    passed     72.37%
   3  MJM3360     10.47%    passed     99.21%
   4  DrobinSFB    1.34%    passed     26.61%
   5  Neam         0.50%    passed     88.59%
   6  RuprSFB      9.41%    passed     93.97%
   7  Retr         9.91%    passed     80.89%
   8  Beta         0.07%    passed     43.46%
   9  Spol         0.07%    passed     31.41%
  10  MJM1652      0.28%    passed     73.83%
  11  NepSFB       0.50%    passed     96.48%
  12  WPYJ        39.28%    passed     13.60%
  13  MJM2940      0.28%    passed     98.86%
****  TOTAL        5.67%  0 sequences failed composition chi2 test (p-value<5%; df=3)

Create initial parsimony tree by phylogenetic likelihood library (PLL)... 0.001 seconds

NOTE: 1 MB RAM (0 GB) is required!
Estimate model parameters (epsilon = 0.100)
1. Initial log-likelihood: -9442.910
2. Current log-likelihood: -9039.237
3. Current log-likelihood: -9026.691
4. Current log-likelihood: -9026.476
Optimal log-likelihood: -9026.471
Rate parameters:  A-C: 2.61169  A-G: 6.61248  A-T: 2.40521  C-G: 2.00891  C-T: 9.54994  G-T: 1.00000
Base frequencies:  A: 0.299  C: 0.190  G: 0.245  T: 0.266
Gamma shape alpha: 0.494
Parameters optimization took 4 rounds (0.055 sec)
Computing ML distances based on estimated model parameters... 0.001 sec
Computing BIONJ tree...
0.002 seconds
Log-likelihood of BIONJ tree: -9031.772
--------------------------------------------------------------------
|             INITIALIZING CANDIDATE TREE SET                      |
--------------------------------------------------------------------
Generating 98 parsimony trees... 0.091 second
Computing log-likelihood of 96 initial trees ... 0.425 seconds
Current best score: -9026.471

Do NNI search on 20 best initial trees
Estimate model parameters (epsilon = 0.100)
BETTER TREE FOUND at iteration 1: -9026.470
Iteration 10 / LogL: -9026.508 / Time: 0h:0m:0s
Iteration 20 / LogL: -9027.232 / Time: 0h:0m:1s
Finish initializing candidate tree set (1)
Current best tree score: -9026.470 / CPU time: 1.056
Number of iterations: 20
--------------------------------------------------------------------
|               OPTIMIZING CANDIDATE TREE SET                      |
--------------------------------------------------------------------
Iteration 30 / LogL: -9028.054 / Time: 0h:0m:1s (0h:0m:3s left)
Iteration 40 / LogL: -9026.486 / Time: 0h:0m:1s (0h:0m:2s left)
Iteration 50 / LogL: -9027.167 / Time: 0h:0m:2s (0h:0m:2s left)
Iteration 60 / LogL: -9026.970 / Time: 0h:0m:2s (0h:0m:1s left)
Iteration 70 / LogL: -9027.326 / Time: 0h:0m:3s (0h:0m:1s left)
Iteration 80 / LogL: -9026.486 / Time: 0h:0m:3s (0h:0m:0s left)
Iteration 90 / LogL: -9026.497 / Time: 0h:0m:3s (0h:0m:0s left)
Iteration 100 / LogL: -9026.736 / Time: 0h:0m:4s (0h:0m:0s left)
TREE SEARCH COMPLETED AFTER 102 ITERATIONS / Time: 0h:0m:4s

--------------------------------------------------------------------
|                    FINALIZING TREE SEARCH                        |
--------------------------------------------------------------------
Performs final model parameters optimization
Estimate model parameters (epsilon = 0.010)
1. Initial log-likelihood: -9026.470
Optimal log-likelihood: -9026.469
Rate parameters:  A-C: 2.61388  A-G: 6.62030  A-T: 2.40643  C-G: 2.00999  C-T: 9.56731  G-T: 1.00000
Base frequencies:  A: 0.299  C: 0.190  G: 0.245  T: 0.266
Gamma shape alpha: 0.494
Parameters optimization took 1 rounds (0.005 sec)
BEST SCORE FOUND : -9026.469

Testing tree branches by SH-like aLRT with 1000 replicates...
0.087 sec.
Total tree length: 1.692

Total number of iterations: 102
CPU time used for tree search: 5.103 sec (0h:0m:5s)
Wall-clock time used for tree search: 4.336 sec (0h:0m:4s)
Total CPU time used: 5.534 sec (0h:0m:5s)
Total wall-clock time used: 4.502 sec (0h:0m:4s)

Analysis results written to: 
  IQ-TREE report:                cluster1874rr.1to1ortho.fa.aln-cln_gene201.fa.iqtree
  Maximum-likelihood tree:       cluster1874rr.1to1ortho.fa.aln-cln_gene201.fa.treefile
  Likelihood distances:          cluster1874rr.1to1ortho.fa.aln-cln_gene201.fa.mldist
  Screen log file:               cluster1874rr.1to1ortho.fa.aln-cln_gene201.fa.log

Date and Time: Mon Nov 25 09:50:55 2019
