IQ-TREE multicore version 1.6.11 for Mac OS X 64-bit built Jul 12 2019
Developed by Bui Quang Minh, Nguyen Lam Tung, Olga Chernomor,
Heiko Schmidt, Dominik Schrempf, Michael Woodhams.

Host:    slpc437 (AVX2, FMA3, 16 GB RAM)
Command: iqtree -s cluster3528rr.1to1ortho.fa.aln-cln_gene457.fa -nt 4 -m GTR+G -alrt 1000
Seed:    141720 (Using SPRNG - Scalable Parallel Random Number Generator)
Time:    Mon Nov 25 10:32:24 2019
Kernel:  AVX+FMA - 4 threads (6 CPU cores detected)

Reading alignment file cluster3528rr.1to1ortho.fa.aln-cln_gene457.fa ... Fasta format detected
Alignment most likely contains DNA/RNA sequences
Alignment has 13 sequences with 1736 columns, 891 distinct patterns
639 parsimony-informative, 304 singleton sites, 793 constant sites
           Gap/Ambiguity  Composition  p-value
   1  DrolusSFB    1.32%    passed     85.38%
   2  Dino         4.84%    passed     93.73%
   3  MJM3360     16.30%    passed     89.80%
   4  DrobinSFB    5.53%    passed     31.70%
   5  Neam        20.56%    passed     68.47%
   6  RuprSFB     15.84%    passed     86.77%
   7  Retr        19.41%    passed     98.62%
   8  Beta         2.59%    passed     97.07%
   9  Spol         2.76%    passed     92.93%
  10  MJM1652      3.00%    passed     85.51%
  11  NepSFB       2.76%    passed     72.28%
  12  WPYJ        19.41%    passed     57.82%
  13  MJM2940      0.06%    passed     45.68%
****  TOTAL        8.80%  0 sequences failed composition chi2 test (p-value<5%; df=3)

Create initial parsimony tree by phylogenetic likelihood library (PLL)... 0.001 seconds

NOTE: 1 MB RAM (0 GB) is required!
Estimate model parameters (epsilon = 0.100)
1. Initial log-likelihood: -11915.463
2. Current log-likelihood: -11488.318
3. Current log-likelihood: -11485.419
Optimal log-likelihood: -11485.385
Rate parameters:  A-C: 1.82397  A-G: 4.69035  A-T: 1.88187  C-G: 1.46309  C-T: 5.63702  G-T: 1.00000
Base frequencies:  A: 0.282  C: 0.194  G: 0.253  T: 0.271
Gamma shape alpha: 0.557
Parameters optimization took 3 rounds (0.051 sec)
Computing ML distances based on estimated model parameters... 0.002 sec
Computing BIONJ tree...
0.002 seconds
Log-likelihood of BIONJ tree: -11486.472
--------------------------------------------------------------------
|             INITIALIZING CANDIDATE TREE SET                      |
--------------------------------------------------------------------
Generating 98 parsimony trees... 0.108 second
Computing log-likelihood of 97 initial trees ... 0.471 seconds
Current best score: -11485.385

Do NNI search on 20 best initial trees
Estimate model parameters (epsilon = 0.100)
BETTER TREE FOUND at iteration 1: -11485.384
Iteration 10 / LogL: -11485.847 / Time: 0h:0m:0s
Iteration 20 / LogL: -11485.388 / Time: 0h:0m:1s
Finish initializing candidate tree set (1)
Current best tree score: -11485.384 / CPU time: 1.133
Number of iterations: 20
--------------------------------------------------------------------
|               OPTIMIZING CANDIDATE TREE SET                      |
--------------------------------------------------------------------
Iteration 30 / LogL: -11485.395 / Time: 0h:0m:1s (0h:0m:3s left)
UPDATE BEST LOG-LIKELIHOOD: -11485.384
Iteration 40 / LogL: -11485.410 / Time: 0h:0m:2s (0h:0m:3s left)
Iteration 50 / LogL: -11485.419 / Time: 0h:0m:2s (0h:0m:2s left)
Iteration 60 / LogL: -11485.386 / Time: 0h:0m:2s (0h:0m:1s left)
Iteration 70 / LogL: -11485.399 / Time: 0h:0m:3s (0h:0m:1s left)
Iteration 80 / LogL: -11485.388 / Time: 0h:0m:3s (0h:0m:0s left)
Iteration 90 / LogL: -11486.351 / Time: 0h:0m:4s (0h:0m:0s left)
Iteration 100 / LogL: -11485.480 / Time: 0h:0m:4s (0h:0m:0s left)
TREE SEARCH COMPLETED AFTER 102 ITERATIONS / Time: 0h:0m:4s

--------------------------------------------------------------------
|                    FINALIZING TREE SEARCH                        |
--------------------------------------------------------------------
Performs final model parameters optimization
Estimate model parameters (epsilon = 0.010)
1. Initial log-likelihood: -11485.384
Optimal log-likelihood: -11485.384
Rate parameters:  A-C: 1.82379  A-G: 4.69042  A-T: 1.88403  C-G: 1.46384  C-T: 5.64383  G-T: 1.00000
Base frequencies:  A: 0.282  C: 0.194  G: 0.253  T: 0.271
Gamma shape alpha: 0.557
Parameters optimization took 1 rounds (0.005 sec)
BEST SCORE FOUND : -11485.384

Testing tree branches by SH-like aLRT with 1000 replicates...
0.101 sec.
Total tree length: 1.788

Total number of iterations: 102
CPU time used for tree search: 6.128 sec (0h:0m:6s)
Wall-clock time used for tree search: 4.662 sec (0h:0m:4s)
Total CPU time used: 6.631 sec (0h:0m:6s)
Total wall-clock time used: 4.841 sec (0h:0m:4s)

Analysis results written to: 
  IQ-TREE report:                cluster3528rr.1to1ortho.fa.aln-cln_gene457.fa.iqtree
  Maximum-likelihood tree:       cluster3528rr.1to1ortho.fa.aln-cln_gene457.fa.treefile
  Likelihood distances:          cluster3528rr.1to1ortho.fa.aln-cln_gene457.fa.mldist
  Screen log file:               cluster3528rr.1to1ortho.fa.aln-cln_gene457.fa.log

Date and Time: Mon Nov 25 10:32:28 2019
