IQ-TREE multicore version 1.6.11 for Mac OS X 64-bit built Jul 12 2019
Developed by Bui Quang Minh, Nguyen Lam Tung, Olga Chernomor,
Heiko Schmidt, Dominik Schrempf, Michael Woodhams.

Host:    slpc437 (AVX2, FMA3, 16 GB RAM)
Command: iqtree -s cluster5079rr.1to1ortho.fa.aln-cln_gene943.fa -nt 4 -m GTR+G -alrt 1000
Seed:    827993 (Using SPRNG - Scalable Parallel Random Number Generator)
Time:    Mon Nov 25 11:04:39 2019
Kernel:  AVX+FMA - 4 threads (6 CPU cores detected)

Reading alignment file cluster5079rr.1to1ortho.fa.aln-cln_gene943.fa ... Fasta format detected
Alignment most likely contains DNA/RNA sequences
Alignment has 13 sequences with 1275 columns, 556 distinct patterns
418 parsimony-informative, 186 singleton sites, 671 constant sites
           Gap/Ambiguity  Composition  p-value
   1  DrolusSFB    0.24%    passed     92.04%
   2  Dino         0.00%    passed     80.32%
   3  MJM3360      4.94%    passed     66.70%
   4  DrobinSFB    3.37%    passed     37.98%
   5  Neam         0.47%    passed     94.59%
   6  RuprSFB      4.16%    passed     60.48%
   7  Retr         9.10%    passed     99.73%
   8  Beta         4.16%    passed     32.21%
   9  Spol         4.16%    passed     28.03%
  10  MJM1652      0.00%    passed     45.47%
  11  NepSFB       0.47%    passed     97.84%
  12  WPYJ         7.69%    passed     69.03%
  13  MJM2940      0.00%    passed     81.96%
****  TOTAL        2.98%  0 sequences failed composition chi2 test (p-value<5%; df=3)

Create initial parsimony tree by phylogenetic likelihood library (PLL)... 0.001 seconds

NOTE: 0 MB RAM (0 GB) is required!
Estimate model parameters (epsilon = 0.100)
1. Initial log-likelihood: -8424.204
2. Current log-likelihood: -8099.304
3. Current log-likelihood: -8096.483
Optimal log-likelihood: -8096.430
Rate parameters:  A-C: 1.46756  A-G: 3.24204  A-T: 1.41674  C-G: 1.35306  C-T: 5.59973  G-T: 1.00000
Base frequencies:  A: 0.280  C: 0.203  G: 0.252  T: 0.265
Gamma shape alpha: 0.386
Parameters optimization took 3 rounds (0.033 sec)
Computing ML distances based on estimated model parameters... 0.001 sec
Computing BIONJ tree...
0.002 seconds
Log-likelihood of BIONJ tree: -8095.884
--------------------------------------------------------------------
|             INITIALIZING CANDIDATE TREE SET                      |
--------------------------------------------------------------------
Generating 98 parsimony trees... 0.081 second
Computing log-likelihood of 98 initial trees ... 0.421 seconds
Current best score: -8095.884

Do NNI search on 20 best initial trees
Estimate model parameters (epsilon = 0.100)
BETTER TREE FOUND at iteration 1: -8095.690
Iteration 10 / LogL: -8095.691 / Time: 0h:0m:0s
Iteration 20 / LogL: -8095.691 / Time: 0h:0m:1s
Finish initializing candidate tree set (2)
Current best tree score: -8095.690 / CPU time: 1.120
Number of iterations: 20
--------------------------------------------------------------------
|               OPTIMIZING CANDIDATE TREE SET                      |
--------------------------------------------------------------------
Iteration 30 / LogL: -8096.485 / Time: 0h:0m:1s (0h:0m:4s left)
Iteration 40 / LogL: -8096.623 / Time: 0h:0m:2s (0h:0m:3s left)
Iteration 50 / LogL: -8096.570 / Time: 0h:0m:2s (0h:0m:2s left)
Iteration 60 / LogL: -8096.560 / Time: 0h:0m:2s (0h:0m:1s left)
Iteration 70 / LogL: -8096.593 / Time: 0h:0m:3s (0h:0m:1s left)
Iteration 80 / LogL: -8096.503 / Time: 0h:0m:3s (0h:0m:0s left)
Iteration 90 / LogL: -8095.691 / Time: 0h:0m:3s (0h:0m:0s left)
Iteration 100 / LogL: -8096.493 / Time: 0h:0m:4s (0h:0m:0s left)
TREE SEARCH COMPLETED AFTER 102 ITERATIONS / Time: 0h:0m:4s

--------------------------------------------------------------------
|                    FINALIZING TREE SEARCH                        |
--------------------------------------------------------------------
Performs final model parameters optimization
Estimate model parameters (epsilon = 0.010)
1. Initial log-likelihood: -8095.690
Optimal log-likelihood: -8095.689
Rate parameters:  A-C: 1.46182  A-G: 3.22869  A-T: 1.44381  C-G: 1.37464  C-T: 5.61229  G-T: 1.00000
Base frequencies:  A: 0.280  C: 0.203  G: 0.252  T: 0.265
Gamma shape alpha: 0.385
Parameters optimization took 1 rounds (0.005 sec)
BEST SCORE FOUND : -8095.689

Testing tree branches by SH-like aLRT with 1000 replicates...
0.077 sec.
Total tree length: 1.599

Total number of iterations: 102
CPU time used for tree search: 4.614 sec (0h:0m:4s)
Wall-clock time used for tree search: 4.165 sec (0h:0m:4s)
Total CPU time used: 4.959 sec (0h:0m:4s)
Total wall-clock time used: 4.299 sec (0h:0m:4s)

Analysis results written to: 
  IQ-TREE report:                cluster5079rr.1to1ortho.fa.aln-cln_gene943.fa.iqtree
  Maximum-likelihood tree:       cluster5079rr.1to1ortho.fa.aln-cln_gene943.fa.treefile
  Likelihood distances:          cluster5079rr.1to1ortho.fa.aln-cln_gene943.fa.mldist
  Screen log file:               cluster5079rr.1to1ortho.fa.aln-cln_gene943.fa.log

Date and Time: Mon Nov 25 11:04:44 2019
