IQ-TREE multicore version 1.6.11 for Mac OS X 64-bit built Jul 12 2019
Developed by Bui Quang Minh, Nguyen Lam Tung, Olga Chernomor,
Heiko Schmidt, Dominik Schrempf, Michael Woodhams.

Host:    slpc437 (AVX2, FMA3, 16 GB RAM)
Command: iqtree -s cluster1494rr.1to1ortho.fa.aln-cln_gene215.fa -nt 4 -m GTR+G -alrt 1000
Seed:    389797 (Using SPRNG - Scalable Parallel Random Number Generator)
Time:    Mon Nov 25 09:43:30 2019
Kernel:  AVX+FMA - 4 threads (6 CPU cores detected)

Reading alignment file cluster1494rr.1to1ortho.fa.aln-cln_gene215.fa ... Fasta format detected
Alignment most likely contains DNA/RNA sequences
Alignment has 13 sequences with 2121 columns, 1015 distinct patterns
745 parsimony-informative, 336 singleton sites, 1040 constant sites
           Gap/Ambiguity  Composition  p-value
   1  DrolusSFB    3.68%    passed     84.41%
   2  Dino         1.18%    passed     52.25%
   3  MJM3360     16.41%    passed     95.70%
   4  DrobinSFB    4.05%    passed     38.68%
   5  Neam         1.18%    passed     94.83%
   6  RuprSFB     16.50%    passed     91.96%
   7  Retr        75.44%    passed     49.97%
   8  Beta         2.22%    passed     51.34%
   9  Spol         2.22%    passed     27.78%
  10  MJM1652      5.99%    passed     95.07%
  11  NepSFB       6.84%    passed     95.16%
  12  WPYJ        10.80%    passed     73.89%
  13  MJM2940      6.08%    passed     99.55%
WARNING: 1 sequences contain more than 50% gaps/ambiguity
****  TOTAL       11.74%  0 sequences failed composition chi2 test (p-value<5%; df=3)

Create initial parsimony tree by phylogenetic likelihood library (PLL)... 0.001 seconds

NOTE: 1 MB RAM (0 GB) is required!
Estimate model parameters (epsilon = 0.100)
1. Initial log-likelihood: -13677.313
2. Current log-likelihood: -13179.823
3. Current log-likelihood: -13174.705
Optimal log-likelihood: -13174.628
Rate parameters:  A-C: 1.86456  A-G: 4.28883  A-T: 1.22539  C-G: 1.51640  C-T: 4.75749  G-T: 1.00000
Base frequencies:  A: 0.244  C: 0.207  G: 0.239  T: 0.310
Gamma shape alpha: 0.490
Parameters optimization took 3 rounds (0.043 sec)
Computing ML distances based on estimated model parameters... 0.002 sec
Computing BIONJ tree...
0.002 seconds
Log-likelihood of BIONJ tree: -13195.007
--------------------------------------------------------------------
|             INITIALIZING CANDIDATE TREE SET                      |
--------------------------------------------------------------------
Generating 98 parsimony trees... 0.110 second
Computing log-likelihood of 96 initial trees ... 0.483 seconds
Current best score: -13174.628

Do NNI search on 20 best initial trees
Estimate model parameters (epsilon = 0.100)
BETTER TREE FOUND at iteration 1: -13174.625
Estimate model parameters (epsilon = 0.100)
UPDATE BEST LOG-LIKELIHOOD: -13174.575
Iteration 10 / LogL: -13174.588 / Time: 0h:0m:0s
Iteration 20 / LogL: -13174.596 / Time: 0h:0m:1s
Finish initializing candidate tree set (2)
Current best tree score: -13174.575 / CPU time: 1.385
Number of iterations: 20
--------------------------------------------------------------------
|               OPTIMIZING CANDIDATE TREE SET                      |
--------------------------------------------------------------------
Iteration 30 / LogL: -13174.577 / Time: 0h:0m:1s (0h:0m:4s left)
Iteration 40 / LogL: -13174.576 / Time: 0h:0m:2s (0h:0m:3s left)
Iteration 50 / LogL: -13176.315 / Time: 0h:0m:3s (0h:0m:3s left)
Iteration 60 / LogL: -13174.583 / Time: 0h:0m:3s (0h:0m:2s left)
Iteration 70 / LogL: -13174.715 / Time: 0h:0m:4s (0h:0m:1s left)
Iteration 80 / LogL: -13174.679 / Time: 0h:0m:4s (0h:0m:1s left)
Iteration 90 / LogL: -13174.614 / Time: 0h:0m:5s (0h:0m:0s left)
Iteration 100 / LogL: -13174.783 / Time: 0h:0m:5s (0h:0m:0s left)
TREE SEARCH COMPLETED AFTER 102 ITERATIONS / Time: 0h:0m:5s

--------------------------------------------------------------------
|                    FINALIZING TREE SEARCH                        |
--------------------------------------------------------------------
Performs final model parameters optimization
Estimate model parameters (epsilon = 0.010)
1. Initial log-likelihood: -13174.575
Optimal log-likelihood: -13174.574
Rate parameters:  A-C: 1.85928  A-G: 4.28996  A-T: 1.22209  C-G: 1.50959  C-T: 4.76841  G-T: 1.00000
Base frequencies:  A: 0.244  C: 0.207  G: 0.239  T: 0.310
Gamma shape alpha: 0.490
Parameters optimization took 1 rounds (0.006 sec)
BEST SCORE FOUND : -13174.574

Testing tree branches by SH-like aLRT with 1000 replicates...
0.119 sec.
Total tree length: 1.723

Total number of iterations: 102
CPU time used for tree search: 7.961 sec (0h:0m:7s)
Wall-clock time used for tree search: 5.785 sec (0h:0m:5s)
Total CPU time used: 8.519 sec (0h:0m:8s)
Total wall-clock time used: 5.974 sec (0h:0m:5s)

Analysis results written to: 
  IQ-TREE report:                cluster1494rr.1to1ortho.fa.aln-cln_gene215.fa.iqtree
  Maximum-likelihood tree:       cluster1494rr.1to1ortho.fa.aln-cln_gene215.fa.treefile
  Likelihood distances:          cluster1494rr.1to1ortho.fa.aln-cln_gene215.fa.mldist
  Screen log file:               cluster1494rr.1to1ortho.fa.aln-cln_gene215.fa.log

Date and Time: Mon Nov 25 09:43:36 2019
