IQ-TREE multicore version 1.6.11 for Mac OS X 64-bit built Jul 12 2019
Developed by Bui Quang Minh, Nguyen Lam Tung, Olga Chernomor,
Heiko Schmidt, Dominik Schrempf, Michael Woodhams.

Host:    slpc437 (AVX2, FMA3, 16 GB RAM)
Command: iqtree -s cluster2603rr.1to1ortho.fa.aln-cln_gene966.fa -nt 4 -m GTR+G -alrt 1000
Seed:    205940 (Using SPRNG - Scalable Parallel Random Number Generator)
Time:    Mon Nov 25 10:09:32 2019
Kernel:  AVX+FMA - 4 threads (6 CPU cores detected)

Reading alignment file cluster2603rr.1to1ortho.fa.aln-cln_gene966.fa ... Fasta format detected
Alignment most likely contains DNA/RNA sequences
Alignment has 13 sequences with 1275 columns, 664 distinct patterns
457 parsimony-informative, 208 singleton sites, 610 constant sites
           Gap/Ambiguity  Composition  p-value
   1  DrolusSFB    0.78%    passed     63.44%
   2  Dino         1.73%    passed     99.63%
   3  MJM3360      2.04%    passed     74.37%
   4  DrobinSFB   16.71%    passed     45.06%
   5  Neam         0.47%    passed     88.86%
   6  RuprSFB      1.80%    passed     86.28%
   7  Retr        43.76%    passed     85.05%
   8  Beta         3.14%    passed     69.22%
   9  Spol         3.69%    passed     82.24%
  10  MJM1652      1.02%    passed     65.73%
  11  NepSFB       0.47%    passed     71.49%
  12  WPYJ        36.24%    passed     36.96%
  13  MJM2940      0.47%    passed     94.47%
****  TOTAL        8.64%  0 sequences failed composition chi2 test (p-value<5%; df=3)

Create initial parsimony tree by phylogenetic likelihood library (PLL)... 0.001 seconds

NOTE: 1 MB RAM (0 GB) is required!
Estimate model parameters (epsilon = 0.100)
1. Initial log-likelihood: -8534.016
2. Current log-likelihood: -8200.307
3. Current log-likelihood: -8197.617
Optimal log-likelihood: -8197.560
Rate parameters:  A-C: 2.72663  A-G: 6.92308  A-T: 2.40204  C-G: 2.31524  C-T: 8.19369  G-T: 1.00000
Base frequencies:  A: 0.272  C: 0.198  G: 0.258  T: 0.272
Gamma shape alpha: 0.493
Parameters optimization took 3 rounds (0.039 sec)
Computing ML distances based on estimated model parameters... 0.001 sec
Computing BIONJ tree...
0.002 seconds
Log-likelihood of BIONJ tree: -8195.005
--------------------------------------------------------------------
|             INITIALIZING CANDIDATE TREE SET                      |
--------------------------------------------------------------------
Generating 98 parsimony trees... 0.088 second
Computing log-likelihood of 96 initial trees ... 0.424 seconds
Current best score: -8195.005

Do NNI search on 20 best initial trees
Estimate model parameters (epsilon = 0.100)
BETTER TREE FOUND at iteration 1: -8194.995
Iteration 10 / LogL: -8195.027 / Time: 0h:0m:0s
Iteration 20 / LogL: -8195.159 / Time: 0h:0m:1s
Finish initializing candidate tree set (2)
Current best tree score: -8194.995 / CPU time: 1.188
Number of iterations: 20
--------------------------------------------------------------------
|               OPTIMIZING CANDIDATE TREE SET                      |
--------------------------------------------------------------------
Iteration 30 / LogL: -8194.997 / Time: 0h:0m:1s (0h:0m:3s left)
Iteration 40 / LogL: -8194.998 / Time: 0h:0m:1s (0h:0m:3s left)
Iteration 50 / LogL: -8195.000 / Time: 0h:0m:2s (0h:0m:2s left)
Iteration 60 / LogL: -8195.028 / Time: 0h:0m:2s (0h:0m:1s left)
Iteration 70 / LogL: -8195.504 / Time: 0h:0m:3s (0h:0m:1s left)
Iteration 80 / LogL: -8195.161 / Time: 0h:0m:3s (0h:0m:0s left)
UPDATE BEST LOG-LIKELIHOOD: -8194.995
Iteration 90 / LogL: -8195.116 / Time: 0h:0m:3s (0h:0m:0s left)
Iteration 100 / LogL: -8195.005 / Time: 0h:0m:4s (0h:0m:0s left)
TREE SEARCH COMPLETED AFTER 102 ITERATIONS / Time: 0h:0m:4s

--------------------------------------------------------------------
|                    FINALIZING TREE SEARCH                        |
--------------------------------------------------------------------
Performs final model parameters optimization
Estimate model parameters (epsilon = 0.010)
1. Initial log-likelihood: -8194.995
Optimal log-likelihood: -8194.993
Rate parameters:  A-C: 2.71715  A-G: 6.91391  A-T: 2.40236  C-G: 2.28516  C-T: 8.21593  G-T: 1.00000
Base frequencies:  A: 0.272  C: 0.198  G: 0.258  T: 0.272
Gamma shape alpha: 0.494
Parameters optimization took 1 rounds (0.005 sec)
BEST SCORE FOUND : -8194.993

Testing tree branches by SH-like aLRT with 1000 replicates...
0.080 sec.
Total tree length: 1.727

Total number of iterations: 102
CPU time used for tree search: 5.317 sec (0h:0m:5s)
Wall-clock time used for tree search: 4.534 sec (0h:0m:4s)
Total CPU time used: 5.688 sec (0h:0m:5s)
Total wall-clock time used: 4.678 sec (0h:0m:4s)

Analysis results written to: 
  IQ-TREE report:                cluster2603rr.1to1ortho.fa.aln-cln_gene966.fa.iqtree
  Maximum-likelihood tree:       cluster2603rr.1to1ortho.fa.aln-cln_gene966.fa.treefile
  Likelihood distances:          cluster2603rr.1to1ortho.fa.aln-cln_gene966.fa.mldist
  Screen log file:               cluster2603rr.1to1ortho.fa.aln-cln_gene966.fa.log

Date and Time: Mon Nov 25 10:09:36 2019
