IQ-TREE multicore version 1.6.11 for Mac OS X 64-bit built Jul 12 2019
Developed by Bui Quang Minh, Nguyen Lam Tung, Olga Chernomor,
Heiko Schmidt, Dominik Schrempf, Michael Woodhams.

Host:    slpc437 (AVX2, FMA3, 16 GB RAM)
Command: iqtree -s cluster2085rr.1to1ortho.fa.aln-cln_gene517.fa -nt 4 -m GTR+G -alrt 1000
Seed:    823907 (Using SPRNG - Scalable Parallel Random Number Generator)
Time:    Mon Nov 25 09:56:28 2019
Kernel:  AVX+FMA - 4 threads (6 CPU cores detected)

Reading alignment file cluster2085rr.1to1ortho.fa.aln-cln_gene517.fa ... Fasta format detected
Alignment most likely contains DNA/RNA sequences
Alignment has 13 sequences with 1569 columns, 794 distinct patterns
626 parsimony-informative, 266 singleton sites, 677 constant sites
           Gap/Ambiguity  Composition  p-value
   1  DrolusSFB    1.34%    passed     90.65%
   2  Dino         0.76%    passed     93.20%
   3  MJM3360      4.02%    passed     58.63%
   4  DrobinSFB    0.76%    passed     86.60%
   5  Neam         0.00%    passed     92.24%
   6  RuprSFB      3.12%    passed     79.40%
   7  Retr         1.47%    passed     98.45%
   8  Beta         2.04%    passed     84.34%
   9  Spol         2.17%    passed     86.84%
  10  MJM1652      2.74%    passed     74.57%
  11  NepSFB       0.00%    passed     89.80%
  12  WPYJ        16.63%    passed     63.96%
  13  MJM2940      1.40%    passed     91.85%
****  TOTAL        2.80%  0 sequences failed composition chi2 test (p-value<5%; df=3)

Create initial parsimony tree by phylogenetic likelihood library (PLL)... 0.001 seconds

NOTE: 1 MB RAM (0 GB) is required!
Estimate model parameters (epsilon = 0.100)
1. Initial log-likelihood: -11165.471
2. Current log-likelihood: -10853.925
3. Current log-likelihood: -10852.387
Optimal log-likelihood: -10852.366
Rate parameters:  A-C: 1.65593  A-G: 3.83902  A-T: 1.36193  C-G: 1.23627  C-T: 4.37230  G-T: 1.00000
Base frequencies:  A: 0.287  C: 0.209  G: 0.235  T: 0.269
Gamma shape alpha: 0.674
Parameters optimization took 3 rounds (0.037 sec)
Computing ML distances based on estimated model parameters... 0.002 sec
Computing BIONJ tree...
0.002 seconds
Log-likelihood of BIONJ tree: -10853.589
--------------------------------------------------------------------
|             INITIALIZING CANDIDATE TREE SET                      |
--------------------------------------------------------------------
Generating 98 parsimony trees... 0.086 second
Computing log-likelihood of 98 initial trees ... 0.448 seconds
Current best score: -10851.728

Do NNI search on 20 best initial trees
Estimate model parameters (epsilon = 0.100)
BETTER TREE FOUND at iteration 1: -10851.674
Iteration 10 / LogL: -10851.717 / Time: 0h:0m:0s
Iteration 20 / LogL: -10851.679 / Time: 0h:0m:1s
Finish initializing candidate tree set (1)
Current best tree score: -10851.674 / CPU time: 1.158
Number of iterations: 20
--------------------------------------------------------------------
|               OPTIMIZING CANDIDATE TREE SET                      |
--------------------------------------------------------------------
Iteration 30 / LogL: -10852.994 / Time: 0h:0m:1s (0h:0m:3s left)
Iteration 40 / LogL: -10851.695 / Time: 0h:0m:2s (0h:0m:3s left)
UPDATE BEST LOG-LIKELIHOOD: -10851.673
Iteration 50 / LogL: -10851.689 / Time: 0h:0m:2s (0h:0m:2s left)
Iteration 60 / LogL: -10851.798 / Time: 0h:0m:2s (0h:0m:1s left)
Iteration 70 / LogL: -10851.677 / Time: 0h:0m:3s (0h:0m:1s left)
Iteration 80 / LogL: -10851.848 / Time: 0h:0m:3s (0h:0m:0s left)
Iteration 90 / LogL: -10851.681 / Time: 0h:0m:4s (0h:0m:0s left)
Iteration 100 / LogL: -10851.824 / Time: 0h:0m:4s (0h:0m:0s left)
TREE SEARCH COMPLETED AFTER 102 ITERATIONS / Time: 0h:0m:4s

--------------------------------------------------------------------
|                    FINALIZING TREE SEARCH                        |
--------------------------------------------------------------------
Performs final model parameters optimization
Estimate model parameters (epsilon = 0.010)
1. Initial log-likelihood: -10851.673
Optimal log-likelihood: -10851.673
Rate parameters:  A-C: 1.62913  A-G: 3.81305  A-T: 1.36391  C-G: 1.24453  C-T: 4.40262  G-T: 1.00000
Base frequencies:  A: 0.287  C: 0.209  G: 0.235  T: 0.269
Gamma shape alpha: 0.672
Parameters optimization took 1 rounds (0.005 sec)
BEST SCORE FOUND : -10851.673

Testing tree branches by SH-like aLRT with 1000 replicates...
0.094 sec.
Total tree length: 1.679

Total number of iterations: 102
CPU time used for tree search: 5.594 sec (0h:0m:5s)
Wall-clock time used for tree search: 4.466 sec (0h:0m:4s)
Total CPU time used: 6.022 sec (0h:0m:6s)
Total wall-clock time used: 4.622 sec (0h:0m:4s)

Analysis results written to: 
  IQ-TREE report:                cluster2085rr.1to1ortho.fa.aln-cln_gene517.fa.iqtree
  Maximum-likelihood tree:       cluster2085rr.1to1ortho.fa.aln-cln_gene517.fa.treefile
  Likelihood distances:          cluster2085rr.1to1ortho.fa.aln-cln_gene517.fa.mldist
  Screen log file:               cluster2085rr.1to1ortho.fa.aln-cln_gene517.fa.log

Date and Time: Mon Nov 25 09:56:33 2019
