IQ-TREE multicore version 1.6.11 for Mac OS X 64-bit built Jul 12 2019
Developed by Bui Quang Minh, Nguyen Lam Tung, Olga Chernomor,
Heiko Schmidt, Dominik Schrempf, Michael Woodhams.

Host:    slpc437 (AVX2, FMA3, 16 GB RAM)
Command: iqtree -s cluster2982rr.1to1ortho.fa.aln-cln_gene434.fa -nt 4 -m GTR+G -alrt 1000
Seed:    871148 (Using SPRNG - Scalable Parallel Random Number Generator)
Time:    Mon Nov 25 10:19:10 2019
Kernel:  AVX+FMA - 4 threads (6 CPU cores detected)

Reading alignment file cluster2982rr.1to1ortho.fa.aln-cln_gene434.fa ... Fasta format detected
Alignment most likely contains DNA/RNA sequences
Alignment has 13 sequences with 2414 columns, 1105 distinct patterns
915 parsimony-informative, 349 singleton sites, 1150 constant sites
           Gap/Ambiguity  Composition  p-value
   1  DrolusSFB    0.12%    passed     47.13%
   2  Dino         0.62%    failed      0.02%
   3  MJM3360     38.24%    passed     79.84%
   4  DrobinSFB   12.14%    passed     16.70%
   5  Neam         1.82%    passed     21.50%
   6  RuprSFB     15.12%    passed     34.58%
   7  Retr        13.26%    passed      6.54%
   8  Beta        15.49%    failed      0.14%
   9  Spol        15.49%    passed     14.69%
  10  MJM1652      0.87%    failed      3.68%
  11  NepSFB       1.57%    passed     15.34%
  12  WPYJ        13.88%    passed      5.30%
  13  MJM2940      0.66%    passed     79.06%
****  TOTAL        9.95%  3 sequences failed composition chi2 test (p-value<5%; df=3)

Create initial parsimony tree by phylogenetic likelihood library (PLL)... 0.001 seconds

NOTE: 1 MB RAM (0 GB) is required!
Estimate model parameters (epsilon = 0.100)
1. Initial log-likelihood: -16211.946
2. Current log-likelihood: -15608.794
3. Current log-likelihood: -15599.181
4. Current log-likelihood: -15598.922
Optimal log-likelihood: -15598.912
Rate parameters:  A-C: 1.78392  A-G: 3.55017  A-T: 1.33804  C-G: 1.44098  C-T: 6.10782  G-T: 1.00000
Base frequencies:  A: 0.267  C: 0.203  G: 0.268  T: 0.262
Gamma shape alpha: 0.472
Parameters optimization took 4 rounds (0.054 sec)
Computing ML distances based on estimated model parameters... 0.002 sec
Computing BIONJ tree...
0.002 seconds
Log-likelihood of BIONJ tree: -15609.954
--------------------------------------------------------------------
|             INITIALIZING CANDIDATE TREE SET                      |
--------------------------------------------------------------------
Generating 98 parsimony trees... 0.114 second
Computing log-likelihood of 95 initial trees ... 0.482 seconds
Current best score: -15598.912

Do NNI search on 20 best initial trees
Estimate model parameters (epsilon = 0.100)
BETTER TREE FOUND at iteration 1: -15598.911
Iteration 10 / LogL: -15599.104 / Time: 0h:0m:0s
Iteration 20 / LogL: -15599.552 / Time: 0h:0m:1s
Finish initializing candidate tree set (1)
Current best tree score: -15598.911 / CPU time: 1.162
Number of iterations: 20
--------------------------------------------------------------------
|               OPTIMIZING CANDIDATE TREE SET                      |
--------------------------------------------------------------------
Iteration 30 / LogL: -15599.760 / Time: 0h:0m:1s (0h:0m:4s left)
Iteration 40 / LogL: -15598.958 / Time: 0h:0m:2s (0h:0m:3s left)
Iteration 50 / LogL: -15619.073 / Time: 0h:0m:2s (0h:0m:2s left)
Iteration 60 / LogL: -15619.831 / Time: 0h:0m:2s (0h:0m:2s left)
Iteration 70 / LogL: -15601.735 / Time: 0h:0m:3s (0h:0m:1s left)
Iteration 80 / LogL: -15599.301 / Time: 0h:0m:3s (0h:0m:1s left)
Iteration 90 / LogL: -15605.679 / Time: 0h:0m:4s (0h:0m:0s left)
Iteration 100 / LogL: -15598.917 / Time: 0h:0m:4s (0h:0m:0s left)
TREE SEARCH COMPLETED AFTER 102 ITERATIONS / Time: 0h:0m:4s

--------------------------------------------------------------------
|                    FINALIZING TREE SEARCH                        |
--------------------------------------------------------------------
Performs final model parameters optimization
Estimate model parameters (epsilon = 0.010)
1. Initial log-likelihood: -15598.911
Optimal log-likelihood: -15598.910
Rate parameters:  A-C: 1.78466  A-G: 3.54908  A-T: 1.33805  C-G: 1.44211  C-T: 6.11652  G-T: 1.00000
Base frequencies:  A: 0.267  C: 0.203  G: 0.268  T: 0.262
Gamma shape alpha: 0.472
Parameters optimization took 1 rounds (0.006 sec)
BEST SCORE FOUND : -15598.910

Testing tree branches by SH-like aLRT with 1000 replicates...
0.133 sec.
Total tree length: 1.984

Total number of iterations: 102
CPU time used for tree search: 6.878 sec (0h:0m:6s)
Wall-clock time used for tree search: 4.843 sec (0h:0m:4s)
Total CPU time used: 7.522 sec (0h:0m:7s)
Total wall-clock time used: 5.059 sec (0h:0m:5s)

Analysis results written to: 
  IQ-TREE report:                cluster2982rr.1to1ortho.fa.aln-cln_gene434.fa.iqtree
  Maximum-likelihood tree:       cluster2982rr.1to1ortho.fa.aln-cln_gene434.fa.treefile
  Likelihood distances:          cluster2982rr.1to1ortho.fa.aln-cln_gene434.fa.mldist
  Screen log file:               cluster2982rr.1to1ortho.fa.aln-cln_gene434.fa.log

Date and Time: Mon Nov 25 10:19:15 2019
