IQ-TREE multicore version 1.6.11 for Mac OS X 64-bit built Jul 12 2019
Developed by Bui Quang Minh, Nguyen Lam Tung, Olga Chernomor,
Heiko Schmidt, Dominik Schrempf, Michael Woodhams.

Host:    slpc437 (AVX2, FMA3, 16 GB RAM)
Command: iqtree -s cluster2898rr.1to1ortho.fa.aln-cln_gene632.fa -nt 4 -m GTR+G -alrt 1000
Seed:    877870 (Using SPRNG - Scalable Parallel Random Number Generator)
Time:    Mon Nov 25 10:16:41 2019
Kernel:  AVX+FMA - 4 threads (6 CPU cores detected)

Reading alignment file cluster2898rr.1to1ortho.fa.aln-cln_gene632.fa ... Fasta format detected
Alignment most likely contains DNA/RNA sequences
Alignment has 13 sequences with 1577 columns, 756 distinct patterns
583 parsimony-informative, 226 singleton sites, 768 constant sites
           Gap/Ambiguity  Composition  p-value
   1  DrolusSFB   11.92%    passed     49.48%
   2  Dino         0.19%    passed     94.27%
   3  MJM3360      3.04%    passed     39.35%
   4  DrobinSFB    0.19%    passed     21.74%
   5  Neam         1.78%    passed     47.64%
   6  RuprSFB      3.30%    passed     91.66%
   7  Retr        11.41%    passed     79.13%
   8  Beta        14.27%    passed     61.26%
   9  Spol        14.27%    passed     17.58%
  10  MJM1652      1.01%    passed     49.92%
  11  NepSFB       6.09%    passed     64.72%
  12  WPYJ        13.06%    passed     86.11%
  13  MJM2940      6.47%    passed     73.66%
****  TOTAL        6.69%  0 sequences failed composition chi2 test (p-value<5%; df=3)

Create initial parsimony tree by phylogenetic likelihood library (PLL)... 0.001 seconds

NOTE: 1 MB RAM (0 GB) is required!
Estimate model parameters (epsilon = 0.100)
1. Initial log-likelihood: -10762.617
2. Current log-likelihood: -10358.435
3. Current log-likelihood: -10353.847
Optimal log-likelihood: -10353.786
Rate parameters:  A-C: 1.42032  A-G: 3.64411  A-T: 1.22518  C-G: 1.17181  C-T: 4.73978  G-T: 1.00000
Base frequencies:  A: 0.304  C: 0.186  G: 0.243  T: 0.267
Gamma shape alpha: 0.462
Parameters optimization took 3 rounds (0.049 sec)
Computing ML distances based on estimated model parameters... 0.002 sec
Computing BIONJ tree...
0.002 seconds
Log-likelihood of BIONJ tree: -10353.785
--------------------------------------------------------------------
|             INITIALIZING CANDIDATE TREE SET                      |
--------------------------------------------------------------------
Generating 99 parsimony trees... 0.098 second
Computing log-likelihood of 99 initial trees ... 0.465 seconds
Current best score: -10353.785

Do NNI search on 20 best initial trees
Estimate model parameters (epsilon = 0.100)
BETTER TREE FOUND at iteration 1: -10353.325
Iteration 10 / LogL: -10353.328 / Time: 0h:0m:0s
Iteration 20 / LogL: -10353.360 / Time: 0h:0m:1s
Finish initializing candidate tree set (3)
Current best tree score: -10353.325 / CPU time: 1.218
Number of iterations: 20
--------------------------------------------------------------------
|               OPTIMIZING CANDIDATE TREE SET                      |
--------------------------------------------------------------------
Iteration 30 / LogL: -10364.713 / Time: 0h:0m:1s (0h:0m:4s left)
Iteration 40 / LogL: -10353.437 / Time: 0h:0m:2s (0h:0m:3s left)
UPDATE BEST LOG-LIKELIHOOD: -10353.325
Iteration 50 / LogL: -10353.356 / Time: 0h:0m:2s (0h:0m:2s left)
Iteration 60 / LogL: -10364.767 / Time: 0h:0m:3s (0h:0m:2s left)
Iteration 70 / LogL: -10353.331 / Time: 0h:0m:3s (0h:0m:1s left)
Iteration 80 / LogL: -10353.451 / Time: 0h:0m:4s (0h:0m:1s left)
Iteration 90 / LogL: -10364.855 / Time: 0h:0m:4s (0h:0m:0s left)
Iteration 100 / LogL: -10353.424 / Time: 0h:0m:4s (0h:0m:0s left)
TREE SEARCH COMPLETED AFTER 102 ITERATIONS / Time: 0h:0m:4s

--------------------------------------------------------------------
|                    FINALIZING TREE SEARCH                        |
--------------------------------------------------------------------
Performs final model parameters optimization
Estimate model parameters (epsilon = 0.010)
1. Initial log-likelihood: -10353.325
Optimal log-likelihood: -10353.323
Rate parameters:  A-C: 1.43198  A-G: 3.67454  A-T: 1.22342  C-G: 1.18404  C-T: 4.73330  G-T: 1.00000
Base frequencies:  A: 0.304  C: 0.186  G: 0.243  T: 0.267
Gamma shape alpha: 0.462
Parameters optimization took 1 rounds (0.005 sec)
BEST SCORE FOUND : -10353.323

Testing tree branches by SH-like aLRT with 1000 replicates...
0.091 sec.
Total tree length: 1.787

Total number of iterations: 102
CPU time used for tree search: 6.132 sec (0h:0m:6s)
Wall-clock time used for tree search: 4.922 sec (0h:0m:4s)
Total CPU time used: 6.586 sec (0h:0m:6s)
Total wall-clock time used: 5.087 sec (0h:0m:5s)

Analysis results written to: 
  IQ-TREE report:                cluster2898rr.1to1ortho.fa.aln-cln_gene632.fa.iqtree
  Maximum-likelihood tree:       cluster2898rr.1to1ortho.fa.aln-cln_gene632.fa.treefile
  Likelihood distances:          cluster2898rr.1to1ortho.fa.aln-cln_gene632.fa.mldist
  Screen log file:               cluster2898rr.1to1ortho.fa.aln-cln_gene632.fa.log

Date and Time: Mon Nov 25 10:16:46 2019
