IQ-TREE multicore version 1.6.11 for Mac OS X 64-bit built Jul 12 2019
Developed by Bui Quang Minh, Nguyen Lam Tung, Olga Chernomor,
Heiko Schmidt, Dominik Schrempf, Michael Woodhams.

Host:    slpc437 (AVX2, FMA3, 16 GB RAM)
Command: iqtree -s cluster2217rr.1to1ortho.fa.aln-cln_gene630.fa -nt 4 -m GTR+G -alrt 1000
Seed:    447634 (Using SPRNG - Scalable Parallel Random Number Generator)
Time:    Mon Nov 25 09:59:22 2019
Kernel:  AVX+FMA - 4 threads (6 CPU cores detected)

Reading alignment file cluster2217rr.1to1ortho.fa.aln-cln_gene630.fa ... Fasta format detected
Alignment most likely contains DNA/RNA sequences
Alignment has 13 sequences with 2761 columns, 1412 distinct patterns
1009 parsimony-informative, 557 singleton sites, 1195 constant sites
           Gap/Ambiguity  Composition  p-value
   1  DrolusSFB    3.04%    passed     43.03%
   2  Dino         7.03%    passed     96.91%
   3  MJM3360     48.93%    passed     89.90%
   4  DrobinSFB   53.35%    passed     60.83%
   5  Neam         0.54%    passed     84.45%
   6  RuprSFB     11.19%    passed     68.31%
   7  Retr        44.51%    passed     45.05%
   8  Beta         2.64%    passed     94.96%
   9  Spol         1.77%    passed     93.62%
  10  MJM1652      8.48%    passed     52.76%
  11  NepSFB       0.54%    passed     92.29%
  12  WPYJ        52.44%    passed     94.21%
  13  MJM2940      0.76%    passed     97.11%
WARNING: 2 sequences contain more than 50% gaps/ambiguity
****  TOTAL       18.10%  0 sequences failed composition chi2 test (p-value<5%; df=3)

Create initial parsimony tree by phylogenetic likelihood library (PLL)... 0.001 seconds

NOTE: 2 MB RAM (0 GB) is required!
Estimate model parameters (epsilon = 0.100)
1. Initial log-likelihood: -18189.152
2. Current log-likelihood: -17542.857
3. Current log-likelihood: -17538.917
Optimal log-likelihood: -17538.882
Rate parameters:  A-C: 2.27321  A-G: 4.61541  A-T: 1.71265  C-G: 1.62622  C-T: 6.51221  G-T: 1.00000
Base frequencies:  A: 0.301  C: 0.176  G: 0.250  T: 0.273
Gamma shape alpha: 0.684
Parameters optimization took 3 rounds (0.058 sec)
Computing ML distances based on estimated model parameters... 0.002 sec
Computing BIONJ tree...
0.002 seconds
Log-likelihood of BIONJ tree: -17562.096
--------------------------------------------------------------------
|             INITIALIZING CANDIDATE TREE SET                      |
--------------------------------------------------------------------
Generating 98 parsimony trees... 0.140 second
Computing log-likelihood of 98 initial trees ... 0.535 seconds
Current best score: -17538.882

Do NNI search on 20 best initial trees
Estimate model parameters (epsilon = 0.100)
BETTER TREE FOUND at iteration 1: -17538.881
Iteration 10 / LogL: -17540.289 / Time: 0h:0m:1s
Iteration 20 / LogL: -17538.901 / Time: 0h:0m:1s
Finish initializing candidate tree set (1)
Current best tree score: -17538.881 / CPU time: 1.331
Number of iterations: 20
--------------------------------------------------------------------
|               OPTIMIZING CANDIDATE TREE SET                      |
--------------------------------------------------------------------
Iteration 30 / LogL: -17540.977 / Time: 0h:0m:1s (0h:0m:4s left)
UPDATE BEST LOG-LIKELIHOOD: -17538.881
Iteration 40 / LogL: -17540.287 / Time: 0h:0m:2s (0h:0m:3s left)
Iteration 50 / LogL: -17539.745 / Time: 0h:0m:2s (0h:0m:2s left)
Iteration 60 / LogL: -17538.912 / Time: 0h:0m:3s (0h:0m:2s left)
Iteration 70 / LogL: -17539.576 / Time: 0h:0m:3s (0h:0m:1s left)
Iteration 80 / LogL: -17538.974 / Time: 0h:0m:4s (0h:0m:1s left)
Iteration 90 / LogL: -17538.975 / Time: 0h:0m:4s (0h:0m:0s left)
Iteration 100 / LogL: -17539.116 / Time: 0h:0m:5s (0h:0m:0s left)
TREE SEARCH COMPLETED AFTER 102 ITERATIONS / Time: 0h:0m:5s

--------------------------------------------------------------------
|                    FINALIZING TREE SEARCH                        |
--------------------------------------------------------------------
Performs final model parameters optimization
Estimate model parameters (epsilon = 0.010)
1. Initial log-likelihood: -17538.881
Optimal log-likelihood: -17538.881
Rate parameters:  A-C: 2.27222  A-G: 4.61754  A-T: 1.71369  C-G: 1.62416  C-T: 6.51532  G-T: 1.00000
Base frequencies:  A: 0.301  C: 0.176  G: 0.250  T: 0.273
Gamma shape alpha: 0.684
Parameters optimization took 1 rounds (0.007 sec)
BEST SCORE FOUND : -17538.881

Testing tree branches by SH-like aLRT with 1000 replicates...
0.152 sec.
Total tree length: 1.943

Total number of iterations: 102
CPU time used for tree search: 7.927 sec (0h:0m:7s)
Wall-clock time used for tree search: 5.012 sec (0h:0m:5s)
Total CPU time used: 8.677 sec (0h:0m:8s)
Total wall-clock time used: 5.253 sec (0h:0m:5s)

Analysis results written to: 
  IQ-TREE report:                cluster2217rr.1to1ortho.fa.aln-cln_gene630.fa.iqtree
  Maximum-likelihood tree:       cluster2217rr.1to1ortho.fa.aln-cln_gene630.fa.treefile
  Likelihood distances:          cluster2217rr.1to1ortho.fa.aln-cln_gene630.fa.mldist
  Screen log file:               cluster2217rr.1to1ortho.fa.aln-cln_gene630.fa.log

Date and Time: Mon Nov 25 09:59:27 2019
