IQ-TREE multicore version 1.6.11 for Mac OS X 64-bit built Jul 12 2019
Developed by Bui Quang Minh, Nguyen Lam Tung, Olga Chernomor,
Heiko Schmidt, Dominik Schrempf, Michael Woodhams.

Host:    slpc437 (AVX2, FMA3, 16 GB RAM)
Command: iqtree -s cluster1949rr.1to1ortho.fa.aln-cln_gene873.fa -nt 4 -m GTR+G -alrt 1000
Seed:    595985 (Using SPRNG - Scalable Parallel Random Number Generator)
Time:    Mon Nov 25 09:53:02 2019
Kernel:  AVX+FMA - 4 threads (6 CPU cores detected)

Reading alignment file cluster1949rr.1to1ortho.fa.aln-cln_gene873.fa ... Fasta format detected
Alignment most likely contains DNA/RNA sequences
Alignment has 13 sequences with 1575 columns, 712 distinct patterns
535 parsimony-informative, 198 singleton sites, 842 constant sites
           Gap/Ambiguity  Composition  p-value
   1  DrolusSFB    0.38%    passed     87.14%
   2  Dino         0.00%    passed     44.21%
   3  MJM3360     15.75%    passed     36.41%
   4  DrobinSFB    1.40%    passed     20.84%
   5  Neam         0.19%    passed     90.66%
   6  RuprSFB     14.98%    passed     29.79%
   7  Retr        46.10%    passed     37.42%
   8  Beta         5.40%    passed     80.50%
   9  Spol         4.70%    passed     22.04%
  10  MJM1652      7.56%    passed     73.40%
  11  NepSFB       0.19%    passed     97.17%
  12  WPYJ         0.89%    passed     26.46%
  13  MJM2940      0.38%    passed     69.35%
****  TOTAL        7.53%  0 sequences failed composition chi2 test (p-value<5%; df=3)

Create initial parsimony tree by phylogenetic likelihood library (PLL)... 0.001 seconds

NOTE: 1 MB RAM (0 GB) is required!
Estimate model parameters (epsilon = 0.100)
1. Initial log-likelihood: -9946.568
2. Current log-likelihood: -9472.214
3. Current log-likelihood: -9467.553
Optimal log-likelihood: -9467.446
Rate parameters:  A-C: 1.83826  A-G: 5.14575  A-T: 1.60662  C-G: 1.30887  C-T: 6.48794  G-T: 1.00000
Base frequencies:  A: 0.263  C: 0.200  G: 0.255  T: 0.282
Gamma shape alpha: 0.358
Parameters optimization took 3 rounds (0.043 sec)
Computing ML distances based on estimated model parameters... 0.001 sec
Computing BIONJ tree...
0.002 seconds
Log-likelihood of BIONJ tree: -9475.426
--------------------------------------------------------------------
|             INITIALIZING CANDIDATE TREE SET                      |
--------------------------------------------------------------------
Generating 98 parsimony trees... 0.093 second
Computing log-likelihood of 97 initial trees ... 0.440 seconds
Current best score: -9467.446

Do NNI search on 20 best initial trees
Estimate model parameters (epsilon = 0.100)
BETTER TREE FOUND at iteration 1: -9466.692
Iteration 10 / LogL: -9466.697 / Time: 0h:0m:0s
Iteration 20 / LogL: -9466.707 / Time: 0h:0m:1s
Finish initializing candidate tree set (1)
Current best tree score: -9466.692 / CPU time: 1.172
Number of iterations: 20
--------------------------------------------------------------------
|               OPTIMIZING CANDIDATE TREE SET                      |
--------------------------------------------------------------------
Iteration 30 / LogL: -9467.072 / Time: 0h:0m:1s (0h:0m:3s left)
Iteration 40 / LogL: -9466.707 / Time: 0h:0m:2s (0h:0m:3s left)
Iteration 50 / LogL: -9466.717 / Time: 0h:0m:2s (0h:0m:2s left)
Iteration 60 / LogL: -9467.373 / Time: 0h:0m:2s (0h:0m:1s left)
Iteration 70 / LogL: -9466.834 / Time: 0h:0m:3s (0h:0m:1s left)
Iteration 80 / LogL: -9475.693 / Time: 0h:0m:3s (0h:0m:0s left)
Iteration 90 / LogL: -9466.719 / Time: 0h:0m:4s (0h:0m:0s left)
Iteration 100 / LogL: -9466.788 / Time: 0h:0m:4s (0h:0m:0s left)
TREE SEARCH COMPLETED AFTER 102 ITERATIONS / Time: 0h:0m:4s

--------------------------------------------------------------------
|                    FINALIZING TREE SEARCH                        |
--------------------------------------------------------------------
Performs final model parameters optimization
Estimate model parameters (epsilon = 0.010)
1. Initial log-likelihood: -9466.692
Optimal log-likelihood: -9466.692
Rate parameters:  A-C: 1.82251  A-G: 5.14364  A-T: 1.60862  C-G: 1.30872  C-T: 6.49469  G-T: 1.00000
Base frequencies:  A: 0.263  C: 0.200  G: 0.255  T: 0.282
Gamma shape alpha: 0.360
Parameters optimization took 1 rounds (0.005 sec)
BEST SCORE FOUND : -9466.692

Testing tree branches by SH-like aLRT with 1000 replicates...
0.093 sec.
Total tree length: 1.572

Total number of iterations: 102
CPU time used for tree search: 5.505 sec (0h:0m:5s)
Wall-clock time used for tree search: 4.564 sec (0h:0m:4s)
Total CPU time used: 5.942 sec (0h:0m:5s)
Total wall-clock time used: 4.726 sec (0h:0m:4s)

Analysis results written to: 
  IQ-TREE report:                cluster1949rr.1to1ortho.fa.aln-cln_gene873.fa.iqtree
  Maximum-likelihood tree:       cluster1949rr.1to1ortho.fa.aln-cln_gene873.fa.treefile
  Likelihood distances:          cluster1949rr.1to1ortho.fa.aln-cln_gene873.fa.mldist
  Screen log file:               cluster1949rr.1to1ortho.fa.aln-cln_gene873.fa.log

Date and Time: Mon Nov 25 09:53:07 2019
