IQ-TREE multicore version 1.6.11 for Mac OS X 64-bit built Jul 12 2019
Developed by Bui Quang Minh, Nguyen Lam Tung, Olga Chernomor,
Heiko Schmidt, Dominik Schrempf, Michael Woodhams.

Host:    slpc437 (AVX2, FMA3, 16 GB RAM)
Command: iqtree -s cluster3402rr.1to1ortho.fa.aln-cln_gene546.fa -nt 4 -m GTR+G -alrt 1000
Seed:    339791 (Using SPRNG - Scalable Parallel Random Number Generator)
Time:    Mon Nov 25 10:29:33 2019
Kernel:  AVX+FMA - 4 threads (6 CPU cores detected)

Reading alignment file cluster3402rr.1to1ortho.fa.aln-cln_gene546.fa ... Fasta format detected
Alignment most likely contains DNA/RNA sequences
Alignment has 13 sequences with 2497 columns, 1010 distinct patterns
801 parsimony-informative, 352 singleton sites, 1344 constant sites
           Gap/Ambiguity  Composition  p-value
   1  DrolusSFB    1.08%    passed     66.32%
   2  Dino         0.72%    passed     99.70%
   3  MJM3360      4.57%    passed     77.19%
   4  DrobinSFB    0.24%    passed     79.08%
   5  Neam         0.64%    passed     82.04%
   6  RuprSFB      3.56%    passed     88.67%
   7  Retr         9.13%    passed     99.81%
   8  Beta         0.76%    passed     98.56%
   9  Spol         1.48%    passed     99.03%
  10  MJM1652      0.72%    passed     90.91%
  11  NepSFB       0.64%    passed     83.76%
  12  WPYJ        76.21%    passed     72.55%
  13  MJM2940      0.36%    passed     91.14%
WARNING: 1 sequences contain more than 50% gaps/ambiguity
****  TOTAL        7.70%  0 sequences failed composition chi2 test (p-value<5%; df=3)

Create initial parsimony tree by phylogenetic likelihood library (PLL)... 0.001 seconds

NOTE: 1 MB RAM (0 GB) is required!
Estimate model parameters (epsilon = 0.100)
1. Initial log-likelihood: -15127.133
2. Current log-likelihood: -14432.808
3. Current log-likelihood: -14426.783
Optimal log-likelihood: -14426.685
Rate parameters:  A-C: 1.39232  A-G: 4.42804  A-T: 1.39217  C-G: 1.12880  C-T: 6.26847  G-T: 1.00000
Base frequencies:  A: 0.287  C: 0.193  G: 0.243  T: 0.277
Gamma shape alpha: 0.421
Parameters optimization took 3 rounds (0.045 sec)
Computing ML distances based on estimated model parameters... 0.002 sec
Computing BIONJ tree...
0.002 seconds
Log-likelihood of BIONJ tree: -14426.683
--------------------------------------------------------------------
|             INITIALIZING CANDIDATE TREE SET                      |
--------------------------------------------------------------------
Generating 99 parsimony trees... 0.106 second
Computing log-likelihood of 97 initial trees ... 0.464 seconds
Current best score: -14426.683

Do NNI search on 20 best initial trees
Estimate model parameters (epsilon = 0.100)
BETTER TREE FOUND at iteration 1: -14426.682
Iteration 10 / LogL: -14426.992 / Time: 0h:0m:0s
Iteration 20 / LogL: -14428.254 / Time: 0h:0m:1s
Finish initializing candidate tree set (2)
Current best tree score: -14426.682 / CPU time: 1.152
Number of iterations: 20
--------------------------------------------------------------------
|               OPTIMIZING CANDIDATE TREE SET                      |
--------------------------------------------------------------------
Iteration 30 / LogL: -14426.842 / Time: 0h:0m:1s (0h:0m:4s left)
Iteration 40 / LogL: -14426.768 / Time: 0h:0m:2s (0h:0m:3s left)
Iteration 50 / LogL: -14426.879 / Time: 0h:0m:2s (0h:0m:2s left)
Iteration 60 / LogL: -14426.827 / Time: 0h:0m:3s (0h:0m:2s left)
Iteration 70 / LogL: -14426.687 / Time: 0h:0m:3s (0h:0m:1s left)
Iteration 80 / LogL: -14427.176 / Time: 0h:0m:4s (0h:0m:1s left)
Iteration 90 / LogL: -14427.040 / Time: 0h:0m:4s (0h:0m:0s left)
Iteration 100 / LogL: -14428.152 / Time: 0h:0m:5s (0h:0m:0s left)
TREE SEARCH COMPLETED AFTER 102 ITERATIONS / Time: 0h:0m:5s

--------------------------------------------------------------------
|                    FINALIZING TREE SEARCH                        |
--------------------------------------------------------------------
Performs final model parameters optimization
Estimate model parameters (epsilon = 0.010)
1. Initial log-likelihood: -14426.682
Optimal log-likelihood: -14426.682
Rate parameters:  A-C: 1.39112  A-G: 4.42634  A-T: 1.39236  C-G: 1.12689  C-T: 6.27307  G-T: 1.00000
Base frequencies:  A: 0.287  C: 0.193  G: 0.243  T: 0.277
Gamma shape alpha: 0.422
Parameters optimization took 1 rounds (0.006 sec)
BEST SCORE FOUND : -14426.682

Testing tree branches by SH-like aLRT with 1000 replicates...
0.133 sec.
Total tree length: 1.405

Total number of iterations: 102
CPU time used for tree search: 7.101 sec (0h:0m:7s)
Wall-clock time used for tree search: 5.157 sec (0h:0m:5s)
Total CPU time used: 7.731 sec (0h:0m:7s)
Total wall-clock time used: 5.366 sec (0h:0m:5s)

Analysis results written to: 
  IQ-TREE report:                cluster3402rr.1to1ortho.fa.aln-cln_gene546.fa.iqtree
  Maximum-likelihood tree:       cluster3402rr.1to1ortho.fa.aln-cln_gene546.fa.treefile
  Likelihood distances:          cluster3402rr.1to1ortho.fa.aln-cln_gene546.fa.mldist
  Screen log file:               cluster3402rr.1to1ortho.fa.aln-cln_gene546.fa.log

Date and Time: Mon Nov 25 10:29:38 2019
