IQ-TREE multicore version 1.6.11 for Mac OS X 64-bit built Jul 12 2019
Developed by Bui Quang Minh, Nguyen Lam Tung, Olga Chernomor,
Heiko Schmidt, Dominik Schrempf, Michael Woodhams.

Host:    slpc437 (AVX2, FMA3, 16 GB RAM)
Command: iqtree -s cluster925rr.1to1ortho.fa.aln-cln_gene874.fa -nt 4 -m GTR+G -alrt 1000
Seed:    622436 (Using SPRNG - Scalable Parallel Random Number Generator)
Time:    Mon Nov 25 11:14:43 2019
Kernel:  AVX+FMA - 4 threads (6 CPU cores detected)

Reading alignment file cluster925rr.1to1ortho.fa.aln-cln_gene874.fa ... Fasta format detected
Alignment most likely contains DNA/RNA sequences
Alignment has 13 sequences with 2503 columns, 1221 distinct patterns
902 parsimony-informative, 399 singleton sites, 1202 constant sites
           Gap/Ambiguity  Composition  p-value
   1  DrolusSFB    2.12%    passed     51.53%
   2  Dino        30.00%    passed     69.70%
   3  MJM3360      2.72%    passed     97.35%
   4  DrobinSFB    3.64%    passed     36.95%
   5  Neam         0.24%    passed     96.88%
   6  RuprSFB     12.74%    passed     75.90%
   7  Retr        35.44%    passed     92.93%
   8  Beta         0.92%    passed     51.83%
   9  Spol         0.92%    passed     40.42%
  10  MJM1652      2.88%    passed     89.33%
  11  NepSFB       0.24%    passed     96.92%
  12  WPYJ         1.48%    passed     61.21%
  13  MJM2940      3.76%    passed     36.90%
****  TOTAL        7.47%  0 sequences failed composition chi2 test (p-value<5%; df=3)

Create initial parsimony tree by phylogenetic likelihood library (PLL)... 0.001 seconds

NOTE: 2 MB RAM (0 GB) is required!
Estimate model parameters (epsilon = 0.100)
1. Initial log-likelihood: -16871.987
2. Current log-likelihood: -16259.864
3. Current log-likelihood: -16255.981
Optimal log-likelihood: -16255.942
Rate parameters:  A-C: 1.47960  A-G: 3.46117  A-T: 1.40810  C-G: 1.04609  C-T: 5.00020  G-T: 1.00000
Base frequencies:  A: 0.288  C: 0.204  G: 0.241  T: 0.268
Gamma shape alpha: 0.521
Parameters optimization took 3 rounds (0.050 sec)
Computing ML distances based on estimated model parameters... 0.002 sec
Computing BIONJ tree...
0.002 seconds
Log-likelihood of BIONJ tree: -16255.942
--------------------------------------------------------------------
|             INITIALIZING CANDIDATE TREE SET                      |
--------------------------------------------------------------------
Generating 99 parsimony trees... 0.129 second
Computing log-likelihood of 99 initial trees ... 0.507 seconds
Current best score: -16255.942

Do NNI search on 20 best initial trees
Estimate model parameters (epsilon = 0.100)
BETTER TREE FOUND at iteration 1: -16254.577
Iteration 10 / LogL: -16254.716 / Time: 0h:0m:1s
Iteration 20 / LogL: -16254.621 / Time: 0h:0m:1s
Finish initializing candidate tree set (1)
Current best tree score: -16254.577 / CPU time: 1.394
Number of iterations: 20
--------------------------------------------------------------------
|               OPTIMIZING CANDIDATE TREE SET                      |
--------------------------------------------------------------------
Iteration 30 / LogL: -16254.581 / Time: 0h:0m:1s (0h:0m:4s left)
Iteration 40 / LogL: -16254.709 / Time: 0h:0m:2s (0h:0m:3s left)
Iteration 50 / LogL: -16254.581 / Time: 0h:0m:2s (0h:0m:2s left)
Iteration 60 / LogL: -16255.074 / Time: 0h:0m:3s (0h:0m:2s left)
Iteration 70 / LogL: -16254.580 / Time: 0h:0m:3s (0h:0m:1s left)
Iteration 80 / LogL: -16254.629 / Time: 0h:0m:4s (0h:0m:1s left)
Iteration 90 / LogL: -16254.732 / Time: 0h:0m:4s (0h:0m:0s left)
Iteration 100 / LogL: -16259.798 / Time: 0h:0m:5s (0h:0m:0s left)
TREE SEARCH COMPLETED AFTER 102 ITERATIONS / Time: 0h:0m:5s

--------------------------------------------------------------------
|                    FINALIZING TREE SEARCH                        |
--------------------------------------------------------------------
Performs final model parameters optimization
Estimate model parameters (epsilon = 0.010)
1. Initial log-likelihood: -16254.577
Optimal log-likelihood: -16254.576
Rate parameters:  A-C: 1.47407  A-G: 3.45850  A-T: 1.41154  C-G: 1.04250  C-T: 5.00794  G-T: 1.00000
Base frequencies:  A: 0.288  C: 0.204  G: 0.241  T: 0.268
Gamma shape alpha: 0.522
Parameters optimization took 1 rounds (0.006 sec)
BEST SCORE FOUND : -16254.576

Testing tree branches by SH-like aLRT with 1000 replicates...
0.135 sec.
Total tree length: 1.665

Total number of iterations: 102
CPU time used for tree search: 7.538 sec (0h:0m:7s)
Wall-clock time used for tree search: 5.071 sec (0h:0m:5s)
Total CPU time used: 8.191 sec (0h:0m:8s)
Total wall-clock time used: 5.284 sec (0h:0m:5s)

Analysis results written to: 
  IQ-TREE report:                cluster925rr.1to1ortho.fa.aln-cln_gene874.fa.iqtree
  Maximum-likelihood tree:       cluster925rr.1to1ortho.fa.aln-cln_gene874.fa.treefile
  Likelihood distances:          cluster925rr.1to1ortho.fa.aln-cln_gene874.fa.mldist
  Screen log file:               cluster925rr.1to1ortho.fa.aln-cln_gene874.fa.log

Date and Time: Mon Nov 25 11:14:48 2019
