IQ-TREE multicore version 1.6.11 for Mac OS X 64-bit built Jul 12 2019
Developed by Bui Quang Minh, Nguyen Lam Tung, Olga Chernomor,
Heiko Schmidt, Dominik Schrempf, Michael Woodhams.

Host:    slpc437 (AVX2, FMA3, 16 GB RAM)
Command: iqtree -s cluster3884rr.1to1ortho.fa.aln-cln_gene350.fa -nt 4 -m GTR+G -alrt 1000
Seed:    784476 (Using SPRNG - Scalable Parallel Random Number Generator)
Time:    Mon Nov 25 10:39:25 2019
Kernel:  AVX+FMA - 4 threads (6 CPU cores detected)

Reading alignment file cluster3884rr.1to1ortho.fa.aln-cln_gene350.fa ... Fasta format detected
Alignment most likely contains DNA/RNA sequences
Alignment has 13 sequences with 807 columns, 366 distinct patterns
299 parsimony-informative, 92 singleton sites, 415 constant sites
           Gap/Ambiguity  Composition  p-value
   1  DrolusSFB    1.24%    passed     37.30%
   2  Dino         0.00%    passed     84.95%
   3  MJM3360      2.85%    passed     89.29%
   4  DrobinSFB    0.00%    passed     32.86%
   5  Neam         0.37%    passed     95.97%
   6  RuprSFB      3.10%    passed     27.15%
   7  Retr         0.37%    passed     53.64%
   8  Beta         0.00%    passed     52.52%
   9  Spol         0.00%    passed     66.70%
  10  MJM1652      0.00%    passed     99.14%
  11  NepSFB       0.37%    passed     98.46%
  12  WPYJ         2.60%    passed     77.87%
  13  MJM2940      0.50%    passed     88.85%
****  TOTAL        0.88%  0 sequences failed composition chi2 test (p-value<5%; df=3)

Create initial parsimony tree by phylogenetic likelihood library (PLL)... 0.001 seconds

NOTE: 0 MB RAM (0 GB) is required!
WARNING: Number of threads seems too high for short alignments. Use -nt AUTO to determine best number of threads.
Estimate model parameters (epsilon = 0.100)
1. Initial log-likelihood: -5552.613
2. Current log-likelihood: -5239.075
3. Current log-likelihood: -5234.021
4. Current log-likelihood: -5233.769
Optimal log-likelihood: -5233.749
Rate parameters:  A-C: 1.86306  A-G: 5.43013  A-T: 1.11199  C-G: 1.76691  C-T: 9.12835  G-T: 1.00000
Base frequencies:  A: 0.270  C: 0.185  G: 0.246  T: 0.300
Gamma shape alpha: 0.395
Parameters optimization took 4 rounds (0.040 sec)
Computing ML distances based on estimated model parameters... 0.001 sec
Computing BIONJ tree...
0.002 seconds
Log-likelihood of BIONJ tree: -5233.749
--------------------------------------------------------------------
|             INITIALIZING CANDIDATE TREE SET                      |
--------------------------------------------------------------------
Generating 99 parsimony trees... 0.068 second
Computing log-likelihood of 98 initial trees ... 0.396 seconds
Current best score: -5233.749

Do NNI search on 20 best initial trees
Estimate model parameters (epsilon = 0.100)
BETTER TREE FOUND at iteration 1: -5233.748
Iteration 10 / LogL: -5233.807 / Time: 0h:0m:0s
Iteration 20 / LogL: -5234.121 / Time: 0h:0m:1s
Finish initializing candidate tree set (2)
Current best tree score: -5233.748 / CPU time: 0.944
Number of iterations: 20
--------------------------------------------------------------------
|               OPTIMIZING CANDIDATE TREE SET                      |
--------------------------------------------------------------------
Iteration 30 / LogL: -5236.262 / Time: 0h:0m:1s (0h:0m:3s left)
Iteration 40 / LogL: -5233.784 / Time: 0h:0m:1s (0h:0m:2s left)
Iteration 50 / LogL: -5233.826 / Time: 0h:0m:2s (0h:0m:2s left)
Iteration 60 / LogL: -5244.258 / Time: 0h:0m:2s (0h:0m:1s left)
Iteration 70 / LogL: -5233.901 / Time: 0h:0m:2s (0h:0m:1s left)
Iteration 80 / LogL: -5239.466 / Time: 0h:0m:3s (0h:0m:0s left)
Iteration 90 / LogL: -5233.798 / Time: 0h:0m:3s (0h:0m:0s left)
Iteration 100 / LogL: -5233.868 / Time: 0h:0m:4s (0h:0m:0s left)
TREE SEARCH COMPLETED AFTER 102 ITERATIONS / Time: 0h:0m:4s

--------------------------------------------------------------------
|                    FINALIZING TREE SEARCH                        |
--------------------------------------------------------------------
Performs final model parameters optimization
Estimate model parameters (epsilon = 0.010)
1. Initial log-likelihood: -5233.748
Optimal log-likelihood: -5233.745
Rate parameters:  A-C: 1.87082  A-G: 5.43907  A-T: 1.10913  C-G: 1.77163  C-T: 9.17087  G-T: 1.00000
Base frequencies:  A: 0.270  C: 0.185  G: 0.246  T: 0.300
Gamma shape alpha: 0.395
Parameters optimization took 1 rounds (0.005 sec)
BEST SCORE FOUND : -5233.745

Testing tree branches by SH-like aLRT with 1000 replicates...
0.057 sec.
Total tree length: 1.797

Total number of iterations: 102
CPU time used for tree search: 3.875 sec (0h:0m:3s)
Wall-clock time used for tree search: 4.086 sec (0h:0m:4s)
Total CPU time used: 4.135 sec (0h:0m:4s)
Total wall-clock time used: 4.207 sec (0h:0m:4s)

Analysis results written to: 
  IQ-TREE report:                cluster3884rr.1to1ortho.fa.aln-cln_gene350.fa.iqtree
  Maximum-likelihood tree:       cluster3884rr.1to1ortho.fa.aln-cln_gene350.fa.treefile
  Likelihood distances:          cluster3884rr.1to1ortho.fa.aln-cln_gene350.fa.mldist
  Screen log file:               cluster3884rr.1to1ortho.fa.aln-cln_gene350.fa.log

Date and Time: Mon Nov 25 10:39:30 2019
