IQ-TREE multicore version 1.6.11 for Mac OS X 64-bit built Jul 12 2019
Developed by Bui Quang Minh, Nguyen Lam Tung, Olga Chernomor,
Heiko Schmidt, Dominik Schrempf, Michael Woodhams.

Host:    slpc437 (AVX2, FMA3, 16 GB RAM)
Command: iqtree -s cluster5440rr.1to1ortho.fa.aln-cln_gene81.fa -nt 4 -m GTR+G -alrt 1000
Seed:    344264 (Using SPRNG - Scalable Parallel Random Number Generator)
Time:    Mon Nov 25 11:08:18 2019
Kernel:  AVX+FMA - 4 threads (6 CPU cores detected)

Reading alignment file cluster5440rr.1to1ortho.fa.aln-cln_gene81.fa ... Fasta format detected
Alignment most likely contains DNA/RNA sequences
Alignment has 13 sequences with 3637 columns, 1399 distinct patterns
1105 parsimony-informative, 500 singleton sites, 2032 constant sites
           Gap/Ambiguity  Composition  p-value
   1  DrolusSFB    2.42%    passed     81.08%
   2  Dino         0.19%    passed     99.38%
   3  MJM3360      6.46%    passed     89.47%
   4  DrobinSFB    4.12%    passed     81.20%
   5  Neam         0.36%    passed     96.75%
   6  RuprSFB      5.88%    passed     60.12%
   7  Retr        65.60%    passed     80.77%
   8  Beta         0.82%    passed     88.78%
   9  Spol         0.49%    passed     99.53%
  10  MJM1652      0.93%    passed     99.20%
  11  NepSFB       0.36%    passed     87.26%
  12  WPYJ        57.49%    passed     46.23%
  13  MJM2940      0.27%    passed     96.71%
WARNING: 2 sequences contain more than 50% gaps/ambiguity
****  TOTAL       11.19%  0 sequences failed composition chi2 test (p-value<5%; df=3)

Create initial parsimony tree by phylogenetic likelihood library (PLL)... 0.002 seconds

NOTE: 2 MB RAM (0 GB) is required!
Estimate model parameters (epsilon = 0.100)
1. Initial log-likelihood: -21036.870
2. Current log-likelihood: -20198.717
3. Current log-likelihood: -20192.343
Optimal log-likelihood: -20192.264
Rate parameters:  A-C: 1.58324  A-G: 4.32182  A-T: 1.70840  C-G: 0.91312  C-T: 4.91560  G-T: 1.00000
Base frequencies:  A: 0.274  C: 0.201  G: 0.246  T: 0.278
Gamma shape alpha: 0.394
Parameters optimization took 3 rounds (0.053 sec)
Computing ML distances based on estimated model parameters... 0.002 sec
Computing BIONJ tree...
0.002 seconds
Log-likelihood of BIONJ tree: -20188.883
--------------------------------------------------------------------
|             INITIALIZING CANDIDATE TREE SET                      |
--------------------------------------------------------------------
Generating 98 parsimony trees... 0.137 second
Computing log-likelihood of 98 initial trees ... 0.532 seconds
Current best score: -20188.883

Do NNI search on 20 best initial trees
Estimate model parameters (epsilon = 0.100)
BETTER TREE FOUND at iteration 1: -20188.874
Iteration 10 / LogL: -20189.026 / Time: 0h:0m:0s
Iteration 20 / LogL: -20188.931 / Time: 0h:0m:1s
Finish initializing candidate tree set (1)
Current best tree score: -20188.874 / CPU time: 1.333
Number of iterations: 20
--------------------------------------------------------------------
|               OPTIMIZING CANDIDATE TREE SET                      |
--------------------------------------------------------------------
Iteration 30 / LogL: -20192.438 / Time: 0h:0m:1s (0h:0m:4s left)
Iteration 40 / LogL: -20190.869 / Time: 0h:0m:2s (0h:0m:3s left)
Iteration 50 / LogL: -20189.007 / Time: 0h:0m:2s (0h:0m:2s left)
Iteration 60 / LogL: -20189.443 / Time: 0h:0m:3s (0h:0m:2s left)
Iteration 70 / LogL: -20190.289 / Time: 0h:0m:3s (0h:0m:1s left)
UPDATE BEST LOG-LIKELIHOOD: -20188.874
Iteration 80 / LogL: -20189.553 / Time: 0h:0m:4s (0h:0m:1s left)
Iteration 90 / LogL: -20188.963 / Time: 0h:0m:4s (0h:0m:0s left)
Iteration 100 / LogL: -20189.054 / Time: 0h:0m:5s (0h:0m:0s left)
TREE SEARCH COMPLETED AFTER 102 ITERATIONS / Time: 0h:0m:5s

--------------------------------------------------------------------
|                    FINALIZING TREE SEARCH                        |
--------------------------------------------------------------------
Performs final model parameters optimization
Estimate model parameters (epsilon = 0.010)
1. Initial log-likelihood: -20188.874
Optimal log-likelihood: -20188.873
Rate parameters:  A-C: 1.57206  A-G: 4.31869  A-T: 1.71433  C-G: 0.91701  C-T: 4.92501  G-T: 1.00000
Base frequencies:  A: 0.274  C: 0.201  G: 0.246  T: 0.278
Gamma shape alpha: 0.394
Parameters optimization took 1 rounds (0.007 sec)
BEST SCORE FOUND : -20188.873

Testing tree branches by SH-like aLRT with 1000 replicates...
0.187 sec.
Total tree length: 1.391

Total number of iterations: 102
CPU time used for tree search: 8.237 sec (0h:0m:8s)
Wall-clock time used for tree search: 5.237 sec (0h:0m:5s)
Total CPU time used: 9.108 sec (0h:0m:9s)
Total wall-clock time used: 5.508 sec (0h:0m:5s)

Analysis results written to: 
  IQ-TREE report:                cluster5440rr.1to1ortho.fa.aln-cln_gene81.fa.iqtree
  Maximum-likelihood tree:       cluster5440rr.1to1ortho.fa.aln-cln_gene81.fa.treefile
  Likelihood distances:          cluster5440rr.1to1ortho.fa.aln-cln_gene81.fa.mldist
  Screen log file:               cluster5440rr.1to1ortho.fa.aln-cln_gene81.fa.log

Date and Time: Mon Nov 25 11:08:23 2019
