IQ-TREE multicore version 1.6.11 for Mac OS X 64-bit built Jul 12 2019
Developed by Bui Quang Minh, Nguyen Lam Tung, Olga Chernomor,
Heiko Schmidt, Dominik Schrempf, Michael Woodhams.

Host:    slpc437 (AVX2, FMA3, 16 GB RAM)
Command: iqtree -s cluster2306rr.1to1ortho.fa.aln-cln_gene616.fa -nt 4 -m GTR+G -alrt 1000
Seed:    411228 (Using SPRNG - Scalable Parallel Random Number Generator)
Time:    Mon Nov 25 10:02:13 2019
Kernel:  AVX+FMA - 4 threads (6 CPU cores detected)

Reading alignment file cluster2306rr.1to1ortho.fa.aln-cln_gene616.fa ... Fasta format detected
Alignment most likely contains DNA/RNA sequences
Alignment has 13 sequences with 1178 columns, 574 distinct patterns
380 parsimony-informative, 214 singleton sites, 584 constant sites
           Gap/Ambiguity  Composition  p-value
   1  DrolusSFB   14.60%    passed     20.46%
   2  Dino         1.61%    passed      6.88%
   3  MJM3360     17.23%    passed     70.21%
   4  DrobinSFB   38.29%    passed     28.18%
   5  Neam        20.63%    passed     89.99%
   6  RuprSFB     14.09%    passed     32.87%
   7  Retr        14.09%    passed     17.35%
   8  Beta        15.37%    passed      9.63%
   9  Spol        15.37%    passed      5.08%
  10  MJM1652      2.04%    failed      0.83%
  11  NepSFB       1.02%    passed     83.84%
  12  WPYJ        15.20%    passed     56.64%
  13  MJM2940      1.02%    passed     84.33%
****  TOTAL       13.12%  1 sequences failed composition chi2 test (p-value<5%; df=3)

Create initial parsimony tree by phylogenetic likelihood library (PLL)... 0.001 seconds

NOTE: 0 MB RAM (0 GB) is required!
Estimate model parameters (epsilon = 0.100)
1. Initial log-likelihood: -7692.213
2. Current log-likelihood: -7349.427
3. Current log-likelihood: -7346.822
Optimal log-likelihood: -7346.756
Rate parameters:  A-C: 2.20720  A-G: 5.55219  A-T: 1.77714  C-G: 1.81334  C-T: 6.87228  G-T: 1.00000
Base frequencies:  A: 0.264  C: 0.207  G: 0.240  T: 0.289
Gamma shape alpha: 0.463
Parameters optimization took 3 rounds (0.035 sec)
Computing ML distances based on estimated model parameters... 0.001 sec
Computing BIONJ tree...
0.002 seconds
Log-likelihood of BIONJ tree: -7346.352
--------------------------------------------------------------------
|             INITIALIZING CANDIDATE TREE SET                      |
--------------------------------------------------------------------
Generating 98 parsimony trees... 0.089 second
Computing log-likelihood of 96 initial trees ... 0.429 seconds
Current best score: -7346.352

Do NNI search on 20 best initial trees
Estimate model parameters (epsilon = 0.100)
BETTER TREE FOUND at iteration 1: -7344.583
Iteration 10 / LogL: -7344.586 / Time: 0h:0m:0s
Iteration 20 / LogL: -7344.584 / Time: 0h:0m:1s
Finish initializing candidate tree set (2)
Current best tree score: -7344.583 / CPU time: 1.294
Number of iterations: 20
--------------------------------------------------------------------
|               OPTIMIZING CANDIDATE TREE SET                      |
--------------------------------------------------------------------
Iteration 30 / LogL: -7344.626 / Time: 0h:0m:1s (0h:0m:4s left)
Iteration 40 / LogL: -7344.600 / Time: 0h:0m:2s (0h:0m:3s left)
Iteration 50 / LogL: -7344.587 / Time: 0h:0m:2s (0h:0m:2s left)
Iteration 60 / LogL: -7344.615 / Time: 0h:0m:3s (0h:0m:2s left)
Iteration 70 / LogL: -7345.237 / Time: 0h:0m:3s (0h:0m:1s left)
Iteration 80 / LogL: -7346.831 / Time: 0h:0m:4s (0h:0m:1s left)
Iteration 90 / LogL: -7344.605 / Time: 0h:0m:4s (0h:0m:0s left)
Iteration 100 / LogL: -7344.595 / Time: 0h:0m:4s (0h:0m:0s left)
TREE SEARCH COMPLETED AFTER 102 ITERATIONS / Time: 0h:0m:5s

--------------------------------------------------------------------
|                    FINALIZING TREE SEARCH                        |
--------------------------------------------------------------------
Performs final model parameters optimization
Estimate model parameters (epsilon = 0.010)
1. Initial log-likelihood: -7344.583
Optimal log-likelihood: -7344.582
Rate parameters:  A-C: 2.20488  A-G: 5.56283  A-T: 1.71179  C-G: 1.80253  C-T: 6.84932  G-T: 1.00000
Base frequencies:  A: 0.264  C: 0.207  G: 0.240  T: 0.289
Gamma shape alpha: 0.462
Parameters optimization took 1 rounds (0.005 sec)
BEST SCORE FOUND : -7344.582

Testing tree branches by SH-like aLRT with 1000 replicates...
0.075 sec.
Total tree length: 1.848

Total number of iterations: 102
CPU time used for tree search: 5.594 sec (0h:0m:5s)
Wall-clock time used for tree search: 5.002 sec (0h:0m:5s)
Total CPU time used: 5.929 sec (0h:0m:5s)
Total wall-clock time used: 5.137 sec (0h:0m:5s)

Analysis results written to: 
  IQ-TREE report:                cluster2306rr.1to1ortho.fa.aln-cln_gene616.fa.iqtree
  Maximum-likelihood tree:       cluster2306rr.1to1ortho.fa.aln-cln_gene616.fa.treefile
  Likelihood distances:          cluster2306rr.1to1ortho.fa.aln-cln_gene616.fa.mldist
  Screen log file:               cluster2306rr.1to1ortho.fa.aln-cln_gene616.fa.log

Date and Time: Mon Nov 25 10:02:18 2019
