IQ-TREE multicore version 1.6.11 for Mac OS X 64-bit built Jul 12 2019
Developed by Bui Quang Minh, Nguyen Lam Tung, Olga Chernomor,
Heiko Schmidt, Dominik Schrempf, Michael Woodhams.

Host:    slpc437 (AVX2, FMA3, 16 GB RAM)
Command: iqtree -s cluster3236rr.1to1ortho.fa.aln-cln_gene986.fa -nt 4 -m GTR+G -alrt 1000
Seed:    981678 (Using SPRNG - Scalable Parallel Random Number Generator)
Time:    Mon Nov 25 10:24:56 2019
Kernel:  AVX+FMA - 4 threads (6 CPU cores detected)

Reading alignment file cluster3236rr.1to1ortho.fa.aln-cln_gene986.fa ... Fasta format detected
Alignment most likely contains DNA/RNA sequences
Alignment has 13 sequences with 2397 columns, 1080 distinct patterns
850 parsimony-informative, 369 singleton sites, 1178 constant sites
           Gap/Ambiguity  Composition  p-value
   1  DrolusSFB    0.13%    passed     89.45%
   2  Dino         0.42%    passed     98.61%
   3  MJM3360      1.67%    passed     59.70%
   4  DrobinSFB    1.17%    passed     35.29%
   5  Neam         0.00%    passed     92.53%
   6  RuprSFB      2.88%    passed     99.68%
   7  Retr         0.13%    passed     98.12%
   8  Beta         1.67%    passed     59.80%
   9  Spol         2.25%    passed     77.60%
  10  MJM1652      1.25%    passed     93.98%
  11  NepSFB       0.00%    passed     82.78%
  12  WPYJ        42.80%    passed     60.55%
  13  MJM2940     28.29%    passed     97.86%
****  TOTAL        6.36%  0 sequences failed composition chi2 test (p-value<5%; df=3)

Create initial parsimony tree by phylogenetic likelihood library (PLL)... 0.001 seconds

NOTE: 1 MB RAM (0 GB) is required!
Estimate model parameters (epsilon = 0.100)
1. Initial log-likelihood: -15772.217
2. Current log-likelihood: -15135.592
3. Current log-likelihood: -15131.515
Optimal log-likelihood: -15131.451
Rate parameters:  A-C: 1.37853  A-G: 4.24435  A-T: 1.40589  C-G: 1.16009  C-T: 5.43719  G-T: 1.00000
Base frequencies:  A: 0.289  C: 0.195  G: 0.237  T: 0.279
Gamma shape alpha: 0.520
Parameters optimization took 3 rounds (0.045 sec)
Computing ML distances based on estimated model parameters... 0.002 sec
Computing BIONJ tree...
0.002 seconds
Log-likelihood of BIONJ tree: -15131.450
--------------------------------------------------------------------
|             INITIALIZING CANDIDATE TREE SET                      |
--------------------------------------------------------------------
Generating 99 parsimony trees... 0.117 second
Computing log-likelihood of 99 initial trees ... 0.492 seconds
Current best score: -15131.450

Do NNI search on 20 best initial trees
Estimate model parameters (epsilon = 0.100)
BETTER TREE FOUND at iteration 1: -15131.449
Iteration 10 / LogL: -15131.478 / Time: 0h:0m:0s
Iteration 20 / LogL: -15131.459 / Time: 0h:0m:1s
Finish initializing candidate tree set (1)
Current best tree score: -15131.449 / CPU time: 1.178
Number of iterations: 20
--------------------------------------------------------------------
|               OPTIMIZING CANDIDATE TREE SET                      |
--------------------------------------------------------------------
Iteration 30 / LogL: -15131.461 / Time: 0h:0m:1s (0h:0m:4s left)
Iteration 40 / LogL: -15131.654 / Time: 0h:0m:2s (0h:0m:3s left)
Iteration 50 / LogL: -15131.560 / Time: 0h:0m:2s (0h:0m:2s left)
Iteration 60 / LogL: -15136.560 / Time: 0h:0m:2s (0h:0m:2s left)
Iteration 70 / LogL: -15131.503 / Time: 0h:0m:3s (0h:0m:1s left)
Iteration 80 / LogL: -15131.465 / Time: 0h:0m:3s (0h:0m:1s left)
Iteration 90 / LogL: -15133.128 / Time: 0h:0m:4s (0h:0m:0s left)
Iteration 100 / LogL: -15131.451 / Time: 0h:0m:4s (0h:0m:0s left)
TREE SEARCH COMPLETED AFTER 102 ITERATIONS / Time: 0h:0m:4s

--------------------------------------------------------------------
|                    FINALIZING TREE SEARCH                        |
--------------------------------------------------------------------
Performs final model parameters optimization
Estimate model parameters (epsilon = 0.010)
1. Initial log-likelihood: -15131.449
Optimal log-likelihood: -15131.448
Rate parameters:  A-C: 1.37623  A-G: 4.23712  A-T: 1.40398  C-G: 1.15830  C-T: 5.43068  G-T: 1.00000
Base frequencies:  A: 0.289  C: 0.195  G: 0.237  T: 0.279
Gamma shape alpha: 0.520
Parameters optimization took 1 rounds (0.006 sec)
BEST SCORE FOUND : -15131.448

Testing tree branches by SH-like aLRT with 1000 replicates...
0.129 sec.
Total tree length: 1.522

Total number of iterations: 102
CPU time used for tree search: 6.653 sec (0h:0m:6s)
Wall-clock time used for tree search: 4.717 sec (0h:0m:4s)
Total CPU time used: 7.262 sec (0h:0m:7s)
Total wall-clock time used: 4.917 sec (0h:0m:4s)

Analysis results written to: 
  IQ-TREE report:                cluster3236rr.1to1ortho.fa.aln-cln_gene986.fa.iqtree
  Maximum-likelihood tree:       cluster3236rr.1to1ortho.fa.aln-cln_gene986.fa.treefile
  Likelihood distances:          cluster3236rr.1to1ortho.fa.aln-cln_gene986.fa.mldist
  Screen log file:               cluster3236rr.1to1ortho.fa.aln-cln_gene986.fa.log

Date and Time: Mon Nov 25 10:25:01 2019
