IQ-TREE multicore version 1.6.11 for Mac OS X 64-bit built Jul 12 2019
Developed by Bui Quang Minh, Nguyen Lam Tung, Olga Chernomor,
Heiko Schmidt, Dominik Schrempf, Michael Woodhams.

Host:    slpc437 (AVX2, FMA3, 16 GB RAM)
Command: iqtree -s cluster2760rr.1to1ortho.fa.aln-cln_gene789.fa -nt 4 -m GTR+G -alrt 1000
Seed:    545540 (Using SPRNG - Scalable Parallel Random Number Generator)
Time:    Mon Nov 25 10:12:06 2019
Kernel:  AVX+FMA - 4 threads (6 CPU cores detected)

Reading alignment file cluster2760rr.1to1ortho.fa.aln-cln_gene789.fa ... Fasta format detected
Alignment most likely contains DNA/RNA sequences
Alignment has 13 sequences with 811 columns, 383 distinct patterns
246 parsimony-informative, 144 singleton sites, 421 constant sites
           Gap/Ambiguity  Composition  p-value
   1  DrolusSFB    0.00%    passed     59.48%
   2  Dino        12.45%    passed     77.89%
   3  MJM3360     11.84%    passed     87.97%
   4  DrobinSFB   15.41%    passed     91.20%
   5  Neam         1.23%    passed     54.04%
   6  RuprSFB      8.26%    passed     96.81%
   7  Retr        20.35%    passed     81.87%
   8  Beta        19.61%    passed     44.62%
   9  Spol        19.98%    passed     27.54%
  10  MJM1652     12.45%    passed     94.09%
  11  NepSFB       0.37%    passed     42.21%
  12  WPYJ        21.58%    passed     84.55%
  13  MJM2940      0.00%    passed     67.30%
****  TOTAL       11.04%  0 sequences failed composition chi2 test (p-value<5%; df=3)

Create initial parsimony tree by phylogenetic likelihood library (PLL)... 0.001 seconds

NOTE: 0 MB RAM (0 GB) is required!
WARNING: Number of threads seems too high for short alignments. Use -nt AUTO to determine best number of threads.
Estimate model parameters (epsilon = 0.100)
1. Initial log-likelihood: -5030.762
2. Current log-likelihood: -4841.268
3. Current log-likelihood: -4839.838
Optimal log-likelihood: -4839.828
Rate parameters:  A-C: 1.08909  A-G: 4.41814  A-T: 2.01534  C-G: 1.25900  C-T: 4.97843  G-T: 1.00000
Base frequencies:  A: 0.255  C: 0.225  G: 0.243  T: 0.277
Gamma shape alpha: 0.477
Parameters optimization took 3 rounds (0.030 sec)
Computing ML distances based on estimated model parameters... 0.001 sec
Computing BIONJ tree...
0.002 seconds
Log-likelihood of BIONJ tree: -4839.993
--------------------------------------------------------------------
|             INITIALIZING CANDIDATE TREE SET                      |
--------------------------------------------------------------------
Generating 98 parsimony trees... 0.071 second
Computing log-likelihood of 97 initial trees ... 0.398 seconds
Current best score: -4839.828

Do NNI search on 20 best initial trees
Estimate model parameters (epsilon = 0.100)
BETTER TREE FOUND at iteration 1: -4839.827
Iteration 10 / LogL: -4839.842 / Time: 0h:0m:0s
Iteration 20 / LogL: -4839.858 / Time: 0h:0m:1s
Finish initializing candidate tree set (2)
Current best tree score: -4839.827 / CPU time: 0.990
Number of iterations: 20
--------------------------------------------------------------------
|               OPTIMIZING CANDIDATE TREE SET                      |
--------------------------------------------------------------------
Iteration 30 / LogL: -4846.767 / Time: 0h:0m:1s (0h:0m:3s left)
Iteration 40 / LogL: -4840.001 / Time: 0h:0m:1s (0h:0m:2s left)
Iteration 50 / LogL: -4846.815 / Time: 0h:0m:2s (0h:0m:2s left)
Iteration 60 / LogL: -4844.263 / Time: 0h:0m:2s (0h:0m:1s left)
Iteration 70 / LogL: -4839.829 / Time: 0h:0m:2s (0h:0m:1s left)
Iteration 80 / LogL: -4839.836 / Time: 0h:0m:3s (0h:0m:0s left)
Iteration 90 / LogL: -4844.210 / Time: 0h:0m:3s (0h:0m:0s left)
Iteration 100 / LogL: -4840.013 / Time: 0h:0m:3s (0h:0m:0s left)
TREE SEARCH COMPLETED AFTER 102 ITERATIONS / Time: 0h:0m:4s

--------------------------------------------------------------------
|                    FINALIZING TREE SEARCH                        |
--------------------------------------------------------------------
Performs final model parameters optimization
Estimate model parameters (epsilon = 0.010)
1. Initial log-likelihood: -4839.827
Optimal log-likelihood: -4839.827
Rate parameters:  A-C: 1.08892  A-G: 4.41967  A-T: 2.01442  C-G: 1.25811  C-T: 4.97744  G-T: 1.00000
Base frequencies:  A: 0.255  C: 0.225  G: 0.243  T: 0.277
Gamma shape alpha: 0.477
Parameters optimization took 1 rounds (0.004 sec)
BEST SCORE FOUND : -4839.827

Testing tree branches by SH-like aLRT with 1000 replicates...
0.054 sec.
Total tree length: 1.595

Total number of iterations: 102
CPU time used for tree search: 3.854 sec (0h:0m:3s)
Wall-clock time used for tree search: 3.968 sec (0h:0m:3s)
Total CPU time used: 4.097 sec (0h:0m:4s)
Total wall-clock time used: 4.076 sec (0h:0m:4s)

Analysis results written to: 
  IQ-TREE report:                cluster2760rr.1to1ortho.fa.aln-cln_gene789.fa.iqtree
  Maximum-likelihood tree:       cluster2760rr.1to1ortho.fa.aln-cln_gene789.fa.treefile
  Likelihood distances:          cluster2760rr.1to1ortho.fa.aln-cln_gene789.fa.mldist
  Screen log file:               cluster2760rr.1to1ortho.fa.aln-cln_gene789.fa.log

Date and Time: Mon Nov 25 10:12:10 2019
