IQ-TREE multicore version 1.6.11 for Mac OS X 64-bit built Jul 12 2019
Developed by Bui Quang Minh, Nguyen Lam Tung, Olga Chernomor,
Heiko Schmidt, Dominik Schrempf, Michael Woodhams.

Host:    slpc437 (AVX2, FMA3, 16 GB RAM)
Command: iqtree -s cluster3705rr.1to1ortho.fa.aln-cln_gene530.fa -nt 4 -m GTR+G -alrt 1000
Seed:    530010 (Using SPRNG - Scalable Parallel Random Number Generator)
Time:    Mon Nov 25 10:35:20 2019
Kernel:  AVX+FMA - 4 threads (6 CPU cores detected)

Reading alignment file cluster3705rr.1to1ortho.fa.aln-cln_gene530.fa ... Fasta format detected
Alignment most likely contains DNA/RNA sequences
Alignment has 13 sequences with 1180 columns, 542 distinct patterns
407 parsimony-informative, 171 singleton sites, 601 constant sites
           Gap/Ambiguity  Composition  p-value
   1  DrolusSFB    3.14%    passed     74.67%
   2  Dino         0.00%    passed     50.60%
   3  MJM3360      1.02%    passed     60.66%
   4  DrobinSFB    3.14%    passed     87.93%
   5  Neam         0.00%    passed     71.39%
   6  RuprSFB     16.10%    passed     33.10%
   7  Retr         1.19%    passed     90.97%
   8  Beta         1.27%    passed     33.80%
   9  Spol         9.66%    passed     44.26%
  10  MJM1652      0.34%    passed     81.28%
  11  NepSFB       0.00%    passed     75.94%
  12  WPYJ         1.27%    passed     57.27%
  13  MJM2940      1.02%    passed     91.03%
****  TOTAL        2.93%  0 sequences failed composition chi2 test (p-value<5%; df=3)

Create initial parsimony tree by phylogenetic likelihood library (PLL)... 0.001 seconds

NOTE: 0 MB RAM (0 GB) is required!
Estimate model parameters (epsilon = 0.100)
1. Initial log-likelihood: -7955.813
2. Current log-likelihood: -7579.578
3. Current log-likelihood: -7574.226
Optimal log-likelihood: -7574.158
Rate parameters:  A-C: 1.36912  A-G: 4.28771  A-T: 1.11347  C-G: 1.19912  C-T: 5.94092  G-T: 1.00000
Base frequencies:  A: 0.292  C: 0.213  G: 0.236  T: 0.258
Gamma shape alpha: 0.399
Parameters optimization took 3 rounds (0.038 sec)
Computing ML distances based on estimated model parameters... 0.001 sec
Computing BIONJ tree...
0.002 seconds
Log-likelihood of BIONJ tree: -7573.756
--------------------------------------------------------------------
|             INITIALIZING CANDIDATE TREE SET                      |
--------------------------------------------------------------------
Generating 98 parsimony trees... 0.082 second
Computing log-likelihood of 98 initial trees ... 0.423 seconds
Current best score: -7573.756

Do NNI search on 20 best initial trees
Estimate model parameters (epsilon = 0.100)
BETTER TREE FOUND at iteration 1: -7573.521
Iteration 10 / LogL: -7573.523 / Time: 0h:0m:0s
Iteration 20 / LogL: -7573.527 / Time: 0h:0m:1s
Finish initializing candidate tree set (1)
Current best tree score: -7573.521 / CPU time: 1.098
Number of iterations: 20
--------------------------------------------------------------------
|               OPTIMIZING CANDIDATE TREE SET                      |
--------------------------------------------------------------------
Iteration 30 / LogL: -7581.257 / Time: 0h:0m:1s (0h:0m:3s left)
UPDATE BEST LOG-LIKELIHOOD: -7573.521
Iteration 40 / LogL: -7581.261 / Time: 0h:0m:1s (0h:0m:2s left)
UPDATE BEST LOG-LIKELIHOOD: -7573.521
Iteration 50 / LogL: -7581.258 / Time: 0h:0m:2s (0h:0m:2s left)
Iteration 60 / LogL: -7581.254 / Time: 0h:0m:2s (0h:0m:1s left)
Iteration 70 / LogL: -7573.527 / Time: 0h:0m:3s (0h:0m:1s left)
Iteration 80 / LogL: -7581.258 / Time: 0h:0m:3s (0h:0m:0s left)
Iteration 90 / LogL: -7581.257 / Time: 0h:0m:3s (0h:0m:0s left)
Iteration 100 / LogL: -7581.266 / Time: 0h:0m:4s (0h:0m:0s left)
TREE SEARCH COMPLETED AFTER 102 ITERATIONS / Time: 0h:0m:4s

--------------------------------------------------------------------
|                    FINALIZING TREE SEARCH                        |
--------------------------------------------------------------------
Performs final model parameters optimization
Estimate model parameters (epsilon = 0.010)
1. Initial log-likelihood: -7573.521
Optimal log-likelihood: -7573.521
Rate parameters:  A-C: 1.36628  A-G: 4.29007  A-T: 1.11344  C-G: 1.18872  C-T: 5.94291  G-T: 1.00000
Base frequencies:  A: 0.292  C: 0.213  G: 0.236  T: 0.258
Gamma shape alpha: 0.401
Parameters optimization took 1 rounds (0.004 sec)
BEST SCORE FOUND : -7573.521

Testing tree branches by SH-like aLRT with 1000 replicates...
0.073 sec.
Total tree length: 1.697

Total number of iterations: 102
CPU time used for tree search: 4.714 sec (0h:0m:4s)
Wall-clock time used for tree search: 4.304 sec (0h:0m:4s)
Total CPU time used: 5.052 sec (0h:0m:5s)
Total wall-clock time used: 4.438 sec (0h:0m:4s)

Analysis results written to: 
  IQ-TREE report:                cluster3705rr.1to1ortho.fa.aln-cln_gene530.fa.iqtree
  Maximum-likelihood tree:       cluster3705rr.1to1ortho.fa.aln-cln_gene530.fa.treefile
  Likelihood distances:          cluster3705rr.1to1ortho.fa.aln-cln_gene530.fa.mldist
  Screen log file:               cluster3705rr.1to1ortho.fa.aln-cln_gene530.fa.log

Date and Time: Mon Nov 25 10:35:24 2019
