IQ-TREE multicore version 1.6.11 for Mac OS X 64-bit built Jul 12 2019
Developed by Bui Quang Minh, Nguyen Lam Tung, Olga Chernomor,
Heiko Schmidt, Dominik Schrempf, Michael Woodhams.

Host:    slpc437 (AVX2, FMA3, 16 GB RAM)
Command: iqtree -s cluster4159rr.1to1ortho.fa.aln-cln_gene944.fa -nt 4 -m GTR+G -alrt 1000
Seed:    239358 (Using SPRNG - Scalable Parallel Random Number Generator)
Time:    Mon Nov 25 10:44:41 2019
Kernel:  AVX+FMA - 4 threads (6 CPU cores detected)

Reading alignment file cluster4159rr.1to1ortho.fa.aln-cln_gene944.fa ... Fasta format detected
Alignment most likely contains DNA/RNA sequences
Alignment has 13 sequences with 5373 columns, 2773 distinct patterns
1927 parsimony-informative, 1291 singleton sites, 2155 constant sites
           Gap/Ambiguity  Composition  p-value
   1  DrolusSFB   61.81%    passed     25.24%
   2  Dino         8.77%    passed     68.88%
   3  MJM3360     40.50%    passed     49.46%
   4  DrobinSFB   20.12%    passed     51.21%
   5  Neam        44.54%    passed      6.19%
   6  RuprSFB      3.93%    passed     68.79%
   7  Retr        83.57%    passed     51.42%
   8  Beta         3.83%    passed     70.34%
   9  Spol         9.77%    passed     22.40%
  10  MJM1652      8.99%    passed     55.73%
  11  NepSFB      12.02%    passed     63.91%
  12  WPYJ        82.69%    passed     93.93%
  13  MJM2940     15.54%    passed     96.28%
WARNING: 3 sequences contain more than 50% gaps/ambiguity
****  TOTAL       30.47%  0 sequences failed composition chi2 test (p-value<5%; df=3)

Create initial parsimony tree by phylogenetic likelihood library (PLL)... 0.003 seconds

NOTE: 4 MB RAM (0 GB) is required!
Estimate model parameters (epsilon = 0.100)
1. Initial log-likelihood: -34003.037
2. Current log-likelihood: -32523.419
3. Current log-likelihood: -32518.141
Optimal log-likelihood: -32518.079
Rate parameters:  A-C: 1.50883  A-G: 3.70855  A-T: 1.38650  C-G: 1.43890  C-T: 5.09789  G-T: 1.00000
Base frequencies:  A: 0.285  C: 0.178  G: 0.257  T: 0.280
Gamma shape alpha: 0.882
Parameters optimization took 3 rounds (0.091 sec)
Computing ML distances based on estimated model parameters... 0.003 sec
WARNING: Some pairwise ML distances are too long (saturated)
Computing BIONJ tree...
0.002 seconds
Log-likelihood of BIONJ tree: -32518.790
--------------------------------------------------------------------
|             INITIALIZING CANDIDATE TREE SET                      |
--------------------------------------------------------------------
Generating 98 parsimony trees... 0.249 second
Computing log-likelihood of 98 initial trees ... 0.747 seconds
Current best score: -32518.079

Do NNI search on 20 best initial trees
Estimate model parameters (epsilon = 0.100)
BETTER TREE FOUND at iteration 1: -32513.759
Iteration 10 / LogL: -32513.766 / Time: 0h:0m:1s
Iteration 20 / LogL: -32513.760 / Time: 0h:0m:2s
Finish initializing candidate tree set (2)
Current best tree score: -32513.759 / CPU time: 2.072
Number of iterations: 20
--------------------------------------------------------------------
|               OPTIMIZING CANDIDATE TREE SET                      |
--------------------------------------------------------------------
Iteration 30 / LogL: -32514.894 / Time: 0h:0m:2s (0h:0m:7s left)
Iteration 40 / LogL: -32514.118 / Time: 0h:0m:3s (0h:0m:5s left)
Iteration 50 / LogL: -32551.457 / Time: 0h:0m:4s (0h:0m:4s left)
Iteration 60 / LogL: -32514.051 / Time: 0h:0m:5s (0h:0m:3s left)
Iteration 70 / LogL: -32513.937 / Time: 0h:0m:5s (0h:0m:2s left)
Iteration 80 / LogL: -32562.130 / Time: 0h:0m:6s (0h:0m:1s left)
Iteration 90 / LogL: -32513.893 / Time: 0h:0m:7s (0h:0m:0s left)
Iteration 100 / LogL: -32513.923 / Time: 0h:0m:8s (0h:0m:0s left)
TREE SEARCH COMPLETED AFTER 102 ITERATIONS / Time: 0h:0m:8s

--------------------------------------------------------------------
|                    FINALIZING TREE SEARCH                        |
--------------------------------------------------------------------
Performs final model parameters optimization
Estimate model parameters (epsilon = 0.010)
1. Initial log-likelihood: -32513.759
Optimal log-likelihood: -32513.757
Rate parameters:  A-C: 1.50667  A-G: 3.69925  A-T: 1.38877  C-G: 1.43325  C-T: 5.09858  G-T: 1.00000
Base frequencies:  A: 0.285  C: 0.178  G: 0.257  T: 0.280
Gamma shape alpha: 0.882
Parameters optimization took 1 rounds (0.011 sec)
BEST SCORE FOUND : -32513.757

Testing tree branches by SH-like aLRT with 1000 replicates...
0.278 sec.
Total tree length: 2.166

Total number of iterations: 102
CPU time used for tree search: 17.482 sec (0h:0m:17s)
Wall-clock time used for tree search: 8.311 sec (0h:0m:8s)
Total CPU time used: 18.912 sec (0h:0m:18s)
Total wall-clock time used: 8.730 sec (0h:0m:8s)

Analysis results written to: 
  IQ-TREE report:                cluster4159rr.1to1ortho.fa.aln-cln_gene944.fa.iqtree
  Maximum-likelihood tree:       cluster4159rr.1to1ortho.fa.aln-cln_gene944.fa.treefile
  Likelihood distances:          cluster4159rr.1to1ortho.fa.aln-cln_gene944.fa.mldist
  Screen log file:               cluster4159rr.1to1ortho.fa.aln-cln_gene944.fa.log

Date and Time: Mon Nov 25 10:44:49 2019
