IQ-TREE multicore version 1.6.11 for Mac OS X 64-bit built Jul 12 2019
Developed by Bui Quang Minh, Nguyen Lam Tung, Olga Chernomor,
Heiko Schmidt, Dominik Schrempf, Michael Woodhams.

Host:    slpc437 (AVX2, FMA3, 16 GB RAM)
Command: iqtree -s cluster4041rr.1to1ortho.fa.aln-cln_gene1081.fa -nt 4 -m GTR+G -alrt 1000
Seed:    867080 (Using SPRNG - Scalable Parallel Random Number Generator)
Time:    Mon Nov 25 10:43:42 2019
Kernel:  AVX+FMA - 4 threads (6 CPU cores detected)

Reading alignment file cluster4041rr.1to1ortho.fa.aln-cln_gene1081.fa ... Fasta format detected
Alignment most likely contains DNA/RNA sequences
Alignment has 13 sequences with 1056 columns, 537 distinct patterns
373 parsimony-informative, 183 singleton sites, 500 constant sites
           Gap/Ambiguity  Composition  p-value
   1  DrolusSFB    1.80%    passed     87.06%
   2  Dino         7.95%    passed     54.82%
   3  MJM3360     36.55%    passed     80.19%
   4  DrobinSFB    1.80%    passed     48.16%
   5  Neam         1.42%    passed     69.90%
   6  RuprSFB      1.70%    passed     87.02%
   7  Retr         0.57%    passed     95.07%
   8  Beta         0.00%    passed     58.50%
   9  Spol         0.47%    passed     98.46%
  10  MJM1652      2.18%    passed     81.21%
  11  NepSFB      11.93%    passed     86.73%
  12  WPYJ         0.85%    passed     95.59%
  13  MJM2940      1.80%    passed     80.30%
****  TOTAL        5.31%  0 sequences failed composition chi2 test (p-value<5%; df=3)

Create initial parsimony tree by phylogenetic likelihood library (PLL)... 0.001 seconds

NOTE: 0 MB RAM (0 GB) is required!
Estimate model parameters (epsilon = 0.100)
1. Initial log-likelihood: -7307.644
2. Current log-likelihood: -7081.549
3. Current log-likelihood: -7080.485
Optimal log-likelihood: -7080.471
Rate parameters:  A-C: 1.91173  A-G: 4.55306  A-T: 1.93172  C-G: 1.68022  C-T: 5.08454  G-T: 1.00000
Base frequencies:  A: 0.289  C: 0.204  G: 0.238  T: 0.269
Gamma shape alpha: 0.528
Parameters optimization took 3 rounds (0.032 sec)
Computing ML distances based on estimated model parameters... 0.001 sec
Computing BIONJ tree...
0.002 seconds
Log-likelihood of BIONJ tree: -7081.365
--------------------------------------------------------------------
|             INITIALIZING CANDIDATE TREE SET                      |
--------------------------------------------------------------------
Generating 98 parsimony trees... 0.080 second
Computing log-likelihood of 98 initial trees ... 0.421 seconds
Current best score: -7080.471

Do NNI search on 20 best initial trees
Estimate model parameters (epsilon = 0.100)
BETTER TREE FOUND at iteration 1: -7080.470
Iteration 10 / LogL: -7080.656 / Time: 0h:0m:0s
Iteration 20 / LogL: -7080.652 / Time: 0h:0m:1s
Finish initializing candidate tree set (2)
Current best tree score: -7080.470 / CPU time: 1.031
Number of iterations: 20
--------------------------------------------------------------------
|               OPTIMIZING CANDIDATE TREE SET                      |
--------------------------------------------------------------------
Iteration 30 / LogL: -7080.681 / Time: 0h:0m:1s (0h:0m:3s left)
UPDATE BEST LOG-LIKELIHOOD: -7080.470
Iteration 40 / LogL: -7080.691 / Time: 0h:0m:1s (0h:0m:2s left)
Iteration 50 / LogL: -7080.648 / Time: 0h:0m:2s (0h:0m:2s left)
Iteration 60 / LogL: -7080.868 / Time: 0h:0m:2s (0h:0m:1s left)
Iteration 70 / LogL: -7080.952 / Time: 0h:0m:3s (0h:0m:1s left)
Iteration 80 / LogL: -7080.487 / Time: 0h:0m:3s (0h:0m:0s left)
Iteration 90 / LogL: -7080.485 / Time: 0h:0m:3s (0h:0m:0s left)
Iteration 100 / LogL: -7080.514 / Time: 0h:0m:4s (0h:0m:0s left)
TREE SEARCH COMPLETED AFTER 102 ITERATIONS / Time: 0h:0m:4s

--------------------------------------------------------------------
|                    FINALIZING TREE SEARCH                        |
--------------------------------------------------------------------
Performs final model parameters optimization
Estimate model parameters (epsilon = 0.010)
1. Initial log-likelihood: -7080.470
Optimal log-likelihood: -7080.470
Rate parameters:  A-C: 1.91330  A-G: 4.55370  A-T: 1.93390  C-G: 1.68141  C-T: 5.09427  G-T: 1.00000
Base frequencies:  A: 0.289  C: 0.204  G: 0.238  T: 0.269
Gamma shape alpha: 0.528
Parameters optimization took 1 rounds (0.004 sec)
BEST SCORE FOUND : -7080.470

Testing tree branches by SH-like aLRT with 1000 replicates...
0.068 sec.
Total tree length: 1.687

Total number of iterations: 102
CPU time used for tree search: 4.644 sec (0h:0m:4s)
Wall-clock time used for tree search: 4.283 sec (0h:0m:4s)
Total CPU time used: 4.949 sec (0h:0m:4s)
Total wall-clock time used: 4.407 sec (0h:0m:4s)

Analysis results written to: 
  IQ-TREE report:                cluster4041rr.1to1ortho.fa.aln-cln_gene1081.fa.iqtree
  Maximum-likelihood tree:       cluster4041rr.1to1ortho.fa.aln-cln_gene1081.fa.treefile
  Likelihood distances:          cluster4041rr.1to1ortho.fa.aln-cln_gene1081.fa.mldist
  Screen log file:               cluster4041rr.1to1ortho.fa.aln-cln_gene1081.fa.log

Date and Time: Mon Nov 25 10:43:47 2019
