IQ-TREE multicore version 1.6.11 for Mac OS X 64-bit built Jul 12 2019
Developed by Bui Quang Minh, Nguyen Lam Tung, Olga Chernomor,
Heiko Schmidt, Dominik Schrempf, Michael Woodhams.

Host:    slpc437 (AVX2, FMA3, 16 GB RAM)
Command: iqtree -s cluster2578rr.1to1ortho.fa.aln-cln_gene843.fa -nt 4 -m GTR+G -alrt 1000
Seed:    59848 (Using SPRNG - Scalable Parallel Random Number Generator)
Time:    Mon Nov 25 10:08:25 2019
Kernel:  AVX+FMA - 4 threads (6 CPU cores detected)

Reading alignment file cluster2578rr.1to1ortho.fa.aln-cln_gene843.fa ... Fasta format detected
Alignment most likely contains DNA/RNA sequences
Alignment has 13 sequences with 1323 columns, 472 distinct patterns
362 parsimony-informative, 151 singleton sites, 810 constant sites
           Gap/Ambiguity  Composition  p-value
   1  DrolusSFB    0.00%    passed     86.27%
   2  Dino         0.00%    passed     98.65%
   3  MJM3360      0.23%    passed     84.60%
   4  DrobinSFB    0.45%    passed     63.76%
   5  Neam         0.23%    passed     93.38%
   6  RuprSFB      0.23%    passed     94.51%
   7  Retr        46.56%    passed     75.20%
   8  Beta         0.23%    passed     98.13%
   9  Spol         0.23%    passed     87.53%
  10  MJM1652      0.00%    passed     96.68%
  11  NepSFB       1.59%    passed     86.30%
  12  WPYJ         0.45%    passed     99.75%
  13  MJM2940      0.15%    passed     83.38%
****  TOTAL        3.87%  0 sequences failed composition chi2 test (p-value<5%; df=3)

Create initial parsimony tree by phylogenetic likelihood library (PLL)... 0.001 seconds

NOTE: 0 MB RAM (0 GB) is required!
Estimate model parameters (epsilon = 0.100)
1. Initial log-likelihood: -7284.727
2. Current log-likelihood: -6816.721
3. Current log-likelihood: -6801.325
4. Current log-likelihood: -6801.108
Optimal log-likelihood: -6801.099
Rate parameters:  A-C: 2.14322  A-G: 6.27383  A-T: 1.55656  C-G: 1.25941  C-T: 13.10248  G-T: 1.00000
Base frequencies:  A: 0.344  C: 0.164  G: 0.241  T: 0.250
Gamma shape alpha: 0.299
Parameters optimization took 4 rounds (0.048 sec)
Computing ML distances based on estimated model parameters... 0.001 sec
Computing BIONJ tree...
0.002 seconds
Log-likelihood of BIONJ tree: -6805.434
--------------------------------------------------------------------
|             INITIALIZING CANDIDATE TREE SET                      |
--------------------------------------------------------------------
Generating 98 parsimony trees... 0.078 second
Computing log-likelihood of 96 initial trees ... 0.392 seconds
Current best score: -6799.335

Do NNI search on 20 best initial trees
Estimate model parameters (epsilon = 0.100)
BETTER TREE FOUND at iteration 1: -6798.930
Estimate model parameters (epsilon = 0.100)
BETTER TREE FOUND at iteration 7: -6798.790
Iteration 10 / LogL: -6800.117 / Time: 0h:0m:0s
Iteration 20 / LogL: -6799.936 / Time: 0h:0m:1s
Finish initializing candidate tree set (3)
Current best tree score: -6798.790 / CPU time: 1.117
Number of iterations: 20
--------------------------------------------------------------------
|               OPTIMIZING CANDIDATE TREE SET                      |
--------------------------------------------------------------------
Iteration 30 / LogL: -6847.627 / Time: 0h:0m:1s (0h:0m:4s left)
Iteration 40 / LogL: -6799.944 / Time: 0h:0m:2s (0h:0m:3s left)
Iteration 50 / LogL: -6847.843 / Time: 0h:0m:2s (0h:0m:2s left)
Iteration 60 / LogL: -6798.800 / Time: 0h:0m:2s (0h:0m:2s left)
Iteration 70 / LogL: -6798.940 / Time: 0h:0m:3s (0h:0m:1s left)
Iteration 80 / LogL: -6798.796 / Time: 0h:0m:3s (0h:0m:1s left)
Iteration 90 / LogL: -6798.819 / Time: 0h:0m:4s (0h:0m:0s left)
Iteration 100 / LogL: -6798.796 / Time: 0h:0m:4s (0h:0m:0s left)
TREE SEARCH COMPLETED AFTER 108 ITERATIONS / Time: 0h:0m:4s

--------------------------------------------------------------------
|                    FINALIZING TREE SEARCH                        |
--------------------------------------------------------------------
Performs final model parameters optimization
Estimate model parameters (epsilon = 0.010)
1. Initial log-likelihood: -6798.790
Optimal log-likelihood: -6798.788
Rate parameters:  A-C: 2.12493  A-G: 6.29329  A-T: 1.56312  C-G: 1.26170  C-T: 13.20158  G-T: 1.00000
Base frequencies:  A: 0.344  C: 0.164  G: 0.241  T: 0.250
Gamma shape alpha: 0.298
Parameters optimization took 1 rounds (0.004 sec)
BEST SCORE FOUND : -6798.788

Testing tree branches by SH-like aLRT with 1000 replicates...
0.079 sec.
Total tree length: 1.248

Total number of iterations: 108
CPU time used for tree search: 4.827 sec (0h:0m:4s)
Wall-clock time used for tree search: 4.670 sec (0h:0m:4s)
Total CPU time used: 5.199 sec (0h:0m:5s)
Total wall-clock time used: 4.820 sec (0h:0m:4s)

Analysis results written to: 
  IQ-TREE report:                cluster2578rr.1to1ortho.fa.aln-cln_gene843.fa.iqtree
  Maximum-likelihood tree:       cluster2578rr.1to1ortho.fa.aln-cln_gene843.fa.treefile
  Likelihood distances:          cluster2578rr.1to1ortho.fa.aln-cln_gene843.fa.mldist
  Screen log file:               cluster2578rr.1to1ortho.fa.aln-cln_gene843.fa.log

Date and Time: Mon Nov 25 10:08:29 2019
