IQ-TREE multicore version 1.6.11 for Mac OS X 64-bit built Jul 12 2019
Developed by Bui Quang Minh, Nguyen Lam Tung, Olga Chernomor,
Heiko Schmidt, Dominik Schrempf, Michael Woodhams.

Host:    slpc437 (AVX2, FMA3, 16 GB RAM)
Command: iqtree -s cluster4548rr.1to1ortho.fa.aln-cln_gene1051.fa -nt 4 -m GTR+G -alrt 1000
Seed:    789554 (Using SPRNG - Scalable Parallel Random Number Generator)
Time:    Mon Nov 25 10:54:52 2019
Kernel:  AVX+FMA - 4 threads (6 CPU cores detected)

Reading alignment file cluster4548rr.1to1ortho.fa.aln-cln_gene1051.fa ... Fasta format detected
Alignment most likely contains DNA/RNA sequences
Alignment has 13 sequences with 798 columns, 429 distinct patterns
337 parsimony-informative, 118 singleton sites, 343 constant sites
           Gap/Ambiguity  Composition  p-value
   1  DrolusSFB    0.38%    passed     64.65%
   2  Dino         2.01%    passed     75.93%
   3  MJM3360      0.25%    passed     94.84%
   4  DrobinSFB    5.01%    passed     95.43%
   5  Neam         1.13%    passed     85.77%
   6  RuprSFB      0.00%    passed     67.71%
   7  Retr         1.50%    passed     92.85%
   8  Beta         0.75%    passed     61.82%
   9  Spol         0.75%    passed     74.92%
  10  MJM1652      0.75%    passed     46.37%
  11  NepSFB       1.13%    passed     88.34%
  12  WPYJ         3.51%    passed     81.98%
  13  MJM2940      0.88%    passed     91.94%
****  TOTAL        1.39%  0 sequences failed composition chi2 test (p-value<5%; df=3)

Create initial parsimony tree by phylogenetic likelihood library (PLL)... 0.001 seconds

NOTE: 0 MB RAM (0 GB) is required!
Estimate model parameters (epsilon = 0.100)
1. Initial log-likelihood: -5920.129
2. Current log-likelihood: -5709.984
3. Current log-likelihood: -5707.924
Optimal log-likelihood: -5707.899
Rate parameters:  A-C: 1.79285  A-G: 3.55280  A-T: 1.23854  C-G: 1.41825  C-T: 6.68811  G-T: 1.00000
Base frequencies:  A: 0.358  C: 0.163  G: 0.273  T: 0.206
Gamma shape alpha: 0.591
Parameters optimization took 3 rounds (0.030 sec)
Computing ML distances based on estimated model parameters... 0.001 sec
Computing BIONJ tree...
0.002 seconds
Log-likelihood of BIONJ tree: -5701.777
--------------------------------------------------------------------
|             INITIALIZING CANDIDATE TREE SET                      |
--------------------------------------------------------------------
Generating 98 parsimony trees... 0.071 second
Computing log-likelihood of 98 initial trees ... 0.405 seconds
Current best score: -5701.777

Do NNI search on 20 best initial trees
Estimate model parameters (epsilon = 0.100)
BETTER TREE FOUND at iteration 1: -5701.697
Iteration 10 / LogL: -5701.741 / Time: 0h:0m:0s
Iteration 20 / LogL: -5701.738 / Time: 0h:0m:1s
Finish initializing candidate tree set (2)
Current best tree score: -5701.697 / CPU time: 1.188
Number of iterations: 20
--------------------------------------------------------------------
|               OPTIMIZING CANDIDATE TREE SET                      |
--------------------------------------------------------------------
Iteration 30 / LogL: -5701.789 / Time: 0h:0m:1s (0h:0m:4s left)
Iteration 40 / LogL: -5702.076 / Time: 0h:0m:2s (0h:0m:3s left)
Iteration 50 / LogL: -5701.705 / Time: 0h:0m:2s (0h:0m:2s left)
UPDATE BEST LOG-LIKELIHOOD: -5701.697
Iteration 60 / LogL: -5701.740 / Time: 0h:0m:2s (0h:0m:2s left)
Iteration 70 / LogL: -5702.730 / Time: 0h:0m:3s (0h:0m:1s left)
Iteration 80 / LogL: -5701.713 / Time: 0h:0m:3s (0h:0m:1s left)
Iteration 90 / LogL: -5702.054 / Time: 0h:0m:4s (0h:0m:0s left)
Iteration 100 / LogL: -5702.976 / Time: 0h:0m:4s (0h:0m:0s left)
UPDATE BEST LOG-LIKELIHOOD: -5701.697
TREE SEARCH COMPLETED AFTER 102 ITERATIONS / Time: 0h:0m:4s

--------------------------------------------------------------------
|                    FINALIZING TREE SEARCH                        |
--------------------------------------------------------------------
Performs final model parameters optimization
Estimate model parameters (epsilon = 0.010)
1. Initial log-likelihood: -5701.697
Optimal log-likelihood: -5701.690
Rate parameters:  A-C: 1.82785  A-G: 3.63046  A-T: 1.31127  C-G: 1.44427  C-T: 6.96764  G-T: 1.00000
Base frequencies:  A: 0.358  C: 0.163  G: 0.273  T: 0.206
Gamma shape alpha: 0.600
Parameters optimization took 1 rounds (0.004 sec)
BEST SCORE FOUND : -5701.690

Testing tree branches by SH-like aLRT with 1000 replicates...
0.057 sec.
Total tree length: 1.850

Total number of iterations: 102
CPU time used for tree search: 4.732 sec (0h:0m:4s)
Wall-clock time used for tree search: 4.720 sec (0h:0m:4s)
Total CPU time used: 4.978 sec (0h:0m:4s)
Total wall-clock time used: 4.829 sec (0h:0m:4s)

Analysis results written to: 
  IQ-TREE report:                cluster4548rr.1to1ortho.fa.aln-cln_gene1051.fa.iqtree
  Maximum-likelihood tree:       cluster4548rr.1to1ortho.fa.aln-cln_gene1051.fa.treefile
  Likelihood distances:          cluster4548rr.1to1ortho.fa.aln-cln_gene1051.fa.mldist
  Screen log file:               cluster4548rr.1to1ortho.fa.aln-cln_gene1051.fa.log

Date and Time: Mon Nov 25 10:54:57 2019
