IQ-TREE multicore version 1.6.11 for Mac OS X 64-bit built Jul 12 2019
Developed by Bui Quang Minh, Nguyen Lam Tung, Olga Chernomor,
Heiko Schmidt, Dominik Schrempf, Michael Woodhams.

Host:    slpc437 (AVX2, FMA3, 16 GB RAM)
Command: iqtree -s cluster4947rr.1to1ortho.fa.aln-cln_gene22.fa -nt 4 -m GTR+G -alrt 1000
Seed:    180834 (Using SPRNG - Scalable Parallel Random Number Generator)
Time:    Mon Nov 25 11:02:17 2019
Kernel:  AVX+FMA - 4 threads (6 CPU cores detected)

Reading alignment file cluster4947rr.1to1ortho.fa.aln-cln_gene22.fa ... Fasta format detected
Alignment most likely contains DNA/RNA sequences
Alignment has 13 sequences with 2058 columns, 908 distinct patterns
702 parsimony-informative, 290 singleton sites, 1066 constant sites
           Gap/Ambiguity  Composition  p-value
   1  DrolusSFB   43.15%    passed     89.00%
   2  Dino         2.62%    passed     93.88%
   3  MJM3360     14.14%    passed     88.08%
   4  DrobinSFB    2.77%    passed      7.68%
   5  Neam         0.00%    passed     98.94%
   6  RuprSFB      7.77%    passed     19.09%
   7  Retr        17.78%    passed     44.24%
   8  Beta         1.26%    passed     33.08%
   9  Spol         1.26%    passed     31.98%
  10  MJM1652      4.28%    failed      0.00%
  11  NepSFB       0.00%    passed     96.00%
  12  WPYJ        67.20%    passed     52.98%
  13  MJM2940      5.49%    passed     99.88%
WARNING: 1 sequences contain more than 50% gaps/ambiguity
****  TOTAL       12.90%  1 sequences failed composition chi2 test (p-value<5%; df=3)

Create initial parsimony tree by phylogenetic likelihood library (PLL)... 0.001 seconds

NOTE: 1 MB RAM (0 GB) is required!
Estimate model parameters (epsilon = 0.100)
1. Initial log-likelihood: -12658.499
2. Current log-likelihood: -11973.472
3. Current log-likelihood: -11962.585
4. Current log-likelihood: -11962.085
Optimal log-likelihood: -11962.058
Rate parameters:  A-C: 1.94047  A-G: 4.62765  A-T: 1.29630  C-G: 1.15269  C-T: 8.42573  G-T: 1.00000
Base frequencies:  A: 0.291  C: 0.173  G: 0.261  T: 0.275
Gamma shape alpha: 0.415
Parameters optimization took 4 rounds (0.059 sec)
Computing ML distances based on estimated model parameters... 0.002 sec
Computing BIONJ tree...
0.003 seconds
Log-likelihood of BIONJ tree: -11963.170
--------------------------------------------------------------------
|             INITIALIZING CANDIDATE TREE SET                      |
--------------------------------------------------------------------
Generating 98 parsimony trees... 0.112 second
Computing log-likelihood of 98 initial trees ... 0.483 seconds
Current best score: -11958.373

Do NNI search on 20 best initial trees
Estimate model parameters (epsilon = 0.100)
BETTER TREE FOUND at iteration 1: -11956.892
Iteration 10 / LogL: -11956.986 / Time: 0h:0m:1s
Iteration 20 / LogL: -11956.909 / Time: 0h:0m:1s
Finish initializing candidate tree set (1)
Current best tree score: -11956.892 / CPU time: 1.316
Number of iterations: 20
--------------------------------------------------------------------
|               OPTIMIZING CANDIDATE TREE SET                      |
--------------------------------------------------------------------
Iteration 30 / LogL: -11957.597 / Time: 0h:0m:1s (0h:0m:4s left)
Iteration 40 / LogL: -11956.896 / Time: 0h:0m:2s (0h:0m:3s left)
Iteration 50 / LogL: -11957.315 / Time: 0h:0m:2s (0h:0m:2s left)
Iteration 60 / LogL: -11956.907 / Time: 0h:0m:3s (0h:0m:2s left)
Iteration 70 / LogL: -11957.805 / Time: 0h:0m:3s (0h:0m:1s left)
Iteration 80 / LogL: -11956.934 / Time: 0h:0m:3s (0h:0m:1s left)
Iteration 90 / LogL: -11956.933 / Time: 0h:0m:4s (0h:0m:0s left)
Iteration 100 / LogL: -11957.038 / Time: 0h:0m:4s (0h:0m:0s left)
TREE SEARCH COMPLETED AFTER 102 ITERATIONS / Time: 0h:0m:4s

--------------------------------------------------------------------
|                    FINALIZING TREE SEARCH                        |
--------------------------------------------------------------------
Performs final model parameters optimization
Estimate model parameters (epsilon = 0.010)
1. Initial log-likelihood: -11956.892
Optimal log-likelihood: -11956.889
Rate parameters:  A-C: 1.91690  A-G: 4.64240  A-T: 1.30684  C-G: 1.13142  C-T: 8.43426  G-T: 1.00000
Base frequencies:  A: 0.291  C: 0.173  G: 0.261  T: 0.275
Gamma shape alpha: 0.418
Parameters optimization took 1 rounds (0.005 sec)
BEST SCORE FOUND : -11956.889

Testing tree branches by SH-like aLRT with 1000 replicates...
0.115 sec.
Total tree length: 1.776

Total number of iterations: 102
CPU time used for tree search: 6.380 sec (0h:0m:6s)
Wall-clock time used for tree search: 4.834 sec (0h:0m:4s)
Total CPU time used: 6.952 sec (0h:0m:6s)
Total wall-clock time used: 5.037 sec (0h:0m:5s)

Analysis results written to: 
  IQ-TREE report:                cluster4947rr.1to1ortho.fa.aln-cln_gene22.fa.iqtree
  Maximum-likelihood tree:       cluster4947rr.1to1ortho.fa.aln-cln_gene22.fa.treefile
  Likelihood distances:          cluster4947rr.1to1ortho.fa.aln-cln_gene22.fa.mldist
  Screen log file:               cluster4947rr.1to1ortho.fa.aln-cln_gene22.fa.log

Date and Time: Mon Nov 25 11:02:22 2019
