IQ-TREE multicore version 1.6.11 for Mac OS X 64-bit built Jul 12 2019
Developed by Bui Quang Minh, Nguyen Lam Tung, Olga Chernomor,
Heiko Schmidt, Dominik Schrempf, Michael Woodhams.

Host:    slpc437 (AVX2, FMA3, 16 GB RAM)
Command: iqtree -s cluster2858rr.1to1ortho.fa.aln-cln_gene566.fa -nt 4 -m GTR+G -alrt 1000
Seed:    233241 (Using SPRNG - Scalable Parallel Random Number Generator)
Time:    Mon Nov 25 10:15:45 2019
Kernel:  AVX+FMA - 4 threads (6 CPU cores detected)

Reading alignment file cluster2858rr.1to1ortho.fa.aln-cln_gene566.fa ... Fasta format detected
Alignment most likely contains DNA/RNA sequences
Alignment has 13 sequences with 1362 columns, 710 distinct patterns
498 parsimony-informative, 208 singleton sites, 656 constant sites
           Gap/Ambiguity  Composition  p-value
   1  DrolusSFB    1.10%    passed     93.91%
   2  Dino         1.54%    passed     88.76%
   3  MJM3360     41.70%    passed      7.24%
   4  DrobinSFB    2.94%    passed     20.72%
   5  Neam         2.42%    passed     90.74%
   6  RuprSFB      6.02%    passed     58.53%
   7  Retr        18.43%    passed     75.53%
   8  Beta         1.32%    passed     59.31%
   9  Spol         0.81%    passed     93.12%
  10  MJM1652      1.54%    passed     53.61%
  11  NepSFB       2.42%    passed     96.30%
  12  WPYJ        19.60%    passed     49.82%
  13  MJM2940      1.10%    passed     70.20%
****  TOTAL        7.77%  0 sequences failed composition chi2 test (p-value<5%; df=3)

Create initial parsimony tree by phylogenetic likelihood library (PLL)... 0.001 seconds

NOTE: 1 MB RAM (0 GB) is required!
Estimate model parameters (epsilon = 0.100)
1. Initial log-likelihood: -9190.217
2. Current log-likelihood: -8824.596
3. Current log-likelihood: -8821.745
Optimal log-likelihood: -8821.673
Rate parameters:  A-C: 1.13053  A-G: 2.66448  A-T: 0.96033  C-G: 0.98178  C-T: 4.92150  G-T: 1.00000
Base frequencies:  A: 0.307  C: 0.196  G: 0.257  T: 0.239
Gamma shape alpha: 0.495
Parameters optimization took 3 rounds (0.037 sec)
Computing ML distances based on estimated model parameters... 0.001 sec
Computing BIONJ tree...
0.002 seconds
Log-likelihood of BIONJ tree: -8821.673
--------------------------------------------------------------------
|             INITIALIZING CANDIDATE TREE SET                      |
--------------------------------------------------------------------
Generating 99 parsimony trees... 0.086 second
Computing log-likelihood of 98 initial trees ... 0.443 seconds
Current best score: -8821.673

Do NNI search on 20 best initial trees
Estimate model parameters (epsilon = 0.100)
BETTER TREE FOUND at iteration 1: -8819.815
Iteration 10 / LogL: -8819.834 / Time: 0h:0m:0s
Iteration 20 / LogL: -8819.837 / Time: 0h:0m:1s
Finish initializing candidate tree set (1)
Current best tree score: -8819.815 / CPU time: 1.102
Number of iterations: 20
--------------------------------------------------------------------
|               OPTIMIZING CANDIDATE TREE SET                      |
--------------------------------------------------------------------
Iteration 30 / LogL: -8819.881 / Time: 0h:0m:1s (0h:0m:3s left)
Iteration 40 / LogL: -8819.877 / Time: 0h:0m:1s (0h:0m:3s left)
UPDATE BEST LOG-LIKELIHOOD: -8819.815
Iteration 50 / LogL: -8819.843 / Time: 0h:0m:2s (0h:0m:2s left)
Iteration 60 / LogL: -8855.502 / Time: 0h:0m:2s (0h:0m:1s left)
Iteration 70 / LogL: -8819.869 / Time: 0h:0m:3s (0h:0m:1s left)
Iteration 80 / LogL: -8819.868 / Time: 0h:0m:3s (0h:0m:0s left)
Iteration 90 / LogL: -8819.852 / Time: 0h:0m:4s (0h:0m:0s left)
Iteration 100 / LogL: -8820.264 / Time: 0h:0m:4s (0h:0m:0s left)
TREE SEARCH COMPLETED AFTER 102 ITERATIONS / Time: 0h:0m:4s

--------------------------------------------------------------------
|                    FINALIZING TREE SEARCH                        |
--------------------------------------------------------------------
Performs final model parameters optimization
Estimate model parameters (epsilon = 0.010)
1. Initial log-likelihood: -8819.815
Optimal log-likelihood: -8819.815
Rate parameters:  A-C: 1.12076  A-G: 2.66503  A-T: 0.95291  C-G: 0.97703  C-T: 4.92390  G-T: 1.00000
Base frequencies:  A: 0.307  C: 0.196  G: 0.257  T: 0.239
Gamma shape alpha: 0.493
Parameters optimization took 1 rounds (0.005 sec)
BEST SCORE FOUND : -8819.815

Testing tree branches by SH-like aLRT with 1000 replicates...
0.085 sec.
Total tree length: 1.762

Total number of iterations: 102
CPU time used for tree search: 5.541 sec (0h:0m:5s)
Wall-clock time used for tree search: 4.610 sec (0h:0m:4s)
Total CPU time used: 5.930 sec (0h:0m:5s)
Total wall-clock time used: 4.758 sec (0h:0m:4s)

Analysis results written to: 
  IQ-TREE report:                cluster2858rr.1to1ortho.fa.aln-cln_gene566.fa.iqtree
  Maximum-likelihood tree:       cluster2858rr.1to1ortho.fa.aln-cln_gene566.fa.treefile
  Likelihood distances:          cluster2858rr.1to1ortho.fa.aln-cln_gene566.fa.mldist
  Screen log file:               cluster2858rr.1to1ortho.fa.aln-cln_gene566.fa.log

Date and Time: Mon Nov 25 10:15:50 2019
