IQ-TREE multicore version 1.6.11 for Mac OS X 64-bit built Jul 12 2019
Developed by Bui Quang Minh, Nguyen Lam Tung, Olga Chernomor,
Heiko Schmidt, Dominik Schrempf, Michael Woodhams.

Host:    slpc437 (AVX2, FMA3, 16 GB RAM)
Command: iqtree -s cluster1576rr.1to1ortho.fa.aln-cln_gene666.fa -nt 4 -m GTR+G -alrt 1000
Seed:    156699 (Using SPRNG - Scalable Parallel Random Number Generator)
Time:    Mon Nov 25 09:45:29 2019
Kernel:  AVX+FMA - 4 threads (6 CPU cores detected)

Reading alignment file cluster1576rr.1to1ortho.fa.aln-cln_gene666.fa ... Fasta format detected
Alignment most likely contains DNA/RNA sequences
Alignment has 13 sequences with 1707 columns, 873 distinct patterns
651 parsimony-informative, 308 singleton sites, 748 constant sites
           Gap/Ambiguity  Composition  p-value
   1  DrolusSFB    3.51%    passed     88.11%
   2  Dino         0.88%    passed     49.25%
   3  MJM3360     36.26%    passed     19.16%
   4  DrobinSFB    0.29%    failed      2.78%
   5  Neam         0.35%    passed     88.32%
   6  RuprSFB     21.50%    passed     50.97%
   7  Retr        46.57%    passed     12.02%
   8  Beta        21.91%    passed     68.30%
   9  Spol        22.26%    passed     55.67%
  10  MJM1652     12.60%    passed     75.85%
  11  NepSFB       0.35%    passed     75.10%
  12  WPYJ        47.16%    passed     19.50%
  13  MJM2940      3.51%    passed     66.62%
****  TOTAL       16.70%  1 sequences failed composition chi2 test (p-value<5%; df=3)

Create initial parsimony tree by phylogenetic likelihood library (PLL)... 0.001 seconds

NOTE: 1 MB RAM (0 GB) is required!
Estimate model parameters (epsilon = 0.100)
1. Initial log-likelihood: -11094.153
2. Current log-likelihood: -10747.161
3. Current log-likelihood: -10745.558
Optimal log-likelihood: -10745.538
Rate parameters:  A-C: 1.14819  A-G: 3.12098  A-T: 1.57392  C-G: 0.91596  C-T: 4.15975  G-T: 1.00000
Base frequencies:  A: 0.296  C: 0.199  G: 0.266  T: 0.239
Gamma shape alpha: 0.798
Parameters optimization took 3 rounds (0.042 sec)
Computing ML distances based on estimated model parameters... 0.002 sec
Computing BIONJ tree...
0.002 seconds
Log-likelihood of BIONJ tree: -10745.538
--------------------------------------------------------------------
|             INITIALIZING CANDIDATE TREE SET                      |
--------------------------------------------------------------------
Generating 99 parsimony trees... 0.106 second
Computing log-likelihood of 98 initial trees ... 0.479 seconds
Current best score: -10745.538

Do NNI search on 20 best initial trees
Estimate model parameters (epsilon = 0.100)
BETTER TREE FOUND at iteration 1: -10745.538
Iteration 10 / LogL: -10746.006 / Time: 0h:0m:0s
Iteration 20 / LogL: -10745.558 / Time: 0h:0m:1s
Finish initializing candidate tree set (1)
Current best tree score: -10745.538 / CPU time: 1.198
Number of iterations: 20
--------------------------------------------------------------------
|               OPTIMIZING CANDIDATE TREE SET                      |
--------------------------------------------------------------------
Iteration 30 / LogL: -10745.579 / Time: 0h:0m:1s (0h:0m:4s left)
Iteration 40 / LogL: -10745.752 / Time: 0h:0m:2s (0h:0m:3s left)
Iteration 50 / LogL: -10745.554 / Time: 0h:0m:2s (0h:0m:2s left)
Iteration 60 / LogL: -10745.549 / Time: 0h:0m:3s (0h:0m:2s left)
Iteration 70 / LogL: -10745.571 / Time: 0h:0m:3s (0h:0m:1s left)
Iteration 80 / LogL: -10745.540 / Time: 0h:0m:3s (0h:0m:1s left)
Iteration 90 / LogL: -10745.593 / Time: 0h:0m:4s (0h:0m:0s left)
Iteration 100 / LogL: -10745.550 / Time: 0h:0m:4s (0h:0m:0s left)
TREE SEARCH COMPLETED AFTER 102 ITERATIONS / Time: 0h:0m:4s

--------------------------------------------------------------------
|                    FINALIZING TREE SEARCH                        |
--------------------------------------------------------------------
Performs final model parameters optimization
Estimate model parameters (epsilon = 0.010)
1. Initial log-likelihood: -10745.538
Optimal log-likelihood: -10745.537
Rate parameters:  A-C: 1.14832  A-G: 3.12344  A-T: 1.57351  C-G: 0.91586  C-T: 4.15522  G-T: 1.00000
Base frequencies:  A: 0.296  C: 0.199  G: 0.266  T: 0.239
Gamma shape alpha: 0.798
Parameters optimization took 1 rounds (0.005 sec)
BEST SCORE FOUND : -10745.537

Testing tree branches by SH-like aLRT with 1000 replicates...
0.099 sec.
Total tree length: 1.821

Total number of iterations: 102
CPU time used for tree search: 6.182 sec (0h:0m:6s)
Wall-clock time used for tree search: 4.782 sec (0h:0m:4s)
Total CPU time used: 6.648 sec (0h:0m:6s)
Total wall-clock time used: 4.949 sec (0h:0m:4s)

Analysis results written to: 
  IQ-TREE report:                cluster1576rr.1to1ortho.fa.aln-cln_gene666.fa.iqtree
  Maximum-likelihood tree:       cluster1576rr.1to1ortho.fa.aln-cln_gene666.fa.treefile
  Likelihood distances:          cluster1576rr.1to1ortho.fa.aln-cln_gene666.fa.mldist
  Screen log file:               cluster1576rr.1to1ortho.fa.aln-cln_gene666.fa.log

Date and Time: Mon Nov 25 09:45:34 2019
