IQ-TREE multicore version 1.6.11 for Mac OS X 64-bit built Jul 12 2019
Developed by Bui Quang Minh, Nguyen Lam Tung, Olga Chernomor,
Heiko Schmidt, Dominik Schrempf, Michael Woodhams.

Host:    slpc437 (AVX2, FMA3, 16 GB RAM)
Command: iqtree -s cluster3993rr.1to1ortho.fa.aln-cln_gene973.fa -nt 4 -m GTR+G -alrt 1000
Seed:    836333 (Using SPRNG - Scalable Parallel Random Number Generator)
Time:    Mon Nov 25 10:42:37 2019
Kernel:  AVX+FMA - 4 threads (6 CPU cores detected)

Reading alignment file cluster3993rr.1to1ortho.fa.aln-cln_gene973.fa ... Fasta format detected
Alignment most likely contains DNA/RNA sequences
Alignment has 13 sequences with 2412 columns, 1305 distinct patterns
1036 parsimony-informative, 398 singleton sites, 978 constant sites
           Gap/Ambiguity  Composition  p-value
   1  DrolusSFB    1.20%    passed     86.88%
   2  Dino         0.12%    passed     68.60%
   3  MJM3360      1.08%    passed     43.55%
   4  DrobinSFB    0.37%    passed     69.32%
   5  Neam         0.00%    passed     81.58%
   6  RuprSFB      1.08%    passed     39.34%
   7  Retr        61.53%    passed     33.44%
   8  Beta         0.62%    passed     86.93%
   9  Spol         0.62%    passed     93.23%
  10  MJM1652      5.47%    passed     69.20%
  11  NepSFB       0.00%    passed     83.35%
  12  WPYJ        16.87%    passed     93.91%
  13  MJM2940      0.21%    passed     69.62%
WARNING: 1 sequences contain more than 50% gaps/ambiguity
****  TOTAL        6.86%  0 sequences failed composition chi2 test (p-value<5%; df=3)

Create initial parsimony tree by phylogenetic likelihood library (PLL)... 0.001 seconds

NOTE: 2 MB RAM (0 GB) is required!
Estimate model parameters (epsilon = 0.100)
1. Initial log-likelihood: -17895.976
2. Current log-likelihood: -17265.352
3. Current log-likelihood: -17262.249
4. Current log-likelihood: -17262.129
Optimal log-likelihood: -17262.121
Rate parameters:  A-C: 1.48809  A-G: 4.04234  A-T: 1.47084  C-G: 1.07504  C-T: 5.18184  G-T: 1.00000
Base frequencies:  A: 0.281  C: 0.198  G: 0.249  T: 0.272
Gamma shape alpha: 0.751
Parameters optimization took 4 rounds (0.053 sec)
Computing ML distances based on estimated model parameters... 0.002 sec
Computing BIONJ tree...
0.002 seconds
Log-likelihood of BIONJ tree: -17262.260
--------------------------------------------------------------------
|             INITIALIZING CANDIDATE TREE SET                      |
--------------------------------------------------------------------
Generating 98 parsimony trees... 0.137 second
Computing log-likelihood of 98 initial trees ... 0.517 seconds
Current best score: -17261.258

Do NNI search on 20 best initial trees
Estimate model parameters (epsilon = 0.100)
BETTER TREE FOUND at iteration 1: -17260.798
Iteration 10 / LogL: -17260.802 / Time: 0h:0m:1s
Iteration 20 / LogL: -17260.822 / Time: 0h:0m:1s
Finish initializing candidate tree set (1)
Current best tree score: -17260.798 / CPU time: 1.456
Number of iterations: 20
--------------------------------------------------------------------
|               OPTIMIZING CANDIDATE TREE SET                      |
--------------------------------------------------------------------
Iteration 30 / LogL: -17260.811 / Time: 0h:0m:2s (0h:0m:4s left)
Iteration 40 / LogL: -17260.896 / Time: 0h:0m:2s (0h:0m:4s left)
Iteration 50 / LogL: -17260.817 / Time: 0h:0m:3s (0h:0m:3s left)
Iteration 60 / LogL: -17260.929 / Time: 0h:0m:3s (0h:0m:2s left)
Iteration 70 / LogL: -17260.807 / Time: 0h:0m:4s (0h:0m:1s left)
Iteration 80 / LogL: -17260.896 / Time: 0h:0m:4s (0h:0m:1s left)
Iteration 90 / LogL: -17261.013 / Time: 0h:0m:5s (0h:0m:0s left)
Iteration 100 / LogL: -17260.813 / Time: 0h:0m:5s (0h:0m:0s left)
TREE SEARCH COMPLETED AFTER 102 ITERATIONS / Time: 0h:0m:5s

--------------------------------------------------------------------
|                    FINALIZING TREE SEARCH                        |
--------------------------------------------------------------------
Performs final model parameters optimization
Estimate model parameters (epsilon = 0.010)
1. Initial log-likelihood: -17260.798
Optimal log-likelihood: -17260.798
Rate parameters:  A-C: 1.49281  A-G: 4.04478  A-T: 1.46780  C-G: 1.07353  C-T: 5.17960  G-T: 1.00000
Base frequencies:  A: 0.281  C: 0.198  G: 0.249  T: 0.272
Gamma shape alpha: 0.749
Parameters optimization took 1 rounds (0.007 sec)
BEST SCORE FOUND : -17260.798

Testing tree branches by SH-like aLRT with 1000 replicates...
0.137 sec.
Total tree length: 1.893

Total number of iterations: 102
CPU time used for tree search: 8.778 sec (0h:0m:8s)
Wall-clock time used for tree search: 5.734 sec (0h:0m:5s)
Total CPU time used: 9.443 sec (0h:0m:9s)
Total wall-clock time used: 5.954 sec (0h:0m:5s)

Analysis results written to: 
  IQ-TREE report:                cluster3993rr.1to1ortho.fa.aln-cln_gene973.fa.iqtree
  Maximum-likelihood tree:       cluster3993rr.1to1ortho.fa.aln-cln_gene973.fa.treefile
  Likelihood distances:          cluster3993rr.1to1ortho.fa.aln-cln_gene973.fa.mldist
  Screen log file:               cluster3993rr.1to1ortho.fa.aln-cln_gene973.fa.log

Date and Time: Mon Nov 25 10:42:43 2019
