IQ-TREE multicore version 1.6.11 for Mac OS X 64-bit built Jul 12 2019
Developed by Bui Quang Minh, Nguyen Lam Tung, Olga Chernomor,
Heiko Schmidt, Dominik Schrempf, Michael Woodhams.

Host:    slpc437 (AVX2, FMA3, 16 GB RAM)
Command: iqtree -s cluster2057rr.1to1ortho.fa.aln-cln_gene309.fa -nt 4 -m GTR+G -alrt 1000
Seed:    591976 (Using SPRNG - Scalable Parallel Random Number Generator)
Time:    Mon Nov 25 09:55:33 2019
Kernel:  AVX+FMA - 4 threads (6 CPU cores detected)

Reading alignment file cluster2057rr.1to1ortho.fa.aln-cln_gene309.fa ... Fasta format detected
Alignment most likely contains DNA/RNA sequences
Alignment has 13 sequences with 882 columns, 465 distinct patterns
328 parsimony-informative, 130 singleton sites, 424 constant sites
           Gap/Ambiguity  Composition  p-value
   1  DrolusSFB    0.00%    passed     92.89%
   2  Dino         0.34%    passed     95.62%
   3  MJM3360      2.15%    passed     95.63%
   4  DrobinSFB    0.68%    passed     42.80%
   5  Neam        34.47%    passed     92.84%
   6  RuprSFB      1.25%    passed     95.03%
   7  Retr         0.00%    passed     94.26%
   8  Beta         0.00%    passed     76.32%
   9  Spol         0.00%    passed     78.71%
  10  MJM1652      0.34%    passed     90.31%
  11  NepSFB       0.00%    passed     99.82%
  12  WPYJ        41.61%    passed     39.38%
  13  MJM2940      0.00%    passed     98.42%
****  TOTAL        6.22%  0 sequences failed composition chi2 test (p-value<5%; df=3)

Create initial parsimony tree by phylogenetic likelihood library (PLL)... 0.000 seconds

NOTE: 0 MB RAM (0 GB) is required!
Estimate model parameters (epsilon = 0.100)
1. Initial log-likelihood: -6013.219
2. Current log-likelihood: -5767.472
3. Current log-likelihood: -5764.350
Optimal log-likelihood: -5764.304
Rate parameters:  A-C: 1.84902  A-G: 4.16515  A-T: 1.51247  C-G: 1.27092  C-T: 6.10173  G-T: 1.00000
Base frequencies:  A: 0.318  C: 0.195  G: 0.231  T: 0.256
Gamma shape alpha: 0.506
Parameters optimization took 3 rounds (0.031 sec)
Computing ML distances based on estimated model parameters... 0.001 sec
Computing BIONJ tree...
0.002 seconds
Log-likelihood of BIONJ tree: -5762.219
--------------------------------------------------------------------
|             INITIALIZING CANDIDATE TREE SET                      |
--------------------------------------------------------------------
Generating 98 parsimony trees... 0.067 second
Computing log-likelihood of 97 initial trees ... 0.437 seconds
Current best score: -5758.528

Do NNI search on 20 best initial trees
Estimate model parameters (epsilon = 0.100)
BETTER TREE FOUND at iteration 1: -5758.412
Iteration 10 / LogL: -5762.225 / Time: 0h:0m:0s
Iteration 20 / LogL: -5762.307 / Time: 0h:0m:1s
Finish initializing candidate tree set (2)
Current best tree score: -5758.412 / CPU time: 1.040
Number of iterations: 20
--------------------------------------------------------------------
|               OPTIMIZING CANDIDATE TREE SET                      |
--------------------------------------------------------------------
Iteration 30 / LogL: -5758.750 / Time: 0h:0m:1s (0h:0m:3s left)
Iteration 40 / LogL: -5760.343 / Time: 0h:0m:1s (0h:0m:2s left)
Iteration 50 / LogL: -5758.440 / Time: 0h:0m:2s (0h:0m:2s left)
Iteration 60 / LogL: -5762.286 / Time: 0h:0m:2s (0h:0m:1s left)
Iteration 70 / LogL: -5762.265 / Time: 0h:0m:2s (0h:0m:1s left)
Iteration 80 / LogL: -5762.225 / Time: 0h:0m:3s (0h:0m:0s left)
Iteration 90 / LogL: -5758.446 / Time: 0h:0m:3s (0h:0m:0s left)
Iteration 100 / LogL: -5762.283 / Time: 0h:0m:4s (0h:0m:0s left)
TREE SEARCH COMPLETED AFTER 102 ITERATIONS / Time: 0h:0m:4s

--------------------------------------------------------------------
|                    FINALIZING TREE SEARCH                        |
--------------------------------------------------------------------
Performs final model parameters optimization
Estimate model parameters (epsilon = 0.010)
1. Initial log-likelihood: -5758.412
Optimal log-likelihood: -5758.411
Rate parameters:  A-C: 1.85060  A-G: 4.15044  A-T: 1.47065  C-G: 1.23068  C-T: 6.10916  G-T: 1.00000
Base frequencies:  A: 0.318  C: 0.195  G: 0.231  T: 0.256
Gamma shape alpha: 0.510
Parameters optimization took 1 rounds (0.004 sec)
BEST SCORE FOUND : -5758.411

Testing tree branches by SH-like aLRT with 1000 replicates...
0.058 sec.
Total tree length: 1.694

Total number of iterations: 102
CPU time used for tree search: 4.204 sec (0h:0m:4s)
Wall-clock time used for tree search: 4.087 sec (0h:0m:4s)
Total CPU time used: 4.466 sec (0h:0m:4s)
Total wall-clock time used: 4.199 sec (0h:0m:4s)

Analysis results written to: 
  IQ-TREE report:                cluster2057rr.1to1ortho.fa.aln-cln_gene309.fa.iqtree
  Maximum-likelihood tree:       cluster2057rr.1to1ortho.fa.aln-cln_gene309.fa.treefile
  Likelihood distances:          cluster2057rr.1to1ortho.fa.aln-cln_gene309.fa.mldist
  Screen log file:               cluster2057rr.1to1ortho.fa.aln-cln_gene309.fa.log

Date and Time: Mon Nov 25 09:55:37 2019
