IQ-TREE multicore version 1.6.11 for Mac OS X 64-bit built Jul 12 2019
Developed by Bui Quang Minh, Nguyen Lam Tung, Olga Chernomor,
Heiko Schmidt, Dominik Schrempf, Michael Woodhams.

Host:    slpc437 (AVX2, FMA3, 16 GB RAM)
Command: iqtree -s cluster3786rr.1to1ortho.fa.aln-cln_gene909.fa -nt 4 -m GTR+G -alrt 1000
Seed:    220439 (Using SPRNG - Scalable Parallel Random Number Generator)
Time:    Mon Nov 25 10:36:58 2019
Kernel:  AVX+FMA - 4 threads (6 CPU cores detected)

Reading alignment file cluster3786rr.1to1ortho.fa.aln-cln_gene909.fa ... Fasta format detected
Alignment most likely contains DNA/RNA sequences
Alignment has 13 sequences with 1357 columns, 728 distinct patterns
531 parsimony-informative, 214 singleton sites, 612 constant sites
           Gap/Ambiguity  Composition  p-value
   1  DrolusSFB    4.13%    passed     17.18%
   2  Dino        29.03%    passed     23.09%
   3  MJM3360     19.97%    failed      2.07%
   4  DrobinSFB   18.05%    failed      0.42%
   5  Neam         0.22%    passed     15.00%
   6  RuprSFB     42.00%    passed      9.81%
   7  Retr        50.92%    failed      0.00%
   8  Beta         1.84%    passed     61.36%
   9  Spol         1.40%    passed     66.73%
  10  MJM1652     28.81%    passed     71.45%
  11  NepSFB       1.18%    passed      8.11%
  12  WPYJ         9.14%    failed      0.96%
  13  MJM2940      3.61%    passed     65.47%
WARNING: 1 sequences contain more than 50% gaps/ambiguity
****  TOTAL       16.18%  4 sequences failed composition chi2 test (p-value<5%; df=3)

Create initial parsimony tree by phylogenetic likelihood library (PLL)... 0.001 seconds

NOTE: 1 MB RAM (0 GB) is required!
Estimate model parameters (epsilon = 0.100)
1. Initial log-likelihood: -9391.996
2. Current log-likelihood: -8991.815
3. Current log-likelihood: -8986.695
4. Current log-likelihood: -8986.519
Optimal log-likelihood: -8986.514
Rate parameters:  A-C: 1.50950  A-G: 4.58634  A-T: 1.10492  C-G: 1.26470  C-T: 4.76038  G-T: 1.00000
Base frequencies:  A: 0.233  C: 0.219  G: 0.275  T: 0.272
Gamma shape alpha: 0.504
Parameters optimization took 4 rounds (0.064 sec)
Computing ML distances based on estimated model parameters... 0.001 sec
Computing BIONJ tree...
0.002 seconds
Log-likelihood of BIONJ tree: -8991.612
--------------------------------------------------------------------
|             INITIALIZING CANDIDATE TREE SET                      |
--------------------------------------------------------------------
Generating 98 parsimony trees... 0.093 second
Computing log-likelihood of 97 initial trees ... 0.448 seconds
Current best score: -8986.514

Do NNI search on 20 best initial trees
Estimate model parameters (epsilon = 0.100)
BETTER TREE FOUND at iteration 1: -8986.513
Iteration 10 / LogL: -8986.522 / Time: 0h:0m:0s
Iteration 20 / LogL: -8986.549 / Time: 0h:0m:1s
Finish initializing candidate tree set (2)
Current best tree score: -8986.513 / CPU time: 1.117
Number of iterations: 20
--------------------------------------------------------------------
|               OPTIMIZING CANDIDATE TREE SET                      |
--------------------------------------------------------------------
Iteration 30 / LogL: -8986.546 / Time: 0h:0m:1s (0h:0m:3s left)
Iteration 40 / LogL: -8988.953 / Time: 0h:0m:2s (0h:0m:3s left)
Iteration 50 / LogL: -8987.172 / Time: 0h:0m:2s (0h:0m:2s left)
UPDATE BEST LOG-LIKELIHOOD: -8986.513
Iteration 60 / LogL: -8986.524 / Time: 0h:0m:2s (0h:0m:2s left)
Iteration 70 / LogL: -8987.193 / Time: 0h:0m:3s (0h:0m:1s left)
Iteration 80 / LogL: -8986.595 / Time: 0h:0m:3s (0h:0m:0s left)
Iteration 90 / LogL: -9005.975 / Time: 0h:0m:4s (0h:0m:0s left)
Iteration 100 / LogL: -9006.001 / Time: 0h:0m:4s (0h:0m:0s left)
TREE SEARCH COMPLETED AFTER 102 ITERATIONS / Time: 0h:0m:4s

--------------------------------------------------------------------
|                    FINALIZING TREE SEARCH                        |
--------------------------------------------------------------------
Performs final model parameters optimization
Estimate model parameters (epsilon = 0.010)
1. Initial log-likelihood: -8986.513
Optimal log-likelihood: -8986.512
Rate parameters:  A-C: 1.51282  A-G: 4.59772  A-T: 1.10748  C-G: 1.26788  C-T: 4.76823  G-T: 1.00000
Base frequencies:  A: 0.233  C: 0.219  G: 0.275  T: 0.272
Gamma shape alpha: 0.504
Parameters optimization took 1 rounds (0.005 sec)
BEST SCORE FOUND : -8986.512

Testing tree branches by SH-like aLRT with 1000 replicates...
0.081 sec.
Total tree length: 2.247

Total number of iterations: 102
CPU time used for tree search: 5.342 sec (0h:0m:5s)
Wall-clock time used for tree search: 4.405 sec (0h:0m:4s)
Total CPU time used: 5.789 sec (0h:0m:5s)
Total wall-clock time used: 4.577 sec (0h:0m:4s)

Analysis results written to: 
  IQ-TREE report:                cluster3786rr.1to1ortho.fa.aln-cln_gene909.fa.iqtree
  Maximum-likelihood tree:       cluster3786rr.1to1ortho.fa.aln-cln_gene909.fa.treefile
  Likelihood distances:          cluster3786rr.1to1ortho.fa.aln-cln_gene909.fa.mldist
  Screen log file:               cluster3786rr.1to1ortho.fa.aln-cln_gene909.fa.log

Date and Time: Mon Nov 25 10:37:02 2019
