IQ-TREE multicore version 1.6.11 for Mac OS X 64-bit built Jul 12 2019
Developed by Bui Quang Minh, Nguyen Lam Tung, Olga Chernomor,
Heiko Schmidt, Dominik Schrempf, Michael Woodhams.

Host:    slpc437 (AVX2, FMA3, 16 GB RAM)
Command: iqtree -s cluster3207rr.1to1ortho.fa.aln-cln_gene1115.fa -nt 4 -m GTR+G -alrt 1000
Seed:    954396 (Using SPRNG - Scalable Parallel Random Number Generator)
Time:    Mon Nov 25 10:23:52 2019
Kernel:  AVX+FMA - 4 threads (6 CPU cores detected)

Reading alignment file cluster3207rr.1to1ortho.fa.aln-cln_gene1115.fa ... Fasta format detected
Alignment most likely contains DNA/RNA sequences
Alignment has 13 sequences with 1309 columns, 660 distinct patterns
485 parsimony-informative, 174 singleton sites, 650 constant sites
           Gap/Ambiguity  Composition  p-value
   1  DrolusSFB    0.53%    passed     95.21%
   2  Dino        33.84%    passed     77.55%
   3  MJM3360      0.08%    failed      0.02%
   4  DrobinSFB    1.38%    passed      9.45%
   5  Neam         0.53%    passed     92.25%
   6  RuprSFB     27.50%    passed      5.10%
   7  Retr        45.99%    passed     16.57%
   8  Beta         0.99%    passed     24.52%
   9  Spol         2.22%    passed     65.95%
  10  MJM1652      1.60%    passed     23.99%
  11  NepSFB       0.53%    passed     91.47%
  12  WPYJ         5.42%    failed      4.29%
  13  MJM2940     32.39%    passed     43.38%
****  TOTAL       11.77%  2 sequences failed composition chi2 test (p-value<5%; df=3)

Create initial parsimony tree by phylogenetic likelihood library (PLL)... 0.001 seconds

NOTE: 1 MB RAM (0 GB) is required!
Estimate model parameters (epsilon = 0.100)
1. Initial log-likelihood: -8684.541
2. Current log-likelihood: -8334.162
3. Current log-likelihood: -8328.262
4. Current log-likelihood: -8327.902
Optimal log-likelihood: -8327.869
Rate parameters:  A-C: 2.44518  A-G: 2.66298  A-T: 1.25236  C-G: 1.36031  C-T: 8.67217  G-T: 1.00000
Base frequencies:  A: 0.312  C: 0.168  G: 0.348  T: 0.173
Gamma shape alpha: 0.429
Parameters optimization took 4 rounds (0.046 sec)
Computing ML distances based on estimated model parameters... 0.001 sec
Computing BIONJ tree...
0.002 seconds
Log-likelihood of BIONJ tree: -8335.627
--------------------------------------------------------------------
|             INITIALIZING CANDIDATE TREE SET                      |
--------------------------------------------------------------------
Generating 98 parsimony trees... 0.091 second
Computing log-likelihood of 98 initial trees ... 0.452 seconds
Current best score: -8327.869

Do NNI search on 20 best initial trees
Estimate model parameters (epsilon = 0.100)
BETTER TREE FOUND at iteration 1: -8327.134
Iteration 10 / LogL: -8327.152 / Time: 0h:0m:0s
Iteration 20 / LogL: -8327.165 / Time: 0h:0m:1s
Finish initializing candidate tree set (3)
Current best tree score: -8327.134 / CPU time: 1.104
Number of iterations: 20
--------------------------------------------------------------------
|               OPTIMIZING CANDIDATE TREE SET                      |
--------------------------------------------------------------------
Iteration 30 / LogL: -8327.141 / Time: 0h:0m:1s (0h:0m:4s left)
Iteration 40 / LogL: -8330.091 / Time: 0h:0m:2s (0h:0m:3s left)
Iteration 50 / LogL: -8329.939 / Time: 0h:0m:2s (0h:0m:2s left)
Iteration 60 / LogL: -8327.154 / Time: 0h:0m:3s (0h:0m:2s left)
Iteration 70 / LogL: -8329.269 / Time: 0h:0m:3s (0h:0m:1s left)
Iteration 80 / LogL: -8334.850 / Time: 0h:0m:3s (0h:0m:1s left)
Iteration 90 / LogL: -8327.463 / Time: 0h:0m:4s (0h:0m:0s left)
Iteration 100 / LogL: -8351.309 / Time: 0h:0m:4s (0h:0m:0s left)
TREE SEARCH COMPLETED AFTER 102 ITERATIONS / Time: 0h:0m:4s

--------------------------------------------------------------------
|                    FINALIZING TREE SEARCH                        |
--------------------------------------------------------------------
Performs final model parameters optimization
Estimate model parameters (epsilon = 0.010)
1. Initial log-likelihood: -8327.134
Optimal log-likelihood: -8327.132
Rate parameters:  A-C: 2.43175  A-G: 2.66668  A-T: 1.26379  C-G: 1.35113  C-T: 8.69240  G-T: 1.00000
Base frequencies:  A: 0.312  C: 0.168  G: 0.348  T: 0.173
Gamma shape alpha: 0.425
Parameters optimization took 1 rounds (0.005 sec)
BEST SCORE FOUND : -8327.132

Testing tree branches by SH-like aLRT with 1000 replicates...
0.081 sec.
Total tree length: 2.019

Total number of iterations: 102
CPU time used for tree search: 5.617 sec (0h:0m:5s)
Wall-clock time used for tree search: 4.714 sec (0h:0m:4s)
Total CPU time used: 6.013 sec (0h:0m:6s)
Total wall-clock time used: 4.870 sec (0h:0m:4s)

Analysis results written to: 
  IQ-TREE report:                cluster3207rr.1to1ortho.fa.aln-cln_gene1115.fa.iqtree
  Maximum-likelihood tree:       cluster3207rr.1to1ortho.fa.aln-cln_gene1115.fa.treefile
  Likelihood distances:          cluster3207rr.1to1ortho.fa.aln-cln_gene1115.fa.mldist
  Screen log file:               cluster3207rr.1to1ortho.fa.aln-cln_gene1115.fa.log

Date and Time: Mon Nov 25 10:23:57 2019
