IQ-TREE multicore version 1.6.11 for Mac OS X 64-bit built Jul 12 2019
Developed by Bui Quang Minh, Nguyen Lam Tung, Olga Chernomor,
Heiko Schmidt, Dominik Schrempf, Michael Woodhams.

Host:    slpc437 (AVX2, FMA3, 16 GB RAM)
Command: iqtree -s cluster3955rr.1to1ortho.fa.aln-cln_gene1012.fa -nt 4 -m GTR+G -alrt 1000
Seed:    221832 (Using SPRNG - Scalable Parallel Random Number Generator)
Time:    Mon Nov 25 10:41:50 2019
Kernel:  AVX+FMA - 4 threads (6 CPU cores detected)

Reading alignment file cluster3955rr.1to1ortho.fa.aln-cln_gene1012.fa ... Fasta format detected
Alignment most likely contains DNA/RNA sequences
Alignment has 13 sequences with 705 columns, 347 distinct patterns
242 parsimony-informative, 119 singleton sites, 344 constant sites
           Gap/Ambiguity  Composition  p-value
   1  DrolusSFB    2.27%    passed     79.33%
   2  Dino         0.85%    passed     99.20%
   3  MJM3360      3.69%    passed     87.28%
   4  DrobinSFB    1.13%    passed     96.52%
   5  Neam         1.28%    passed     99.89%
   6  RuprSFB      4.68%    passed     67.75%
   7  Retr         0.00%    passed     90.26%
   8  Beta         0.00%    passed     77.34%
   9  Spol         1.28%    passed     94.61%
  10  MJM1652      1.70%    passed     99.78%
  11  NepSFB       1.28%    passed     99.15%
  12  WPYJ        25.11%    passed     80.57%
  13  MJM2940      0.85%    passed     81.39%
****  TOTAL        3.39%  0 sequences failed composition chi2 test (p-value<5%; df=3)

Create initial parsimony tree by phylogenetic likelihood library (PLL)... 0.001 seconds

NOTE: 0 MB RAM (0 GB) is required!
WARNING: Number of threads seems too high for short alignments. Use -nt AUTO to determine best number of threads.
Estimate model parameters (epsilon = 0.100)
1. Initial log-likelihood: -4714.589
2. Current log-likelihood: -4531.631
3. Current log-likelihood: -4530.150
Optimal log-likelihood: -4530.124
Rate parameters:  A-C: 1.53724  A-G: 4.20351  A-T: 1.54507  C-G: 1.54602  C-T: 6.53169  G-T: 1.00000
Base frequencies:  A: 0.324  C: 0.206  G: 0.235  T: 0.235
Gamma shape alpha: 0.501
Parameters optimization took 3 rounds (0.028 sec)
Computing ML distances based on estimated model parameters... 0.001 sec
Computing BIONJ tree...
0.002 seconds
Log-likelihood of BIONJ tree: -4532.063
--------------------------------------------------------------------
|             INITIALIZING CANDIDATE TREE SET                      |
--------------------------------------------------------------------
Generating 98 parsimony trees... 0.062 second
Computing log-likelihood of 95 initial trees ... 0.381 seconds
Current best score: -4530.124

Do NNI search on 20 best initial trees
Estimate model parameters (epsilon = 0.100)
BETTER TREE FOUND at iteration 1: -4529.806
Iteration 10 / LogL: -4530.197 / Time: 0h:0m:0s
Iteration 20 / LogL: -4529.813 / Time: 0h:0m:0s
Finish initializing candidate tree set (2)
Current best tree score: -4529.806 / CPU time: 0.930
Number of iterations: 20
--------------------------------------------------------------------
|               OPTIMIZING CANDIDATE TREE SET                      |
--------------------------------------------------------------------
Iteration 30 / LogL: -4529.832 / Time: 0h:0m:1s (0h:0m:3s left)
Iteration 40 / LogL: -4530.215 / Time: 0h:0m:1s (0h:0m:2s left)
Iteration 50 / LogL: -4529.819 / Time: 0h:0m:2s (0h:0m:2s left)
Iteration 60 / LogL: -4529.811 / Time: 0h:0m:2s (0h:0m:1s left)
Iteration 70 / LogL: -4530.915 / Time: 0h:0m:2s (0h:0m:1s left)
Iteration 80 / LogL: -4529.862 / Time: 0h:0m:3s (0h:0m:0s left)
Iteration 90 / LogL: -4530.195 / Time: 0h:0m:3s (0h:0m:0s left)
Iteration 100 / LogL: -4529.835 / Time: 0h:0m:4s (0h:0m:0s left)
TREE SEARCH COMPLETED AFTER 102 ITERATIONS / Time: 0h:0m:4s

--------------------------------------------------------------------
|                    FINALIZING TREE SEARCH                        |
--------------------------------------------------------------------
Performs final model parameters optimization
Estimate model parameters (epsilon = 0.010)
1. Initial log-likelihood: -4529.806
Optimal log-likelihood: -4529.806
Rate parameters:  A-C: 1.61761  A-G: 4.52500  A-T: 1.63451  C-G: 1.63451  C-T: 7.04238  G-T: 1.00000
Base frequencies:  A: 0.324  C: 0.206  G: 0.235  T: 0.235
Gamma shape alpha: 0.501
Parameters optimization took 1 rounds (0.004 sec)
BEST SCORE FOUND : -4529.806

Testing tree branches by SH-like aLRT with 1000 replicates...
0.051 sec.
Total tree length: 1.606

Total number of iterations: 102
CPU time used for tree search: 3.747 sec (0h:0m:3s)
Wall-clock time used for tree search: 4.021 sec (0h:0m:4s)
Total CPU time used: 3.964 sec (0h:0m:3s)
Total wall-clock time used: 4.123 sec (0h:0m:4s)

Analysis results written to: 
  IQ-TREE report:                cluster3955rr.1to1ortho.fa.aln-cln_gene1012.fa.iqtree
  Maximum-likelihood tree:       cluster3955rr.1to1ortho.fa.aln-cln_gene1012.fa.treefile
  Likelihood distances:          cluster3955rr.1to1ortho.fa.aln-cln_gene1012.fa.mldist
  Screen log file:               cluster3955rr.1to1ortho.fa.aln-cln_gene1012.fa.log

Date and Time: Mon Nov 25 10:41:54 2019
