IQ-TREE multicore version 1.6.11 for Mac OS X 64-bit built Jul 12 2019
Developed by Bui Quang Minh, Nguyen Lam Tung, Olga Chernomor,
Heiko Schmidt, Dominik Schrempf, Michael Woodhams.

Host:    slpc437 (AVX2, FMA3, 16 GB RAM)
Command: iqtree -s cluster2891rr.1to1ortho.fa.aln-cln_gene1166.fa -nt 4 -m GTR+G -alrt 1000
Seed:    158264 (Using SPRNG - Scalable Parallel Random Number Generator)
Time:    Mon Nov 25 10:16:32 2019
Kernel:  AVX+FMA - 4 threads (6 CPU cores detected)

Reading alignment file cluster2891rr.1to1ortho.fa.aln-cln_gene1166.fa ... Fasta format detected
Alignment most likely contains DNA/RNA sequences
Alignment has 13 sequences with 1158 columns, 549 distinct patterns
370 parsimony-informative, 193 singleton sites, 595 constant sites
           Gap/Ambiguity  Composition  p-value
   1  DrolusSFB    3.89%    passed     63.20%
   2  Dino        15.72%    passed     58.53%
   3  MJM3360     22.63%    passed     62.22%
   4  DrobinSFB   19.78%    passed     44.85%
   5  Neam         1.81%    passed     93.65%
   6  RuprSFB     22.80%    passed     75.29%
   7  Retr        21.50%    passed     67.88%
   8  Beta         5.09%    passed     80.21%
   9  Spol        11.05%    passed     23.09%
  10  MJM1652     15.20%    passed     64.95%
  11  NepSFB       1.81%    passed     94.39%
  12  WPYJ        21.76%    passed     37.74%
  13  MJM2940      3.89%    passed     72.64%
****  TOTAL       12.84%  0 sequences failed composition chi2 test (p-value<5%; df=3)

Create initial parsimony tree by phylogenetic likelihood library (PLL)... 0.001 seconds

NOTE: 0 MB RAM (0 GB) is required!
Estimate model parameters (epsilon = 0.100)
1. Initial log-likelihood: -7241.179
2. Current log-likelihood: -6962.814
3. Current log-likelihood: -6959.251
Optimal log-likelihood: -6959.196
Rate parameters:  A-C: 1.87971  A-G: 5.23548  A-T: 2.21224  C-G: 1.47004  C-T: 6.00209  G-T: 1.00000
Base frequencies:  A: 0.237  C: 0.213  G: 0.273  T: 0.277
Gamma shape alpha: 0.436
Parameters optimization took 3 rounds (0.035 sec)
Computing ML distances based on estimated model parameters... 0.001 sec
Computing BIONJ tree...
0.002 seconds
Log-likelihood of BIONJ tree: -6962.729
--------------------------------------------------------------------
|             INITIALIZING CANDIDATE TREE SET                      |
--------------------------------------------------------------------
Generating 98 parsimony trees... 0.082 second
Computing log-likelihood of 98 initial trees ... 0.428 seconds
Current best score: -6959.196

Do NNI search on 20 best initial trees
Estimate model parameters (epsilon = 0.100)
BETTER TREE FOUND at iteration 1: -6955.034
Iteration 10 / LogL: -6955.038 / Time: 0h:0m:0s
Iteration 20 / LogL: -6955.105 / Time: 0h:0m:1s
Finish initializing candidate tree set (1)
Current best tree score: -6955.034 / CPU time: 1.045
Number of iterations: 20
--------------------------------------------------------------------
|               OPTIMIZING CANDIDATE TREE SET                      |
--------------------------------------------------------------------
Iteration 30 / LogL: -6955.051 / Time: 0h:0m:1s (0h:0m:3s left)
Iteration 40 / LogL: -6955.038 / Time: 0h:0m:1s (0h:0m:3s left)
Iteration 50 / LogL: -6955.176 / Time: 0h:0m:2s (0h:0m:2s left)
Iteration 60 / LogL: -6955.058 / Time: 0h:0m:2s (0h:0m:1s left)
Iteration 70 / LogL: -6955.056 / Time: 0h:0m:3s (0h:0m:1s left)
UPDATE BEST LOG-LIKELIHOOD: -6955.034
Iteration 80 / LogL: -6955.074 / Time: 0h:0m:3s (0h:0m:0s left)
Iteration 90 / LogL: -6955.063 / Time: 0h:0m:4s (0h:0m:0s left)
Iteration 100 / LogL: -6955.099 / Time: 0h:0m:4s (0h:0m:0s left)
TREE SEARCH COMPLETED AFTER 102 ITERATIONS / Time: 0h:0m:4s

--------------------------------------------------------------------
|                    FINALIZING TREE SEARCH                        |
--------------------------------------------------------------------
Performs final model parameters optimization
Estimate model parameters (epsilon = 0.010)
1. Initial log-likelihood: -6955.034
Optimal log-likelihood: -6955.033
Rate parameters:  A-C: 1.87134  A-G: 5.24087  A-T: 2.19306  C-G: 1.47042  C-T: 6.03320  G-T: 1.00000
Base frequencies:  A: 0.237  C: 0.213  G: 0.273  T: 0.277
Gamma shape alpha: 0.437
Parameters optimization took 1 rounds (0.005 sec)
BEST SCORE FOUND : -6955.033

Testing tree branches by SH-like aLRT with 1000 replicates...
0.075 sec.
Total tree length: 1.752

Total number of iterations: 102
CPU time used for tree search: 4.918 sec (0h:0m:4s)
Wall-clock time used for tree search: 4.480 sec (0h:0m:4s)
Total CPU time used: 5.250 sec (0h:0m:5s)
Total wall-clock time used: 4.615 sec (0h:0m:4s)

Analysis results written to: 
  IQ-TREE report:                cluster2891rr.1to1ortho.fa.aln-cln_gene1166.fa.iqtree
  Maximum-likelihood tree:       cluster2891rr.1to1ortho.fa.aln-cln_gene1166.fa.treefile
  Likelihood distances:          cluster2891rr.1to1ortho.fa.aln-cln_gene1166.fa.mldist
  Screen log file:               cluster2891rr.1to1ortho.fa.aln-cln_gene1166.fa.log

Date and Time: Mon Nov 25 10:16:36 2019
