IQ-TREE multicore version 1.6.11 for Mac OS X 64-bit built Jul 12 2019
Developed by Bui Quang Minh, Nguyen Lam Tung, Olga Chernomor,
Heiko Schmidt, Dominik Schrempf, Michael Woodhams.

Host:    slpc437 (AVX2, FMA3, 16 GB RAM)
Command: iqtree -s cluster2783rr.1to1ortho.fa.aln-cln_gene695.fa -nt 4 -m GTR+G -alrt 1000
Seed:    753995 (Using SPRNG - Scalable Parallel Random Number Generator)
Time:    Mon Nov 25 10:12:56 2019
Kernel:  AVX+FMA - 4 threads (6 CPU cores detected)

Reading alignment file cluster2783rr.1to1ortho.fa.aln-cln_gene695.fa ... Fasta format detected
Alignment most likely contains DNA/RNA sequences
Alignment has 13 sequences with 714 columns, 310 distinct patterns
235 parsimony-informative, 80 singleton sites, 399 constant sites
           Gap/Ambiguity  Composition  p-value
   1  DrolusSFB    0.42%    passed     90.41%
   2  Dino         3.36%    passed     71.30%
   3  MJM3360      5.18%    passed     90.09%
   4  DrobinSFB    0.14%    passed     77.52%
   5  Neam         0.42%    passed     79.74%
   6  RuprSFB      7.00%    passed     89.91%
   7  Retr         2.10%    passed     76.92%
   8  Beta         0.42%    passed     51.80%
   9  Spol         1.68%    passed     75.49%
  10  MJM1652      0.98%    passed     75.11%
  11  NepSFB       0.42%    passed     83.05%
  12  WPYJ         2.10%    passed     85.89%
  13  MJM2940      3.08%    passed     94.38%
****  TOTAL        2.10%  0 sequences failed composition chi2 test (p-value<5%; df=3)

Create initial parsimony tree by phylogenetic likelihood library (PLL)... 0.001 seconds

NOTE: 0 MB RAM (0 GB) is required!
WARNING: Number of threads seems too high for short alignments. Use -nt AUTO to determine best number of threads.
Estimate model parameters (epsilon = 0.100)
1. Initial log-likelihood: -4538.385
2. Current log-likelihood: -4333.349
3. Current log-likelihood: -4331.578
Optimal log-likelihood: -4331.568
Rate parameters:  A-C: 1.87724  A-G: 5.59050  A-T: 2.62647  C-G: 2.01321  C-T: 8.61334  G-T: 1.00000
Base frequencies:  A: 0.254  C: 0.218  G: 0.263  T: 0.265
Gamma shape alpha: 0.344
Parameters optimization took 3 rounds (0.044 sec)
Computing ML distances based on estimated model parameters... 0.001 sec
Computing BIONJ tree...
0.002 seconds
Log-likelihood of BIONJ tree: -4330.491
--------------------------------------------------------------------
|             INITIALIZING CANDIDATE TREE SET                      |
--------------------------------------------------------------------
Generating 98 parsimony trees... 0.063 second
Computing log-likelihood of 95 initial trees ... 0.377 seconds
Current best score: -4330.491

Do NNI search on 20 best initial trees
Estimate model parameters (epsilon = 0.100)
BETTER TREE FOUND at iteration 1: -4330.460
Iteration 10 / LogL: -4330.470 / Time: 0h:0m:0s
Iteration 20 / LogL: -4330.472 / Time: 0h:0m:1s
Finish initializing candidate tree set (1)
Current best tree score: -4330.460 / CPU time: 1.012
Number of iterations: 20
--------------------------------------------------------------------
|               OPTIMIZING CANDIDATE TREE SET                      |
--------------------------------------------------------------------
Iteration 30 / LogL: -4330.686 / Time: 0h:0m:1s (0h:0m:3s left)
Iteration 40 / LogL: -4330.753 / Time: 0h:0m:1s (0h:0m:2s left)
Iteration 50 / LogL: -4330.546 / Time: 0h:0m:2s (0h:0m:2s left)
Iteration 60 / LogL: -4330.470 / Time: 0h:0m:2s (0h:0m:1s left)
Iteration 70 / LogL: -4330.470 / Time: 0h:0m:2s (0h:0m:1s left)
Iteration 80 / LogL: -4330.467 / Time: 0h:0m:3s (0h:0m:0s left)
Iteration 90 / LogL: -4330.513 / Time: 0h:0m:3s (0h:0m:0s left)
Iteration 100 / LogL: -4330.468 / Time: 0h:0m:3s (0h:0m:0s left)
TREE SEARCH COMPLETED AFTER 102 ITERATIONS / Time: 0h:0m:4s

--------------------------------------------------------------------
|                    FINALIZING TREE SEARCH                        |
--------------------------------------------------------------------
Performs final model parameters optimization
Estimate model parameters (epsilon = 0.010)
1. Initial log-likelihood: -4330.460
Optimal log-likelihood: -4330.460
Rate parameters:  A-C: 1.86979  A-G: 5.47265  A-T: 2.61929  C-G: 1.96922  C-T: 8.67967  G-T: 1.00000
Base frequencies:  A: 0.254  C: 0.218  G: 0.263  T: 0.265
Gamma shape alpha: 0.343
Parameters optimization took 1 rounds (0.004 sec)
BEST SCORE FOUND : -4330.460

Testing tree branches by SH-like aLRT with 1000 replicates...
0.052 sec.
Total tree length: 1.394

Total number of iterations: 102
CPU time used for tree search: 3.622 sec (0h:0m:3s)
Wall-clock time used for tree search: 4.000 sec (0h:0m:4s)
Total CPU time used: 3.868 sec (0h:0m:3s)
Total wall-clock time used: 4.118 sec (0h:0m:4s)

Analysis results written to: 
  IQ-TREE report:                cluster2783rr.1to1ortho.fa.aln-cln_gene695.fa.iqtree
  Maximum-likelihood tree:       cluster2783rr.1to1ortho.fa.aln-cln_gene695.fa.treefile
  Likelihood distances:          cluster2783rr.1to1ortho.fa.aln-cln_gene695.fa.mldist
  Screen log file:               cluster2783rr.1to1ortho.fa.aln-cln_gene695.fa.log

Date and Time: Mon Nov 25 10:13:00 2019
