IQ-TREE multicore version 1.6.11 for Mac OS X 64-bit built Jul 12 2019
Developed by Bui Quang Minh, Nguyen Lam Tung, Olga Chernomor,
Heiko Schmidt, Dominik Schrempf, Michael Woodhams.

Host:    slpc437 (AVX2, FMA3, 16 GB RAM)
Command: iqtree -s cluster3460rr.1to1ortho.fa.aln-cln_gene926.fa -nt 4 -m GTR+G -alrt 1000
Seed:    605389 (Using SPRNG - Scalable Parallel Random Number Generator)
Time:    Mon Nov 25 10:31:01 2019
Kernel:  AVX+FMA - 4 threads (6 CPU cores detected)

Reading alignment file cluster3460rr.1to1ortho.fa.aln-cln_gene926.fa ... Fasta format detected
Alignment most likely contains DNA/RNA sequences
Alignment has 13 sequences with 942 columns, 433 distinct patterns
324 parsimony-informative, 124 singleton sites, 494 constant sites
           Gap/Ambiguity  Composition  p-value
   1  DrolusSFB    2.55%    passed     80.84%
   2  Dino         1.17%    passed     94.11%
   3  MJM3360      1.91%    passed     82.43%
   4  DrobinSFB   16.56%    passed     23.98%
   5  Neam         0.00%    passed     96.19%
   6  RuprSFB     15.39%    passed     98.52%
   7  Retr         1.91%    passed     81.91%
   8  Beta         1.91%    passed     72.31%
   9  Spol         1.91%    passed     83.59%
  10  MJM1652      1.17%    passed     55.40%
  11  NepSFB       0.00%    passed     92.64%
  12  WPYJ         2.23%    passed     87.78%
  13  MJM2940      0.96%    passed     99.10%
****  TOTAL        3.67%  0 sequences failed composition chi2 test (p-value<5%; df=3)

Create initial parsimony tree by phylogenetic likelihood library (PLL)... 0.001 seconds

NOTE: 0 MB RAM (0 GB) is required!
Estimate model parameters (epsilon = 0.100)
1. Initial log-likelihood: -6164.306
2. Current log-likelihood: -5901.001
3. Current log-likelihood: -5898.793
Optimal log-likelihood: -5898.722
Rate parameters:  A-C: 1.39164  A-G: 3.74623  A-T: 1.20198  C-G: 1.25601  C-T: 5.36251  G-T: 1.00000
Base frequencies:  A: 0.279  C: 0.215  G: 0.226  T: 0.279
Gamma shape alpha: 0.395
Parameters optimization took 3 rounds (0.031 sec)
Computing ML distances based on estimated model parameters... 0.001 sec
Computing BIONJ tree...
0.002 seconds
Log-likelihood of BIONJ tree: -5898.721
--------------------------------------------------------------------
|             INITIALIZING CANDIDATE TREE SET                      |
--------------------------------------------------------------------
Generating 99 parsimony trees... 0.077 second
Computing log-likelihood of 99 initial trees ... 0.417 seconds
Current best score: -5898.721

Do NNI search on 20 best initial trees
Estimate model parameters (epsilon = 0.100)
BETTER TREE FOUND at iteration 1: -5895.199
Iteration 10 / LogL: -5895.226 / Time: 0h:0m:0s
Iteration 20 / LogL: -5895.204 / Time: 0h:0m:1s
Finish initializing candidate tree set (1)
Current best tree score: -5895.199 / CPU time: 1.046
Number of iterations: 20
--------------------------------------------------------------------
|               OPTIMIZING CANDIDATE TREE SET                      |
--------------------------------------------------------------------
Iteration 30 / LogL: -5895.238 / Time: 0h:0m:1s (0h:0m:3s left)
Iteration 40 / LogL: -5895.222 / Time: 0h:0m:1s (0h:0m:2s left)
Iteration 50 / LogL: -5895.202 / Time: 0h:0m:2s (0h:0m:2s left)
Iteration 60 / LogL: -5895.299 / Time: 0h:0m:2s (0h:0m:1s left)
Iteration 70 / LogL: -5895.201 / Time: 0h:0m:2s (0h:0m:1s left)
Iteration 80 / LogL: -5895.228 / Time: 0h:0m:3s (0h:0m:0s left)
UPDATE BEST LOG-LIKELIHOOD: -5895.199
Iteration 90 / LogL: -5895.309 / Time: 0h:0m:3s (0h:0m:0s left)
UPDATE BEST LOG-LIKELIHOOD: -5895.199
Iteration 100 / LogL: -5895.206 / Time: 0h:0m:3s (0h:0m:0s left)
TREE SEARCH COMPLETED AFTER 102 ITERATIONS / Time: 0h:0m:4s

--------------------------------------------------------------------
|                    FINALIZING TREE SEARCH                        |
--------------------------------------------------------------------
Performs final model parameters optimization
Estimate model parameters (epsilon = 0.010)
1. Initial log-likelihood: -5895.199
Optimal log-likelihood: -5895.198
Rate parameters:  A-C: 1.36210  A-G: 3.76489  A-T: 1.21594  C-G: 1.21495  C-T: 5.36847  G-T: 1.00000
Base frequencies:  A: 0.279  C: 0.215  G: 0.226  T: 0.279
Gamma shape alpha: 0.393
Parameters optimization took 1 rounds (0.004 sec)
BEST SCORE FOUND : -5895.198

Testing tree branches by SH-like aLRT with 1000 replicates...
0.063 sec.
Total tree length: 1.631

Total number of iterations: 102
CPU time used for tree search: 3.974 sec (0h:0m:3s)
Wall-clock time used for tree search: 3.956 sec (0h:0m:3s)
Total CPU time used: 4.245 sec (0h:0m:4s)
Total wall-clock time used: 4.074 sec (0h:0m:4s)

Analysis results written to: 
  IQ-TREE report:                cluster3460rr.1to1ortho.fa.aln-cln_gene926.fa.iqtree
  Maximum-likelihood tree:       cluster3460rr.1to1ortho.fa.aln-cln_gene926.fa.treefile
  Likelihood distances:          cluster3460rr.1to1ortho.fa.aln-cln_gene926.fa.mldist
  Screen log file:               cluster3460rr.1to1ortho.fa.aln-cln_gene926.fa.log

Date and Time: Mon Nov 25 10:31:05 2019
