IQ-TREE multicore version 1.6.11 for Mac OS X 64-bit built Jul 12 2019
Developed by Bui Quang Minh, Nguyen Lam Tung, Olga Chernomor,
Heiko Schmidt, Dominik Schrempf, Michael Woodhams.

Host:    slpc437 (AVX2, FMA3, 16 GB RAM)
Command: iqtree -s cluster2394rr.1to1ortho.fa.aln-cln_gene254.fa -nt 4 -m GTR+G -alrt 1000
Seed:    105443 (Using SPRNG - Scalable Parallel Random Number Generator)
Time:    Mon Nov 25 10:03:05 2019
Kernel:  AVX+FMA - 4 threads (6 CPU cores detected)

Reading alignment file cluster2394rr.1to1ortho.fa.aln-cln_gene254.fa ... Fasta format detected
Alignment most likely contains DNA/RNA sequences
Alignment has 13 sequences with 714 columns, 251 distinct patterns
194 parsimony-informative, 66 singleton sites, 454 constant sites
           Gap/Ambiguity  Composition  p-value
   1  DrolusSFB    0.00%    passed     97.40%
   2  Dino         0.00%    passed     93.80%
   3  MJM3360      0.00%    passed     99.87%
   4  DrobinSFB    0.00%    passed     99.33%
   5  Neam         0.00%    passed     81.35%
   6  RuprSFB      0.00%    passed     96.82%
   7  Retr         0.00%    passed     87.12%
   8  Beta         0.00%    passed     78.29%
   9  Spol         0.00%    passed     98.29%
  10  MJM1652      0.00%    passed     99.45%
  11  NepSFB       0.00%    passed     87.36%
  12  WPYJ         5.46%    passed     97.90%
  13  MJM2940      0.00%    passed     96.85%
****  TOTAL        0.42%  0 sequences failed composition chi2 test (p-value<5%; df=3)

Create initial parsimony tree by phylogenetic likelihood library (PLL)... 0.000 seconds

NOTE: 0 MB RAM (0 GB) is required!
WARNING: Number of threads seems too high for short alignments. Use -nt AUTO to determine best number of threads.
Estimate model parameters (epsilon = 0.100)
1. Initial log-likelihood: -4080.316
2. Current log-likelihood: -3819.875
3. Current log-likelihood: -3805.199
4. Current log-likelihood: -3805.006
Optimal log-likelihood: -3805.004
Rate parameters:  A-C: 2.83947  A-G: 6.28471  A-T: 2.20784  C-G: 0.85087  C-T: 10.61011  G-T: 1.00000
Base frequencies:  A: 0.265  C: 0.205  G: 0.257  T: 0.273
Gamma shape alpha: 0.233
Parameters optimization took 4 rounds (0.046 sec)
Computing ML distances based on estimated model parameters... 0.001 sec
Computing BIONJ tree...
0.002 seconds
Log-likelihood of BIONJ tree: -3805.004
--------------------------------------------------------------------
|             INITIALIZING CANDIDATE TREE SET                      |
--------------------------------------------------------------------
Generating 99 parsimony trees... 0.061 second
Computing log-likelihood of 96 initial trees ... 0.360 seconds
Current best score: -3805.004

Do NNI search on 20 best initial trees
Estimate model parameters (epsilon = 0.100)
BETTER TREE FOUND at iteration 1: -3805.003
Iteration 10 / LogL: -3805.098 / Time: 0h:0m:0s
Iteration 20 / LogL: -3805.037 / Time: 0h:0m:0s
Finish initializing candidate tree set (1)
Current best tree score: -3805.003 / CPU time: 0.872
Number of iterations: 20
--------------------------------------------------------------------
|               OPTIMIZING CANDIDATE TREE SET                      |
--------------------------------------------------------------------
UPDATE BEST LOG-LIKELIHOOD: -3805.003
Iteration 30 / LogL: -3805.117 / Time: 0h:0m:1s (0h:0m:2s left)
Iteration 40 / LogL: -3805.037 / Time: 0h:0m:1s (0h:0m:2s left)
Iteration 50 / LogL: -3805.057 / Time: 0h:0m:1s (0h:0m:1s left)
Iteration 60 / LogL: -3805.111 / Time: 0h:0m:2s (0h:0m:1s left)
Iteration 70 / LogL: -3805.080 / Time: 0h:0m:2s (0h:0m:1s left)
Iteration 80 / LogL: -3805.061 / Time: 0h:0m:2s (0h:0m:0s left)
Iteration 90 / LogL: -3805.086 / Time: 0h:0m:3s (0h:0m:0s left)
Iteration 100 / LogL: -3805.109 / Time: 0h:0m:3s (0h:0m:0s left)
TREE SEARCH COMPLETED AFTER 102 ITERATIONS / Time: 0h:0m:3s

--------------------------------------------------------------------
|                    FINALIZING TREE SEARCH                        |
--------------------------------------------------------------------
Performs final model parameters optimization
Estimate model parameters (epsilon = 0.010)
1. Initial log-likelihood: -3805.003
Optimal log-likelihood: -3805.003
Rate parameters:  A-C: 2.83285  A-G: 6.28532  A-T: 2.20906  C-G: 0.85132  C-T: 10.60147  G-T: 1.00000
Base frequencies:  A: 0.265  C: 0.205  G: 0.257  T: 0.273
Gamma shape alpha: 0.233
Parameters optimization took 1 rounds (0.003 sec)
BEST SCORE FOUND : -3805.003

Testing tree branches by SH-like aLRT with 1000 replicates...
0.048 sec.
Total tree length: 1.131

Total number of iterations: 102
CPU time used for tree search: 2.986 sec (0h:0m:2s)
Wall-clock time used for tree search: 3.471 sec (0h:0m:3s)
Total CPU time used: 3.223 sec (0h:0m:3s)
Total wall-clock time used: 3.586 sec (0h:0m:3s)

Analysis results written to: 
  IQ-TREE report:                cluster2394rr.1to1ortho.fa.aln-cln_gene254.fa.iqtree
  Maximum-likelihood tree:       cluster2394rr.1to1ortho.fa.aln-cln_gene254.fa.treefile
  Likelihood distances:          cluster2394rr.1to1ortho.fa.aln-cln_gene254.fa.mldist
  Screen log file:               cluster2394rr.1to1ortho.fa.aln-cln_gene254.fa.log

Date and Time: Mon Nov 25 10:03:08 2019
