IQ-TREE multicore version 1.6.11 for Mac OS X 64-bit built Jul 12 2019
Developed by Bui Quang Minh, Nguyen Lam Tung, Olga Chernomor,
Heiko Schmidt, Dominik Schrempf, Michael Woodhams.

Host:    slpc437 (AVX2, FMA3, 16 GB RAM)
Command: iqtree -s cluster3220rr.1to1ortho.fa.aln-cln_gene296.fa -nt 4 -m GTR+G -alrt 1000
Seed:    269983 (Using SPRNG - Scalable Parallel Random Number Generator)
Time:    Mon Nov 25 10:24:27 2019
Kernel:  AVX+FMA - 4 threads (6 CPU cores detected)

Reading alignment file cluster3220rr.1to1ortho.fa.aln-cln_gene296.fa ... Fasta format detected
Alignment most likely contains DNA/RNA sequences
Alignment has 13 sequences with 947 columns, 472 distinct patterns
325 parsimony-informative, 159 singleton sites, 463 constant sites
           Gap/Ambiguity  Composition  p-value
   1  DrolusSFB    0.32%    passed     88.18%
   2  Dino         0.00%    passed     96.15%
   3  MJM3360      7.81%    passed     43.76%
   4  DrobinSFB    2.32%    passed     93.60%
   5  Neam         0.00%    passed     82.69%
   6  RuprSFB      0.00%    passed     91.53%
   7  Retr        14.15%    passed     56.52%
   8  Beta         0.95%    passed     82.79%
   9  Spol         1.58%    passed     96.61%
  10  MJM1652      0.00%    passed     93.28%
  11  NepSFB       0.00%    passed     76.10%
  12  WPYJ        64.73%    passed     58.23%
  13  MJM2940      0.32%    passed     90.67%
WARNING: 1 sequences contain more than 50% gaps/ambiguity
****  TOTAL        7.09%  0 sequences failed composition chi2 test (p-value<5%; df=3)

Create initial parsimony tree by phylogenetic likelihood library (PLL)... 0.001 seconds

NOTE: 0 MB RAM (0 GB) is required!
Estimate model parameters (epsilon = 0.100)
1. Initial log-likelihood: -6143.624
2. Current log-likelihood: -5915.137
3. Current log-likelihood: -5913.878
Optimal log-likelihood: -5913.856
Rate parameters:  A-C: 0.74788  A-G: 3.74648  A-T: 1.30052  C-G: 1.25505  C-T: 3.76700  G-T: 1.00000
Base frequencies:  A: 0.233  C: 0.209  G: 0.239  T: 0.320
Gamma shape alpha: 0.509
Parameters optimization took 3 rounds (0.029 sec)
Computing ML distances based on estimated model parameters... 0.001 sec
Computing BIONJ tree...
0.002 seconds
Log-likelihood of BIONJ tree: -5910.046
--------------------------------------------------------------------
|             INITIALIZING CANDIDATE TREE SET                      |
--------------------------------------------------------------------
Generating 98 parsimony trees... 0.073 second
Computing log-likelihood of 98 initial trees ... 0.409 seconds
Current best score: -5910.046

Do NNI search on 20 best initial trees
Estimate model parameters (epsilon = 0.100)
BETTER TREE FOUND at iteration 1: -5910.040
Iteration 10 / LogL: -5910.055 / Time: 0h:0m:0s
Iteration 20 / LogL: -5910.056 / Time: 0h:0m:1s
Finish initializing candidate tree set (1)
Current best tree score: -5910.040 / CPU time: 0.986
Number of iterations: 20
--------------------------------------------------------------------
|               OPTIMIZING CANDIDATE TREE SET                      |
--------------------------------------------------------------------
UPDATE BEST LOG-LIKELIHOOD: -5910.039
Iteration 30 / LogL: -5910.048 / Time: 0h:0m:1s (0h:0m:3s left)
Iteration 40 / LogL: -5910.060 / Time: 0h:0m:1s (0h:0m:2s left)
Iteration 50 / LogL: -5910.191 / Time: 0h:0m:2s (0h:0m:2s left)
Iteration 60 / LogL: -5910.069 / Time: 0h:0m:2s (0h:0m:1s left)
Iteration 70 / LogL: -5910.109 / Time: 0h:0m:2s (0h:0m:1s left)
Iteration 80 / LogL: -5910.086 / Time: 0h:0m:3s (0h:0m:0s left)
Iteration 90 / LogL: -5910.047 / Time: 0h:0m:3s (0h:0m:0s left)
Iteration 100 / LogL: -5910.053 / Time: 0h:0m:4s (0h:0m:0s left)
TREE SEARCH COMPLETED AFTER 102 ITERATIONS / Time: 0h:0m:4s

--------------------------------------------------------------------
|                    FINALIZING TREE SEARCH                        |
--------------------------------------------------------------------
Performs final model parameters optimization
Estimate model parameters (epsilon = 0.010)
1. Initial log-likelihood: -5910.039
Optimal log-likelihood: -5910.039
Rate parameters:  A-C: 0.74883  A-G: 3.76622  A-T: 1.29432  C-G: 1.25362  C-T: 3.76715  G-T: 1.00000
Base frequencies:  A: 0.233  C: 0.209  G: 0.239  T: 0.320
Gamma shape alpha: 0.511
Parameters optimization took 1 rounds (0.004 sec)
BEST SCORE FOUND : -5910.039

Testing tree branches by SH-like aLRT with 1000 replicates...
0.064 sec.
Total tree length: 1.581

Total number of iterations: 102
CPU time used for tree search: 4.285 sec (0h:0m:4s)
Wall-clock time used for tree search: 4.120 sec (0h:0m:4s)
Total CPU time used: 4.560 sec (0h:0m:4s)
Total wall-clock time used: 4.237 sec (0h:0m:4s)

Analysis results written to: 
  IQ-TREE report:                cluster3220rr.1to1ortho.fa.aln-cln_gene296.fa.iqtree
  Maximum-likelihood tree:       cluster3220rr.1to1ortho.fa.aln-cln_gene296.fa.treefile
  Likelihood distances:          cluster3220rr.1to1ortho.fa.aln-cln_gene296.fa.mldist
  Screen log file:               cluster3220rr.1to1ortho.fa.aln-cln_gene296.fa.log

Date and Time: Mon Nov 25 10:24:31 2019
