IQ-TREE multicore version 1.6.11 for Mac OS X 64-bit built Jul 12 2019
Developed by Bui Quang Minh, Nguyen Lam Tung, Olga Chernomor,
Heiko Schmidt, Dominik Schrempf, Michael Woodhams.

Host:    slpc437 (AVX2, FMA3, 16 GB RAM)
Command: iqtree -s cluster2781rr.1to1ortho.fa.aln-cln_gene832.fa -nt 4 -m GTR+G -alrt 1000
Seed:    692435 (Using SPRNG - Scalable Parallel Random Number Generator)
Time:    Mon Nov 25 10:12:47 2019
Kernel:  AVX+FMA - 4 threads (6 CPU cores detected)

Reading alignment file cluster2781rr.1to1ortho.fa.aln-cln_gene832.fa ... Fasta format detected
Alignment most likely contains DNA/RNA sequences
Alignment has 13 sequences with 1386 columns, 600 distinct patterns
454 parsimony-informative, 201 singleton sites, 731 constant sites
           Gap/Ambiguity  Composition  p-value
   1  DrolusSFB    0.00%    passed     98.20%
   2  Dino         7.22%    passed     79.10%
   3  MJM3360      8.44%    passed     90.65%
   4  DrobinSFB    9.31%    passed     41.71%
   5  Neam         0.00%    passed     93.43%
   6  RuprSFB      8.51%    passed     28.93%
   7  Retr         0.00%    passed     93.50%
   8  Beta         2.67%    passed     36.89%
   9  Spol         2.53%    passed     67.16%
  10  MJM1652      7.72%    passed     78.62%
  11  NepSFB       0.00%    passed     88.40%
  12  WPYJ         0.79%    passed     95.82%
  13  MJM2940      0.00%    passed     97.88%
****  TOTAL        3.63%  0 sequences failed composition chi2 test (p-value<5%; df=3)

Create initial parsimony tree by phylogenetic likelihood library (PLL)... 0.001 seconds

NOTE: 1 MB RAM (0 GB) is required!
Estimate model parameters (epsilon = 0.100)
1. Initial log-likelihood: -8962.475
2. Current log-likelihood: -8630.869
3. Current log-likelihood: -8629.074
Optimal log-likelihood: -8629.044
Rate parameters:  A-C: 2.36241  A-G: 4.88934  A-T: 2.07295  C-G: 1.68842  C-T: 6.52957  G-T: 1.00000
Base frequencies:  A: 0.263  C: 0.205  G: 0.245  T: 0.287
Gamma shape alpha: 0.407
Parameters optimization took 3 rounds (0.036 sec)
Computing ML distances based on estimated model parameters... 0.001 sec
Computing BIONJ tree...
0.002 seconds
Log-likelihood of BIONJ tree: -8629.060
--------------------------------------------------------------------
|             INITIALIZING CANDIDATE TREE SET                      |
--------------------------------------------------------------------
Generating 98 parsimony trees... 0.079 second
Computing log-likelihood of 98 initial trees ... 0.419 seconds
Current best score: -8625.723

Do NNI search on 20 best initial trees
Estimate model parameters (epsilon = 0.100)
BETTER TREE FOUND at iteration 1: -8625.666
Iteration 10 / LogL: -8625.981 / Time: 0h:0m:0s
Iteration 20 / LogL: -8625.728 / Time: 0h:0m:1s
Finish initializing candidate tree set (1)
Current best tree score: -8625.666 / CPU time: 1.053
Number of iterations: 20
--------------------------------------------------------------------
|               OPTIMIZING CANDIDATE TREE SET                      |
--------------------------------------------------------------------
Iteration 30 / LogL: -8625.685 / Time: 0h:0m:1s (0h:0m:3s left)
Iteration 40 / LogL: -8628.608 / Time: 0h:0m:1s (0h:0m:2s left)
Iteration 50 / LogL: -8625.670 / Time: 0h:0m:2s (0h:0m:2s left)
UPDATE BEST LOG-LIKELIHOOD: -8625.666
Iteration 60 / LogL: -8625.907 / Time: 0h:0m:2s (0h:0m:1s left)
Iteration 70 / LogL: -8626.018 / Time: 0h:0m:2s (0h:0m:1s left)
Iteration 80 / LogL: -8626.129 / Time: 0h:0m:3s (0h:0m:0s left)
Iteration 90 / LogL: -8625.673 / Time: 0h:0m:3s (0h:0m:0s left)
Iteration 100 / LogL: -8625.992 / Time: 0h:0m:3s (0h:0m:0s left)
TREE SEARCH COMPLETED AFTER 102 ITERATIONS / Time: 0h:0m:3s

--------------------------------------------------------------------
|                    FINALIZING TREE SEARCH                        |
--------------------------------------------------------------------
Performs final model parameters optimization
Estimate model parameters (epsilon = 0.010)
1. Initial log-likelihood: -8625.666
Optimal log-likelihood: -8625.665
Rate parameters:  A-C: 2.36674  A-G: 4.88604  A-T: 2.07099  C-G: 1.67829  C-T: 6.54797  G-T: 1.00000
Base frequencies:  A: 0.263  C: 0.205  G: 0.245  T: 0.287
Gamma shape alpha: 0.407
Parameters optimization took 1 rounds (0.004 sec)
BEST SCORE FOUND : -8625.665

Testing tree branches by SH-like aLRT with 1000 replicates...
0.085 sec.
Total tree length: 1.483

Total number of iterations: 102
CPU time used for tree search: 4.451 sec (0h:0m:4s)
Wall-clock time used for tree search: 3.933 sec (0h:0m:3s)
Total CPU time used: 4.828 sec (0h:0m:4s)
Total wall-clock time used: 4.076 sec (0h:0m:4s)

Analysis results written to: 
  IQ-TREE report:                cluster2781rr.1to1ortho.fa.aln-cln_gene832.fa.iqtree
  Maximum-likelihood tree:       cluster2781rr.1to1ortho.fa.aln-cln_gene832.fa.treefile
  Likelihood distances:          cluster2781rr.1to1ortho.fa.aln-cln_gene832.fa.mldist
  Screen log file:               cluster2781rr.1to1ortho.fa.aln-cln_gene832.fa.log

Date and Time: Mon Nov 25 10:12:51 2019
