IQ-TREE multicore version 1.6.11 for Mac OS X 64-bit built Jul 12 2019
Developed by Bui Quang Minh, Nguyen Lam Tung, Olga Chernomor,
Heiko Schmidt, Dominik Schrempf, Michael Woodhams.

Host:    slpc437 (AVX2, FMA3, 16 GB RAM)
Command: iqtree -s cluster1391rr.1to1ortho.fa.aln-cln_gene681.fa -nt 4 -m GTR+G -alrt 1000
Seed:    92899 (Using SPRNG - Scalable Parallel Random Number Generator)
Time:    Mon Nov 25 09:41:35 2019
Kernel:  AVX+FMA - 4 threads (6 CPU cores detected)

Reading alignment file cluster1391rr.1to1ortho.fa.aln-cln_gene681.fa ... Fasta format detected
Alignment most likely contains DNA/RNA sequences
Alignment has 13 sequences with 5099 columns, 2248 distinct patterns
1734 parsimony-informative, 951 singleton sites, 2414 constant sites
           Gap/Ambiguity  Composition  p-value
   1  DrolusSFB   48.42%    passed     94.36%
   2  Dino         5.16%    passed     11.95%
   3  MJM3360     10.34%    failed      0.61%
   4  DrobinSFB   35.32%    passed     12.53%
   5  Neam        51.05%    passed     43.23%
   6  RuprSFB     10.35%    passed     43.25%
   7  Retr        83.55%    passed     71.98%
   8  Beta         2.27%    passed      9.85%
   9  Spol         0.22%    passed     26.93%
  10  MJM1652     25.97%    passed     84.47%
  11  NepSFB       0.27%    passed     67.18%
  12  WPYJ        77.23%    passed     82.99%
  13  MJM2940     35.48%    passed     30.99%
WARNING: 3 sequences contain more than 50% gaps/ambiguity
****  TOTAL       29.66%  1 sequences failed composition chi2 test (p-value<5%; df=3)

Create initial parsimony tree by phylogenetic likelihood library (PLL)... 0.002 seconds

NOTE: 3 MB RAM (0 GB) is required!
Estimate model parameters (epsilon = 0.100)
1. Initial log-likelihood: -31291.418
2. Current log-likelihood: -29941.312
3. Current log-likelihood: -29930.686
4. Current log-likelihood: -29930.478
Optimal log-likelihood: -29930.467
Rate parameters:  A-C: 2.31145  A-G: 4.55925  A-T: 1.35191  C-G: 1.66595  C-T: 5.77494  G-T: 1.00000
Base frequencies:  A: 0.246  C: 0.192  G: 0.259  T: 0.303
Gamma shape alpha: 0.568
Parameters optimization took 4 rounds (0.090 sec)
Computing ML distances based on estimated model parameters... 0.003 sec
WARNING: Some pairwise ML distances are too long (saturated)
Computing BIONJ tree...
0.002 seconds
Log-likelihood of BIONJ tree: -29934.074
--------------------------------------------------------------------
|             INITIALIZING CANDIDATE TREE SET                      |
--------------------------------------------------------------------
Generating 98 parsimony trees... 0.212 second
Computing log-likelihood of 97 initial trees ... 0.660 seconds
Current best score: -29930.467

Do NNI search on 20 best initial trees
Estimate model parameters (epsilon = 0.100)
BETTER TREE FOUND at iteration 1: -29930.465
Iteration 10 / LogL: -29930.717 / Time: 0h:0m:1s
Iteration 20 / LogL: -29930.686 / Time: 0h:0m:1s
Finish initializing candidate tree set (1)
Current best tree score: -29930.465 / CPU time: 1.626
Number of iterations: 20
--------------------------------------------------------------------
|               OPTIMIZING CANDIDATE TREE SET                      |
--------------------------------------------------------------------
Iteration 30 / LogL: -29930.743 / Time: 0h:0m:2s (0h:0m:5s left)
Iteration 40 / LogL: -29931.662 / Time: 0h:0m:2s (0h:0m:4s left)
Iteration 50 / LogL: -29931.895 / Time: 0h:0m:3s (0h:0m:3s left)
Iteration 60 / LogL: -29932.114 / Time: 0h:0m:4s (0h:0m:2s left)
Iteration 70 / LogL: -29930.562 / Time: 0h:0m:4s (0h:0m:2s left)
Iteration 80 / LogL: -29932.012 / Time: 0h:0m:5s (0h:0m:1s left)
Iteration 90 / LogL: -29931.199 / Time: 0h:0m:5s (0h:0m:0s left)
Iteration 100 / LogL: -29931.005 / Time: 0h:0m:6s (0h:0m:0s left)
TREE SEARCH COMPLETED AFTER 102 ITERATIONS / Time: 0h:0m:6s

--------------------------------------------------------------------
|                    FINALIZING TREE SEARCH                        |
--------------------------------------------------------------------
Performs final model parameters optimization
Estimate model parameters (epsilon = 0.010)
1. Initial log-likelihood: -29930.465
Optimal log-likelihood: -29930.464
Rate parameters:  A-C: 2.31244  A-G: 4.56095  A-T: 1.35101  C-G: 1.66727  C-T: 5.78195  G-T: 1.00000
Base frequencies:  A: 0.246  C: 0.192  G: 0.259  T: 0.303
Gamma shape alpha: 0.568
Parameters optimization took 1 rounds (0.009 sec)
BEST SCORE FOUND : -29930.464

Testing tree branches by SH-like aLRT with 1000 replicates...
0.260 sec.
Total tree length: 2.017

Total number of iterations: 102
CPU time used for tree search: 12.042 sec (0h:0m:12s)
Wall-clock time used for tree search: 6.364 sec (0h:0m:6s)
Total CPU time used: 13.376 sec (0h:0m:13s)
Total wall-clock time used: 6.762 sec (0h:0m:6s)

Analysis results written to: 
  IQ-TREE report:                cluster1391rr.1to1ortho.fa.aln-cln_gene681.fa.iqtree
  Maximum-likelihood tree:       cluster1391rr.1to1ortho.fa.aln-cln_gene681.fa.treefile
  Likelihood distances:          cluster1391rr.1to1ortho.fa.aln-cln_gene681.fa.mldist
  Screen log file:               cluster1391rr.1to1ortho.fa.aln-cln_gene681.fa.log

Date and Time: Mon Nov 25 09:41:41 2019
