IQ-TREE multicore version 1.6.11 for Mac OS X 64-bit built Jul 12 2019
Developed by Bui Quang Minh, Nguyen Lam Tung, Olga Chernomor,
Heiko Schmidt, Dominik Schrempf, Michael Woodhams.

Host:    slpc437 (AVX2, FMA3, 16 GB RAM)
Command: iqtree -s cluster3812rr.1to1ortho.fa.aln-cln_gene248.fa -nt 4 -m GTR+G -alrt 1000
Seed:    122080 (Using SPRNG - Scalable Parallel Random Number Generator)
Time:    Mon Nov 25 10:37:28 2019
Kernel:  AVX+FMA - 4 threads (6 CPU cores detected)

Reading alignment file cluster3812rr.1to1ortho.fa.aln-cln_gene248.fa ... Fasta format detected
Alignment most likely contains DNA/RNA sequences
Alignment has 13 sequences with 690 columns, 352 distinct patterns
261 parsimony-informative, 104 singleton sites, 325 constant sites
           Gap/Ambiguity  Composition  p-value
   1  DrolusSFB    0.14%    passed     94.56%
   2  Dino         1.01%    passed     99.03%
   3  MJM3360      0.00%    passed     81.80%
   4  DrobinSFB    1.01%    passed     77.16%
   5  Neam         0.00%    passed     87.36%
   6  RuprSFB      0.00%    passed     76.93%
   7  Retr         0.87%    passed     68.92%
   8  Beta         0.72%    passed     88.32%
   9  Spol        22.17%    passed     83.92%
  10  MJM1652      0.00%    passed     95.01%
  11  NepSFB       1.01%    passed     80.83%
  12  WPYJ         1.74%    passed     84.70%
  13  MJM2940      0.14%    passed     88.52%
****  TOTAL        2.22%  0 sequences failed composition chi2 test (p-value<5%; df=3)

Create initial parsimony tree by phylogenetic likelihood library (PLL)... 0.001 seconds

NOTE: 0 MB RAM (0 GB) is required!
WARNING: Number of threads seems too high for short alignments. Use -nt AUTO to determine best number of threads.
Estimate model parameters (epsilon = 0.100)
1. Initial log-likelihood: -4796.052
2. Current log-likelihood: -4642.636
3. Current log-likelihood: -4639.875
Optimal log-likelihood: -4639.787
Rate parameters:  A-C: 3.29715  A-G: 6.80411  A-T: 2.46539  C-G: 3.12775  C-T: 8.83712  G-T: 1.00000
Base frequencies:  A: 0.281  C: 0.193  G: 0.251  T: 0.275
Gamma shape alpha: 0.513
Parameters optimization took 3 rounds (0.029 sec)
Computing ML distances based on estimated model parameters... 0.001 sec
Computing BIONJ tree...
0.002 seconds
Log-likelihood of BIONJ tree: -4637.527
--------------------------------------------------------------------
|             INITIALIZING CANDIDATE TREE SET                      |
--------------------------------------------------------------------
Generating 98 parsimony trees... 0.066 second
Computing log-likelihood of 96 initial trees ... 0.376 seconds
Current best score: -4637.527

Do NNI search on 20 best initial trees
Estimate model parameters (epsilon = 0.100)
BETTER TREE FOUND at iteration 1: -4637.476
Iteration 10 / LogL: -4637.477 / Time: 0h:0m:0s
Iteration 20 / LogL: -4637.478 / Time: 0h:0m:1s
Finish initializing candidate tree set (1)
Current best tree score: -4637.476 / CPU time: 1.025
Number of iterations: 20
--------------------------------------------------------------------
|               OPTIMIZING CANDIDATE TREE SET                      |
--------------------------------------------------------------------
UPDATE BEST LOG-LIKELIHOOD: -4637.476
Iteration 30 / LogL: -4637.515 / Time: 0h:0m:1s (0h:0m:3s left)
Iteration 40 / LogL: -4637.481 / Time: 0h:0m:1s (0h:0m:2s left)
Iteration 50 / LogL: -4638.086 / Time: 0h:0m:2s (0h:0m:2s left)
Iteration 60 / LogL: -4637.477 / Time: 0h:0m:2s (0h:0m:1s left)
Iteration 70 / LogL: -4637.517 / Time: 0h:0m:2s (0h:0m:1s left)
Iteration 80 / LogL: -4637.511 / Time: 0h:0m:3s (0h:0m:0s left)
Iteration 90 / LogL: -4637.687 / Time: 0h:0m:3s (0h:0m:0s left)
Iteration 100 / LogL: -4637.525 / Time: 0h:0m:3s (0h:0m:0s left)
TREE SEARCH COMPLETED AFTER 102 ITERATIONS / Time: 0h:0m:3s

--------------------------------------------------------------------
|                    FINALIZING TREE SEARCH                        |
--------------------------------------------------------------------
Performs final model parameters optimization
Estimate model parameters (epsilon = 0.010)
1. Initial log-likelihood: -4637.476
Optimal log-likelihood: -4637.474
Rate parameters:  A-C: 3.29633  A-G: 6.95261  A-T: 2.50272  C-G: 3.18560  C-T: 9.15068  G-T: 1.00000
Base frequencies:  A: 0.281  C: 0.193  G: 0.251  T: 0.275
Gamma shape alpha: 0.509
Parameters optimization took 1 rounds (0.004 sec)
BEST SCORE FOUND : -4637.474

Testing tree branches by SH-like aLRT with 1000 replicates...
0.047 sec.
Total tree length: 1.725

Total number of iterations: 102
CPU time used for tree search: 3.671 sec (0h:0m:3s)
Wall-clock time used for tree search: 3.894 sec (0h:0m:3s)
Total CPU time used: 3.884 sec (0h:0m:3s)
Total wall-clock time used: 3.992 sec (0h:0m:3s)

Analysis results written to: 
  IQ-TREE report:                cluster3812rr.1to1ortho.fa.aln-cln_gene248.fa.iqtree
  Maximum-likelihood tree:       cluster3812rr.1to1ortho.fa.aln-cln_gene248.fa.treefile
  Likelihood distances:          cluster3812rr.1to1ortho.fa.aln-cln_gene248.fa.mldist
  Screen log file:               cluster3812rr.1to1ortho.fa.aln-cln_gene248.fa.log

Date and Time: Mon Nov 25 10:37:32 2019
