IQ-TREE multicore version 1.6.11 for Mac OS X 64-bit built Jul 12 2019
Developed by Bui Quang Minh, Nguyen Lam Tung, Olga Chernomor,
Heiko Schmidt, Dominik Schrempf, Michael Woodhams.

Host:    slpc437 (AVX2, FMA3, 16 GB RAM)
Command: iqtree -s cluster3539rr.1to1ortho.fa.aln-cln_gene64.fa -nt 4 -m GTR+G -alrt 1000
Seed:    337399 (Using SPRNG - Scalable Parallel Random Number Generator)
Time:    Mon Nov 25 10:32:41 2019
Kernel:  AVX+FMA - 4 threads (6 CPU cores detected)

Reading alignment file cluster3539rr.1to1ortho.fa.aln-cln_gene64.fa ... Fasta format detected
Alignment most likely contains DNA/RNA sequences
Alignment has 13 sequences with 2364 columns, 1197 distinct patterns
918 parsimony-informative, 487 singleton sites, 959 constant sites
           Gap/Ambiguity  Composition  p-value
   1  DrolusSFB    1.61%    passed     93.74%
   2  Dino         0.76%    passed     99.62%
   3  MJM3360     47.55%    passed     89.80%
   4  DrobinSFB    7.74%    passed     94.22%
   5  Neam         7.19%    passed     86.52%
   6  RuprSFB     45.85%    passed     56.83%
   7  Retr        87.56%    passed     31.35%
   8  Beta         5.08%    passed     73.51%
   9  Spol         4.82%    passed     81.15%
  10  MJM1652      1.02%    passed     99.74%
  11  NepSFB       9.18%    passed     83.13%
  12  WPYJ        88.20%    passed     40.79%
  13  MJM2940      1.27%    passed     87.04%
WARNING: 2 sequences contain more than 50% gaps/ambiguity
****  TOTAL       23.68%  0 sequences failed composition chi2 test (p-value<5%; df=3)

Create initial parsimony tree by phylogenetic likelihood library (PLL)... 0.002 seconds

NOTE: 2 MB RAM (0 GB) is required!
Estimate model parameters (epsilon = 0.100)
1. Initial log-likelihood: -15032.659
2. Current log-likelihood: -14475.391
3. Current log-likelihood: -14472.514
Optimal log-likelihood: -14472.495
Rate parameters:  A-C: 1.50007  A-G: 3.63264  A-T: 1.13887  C-G: 1.29510  C-T: 4.07051  G-T: 1.00000
Base frequencies:  A: 0.272  C: 0.202  G: 0.240  T: 0.286
Gamma shape alpha: 0.977
Parameters optimization took 3 rounds (0.042 sec)
Computing ML distances based on estimated model parameters... 0.002 sec
Computing BIONJ tree...
0.002 seconds
Log-likelihood of BIONJ tree: -14478.394
--------------------------------------------------------------------
|             INITIALIZING CANDIDATE TREE SET                      |
--------------------------------------------------------------------
Generating 98 parsimony trees... 0.137 second
Computing log-likelihood of 97 initial trees ... 0.535 seconds
Current best score: -14472.495

Do NNI search on 20 best initial trees
Estimate model parameters (epsilon = 0.100)
BETTER TREE FOUND at iteration 1: -14472.294
Iteration 10 / LogL: -14472.738 / Time: 0h:0m:1s
Iteration 20 / LogL: -14472.634 / Time: 0h:0m:1s
Finish initializing candidate tree set (2)
Current best tree score: -14472.294 / CPU time: 1.458
Number of iterations: 20
--------------------------------------------------------------------
|               OPTIMIZING CANDIDATE TREE SET                      |
--------------------------------------------------------------------
UPDATE BEST LOG-LIKELIHOOD: -14472.294
Iteration 30 / LogL: -14472.348 / Time: 0h:0m:2s (0h:0m:4s left)
Iteration 40 / LogL: -14472.544 / Time: 0h:0m:2s (0h:0m:4s left)
Iteration 50 / LogL: -14476.016 / Time: 0h:0m:2s (0h:0m:3s left)
Iteration 60 / LogL: -14473.485 / Time: 0h:0m:3s (0h:0m:2s left)
Iteration 70 / LogL: -14472.335 / Time: 0h:0m:4s (0h:0m:1s left)
Iteration 80 / LogL: -14472.367 / Time: 0h:0m:4s (0h:0m:1s left)
Iteration 90 / LogL: -14472.472 / Time: 0h:0m:5s (0h:0m:0s left)
Iteration 100 / LogL: -14472.307 / Time: 0h:0m:5s (0h:0m:0s left)
TREE SEARCH COMPLETED AFTER 102 ITERATIONS / Time: 0h:0m:5s

--------------------------------------------------------------------
|                    FINALIZING TREE SEARCH                        |
--------------------------------------------------------------------
Performs final model parameters optimization
Estimate model parameters (epsilon = 0.010)
1. Initial log-likelihood: -14472.294
Optimal log-likelihood: -14472.293
Rate parameters:  A-C: 1.49134  A-G: 3.64247  A-T: 1.14017  C-G: 1.28695  C-T: 4.07657  G-T: 1.00000
Base frequencies:  A: 0.272  C: 0.202  G: 0.240  T: 0.286
Gamma shape alpha: 0.973
Parameters optimization took 1 rounds (0.007 sec)
BEST SCORE FOUND : -14472.293

Testing tree branches by SH-like aLRT with 1000 replicates...
0.131 sec.
Total tree length: 1.935

Total number of iterations: 102
CPU time used for tree search: 8.356 sec (0h:0m:8s)
Wall-clock time used for tree search: 5.671 sec (0h:0m:5s)
Total CPU time used: 8.970 sec (0h:0m:8s)
Total wall-clock time used: 5.875 sec (0h:0m:5s)

Analysis results written to: 
  IQ-TREE report:                cluster3539rr.1to1ortho.fa.aln-cln_gene64.fa.iqtree
  Maximum-likelihood tree:       cluster3539rr.1to1ortho.fa.aln-cln_gene64.fa.treefile
  Likelihood distances:          cluster3539rr.1to1ortho.fa.aln-cln_gene64.fa.mldist
  Screen log file:               cluster3539rr.1to1ortho.fa.aln-cln_gene64.fa.log

Date and Time: Mon Nov 25 10:32:47 2019
