IQ-TREE multicore version 1.6.11 for Mac OS X 64-bit built Jul 12 2019
Developed by Bui Quang Minh, Nguyen Lam Tung, Olga Chernomor,
Heiko Schmidt, Dominik Schrempf, Michael Woodhams.

Host:    slpc437 (AVX2, FMA3, 16 GB RAM)
Command: iqtree -s cluster3376rr.1to1ortho.fa.aln-cln_gene876.fa -nt 4 -m GTR+G -alrt 1000
Seed:    110769 (Using SPRNG - Scalable Parallel Random Number Generator)
Time:    Mon Nov 25 10:28:53 2019
Kernel:  AVX+FMA - 4 threads (6 CPU cores detected)

Reading alignment file cluster3376rr.1to1ortho.fa.aln-cln_gene876.fa ... Fasta format detected
Alignment most likely contains DNA/RNA sequences
Alignment has 13 sequences with 3879 columns, 1761 distinct patterns
1450 parsimony-informative, 578 singleton sites, 1851 constant sites
           Gap/Ambiguity  Composition  p-value
   1  DrolusSFB    2.17%    passed     70.53%
   2  Dino         2.47%    passed     96.32%
   3  MJM3360      2.78%    passed     84.24%
   4  DrobinSFB    3.27%    passed     69.43%
   5  Neam         0.39%    passed     84.65%
   6  RuprSFB     36.97%    passed     62.16%
   7  Retr        18.48%    passed     92.14%
   8  Beta         1.01%    passed     46.64%
   9  Spol         0.93%    passed     57.70%
  10  MJM1652      2.40%    passed     88.22%
  11  NepSFB       0.39%    passed     76.27%
  12  WPYJ         4.87%    passed     45.22%
  13  MJM2940      1.13%    passed     91.84%
****  TOTAL        5.94%  0 sequences failed composition chi2 test (p-value<5%; df=3)

Create initial parsimony tree by phylogenetic likelihood library (PLL)... 0.001 seconds

NOTE: 2 MB RAM (0 GB) is required!
Estimate model parameters (epsilon = 0.100)
1. Initial log-likelihood: -25992.768
2. Current log-likelihood: -25068.077
3. Current log-likelihood: -25060.867
Optimal log-likelihood: -25060.774
Rate parameters:  A-C: 1.39625  A-G: 3.93212  A-T: 1.28481  C-G: 1.09409  C-T: 4.81590  G-T: 1.00000
Base frequencies:  A: 0.293  C: 0.194  G: 0.243  T: 0.270
Gamma shape alpha: 0.533
Parameters optimization took 3 rounds (0.066 sec)
Computing ML distances based on estimated model parameters... 0.003 sec
Computing BIONJ tree...
0.002 seconds
Log-likelihood of BIONJ tree: -25060.772
--------------------------------------------------------------------
|             INITIALIZING CANDIDATE TREE SET                      |
--------------------------------------------------------------------
Generating 99 parsimony trees... 0.182 second
Computing log-likelihood of 98 initial trees ... 0.556 seconds
Current best score: -25060.772

Do NNI search on 20 best initial trees
Estimate model parameters (epsilon = 0.100)
BETTER TREE FOUND at iteration 1: -25060.454
Iteration 10 / LogL: -25060.498 / Time: 0h:0m:1s
Iteration 20 / LogL: -25060.456 / Time: 0h:0m:1s
Finish initializing candidate tree set (1)
Current best tree score: -25060.454 / CPU time: 1.557
Number of iterations: 20
--------------------------------------------------------------------
|               OPTIMIZING CANDIDATE TREE SET                      |
--------------------------------------------------------------------
Iteration 30 / LogL: -25060.459 / Time: 0h:0m:2s (0h:0m:5s left)
Iteration 40 / LogL: -25060.471 / Time: 0h:0m:2s (0h:0m:4s left)
Iteration 50 / LogL: -25060.456 / Time: 0h:0m:3s (0h:0m:3s left)
Iteration 60 / LogL: -25060.475 / Time: 0h:0m:3s (0h:0m:2s left)
Iteration 70 / LogL: -25060.591 / Time: 0h:0m:4s (0h:0m:1s left)
Iteration 80 / LogL: -25061.310 / Time: 0h:0m:4s (0h:0m:1s left)
Iteration 90 / LogL: -25060.794 / Time: 0h:0m:5s (0h:0m:0s left)
Iteration 100 / LogL: -25060.517 / Time: 0h:0m:5s (0h:0m:0s left)
TREE SEARCH COMPLETED AFTER 102 ITERATIONS / Time: 0h:0m:6s

--------------------------------------------------------------------
|                    FINALIZING TREE SEARCH                        |
--------------------------------------------------------------------
Performs final model parameters optimization
Estimate model parameters (epsilon = 0.010)
1. Initial log-likelihood: -25060.454
Optimal log-likelihood: -25060.454
Rate parameters:  A-C: 1.39774  A-G: 3.93225  A-T: 1.28502  C-G: 1.10283  C-T: 4.81570  G-T: 1.00000
Base frequencies:  A: 0.293  C: 0.194  G: 0.243  T: 0.270
Gamma shape alpha: 0.533
Parameters optimization took 1 rounds (0.008 sec)
BEST SCORE FOUND : -25060.454

Testing tree branches by SH-like aLRT with 1000 replicates...
0.201 sec.
Total tree length: 1.645

Total number of iterations: 102
CPU time used for tree search: 10.528 sec (0h:0m:10s)
Wall-clock time used for tree search: 6.047 sec (0h:0m:6s)
Total CPU time used: 11.513 sec (0h:0m:11s)
Total wall-clock time used: 6.345 sec (0h:0m:6s)

Analysis results written to: 
  IQ-TREE report:                cluster3376rr.1to1ortho.fa.aln-cln_gene876.fa.iqtree
  Maximum-likelihood tree:       cluster3376rr.1to1ortho.fa.aln-cln_gene876.fa.treefile
  Likelihood distances:          cluster3376rr.1to1ortho.fa.aln-cln_gene876.fa.mldist
  Screen log file:               cluster3376rr.1to1ortho.fa.aln-cln_gene876.fa.log

Date and Time: Mon Nov 25 10:28:59 2019
