IQ-TREE multicore version 1.6.11 for Mac OS X 64-bit built Jul 12 2019
Developed by Bui Quang Minh, Nguyen Lam Tung, Olga Chernomor,
Heiko Schmidt, Dominik Schrempf, Michael Woodhams.

Host:    slpc437 (AVX2, FMA3, 16 GB RAM)
Command: iqtree -s cluster2275rr.1to1ortho.fa.aln-cln_gene714.fa -nt 4 -m GTR+G -alrt 1000
Seed:    333193 (Using SPRNG - Scalable Parallel Random Number Generator)
Time:    Mon Nov 25 10:01:10 2019
Kernel:  AVX+FMA - 4 threads (6 CPU cores detected)

Reading alignment file cluster2275rr.1to1ortho.fa.aln-cln_gene714.fa ... Fasta format detected
Alignment most likely contains DNA/RNA sequences
Alignment has 13 sequences with 1128 columns, 510 distinct patterns
358 parsimony-informative, 149 singleton sites, 620 constant sites
           Gap/Ambiguity  Composition  p-value
   1  DrolusSFB    3.28%    passed     54.01%
   2  Dino         0.00%    passed     87.74%
   3  MJM3360      9.22%    passed     93.80%
   4  DrobinSFB    2.66%    passed     67.78%
   5  Neam         0.00%    passed     97.36%
   6  RuprSFB     10.37%    passed     77.03%
   7  Retr        18.17%    passed     95.11%
   8  Beta         1.60%    passed     85.78%
   9  Spol         0.80%    passed     93.56%
  10  MJM1652      1.51%    passed     92.95%
  11  NepSFB       0.35%    passed     96.42%
  12  WPYJ        50.00%    passed     60.40%
  13  MJM2940      0.35%    passed     93.03%
****  TOTAL        7.56%  0 sequences failed composition chi2 test (p-value<5%; df=3)

Create initial parsimony tree by phylogenetic likelihood library (PLL)... 0.001 seconds

NOTE: 0 MB RAM (0 GB) is required!
Estimate model parameters (epsilon = 0.100)
1. Initial log-likelihood: -6724.369
2. Current log-likelihood: -6424.580
3. Current log-likelihood: -6421.815
Optimal log-likelihood: -6421.768
Rate parameters:  A-C: 0.94609  A-G: 3.03165  A-T: 1.00530  C-G: 0.92800  C-T: 4.90581  G-T: 1.00000
Base frequencies:  A: 0.328  C: 0.190  G: 0.246  T: 0.237
Gamma shape alpha: 0.398
Parameters optimization took 3 rounds (0.031 sec)
Computing ML distances based on estimated model parameters... 0.001 sec
Computing BIONJ tree...
0.002 seconds
Log-likelihood of BIONJ tree: -6427.178
--------------------------------------------------------------------
|             INITIALIZING CANDIDATE TREE SET                      |
--------------------------------------------------------------------
Generating 98 parsimony trees... 0.085 second
Computing log-likelihood of 98 initial trees ... 0.417 seconds
Current best score: -6421.289

Do NNI search on 20 best initial trees
Estimate model parameters (epsilon = 0.100)
BETTER TREE FOUND at iteration 1: -6416.478
Iteration 10 / LogL: -6416.482 / Time: 0h:0m:0s
Iteration 20 / LogL: -6416.482 / Time: 0h:0m:1s
Finish initializing candidate tree set (1)
Current best tree score: -6416.478 / CPU time: 1.223
Number of iterations: 20
--------------------------------------------------------------------
|               OPTIMIZING CANDIDATE TREE SET                      |
--------------------------------------------------------------------
Iteration 30 / LogL: -6416.507 / Time: 0h:0m:1s (0h:0m:4s left)
Iteration 40 / LogL: -6416.489 / Time: 0h:0m:2s (0h:0m:3s left)
Iteration 50 / LogL: -6416.498 / Time: 0h:0m:2s (0h:0m:2s left)
Iteration 60 / LogL: -6416.495 / Time: 0h:0m:2s (0h:0m:1s left)
Iteration 70 / LogL: -6416.484 / Time: 0h:0m:3s (0h:0m:1s left)
Iteration 80 / LogL: -6416.496 / Time: 0h:0m:3s (0h:0m:0s left)
Iteration 90 / LogL: -6416.514 / Time: 0h:0m:3s (0h:0m:0s left)
Iteration 100 / LogL: -6416.555 / Time: 0h:0m:4s (0h:0m:0s left)
TREE SEARCH COMPLETED AFTER 102 ITERATIONS / Time: 0h:0m:4s

--------------------------------------------------------------------
|                    FINALIZING TREE SEARCH                        |
--------------------------------------------------------------------
Performs final model parameters optimization
Estimate model parameters (epsilon = 0.010)
1. Initial log-likelihood: -6416.478
Optimal log-likelihood: -6416.477
Rate parameters:  A-C: 0.92344  A-G: 3.12140  A-T: 1.02208  C-G: 0.93965  C-T: 4.86238  G-T: 1.00000
Base frequencies:  A: 0.328  C: 0.190  G: 0.246  T: 0.237
Gamma shape alpha: 0.394
Parameters optimization took 1 rounds (0.005 sec)
BEST SCORE FOUND : -6416.477

Testing tree branches by SH-like aLRT with 1000 replicates...
0.073 sec.
Total tree length: 1.426

Total number of iterations: 102
CPU time used for tree search: 4.724 sec (0h:0m:4s)
Wall-clock time used for tree search: 4.404 sec (0h:0m:4s)
Total CPU time used: 5.040 sec (0h:0m:5s)
Total wall-clock time used: 4.532 sec (0h:0m:4s)

Analysis results written to: 
  IQ-TREE report:                cluster2275rr.1to1ortho.fa.aln-cln_gene714.fa.iqtree
  Maximum-likelihood tree:       cluster2275rr.1to1ortho.fa.aln-cln_gene714.fa.treefile
  Likelihood distances:          cluster2275rr.1to1ortho.fa.aln-cln_gene714.fa.mldist
  Screen log file:               cluster2275rr.1to1ortho.fa.aln-cln_gene714.fa.log

Date and Time: Mon Nov 25 10:01:14 2019
