IQ-TREE multicore version 1.6.11 for Mac OS X 64-bit built Jul 12 2019
Developed by Bui Quang Minh, Nguyen Lam Tung, Olga Chernomor,
Heiko Schmidt, Dominik Schrempf, Michael Woodhams.

Host:    slpc437 (AVX2, FMA3, 16 GB RAM)
Command: iqtree -s cluster4442rr.1to1ortho.fa.aln-cln_gene166.fa -nt 4 -m GTR+G -alrt 1000
Seed:    376781 (Using SPRNG - Scalable Parallel Random Number Generator)
Time:    Mon Nov 25 10:52:11 2019
Kernel:  AVX+FMA - 4 threads (6 CPU cores detected)

Reading alignment file cluster4442rr.1to1ortho.fa.aln-cln_gene166.fa ... Fasta format detected
Alignment most likely contains DNA/RNA sequences
Alignment has 13 sequences with 975 columns, 498 distinct patterns
352 parsimony-informative, 174 singleton sites, 449 constant sites
           Gap/Ambiguity  Composition  p-value
   1  DrolusSFB    0.00%    passed     56.69%
   2  Dino         0.72%    passed     76.90%
   3  MJM3360      9.03%    passed     97.31%
   4  DrobinSFB    2.36%    passed     98.62%
   5  Neam         0.00%    passed     91.63%
   6  RuprSFB      9.23%    passed     73.42%
   7  Retr         0.92%    passed     97.59%
   8  Beta         0.00%    passed     84.62%
   9  Spol         0.00%    passed     43.44%
  10  MJM1652      0.41%    passed     92.90%
  11  NepSFB       0.00%    passed     95.35%
  12  WPYJ        54.26%    passed     64.92%
  13  MJM2940      1.23%    passed     96.70%
WARNING: 1 sequences contain more than 50% gaps/ambiguity
****  TOTAL        6.01%  0 sequences failed composition chi2 test (p-value<5%; df=3)

Create initial parsimony tree by phylogenetic likelihood library (PLL)... 0.001 seconds

NOTE: 0 MB RAM (0 GB) is required!
Estimate model parameters (epsilon = 0.100)
1. Initial log-likelihood: -6499.596
2. Current log-likelihood: -6287.003
3. Current log-likelihood: -6285.169
Optimal log-likelihood: -6285.157
Rate parameters:  A-C: 1.68508  A-G: 5.50585  A-T: 1.70741  C-G: 1.79437  C-T: 4.92715  G-T: 1.00000
Base frequencies:  A: 0.265  C: 0.212  G: 0.226  T: 0.297
Gamma shape alpha: 0.627
Parameters optimization took 3 rounds (0.030 sec)
Computing ML distances based on estimated model parameters... 0.001 sec
Computing BIONJ tree...
0.002 seconds
Log-likelihood of BIONJ tree: -6286.976
--------------------------------------------------------------------
|             INITIALIZING CANDIDATE TREE SET                      |
--------------------------------------------------------------------
Generating 98 parsimony trees... 0.075 second
Computing log-likelihood of 97 initial trees ... 0.417 seconds
Current best score: -6283.606

Do NNI search on 20 best initial trees
Estimate model parameters (epsilon = 0.100)
BETTER TREE FOUND at iteration 1: -6283.562
Iteration 10 / LogL: -6283.671 / Time: 0h:0m:0s
Iteration 20 / LogL: -6283.576 / Time: 0h:0m:1s
Finish initializing candidate tree set (1)
Current best tree score: -6283.562 / CPU time: 1.013
Number of iterations: 20
--------------------------------------------------------------------
|               OPTIMIZING CANDIDATE TREE SET                      |
--------------------------------------------------------------------
Iteration 30 / LogL: -6283.568 / Time: 0h:0m:1s (0h:0m:3s left)
Iteration 40 / LogL: -6283.568 / Time: 0h:0m:1s (0h:0m:2s left)
Iteration 50 / LogL: -6283.570 / Time: 0h:0m:2s (0h:0m:2s left)
Iteration 60 / LogL: -6283.965 / Time: 0h:0m:2s (0h:0m:1s left)
Iteration 70 / LogL: -6283.611 / Time: 0h:0m:2s (0h:0m:1s left)
UPDATE BEST LOG-LIKELIHOOD: -6283.562
Iteration 80 / LogL: -6283.586 / Time: 0h:0m:3s (0h:0m:0s left)
Iteration 90 / LogL: -6283.753 / Time: 0h:0m:3s (0h:0m:0s left)
Iteration 100 / LogL: -6283.572 / Time: 0h:0m:3s (0h:0m:0s left)
TREE SEARCH COMPLETED AFTER 102 ITERATIONS / Time: 0h:0m:3s

--------------------------------------------------------------------
|                    FINALIZING TREE SEARCH                        |
--------------------------------------------------------------------
Performs final model parameters optimization
Estimate model parameters (epsilon = 0.010)
1. Initial log-likelihood: -6283.562
Optimal log-likelihood: -6283.561
Rate parameters:  A-C: 1.64722  A-G: 5.50910  A-T: 1.73618  C-G: 1.79519  C-T: 4.91998  G-T: 1.00000
Base frequencies:  A: 0.265  C: 0.212  G: 0.226  T: 0.297
Gamma shape alpha: 0.627
Parameters optimization took 1 rounds (0.004 sec)
BEST SCORE FOUND : -6283.561

Testing tree branches by SH-like aLRT with 1000 replicates...
0.066 sec.
Total tree length: 1.563

Total number of iterations: 102
CPU time used for tree search: 4.136 sec (0h:0m:4s)
Wall-clock time used for tree search: 3.939 sec (0h:0m:3s)
Total CPU time used: 4.420 sec (0h:0m:4s)
Total wall-clock time used: 4.059 sec (0h:0m:4s)

Analysis results written to: 
  IQ-TREE report:                cluster4442rr.1to1ortho.fa.aln-cln_gene166.fa.iqtree
  Maximum-likelihood tree:       cluster4442rr.1to1ortho.fa.aln-cln_gene166.fa.treefile
  Likelihood distances:          cluster4442rr.1to1ortho.fa.aln-cln_gene166.fa.mldist
  Screen log file:               cluster4442rr.1to1ortho.fa.aln-cln_gene166.fa.log

Date and Time: Mon Nov 25 10:52:15 2019
