IQ-TREE multicore version 1.6.11 for Mac OS X 64-bit built Jul 12 2019
Developed by Bui Quang Minh, Nguyen Lam Tung, Olga Chernomor,
Heiko Schmidt, Dominik Schrempf, Michael Woodhams.

Host:    slpc437 (AVX2, FMA3, 16 GB RAM)
Command: iqtree -s cluster2974rr.1to1ortho.fa.aln-cln_gene1086.fa -nt 4 -m GTR+G -alrt 1000
Seed:    222299 (Using SPRNG - Scalable Parallel Random Number Generator)
Time:    Mon Nov 25 10:18:50 2019
Kernel:  AVX+FMA - 4 threads (6 CPU cores detected)

Reading alignment file cluster2974rr.1to1ortho.fa.aln-cln_gene1086.fa ... Fasta format detected
Alignment most likely contains DNA/RNA sequences
Alignment has 13 sequences with 1589 columns, 715 distinct patterns
552 parsimony-informative, 190 singleton sites, 847 constant sites
           Gap/Ambiguity  Composition  p-value
   1  DrolusSFB    0.63%    passed      9.94%
   2  Dino         0.63%    failed      0.02%
   3  MJM3360     11.26%    passed     80.45%
   4  DrobinSFB   12.78%    failed      0.01%
   5  Neam         0.31%    passed     56.74%
   6  RuprSFB     22.40%    failed      0.03%
   7  Retr         3.27%    passed     30.13%
   8  Beta         5.92%    passed     22.09%
   9  Spol        10.38%    failed      1.10%
  10  MJM1652      1.45%    failed      0.04%
  11  NepSFB       0.31%    passed     48.54%
  12  WPYJ         4.34%    passed      6.54%
  13  MJM2940      1.01%    passed     44.22%
****  TOTAL        5.75%  5 sequences failed composition chi2 test (p-value<5%; df=3)

Create initial parsimony tree by phylogenetic likelihood library (PLL)... 0.001 seconds

NOTE: 1 MB RAM (0 GB) is required!
Estimate model parameters (epsilon = 0.100)
1. Initial log-likelihood: -10509.519
2. Current log-likelihood: -10072.128
3. Current log-likelihood: -10064.298
Optimal log-likelihood: -10064.182
Rate parameters:  A-C: 1.75768  A-G: 3.41924  A-T: 1.07513  C-G: 1.39175  C-T: 4.82018  G-T: 1.00000
Base frequencies:  A: 0.233  C: 0.228  G: 0.259  T: 0.280
Gamma shape alpha: 0.346
Parameters optimization took 3 rounds (0.042 sec)
Computing ML distances based on estimated model parameters... 0.001 sec
Computing BIONJ tree...
0.002 seconds
Log-likelihood of BIONJ tree: -10066.439
--------------------------------------------------------------------
|             INITIALIZING CANDIDATE TREE SET                      |
--------------------------------------------------------------------
Generating 98 parsimony trees... 0.101 second
Computing log-likelihood of 98 initial trees ... 0.448 seconds
Current best score: -10064.182

Do NNI search on 20 best initial trees
Estimate model parameters (epsilon = 0.100)
BETTER TREE FOUND at iteration 1: -10060.551
Estimate model parameters (epsilon = 0.100)
BETTER TREE FOUND at iteration 4: -10059.588
Iteration 10 / LogL: -10060.714 / Time: 0h:0m:1s
Iteration 20 / LogL: -10060.752 / Time: 0h:0m:1s
Finish initializing candidate tree set (7)
Current best tree score: -10059.588 / CPU time: 1.406
Number of iterations: 20
--------------------------------------------------------------------
|               OPTIMIZING CANDIDATE TREE SET                      |
--------------------------------------------------------------------
Iteration 30 / LogL: -10059.610 / Time: 0h:0m:1s (0h:0m:4s left)
Estimate model parameters (epsilon = 0.100)
UPDATE BEST LOG-LIKELIHOOD: -10059.255
Iteration 40 / LogL: -10060.980 / Time: 0h:0m:2s (0h:0m:3s left)
Iteration 50 / LogL: -10060.940 / Time: 0h:0m:2s (0h:0m:3s left)
Iteration 60 / LogL: -10059.748 / Time: 0h:0m:3s (0h:0m:2s left)
Iteration 70 / LogL: -10059.262 / Time: 0h:0m:3s (0h:0m:1s left)
Iteration 80 / LogL: -10059.621 / Time: 0h:0m:4s (0h:0m:1s left)
Iteration 90 / LogL: -10059.597 / Time: 0h:0m:4s (0h:0m:0s left)
Iteration 100 / LogL: -10059.606 / Time: 0h:0m:4s (0h:0m:0s left)
TREE SEARCH COMPLETED AFTER 105 ITERATIONS / Time: 0h:0m:5s

--------------------------------------------------------------------
|                    FINALIZING TREE SEARCH                        |
--------------------------------------------------------------------
Performs final model parameters optimization
Estimate model parameters (epsilon = 0.010)
1. Initial log-likelihood: -10059.255
Optimal log-likelihood: -10059.253
Rate parameters:  A-C: 1.76869  A-G: 3.39593  A-T: 1.05500  C-G: 1.35972  C-T: 4.91558  G-T: 1.00000
Base frequencies:  A: 0.233  C: 0.228  G: 0.259  T: 0.280
Gamma shape alpha: 0.346
Parameters optimization took 1 rounds (0.005 sec)
BEST SCORE FOUND : -10059.253

Testing tree branches by SH-like aLRT with 1000 replicates...
0.093 sec.
Total tree length: 1.853

Total number of iterations: 105
CPU time used for tree search: 6.133 sec (0h:0m:6s)
Wall-clock time used for tree search: 5.032 sec (0h:0m:5s)
Total CPU time used: 6.569 sec (0h:0m:6s)
Total wall-clock time used: 5.194 sec (0h:0m:5s)

Analysis results written to: 
  IQ-TREE report:                cluster2974rr.1to1ortho.fa.aln-cln_gene1086.fa.iqtree
  Maximum-likelihood tree:       cluster2974rr.1to1ortho.fa.aln-cln_gene1086.fa.treefile
  Likelihood distances:          cluster2974rr.1to1ortho.fa.aln-cln_gene1086.fa.mldist
  Screen log file:               cluster2974rr.1to1ortho.fa.aln-cln_gene1086.fa.log

Date and Time: Mon Nov 25 10:18:55 2019
