IQ-TREE multicore version 1.6.11 for Mac OS X 64-bit built Jul 12 2019
Developed by Bui Quang Minh, Nguyen Lam Tung, Olga Chernomor,
Heiko Schmidt, Dominik Schrempf, Michael Woodhams.

Host:    slpc437 (AVX2, FMA3, 16 GB RAM)
Command: iqtree -s cluster2506rr.1to1ortho.fa.aln-cln_gene1044.fa -nt 4 -m GTR+G -alrt 1000
Seed:    328417 (Using SPRNG - Scalable Parallel Random Number Generator)
Time:    Mon Nov 25 10:06:04 2019
Kernel:  AVX+FMA - 4 threads (6 CPU cores detected)

Reading alignment file cluster2506rr.1to1ortho.fa.aln-cln_gene1044.fa ... Fasta format detected
Alignment most likely contains DNA/RNA sequences
Alignment has 13 sequences with 1669 columns, 965 distinct patterns
703 parsimony-informative, 290 singleton sites, 676 constant sites
           Gap/Ambiguity  Composition  p-value
   1  DrolusSFB    0.00%    passed     23.77%
   2  Dino         0.90%    passed     18.42%
   3  MJM3360     14.20%    passed     64.94%
   4  DrobinSFB    2.58%    passed     24.34%
   5  Neam         0.18%    passed     93.68%
   6  RuprSFB      0.60%    passed     89.71%
   7  Retr        42.54%    passed     32.56%
   8  Beta         1.02%    failed      3.68%
   9  Spol         1.38%    passed     19.28%
  10  MJM1652     24.75%    passed     51.29%
  11  NepSFB       0.18%    passed     87.91%
  12  WPYJ         2.70%    passed     79.67%
  13  MJM2940      0.72%    passed     61.17%
****  TOTAL        7.06%  1 sequences failed composition chi2 test (p-value<5%; df=3)

Create initial parsimony tree by phylogenetic likelihood library (PLL)... 0.001 seconds

NOTE: 1 MB RAM (0 GB) is required!
Estimate model parameters (epsilon = 0.100)
1. Initial log-likelihood: -12656.972
2. Current log-likelihood: -12229.794
3. Current log-likelihood: -12227.103
Optimal log-likelihood: -12227.069
Rate parameters:  A-C: 1.91208  A-G: 4.42127  A-T: 1.33644  C-G: 1.62385  C-T: 5.41865  G-T: 1.00000
Base frequencies:  A: 0.286  C: 0.189  G: 0.245  T: 0.281
Gamma shape alpha: 0.666
Parameters optimization took 3 rounds (0.044 sec)
Computing ML distances based on estimated model parameters... 0.002 sec
Computing BIONJ tree...
0.002 seconds
Log-likelihood of BIONJ tree: -12227.069
--------------------------------------------------------------------
|             INITIALIZING CANDIDATE TREE SET                      |
--------------------------------------------------------------------
Generating 99 parsimony trees... 0.105 second
Computing log-likelihood of 98 initial trees ... 0.479 seconds
Current best score: -12227.069

Do NNI search on 20 best initial trees
Estimate model parameters (epsilon = 0.100)
BETTER TREE FOUND at iteration 1: -12227.069
Iteration 10 / LogL: -12227.092 / Time: 0h:0m:0s
Iteration 20 / LogL: -12227.249 / Time: 0h:0m:1s
Finish initializing candidate tree set (1)
Current best tree score: -12227.069 / CPU time: 1.117
Number of iterations: 20
--------------------------------------------------------------------
|               OPTIMIZING CANDIDATE TREE SET                      |
--------------------------------------------------------------------
Iteration 30 / LogL: -12227.102 / Time: 0h:0m:1s (0h:0m:3s left)
Iteration 40 / LogL: -12227.073 / Time: 0h:0m:1s (0h:0m:2s left)
Iteration 50 / LogL: -12228.388 / Time: 0h:0m:2s (0h:0m:2s left)
Iteration 60 / LogL: -12227.083 / Time: 0h:0m:2s (0h:0m:1s left)
Iteration 70 / LogL: -12229.777 / Time: 0h:0m:3s (0h:0m:1s left)
Iteration 80 / LogL: -12227.127 / Time: 0h:0m:3s (0h:0m:0s left)
Iteration 90 / LogL: -12227.186 / Time: 0h:0m:4s (0h:0m:0s left)
Iteration 100 / LogL: -12227.525 / Time: 0h:0m:4s (0h:0m:0s left)
TREE SEARCH COMPLETED AFTER 102 ITERATIONS / Time: 0h:0m:4s

--------------------------------------------------------------------
|                    FINALIZING TREE SEARCH                        |
--------------------------------------------------------------------
Performs final model parameters optimization
Estimate model parameters (epsilon = 0.010)
1. Initial log-likelihood: -12227.069
Optimal log-likelihood: -12227.069
Rate parameters:  A-C: 1.91101  A-G: 4.42396  A-T: 1.33745  C-G: 1.62365  C-T: 5.42119  G-T: 1.00000
Base frequencies:  A: 0.286  C: 0.189  G: 0.245  T: 0.281
Gamma shape alpha: 0.666
Parameters optimization took 1 rounds (0.006 sec)
BEST SCORE FOUND : -12227.069

Testing tree branches by SH-like aLRT with 1000 replicates...
0.101 sec.
Total tree length: 2.062

Total number of iterations: 102
CPU time used for tree search: 6.423 sec (0h:0m:6s)
Wall-clock time used for tree search: 4.759 sec (0h:0m:4s)
Total CPU time used: 6.903 sec (0h:0m:6s)
Total wall-clock time used: 4.930 sec (0h:0m:4s)

Analysis results written to: 
  IQ-TREE report:                cluster2506rr.1to1ortho.fa.aln-cln_gene1044.fa.iqtree
  Maximum-likelihood tree:       cluster2506rr.1to1ortho.fa.aln-cln_gene1044.fa.treefile
  Likelihood distances:          cluster2506rr.1to1ortho.fa.aln-cln_gene1044.fa.mldist
  Screen log file:               cluster2506rr.1to1ortho.fa.aln-cln_gene1044.fa.log

Date and Time: Mon Nov 25 10:06:09 2019
