IQ-TREE multicore version 1.6.11 for Mac OS X 64-bit built Jul 12 2019
Developed by Bui Quang Minh, Nguyen Lam Tung, Olga Chernomor,
Heiko Schmidt, Dominik Schrempf, Michael Woodhams.

Host:    slpc437 (AVX2, FMA3, 16 GB RAM)
Command: iqtree -s cluster1957rr.1to1ortho.fa.aln-cln_gene578.fa -nt 4 -m GTR+G -alrt 1000
Seed:    263577 (Using SPRNG - Scalable Parallel Random Number Generator)
Time:    Mon Nov 25 09:53:17 2019
Kernel:  AVX+FMA - 4 threads (6 CPU cores detected)

Reading alignment file cluster1957rr.1to1ortho.fa.aln-cln_gene578.fa ... Fasta format detected
Alignment most likely contains DNA/RNA sequences
Alignment has 13 sequences with 1707 columns, 742 distinct patterns
504 parsimony-informative, 260 singleton sites, 943 constant sites
           Gap/Ambiguity  Composition  p-value
   1  DrolusSFB    1.05%    passed     92.40%
   2  Dino         1.52%    passed     99.25%
   3  MJM3360      0.12%    passed     91.43%
   4  DrobinSFB    0.64%    passed     17.57%
   5  Neam        26.01%    passed     51.09%
   6  RuprSFB      0.12%    passed     61.95%
   7  Retr        46.92%    passed     61.03%
   8  Beta         1.23%    passed     87.75%
   9  Spol        25.01%    passed     62.63%
  10  MJM1652      0.70%    passed     82.76%
  11  NepSFB       0.00%    passed     75.21%
  12  WPYJ         1.29%    passed     96.81%
  13  MJM2940      0.00%    passed     79.21%
****  TOTAL        8.05%  0 sequences failed composition chi2 test (p-value<5%; df=3)

Create initial parsimony tree by phylogenetic likelihood library (PLL)... 0.001 seconds

NOTE: 1 MB RAM (0 GB) is required!
Estimate model parameters (epsilon = 0.100)
1. Initial log-likelihood: -10222.251
2. Current log-likelihood: -9738.101
3. Current log-likelihood: -9733.222
Optimal log-likelihood: -9733.161
Rate parameters:  A-C: 1.52156  A-G: 4.43544  A-T: 1.18991  C-G: 1.18531  C-T: 6.38465  G-T: 1.00000
Base frequencies:  A: 0.295  C: 0.185  G: 0.235  T: 0.285
Gamma shape alpha: 0.398
Parameters optimization took 3 rounds (0.040 sec)
Computing ML distances based on estimated model parameters... 0.001 sec
Computing BIONJ tree...
0.002 seconds
Log-likelihood of BIONJ tree: -9723.935
--------------------------------------------------------------------
|             INITIALIZING CANDIDATE TREE SET                      |
--------------------------------------------------------------------
Generating 98 parsimony trees... 0.097 second
Computing log-likelihood of 96 initial trees ... 0.440 seconds
Current best score: -9723.935

Do NNI search on 20 best initial trees
Estimate model parameters (epsilon = 0.100)
BETTER TREE FOUND at iteration 1: -9723.811
Iteration 10 / LogL: -9725.409 / Time: 0h:0m:0s
Iteration 20 / LogL: -9723.895 / Time: 0h:0m:1s
Finish initializing candidate tree set (1)
Current best tree score: -9723.811 / CPU time: 1.270
Number of iterations: 20
--------------------------------------------------------------------
|               OPTIMIZING CANDIDATE TREE SET                      |
--------------------------------------------------------------------
Iteration 30 / LogL: -9724.838 / Time: 0h:0m:1s (0h:0m:4s left)
UPDATE BEST LOG-LIKELIHOOD: -9723.811
Iteration 40 / LogL: -9723.823 / Time: 0h:0m:2s (0h:0m:3s left)
Iteration 50 / LogL: -9723.817 / Time: 0h:0m:2s (0h:0m:2s left)
Iteration 60 / LogL: -9723.832 / Time: 0h:0m:2s (0h:0m:2s left)
Iteration 70 / LogL: -9724.019 / Time: 0h:0m:3s (0h:0m:1s left)
Iteration 80 / LogL: -9724.920 / Time: 0h:0m:3s (0h:0m:0s left)
Iteration 90 / LogL: -9723.819 / Time: 0h:0m:4s (0h:0m:0s left)
UPDATE BEST LOG-LIKELIHOOD: -9723.811
Iteration 100 / LogL: -9723.820 / Time: 0h:0m:4s (0h:0m:0s left)
TREE SEARCH COMPLETED AFTER 102 ITERATIONS / Time: 0h:0m:4s

--------------------------------------------------------------------
|                    FINALIZING TREE SEARCH                        |
--------------------------------------------------------------------
Performs final model parameters optimization
Estimate model parameters (epsilon = 0.010)
1. Initial log-likelihood: -9723.811
Optimal log-likelihood: -9723.811
Rate parameters:  A-C: 1.51007  A-G: 4.43392  A-T: 1.19308  C-G: 1.18020  C-T: 6.39012  G-T: 1.00000
Base frequencies:  A: 0.295  C: 0.185  G: 0.235  T: 0.285
Gamma shape alpha: 0.402
Parameters optimization took 1 rounds (0.005 sec)
BEST SCORE FOUND : -9723.811

Testing tree branches by SH-like aLRT with 1000 replicates...
0.099 sec.
Total tree length: 1.335

Total number of iterations: 102
CPU time used for tree search: 5.626 sec (0h:0m:5s)
Wall-clock time used for tree search: 4.601 sec (0h:0m:4s)
Total CPU time used: 6.076 sec (0h:0m:6s)
Total wall-clock time used: 4.765 sec (0h:0m:4s)

Analysis results written to: 
  IQ-TREE report:                cluster1957rr.1to1ortho.fa.aln-cln_gene578.fa.iqtree
  Maximum-likelihood tree:       cluster1957rr.1to1ortho.fa.aln-cln_gene578.fa.treefile
  Likelihood distances:          cluster1957rr.1to1ortho.fa.aln-cln_gene578.fa.mldist
  Screen log file:               cluster1957rr.1to1ortho.fa.aln-cln_gene578.fa.log

Date and Time: Mon Nov 25 09:53:22 2019
