IQ-TREE multicore version 1.6.11 for Mac OS X 64-bit built Jul 12 2019
Developed by Bui Quang Minh, Nguyen Lam Tung, Olga Chernomor,
Heiko Schmidt, Dominik Schrempf, Michael Woodhams.

Host:    slpc437 (AVX2, FMA3, 16 GB RAM)
Command: iqtree -s cluster3013rr.1to1ortho.fa.aln-cln_gene484.fa -nt 4 -m GTR+G -alrt 1000
Seed:    519819 (Using SPRNG - Scalable Parallel Random Number Generator)
Time:    Mon Nov 25 10:19:58 2019
Kernel:  AVX+FMA - 4 threads (6 CPU cores detected)

Reading alignment file cluster3013rr.1to1ortho.fa.aln-cln_gene484.fa ... Fasta format detected
Alignment most likely contains DNA/RNA sequences
Alignment has 13 sequences with 1703 columns, 785 distinct patterns
607 parsimony-informative, 247 singleton sites, 849 constant sites
           Gap/Ambiguity  Composition  p-value
   1  DrolusSFB    1.59%    passed     65.41%
   2  Dino         0.12%    passed     71.37%
   3  MJM3360      1.23%    passed     18.11%
   4  DrobinSFB    0.47%    passed     49.92%
   5  Neam         0.29%    passed     90.74%
   6  RuprSFB      0.65%    passed     87.60%
   7  Retr        41.93%    passed      5.03%
   8  Beta         0.76%    passed     45.66%
   9  Spol         1.41%    passed     82.33%
  10  MJM1652      0.12%    passed     67.36%
  11  NepSFB       0.29%    passed     94.43%
  12  WPYJ         7.93%    passed     86.89%
  13  MJM2940      0.29%    passed     94.50%
****  TOTAL        4.39%  0 sequences failed composition chi2 test (p-value<5%; df=3)

Create initial parsimony tree by phylogenetic likelihood library (PLL)... 0.001 seconds

NOTE: 1 MB RAM (0 GB) is required!
Estimate model parameters (epsilon = 0.100)
1. Initial log-likelihood: -11572.213
2. Current log-likelihood: -11145.716
3. Current log-likelihood: -11141.425
Optimal log-likelihood: -11141.313
Rate parameters:  A-C: 2.07324  A-G: 4.16881  A-T: 1.43054  C-G: 2.04650  C-T: 6.81074  G-T: 1.00000
Base frequencies:  A: 0.282  C: 0.180  G: 0.250  T: 0.288
Gamma shape alpha: 0.453
Parameters optimization took 3 rounds (0.041 sec)
Computing ML distances based on estimated model parameters... 0.002 sec
Computing BIONJ tree...
0.002 seconds
Log-likelihood of BIONJ tree: -11148.428
--------------------------------------------------------------------
|             INITIALIZING CANDIDATE TREE SET                      |
--------------------------------------------------------------------
Generating 98 parsimony trees... 0.103 second
Computing log-likelihood of 98 initial trees ... 0.443 seconds
Current best score: -11141.313

Do NNI search on 20 best initial trees
Estimate model parameters (epsilon = 0.100)
BETTER TREE FOUND at iteration 1: -11139.769
Iteration 10 / LogL: -11139.856 / Time: 0h:0m:0s
Iteration 20 / LogL: -11139.816 / Time: 0h:0m:1s
Finish initializing candidate tree set (2)
Current best tree score: -11139.769 / CPU time: 1.136
Number of iterations: 20
--------------------------------------------------------------------
|               OPTIMIZING CANDIDATE TREE SET                      |
--------------------------------------------------------------------
Iteration 30 / LogL: -11141.611 / Time: 0h:0m:1s (0h:0m:3s left)
Iteration 40 / LogL: -11140.217 / Time: 0h:0m:2s (0h:0m:3s left)
Iteration 50 / LogL: -11139.915 / Time: 0h:0m:2s (0h:0m:2s left)
UPDATE BEST LOG-LIKELIHOOD: -11139.769
Iteration 60 / LogL: -11139.783 / Time: 0h:0m:3s (0h:0m:2s left)
Iteration 70 / LogL: -11139.775 / Time: 0h:0m:3s (0h:0m:1s left)
Iteration 80 / LogL: -11140.766 / Time: 0h:0m:3s (0h:0m:1s left)
Iteration 90 / LogL: -11139.773 / Time: 0h:0m:4s (0h:0m:0s left)
Iteration 100 / LogL: -11139.896 / Time: 0h:0m:4s (0h:0m:0s left)
TREE SEARCH COMPLETED AFTER 102 ITERATIONS / Time: 0h:0m:4s

--------------------------------------------------------------------
|                    FINALIZING TREE SEARCH                        |
--------------------------------------------------------------------
Performs final model parameters optimization
Estimate model parameters (epsilon = 0.010)
1. Initial log-likelihood: -11139.769
Optimal log-likelihood: -11139.768
Rate parameters:  A-C: 2.08368  A-G: 4.17442  A-T: 1.41846  C-G: 2.04307  C-T: 6.81314  G-T: 1.00000
Base frequencies:  A: 0.282  C: 0.180  G: 0.250  T: 0.288
Gamma shape alpha: 0.454
Parameters optimization took 1 rounds (0.005 sec)
BEST SCORE FOUND : -11139.768

Testing tree branches by SH-like aLRT with 1000 replicates...
0.100 sec.
Total tree length: 1.669

Total number of iterations: 102
CPU time used for tree search: 6.133 sec (0h:0m:6s)
Wall-clock time used for tree search: 4.918 sec (0h:0m:4s)
Total CPU time used: 6.592 sec (0h:0m:6s)
Total wall-clock time used: 5.084 sec (0h:0m:5s)

Analysis results written to: 
  IQ-TREE report:                cluster3013rr.1to1ortho.fa.aln-cln_gene484.fa.iqtree
  Maximum-likelihood tree:       cluster3013rr.1to1ortho.fa.aln-cln_gene484.fa.treefile
  Likelihood distances:          cluster3013rr.1to1ortho.fa.aln-cln_gene484.fa.mldist
  Screen log file:               cluster3013rr.1to1ortho.fa.aln-cln_gene484.fa.log

Date and Time: Mon Nov 25 10:20:03 2019
