IQ-TREE multicore version 1.6.11 for Mac OS X 64-bit built Jul 12 2019
Developed by Bui Quang Minh, Nguyen Lam Tung, Olga Chernomor,
Heiko Schmidt, Dominik Schrempf, Michael Woodhams.

Host:    slpc437 (AVX2, FMA3, 16 GB RAM)
Command: iqtree -s cluster3680rr.1to1ortho.fa.aln-cln_gene557.fa -nt 4 -m GTR+G -alrt 1000
Seed:    364069 (Using SPRNG - Scalable Parallel Random Number Generator)
Time:    Mon Nov 25 10:34:35 2019
Kernel:  AVX+FMA - 4 threads (6 CPU cores detected)

Reading alignment file cluster3680rr.1to1ortho.fa.aln-cln_gene557.fa ... Fasta format detected
Alignment most likely contains DNA/RNA sequences
Alignment has 13 sequences with 2473 columns, 1027 distinct patterns
808 parsimony-informative, 405 singleton sites, 1260 constant sites
           Gap/Ambiguity  Composition  p-value
   1  DrolusSFB    0.57%    passed     85.67%
   2  Dino         5.46%    passed     51.95%
   3  MJM3360     17.06%    passed     78.74%
   4  DrobinSFB    5.62%    passed     64.65%
   5  Neam         0.20%    passed     64.04%
   6  RuprSFB     11.69%    passed     81.14%
   7  Retr        14.31%    passed     71.42%
   8  Beta         9.02%    passed     96.12%
   9  Spol         9.02%    passed     90.48%
  10  MJM1652     11.97%    passed     91.81%
  11  NepSFB       0.20%    passed     75.26%
  12  WPYJ        14.23%    passed     95.48%
  13  MJM2940      0.69%    passed     88.15%
****  TOTAL        7.70%  0 sequences failed composition chi2 test (p-value<5%; df=3)

Create initial parsimony tree by phylogenetic likelihood library (PLL)... 0.001 seconds

NOTE: 1 MB RAM (0 GB) is required!
Estimate model parameters (epsilon = 0.100)
1. Initial log-likelihood: -15625.592
2. Current log-likelihood: -14947.636
3. Current log-likelihood: -14942.366
Optimal log-likelihood: -14942.276
Rate parameters:  A-C: 1.95858  A-G: 4.67491  A-T: 1.86445  C-G: 1.74795  C-T: 8.85486  G-T: 1.00000
Base frequencies:  A: 0.287  C: 0.187  G: 0.248  T: 0.279
Gamma shape alpha: 0.484
Parameters optimization took 3 rounds (0.047 sec)
Computing ML distances based on estimated model parameters... 0.002 sec
Computing BIONJ tree...
0.002 seconds
Log-likelihood of BIONJ tree: -14942.276
--------------------------------------------------------------------
|             INITIALIZING CANDIDATE TREE SET                      |
--------------------------------------------------------------------
Generating 99 parsimony trees... 0.110 second
Computing log-likelihood of 97 initial trees ... 0.470 seconds
Current best score: -14942.276

Do NNI search on 20 best initial trees
Estimate model parameters (epsilon = 0.100)
BETTER TREE FOUND at iteration 1: -14942.273
Iteration 10 / LogL: -14942.304 / Time: 0h:0m:0s
Iteration 20 / LogL: -14942.314 / Time: 0h:0m:1s
Finish initializing candidate tree set (1)
Current best tree score: -14942.273 / CPU time: 1.196
Number of iterations: 20
--------------------------------------------------------------------
|               OPTIMIZING CANDIDATE TREE SET                      |
--------------------------------------------------------------------
UPDATE BEST LOG-LIKELIHOOD: -14942.273
Iteration 30 / LogL: -14942.463 / Time: 0h:0m:1s (0h:0m:4s left)
Iteration 40 / LogL: -14942.386 / Time: 0h:0m:2s (0h:0m:3s left)
Iteration 50 / LogL: -14942.294 / Time: 0h:0m:2s (0h:0m:2s left)
Iteration 60 / LogL: -14944.308 / Time: 0h:0m:2s (0h:0m:1s left)
Iteration 70 / LogL: -14942.319 / Time: 0h:0m:3s (0h:0m:1s left)
Iteration 80 / LogL: -14942.297 / Time: 0h:0m:3s (0h:0m:0s left)
Iteration 90 / LogL: -14942.316 / Time: 0h:0m:4s (0h:0m:0s left)
Iteration 100 / LogL: -14942.301 / Time: 0h:0m:4s (0h:0m:0s left)
TREE SEARCH COMPLETED AFTER 102 ITERATIONS / Time: 0h:0m:4s

--------------------------------------------------------------------
|                    FINALIZING TREE SEARCH                        |
--------------------------------------------------------------------
Performs final model parameters optimization
Estimate model parameters (epsilon = 0.010)
1. Initial log-likelihood: -14942.273
Optimal log-likelihood: -14942.273
Rate parameters:  A-C: 1.95577  A-G: 4.65822  A-T: 1.86218  C-G: 1.74405  C-T: 8.87040  G-T: 1.00000
Base frequencies:  A: 0.287  C: 0.187  G: 0.248  T: 0.279
Gamma shape alpha: 0.484
Parameters optimization took 1 rounds (0.006 sec)
BEST SCORE FOUND : -14942.273

Testing tree branches by SH-like aLRT with 1000 replicates...
0.134 sec.
Total tree length: 1.573

Total number of iterations: 102
CPU time used for tree search: 6.215 sec (0h:0m:6s)
Wall-clock time used for tree search: 4.472 sec (0h:0m:4s)
Total CPU time used: 6.838 sec (0h:0m:6s)
Total wall-clock time used: 4.679 sec (0h:0m:4s)

Analysis results written to: 
  IQ-TREE report:                cluster3680rr.1to1ortho.fa.aln-cln_gene557.fa.iqtree
  Maximum-likelihood tree:       cluster3680rr.1to1ortho.fa.aln-cln_gene557.fa.treefile
  Likelihood distances:          cluster3680rr.1to1ortho.fa.aln-cln_gene557.fa.mldist
  Screen log file:               cluster3680rr.1to1ortho.fa.aln-cln_gene557.fa.log

Date and Time: Mon Nov 25 10:34:40 2019
