IQ-TREE multicore version 1.6.11 for Mac OS X 64-bit built Jul 12 2019
Developed by Bui Quang Minh, Nguyen Lam Tung, Olga Chernomor,
Heiko Schmidt, Dominik Schrempf, Michael Woodhams.

Host:    slpc437 (AVX2, FMA3, 16 GB RAM)
Command: iqtree -s cluster3731rr.1to1ortho.fa.aln-cln_gene740.fa -nt 4 -m GTR+G -alrt 1000
Seed:    576545 (Using SPRNG - Scalable Parallel Random Number Generator)
Time:    Mon Nov 25 10:35:49 2019
Kernel:  AVX+FMA - 4 threads (6 CPU cores detected)

Reading alignment file cluster3731rr.1to1ortho.fa.aln-cln_gene740.fa ... Fasta format detected
Alignment most likely contains DNA/RNA sequences
Alignment has 13 sequences with 1473 columns, 671 distinct patterns
506 parsimony-informative, 217 singleton sites, 750 constant sites
           Gap/Ambiguity  Composition  p-value
   1  DrolusSFB    1.09%    passed     79.56%
   2  Dino         0.61%    passed     77.22%
   3  MJM3360      0.14%    passed     90.92%
   4  DrobinSFB    1.29%    passed     88.47%
   5  Neam         0.61%    passed     92.16%
   6  RuprSFB      0.14%    passed     78.08%
   7  Retr         0.14%    passed     92.84%
   8  Beta         5.97%    passed     85.66%
   9  Spol        28.92%    passed     90.28%
  10  MJM1652      0.81%    passed     68.31%
  11  NepSFB       0.61%    passed     88.35%
  12  WPYJ         3.73%    passed     68.62%
  13  MJM2940      0.61%    passed     81.07%
****  TOTAL        3.44%  0 sequences failed composition chi2 test (p-value<5%; df=3)

Create initial parsimony tree by phylogenetic likelihood library (PLL)... 0.001 seconds

NOTE: 1 MB RAM (0 GB) is required!
Estimate model parameters (epsilon = 0.100)
1. Initial log-likelihood: -9616.801
2. Current log-likelihood: -9217.044
3. Current log-likelihood: -9214.498
Optimal log-likelihood: -9214.446
Rate parameters:  A-C: 2.02704  A-G: 4.85708  A-T: 1.90823  C-G: 1.38153  C-T: 7.18887  G-T: 1.00000
Base frequencies:  A: 0.294  C: 0.188  G: 0.251  T: 0.266
Gamma shape alpha: 0.455
Parameters optimization took 3 rounds (0.043 sec)
Computing ML distances based on estimated model parameters... 0.001 sec
Computing BIONJ tree...
0.002 seconds
Log-likelihood of BIONJ tree: -9214.445
--------------------------------------------------------------------
|             INITIALIZING CANDIDATE TREE SET                      |
--------------------------------------------------------------------
Generating 99 parsimony trees... 0.092 second
Computing log-likelihood of 98 initial trees ... 0.428 seconds
Current best score: -9214.445

Do NNI search on 20 best initial trees
Estimate model parameters (epsilon = 0.100)
BETTER TREE FOUND at iteration 1: -9212.939
Iteration 10 / LogL: -9213.633 / Time: 0h:0m:0s
Iteration 20 / LogL: -9212.951 / Time: 0h:0m:1s
Finish initializing candidate tree set (2)
Current best tree score: -9212.939 / CPU time: 1.025
Number of iterations: 20
--------------------------------------------------------------------
|               OPTIMIZING CANDIDATE TREE SET                      |
--------------------------------------------------------------------
Iteration 30 / LogL: -9213.860 / Time: 0h:0m:1s (0h:0m:3s left)
Iteration 40 / LogL: -9212.969 / Time: 0h:0m:1s (0h:0m:2s left)
Iteration 50 / LogL: -9213.026 / Time: 0h:0m:2s (0h:0m:2s left)
UPDATE BEST LOG-LIKELIHOOD: -9212.939
Iteration 60 / LogL: -9212.972 / Time: 0h:0m:2s (0h:0m:1s left)
Iteration 70 / LogL: -9212.957 / Time: 0h:0m:3s (0h:0m:1s left)
Iteration 80 / LogL: -9212.950 / Time: 0h:0m:3s (0h:0m:0s left)
Iteration 90 / LogL: -9214.838 / Time: 0h:0m:4s (0h:0m:0s left)
Iteration 100 / LogL: -9212.949 / Time: 0h:0m:4s (0h:0m:0s left)
TREE SEARCH COMPLETED AFTER 102 ITERATIONS / Time: 0h:0m:4s

--------------------------------------------------------------------
|                    FINALIZING TREE SEARCH                        |
--------------------------------------------------------------------
Performs final model parameters optimization
Estimate model parameters (epsilon = 0.010)
1. Initial log-likelihood: -9212.939
Optimal log-likelihood: -9212.938
Rate parameters:  A-C: 2.01084  A-G: 4.87134  A-T: 1.92622  C-G: 1.35648  C-T: 7.19027  G-T: 1.00000
Base frequencies:  A: 0.294  C: 0.188  G: 0.251  T: 0.266
Gamma shape alpha: 0.455
Parameters optimization took 1 rounds (0.005 sec)
BEST SCORE FOUND : -9212.938

Testing tree branches by SH-like aLRT with 1000 replicates...
0.086 sec.
Total tree length: 1.523

Total number of iterations: 102
CPU time used for tree search: 5.376 sec (0h:0m:5s)
Wall-clock time used for tree search: 4.556 sec (0h:0m:4s)
Total CPU time used: 5.790 sec (0h:0m:5s)
Total wall-clock time used: 4.710 sec (0h:0m:4s)

Analysis results written to: 
  IQ-TREE report:                cluster3731rr.1to1ortho.fa.aln-cln_gene740.fa.iqtree
  Maximum-likelihood tree:       cluster3731rr.1to1ortho.fa.aln-cln_gene740.fa.treefile
  Likelihood distances:          cluster3731rr.1to1ortho.fa.aln-cln_gene740.fa.mldist
  Screen log file:               cluster3731rr.1to1ortho.fa.aln-cln_gene740.fa.log

Date and Time: Mon Nov 25 10:35:54 2019
