IQ-TREE multicore version 1.6.11 for Mac OS X 64-bit built Jul 12 2019
Developed by Bui Quang Minh, Nguyen Lam Tung, Olga Chernomor,
Heiko Schmidt, Dominik Schrempf, Michael Woodhams.

Host:    slpc437 (AVX2, FMA3, 16 GB RAM)
Command: iqtree -s cluster4211rr.1to1ortho.fa.aln-cln_gene664.fa -nt 4 -m GTR+G -alrt 1000
Seed:    304816 (Using SPRNG - Scalable Parallel Random Number Generator)
Time:    Mon Nov 25 10:46:04 2019
Kernel:  AVX+FMA - 4 threads (6 CPU cores detected)

Reading alignment file cluster4211rr.1to1ortho.fa.aln-cln_gene664.fa ... Fasta format detected
Alignment most likely contains DNA/RNA sequences
Alignment has 13 sequences with 3606 columns, 1696 distinct patterns
1389 parsimony-informative, 522 singleton sites, 1695 constant sites
           Gap/Ambiguity  Composition  p-value
   1  DrolusSFB    7.90%    passed     98.00%
   2  Dino         0.33%    passed     90.92%
   3  MJM3360      4.83%    passed     76.76%
   4  DrobinSFB    0.33%    passed     58.93%
   5  Neam         0.08%    passed     70.30%
   6  RuprSFB      4.05%    passed     87.38%
   7  Retr        29.78%    passed      7.17%
   8  Beta         1.39%    passed     25.70%
   9  Spol         1.36%    passed     10.91%
  10  MJM1652      0.42%    passed     98.95%
  11  NepSFB       0.08%    passed     54.06%
  12  WPYJ        57.32%    passed     40.76%
  13  MJM2940      1.83%    passed     25.14%
WARNING: 1 sequences contain more than 50% gaps/ambiguity
****  TOTAL        8.44%  0 sequences failed composition chi2 test (p-value<5%; df=3)

Create initial parsimony tree by phylogenetic likelihood library (PLL)... 0.002 seconds

NOTE: 2 MB RAM (0 GB) is required!
Estimate model parameters (epsilon = 0.100)
1. Initial log-likelihood: -24970.465
2. Current log-likelihood: -23973.239
3. Current log-likelihood: -23960.202
4. Current log-likelihood: -23959.866
Optimal log-likelihood: -23959.854
Rate parameters:  A-C: 2.27011  A-G: 4.69443  A-T: 1.46975  C-G: 1.54287  C-T: 6.52058  G-T: 1.00000
Base frequencies:  A: 0.282  C: 0.186  G: 0.258  T: 0.274
Gamma shape alpha: 0.491
Parameters optimization took 4 rounds (0.075 sec)
Computing ML distances based on estimated model parameters... 0.003 sec
Computing BIONJ tree...
0.002 seconds
Log-likelihood of BIONJ tree: -23962.802
--------------------------------------------------------------------
|             INITIALIZING CANDIDATE TREE SET                      |
--------------------------------------------------------------------
Generating 98 parsimony trees... 0.159 second
Computing log-likelihood of 98 initial trees ... 0.570 seconds
Current best score: -23959.854

Do NNI search on 20 best initial trees
Estimate model parameters (epsilon = 0.100)
BETTER TREE FOUND at iteration 1: -23959.853
Iteration 10 / LogL: -23959.860 / Time: 0h:0m:1s
Iteration 20 / LogL: -23959.871 / Time: 0h:0m:1s
Finish initializing candidate tree set (1)
Current best tree score: -23959.853 / CPU time: 1.494
Number of iterations: 20
--------------------------------------------------------------------
|               OPTIMIZING CANDIDATE TREE SET                      |
--------------------------------------------------------------------
Iteration 30 / LogL: -23959.871 / Time: 0h:0m:2s (0h:0m:5s left)
UPDATE BEST LOG-LIKELIHOOD: -23959.853
Iteration 40 / LogL: -23959.922 / Time: 0h:0m:2s (0h:0m:4s left)
UPDATE BEST LOG-LIKELIHOOD: -23959.853
Iteration 50 / LogL: -23959.930 / Time: 0h:0m:3s (0h:0m:3s left)
Iteration 60 / LogL: -23960.163 / Time: 0h:0m:3s (0h:0m:2s left)
Iteration 70 / LogL: -23959.985 / Time: 0h:0m:4s (0h:0m:1s left)
Iteration 80 / LogL: -23962.502 / Time: 0h:0m:4s (0h:0m:1s left)
Iteration 90 / LogL: -23959.856 / Time: 0h:0m:5s (0h:0m:0s left)
Iteration 100 / LogL: -23959.865 / Time: 0h:0m:6s (0h:0m:0s left)
TREE SEARCH COMPLETED AFTER 102 ITERATIONS / Time: 0h:0m:6s

--------------------------------------------------------------------
|                    FINALIZING TREE SEARCH                        |
--------------------------------------------------------------------
Performs final model parameters optimization
Estimate model parameters (epsilon = 0.010)
1. Initial log-likelihood: -23959.853
Optimal log-likelihood: -23959.852
Rate parameters:  A-C: 2.27164  A-G: 4.69507  A-T: 1.47027  C-G: 1.54339  C-T: 6.52821  G-T: 1.00000
Base frequencies:  A: 0.282  C: 0.186  G: 0.258  T: 0.274
Gamma shape alpha: 0.491
Parameters optimization took 1 rounds (0.008 sec)
BEST SCORE FOUND : -23959.852

Testing tree branches by SH-like aLRT with 1000 replicates...
0.189 sec.
Total tree length: 1.981

Total number of iterations: 102
CPU time used for tree search: 10.422 sec (0h:0m:10s)
Wall-clock time used for tree search: 6.091 sec (0h:0m:6s)
Total CPU time used: 11.373 sec (0h:0m:11s)
Total wall-clock time used: 6.428 sec (0h:0m:6s)

Analysis results written to: 
  IQ-TREE report:                cluster4211rr.1to1ortho.fa.aln-cln_gene664.fa.iqtree
  Maximum-likelihood tree:       cluster4211rr.1to1ortho.fa.aln-cln_gene664.fa.treefile
  Likelihood distances:          cluster4211rr.1to1ortho.fa.aln-cln_gene664.fa.mldist
  Screen log file:               cluster4211rr.1to1ortho.fa.aln-cln_gene664.fa.log

Date and Time: Mon Nov 25 10:46:10 2019
