IQ-TREE multicore version 1.6.11 for Mac OS X 64-bit built Jul 12 2019
Developed by Bui Quang Minh, Nguyen Lam Tung, Olga Chernomor,
Heiko Schmidt, Dominik Schrempf, Michael Woodhams.

Host:    slpc437 (AVX2, FMA3, 16 GB RAM)
Command: iqtree -s cluster3529rr.1to1ortho.fa.aln-cln_gene146.fa -nt 4 -m GTR+G -alrt 1000
Seed:    999696 (Using SPRNG - Scalable Parallel Random Number Generator)
Time:    Mon Nov 25 10:32:29 2019
Kernel:  AVX+FMA - 4 threads (6 CPU cores detected)

Reading alignment file cluster3529rr.1to1ortho.fa.aln-cln_gene146.fa ... Fasta format detected
Alignment most likely contains DNA/RNA sequences
Alignment has 13 sequences with 2629 columns, 1453 distinct patterns
1041 parsimony-informative, 527 singleton sites, 1061 constant sites
           Gap/Ambiguity  Composition  p-value
   1  DrolusSFB    1.33%    passed     60.30%
   2  Dino         0.23%    passed     98.69%
   3  MJM3360     31.00%    passed      9.83%
   4  DrobinSFB   36.52%    passed     95.51%
   5  Neam         0.46%    passed     91.07%
   6  RuprSFB     14.95%    passed     52.10%
   7  Retr         9.59%    passed     96.85%
   8  Beta         1.86%    failed      4.70%
   9  Spol         1.86%    passed      8.64%
  10  MJM1652      0.57%    passed     88.83%
  11  NepSFB       0.46%    passed     90.05%
  12  WPYJ        17.92%    passed     99.63%
  13  MJM2940      1.45%    passed     76.64%
****  TOTAL        9.09%  1 sequences failed composition chi2 test (p-value<5%; df=3)

Create initial parsimony tree by phylogenetic likelihood library (PLL)... 0.002 seconds

NOTE: 2 MB RAM (0 GB) is required!
Estimate model parameters (epsilon = 0.100)
1. Initial log-likelihood: -18836.510
2. Current log-likelihood: -18223.899
3. Current log-likelihood: -18219.082
Optimal log-likelihood: -18219.035
Rate parameters:  A-C: 1.93352  A-G: 3.61227  A-T: 1.44492  C-G: 1.38080  C-T: 5.07203  G-T: 1.00000
Base frequencies:  A: 0.288  C: 0.169  G: 0.282  T: 0.261
Gamma shape alpha: 0.683
Parameters optimization took 3 rounds (0.056 sec)
Computing ML distances based on estimated model parameters... 0.002 sec
Computing BIONJ tree...
0.002 seconds
Log-likelihood of BIONJ tree: -18216.750
--------------------------------------------------------------------
|             INITIALIZING CANDIDATE TREE SET                      |
--------------------------------------------------------------------
Generating 98 parsimony trees... 0.144 second
Computing log-likelihood of 97 initial trees ... 0.542 seconds
Current best score: -18212.149

Do NNI search on 20 best initial trees
Estimate model parameters (epsilon = 0.100)
BETTER TREE FOUND at iteration 1: -18211.879
Iteration 10 / LogL: -18211.892 / Time: 0h:0m:1s
Iteration 20 / LogL: -18211.883 / Time: 0h:0m:1s
Finish initializing candidate tree set (1)
Current best tree score: -18211.879 / CPU time: 1.631
Number of iterations: 20
--------------------------------------------------------------------
|               OPTIMIZING CANDIDATE TREE SET                      |
--------------------------------------------------------------------
Iteration 30 / LogL: -18211.954 / Time: 0h:0m:2s (0h:0m:5s left)
Iteration 40 / LogL: -18225.801 / Time: 0h:0m:2s (0h:0m:4s left)
UPDATE BEST LOG-LIKELIHOOD: -18211.879
Iteration 50 / LogL: -18211.930 / Time: 0h:0m:3s (0h:0m:3s left)
Iteration 60 / LogL: -18211.882 / Time: 0h:0m:3s (0h:0m:2s left)
Iteration 70 / LogL: -18211.884 / Time: 0h:0m:4s (0h:0m:2s left)
Iteration 80 / LogL: -18211.880 / Time: 0h:0m:5s (0h:0m:1s left)
Iteration 90 / LogL: -18212.891 / Time: 0h:0m:5s (0h:0m:0s left)
Iteration 100 / LogL: -18222.068 / Time: 0h:0m:6s (0h:0m:0s left)
TREE SEARCH COMPLETED AFTER 102 ITERATIONS / Time: 0h:0m:6s

--------------------------------------------------------------------
|                    FINALIZING TREE SEARCH                        |
--------------------------------------------------------------------
Performs final model parameters optimization
Estimate model parameters (epsilon = 0.010)
1. Initial log-likelihood: -18211.879
Optimal log-likelihood: -18211.877
Rate parameters:  A-C: 1.92759  A-G: 3.58755  A-T: 1.46212  C-G: 1.38343  C-T: 5.07713  G-T: 1.00000
Base frequencies:  A: 0.288  C: 0.169  G: 0.282  T: 0.261
Gamma shape alpha: 0.678
Parameters optimization took 1 rounds (0.007 sec)
BEST SCORE FOUND : -18211.877

Testing tree branches by SH-like aLRT with 1000 replicates...
0.146 sec.
Total tree length: 2.169

Total number of iterations: 102
CPU time used for tree search: 10.356 sec (0h:0m:10s)
Wall-clock time used for tree search: 6.465 sec (0h:0m:6s)
Total CPU time used: 11.079 sec (0h:0m:11s)
Total wall-clock time used: 6.698 sec (0h:0m:6s)

Analysis results written to: 
  IQ-TREE report:                cluster3529rr.1to1ortho.fa.aln-cln_gene146.fa.iqtree
  Maximum-likelihood tree:       cluster3529rr.1to1ortho.fa.aln-cln_gene146.fa.treefile
  Likelihood distances:          cluster3529rr.1to1ortho.fa.aln-cln_gene146.fa.mldist
  Screen log file:               cluster3529rr.1to1ortho.fa.aln-cln_gene146.fa.log

Date and Time: Mon Nov 25 10:32:35 2019
