IQ-TREE multicore version 1.6.11 for Mac OS X 64-bit built Jul 12 2019
Developed by Bui Quang Minh, Nguyen Lam Tung, Olga Chernomor,
Heiko Schmidt, Dominik Schrempf, Michael Woodhams.

Host:    slpc437 (AVX2, FMA3, 16 GB RAM)
Command: iqtree -s cluster1275rr.1to1ortho.fa.aln-cln_gene1192.fa -nt 4 -m GTR+G -alrt 1000
Seed:    700742 (Using SPRNG - Scalable Parallel Random Number Generator)
Time:    Mon Nov 25 09:39:54 2019
Kernel:  AVX+FMA - 4 threads (6 CPU cores detected)

Reading alignment file cluster1275rr.1to1ortho.fa.aln-cln_gene1192.fa ... Fasta format detected
Alignment most likely contains DNA/RNA sequences
Alignment has 13 sequences with 1799 columns, 885 distinct patterns
703 parsimony-informative, 311 singleton sites, 785 constant sites
           Gap/Ambiguity  Composition  p-value
   1  DrolusSFB    0.78%    passed     91.40%
   2  Dino         3.78%    passed     82.08%
   3  MJM3360      2.33%    passed     50.10%
   4  DrobinSFB    4.50%    passed     86.02%
   5  Neam         0.28%    passed     69.12%
   6  RuprSFB      7.73%    passed     86.68%
   7  Retr         5.84%    passed     62.91%
   8  Beta         0.94%    passed     87.24%
   9  Spol         0.78%    passed     47.05%
  10  MJM1652      0.67%    passed     79.21%
  11  NepSFB       0.17%    passed     60.25%
  12  WPYJ         5.45%    passed     78.58%
  13  MJM2940      0.28%    passed     91.66%
****  TOTAL        2.58%  0 sequences failed composition chi2 test (p-value<5%; df=3)

Create initial parsimony tree by phylogenetic likelihood library (PLL)... 0.001 seconds

NOTE: 1 MB RAM (0 GB) is required!
Estimate model parameters (epsilon = 0.100)
1. Initial log-likelihood: -13389.507
2. Current log-likelihood: -12990.786
3. Current log-likelihood: -12987.736
Optimal log-likelihood: -12987.675
Rate parameters:  A-C: 1.39810  A-G: 3.39421  A-T: 1.38361  C-G: 1.15264  C-T: 4.13363  G-T: 1.00000
Base frequencies:  A: 0.280  C: 0.207  G: 0.245  T: 0.268
Gamma shape alpha: 0.551
Parameters optimization took 3 rounds (0.052 sec)
Computing ML distances based on estimated model parameters... 0.002 sec
Computing BIONJ tree...
0.002 seconds
Log-likelihood of BIONJ tree: -12987.674
--------------------------------------------------------------------
|             INITIALIZING CANDIDATE TREE SET                      |
--------------------------------------------------------------------
Generating 99 parsimony trees... 0.101 second
Computing log-likelihood of 98 initial trees ... 0.465 seconds
Current best score: -12987.674

Do NNI search on 20 best initial trees
Estimate model parameters (epsilon = 0.100)
BETTER TREE FOUND at iteration 1: -12987.672
Iteration 10 / LogL: -12987.713 / Time: 0h:0m:0s
Iteration 20 / LogL: -12987.676 / Time: 0h:0m:1s
Finish initializing candidate tree set (1)
Current best tree score: -12987.672 / CPU time: 1.138
Number of iterations: 20
--------------------------------------------------------------------
|               OPTIMIZING CANDIDATE TREE SET                      |
--------------------------------------------------------------------
Iteration 30 / LogL: -12987.982 / Time: 0h:0m:1s (0h:0m:3s left)
Iteration 40 / LogL: -12987.812 / Time: 0h:0m:2s (0h:0m:3s left)
Iteration 50 / LogL: -12987.899 / Time: 0h:0m:2s (0h:0m:2s left)
Iteration 60 / LogL: -12987.680 / Time: 0h:0m:3s (0h:0m:2s left)
Iteration 70 / LogL: -12987.681 / Time: 0h:0m:3s (0h:0m:1s left)
Iteration 80 / LogL: -12989.921 / Time: 0h:0m:3s (0h:0m:1s left)
Iteration 90 / LogL: -12987.759 / Time: 0h:0m:4s (0h:0m:0s left)
Iteration 100 / LogL: -12987.746 / Time: 0h:0m:4s (0h:0m:0s left)
TREE SEARCH COMPLETED AFTER 102 ITERATIONS / Time: 0h:0m:4s

--------------------------------------------------------------------
|                    FINALIZING TREE SEARCH                        |
--------------------------------------------------------------------
Performs final model parameters optimization
Estimate model parameters (epsilon = 0.010)
1. Initial log-likelihood: -12987.672
Optimal log-likelihood: -12987.670
Rate parameters:  A-C: 1.40519  A-G: 3.40062  A-T: 1.38602  C-G: 1.15420  C-T: 4.14130  G-T: 1.00000
Base frequencies:  A: 0.280  C: 0.207  G: 0.245  T: 0.268
Gamma shape alpha: 0.552
Parameters optimization took 1 rounds (0.006 sec)
BEST SCORE FOUND : -12987.670

Testing tree branches by SH-like aLRT with 1000 replicates...
0.104 sec.
Total tree length: 1.933

Total number of iterations: 102
CPU time used for tree search: 6.385 sec (0h:0m:6s)
Wall-clock time used for tree search: 4.876 sec (0h:0m:4s)
Total CPU time used: 6.899 sec (0h:0m:6s)
Total wall-clock time used: 5.058 sec (0h:0m:5s)

Analysis results written to: 
  IQ-TREE report:                cluster1275rr.1to1ortho.fa.aln-cln_gene1192.fa.iqtree
  Maximum-likelihood tree:       cluster1275rr.1to1ortho.fa.aln-cln_gene1192.fa.treefile
  Likelihood distances:          cluster1275rr.1to1ortho.fa.aln-cln_gene1192.fa.mldist
  Screen log file:               cluster1275rr.1to1ortho.fa.aln-cln_gene1192.fa.log

Date and Time: Mon Nov 25 09:39:59 2019
