IQ-TREE multicore version 1.6.11 for Mac OS X 64-bit built Jul 12 2019
Developed by Bui Quang Minh, Nguyen Lam Tung, Olga Chernomor,
Heiko Schmidt, Dominik Schrempf, Michael Woodhams.

Host:    slpc437 (AVX2, FMA3, 16 GB RAM)
Command: iqtree -s cluster2014rr.1to1ortho.fa.aln-cln_gene685.fa -nt 4 -m GTR+G -alrt 1000
Seed:    523764 (Using SPRNG - Scalable Parallel Random Number Generator)
Time:    Mon Nov 25 09:53:57 2019
Kernel:  AVX+FMA - 4 threads (6 CPU cores detected)

Reading alignment file cluster2014rr.1to1ortho.fa.aln-cln_gene685.fa ... Fasta format detected
Alignment most likely contains DNA/RNA sequences
Alignment has 13 sequences with 1774 columns, 723 distinct patterns
531 parsimony-informative, 325 singleton sites, 918 constant sites
           Gap/Ambiguity  Composition  p-value
   1  DrolusSFB   24.01%    passed     40.31%
   2  Dino         0.06%    passed     63.11%
   3  MJM3360     30.55%    passed     98.93%
   4  DrobinSFB   25.31%    passed     52.66%
   5  Neam         0.00%    passed     52.97%
   6  RuprSFB     30.55%    passed     82.77%
   7  Retr        36.02%    passed     89.16%
   8  Beta        31.23%    passed     77.17%
   9  Spol        65.61%    passed     20.81%
  10  MJM1652      0.06%    passed     63.05%
  11  NepSFB       0.00%    passed     47.55%
  12  WPYJ        51.41%    passed      7.91%
  13  MJM2940     22.60%    passed     40.53%
WARNING: 2 sequences contain more than 50% gaps/ambiguity
****  TOTAL       24.42%  0 sequences failed composition chi2 test (p-value<5%; df=3)

Create initial parsimony tree by phylogenetic likelihood library (PLL)... 0.001 seconds

NOTE: 1 MB RAM (0 GB) is required!
Estimate model parameters (epsilon = 0.100)
1. Initial log-likelihood: -10103.062
2. Current log-likelihood: -9683.014
3. Current log-likelihood: -9677.956
Optimal log-likelihood: -9677.850
Rate parameters:  A-C: 1.51740  A-G: 3.78994  A-T: 1.30796  C-G: 1.07121  C-T: 5.54308  G-T: 1.00000
Base frequencies:  A: 0.281  C: 0.196  G: 0.256  T: 0.267
Gamma shape alpha: 0.474
Parameters optimization took 3 rounds (0.047 sec)
Computing ML distances based on estimated model parameters... 0.001 sec
Computing BIONJ tree...
0.002 seconds
Log-likelihood of BIONJ tree: -9680.658
--------------------------------------------------------------------
|             INITIALIZING CANDIDATE TREE SET                      |
--------------------------------------------------------------------
Generating 98 parsimony trees... 0.094 second
Computing log-likelihood of 98 initial trees ... 0.472 seconds
Current best score: -9676.666

Do NNI search on 20 best initial trees
Estimate model parameters (epsilon = 0.100)
BETTER TREE FOUND at iteration 1: -9670.482
Iteration 10 / LogL: -9670.499 / Time: 0h:0m:0s
Iteration 20 / LogL: -9670.505 / Time: 0h:0m:1s
Finish initializing candidate tree set (1)
Current best tree score: -9670.482 / CPU time: 1.284
Number of iterations: 20
--------------------------------------------------------------------
|               OPTIMIZING CANDIDATE TREE SET                      |
--------------------------------------------------------------------
Iteration 30 / LogL: -9670.490 / Time: 0h:0m:1s (0h:0m:4s left)
Iteration 40 / LogL: -9670.590 / Time: 0h:0m:2s (0h:0m:3s left)
Iteration 50 / LogL: -9670.553 / Time: 0h:0m:2s (0h:0m:2s left)
Iteration 60 / LogL: -9676.072 / Time: 0h:0m:2s (0h:0m:2s left)
Iteration 70 / LogL: -9671.479 / Time: 0h:0m:3s (0h:0m:1s left)
Iteration 80 / LogL: -9670.546 / Time: 0h:0m:3s (0h:0m:0s left)
Iteration 90 / LogL: -9670.490 / Time: 0h:0m:4s (0h:0m:0s left)
Iteration 100 / LogL: -9670.548 / Time: 0h:0m:4s (0h:0m:0s left)
TREE SEARCH COMPLETED AFTER 102 ITERATIONS / Time: 0h:0m:4s

--------------------------------------------------------------------
|                    FINALIZING TREE SEARCH                        |
--------------------------------------------------------------------
Performs final model parameters optimization
Estimate model parameters (epsilon = 0.010)
1. Initial log-likelihood: -9670.482
Optimal log-likelihood: -9670.481
Rate parameters:  A-C: 1.46690  A-G: 3.79423  A-T: 1.30623  C-G: 1.08622  C-T: 5.55166  G-T: 1.00000
Base frequencies:  A: 0.281  C: 0.196  G: 0.256  T: 0.267
Gamma shape alpha: 0.474
Parameters optimization took 1 rounds (0.005 sec)
BEST SCORE FOUND : -9670.481

Testing tree branches by SH-like aLRT with 1000 replicates...
0.101 sec.
Total tree length: 1.870

Total number of iterations: 102
CPU time used for tree search: 5.840 sec (0h:0m:5s)
Wall-clock time used for tree search: 4.834 sec (0h:0m:4s)
Total CPU time used: 6.320 sec (0h:0m:6s)
Total wall-clock time used: 5.009 sec (0h:0m:5s)

Analysis results written to: 
  IQ-TREE report:                cluster2014rr.1to1ortho.fa.aln-cln_gene685.fa.iqtree
  Maximum-likelihood tree:       cluster2014rr.1to1ortho.fa.aln-cln_gene685.fa.treefile
  Likelihood distances:          cluster2014rr.1to1ortho.fa.aln-cln_gene685.fa.mldist
  Screen log file:               cluster2014rr.1to1ortho.fa.aln-cln_gene685.fa.log

Date and Time: Mon Nov 25 09:54:02 2019
