IQ-TREE multicore version 1.6.11 for Mac OS X 64-bit built Jul 12 2019
Developed by Bui Quang Minh, Nguyen Lam Tung, Olga Chernomor,
Heiko Schmidt, Dominik Schrempf, Michael Woodhams.

Host:    slpc437 (AVX2, FMA3, 16 GB RAM)
Command: iqtree -s cluster2265rr.1to1ortho.fa.aln-cln_gene464.fa -nt 4 -m GTR+G -alrt 1000
Seed:    563054 (Using SPRNG - Scalable Parallel Random Number Generator)
Time:    Mon Nov 25 10:00:54 2019
Kernel:  AVX+FMA - 4 threads (6 CPU cores detected)

Reading alignment file cluster2265rr.1to1ortho.fa.aln-cln_gene464.fa ... Fasta format detected
Alignment most likely contains DNA/RNA sequences
Alignment has 13 sequences with 3165 columns, 1536 distinct patterns
1196 parsimony-informative, 567 singleton sites, 1402 constant sites
           Gap/Ambiguity  Composition  p-value
   1  DrolusSFB    0.19%    passed     90.02%
   2  Dino         9.29%    passed     69.94%
   3  MJM3360      1.14%    passed     28.43%
   4  DrobinSFB    0.38%    passed     13.03%
   5  Neam         0.19%    passed     80.50%
   6  RuprSFB      0.38%    passed     69.09%
   7  Retr        28.03%    passed     80.05%
   8  Beta         0.57%    passed     97.71%
   9  Spol         0.00%    passed     72.31%
  10  MJM1652      0.38%    passed     86.37%
  11  NepSFB       0.19%    passed     79.54%
  12  WPYJ        63.54%    passed     73.98%
  13  MJM2940      0.25%    passed     88.15%
WARNING: 1 sequences contain more than 50% gaps/ambiguity
****  TOTAL        8.04%  0 sequences failed composition chi2 test (p-value<5%; df=3)

Create initial parsimony tree by phylogenetic likelihood library (PLL)... 0.002 seconds

NOTE: 2 MB RAM (0 GB) is required!
Estimate model parameters (epsilon = 0.100)
1. Initial log-likelihood: -22102.912
2. Current log-likelihood: -21329.263
3. Current log-likelihood: -21324.849
Optimal log-likelihood: -21324.809
Rate parameters:  A-C: 1.75229  A-G: 4.64350  A-T: 1.72414  C-G: 1.37439  C-T: 5.52412  G-T: 1.00000
Base frequencies:  A: 0.284  C: 0.197  G: 0.231  T: 0.288
Gamma shape alpha: 0.638
Parameters optimization took 3 rounds (0.059 sec)
Computing ML distances based on estimated model parameters... 0.002 sec
Computing BIONJ tree...
0.002 seconds
Log-likelihood of BIONJ tree: -21320.634
--------------------------------------------------------------------
|             INITIALIZING CANDIDATE TREE SET                      |
--------------------------------------------------------------------
Generating 98 parsimony trees... 0.148 second
Computing log-likelihood of 98 initial trees ... 0.539 seconds
Current best score: -21320.634

Do NNI search on 20 best initial trees
Estimate model parameters (epsilon = 0.100)
BETTER TREE FOUND at iteration 1: -21317.675
Iteration 10 / LogL: -21323.068 / Time: 0h:0m:1s
Iteration 20 / LogL: -21317.707 / Time: 0h:0m:1s
Finish initializing candidate tree set (1)
Current best tree score: -21317.675 / CPU time: 1.493
Number of iterations: 20
--------------------------------------------------------------------
|               OPTIMIZING CANDIDATE TREE SET                      |
--------------------------------------------------------------------
Iteration 30 / LogL: -21317.967 / Time: 0h:0m:2s (0h:0m:5s left)
Iteration 40 / LogL: -21323.820 / Time: 0h:0m:2s (0h:0m:4s left)
Iteration 50 / LogL: -21318.290 / Time: 0h:0m:3s (0h:0m:3s left)
Iteration 60 / LogL: -21317.966 / Time: 0h:0m:3s (0h:0m:2s left)
Iteration 70 / LogL: -21317.961 / Time: 0h:0m:3s (0h:0m:1s left)
Iteration 80 / LogL: -21317.902 / Time: 0h:0m:4s (0h:0m:1s left)
UPDATE BEST LOG-LIKELIHOOD: -21317.675
Iteration 90 / LogL: -21317.725 / Time: 0h:0m:4s (0h:0m:0s left)
Iteration 100 / LogL: -21318.005 / Time: 0h:0m:5s (0h:0m:0s left)
TREE SEARCH COMPLETED AFTER 102 ITERATIONS / Time: 0h:0m:5s

--------------------------------------------------------------------
|                    FINALIZING TREE SEARCH                        |
--------------------------------------------------------------------
Performs final model parameters optimization
Estimate model parameters (epsilon = 0.010)
1. Initial log-likelihood: -21317.675
Optimal log-likelihood: -21317.673
Rate parameters:  A-C: 1.75281  A-G: 4.65253  A-T: 1.72480  C-G: 1.36500  C-T: 5.53326  G-T: 1.00000
Base frequencies:  A: 0.284  C: 0.197  G: 0.231  T: 0.288
Gamma shape alpha: 0.638
Parameters optimization took 1 rounds (0.008 sec)
BEST SCORE FOUND : -21317.673

Testing tree branches by SH-like aLRT with 1000 replicates...
0.170 sec.
Total tree length: 1.795

Total number of iterations: 102
CPU time used for tree search: 8.730 sec (0h:0m:8s)
Wall-clock time used for tree search: 5.299 sec (0h:0m:5s)
Total CPU time used: 9.559 sec (0h:0m:9s)
Total wall-clock time used: 5.559 sec (0h:0m:5s)

Analysis results written to: 
  IQ-TREE report:                cluster2265rr.1to1ortho.fa.aln-cln_gene464.fa.iqtree
  Maximum-likelihood tree:       cluster2265rr.1to1ortho.fa.aln-cln_gene464.fa.treefile
  Likelihood distances:          cluster2265rr.1to1ortho.fa.aln-cln_gene464.fa.mldist
  Screen log file:               cluster2265rr.1to1ortho.fa.aln-cln_gene464.fa.log

Date and Time: Mon Nov 25 10:01:00 2019
