IQ-TREE multicore version 1.6.11 for Mac OS X 64-bit built Jul 12 2019
Developed by Bui Quang Minh, Nguyen Lam Tung, Olga Chernomor,
Heiko Schmidt, Dominik Schrempf, Michael Woodhams.

Host:    slpc437 (AVX2, FMA3, 16 GB RAM)
Command: iqtree -s cluster934rr.1to1ortho.fa.aln-cln_gene1143.fa -nt 4 -m GTR+G -alrt 1000
Seed:    924672 (Using SPRNG - Scalable Parallel Random Number Generator)
Time:    Mon Nov 25 11:14:48 2019
Kernel:  AVX+FMA - 4 threads (6 CPU cores detected)

Reading alignment file cluster934rr.1to1ortho.fa.aln-cln_gene1143.fa ... Fasta format detected
Alignment most likely contains DNA/RNA sequences
Alignment has 13 sequences with 2820 columns, 1236 distinct patterns
936 parsimony-informative, 510 singleton sites, 1374 constant sites
           Gap/Ambiguity  Composition  p-value
   1  DrolusSFB   12.41%    passed     52.31%
   2  Dino         3.79%    passed     41.93%
   3  MJM3360      8.19%    passed     74.08%
   4  DrobinSFB   17.91%    passed     23.30%
   5  Neam         6.91%    passed     77.61%
   6  RuprSFB      7.98%    passed     66.67%
   7  Retr        25.99%    passed     49.07%
   8  Beta        11.17%    passed     80.26%
   9  Spol        11.10%    passed     74.93%
  10  MJM1652      1.67%    passed     93.32%
  11  NepSFB       6.91%    passed     68.16%
  12  WPYJ        18.94%    passed     96.80%
  13  MJM2940     27.09%    passed     27.39%
****  TOTAL       12.31%  0 sequences failed composition chi2 test (p-value<5%; df=3)

Create initial parsimony tree by phylogenetic likelihood library (PLL)... 0.001 seconds

NOTE: 2 MB RAM (0 GB) is required!
Estimate model parameters (epsilon = 0.100)
1. Initial log-likelihood: -17813.788
2. Current log-likelihood: -17183.964
3. Current log-likelihood: -17180.153
Optimal log-likelihood: -17180.087
Rate parameters:  A-C: 2.04083  A-G: 4.18207  A-T: 1.82279  C-G: 1.68585  C-T: 6.25773  G-T: 1.00000
Base frequencies:  A: 0.285  C: 0.182  G: 0.260  T: 0.273
Gamma shape alpha: 0.526
Parameters optimization took 3 rounds (0.052 sec)
Computing ML distances based on estimated model parameters... 0.002 sec
Computing BIONJ tree...
0.002 seconds
Log-likelihood of BIONJ tree: -17180.847
--------------------------------------------------------------------
|             INITIALIZING CANDIDATE TREE SET                      |
--------------------------------------------------------------------
Generating 98 parsimony trees... 0.130 second
Computing log-likelihood of 98 initial trees ... 0.514 seconds
Current best score: -17180.087

Do NNI search on 20 best initial trees
Estimate model parameters (epsilon = 0.100)
BETTER TREE FOUND at iteration 1: -17180.085
Iteration 10 / LogL: -17180.341 / Time: 0h:0m:0s
Iteration 20 / LogL: -17180.098 / Time: 0h:0m:1s
Finish initializing candidate tree set (1)
Current best tree score: -17180.085 / CPU time: 1.250
Number of iterations: 20
--------------------------------------------------------------------
|               OPTIMIZING CANDIDATE TREE SET                      |
--------------------------------------------------------------------
Iteration 30 / LogL: -17180.437 / Time: 0h:0m:1s (0h:0m:4s left)
Iteration 40 / LogL: -17180.094 / Time: 0h:0m:2s (0h:0m:3s left)
Iteration 50 / LogL: -17180.140 / Time: 0h:0m:2s (0h:0m:2s left)
Iteration 60 / LogL: -17183.605 / Time: 0h:0m:3s (0h:0m:2s left)
Iteration 70 / LogL: -17180.943 / Time: 0h:0m:3s (0h:0m:1s left)
Iteration 80 / LogL: -17180.090 / Time: 0h:0m:4s (0h:0m:1s left)
Iteration 90 / LogL: -17180.156 / Time: 0h:0m:4s (0h:0m:0s left)
Iteration 100 / LogL: -17180.104 / Time: 0h:0m:5s (0h:0m:0s left)
TREE SEARCH COMPLETED AFTER 102 ITERATIONS / Time: 0h:0m:5s

--------------------------------------------------------------------
|                    FINALIZING TREE SEARCH                        |
--------------------------------------------------------------------
Performs final model parameters optimization
Estimate model parameters (epsilon = 0.010)
1. Initial log-likelihood: -17180.085
Optimal log-likelihood: -17180.085
Rate parameters:  A-C: 2.04024  A-G: 4.17730  A-T: 1.82233  C-G: 1.68425  C-T: 6.26678  G-T: 1.00000
Base frequencies:  A: 0.285  C: 0.182  G: 0.260  T: 0.273
Gamma shape alpha: 0.526
Parameters optimization took 1 rounds (0.007 sec)
BEST SCORE FOUND : -17180.085

Testing tree branches by SH-like aLRT with 1000 replicates...
0.152 sec.
Total tree length: 1.666

Total number of iterations: 102
CPU time used for tree search: 7.907 sec (0h:0m:7s)
Wall-clock time used for tree search: 5.312 sec (0h:0m:5s)
Total CPU time used: 8.621 sec (0h:0m:8s)
Total wall-clock time used: 5.543 sec (0h:0m:5s)

Analysis results written to: 
  IQ-TREE report:                cluster934rr.1to1ortho.fa.aln-cln_gene1143.fa.iqtree
  Maximum-likelihood tree:       cluster934rr.1to1ortho.fa.aln-cln_gene1143.fa.treefile
  Likelihood distances:          cluster934rr.1to1ortho.fa.aln-cln_gene1143.fa.mldist
  Screen log file:               cluster934rr.1to1ortho.fa.aln-cln_gene1143.fa.log

Date and Time: Mon Nov 25 11:14:54 2019
