IQ-TREE multicore version 1.6.11 for Mac OS X 64-bit built Jul 12 2019
Developed by Bui Quang Minh, Nguyen Lam Tung, Olga Chernomor,
Heiko Schmidt, Dominik Schrempf, Michael Woodhams.

Host:    slpc437 (AVX2, FMA3, 16 GB RAM)
Command: iqtree -s cluster978rr.1to1ortho.fa.aln-cln_gene631.fa -nt 4 -m GTR+G -alrt 1000
Seed:    998809 (Using SPRNG - Scalable Parallel Random Number Generator)
Time:    Mon Nov 25 11:15:07 2019
Kernel:  AVX+FMA - 4 threads (6 CPU cores detected)

Reading alignment file cluster978rr.1to1ortho.fa.aln-cln_gene631.fa ... Fasta format detected
Alignment most likely contains DNA/RNA sequences
Alignment has 13 sequences with 1466 columns, 596 distinct patterns
435 parsimony-informative, 174 singleton sites, 857 constant sites
           Gap/Ambiguity  Composition  p-value
   1  DrolusSFB    0.75%    passed     81.08%
   2  Dino         3.21%    passed     98.59%
   3  MJM3360      3.62%    passed     63.25%
   4  DrobinSFB    3.21%    passed     64.01%
   5  Neam         1.98%    passed     98.98%
   6  RuprSFB      3.41%    passed     93.25%
   7  Retr         1.84%    passed     73.41%
   8  Beta        17.39%    passed     55.56%
   9  Spol         2.46%    passed     60.84%
  10  MJM1652      3.41%    passed     85.69%
  11  NepSFB       1.98%    passed     98.10%
  12  WPYJ         2.25%    passed     88.29%
  13  MJM2940      5.05%    passed     99.19%
****  TOTAL        3.89%  0 sequences failed composition chi2 test (p-value<5%; df=3)

Create initial parsimony tree by phylogenetic likelihood library (PLL)... 0.001 seconds

NOTE: 1 MB RAM (0 GB) is required!
Estimate model parameters (epsilon = 0.100)
1. Initial log-likelihood: -8831.945
2. Current log-likelihood: -8423.452
3. Current log-likelihood: -8419.669
Optimal log-likelihood: -8419.642
Rate parameters:  A-C: 1.45932  A-G: 4.08186  A-T: 1.45521  C-G: 0.90132  C-T: 5.22130  G-T: 1.00000
Base frequencies:  A: 0.258  C: 0.207  G: 0.238  T: 0.298
Gamma shape alpha: 0.295
Parameters optimization took 3 rounds (0.034 sec)
Computing ML distances based on estimated model parameters... 0.001 sec
Computing BIONJ tree...
0.002 seconds
Log-likelihood of BIONJ tree: -8418.636
--------------------------------------------------------------------
|             INITIALIZING CANDIDATE TREE SET                      |
--------------------------------------------------------------------
Generating 98 parsimony trees... 0.082 second
Computing log-likelihood of 97 initial trees ... 0.412 seconds
Current best score: -8418.636

Do NNI search on 20 best initial trees
Estimate model parameters (epsilon = 0.100)
BETTER TREE FOUND at iteration 1: -8417.255
Iteration 10 / LogL: -8417.311 / Time: 0h:0m:0s
Iteration 20 / LogL: -8417.258 / Time: 0h:0m:1s
Finish initializing candidate tree set (1)
Current best tree score: -8417.255 / CPU time: 1.089
Number of iterations: 20
--------------------------------------------------------------------
|               OPTIMIZING CANDIDATE TREE SET                      |
--------------------------------------------------------------------
Iteration 30 / LogL: -8417.301 / Time: 0h:0m:1s (0h:0m:3s left)
Iteration 40 / LogL: -8417.529 / Time: 0h:0m:1s (0h:0m:2s left)
Iteration 50 / LogL: -8417.400 / Time: 0h:0m:2s (0h:0m:2s left)
Iteration 60 / LogL: -8469.625 / Time: 0h:0m:2s (0h:0m:1s left)
Iteration 70 / LogL: -8417.260 / Time: 0h:0m:3s (0h:0m:1s left)
Iteration 80 / LogL: -8417.259 / Time: 0h:0m:3s (0h:0m:0s left)
Iteration 90 / LogL: -8417.360 / Time: 0h:0m:3s (0h:0m:0s left)
Iteration 100 / LogL: -8417.475 / Time: 0h:0m:4s (0h:0m:0s left)
TREE SEARCH COMPLETED AFTER 102 ITERATIONS / Time: 0h:0m:4s

--------------------------------------------------------------------
|                    FINALIZING TREE SEARCH                        |
--------------------------------------------------------------------
Performs final model parameters optimization
Estimate model parameters (epsilon = 0.010)
1. Initial log-likelihood: -8417.255
Optimal log-likelihood: -8417.255
Rate parameters:  A-C: 1.49939  A-G: 4.18436  A-T: 1.49484  C-G: 0.91686  C-T: 5.29538  G-T: 1.00000
Base frequencies:  A: 0.258  C: 0.207  G: 0.238  T: 0.298
Gamma shape alpha: 0.297
Parameters optimization took 1 rounds (0.005 sec)
BEST SCORE FOUND : -8417.255

Testing tree branches by SH-like aLRT with 1000 replicates...
0.087 sec.
Total tree length: 1.347

Total number of iterations: 102
CPU time used for tree search: 4.795 sec (0h:0m:4s)
Wall-clock time used for tree search: 4.245 sec (0h:0m:4s)
Total CPU time used: 5.179 sec (0h:0m:5s)
Total wall-clock time used: 4.390 sec (0h:0m:4s)

Analysis results written to: 
  IQ-TREE report:                cluster978rr.1to1ortho.fa.aln-cln_gene631.fa.iqtree
  Maximum-likelihood tree:       cluster978rr.1to1ortho.fa.aln-cln_gene631.fa.treefile
  Likelihood distances:          cluster978rr.1to1ortho.fa.aln-cln_gene631.fa.mldist
  Screen log file:               cluster978rr.1to1ortho.fa.aln-cln_gene631.fa.log

Date and Time: Mon Nov 25 11:15:12 2019
