IQ-TREE multicore version 1.6.11 for Mac OS X 64-bit built Jul 12 2019
Developed by Bui Quang Minh, Nguyen Lam Tung, Olga Chernomor,
Heiko Schmidt, Dominik Schrempf, Michael Woodhams.

Host:    slpc437 (AVX2, FMA3, 16 GB RAM)
Command: iqtree -s cluster1556rr.1to1ortho.fa.aln-cln_gene975.fa -nt 4 -m GTR+G -alrt 1000
Seed:    896180 (Using SPRNG - Scalable Parallel Random Number Generator)
Time:    Mon Nov 25 09:45:09 2019
Kernel:  AVX+FMA - 4 threads (6 CPU cores detected)

Reading alignment file cluster1556rr.1to1ortho.fa.aln-cln_gene975.fa ... Fasta format detected
Alignment most likely contains DNA/RNA sequences
Alignment has 13 sequences with 1280 columns, 643 distinct patterns
502 parsimony-informative, 219 singleton sites, 559 constant sites
           Gap/Ambiguity  Composition  p-value
   1  DrolusSFB    2.19%    passed     53.14%
   2  Dino         1.48%    passed     70.95%
   3  MJM3360      3.52%    passed     79.11%
   4  DrobinSFB    0.55%    passed     88.02%
   5  Neam         0.00%    passed     74.66%
   6  RuprSFB      1.17%    passed     51.28%
   7  Retr         3.28%    passed     93.15%
   8  Beta         0.23%    passed     85.60%
   9  Spol         0.23%    passed     72.18%
  10  MJM1652      1.95%    passed     80.77%
  11  NepSFB       0.00%    passed     60.62%
  12  WPYJ         6.48%    passed     85.58%
  13  MJM2940      0.08%    passed     64.20%
****  TOTAL        1.63%  0 sequences failed composition chi2 test (p-value<5%; df=3)

Create initial parsimony tree by phylogenetic likelihood library (PLL)... 0.001 seconds

NOTE: 1 MB RAM (0 GB) is required!
Estimate model parameters (epsilon = 0.100)
1. Initial log-likelihood: -9279.579
2. Current log-likelihood: -8986.569
3. Current log-likelihood: -8984.571
Optimal log-likelihood: -8984.521
Rate parameters:  A-C: 1.44776  A-G: 2.96827  A-T: 1.09215  C-G: 1.22753  C-T: 4.85399  G-T: 1.00000
Base frequencies:  A: 0.282  C: 0.181  G: 0.261  T: 0.276
Gamma shape alpha: 0.612
Parameters optimization took 3 rounds (0.037 sec)
Computing ML distances based on estimated model parameters... 0.001 sec
Computing BIONJ tree...
0.002 seconds
Log-likelihood of BIONJ tree: -8981.143
--------------------------------------------------------------------
|             INITIALIZING CANDIDATE TREE SET                      |
--------------------------------------------------------------------
Generating 98 parsimony trees... 0.083 second
Computing log-likelihood of 96 initial trees ... 0.425 seconds
Current best score: -8981.143

Do NNI search on 20 best initial trees
Estimate model parameters (epsilon = 0.100)
BETTER TREE FOUND at iteration 1: -8981.126
Iteration 10 / LogL: -8981.155 / Time: 0h:0m:0s
Iteration 20 / LogL: -8981.141 / Time: 0h:0m:1s
Finish initializing candidate tree set (1)
Current best tree score: -8981.126 / CPU time: 1.073
Number of iterations: 20
--------------------------------------------------------------------
|               OPTIMIZING CANDIDATE TREE SET                      |
--------------------------------------------------------------------
Iteration 30 / LogL: -8981.667 / Time: 0h:0m:1s (0h:0m:3s left)
Iteration 40 / LogL: -8981.151 / Time: 0h:0m:1s (0h:0m:2s left)
Iteration 50 / LogL: -8981.548 / Time: 0h:0m:2s (0h:0m:2s left)
Iteration 60 / LogL: -8981.132 / Time: 0h:0m:2s (0h:0m:1s left)
Iteration 70 / LogL: -8981.184 / Time: 0h:0m:3s (0h:0m:1s left)
Iteration 80 / LogL: -8981.355 / Time: 0h:0m:3s (0h:0m:0s left)
Iteration 90 / LogL: -8981.217 / Time: 0h:0m:3s (0h:0m:0s left)
Iteration 100 / LogL: -8981.172 / Time: 0h:0m:4s (0h:0m:0s left)
TREE SEARCH COMPLETED AFTER 102 ITERATIONS / Time: 0h:0m:4s

--------------------------------------------------------------------
|                    FINALIZING TREE SEARCH                        |
--------------------------------------------------------------------
Performs final model parameters optimization
Estimate model parameters (epsilon = 0.010)
1. Initial log-likelihood: -8981.126
Optimal log-likelihood: -8981.126
Rate parameters:  A-C: 1.43715  A-G: 2.97968  A-T: 1.09440  C-G: 1.20819  C-T: 4.85735  G-T: 1.00000
Base frequencies:  A: 0.282  C: 0.181  G: 0.261  T: 0.276
Gamma shape alpha: 0.613
Parameters optimization took 1 rounds (0.005 sec)
BEST SCORE FOUND : -8981.126

Testing tree branches by SH-like aLRT with 1000 replicates...
0.081 sec.
Total tree length: 1.785

Total number of iterations: 102
CPU time used for tree search: 4.818 sec (0h:0m:4s)
Wall-clock time used for tree search: 4.163 sec (0h:0m:4s)
Total CPU time used: 5.185 sec (0h:0m:5s)
Total wall-clock time used: 4.305 sec (0h:0m:4s)

Analysis results written to: 
  IQ-TREE report:                cluster1556rr.1to1ortho.fa.aln-cln_gene975.fa.iqtree
  Maximum-likelihood tree:       cluster1556rr.1to1ortho.fa.aln-cln_gene975.fa.treefile
  Likelihood distances:          cluster1556rr.1to1ortho.fa.aln-cln_gene975.fa.mldist
  Screen log file:               cluster1556rr.1to1ortho.fa.aln-cln_gene975.fa.log

Date and Time: Mon Nov 25 09:45:14 2019
