IQ-TREE multicore version 1.6.11 for Mac OS X 64-bit built Jul 12 2019
Developed by Bui Quang Minh, Nguyen Lam Tung, Olga Chernomor,
Heiko Schmidt, Dominik Schrempf, Michael Woodhams.

Host:    slpc437 (AVX2, FMA3, 16 GB RAM)
Command: iqtree -s cluster4162rr.1to1ortho.fa.aln-cln_gene786.fa -nt 4 -m GTR+G -alrt 1000
Seed:    992476 (Using SPRNG - Scalable Parallel Random Number Generator)
Time:    Mon Nov 25 10:44:49 2019
Kernel:  AVX+FMA - 4 threads (6 CPU cores detected)

Reading alignment file cluster4162rr.1to1ortho.fa.aln-cln_gene786.fa ... Fasta format detected
Alignment most likely contains DNA/RNA sequences
Alignment has 13 sequences with 2467 columns, 1016 distinct patterns
884 parsimony-informative, 317 singleton sites, 1266 constant sites
           Gap/Ambiguity  Composition  p-value
   1  DrolusSFB    1.86%    passed     86.99%
   2  Dino         0.12%    passed     86.78%
   3  MJM3360      2.03%    passed     99.09%
   4  DrobinSFB    0.12%    passed     63.90%
   5  Neam         0.16%    passed     99.21%
   6  RuprSFB      1.58%    passed     92.57%
   7  Retr         0.77%    passed     96.16%
   8  Beta         1.01%    passed     87.64%
   9  Spol        10.38%    passed     55.33%
  10  MJM1652      0.00%    passed     93.27%
  11  NepSFB       0.16%    passed     98.02%
  12  WPYJ         2.03%    passed     60.72%
  13  MJM2940      0.69%    passed     98.96%
****  TOTAL        1.61%  0 sequences failed composition chi2 test (p-value<5%; df=3)

Create initial parsimony tree by phylogenetic likelihood library (PLL)... 0.001 seconds

NOTE: 1 MB RAM (0 GB) is required!
Estimate model parameters (epsilon = 0.100)
1. Initial log-likelihood: -16495.794
2. Current log-likelihood: -15860.096
3. Current log-likelihood: -15854.143
Optimal log-likelihood: -15854.061
Rate parameters:  A-C: 1.59136  A-G: 4.79535  A-T: 1.58825  C-G: 1.50695  C-T: 5.68627  G-T: 1.00000
Base frequencies:  A: 0.269  C: 0.193  G: 0.234  T: 0.304
Gamma shape alpha: 0.425
Parameters optimization took 3 rounds (0.046 sec)
Computing ML distances based on estimated model parameters... 0.002 sec
Computing BIONJ tree...
0.002 seconds
Log-likelihood of BIONJ tree: -15848.245
--------------------------------------------------------------------
|             INITIALIZING CANDIDATE TREE SET                      |
--------------------------------------------------------------------
Generating 98 parsimony trees... 0.108 second
Computing log-likelihood of 96 initial trees ... 0.464 seconds
Current best score: -15847.593

Do NNI search on 20 best initial trees
Estimate model parameters (epsilon = 0.100)
BETTER TREE FOUND at iteration 1: -15846.864
Iteration 10 / LogL: -15846.869 / Time: 0h:0m:0s
Iteration 20 / LogL: -15846.937 / Time: 0h:0m:1s
Finish initializing candidate tree set (1)
Current best tree score: -15846.864 / CPU time: 1.288
Number of iterations: 20
--------------------------------------------------------------------
|               OPTIMIZING CANDIDATE TREE SET                      |
--------------------------------------------------------------------
Iteration 30 / LogL: -15847.388 / Time: 0h:0m:1s (0h:0m:4s left)
Iteration 40 / LogL: -15846.896 / Time: 0h:0m:2s (0h:0m:3s left)
Iteration 50 / LogL: -15846.968 / Time: 0h:0m:2s (0h:0m:2s left)
Iteration 60 / LogL: -15847.014 / Time: 0h:0m:3s (0h:0m:2s left)
Iteration 70 / LogL: -15846.867 / Time: 0h:0m:3s (0h:0m:1s left)
Iteration 80 / LogL: -15846.891 / Time: 0h:0m:4s (0h:0m:1s left)
Iteration 90 / LogL: -15847.354 / Time: 0h:0m:4s (0h:0m:0s left)
UPDATE BEST LOG-LIKELIHOOD: -15846.863
Iteration 100 / LogL: -15846.895 / Time: 0h:0m:4s (0h:0m:0s left)
TREE SEARCH COMPLETED AFTER 102 ITERATIONS / Time: 0h:0m:4s

--------------------------------------------------------------------
|                    FINALIZING TREE SEARCH                        |
--------------------------------------------------------------------
Performs final model parameters optimization
Estimate model parameters (epsilon = 0.010)
1. Initial log-likelihood: -15846.863
Optimal log-likelihood: -15846.863
Rate parameters:  A-C: 1.58510  A-G: 4.80035  A-T: 1.58268  C-G: 1.49652  C-T: 5.69496  G-T: 1.00000
Base frequencies:  A: 0.269  C: 0.193  G: 0.234  T: 0.304
Gamma shape alpha: 0.427
Parameters optimization took 1 rounds (0.006 sec)
BEST SCORE FOUND : -15846.863

Testing tree branches by SH-like aLRT with 1000 replicates...
0.134 sec.
Total tree length: 1.531

Total number of iterations: 102
CPU time used for tree search: 6.740 sec (0h:0m:6s)
Wall-clock time used for tree search: 4.887 sec (0h:0m:4s)
Total CPU time used: 7.360 sec (0h:0m:7s)
Total wall-clock time used: 5.093 sec (0h:0m:5s)

Analysis results written to: 
  IQ-TREE report:                cluster4162rr.1to1ortho.fa.aln-cln_gene786.fa.iqtree
  Maximum-likelihood tree:       cluster4162rr.1to1ortho.fa.aln-cln_gene786.fa.treefile
  Likelihood distances:          cluster4162rr.1to1ortho.fa.aln-cln_gene786.fa.mldist
  Screen log file:               cluster4162rr.1to1ortho.fa.aln-cln_gene786.fa.log

Date and Time: Mon Nov 25 10:44:55 2019
