IQ-TREE multicore version 1.6.11 for Mac OS X 64-bit built Jul 12 2019
Developed by Bui Quang Minh, Nguyen Lam Tung, Olga Chernomor,
Heiko Schmidt, Dominik Schrempf, Michael Woodhams.

Host:    slpc437 (AVX2, FMA3, 16 GB RAM)
Command: iqtree -s cluster4278rr.1to1ortho.fa.aln-cln_gene755.fa -nt 4 -m GTR+G -alrt 1000
Seed:    956960 (Using SPRNG - Scalable Parallel Random Number Generator)
Time:    Mon Nov 25 10:47:50 2019
Kernel:  AVX+FMA - 4 threads (6 CPU cores detected)

Reading alignment file cluster4278rr.1to1ortho.fa.aln-cln_gene755.fa ... Fasta format detected
Alignment most likely contains DNA/RNA sequences
Alignment has 13 sequences with 2028 columns, 1102 distinct patterns
857 parsimony-informative, 342 singleton sites, 829 constant sites
           Gap/Ambiguity  Composition  p-value
   1  DrolusSFB    0.39%    passed     23.42%
   2  Dino         1.08%    passed     81.17%
   3  MJM3360     25.05%    passed     82.77%
   4  DrobinSFB    1.73%    passed     42.75%
   5  Neam         0.00%    passed     74.91%
   6  RuprSFB      6.66%    passed     98.87%
   7  Retr        26.92%    passed     47.93%
   8  Beta         1.04%    passed     64.00%
   9  Spol         1.04%    passed     30.78%
  10  MJM1652      1.04%    passed     92.06%
  11  NepSFB       0.00%    passed     79.42%
  12  WPYJ        10.26%    passed     64.44%
  13  MJM2940      0.05%    passed     99.66%
****  TOTAL        5.79%  0 sequences failed composition chi2 test (p-value<5%; df=3)

Create initial parsimony tree by phylogenetic likelihood library (PLL)... 0.001 seconds

NOTE: 1 MB RAM (0 GB) is required!
Estimate model parameters (epsilon = 0.100)
1. Initial log-likelihood: -15026.452
2. Current log-likelihood: -14575.287
3. Current log-likelihood: -14572.632
Optimal log-likelihood: -14572.598
Rate parameters:  A-C: 2.63759  A-G: 5.22733  A-T: 1.95832  C-G: 2.33177  C-T: 6.27683  G-T: 1.00000
Base frequencies:  A: 0.277  C: 0.195  G: 0.234  T: 0.294
Gamma shape alpha: 0.657
Parameters optimization took 3 rounds (0.048 sec)
Computing ML distances based on estimated model parameters... 0.002 sec
Computing BIONJ tree...
0.002 seconds
Log-likelihood of BIONJ tree: -14572.598
--------------------------------------------------------------------
|             INITIALIZING CANDIDATE TREE SET                      |
--------------------------------------------------------------------
Generating 99 parsimony trees... 0.111 second
Computing log-likelihood of 99 initial trees ... 0.491 seconds
Current best score: -14569.546

Do NNI search on 20 best initial trees
Estimate model parameters (epsilon = 0.100)
BETTER TREE FOUND at iteration 1: -14569.479
Iteration 10 / LogL: -14569.491 / Time: 0h:0m:0s
Iteration 20 / LogL: -14569.553 / Time: 0h:0m:1s
Finish initializing candidate tree set (1)
Current best tree score: -14569.479 / CPU time: 1.262
Number of iterations: 20
--------------------------------------------------------------------
|               OPTIMIZING CANDIDATE TREE SET                      |
--------------------------------------------------------------------
Iteration 30 / LogL: -14569.636 / Time: 0h:0m:1s (0h:0m:4s left)
Iteration 40 / LogL: -14569.667 / Time: 0h:0m:2s (0h:0m:3s left)
UPDATE BEST LOG-LIKELIHOOD: -14569.479
Iteration 50 / LogL: -14570.115 / Time: 0h:0m:2s (0h:0m:2s left)
Iteration 60 / LogL: -14569.522 / Time: 0h:0m:3s (0h:0m:2s left)
UPDATE BEST LOG-LIKELIHOOD: -14569.479
Iteration 70 / LogL: -14569.479 / Time: 0h:0m:3s (0h:0m:1s left)
Iteration 80 / LogL: -14569.710 / Time: 0h:0m:3s (0h:0m:1s left)
Iteration 90 / LogL: -14570.667 / Time: 0h:0m:4s (0h:0m:0s left)
Iteration 100 / LogL: -14570.936 / Time: 0h:0m:4s (0h:0m:0s left)
TREE SEARCH COMPLETED AFTER 102 ITERATIONS / Time: 0h:0m:4s

--------------------------------------------------------------------
|                    FINALIZING TREE SEARCH                        |
--------------------------------------------------------------------
Performs final model parameters optimization
Estimate model parameters (epsilon = 0.010)
1. Initial log-likelihood: -14569.479
Optimal log-likelihood: -14569.476
Rate parameters:  A-C: 2.63021  A-G: 5.23332  A-T: 1.96470  C-G: 2.30861  C-T: 6.23737  G-T: 1.00000
Base frequencies:  A: 0.277  C: 0.195  G: 0.234  T: 0.294
Gamma shape alpha: 0.661
Parameters optimization took 1 rounds (0.006 sec)
BEST SCORE FOUND : -14569.476

Testing tree branches by SH-like aLRT with 1000 replicates...
0.117 sec.
Total tree length: 1.985

Total number of iterations: 102
CPU time used for tree search: 6.826 sec (0h:0m:6s)
Wall-clock time used for tree search: 4.812 sec (0h:0m:4s)
Total CPU time used: 7.386 sec (0h:0m:7s)
Total wall-clock time used: 5.004 sec (0h:0m:5s)

Analysis results written to: 
  IQ-TREE report:                cluster4278rr.1to1ortho.fa.aln-cln_gene755.fa.iqtree
  Maximum-likelihood tree:       cluster4278rr.1to1ortho.fa.aln-cln_gene755.fa.treefile
  Likelihood distances:          cluster4278rr.1to1ortho.fa.aln-cln_gene755.fa.mldist
  Screen log file:               cluster4278rr.1to1ortho.fa.aln-cln_gene755.fa.log

Date and Time: Mon Nov 25 10:47:55 2019
