IQ-TREE multicore version 1.6.11 for Mac OS X 64-bit built Jul 12 2019
Developed by Bui Quang Minh, Nguyen Lam Tung, Olga Chernomor,
Heiko Schmidt, Dominik Schrempf, Michael Woodhams.

Host:    slpc437 (AVX2, FMA3, 16 GB RAM)
Command: iqtree -s cluster2091rr.1to1ortho.fa.aln-cln_gene527.fa -nt 4 -m GTR+G -alrt 1000
Seed:    982299 (Using SPRNG - Scalable Parallel Random Number Generator)
Time:    Mon Nov 25 09:56:47 2019
Kernel:  AVX+FMA - 4 threads (6 CPU cores detected)

Reading alignment file cluster2091rr.1to1ortho.fa.aln-cln_gene527.fa ... Fasta format detected
Alignment most likely contains DNA/RNA sequences
Alignment has 13 sequences with 1173 columns, 688 distinct patterns
526 parsimony-informative, 203 singleton sites, 444 constant sites
           Gap/Ambiguity  Composition  p-value
   1  DrolusSFB    1.71%    passed     39.60%
   2  Dino         1.11%    passed     84.01%
   3  MJM3360     42.20%    passed     31.83%
   4  DrobinSFB    1.45%    passed     90.53%
   5  Neam         0.85%    passed     96.56%
   6  RuprSFB     16.88%    passed     84.40%
   7  Retr         0.51%    passed     71.57%
   8  Beta         0.77%    passed     64.89%
   9  Spol         0.77%    passed     78.46%
  10  MJM1652      0.85%    passed     81.09%
  11  NepSFB       0.85%    passed     97.17%
  12  WPYJ         1.02%    passed     75.69%
  13  MJM2940      0.34%    passed     63.55%
****  TOTAL        5.33%  0 sequences failed composition chi2 test (p-value<5%; df=3)

Create initial parsimony tree by phylogenetic likelihood library (PLL)... 0.001 seconds

NOTE: 1 MB RAM (0 GB) is required!
Estimate model parameters (epsilon = 0.100)
1. Initial log-likelihood: -9004.946
2. Current log-likelihood: -8701.125
3. Current log-likelihood: -8698.599
Optimal log-likelihood: -8698.565
Rate parameters:  A-C: 1.66790  A-G: 3.70042  A-T: 1.40318  C-G: 1.10960  C-T: 5.32244  G-T: 1.00000
Base frequencies:  A: 0.278  C: 0.174  G: 0.268  T: 0.280
Gamma shape alpha: 0.742
Parameters optimization took 3 rounds (0.039 sec)
Computing ML distances based on estimated model parameters... 0.001 sec
Computing BIONJ tree...
0.002 seconds
Log-likelihood of BIONJ tree: -8698.565
--------------------------------------------------------------------
|             INITIALIZING CANDIDATE TREE SET                      |
--------------------------------------------------------------------
Generating 99 parsimony trees... 0.090 second
Computing log-likelihood of 98 initial trees ... 0.442 seconds
Current best score: -8698.565

Do NNI search on 20 best initial trees
Estimate model parameters (epsilon = 0.100)
BETTER TREE FOUND at iteration 1: -8698.564
Iteration 10 / LogL: -8698.587 / Time: 0h:0m:0s
Iteration 20 / LogL: -8698.601 / Time: 0h:0m:1s
Finish initializing candidate tree set (1)
Current best tree score: -8698.564 / CPU time: 1.056
Number of iterations: 20
--------------------------------------------------------------------
|               OPTIMIZING CANDIDATE TREE SET                      |
--------------------------------------------------------------------
Iteration 30 / LogL: -8698.723 / Time: 0h:0m:1s (0h:0m:3s left)
Iteration 40 / LogL: -8698.618 / Time: 0h:0m:1s (0h:0m:2s left)
Iteration 50 / LogL: -8698.680 / Time: 0h:0m:2s (0h:0m:2s left)
UPDATE BEST LOG-LIKELIHOOD: -8698.564
Iteration 60 / LogL: -8699.672 / Time: 0h:0m:2s (0h:0m:1s left)
UPDATE BEST LOG-LIKELIHOOD: -8698.564
Iteration 70 / LogL: -8698.592 / Time: 0h:0m:3s (0h:0m:1s left)
Iteration 80 / LogL: -8698.606 / Time: 0h:0m:3s (0h:0m:0s left)
Iteration 90 / LogL: -8698.987 / Time: 0h:0m:3s (0h:0m:0s left)
Iteration 100 / LogL: -8698.584 / Time: 0h:0m:4s (0h:0m:0s left)
TREE SEARCH COMPLETED AFTER 102 ITERATIONS / Time: 0h:0m:4s

--------------------------------------------------------------------
|                    FINALIZING TREE SEARCH                        |
--------------------------------------------------------------------
Performs final model parameters optimization
Estimate model parameters (epsilon = 0.010)
1. Initial log-likelihood: -8698.564
Optimal log-likelihood: -8698.564
Rate parameters:  A-C: 1.66583  A-G: 3.69263  A-T: 1.40114  C-G: 1.10600  C-T: 5.32213  G-T: 1.00000
Base frequencies:  A: 0.278  C: 0.174  G: 0.268  T: 0.280
Gamma shape alpha: 0.742
Parameters optimization took 1 rounds (0.005 sec)
BEST SCORE FOUND : -8698.564

Testing tree branches by SH-like aLRT with 1000 replicates...
0.073 sec.
Total tree length: 2.125

Total number of iterations: 102
CPU time used for tree search: 5.054 sec (0h:0m:5s)
Wall-clock time used for tree search: 4.285 sec (0h:0m:4s)
Total CPU time used: 5.407 sec (0h:0m:5s)
Total wall-clock time used: 4.422 sec (0h:0m:4s)

Analysis results written to: 
  IQ-TREE report:                cluster2091rr.1to1ortho.fa.aln-cln_gene527.fa.iqtree
  Maximum-likelihood tree:       cluster2091rr.1to1ortho.fa.aln-cln_gene527.fa.treefile
  Likelihood distances:          cluster2091rr.1to1ortho.fa.aln-cln_gene527.fa.mldist
  Screen log file:               cluster2091rr.1to1ortho.fa.aln-cln_gene527.fa.log

Date and Time: Mon Nov 25 09:56:52 2019
