IQ-TREE multicore version 1.6.11 for Mac OS X 64-bit built Jul 12 2019
Developed by Bui Quang Minh, Nguyen Lam Tung, Olga Chernomor,
Heiko Schmidt, Dominik Schrempf, Michael Woodhams.

Host:    slpc437 (AVX2, FMA3, 16 GB RAM)
Command: iqtree -s cluster2438rr.1to1ortho.fa.aln-cln_gene997.fa -nt 4 -m GTR+G -alrt 1000
Seed:    813077 (Using SPRNG - Scalable Parallel Random Number Generator)
Time:    Mon Nov 25 10:04:04 2019
Kernel:  AVX+FMA - 4 threads (6 CPU cores detected)

Reading alignment file cluster2438rr.1to1ortho.fa.aln-cln_gene997.fa ... Fasta format detected
Alignment most likely contains DNA/RNA sequences
Alignment has 13 sequences with 1155 columns, 551 distinct patterns
401 parsimony-informative, 176 singleton sites, 578 constant sites
           Gap/Ambiguity  Composition  p-value
   1  DrolusSFB    0.00%    passed     54.49%
   2  Dino         0.26%    passed     91.04%
   3  MJM3360      0.52%    passed     99.66%
   4  DrobinSFB   11.69%    passed     63.57%
   5  Neam        31.00%    passed     75.60%
   6  RuprSFB      0.00%    passed     99.90%
   7  Retr         0.26%    passed     39.09%
   8  Beta         0.26%    passed     49.57%
   9  Spol         0.26%    passed     79.47%
  10  MJM1652      0.00%    passed     81.60%
  11  NepSFB       0.00%    passed     96.20%
  12  WPYJ         4.68%    passed     93.08%
  13  MJM2940      0.00%    passed     97.60%
****  TOTAL        3.76%  0 sequences failed composition chi2 test (p-value<5%; df=3)

Create initial parsimony tree by phylogenetic likelihood library (PLL)... 0.001 seconds

NOTE: 0 MB RAM (0 GB) is required!
Estimate model parameters (epsilon = 0.100)
1. Initial log-likelihood: -7541.847
2. Current log-likelihood: -7201.883
3. Current log-likelihood: -7199.446
Optimal log-likelihood: -7199.401
Rate parameters:  A-C: 2.32222  A-G: 5.22385  A-T: 1.73618  C-G: 2.17276  C-T: 9.56151  G-T: 1.00000
Base frequencies:  A: 0.328  C: 0.169  G: 0.237  T: 0.267
Gamma shape alpha: 0.499
Parameters optimization took 3 rounds (0.036 sec)
Computing ML distances based on estimated model parameters... 0.001 sec
Computing BIONJ tree...
0.002 seconds
Log-likelihood of BIONJ tree: -7199.400
--------------------------------------------------------------------
|             INITIALIZING CANDIDATE TREE SET                      |
--------------------------------------------------------------------
Generating 99 parsimony trees... 0.081 second
Computing log-likelihood of 99 initial trees ... 0.442 seconds
Current best score: -7199.400

Do NNI search on 20 best initial trees
Estimate model parameters (epsilon = 0.100)
BETTER TREE FOUND at iteration 1: -7199.297
Iteration 10 / LogL: -7199.466 / Time: 0h:0m:0s
Iteration 20 / LogL: -7199.311 / Time: 0h:0m:1s
Finish initializing candidate tree set (2)
Current best tree score: -7199.297 / CPU time: 1.155
Number of iterations: 20
--------------------------------------------------------------------
|               OPTIMIZING CANDIDATE TREE SET                      |
--------------------------------------------------------------------
Iteration 30 / LogL: -7200.578 / Time: 0h:0m:1s (0h:0m:3s left)
Iteration 40 / LogL: -7199.307 / Time: 0h:0m:1s (0h:0m:3s left)
Iteration 50 / LogL: -7201.314 / Time: 0h:0m:2s (0h:0m:2s left)
Iteration 60 / LogL: -7199.390 / Time: 0h:0m:2s (0h:0m:1s left)
Iteration 70 / LogL: -7199.304 / Time: 0h:0m:3s (0h:0m:1s left)
Iteration 80 / LogL: -7199.308 / Time: 0h:0m:3s (0h:0m:0s left)
Iteration 90 / LogL: -7199.330 / Time: 0h:0m:4s (0h:0m:0s left)
Iteration 100 / LogL: -7199.310 / Time: 0h:0m:4s (0h:0m:0s left)
TREE SEARCH COMPLETED AFTER 102 ITERATIONS / Time: 0h:0m:4s

--------------------------------------------------------------------
|                    FINALIZING TREE SEARCH                        |
--------------------------------------------------------------------
Performs final model parameters optimization
Estimate model parameters (epsilon = 0.010)
1. Initial log-likelihood: -7199.297
Optimal log-likelihood: -7199.297
Rate parameters:  A-C: 2.32730  A-G: 5.20497  A-T: 1.74317  C-G: 2.17766  C-T: 9.57782  G-T: 1.00000
Base frequencies:  A: 0.328  C: 0.169  G: 0.237  T: 0.267
Gamma shape alpha: 0.499
Parameters optimization took 1 rounds (0.005 sec)
BEST SCORE FOUND : -7199.297

Testing tree branches by SH-like aLRT with 1000 replicates...
0.072 sec.
Total tree length: 1.511

Total number of iterations: 102
CPU time used for tree search: 4.960 sec (0h:0m:4s)
Wall-clock time used for tree search: 4.549 sec (0h:0m:4s)
Total CPU time used: 5.292 sec (0h:0m:5s)
Total wall-clock time used: 4.683 sec (0h:0m:4s)

Analysis results written to: 
  IQ-TREE report:                cluster2438rr.1to1ortho.fa.aln-cln_gene997.fa.iqtree
  Maximum-likelihood tree:       cluster2438rr.1to1ortho.fa.aln-cln_gene997.fa.treefile
  Likelihood distances:          cluster2438rr.1to1ortho.fa.aln-cln_gene997.fa.mldist
  Screen log file:               cluster2438rr.1to1ortho.fa.aln-cln_gene997.fa.log

Date and Time: Mon Nov 25 10:04:09 2019
