IQ-TREE multicore version 1.6.11 for Mac OS X 64-bit built Jul 12 2019
Developed by Bui Quang Minh, Nguyen Lam Tung, Olga Chernomor,
Heiko Schmidt, Dominik Schrempf, Michael Woodhams.

Host:    slpc437 (AVX2, FMA3, 16 GB RAM)
Command: iqtree -s cluster4965rr.1to1ortho.fa.aln-cln_gene445.fa -nt 4 -m GTR+G -alrt 1000
Seed:    612316 (Using SPRNG - Scalable Parallel Random Number Generator)
Time:    Mon Nov 25 11:02:31 2019
Kernel:  AVX+FMA - 4 threads (6 CPU cores detected)

Reading alignment file cluster4965rr.1to1ortho.fa.aln-cln_gene445.fa ... Fasta format detected
Alignment most likely contains DNA/RNA sequences
Alignment has 13 sequences with 2948 columns, 1668 distinct patterns
1236 parsimony-informative, 546 singleton sites, 1166 constant sites
           Gap/Ambiguity  Composition  p-value
   1  DrolusSFB    0.37%    passed     12.88%
   2  Dino        36.94%    passed     54.83%
   3  MJM3360     22.76%    passed     66.27%
   4  DrobinSFB    1.39%    failed      3.42%
   5  Neam         1.02%    passed     96.84%
   6  RuprSFB     23.61%    passed     24.60%
   7  Retr        34.36%    passed     90.20%
   8  Beta         1.39%    passed     52.09%
   9  Spol         4.27%    passed     44.69%
  10  MJM1652      7.90%    passed     78.24%
  11  NepSFB      10.79%    passed     96.45%
  12  WPYJ        33.96%    passed     46.85%
  13  MJM2940      1.39%    passed     43.01%
****  TOTAL       13.86%  1 sequences failed composition chi2 test (p-value<5%; df=3)

Create initial parsimony tree by phylogenetic likelihood library (PLL)... 0.002 seconds

NOTE: 2 MB RAM (0 GB) is required!
Estimate model parameters (epsilon = 0.100)
1. Initial log-likelihood: -21342.052
2. Current log-likelihood: -20424.084
3. Current log-likelihood: -20415.762
Optimal log-likelihood: -20415.655
Rate parameters:  A-C: 1.59882  A-G: 4.39959  A-T: 1.18605  C-G: 1.75299  C-T: 6.33446  G-T: 1.00000
Base frequencies:  A: 0.283  C: 0.187  G: 0.254  T: 0.275
Gamma shape alpha: 0.717
Parameters optimization took 3 rounds (0.061 sec)
Computing ML distances based on estimated model parameters... 0.002 sec
Computing BIONJ tree...
0.002 seconds
Log-likelihood of BIONJ tree: -20435.193
--------------------------------------------------------------------
|             INITIALIZING CANDIDATE TREE SET                      |
--------------------------------------------------------------------
Generating 98 parsimony trees... 0.148 second
Computing log-likelihood of 98 initial trees ... 0.579 seconds
Current best score: -20415.655

Do NNI search on 20 best initial trees
Estimate model parameters (epsilon = 0.100)
BETTER TREE FOUND at iteration 1: -20414.925
Iteration 10 / LogL: -20414.926 / Time: 0h:0m:1s
Iteration 20 / LogL: -20414.961 / Time: 0h:0m:1s
Finish initializing candidate tree set (1)
Current best tree score: -20414.925 / CPU time: 1.561
Number of iterations: 20
--------------------------------------------------------------------
|               OPTIMIZING CANDIDATE TREE SET                      |
--------------------------------------------------------------------
Iteration 30 / LogL: -20415.066 / Time: 0h:0m:2s (0h:0m:5s left)
Iteration 40 / LogL: -20414.935 / Time: 0h:0m:2s (0h:0m:4s left)
Iteration 50 / LogL: -20414.975 / Time: 0h:0m:3s (0h:0m:3s left)
Iteration 60 / LogL: -20414.982 / Time: 0h:0m:3s (0h:0m:2s left)
Iteration 70 / LogL: -20414.949 / Time: 0h:0m:4s (0h:0m:1s left)
Iteration 80 / LogL: -20415.255 / Time: 0h:0m:4s (0h:0m:1s left)
Iteration 90 / LogL: -20414.928 / Time: 0h:0m:5s (0h:0m:0s left)
Iteration 100 / LogL: -20414.942 / Time: 0h:0m:5s (0h:0m:0s left)
TREE SEARCH COMPLETED AFTER 102 ITERATIONS / Time: 0h:0m:5s

--------------------------------------------------------------------
|                    FINALIZING TREE SEARCH                        |
--------------------------------------------------------------------
Performs final model parameters optimization
Estimate model parameters (epsilon = 0.010)
1. Initial log-likelihood: -20414.925
Optimal log-likelihood: -20414.923
Rate parameters:  A-C: 1.58832  A-G: 4.40116  A-T: 1.18369  C-G: 1.74821  C-T: 6.34260  G-T: 1.00000
Base frequencies:  A: 0.283  C: 0.187  G: 0.254  T: 0.275
Gamma shape alpha: 0.717
Parameters optimization took 1 rounds (0.008 sec)
BEST SCORE FOUND : -20414.923

Testing tree branches by SH-like aLRT with 1000 replicates...
0.163 sec.
Total tree length: 2.190

Total number of iterations: 102
CPU time used for tree search: 9.711 sec (0h:0m:9s)
Wall-clock time used for tree search: 5.745 sec (0h:0m:5s)
Total CPU time used: 10.520 sec (0h:0m:10s)
Total wall-clock time used: 6.003 sec (0h:0m:6s)

Analysis results written to: 
  IQ-TREE report:                cluster4965rr.1to1ortho.fa.aln-cln_gene445.fa.iqtree
  Maximum-likelihood tree:       cluster4965rr.1to1ortho.fa.aln-cln_gene445.fa.treefile
  Likelihood distances:          cluster4965rr.1to1ortho.fa.aln-cln_gene445.fa.mldist
  Screen log file:               cluster4965rr.1to1ortho.fa.aln-cln_gene445.fa.log

Date and Time: Mon Nov 25 11:02:37 2019
