IQ-TREE multicore version 1.6.11 for Mac OS X 64-bit built Jul 12 2019
Developed by Bui Quang Minh, Nguyen Lam Tung, Olga Chernomor,
Heiko Schmidt, Dominik Schrempf, Michael Woodhams.

Host:    slpc437 (AVX2, FMA3, 16 GB RAM)
Command: iqtree -s cluster1591rr.1to1ortho.fa.aln-cln_gene212.fa -nt 4 -m GTR+G -alrt 1000
Seed:    712024 (Using SPRNG - Scalable Parallel Random Number Generator)
Time:    Mon Nov 25 09:45:48 2019
Kernel:  AVX+FMA - 4 threads (6 CPU cores detected)

Reading alignment file cluster1591rr.1to1ortho.fa.aln-cln_gene212.fa ... Fasta format detected
Alignment most likely contains DNA/RNA sequences
Alignment has 13 sequences with 1269 columns, 535 distinct patterns
403 parsimony-informative, 149 singleton sites, 717 constant sites
           Gap/Ambiguity  Composition  p-value
   1  DrolusSFB    0.00%    passed     81.51%
   2  Dino         0.00%    passed     94.36%
   3  MJM3360      2.92%    passed     97.79%
   4  DrobinSFB    0.55%    passed     78.72%
   5  Neam         0.00%    passed     86.21%
   6  RuprSFB      0.47%    passed     80.21%
   7  Retr        39.01%    passed     71.93%
   8  Beta         0.00%    passed     65.82%
   9  Spol         0.24%    passed     94.58%
  10  MJM1652      0.00%    passed     91.74%
  11  NepSFB       0.00%    passed     88.20%
  12  WPYJ         6.15%    passed     84.72%
  13  MJM2940      0.00%    passed     99.22%
****  TOTAL        3.79%  0 sequences failed composition chi2 test (p-value<5%; df=3)

Create initial parsimony tree by phylogenetic likelihood library (PLL)... 0.001 seconds

NOTE: 0 MB RAM (0 GB) is required!
Estimate model parameters (epsilon = 0.100)
1. Initial log-likelihood: -7805.748
2. Current log-likelihood: -7447.951
3. Current log-likelihood: -7443.771
Optimal log-likelihood: -7443.687
Rate parameters:  A-C: 1.55912  A-G: 3.22846  A-T: 0.93911  C-G: 1.03999  C-T: 5.82763  G-T: 1.00000
Base frequencies:  A: 0.293  C: 0.169  G: 0.270  T: 0.268
Gamma shape alpha: 0.338
Parameters optimization took 3 rounds (0.035 sec)
Computing ML distances based on estimated model parameters... 0.001 sec
Computing BIONJ tree...
0.002 seconds
Log-likelihood of BIONJ tree: -7443.687
--------------------------------------------------------------------
|             INITIALIZING CANDIDATE TREE SET                      |
--------------------------------------------------------------------
Generating 99 parsimony trees... 0.078 second
Computing log-likelihood of 96 initial trees ... 0.398 seconds
Current best score: -7443.687

Do NNI search on 20 best initial trees
Estimate model parameters (epsilon = 0.100)
BETTER TREE FOUND at iteration 1: -7443.639
Iteration 10 / LogL: -7443.649 / Time: 0h:0m:0s
Iteration 20 / LogL: -7443.651 / Time: 0h:0m:1s
Finish initializing candidate tree set (1)
Current best tree score: -7443.639 / CPU time: 1.084
Number of iterations: 20
--------------------------------------------------------------------
|               OPTIMIZING CANDIDATE TREE SET                      |
--------------------------------------------------------------------
Iteration 30 / LogL: -7483.108 / Time: 0h:0m:1s (0h:0m:3s left)
Iteration 40 / LogL: -7483.130 / Time: 0h:0m:1s (0h:0m:3s left)
Iteration 50 / LogL: -7443.739 / Time: 0h:0m:2s (0h:0m:2s left)
Iteration 60 / LogL: -7443.643 / Time: 0h:0m:2s (0h:0m:1s left)
Iteration 70 / LogL: -7479.087 / Time: 0h:0m:3s (0h:0m:1s left)
Iteration 80 / LogL: -7443.739 / Time: 0h:0m:3s (0h:0m:0s left)
Iteration 90 / LogL: -7443.685 / Time: 0h:0m:4s (0h:0m:0s left)
Iteration 100 / LogL: -7443.957 / Time: 0h:0m:4s (0h:0m:0s left)
TREE SEARCH COMPLETED AFTER 102 ITERATIONS / Time: 0h:0m:4s

--------------------------------------------------------------------
|                    FINALIZING TREE SEARCH                        |
--------------------------------------------------------------------
Performs final model parameters optimization
Estimate model parameters (epsilon = 0.010)
1. Initial log-likelihood: -7443.639
Optimal log-likelihood: -7443.638
Rate parameters:  A-C: 1.55836  A-G: 3.22456  A-T: 0.93978  C-G: 1.03584  C-T: 5.83489  G-T: 1.00000
Base frequencies:  A: 0.293  C: 0.169  G: 0.270  T: 0.268
Gamma shape alpha: 0.339
Parameters optimization took 1 rounds (0.005 sec)
BEST SCORE FOUND : -7443.638

Testing tree branches by SH-like aLRT with 1000 replicates...
0.076 sec.
Total tree length: 1.382

Total number of iterations: 102
CPU time used for tree search: 4.988 sec (0h:0m:4s)
Wall-clock time used for tree search: 4.624 sec (0h:0m:4s)
Total CPU time used: 5.333 sec (0h:0m:5s)
Total wall-clock time used: 4.759 sec (0h:0m:4s)

Analysis results written to: 
  IQ-TREE report:                cluster1591rr.1to1ortho.fa.aln-cln_gene212.fa.iqtree
  Maximum-likelihood tree:       cluster1591rr.1to1ortho.fa.aln-cln_gene212.fa.treefile
  Likelihood distances:          cluster1591rr.1to1ortho.fa.aln-cln_gene212.fa.mldist
  Screen log file:               cluster1591rr.1to1ortho.fa.aln-cln_gene212.fa.log

Date and Time: Mon Nov 25 09:45:53 2019
