IQ-TREE multicore version 1.6.11 for Mac OS X 64-bit built Jul 12 2019
Developed by Bui Quang Minh, Nguyen Lam Tung, Olga Chernomor,
Heiko Schmidt, Dominik Schrempf, Michael Woodhams.

Host:    slpc437 (AVX2, FMA3, 16 GB RAM)
Command: iqtree -s cluster2490rr.1to1ortho.fa.aln-cln_gene1000.fa -nt 4 -m GTR+G -alrt 1000
Seed:    823763 (Using SPRNG - Scalable Parallel Random Number Generator)
Time:    Mon Nov 25 10:05:18 2019
Kernel:  AVX+FMA - 4 threads (6 CPU cores detected)

Reading alignment file cluster2490rr.1to1ortho.fa.aln-cln_gene1000.fa ... Fasta format detected
Alignment most likely contains DNA/RNA sequences
Alignment has 13 sequences with 1546 columns, 691 distinct patterns
487 parsimony-informative, 237 singleton sites, 822 constant sites
           Gap/Ambiguity  Composition  p-value
   1  DrolusSFB    8.80%    passed     91.98%
   2  Dino        11.32%    passed     68.96%
   3  MJM3360      8.73%    passed     14.33%
   4  DrobinSFB   38.68%    failed      0.43%
   5  Neam         0.19%    passed     35.40%
   6  RuprSFB     11.32%    passed     41.08%
   7  Retr        10.41%    passed     10.81%
   8  Beta         1.03%    failed      0.36%
   9  Spol         0.32%    failed      4.28%
  10  MJM1652     14.81%    passed     84.43%
  11  NepSFB      39.20%    failed      0.02%
  12  WPYJ         9.18%    passed     10.72%
  13  MJM2940      4.59%    passed     62.80%
****  TOTAL       12.20%  4 sequences failed composition chi2 test (p-value<5%; df=3)

Create initial parsimony tree by phylogenetic likelihood library (PLL)... 0.001 seconds

NOTE: 1 MB RAM (0 GB) is required!
Estimate model parameters (epsilon = 0.100)
1. Initial log-likelihood: -9844.686
2. Current log-likelihood: -9317.202
3. Current log-likelihood: -9310.793
4. Current log-likelihood: -9310.589
Optimal log-likelihood: -9310.585
Rate parameters:  A-C: 2.51891  A-G: 5.39301  A-T: 1.58603  C-G: 1.94171  C-T: 9.41205  G-T: 1.00000
Base frequencies:  A: 0.285  C: 0.193  G: 0.260  T: 0.262
Gamma shape alpha: 0.412
Parameters optimization took 4 rounds (0.054 sec)
Computing ML distances based on estimated model parameters... 0.001 sec
Computing BIONJ tree...
0.002 seconds
Log-likelihood of BIONJ tree: -9310.215
--------------------------------------------------------------------
|             INITIALIZING CANDIDATE TREE SET                      |
--------------------------------------------------------------------
Generating 98 parsimony trees... 0.092 second
Computing log-likelihood of 97 initial trees ... 0.444 seconds
Current best score: -9310.215

Do NNI search on 20 best initial trees
Estimate model parameters (epsilon = 0.100)
BETTER TREE FOUND at iteration 1: -9310.191
Iteration 10 / LogL: -9310.195 / Time: 0h:0m:0s
Iteration 20 / LogL: -9310.629 / Time: 0h:0m:1s
Finish initializing candidate tree set (3)
Current best tree score: -9310.191 / CPU time: 1.223
Number of iterations: 20
--------------------------------------------------------------------
|               OPTIMIZING CANDIDATE TREE SET                      |
--------------------------------------------------------------------
Iteration 30 / LogL: -9310.193 / Time: 0h:0m:1s (0h:0m:4s left)
Iteration 40 / LogL: -9310.194 / Time: 0h:0m:2s (0h:0m:3s left)
Iteration 50 / LogL: -9310.192 / Time: 0h:0m:2s (0h:0m:2s left)
Iteration 60 / LogL: -9310.192 / Time: 0h:0m:3s (0h:0m:2s left)
Iteration 70 / LogL: -9310.277 / Time: 0h:0m:3s (0h:0m:1s left)
Iteration 80 / LogL: -9310.207 / Time: 0h:0m:3s (0h:0m:1s left)
Iteration 90 / LogL: -9310.334 / Time: 0h:0m:4s (0h:0m:0s left)
Iteration 100 / LogL: -9310.216 / Time: 0h:0m:4s (0h:0m:0s left)
TREE SEARCH COMPLETED AFTER 102 ITERATIONS / Time: 0h:0m:5s

--------------------------------------------------------------------
|                    FINALIZING TREE SEARCH                        |
--------------------------------------------------------------------
Performs final model parameters optimization
Estimate model parameters (epsilon = 0.010)
1. Initial log-likelihood: -9310.191
Optimal log-likelihood: -9310.191
Rate parameters:  A-C: 2.49754  A-G: 5.45590  A-T: 1.61534  C-G: 1.95459  C-T: 9.46618  G-T: 1.00000
Base frequencies:  A: 0.285  C: 0.193  G: 0.260  T: 0.262
Gamma shape alpha: 0.410
Parameters optimization took 1 rounds (0.005 sec)
BEST SCORE FOUND : -9310.191

Testing tree branches by SH-like aLRT with 1000 replicates...
0.093 sec.
Total tree length: 1.714

Total number of iterations: 102
CPU time used for tree search: 5.892 sec (0h:0m:5s)
Wall-clock time used for tree search: 4.954 sec (0h:0m:4s)
Total CPU time used: 6.344 sec (0h:0m:6s)
Total wall-clock time used: 5.126 sec (0h:0m:5s)

Analysis results written to: 
  IQ-TREE report:                cluster2490rr.1to1ortho.fa.aln-cln_gene1000.fa.iqtree
  Maximum-likelihood tree:       cluster2490rr.1to1ortho.fa.aln-cln_gene1000.fa.treefile
  Likelihood distances:          cluster2490rr.1to1ortho.fa.aln-cln_gene1000.fa.mldist
  Screen log file:               cluster2490rr.1to1ortho.fa.aln-cln_gene1000.fa.log

Date and Time: Mon Nov 25 10:05:23 2019
