IQ-TREE multicore version 1.6.11 for Mac OS X 64-bit built Jul 12 2019
Developed by Bui Quang Minh, Nguyen Lam Tung, Olga Chernomor,
Heiko Schmidt, Dominik Schrempf, Michael Woodhams.

Host:    slpc437 (AVX2, FMA3, 16 GB RAM)
Command: iqtree -s cluster1496rr.1to1ortho.fa.aln-cln_gene364.fa -nt 4 -m GTR+G -alrt 1000
Seed:    380649 (Using SPRNG - Scalable Parallel Random Number Generator)
Time:    Mon Nov 25 09:43:36 2019
Kernel:  AVX+FMA - 4 threads (6 CPU cores detected)

Reading alignment file cluster1496rr.1to1ortho.fa.aln-cln_gene364.fa ... Fasta format detected
Alignment most likely contains DNA/RNA sequences
Alignment has 13 sequences with 1789 columns, 865 distinct patterns
640 parsimony-informative, 246 singleton sites, 903 constant sites
           Gap/Ambiguity  Composition  p-value
   1  DrolusSFB    0.22%    passed     46.99%
   2  Dino        10.34%    passed     75.37%
   3  MJM3360      9.95%    passed     89.64%
   4  DrobinSFB    9.50%    passed     77.89%
   5  Neam         0.00%    passed     89.77%
   6  RuprSFB      9.84%    passed     90.23%
   7  Retr        13.86%    passed     81.68%
   8  Beta        15.48%    passed     65.20%
   9  Spol        18.33%    passed     61.45%
  10  MJM1652     52.43%    passed      5.68%
  11  NepSFB       0.17%    passed     84.59%
  12  WPYJ        54.56%    passed     51.16%
  13  MJM2940      0.39%    passed     72.33%
WARNING: 2 sequences contain more than 50% gaps/ambiguity
****  TOTAL       15.01%  0 sequences failed composition chi2 test (p-value<5%; df=3)

Create initial parsimony tree by phylogenetic likelihood library (PLL)... 0.001 seconds

NOTE: 1 MB RAM (0 GB) is required!
Estimate model parameters (epsilon = 0.100)
1. Initial log-likelihood: -11231.265
2. Current log-likelihood: -10755.024
3. Current log-likelihood: -10748.326
4. Current log-likelihood: -10748.140
Optimal log-likelihood: -10748.134
Rate parameters:  A-C: 2.01347  A-G: 5.68047  A-T: 2.21486  C-G: 1.56186  C-T: 7.61564  G-T: 1.00000
Base frequencies:  A: 0.289  C: 0.190  G: 0.260  T: 0.261
Gamma shape alpha: 0.469
Parameters optimization took 4 rounds (0.055 sec)
Computing ML distances based on estimated model parameters... 0.002 sec
Computing BIONJ tree...
0.002 seconds
Log-likelihood of BIONJ tree: -10748.676
--------------------------------------------------------------------
|             INITIALIZING CANDIDATE TREE SET                      |
--------------------------------------------------------------------
Generating 98 parsimony trees... 0.096 second
Computing log-likelihood of 98 initial trees ... 0.482 seconds
Current best score: -10748.134

Do NNI search on 20 best initial trees
Estimate model parameters (epsilon = 0.100)
BETTER TREE FOUND at iteration 1: -10748.124
Iteration 10 / LogL: -10748.537 / Time: 0h:0m:1s
Iteration 20 / LogL: -10748.148 / Time: 0h:0m:1s
Finish initializing candidate tree set (2)
Current best tree score: -10748.124 / CPU time: 1.415
Number of iterations: 20
--------------------------------------------------------------------
|               OPTIMIZING CANDIDATE TREE SET                      |
--------------------------------------------------------------------
Iteration 30 / LogL: -10748.125 / Time: 0h:0m:2s (0h:0m:4s left)
Iteration 40 / LogL: -10748.149 / Time: 0h:0m:2s (0h:0m:3s left)
Iteration 50 / LogL: -10748.946 / Time: 0h:0m:3s (0h:0m:3s left)
Iteration 60 / LogL: -10748.546 / Time: 0h:0m:3s (0h:0m:2s left)
Iteration 70 / LogL: -10748.129 / Time: 0h:0m:4s (0h:0m:1s left)
Iteration 80 / LogL: -10748.538 / Time: 0h:0m:4s (0h:0m:1s left)
Iteration 90 / LogL: -10748.148 / Time: 0h:0m:4s (0h:0m:0s left)
Iteration 100 / LogL: -10748.549 / Time: 0h:0m:5s (0h:0m:0s left)
TREE SEARCH COMPLETED AFTER 102 ITERATIONS / Time: 0h:0m:5s

--------------------------------------------------------------------
|                    FINALIZING TREE SEARCH                        |
--------------------------------------------------------------------
Performs final model parameters optimization
Estimate model parameters (epsilon = 0.010)
1. Initial log-likelihood: -10748.124
Optimal log-likelihood: -10748.123
Rate parameters:  A-C: 2.01841  A-G: 5.68432  A-T: 2.21512  C-G: 1.56420  C-T: 7.62790  G-T: 1.00000
Base frequencies:  A: 0.289  C: 0.190  G: 0.260  T: 0.261
Gamma shape alpha: 0.468
Parameters optimization took 1 rounds (0.005 sec)
BEST SCORE FOUND : -10748.123

Testing tree branches by SH-like aLRT with 1000 replicates...
0.102 sec.
Total tree length: 1.757

Total number of iterations: 102
CPU time used for tree search: 7.126 sec (0h:0m:7s)
Wall-clock time used for tree search: 5.525 sec (0h:0m:5s)
Total CPU time used: 7.641 sec (0h:0m:7s)
Total wall-clock time used: 5.709 sec (0h:0m:5s)

Analysis results written to: 
  IQ-TREE report:                cluster1496rr.1to1ortho.fa.aln-cln_gene364.fa.iqtree
  Maximum-likelihood tree:       cluster1496rr.1to1ortho.fa.aln-cln_gene364.fa.treefile
  Likelihood distances:          cluster1496rr.1to1ortho.fa.aln-cln_gene364.fa.mldist
  Screen log file:               cluster1496rr.1to1ortho.fa.aln-cln_gene364.fa.log

Date and Time: Mon Nov 25 09:43:42 2019
