IQ-TREE multicore version 1.6.11 for Mac OS X 64-bit built Jul 12 2019
Developed by Bui Quang Minh, Nguyen Lam Tung, Olga Chernomor,
Heiko Schmidt, Dominik Schrempf, Michael Woodhams.

Host:    slpc437 (AVX2, FMA3, 16 GB RAM)
Command: iqtree -s cluster3950rr.1to1ortho.fa.aln-cln_gene650.fa -nt 4 -m GTR+G -alrt 1000
Seed:    148339 (Using SPRNG - Scalable Parallel Random Number Generator)
Time:    Mon Nov 25 10:41:46 2019
Kernel:  AVX+FMA - 4 threads (6 CPU cores detected)

Reading alignment file cluster3950rr.1to1ortho.fa.aln-cln_gene650.fa ... Fasta format detected
Alignment most likely contains DNA/RNA sequences
Alignment has 13 sequences with 534 columns, 234 distinct patterns
168 parsimony-informative, 51 singleton sites, 315 constant sites
           Gap/Ambiguity  Composition  p-value
   1  DrolusSFB    0.00%    passed     47.87%
   2  Dino         1.69%    passed     67.51%
   3  MJM3360      0.37%    passed     48.79%
   4  DrobinSFB    1.87%    passed      9.77%
   5  Neam        43.82%    passed     58.06%
   6  RuprSFB      0.00%    passed     85.60%
   7  Retr         1.87%    passed     91.73%
   8  Beta         5.62%    passed      5.29%
   9  Spol         1.87%    passed     96.56%
  10  MJM1652      0.00%    passed     65.33%
  11  NepSFB       0.00%    passed     90.73%
  12  WPYJ         1.87%    passed     59.06%
  13  MJM2940      0.00%    passed     97.01%
****  TOTAL        4.54%  0 sequences failed composition chi2 test (p-value<5%; df=3)

Create initial parsimony tree by phylogenetic likelihood library (PLL)... 0.000 seconds

NOTE: 0 MB RAM (0 GB) is required!
WARNING: Number of threads seems too high for short alignments. Use -nt AUTO to determine best number of threads.
Estimate model parameters (epsilon = 0.100)
1. Initial log-likelihood: -3328.975
2. Current log-likelihood: -3131.702
3. Current log-likelihood: -3127.785
Optimal log-likelihood: -3127.749
Rate parameters:  A-C: 2.94316  A-G: 6.45792  A-T: 2.77134  C-G: 1.83350  C-T: 11.55744  G-T: 1.00000
Base frequencies:  A: 0.254  C: 0.189  G: 0.269  T: 0.289
Gamma shape alpha: 0.273
Parameters optimization took 3 rounds (0.030 sec)
Computing ML distances based on estimated model parameters... 0.001 sec
Computing BIONJ tree...
0.002 seconds
Log-likelihood of BIONJ tree: -3127.190
--------------------------------------------------------------------
|             INITIALIZING CANDIDATE TREE SET                      |
--------------------------------------------------------------------
Generating 98 parsimony trees... 0.054 second
Computing log-likelihood of 98 initial trees ... 0.394 seconds
Current best score: -3126.169

Do NNI search on 20 best initial trees
Estimate model parameters (epsilon = 0.100)
BETTER TREE FOUND at iteration 1: -3123.587
Iteration 10 / LogL: -3123.597 / Time: 0h:0m:0s
Iteration 20 / LogL: -3123.588 / Time: 0h:0m:1s
Finish initializing candidate tree set (2)
Current best tree score: -3123.587 / CPU time: 1.009
Number of iterations: 20
--------------------------------------------------------------------
|               OPTIMIZING CANDIDATE TREE SET                      |
--------------------------------------------------------------------
Iteration 30 / LogL: -3123.588 / Time: 0h:0m:1s (0h:0m:3s left)
Iteration 40 / LogL: -3123.590 / Time: 0h:0m:1s (0h:0m:2s left)
Iteration 50 / LogL: -3123.588 / Time: 0h:0m:2s (0h:0m:2s left)
Iteration 60 / LogL: -3123.905 / Time: 0h:0m:2s (0h:0m:1s left)
Iteration 70 / LogL: -3123.588 / Time: 0h:0m:2s (0h:0m:1s left)
Iteration 80 / LogL: -3123.903 / Time: 0h:0m:3s (0h:0m:0s left)
Iteration 90 / LogL: -3123.587 / Time: 0h:0m:3s (0h:0m:0s left)
Iteration 100 / LogL: -3123.601 / Time: 0h:0m:3s (0h:0m:0s left)
TREE SEARCH COMPLETED AFTER 102 ITERATIONS / Time: 0h:0m:4s

--------------------------------------------------------------------
|                    FINALIZING TREE SEARCH                        |
--------------------------------------------------------------------
Performs final model parameters optimization
Estimate model parameters (epsilon = 0.010)
1. Initial log-likelihood: -3123.587
Optimal log-likelihood: -3123.583
Rate parameters:  A-C: 2.85368  A-G: 6.32096  A-T: 2.75553  C-G: 1.73881  C-T: 11.76146  G-T: 1.00000
Base frequencies:  A: 0.254  C: 0.189  G: 0.269  T: 0.289
Gamma shape alpha: 0.272
Parameters optimization took 1 rounds (0.004 sec)
BEST SCORE FOUND : -3123.583

Testing tree branches by SH-like aLRT with 1000 replicates...
0.039 sec.
Total tree length: 1.370

Total number of iterations: 102
CPU time used for tree search: 3.359 sec (0h:0m:3s)
Wall-clock time used for tree search: 3.968 sec (0h:0m:3s)
Total CPU time used: 3.534 sec (0h:0m:3s)
Total wall-clock time used: 4.059 sec (0h:0m:4s)

Analysis results written to: 
  IQ-TREE report:                cluster3950rr.1to1ortho.fa.aln-cln_gene650.fa.iqtree
  Maximum-likelihood tree:       cluster3950rr.1to1ortho.fa.aln-cln_gene650.fa.treefile
  Likelihood distances:          cluster3950rr.1to1ortho.fa.aln-cln_gene650.fa.mldist
  Screen log file:               cluster3950rr.1to1ortho.fa.aln-cln_gene650.fa.log

Date and Time: Mon Nov 25 10:41:50 2019
