IQ-TREE multicore version 1.6.11 for Mac OS X 64-bit built Jul 12 2019
Developed by Bui Quang Minh, Nguyen Lam Tung, Olga Chernomor,
Heiko Schmidt, Dominik Schrempf, Michael Woodhams.

Host:    slpc437 (AVX2, FMA3, 16 GB RAM)
Command: iqtree -s cluster4517rr.1to1ortho.fa.aln-cln_gene882.fa -nt 4 -m GTR+G -alrt 1000
Seed:    202607 (Using SPRNG - Scalable Parallel Random Number Generator)
Time:    Mon Nov 25 10:54:03 2019
Kernel:  AVX+FMA - 4 threads (6 CPU cores detected)

Reading alignment file cluster4517rr.1to1ortho.fa.aln-cln_gene882.fa ... Fasta format detected
Alignment most likely contains DNA/RNA sequences
Alignment has 13 sequences with 1263 columns, 613 distinct patterns
451 parsimony-informative, 165 singleton sites, 647 constant sites
           Gap/Ambiguity  Composition  p-value
   1  DrolusSFB    0.95%    passed     87.61%
   2  Dino         0.48%    passed     83.63%
   3  MJM3360     23.99%    passed     94.02%
   4  DrobinSFB    0.79%    passed     69.92%
   5  Neam         0.24%    passed     98.54%
   6  RuprSFB     23.67%    passed     98.27%
   7  Retr         7.52%    passed     64.74%
   8  Beta         1.11%    passed     96.98%
   9  Spol         2.38%    passed     71.17%
  10  MJM1652      0.71%    passed     71.16%
  11  NepSFB       0.24%    passed     97.44%
  12  WPYJ        17.97%    passed     90.75%
  13  MJM2940      0.71%    passed     97.99%
****  TOTAL        6.21%  0 sequences failed composition chi2 test (p-value<5%; df=3)

Create initial parsimony tree by phylogenetic likelihood library (PLL)... 0.001 seconds

NOTE: 1 MB RAM (0 GB) is required!
Estimate model parameters (epsilon = 0.100)
1. Initial log-likelihood: -8230.060
2. Current log-likelihood: -7919.227
3. Current log-likelihood: -7916.674
Optimal log-likelihood: -7916.656
Rate parameters:  A-C: 1.21707  A-G: 4.52696  A-T: 1.52595  C-G: 1.29825  C-T: 4.25162  G-T: 1.00000
Base frequencies:  A: 0.236  C: 0.225  G: 0.224  T: 0.315
Gamma shape alpha: 0.422
Parameters optimization took 3 rounds (0.037 sec)
Computing ML distances based on estimated model parameters... 0.001 sec
Computing BIONJ tree...
0.003 seconds
Log-likelihood of BIONJ tree: -7923.611
--------------------------------------------------------------------
|             INITIALIZING CANDIDATE TREE SET                      |
--------------------------------------------------------------------
Generating 98 parsimony trees... 0.079 second
Computing log-likelihood of 97 initial trees ... 0.427 seconds
Current best score: -7916.656

Do NNI search on 20 best initial trees
Estimate model parameters (epsilon = 0.100)
BETTER TREE FOUND at iteration 1: -7916.656
Iteration 10 / LogL: -7916.763 / Time: 0h:0m:0s
Iteration 20 / LogL: -7923.656 / Time: 0h:0m:1s
Finish initializing candidate tree set (2)
Current best tree score: -7916.656 / CPU time: 1.074
Number of iterations: 20
--------------------------------------------------------------------
|               OPTIMIZING CANDIDATE TREE SET                      |
--------------------------------------------------------------------
UPDATE BEST LOG-LIKELIHOOD: -7916.656
Iteration 30 / LogL: -7916.687 / Time: 0h:0m:1s (0h:0m:3s left)
Iteration 40 / LogL: -7916.802 / Time: 0h:0m:1s (0h:0m:2s left)
Iteration 50 / LogL: -7916.717 / Time: 0h:0m:2s (0h:0m:2s left)
Iteration 60 / LogL: -7916.680 / Time: 0h:0m:2s (0h:0m:1s left)
Iteration 70 / LogL: -7916.815 / Time: 0h:0m:3s (0h:0m:1s left)
Iteration 80 / LogL: -7916.661 / Time: 0h:0m:3s (0h:0m:1s left)
Iteration 90 / LogL: -7916.664 / Time: 0h:0m:4s (0h:0m:0s left)
Iteration 100 / LogL: -7916.667 / Time: 0h:0m:4s (0h:0m:0s left)
TREE SEARCH COMPLETED AFTER 102 ITERATIONS / Time: 0h:0m:4s

--------------------------------------------------------------------
|                    FINALIZING TREE SEARCH                        |
--------------------------------------------------------------------
Performs final model parameters optimization
Estimate model parameters (epsilon = 0.010)
1. Initial log-likelihood: -7916.656
Optimal log-likelihood: -7916.656
Rate parameters:  A-C: 1.21793  A-G: 4.53223  A-T: 1.52750  C-G: 1.29892  C-T: 4.25491  G-T: 1.00000
Base frequencies:  A: 0.236  C: 0.225  G: 0.224  T: 0.315
Gamma shape alpha: 0.422
Parameters optimization took 1 rounds (0.005 sec)
BEST SCORE FOUND : -7916.656

Testing tree branches by SH-like aLRT with 1000 replicates...
0.076 sec.
Total tree length: 1.552

Total number of iterations: 102
CPU time used for tree search: 5.329 sec (0h:0m:5s)
Wall-clock time used for tree search: 4.683 sec (0h:0m:4s)
Total CPU time used: 5.685 sec (0h:0m:5s)
Total wall-clock time used: 4.821 sec (0h:0m:4s)

Analysis results written to: 
  IQ-TREE report:                cluster4517rr.1to1ortho.fa.aln-cln_gene882.fa.iqtree
  Maximum-likelihood tree:       cluster4517rr.1to1ortho.fa.aln-cln_gene882.fa.treefile
  Likelihood distances:          cluster4517rr.1to1ortho.fa.aln-cln_gene882.fa.mldist
  Screen log file:               cluster4517rr.1to1ortho.fa.aln-cln_gene882.fa.log

Date and Time: Mon Nov 25 10:54:08 2019
