IQ-TREE multicore version 1.6.11 for Mac OS X 64-bit built Jul 12 2019
Developed by Bui Quang Minh, Nguyen Lam Tung, Olga Chernomor,
Heiko Schmidt, Dominik Schrempf, Michael Woodhams.

Host:    slpc437 (AVX2, FMA3, 16 GB RAM)
Command: iqtree -s cluster1784rr.1to1ortho.fa.aln-cln_gene27.fa -nt 4 -m GTR+G -alrt 1000
Seed:    586605 (Using SPRNG - Scalable Parallel Random Number Generator)
Time:    Mon Nov 25 09:49:05 2019
Kernel:  AVX+FMA - 4 threads (6 CPU cores detected)

Reading alignment file cluster1784rr.1to1ortho.fa.aln-cln_gene27.fa ... Fasta format detected
Alignment most likely contains DNA/RNA sequences
Alignment has 13 sequences with 864 columns, 459 distinct patterns
333 parsimony-informative, 130 singleton sites, 401 constant sites
           Gap/Ambiguity  Composition  p-value
   1  DrolusSFB    1.04%    passed     66.51%
   2  Dino         0.35%    passed     21.72%
   3  MJM3360      0.69%    passed     97.41%
   4  DrobinSFB    0.35%    passed     29.64%
   5  Neam        57.29%    passed     63.13%
   6  RuprSFB      0.58%    passed     59.52%
   7  Retr         6.02%    passed     95.78%
   8  Beta         0.00%    failed      3.32%
   9  Spol         0.00%    failed      3.84%
  10  MJM1652      2.08%    failed      0.19%
  11  NepSFB       0.93%    passed     68.73%
  12  WPYJ         2.20%    passed     52.49%
  13  MJM2940      1.39%    passed     98.87%
WARNING: 1 sequences contain more than 50% gaps/ambiguity
****  TOTAL        5.61%  3 sequences failed composition chi2 test (p-value<5%; df=3)

Create initial parsimony tree by phylogenetic likelihood library (PLL)... 0.001 seconds

NOTE: 0 MB RAM (0 GB) is required!
Estimate model parameters (epsilon = 0.100)
1. Initial log-likelihood: -6545.948
2. Current log-likelihood: -6292.632
3. Current log-likelihood: -6290.440
Optimal log-likelihood: -6290.410
Rate parameters:  A-C: 2.23234  A-G: 4.32891  A-T: 1.45427  C-G: 1.61699  C-T: 6.09740  G-T: 1.00000
Base frequencies:  A: 0.260  C: 0.219  G: 0.263  T: 0.259
Gamma shape alpha: 0.478
Parameters optimization took 3 rounds (0.031 sec)
Computing ML distances based on estimated model parameters... 0.001 sec
Computing BIONJ tree...
0.002 seconds
Log-likelihood of BIONJ tree: -6288.830
--------------------------------------------------------------------
|             INITIALIZING CANDIDATE TREE SET                      |
--------------------------------------------------------------------
Generating 98 parsimony trees... 0.075 second
Computing log-likelihood of 98 initial trees ... 0.428 seconds
Current best score: -6288.830

Do NNI search on 20 best initial trees
Estimate model parameters (epsilon = 0.100)
BETTER TREE FOUND at iteration 1: -6286.313
Iteration 10 / LogL: -6286.318 / Time: 0h:0m:0s
Iteration 20 / LogL: -6286.351 / Time: 0h:0m:1s
Finish initializing candidate tree set (1)
Current best tree score: -6286.313 / CPU time: 1.217
Number of iterations: 20
--------------------------------------------------------------------
|               OPTIMIZING CANDIDATE TREE SET                      |
--------------------------------------------------------------------
Iteration 30 / LogL: -6287.044 / Time: 0h:0m:1s (0h:0m:3s left)
Iteration 40 / LogL: -6286.352 / Time: 0h:0m:1s (0h:0m:3s left)
Iteration 50 / LogL: -6286.323 / Time: 0h:0m:2s (0h:0m:2s left)
Iteration 60 / LogL: -6286.344 / Time: 0h:0m:2s (0h:0m:1s left)
UPDATE BEST LOG-LIKELIHOOD: -6286.313
Iteration 70 / LogL: -6286.333 / Time: 0h:0m:3s (0h:0m:1s left)
Iteration 80 / LogL: -6286.364 / Time: 0h:0m:3s (0h:0m:0s left)
Iteration 90 / LogL: -6286.325 / Time: 0h:0m:3s (0h:0m:0s left)
Iteration 100 / LogL: -6286.332 / Time: 0h:0m:4s (0h:0m:0s left)
TREE SEARCH COMPLETED AFTER 102 ITERATIONS / Time: 0h:0m:4s

--------------------------------------------------------------------
|                    FINALIZING TREE SEARCH                        |
--------------------------------------------------------------------
Performs final model parameters optimization
Estimate model parameters (epsilon = 0.010)
1. Initial log-likelihood: -6286.313
Optimal log-likelihood: -6286.312
Rate parameters:  A-C: 2.27408  A-G: 4.40816  A-T: 1.44604  C-G: 1.58779  C-T: 6.09047  G-T: 1.00000
Base frequencies:  A: 0.260  C: 0.219  G: 0.263  T: 0.259
Gamma shape alpha: 0.476
Parameters optimization took 1 rounds (0.004 sec)
BEST SCORE FOUND : -6286.312

Testing tree branches by SH-like aLRT with 1000 replicates...
0.061 sec.
Total tree length: 1.902

Total number of iterations: 102
CPU time used for tree search: 4.239 sec (0h:0m:4s)
Wall-clock time used for tree search: 4.141 sec (0h:0m:4s)
Total CPU time used: 4.501 sec (0h:0m:4s)
Total wall-clock time used: 4.255 sec (0h:0m:4s)

Analysis results written to: 
  IQ-TREE report:                cluster1784rr.1to1ortho.fa.aln-cln_gene27.fa.iqtree
  Maximum-likelihood tree:       cluster1784rr.1to1ortho.fa.aln-cln_gene27.fa.treefile
  Likelihood distances:          cluster1784rr.1to1ortho.fa.aln-cln_gene27.fa.mldist
  Screen log file:               cluster1784rr.1to1ortho.fa.aln-cln_gene27.fa.log

Date and Time: Mon Nov 25 09:49:09 2019
