IQ-TREE multicore version 1.6.11 for Mac OS X 64-bit built Jul 12 2019
Developed by Bui Quang Minh, Nguyen Lam Tung, Olga Chernomor,
Heiko Schmidt, Dominik Schrempf, Michael Woodhams.

Host:    slpc437 (AVX2, FMA3, 16 GB RAM)
Command: iqtree -s cluster4224rr.1to1ortho.fa.aln-cln_gene112.fa -nt 4 -m GTR+G -alrt 1000
Seed:    484380 (Using SPRNG - Scalable Parallel Random Number Generator)
Time:    Mon Nov 25 10:46:36 2019
Kernel:  AVX+FMA - 4 threads (6 CPU cores detected)

Reading alignment file cluster4224rr.1to1ortho.fa.aln-cln_gene112.fa ... Fasta format detected
Alignment most likely contains DNA/RNA sequences
Alignment has 13 sequences with 2423 columns, 1172 distinct patterns
911 parsimony-informative, 384 singleton sites, 1128 constant sites
           Gap/Ambiguity  Composition  p-value
   1  DrolusSFB    3.38%    passed      8.84%
   2  Dino        20.02%    failed      1.30%
   3  MJM3360     20.02%    passed     67.05%
   4  DrobinSFB   10.52%    passed     60.41%
   5  Neam         0.12%    passed     38.00%
   6  RuprSFB     12.22%    passed     80.69%
   7  Retr        24.06%    passed     90.30%
   8  Beta        17.13%    passed     48.47%
   9  Spol        17.00%    passed     32.19%
  10  MJM1652     10.85%    passed     81.97%
  11  NepSFB       0.12%    passed     38.31%
  12  WPYJ        45.77%    passed     94.51%
  13  MJM2940      2.48%    passed     14.79%
****  TOTAL       14.13%  1 sequences failed composition chi2 test (p-value<5%; df=3)

Create initial parsimony tree by phylogenetic likelihood library (PLL)... 0.002 seconds

NOTE: 1 MB RAM (0 GB) is required!
Estimate model parameters (epsilon = 0.100)
1. Initial log-likelihood: -16010.157
2. Current log-likelihood: -15473.216
3. Current log-likelihood: -15469.349
Optimal log-likelihood: -15469.309
Rate parameters:  A-C: 1.29315  A-G: 3.18091  A-T: 1.34585  C-G: 1.06024  C-T: 4.85883  G-T: 1.00000
Base frequencies:  A: 0.318  C: 0.193  G: 0.261  T: 0.228
Gamma shape alpha: 0.597
Parameters optimization took 3 rounds (0.058 sec)
Computing ML distances based on estimated model parameters... 0.002 sec
Computing BIONJ tree...
0.002 seconds
Log-likelihood of BIONJ tree: -15468.582
--------------------------------------------------------------------
|             INITIALIZING CANDIDATE TREE SET                      |
--------------------------------------------------------------------
Generating 98 parsimony trees... 0.143 second
Computing log-likelihood of 98 initial trees ... 0.503 seconds
Current best score: -15468.582

Do NNI search on 20 best initial trees
Estimate model parameters (epsilon = 0.100)
BETTER TREE FOUND at iteration 1: -15466.050
Iteration 10 / LogL: -15466.094 / Time: 0h:0m:1s
Iteration 20 / LogL: -15466.053 / Time: 0h:0m:1s
Finish initializing candidate tree set (1)
Current best tree score: -15466.050 / CPU time: 1.433
Number of iterations: 20
--------------------------------------------------------------------
|               OPTIMIZING CANDIDATE TREE SET                      |
--------------------------------------------------------------------
Iteration 30 / LogL: -15466.051 / Time: 0h:0m:1s (0h:0m:4s left)
UPDATE BEST LOG-LIKELIHOOD: -15466.050
Iteration 40 / LogL: -15466.173 / Time: 0h:0m:2s (0h:0m:3s left)
UPDATE BEST LOG-LIKELIHOOD: -15466.050
Iteration 50 / LogL: -15466.050 / Time: 0h:0m:2s (0h:0m:2s left)
Iteration 60 / LogL: -15466.058 / Time: 0h:0m:3s (0h:0m:2s left)
Iteration 70 / LogL: -15466.102 / Time: 0h:0m:3s (0h:0m:1s left)
Iteration 80 / LogL: -15466.221 / Time: 0h:0m:4s (0h:0m:1s left)
UPDATE BEST LOG-LIKELIHOOD: -15466.050
Iteration 90 / LogL: -15466.050 / Time: 0h:0m:4s (0h:0m:0s left)
Iteration 100 / LogL: -15466.055 / Time: 0h:0m:5s (0h:0m:0s left)
TREE SEARCH COMPLETED AFTER 102 ITERATIONS / Time: 0h:0m:5s

--------------------------------------------------------------------
|                    FINALIZING TREE SEARCH                        |
--------------------------------------------------------------------
Performs final model parameters optimization
Estimate model parameters (epsilon = 0.010)
1. Initial log-likelihood: -15466.050
Optimal log-likelihood: -15466.050
Rate parameters:  A-C: 1.29565  A-G: 3.18132  A-T: 1.34468  C-G: 1.06164  C-T: 4.85744  G-T: 1.00000
Base frequencies:  A: 0.318  C: 0.193  G: 0.261  T: 0.228
Gamma shape alpha: 0.600
Parameters optimization took 1 rounds (0.006 sec)
BEST SCORE FOUND : -15466.050

Testing tree branches by SH-like aLRT with 1000 replicates...
0.134 sec.
Total tree length: 1.890

Total number of iterations: 102
CPU time used for tree search: 7.525 sec (0h:0m:7s)
Wall-clock time used for tree search: 5.181 sec (0h:0m:5s)
Total CPU time used: 8.190 sec (0h:0m:8s)
Total wall-clock time used: 5.403 sec (0h:0m:5s)

Analysis results written to: 
  IQ-TREE report:                cluster4224rr.1to1ortho.fa.aln-cln_gene112.fa.iqtree
  Maximum-likelihood tree:       cluster4224rr.1to1ortho.fa.aln-cln_gene112.fa.treefile
  Likelihood distances:          cluster4224rr.1to1ortho.fa.aln-cln_gene112.fa.mldist
  Screen log file:               cluster4224rr.1to1ortho.fa.aln-cln_gene112.fa.log

Date and Time: Mon Nov 25 10:46:41 2019
