IQ-TREE multicore version 1.6.11 for Mac OS X 64-bit built Jul 12 2019
Developed by Bui Quang Minh, Nguyen Lam Tung, Olga Chernomor,
Heiko Schmidt, Dominik Schrempf, Michael Woodhams.

Host:    slpc437 (AVX2, FMA3, 16 GB RAM)
Command: iqtree -s cluster3759rr.1to1ortho.fa.aln-cln_gene6.fa -nt 4 -m GTR+G -alrt 1000
Seed:    553854 (Using SPRNG - Scalable Parallel Random Number Generator)
Time:    Mon Nov 25 10:36:16 2019
Kernel:  AVX+FMA - 4 threads (6 CPU cores detected)

Reading alignment file cluster3759rr.1to1ortho.fa.aln-cln_gene6.fa ... Fasta format detected
Alignment most likely contains DNA/RNA sequences
Alignment has 13 sequences with 1675 columns, 756 distinct patterns
593 parsimony-informative, 250 singleton sites, 832 constant sites
           Gap/Ambiguity  Composition  p-value
   1  DrolusSFB    0.30%    failed      0.25%
   2  Dino         0.06%    passed     60.14%
   3  MJM3360     13.61%    passed     14.08%
   4  DrobinSFB   20.30%    failed      0.00%
   5  Neam         0.96%    passed     65.38%
   6  RuprSFB     13.61%    passed     80.65%
   7  Retr         1.97%    passed     90.28%
   8  Beta        12.78%    failed      0.04%
   9  Spol        12.78%    failed      0.94%
  10  MJM1652      0.00%    failed      0.16%
  11  NepSFB       0.96%    passed     54.83%
  12  WPYJ         2.75%    passed     21.81%
  13  MJM2940      0.06%    passed     53.25%
****  TOTAL        6.16%  5 sequences failed composition chi2 test (p-value<5%; df=3)

Create initial parsimony tree by phylogenetic likelihood library (PLL)... 0.001 seconds

NOTE: 1 MB RAM (0 GB) is required!
Estimate model parameters (epsilon = 0.100)
1. Initial log-likelihood: -11562.363
2. Current log-likelihood: -11031.965
3. Current log-likelihood: -11022.609
4. Current log-likelihood: -11022.184
Optimal log-likelihood: -11022.157
Rate parameters:  A-C: 1.99387  A-G: 4.20396  A-T: 1.12085  C-G: 1.44126  C-T: 6.49203  G-T: 1.00000
Base frequencies:  A: 0.279  C: 0.197  G: 0.253  T: 0.271
Gamma shape alpha: 0.396
Parameters optimization took 4 rounds (0.046 sec)
Computing ML distances based on estimated model parameters... 0.002 sec
Computing BIONJ tree...
0.002 seconds
Log-likelihood of BIONJ tree: -11036.593
--------------------------------------------------------------------
|             INITIALIZING CANDIDATE TREE SET                      |
--------------------------------------------------------------------
Generating 98 parsimony trees... 0.104 second
Computing log-likelihood of 97 initial trees ... 0.450 seconds
Current best score: -11022.157

Do NNI search on 20 best initial trees
Estimate model parameters (epsilon = 0.100)
BETTER TREE FOUND at iteration 1: -11021.421
Iteration 10 / LogL: -11021.453 / Time: 0h:0m:0s
Iteration 20 / LogL: -11025.964 / Time: 0h:0m:1s
Finish initializing candidate tree set (2)
Current best tree score: -11021.421 / CPU time: 1.147
Number of iterations: 20
--------------------------------------------------------------------
|               OPTIMIZING CANDIDATE TREE SET                      |
--------------------------------------------------------------------
Iteration 30 / LogL: -11021.463 / Time: 0h:0m:1s (0h:0m:3s left)
Iteration 40 / LogL: -11021.427 / Time: 0h:0m:2s (0h:0m:3s left)
Iteration 50 / LogL: -11021.590 / Time: 0h:0m:2s (0h:0m:2s left)
Iteration 60 / LogL: -11025.963 / Time: 0h:0m:2s (0h:0m:1s left)
Iteration 70 / LogL: -11021.657 / Time: 0h:0m:3s (0h:0m:1s left)
Iteration 80 / LogL: -11025.960 / Time: 0h:0m:3s (0h:0m:0s left)
Iteration 90 / LogL: -11026.438 / Time: 0h:0m:4s (0h:0m:0s left)
Iteration 100 / LogL: -11021.429 / Time: 0h:0m:4s (0h:0m:0s left)
TREE SEARCH COMPLETED AFTER 102 ITERATIONS / Time: 0h:0m:4s

--------------------------------------------------------------------
|                    FINALIZING TREE SEARCH                        |
--------------------------------------------------------------------
Performs final model parameters optimization
Estimate model parameters (epsilon = 0.010)
1. Initial log-likelihood: -11021.421
Optimal log-likelihood: -11021.415
Rate parameters:  A-C: 2.00695  A-G: 4.25504  A-T: 1.10984  C-G: 1.43340  C-T: 6.45571  G-T: 1.00000
Base frequencies:  A: 0.279  C: 0.197  G: 0.253  T: 0.271
Gamma shape alpha: 0.396
Parameters optimization took 1 rounds (0.006 sec)
BEST SCORE FOUND : -11021.415

Testing tree branches by SH-like aLRT with 1000 replicates...
0.097 sec.
Total tree length: 2.045

Total number of iterations: 102
CPU time used for tree search: 5.693 sec (0h:0m:5s)
Wall-clock time used for tree search: 4.628 sec (0h:0m:4s)
Total CPU time used: 6.158 sec (0h:0m:6s)
Total wall-clock time used: 4.800 sec (0h:0m:4s)

Analysis results written to: 
  IQ-TREE report:                cluster3759rr.1to1ortho.fa.aln-cln_gene6.fa.iqtree
  Maximum-likelihood tree:       cluster3759rr.1to1ortho.fa.aln-cln_gene6.fa.treefile
  Likelihood distances:          cluster3759rr.1to1ortho.fa.aln-cln_gene6.fa.mldist
  Screen log file:               cluster3759rr.1to1ortho.fa.aln-cln_gene6.fa.log

Date and Time: Mon Nov 25 10:36:21 2019
