IQ-TREE multicore version 1.6.11 for Mac OS X 64-bit built Jul 12 2019
Developed by Bui Quang Minh, Nguyen Lam Tung, Olga Chernomor,
Heiko Schmidt, Dominik Schrempf, Michael Woodhams.

Host:    slpc437 (AVX2, FMA3, 16 GB RAM)
Command: iqtree -s cluster2754rr.1to1ortho.fa.aln-cln_gene47.fa -nt 4 -m GTR+G -alrt 1000
Seed:    123728 (Using SPRNG - Scalable Parallel Random Number Generator)
Time:    Mon Nov 25 10:11:48 2019
Kernel:  AVX+FMA - 4 threads (6 CPU cores detected)

Reading alignment file cluster2754rr.1to1ortho.fa.aln-cln_gene47.fa ... Fasta format detected
Alignment most likely contains DNA/RNA sequences
Alignment has 13 sequences with 3113 columns, 1183 distinct patterns
1067 parsimony-informative, 436 singleton sites, 1610 constant sites
           Gap/Ambiguity  Composition  p-value
   1  DrolusSFB    1.45%    passed     91.69%
   2  Dino         0.45%    passed     59.57%
   3  MJM3360      0.16%    passed     29.99%
   4  DrobinSFB    1.00%    passed      5.51%
   5  Neam         0.64%    passed     97.94%
   6  RuprSFB      0.55%    passed     90.82%
   7  Retr         0.93%    passed     92.82%
   8  Beta         0.84%    passed     14.92%
   9  Spol         0.29%    passed     56.02%
  10  MJM1652      0.93%    passed     97.30%
  11  NepSFB       0.64%    passed     97.38%
  12  WPYJ         2.96%    passed     99.24%
  13  MJM2940      0.61%    passed     95.07%
****  TOTAL        0.88%  0 sequences failed composition chi2 test (p-value<5%; df=3)

Create initial parsimony tree by phylogenetic likelihood library (PLL)... 0.001 seconds

NOTE: 2 MB RAM (0 GB) is required!
Estimate model parameters (epsilon = 0.100)
1. Initial log-likelihood: -20239.258
2. Current log-likelihood: -19441.586
3. Current log-likelihood: -19435.085
Optimal log-likelihood: -19434.991
Rate parameters:  A-C: 1.35575  A-G: 3.92822  A-T: 1.44306  C-G: 1.40972  C-T: 6.26639  G-T: 1.00000
Base frequencies:  A: 0.324  C: 0.185  G: 0.252  T: 0.239
Gamma shape alpha: 0.433
Parameters optimization took 3 rounds (0.052 sec)
Computing ML distances based on estimated model parameters... 0.002 sec
Computing BIONJ tree...
0.003 seconds
Log-likelihood of BIONJ tree: -19434.991
--------------------------------------------------------------------
|             INITIALIZING CANDIDATE TREE SET                      |
--------------------------------------------------------------------
Generating 99 parsimony trees... 0.118 second
Computing log-likelihood of 99 initial trees ... 0.500 seconds
Current best score: -19434.991

Do NNI search on 20 best initial trees
Estimate model parameters (epsilon = 0.100)
BETTER TREE FOUND at iteration 1: -19432.842
Iteration 10 / LogL: -19432.865 / Time: 0h:0m:1s
Iteration 20 / LogL: -19432.944 / Time: 0h:0m:1s
Finish initializing candidate tree set (1)
Current best tree score: -19432.842 / CPU time: 1.305
Number of iterations: 20
--------------------------------------------------------------------
|               OPTIMIZING CANDIDATE TREE SET                      |
--------------------------------------------------------------------
Iteration 30 / LogL: -19432.913 / Time: 0h:0m:1s (0h:0m:4s left)
Iteration 40 / LogL: -19433.099 / Time: 0h:0m:2s (0h:0m:3s left)
Iteration 50 / LogL: -19492.356 / Time: 0h:0m:2s (0h:0m:2s left)
Iteration 60 / LogL: -19434.920 / Time: 0h:0m:3s (0h:0m:2s left)
Iteration 70 / LogL: -19433.321 / Time: 0h:0m:3s (0h:0m:1s left)
Iteration 80 / LogL: -19434.013 / Time: 0h:0m:4s (0h:0m:1s left)
Iteration 90 / LogL: -19432.886 / Time: 0h:0m:4s (0h:0m:0s left)
Iteration 100 / LogL: -19432.869 / Time: 0h:0m:4s (0h:0m:0s left)
TREE SEARCH COMPLETED AFTER 102 ITERATIONS / Time: 0h:0m:5s

--------------------------------------------------------------------
|                    FINALIZING TREE SEARCH                        |
--------------------------------------------------------------------
Performs final model parameters optimization
Estimate model parameters (epsilon = 0.010)
1. Initial log-likelihood: -19432.842
Optimal log-likelihood: -19432.841
Rate parameters:  A-C: 1.35650  A-G: 3.93330  A-T: 1.44002  C-G: 1.40892  C-T: 6.26462  G-T: 1.00000
Base frequencies:  A: 0.324  C: 0.185  G: 0.252  T: 0.239
Gamma shape alpha: 0.434
Parameters optimization took 1 rounds (0.006 sec)
BEST SCORE FOUND : -19432.841

Testing tree branches by SH-like aLRT with 1000 replicates...
0.163 sec.
Total tree length: 1.463

Total number of iterations: 102
CPU time used for tree search: 7.339 sec (0h:0m:7s)
Wall-clock time used for tree search: 4.998 sec (0h:0m:4s)
Total CPU time used: 8.101 sec (0h:0m:8s)
Total wall-clock time used: 5.241 sec (0h:0m:5s)

Analysis results written to: 
  IQ-TREE report:                cluster2754rr.1to1ortho.fa.aln-cln_gene47.fa.iqtree
  Maximum-likelihood tree:       cluster2754rr.1to1ortho.fa.aln-cln_gene47.fa.treefile
  Likelihood distances:          cluster2754rr.1to1ortho.fa.aln-cln_gene47.fa.mldist
  Screen log file:               cluster2754rr.1to1ortho.fa.aln-cln_gene47.fa.log

Date and Time: Mon Nov 25 10:11:53 2019
