IQ-TREE multicore version 1.6.11 for Mac OS X 64-bit built Jul 12 2019
Developed by Bui Quang Minh, Nguyen Lam Tung, Olga Chernomor,
Heiko Schmidt, Dominik Schrempf, Michael Woodhams.

Host:    slpc437 (AVX2, FMA3, 16 GB RAM)
Command: iqtree -s cluster3797rr.1to1ortho.fa.aln-cln_gene823.fa -nt 4 -m GTR+G -alrt 1000
Seed:    148089 (Using SPRNG - Scalable Parallel Random Number Generator)
Time:    Mon Nov 25 10:37:17 2019
Kernel:  AVX+FMA - 4 threads (6 CPU cores detected)

Reading alignment file cluster3797rr.1to1ortho.fa.aln-cln_gene823.fa ... Fasta format detected
Alignment most likely contains DNA/RNA sequences
Alignment has 13 sequences with 1352 columns, 744 distinct patterns
515 parsimony-informative, 244 singleton sites, 593 constant sites
           Gap/Ambiguity  Composition  p-value
   1  DrolusSFB    0.59%    passed     85.80%
   2  Dino        38.68%    passed     88.97%
   3  MJM3360     35.36%    passed     78.04%
   4  DrobinSFB   23.00%    passed     62.94%
   5  Neam         0.00%    passed     20.62%
   6  RuprSFB     35.65%    passed     99.92%
   7  Retr        39.05%    passed     45.36%
   8  Beta        11.17%    passed     68.35%
   9  Spol        11.32%    passed     15.84%
  10  MJM1652     18.42%    passed     89.25%
  11  NepSFB       0.00%    passed     11.56%
  12  WPYJ        35.87%    passed     31.86%
  13  MJM2940      0.37%    passed     99.72%
****  TOTAL       19.19%  0 sequences failed composition chi2 test (p-value<5%; df=3)

Create initial parsimony tree by phylogenetic likelihood library (PLL)... 0.001 seconds

NOTE: 1 MB RAM (0 GB) is required!
Estimate model parameters (epsilon = 0.100)
1. Initial log-likelihood: -8662.223
2. Current log-likelihood: -8340.864
3. Current log-likelihood: -8337.791
Optimal log-likelihood: -8337.749
Rate parameters:  A-C: 1.81376  A-G: 5.24370  A-T: 1.66971  C-G: 1.33626  C-T: 4.29514  G-T: 1.00000
Base frequencies:  A: 0.211  C: 0.235  G: 0.235  T: 0.319
Gamma shape alpha: 0.601
Parameters optimization took 3 rounds (0.039 sec)
Computing ML distances based on estimated model parameters... 0.001 sec
Computing BIONJ tree...
0.002 seconds
Log-likelihood of BIONJ tree: -8345.760
--------------------------------------------------------------------
|             INITIALIZING CANDIDATE TREE SET                      |
--------------------------------------------------------------------
Generating 98 parsimony trees... 0.092 second
Computing log-likelihood of 98 initial trees ... 0.477 seconds
Current best score: -8337.749

Do NNI search on 20 best initial trees
Estimate model parameters (epsilon = 0.100)
BETTER TREE FOUND at iteration 1: -8337.747
Iteration 10 / LogL: -8338.246 / Time: 0h:0m:0s
Iteration 20 / LogL: -8339.703 / Time: 0h:0m:1s
Finish initializing candidate tree set (2)
Current best tree score: -8337.747 / CPU time: 1.154
Number of iterations: 20
--------------------------------------------------------------------
|               OPTIMIZING CANDIDATE TREE SET                      |
--------------------------------------------------------------------
Iteration 30 / LogL: -8337.794 / Time: 0h:0m:1s (0h:0m:3s left)
Iteration 40 / LogL: -8337.762 / Time: 0h:0m:2s (0h:0m:3s left)
Iteration 50 / LogL: -8339.181 / Time: 0h:0m:2s (0h:0m:2s left)
Iteration 60 / LogL: -8338.184 / Time: 0h:0m:2s (0h:0m:1s left)
Iteration 70 / LogL: -8337.767 / Time: 0h:0m:3s (0h:0m:1s left)
Iteration 80 / LogL: -8338.110 / Time: 0h:0m:3s (0h:0m:0s left)
Iteration 90 / LogL: -8339.462 / Time: 0h:0m:4s (0h:0m:0s left)
Iteration 100 / LogL: -8337.762 / Time: 0h:0m:4s (0h:0m:0s left)
TREE SEARCH COMPLETED AFTER 102 ITERATIONS / Time: 0h:0m:4s

--------------------------------------------------------------------
|                    FINALIZING TREE SEARCH                        |
--------------------------------------------------------------------
Performs final model parameters optimization
Estimate model parameters (epsilon = 0.010)
1. Initial log-likelihood: -8337.747
Optimal log-likelihood: -8337.746
Rate parameters:  A-C: 1.82200  A-G: 5.26121  A-T: 1.67583  C-G: 1.34087  C-T: 4.30951  G-T: 1.00000
Base frequencies:  A: 0.211  C: 0.235  G: 0.235  T: 0.319
Gamma shape alpha: 0.600
Parameters optimization took 1 rounds (0.005 sec)
BEST SCORE FOUND : -8337.746

Testing tree branches by SH-like aLRT with 1000 replicates...
0.082 sec.
Total tree length: 2.075

Total number of iterations: 102
CPU time used for tree search: 5.589 sec (0h:0m:5s)
Wall-clock time used for tree search: 4.600 sec (0h:0m:4s)
Total CPU time used: 5.982 sec (0h:0m:5s)
Total wall-clock time used: 4.749 sec (0h:0m:4s)

Analysis results written to: 
  IQ-TREE report:                cluster3797rr.1to1ortho.fa.aln-cln_gene823.fa.iqtree
  Maximum-likelihood tree:       cluster3797rr.1to1ortho.fa.aln-cln_gene823.fa.treefile
  Likelihood distances:          cluster3797rr.1to1ortho.fa.aln-cln_gene823.fa.mldist
  Screen log file:               cluster3797rr.1to1ortho.fa.aln-cln_gene823.fa.log

Date and Time: Mon Nov 25 10:37:21 2019
