IQ-TREE multicore version 1.6.11 for Mac OS X 64-bit built Jul 12 2019
Developed by Bui Quang Minh, Nguyen Lam Tung, Olga Chernomor,
Heiko Schmidt, Dominik Schrempf, Michael Woodhams.

Host:    slpc437 (AVX2, FMA3, 16 GB RAM)
Command: iqtree -s cluster4484rr.1to1ortho.fa.aln-cln_gene346.fa -nt 4 -m GTR+G -alrt 1000
Seed:    373651 (Using SPRNG - Scalable Parallel Random Number Generator)
Time:    Mon Nov 25 10:53:17 2019
Kernel:  AVX+FMA - 4 threads (6 CPU cores detected)

Reading alignment file cluster4484rr.1to1ortho.fa.aln-cln_gene346.fa ... Fasta format detected
Alignment most likely contains DNA/RNA sequences
Alignment has 13 sequences with 1947 columns, 778 distinct patterns
605 parsimony-informative, 230 singleton sites, 1112 constant sites
           Gap/Ambiguity  Composition  p-value
   1  DrolusSFB    0.00%    passed     44.89%
   2  Dino         2.31%    passed     54.80%
   3  MJM3360      8.99%    passed     47.88%
   4  DrobinSFB    1.39%    passed     77.77%
   5  Neam         0.15%    passed     99.64%
   6  RuprSFB      7.19%    passed     99.67%
   7  Retr         1.80%    passed     16.13%
   8  Beta         0.00%    passed     70.77%
   9  Spol         0.00%    passed     61.65%
  10  MJM1652      2.16%    passed     41.43%
  11  NepSFB       0.00%    passed     99.03%
  12  WPYJ         1.23%    passed     51.79%
  13  MJM2940     52.39%    passed     47.61%
WARNING: 1 sequences contain more than 50% gaps/ambiguity
****  TOTAL        5.97%  0 sequences failed composition chi2 test (p-value<5%; df=3)

Create initial parsimony tree by phylogenetic likelihood library (PLL)... 0.001 seconds

NOTE: 1 MB RAM (0 GB) is required!
Estimate model parameters (epsilon = 0.100)
1. Initial log-likelihood: -11773.254
2. Current log-likelihood: -11183.575
3. Current log-likelihood: -11175.664
4. Current log-likelihood: -11175.514
Optimal log-likelihood: -11175.508
Rate parameters:  A-C: 1.83037  A-G: 5.03157  A-T: 1.89300  C-G: 1.12715  C-T: 7.48663  G-T: 1.00000
Base frequencies:  A: 0.283  C: 0.215  G: 0.247  T: 0.254
Gamma shape alpha: 0.319
Parameters optimization took 4 rounds (0.046 sec)
Computing ML distances based on estimated model parameters... 0.002 sec
Computing BIONJ tree...
0.002 seconds
Log-likelihood of BIONJ tree: -11187.038
--------------------------------------------------------------------
|             INITIALIZING CANDIDATE TREE SET                      |
--------------------------------------------------------------------
Generating 98 parsimony trees... 0.091 second
Computing log-likelihood of 97 initial trees ... 0.439 seconds
Current best score: -11175.508

Do NNI search on 20 best initial trees
Estimate model parameters (epsilon = 0.100)
BETTER TREE FOUND at iteration 1: -11175.508
Iteration 10 / LogL: -11175.551 / Time: 0h:0m:0s
Iteration 20 / LogL: -11175.513 / Time: 0h:0m:1s
Finish initializing candidate tree set (1)
Current best tree score: -11175.508 / CPU time: 1.144
Number of iterations: 20
--------------------------------------------------------------------
|               OPTIMIZING CANDIDATE TREE SET                      |
--------------------------------------------------------------------
Iteration 30 / LogL: -11176.004 / Time: 0h:0m:1s (0h:0m:3s left)
Iteration 40 / LogL: -11191.151 / Time: 0h:0m:2s (0h:0m:3s left)
Iteration 50 / LogL: -11192.012 / Time: 0h:0m:2s (0h:0m:2s left)
Iteration 60 / LogL: -11191.692 / Time: 0h:0m:2s (0h:0m:1s left)
Iteration 70 / LogL: -11175.548 / Time: 0h:0m:3s (0h:0m:1s left)
Iteration 80 / LogL: -11192.290 / Time: 0h:0m:3s (0h:0m:0s left)
Iteration 90 / LogL: -11175.541 / Time: 0h:0m:4s (0h:0m:0s left)
Iteration 100 / LogL: -11175.562 / Time: 0h:0m:4s (0h:0m:0s left)
TREE SEARCH COMPLETED AFTER 102 ITERATIONS / Time: 0h:0m:4s

--------------------------------------------------------------------
|                    FINALIZING TREE SEARCH                        |
--------------------------------------------------------------------
Performs final model parameters optimization
Estimate model parameters (epsilon = 0.010)
1. Initial log-likelihood: -11175.508
Optimal log-likelihood: -11175.508
Rate parameters:  A-C: 1.82876  A-G: 5.03088  A-T: 1.89426  C-G: 1.12734  C-T: 7.49100  G-T: 1.00000
Base frequencies:  A: 0.283  C: 0.215  G: 0.247  T: 0.254
Gamma shape alpha: 0.319
Parameters optimization took 1 rounds (0.005 sec)
BEST SCORE FOUND : -11175.508

Testing tree branches by SH-like aLRT with 1000 replicates...
0.107 sec.
Total tree length: 1.412

Total number of iterations: 102
CPU time used for tree search: 5.625 sec (0h:0m:5s)
Wall-clock time used for tree search: 4.515 sec (0h:0m:4s)
Total CPU time used: 6.131 sec (0h:0m:6s)
Total wall-clock time used: 4.693 sec (0h:0m:4s)

Analysis results written to: 
  IQ-TREE report:                cluster4484rr.1to1ortho.fa.aln-cln_gene346.fa.iqtree
  Maximum-likelihood tree:       cluster4484rr.1to1ortho.fa.aln-cln_gene346.fa.treefile
  Likelihood distances:          cluster4484rr.1to1ortho.fa.aln-cln_gene346.fa.mldist
  Screen log file:               cluster4484rr.1to1ortho.fa.aln-cln_gene346.fa.log

Date and Time: Mon Nov 25 10:53:22 2019
