IQ-TREE multicore version 1.6.11 for Mac OS X 64-bit built Jul 12 2019
Developed by Bui Quang Minh, Nguyen Lam Tung, Olga Chernomor,
Heiko Schmidt, Dominik Schrempf, Michael Woodhams.

Host:    slpc437 (AVX2, FMA3, 16 GB RAM)
Command: iqtree -s cluster2569rr.1to1ortho.fa.aln-cln_gene519.fa -nt 4 -m GTR+G -alrt 1000
Seed:    968620 (Using SPRNG - Scalable Parallel Random Number Generator)
Time:    Mon Nov 25 10:08:09 2019
Kernel:  AVX+FMA - 4 threads (6 CPU cores detected)

Reading alignment file cluster2569rr.1to1ortho.fa.aln-cln_gene519.fa ... Fasta format detected
Alignment most likely contains DNA/RNA sequences
Alignment has 13 sequences with 2763 columns, 1240 distinct patterns
972 parsimony-informative, 417 singleton sites, 1374 constant sites
           Gap/Ambiguity  Composition  p-value
   1  DrolusSFB    1.09%    passed     63.18%
   2  Dino         1.41%    passed     91.07%
   3  MJM3360     12.41%    passed     69.12%
   4  DrobinSFB    1.88%    failed      1.94%
   5  Neam         1.52%    passed     19.11%
   6  RuprSFB     11.62%    passed     60.72%
   7  Retr        72.10%    failed      0.73%
   8  Beta         1.09%    passed      7.20%
   9  Spol         1.19%    passed     31.02%
  10  MJM1652      1.56%    passed     89.37%
  11  NepSFB       1.52%    passed     23.64%
  12  WPYJ        55.05%    passed     15.26%
  13  MJM2940      0.54%    passed     53.50%
WARNING: 2 sequences contain more than 50% gaps/ambiguity
****  TOTAL       12.54%  2 sequences failed composition chi2 test (p-value<5%; df=3)

Create initial parsimony tree by phylogenetic likelihood library (PLL)... 0.001 seconds

NOTE: 2 MB RAM (0 GB) is required!
Estimate model parameters (epsilon = 0.100)
1. Initial log-likelihood: -18134.034
2. Current log-likelihood: -17326.218
3. Current log-likelihood: -17314.157
4. Current log-likelihood: -17313.565
Optimal log-likelihood: -17313.530
Rate parameters:  A-C: 1.96014  A-G: 3.48584  A-T: 1.14467  C-G: 1.31626  C-T: 6.72680  G-T: 1.00000
Base frequencies:  A: 0.286  C: 0.177  G: 0.277  T: 0.261
Gamma shape alpha: 0.426
Parameters optimization took 4 rounds (0.065 sec)
Computing ML distances based on estimated model parameters... 0.002 sec
Computing BIONJ tree...
0.003 seconds
Log-likelihood of BIONJ tree: -17313.529
--------------------------------------------------------------------
|             INITIALIZING CANDIDATE TREE SET                      |
--------------------------------------------------------------------
Generating 99 parsimony trees... 0.140 second
Computing log-likelihood of 98 initial trees ... 0.525 seconds
Current best score: -17313.529

Do NNI search on 20 best initial trees
Estimate model parameters (epsilon = 0.100)
BETTER TREE FOUND at iteration 1: -17307.818
Iteration 10 / LogL: -17308.010 / Time: 0h:0m:1s
Iteration 20 / LogL: -17307.962 / Time: 0h:0m:1s
Finish initializing candidate tree set (2)
Current best tree score: -17307.818 / CPU time: 1.685
Number of iterations: 20
--------------------------------------------------------------------
|               OPTIMIZING CANDIDATE TREE SET                      |
--------------------------------------------------------------------
UPDATE BEST LOG-LIKELIHOOD: -17307.818
Iteration 30 / LogL: -17309.109 / Time: 0h:0m:2s (0h:0m:5s left)
Iteration 40 / LogL: -17308.430 / Time: 0h:0m:2s (0h:0m:3s left)
Iteration 50 / LogL: -17307.939 / Time: 0h:0m:3s (0h:0m:3s left)
Iteration 60 / LogL: -17342.126 / Time: 0h:0m:3s (0h:0m:2s left)
Iteration 70 / LogL: -17307.916 / Time: 0h:0m:3s (0h:0m:1s left)
Iteration 80 / LogL: -17307.989 / Time: 0h:0m:4s (0h:0m:1s left)
Iteration 90 / LogL: -17385.156 / Time: 0h:0m:4s (0h:0m:0s left)
Iteration 100 / LogL: -17308.044 / Time: 0h:0m:5s (0h:0m:0s left)
TREE SEARCH COMPLETED AFTER 102 ITERATIONS / Time: 0h:0m:5s

--------------------------------------------------------------------
|                    FINALIZING TREE SEARCH                        |
--------------------------------------------------------------------
Performs final model parameters optimization
Estimate model parameters (epsilon = 0.010)
1. Initial log-likelihood: -17307.818
Optimal log-likelihood: -17307.816
Rate parameters:  A-C: 2.03448  A-G: 3.66876  A-T: 1.19636  C-G: 1.38827  C-T: 7.08658  G-T: 1.00000
Base frequencies:  A: 0.286  C: 0.177  G: 0.277  T: 0.261
Gamma shape alpha: 0.424
Parameters optimization took 1 rounds (0.007 sec)
BEST SCORE FOUND : -17307.816

Testing tree branches by SH-like aLRT with 1000 replicates...
0.149 sec.
Total tree length: 2.032

Total number of iterations: 102
CPU time used for tree search: 8.024 sec (0h:0m:8s)
Wall-clock time used for tree search: 5.341 sec (0h:0m:5s)
Total CPU time used: 8.774 sec (0h:0m:8s)
Total wall-clock time used: 5.589 sec (0h:0m:5s)

Analysis results written to: 
  IQ-TREE report:                cluster2569rr.1to1ortho.fa.aln-cln_gene519.fa.iqtree
  Maximum-likelihood tree:       cluster2569rr.1to1ortho.fa.aln-cln_gene519.fa.treefile
  Likelihood distances:          cluster2569rr.1to1ortho.fa.aln-cln_gene519.fa.mldist
  Screen log file:               cluster2569rr.1to1ortho.fa.aln-cln_gene519.fa.log

Date and Time: Mon Nov 25 10:08:15 2019
