IQ-TREE multicore version 1.6.11 for Mac OS X 64-bit built Jul 12 2019
Developed by Bui Quang Minh, Nguyen Lam Tung, Olga Chernomor,
Heiko Schmidt, Dominik Schrempf, Michael Woodhams.

Host:    slpc437 (AVX2, FMA3, 16 GB RAM)
Command: iqtree -s cluster1279rr.1to1ortho.fa.aln-cln_gene521.fa -nt 4 -m GTR+G -alrt 1000
Seed:    27833 (Using SPRNG - Scalable Parallel Random Number Generator)
Time:    Mon Nov 25 09:40:04 2019
Kernel:  AVX+FMA - 4 threads (6 CPU cores detected)

Reading alignment file cluster1279rr.1to1ortho.fa.aln-cln_gene521.fa ... Fasta format detected
Alignment most likely contains DNA/RNA sequences
Alignment has 13 sequences with 1754 columns, 889 distinct patterns
602 parsimony-informative, 340 singleton sites, 812 constant sites
           Gap/Ambiguity  Composition  p-value
   1  DrolusSFB   10.89%    passed     21.19%
   2  Dino         0.34%    passed     16.83%
   3  MJM3360     13.45%    passed     30.72%
   4  DrobinSFB   54.33%    passed     75.11%
   5  Neam         0.00%    passed     82.68%
   6  RuprSFB     13.57%    passed     42.86%
   7  Retr        26.97%    passed     98.54%
   8  Beta        24.97%    passed     58.05%
   9  Spol         2.51%    passed     55.29%
  10  MJM1652      5.42%    passed     78.95%
  11  NepSFB       0.00%    passed     84.94%
  12  WPYJ        51.94%    passed     75.46%
  13  MJM2940      0.17%    passed     65.08%
WARNING: 2 sequences contain more than 50% gaps/ambiguity
****  TOTAL       15.74%  0 sequences failed composition chi2 test (p-value<5%; df=3)

Create initial parsimony tree by phylogenetic likelihood library (PLL)... 0.001 seconds

NOTE: 1 MB RAM (0 GB) is required!
Estimate model parameters (epsilon = 0.100)
1. Initial log-likelihood: -11218.846
2. Current log-likelihood: -10708.285
3. Current log-likelihood: -10703.548
Optimal log-likelihood: -10703.483
Rate parameters:  A-C: 2.62487  A-G: 5.60844  A-T: 1.93328  C-G: 2.03958  C-T: 9.02136  G-T: 1.00000
Base frequencies:  A: 0.274  C: 0.180  G: 0.261  T: 0.284
Gamma shape alpha: 0.630
Parameters optimization took 3 rounds (0.043 sec)
Computing ML distances based on estimated model parameters... 0.002 sec
Computing BIONJ tree...
0.003 seconds
Log-likelihood of BIONJ tree: -10701.749
--------------------------------------------------------------------
|             INITIALIZING CANDIDATE TREE SET                      |
--------------------------------------------------------------------
Generating 98 parsimony trees... 0.100 second
Computing log-likelihood of 98 initial trees ... 0.478 seconds
Current best score: -10701.749

Do NNI search on 20 best initial trees
Estimate model parameters (epsilon = 0.100)
BETTER TREE FOUND at iteration 1: -10701.745
Iteration 10 / LogL: -10701.750 / Time: 0h:0m:0s
Iteration 20 / LogL: -10701.894 / Time: 0h:0m:1s
Finish initializing candidate tree set (2)
Current best tree score: -10701.745 / CPU time: 1.199
Number of iterations: 20
--------------------------------------------------------------------
|               OPTIMIZING CANDIDATE TREE SET                      |
--------------------------------------------------------------------
Iteration 30 / LogL: -10701.778 / Time: 0h:0m:1s (0h:0m:4s left)
Iteration 40 / LogL: -10726.702 / Time: 0h:0m:2s (0h:0m:3s left)
Iteration 50 / LogL: -10726.377 / Time: 0h:0m:2s (0h:0m:2s left)
Iteration 60 / LogL: -10701.972 / Time: 0h:0m:2s (0h:0m:2s left)
Iteration 70 / LogL: -10726.437 / Time: 0h:0m:3s (0h:0m:1s left)
Iteration 80 / LogL: -10701.767 / Time: 0h:0m:3s (0h:0m:1s left)
Iteration 90 / LogL: -10701.980 / Time: 0h:0m:4s (0h:0m:0s left)
Iteration 100 / LogL: -10701.765 / Time: 0h:0m:4s (0h:0m:0s left)
UPDATE BEST LOG-LIKELIHOOD: -10701.745
TREE SEARCH COMPLETED AFTER 102 ITERATIONS / Time: 0h:0m:4s

--------------------------------------------------------------------
|                    FINALIZING TREE SEARCH                        |
--------------------------------------------------------------------
Performs final model parameters optimization
Estimate model parameters (epsilon = 0.010)
1. Initial log-likelihood: -10701.745
Optimal log-likelihood: -10701.745
Rate parameters:  A-C: 2.62783  A-G: 5.60851  A-T: 1.92959  C-G: 2.03945  C-T: 9.02444  G-T: 1.00000
Base frequencies:  A: 0.274  C: 0.180  G: 0.261  T: 0.284
Gamma shape alpha: 0.633
Parameters optimization took 1 rounds (0.005 sec)
BEST SCORE FOUND : -10701.745

Testing tree branches by SH-like aLRT with 1000 replicates...
0.104 sec.
Total tree length: 1.789

Total number of iterations: 102
CPU time used for tree search: 5.963 sec (0h:0m:5s)
Wall-clock time used for tree search: 4.534 sec (0h:0m:4s)
Total CPU time used: 6.447 sec (0h:0m:6s)
Total wall-clock time used: 4.708 sec (0h:0m:4s)

Analysis results written to: 
  IQ-TREE report:                cluster1279rr.1to1ortho.fa.aln-cln_gene521.fa.iqtree
  Maximum-likelihood tree:       cluster1279rr.1to1ortho.fa.aln-cln_gene521.fa.treefile
  Likelihood distances:          cluster1279rr.1to1ortho.fa.aln-cln_gene521.fa.mldist
  Screen log file:               cluster1279rr.1to1ortho.fa.aln-cln_gene521.fa.log

Date and Time: Mon Nov 25 09:40:08 2019
