IQ-TREE multicore version 1.6.11 for Mac OS X 64-bit built Jul 12 2019
Developed by Bui Quang Minh, Nguyen Lam Tung, Olga Chernomor,
Heiko Schmidt, Dominik Schrempf, Michael Woodhams.

Host:    slpc437 (AVX2, FMA3, 16 GB RAM)
Command: iqtree -s cluster2312rr.1to1ortho.fa.aln-cln_gene907.fa -nt 4 -m GTR+G -alrt 1000
Seed:    562097 (Using SPRNG - Scalable Parallel Random Number Generator)
Time:    Mon Nov 25 10:02:24 2019
Kernel:  AVX+FMA - 4 threads (6 CPU cores detected)

Reading alignment file cluster2312rr.1to1ortho.fa.aln-cln_gene907.fa ... Fasta format detected
Alignment most likely contains DNA/RNA sequences
Alignment has 13 sequences with 1068 columns, 588 distinct patterns
416 parsimony-informative, 167 singleton sites, 485 constant sites
           Gap/Ambiguity  Composition  p-value
   1  DrolusSFB    3.93%    passed     99.04%
   2  Dino         1.87%    passed     75.22%
   3  MJM3360     29.31%    passed     66.46%
   4  DrobinSFB    1.50%    passed     93.75%
   5  Neam         0.28%    passed     80.42%
   6  RuprSFB      6.84%    passed     84.50%
   7  Retr        12.55%    passed     91.18%
   8  Beta         7.12%    passed     81.52%
   9  Spol         7.12%    passed     28.28%
  10  MJM1652      1.59%    passed     97.80%
  11  NepSFB       0.28%    passed     81.18%
  12  WPYJ        30.62%    passed     93.43%
  13  MJM2940      3.75%    passed     99.94%
****  TOTAL        8.21%  0 sequences failed composition chi2 test (p-value<5%; df=3)

Create initial parsimony tree by phylogenetic likelihood library (PLL)... 0.001 seconds

NOTE: 0 MB RAM (0 GB) is required!
Estimate model parameters (epsilon = 0.100)
1. Initial log-likelihood: -7427.230
2. Current log-likelihood: -7128.064
3. Current log-likelihood: -7124.103
Optimal log-likelihood: -7124.032
Rate parameters:  A-C: 1.55895  A-G: 3.66291  A-T: 1.28505  C-G: 0.95019  C-T: 5.50299  G-T: 1.00000
Base frequencies:  A: 0.274  C: 0.194  G: 0.236  T: 0.296
Gamma shape alpha: 0.525
Parameters optimization took 3 rounds (0.034 sec)
Computing ML distances based on estimated model parameters... 0.001 sec
Computing BIONJ tree...
0.002 seconds
Log-likelihood of BIONJ tree: -7124.896
--------------------------------------------------------------------
|             INITIALIZING CANDIDATE TREE SET                      |
--------------------------------------------------------------------
Generating 98 parsimony trees... 0.092 second
Computing log-likelihood of 98 initial trees ... 0.432 seconds
Current best score: -7120.395

Do NNI search on 20 best initial trees
Estimate model parameters (epsilon = 0.100)
BETTER TREE FOUND at iteration 1: -7119.499
Iteration 10 / LogL: -7123.232 / Time: 0h:0m:0s
Iteration 20 / LogL: -7119.526 / Time: 0h:0m:1s
Finish initializing candidate tree set (3)
Current best tree score: -7119.499 / CPU time: 1.288
Number of iterations: 20
--------------------------------------------------------------------
|               OPTIMIZING CANDIDATE TREE SET                      |
--------------------------------------------------------------------
Iteration 30 / LogL: -7119.503 / Time: 0h:0m:1s (0h:0m:4s left)
UPDATE BEST LOG-LIKELIHOOD: -7119.499
Iteration 40 / LogL: -7119.523 / Time: 0h:0m:2s (0h:0m:3s left)
Iteration 50 / LogL: -7126.304 / Time: 0h:0m:2s (0h:0m:2s left)
Iteration 60 / LogL: -7119.659 / Time: 0h:0m:3s (0h:0m:2s left)
Iteration 70 / LogL: -7128.347 / Time: 0h:0m:3s (0h:0m:1s left)
Iteration 80 / LogL: -7119.739 / Time: 0h:0m:4s (0h:0m:1s left)
Iteration 90 / LogL: -7119.510 / Time: 0h:0m:4s (0h:0m:0s left)
Iteration 100 / LogL: -7129.250 / Time: 0h:0m:4s (0h:0m:0s left)
TREE SEARCH COMPLETED AFTER 102 ITERATIONS / Time: 0h:0m:4s

--------------------------------------------------------------------
|                    FINALIZING TREE SEARCH                        |
--------------------------------------------------------------------
Performs final model parameters optimization
Estimate model parameters (epsilon = 0.010)
1. Initial log-likelihood: -7119.499
Optimal log-likelihood: -7119.497
Rate parameters:  A-C: 1.55439  A-G: 3.66027  A-T: 1.28492  C-G: 0.94235  C-T: 5.53572  G-T: 1.00000
Base frequencies:  A: 0.274  C: 0.194  G: 0.236  T: 0.296
Gamma shape alpha: 0.528
Parameters optimization took 1 rounds (0.005 sec)
BEST SCORE FOUND : -7119.497

Testing tree branches by SH-like aLRT with 1000 replicates...
0.068 sec.
Total tree length: 1.924

Total number of iterations: 102
CPU time used for tree search: 5.511 sec (0h:0m:5s)
Wall-clock time used for tree search: 4.928 sec (0h:0m:4s)
Total CPU time used: 5.825 sec (0h:0m:5s)
Total wall-clock time used: 5.054 sec (0h:0m:5s)

Analysis results written to: 
  IQ-TREE report:                cluster2312rr.1to1ortho.fa.aln-cln_gene907.fa.iqtree
  Maximum-likelihood tree:       cluster2312rr.1to1ortho.fa.aln-cln_gene907.fa.treefile
  Likelihood distances:          cluster2312rr.1to1ortho.fa.aln-cln_gene907.fa.mldist
  Screen log file:               cluster2312rr.1to1ortho.fa.aln-cln_gene907.fa.log

Date and Time: Mon Nov 25 10:02:29 2019
