IQ-TREE multicore version 1.6.11 for Mac OS X 64-bit built Jul 12 2019
Developed by Bui Quang Minh, Nguyen Lam Tung, Olga Chernomor,
Heiko Schmidt, Dominik Schrempf, Michael Woodhams.

Host:    slpc437 (AVX2, FMA3, 16 GB RAM)
Command: iqtree -s cluster2472rr.1to1ortho.fa.aln-cln_gene150.fa -nt 4 -m GTR+G -alrt 1000
Seed:    749091 (Using SPRNG - Scalable Parallel Random Number Generator)
Time:    Mon Nov 25 10:04:49 2019
Kernel:  AVX+FMA - 4 threads (6 CPU cores detected)

Reading alignment file cluster2472rr.1to1ortho.fa.aln-cln_gene150.fa ... Fasta format detected
Alignment most likely contains DNA/RNA sequences
Alignment has 13 sequences with 926 columns, 445 distinct patterns
354 parsimony-informative, 135 singleton sites, 437 constant sites
           Gap/Ambiguity  Composition  p-value
   1  DrolusSFB    0.00%    passed     76.93%
   2  Dino         0.00%    passed     87.91%
   3  MJM3360      0.54%    passed     91.89%
   4  DrobinSFB    3.02%    passed     84.31%
   5  Neam         0.00%    passed     97.06%
   6  RuprSFB      0.65%    passed     76.27%
   7  Retr         0.86%    passed     98.57%
   8  Beta         2.05%    passed     47.89%
   9  Spol         2.05%    passed     80.63%
  10  MJM1652      2.05%    passed     85.08%
  11  NepSFB       0.54%    passed     96.46%
  12  WPYJ         2.81%    passed     97.54%
  13  MJM2940      0.00%    passed     97.28%
****  TOTAL        1.12%  0 sequences failed composition chi2 test (p-value<5%; df=3)

Create initial parsimony tree by phylogenetic likelihood library (PLL)... 0.001 seconds

NOTE: 0 MB RAM (0 GB) is required!
Estimate model parameters (epsilon = 0.100)
1. Initial log-likelihood: -6448.982
2. Current log-likelihood: -6203.849
3. Current log-likelihood: -6202.476
Optimal log-likelihood: -6202.436
Rate parameters:  A-C: 0.94730  A-G: 3.27052  A-T: 1.13629  C-G: 1.31771  C-T: 5.03031  G-T: 1.00000
Base frequencies:  A: 0.305  C: 0.195  G: 0.233  T: 0.266
Gamma shape alpha: 0.568
Parameters optimization took 3 rounds (0.032 sec)
Computing ML distances based on estimated model parameters... 0.001 sec
Computing BIONJ tree...
0.002 seconds
Log-likelihood of BIONJ tree: -6203.089
--------------------------------------------------------------------
|             INITIALIZING CANDIDATE TREE SET                      |
--------------------------------------------------------------------
Generating 98 parsimony trees... 0.073 second
Computing log-likelihood of 96 initial trees ... 0.394 seconds
Current best score: -6201.951

Do NNI search on 20 best initial trees
Estimate model parameters (epsilon = 0.100)
BETTER TREE FOUND at iteration 1: -6201.811
Iteration 10 / LogL: -6201.813 / Time: 0h:0m:0s
Iteration 20 / LogL: -6201.815 / Time: 0h:0m:1s
Finish initializing candidate tree set (1)
Current best tree score: -6201.811 / CPU time: 1.181
Number of iterations: 20
--------------------------------------------------------------------
|               OPTIMIZING CANDIDATE TREE SET                      |
--------------------------------------------------------------------
Iteration 30 / LogL: -6201.877 / Time: 0h:0m:1s (0h:0m:3s left)
Iteration 40 / LogL: -6201.817 / Time: 0h:0m:2s (0h:0m:3s left)
Iteration 50 / LogL: -6201.815 / Time: 0h:0m:2s (0h:0m:2s left)
UPDATE BEST LOG-LIKELIHOOD: -6201.811
Iteration 60 / LogL: -6201.904 / Time: 0h:0m:2s (0h:0m:2s left)
Iteration 70 / LogL: -6201.813 / Time: 0h:0m:3s (0h:0m:1s left)
Iteration 80 / LogL: -6201.816 / Time: 0h:0m:3s (0h:0m:1s left)
Iteration 90 / LogL: -6201.820 / Time: 0h:0m:4s (0h:0m:0s left)
Iteration 100 / LogL: -6201.815 / Time: 0h:0m:4s (0h:0m:0s left)
TREE SEARCH COMPLETED AFTER 102 ITERATIONS / Time: 0h:0m:4s

--------------------------------------------------------------------
|                    FINALIZING TREE SEARCH                        |
--------------------------------------------------------------------
Performs final model parameters optimization
Estimate model parameters (epsilon = 0.010)
1. Initial log-likelihood: -6201.811
Optimal log-likelihood: -6201.811
Rate parameters:  A-C: 0.96335  A-G: 3.35568  A-T: 1.16983  C-G: 1.36619  C-T: 5.19527  G-T: 1.00000
Base frequencies:  A: 0.305  C: 0.195  G: 0.233  T: 0.266
Gamma shape alpha: 0.567
Parameters optimization took 1 rounds (0.004 sec)
BEST SCORE FOUND : -6201.811

Testing tree branches by SH-like aLRT with 1000 replicates...
0.063 sec.
Total tree length: 1.562

Total number of iterations: 102
CPU time used for tree search: 4.914 sec (0h:0m:4s)
Wall-clock time used for tree search: 4.800 sec (0h:0m:4s)
Total CPU time used: 5.188 sec (0h:0m:5s)
Total wall-clock time used: 4.917 sec (0h:0m:4s)

Analysis results written to: 
  IQ-TREE report:                cluster2472rr.1to1ortho.fa.aln-cln_gene150.fa.iqtree
  Maximum-likelihood tree:       cluster2472rr.1to1ortho.fa.aln-cln_gene150.fa.treefile
  Likelihood distances:          cluster2472rr.1to1ortho.fa.aln-cln_gene150.fa.mldist
  Screen log file:               cluster2472rr.1to1ortho.fa.aln-cln_gene150.fa.log

Date and Time: Mon Nov 25 10:04:54 2019
