IQ-TREE multicore version 1.6.11 for Mac OS X 64-bit built Jul 12 2019
Developed by Bui Quang Minh, Nguyen Lam Tung, Olga Chernomor,
Heiko Schmidt, Dominik Schrempf, Michael Woodhams.

Host:    slpc437 (AVX2, FMA3, 16 GB RAM)
Command: iqtree -s cluster2625rr.1to1ortho.fa.aln-cln_gene28.fa -nt 4 -m GTR+G -alrt 1000
Seed:    802170 (Using SPRNG - Scalable Parallel Random Number Generator)
Time:    Mon Nov 25 10:10:19 2019
Kernel:  AVX+FMA - 4 threads (6 CPU cores detected)

Reading alignment file cluster2625rr.1to1ortho.fa.aln-cln_gene28.fa ... Fasta format detected
Alignment most likely contains DNA/RNA sequences
Alignment has 13 sequences with 1618 columns, 867 distinct patterns
613 parsimony-informative, 312 singleton sites, 693 constant sites
           Gap/Ambiguity  Composition  p-value
   1  DrolusSFB    5.81%    passed     82.09%
   2  Dino        30.16%    passed     90.19%
   3  MJM3360     21.20%    passed     97.05%
   4  DrobinSFB   21.32%    passed     57.62%
   5  Neam         2.90%    passed     92.36%
   6  RuprSFB     20.15%    passed     60.35%
   7  Retr         0.74%    passed     58.03%
   8  Beta         0.74%    passed      8.29%
   9  Spol         1.30%    passed     54.43%
  10  MJM1652     24.54%    passed     34.53%
  11  NepSFB       2.90%    passed     91.27%
  12  WPYJ        17.55%    passed     95.98%
  13  MJM2940     12.92%    passed     70.59%
****  TOTAL       12.48%  0 sequences failed composition chi2 test (p-value<5%; df=3)

Create initial parsimony tree by phylogenetic likelihood library (PLL)... 0.001 seconds

NOTE: 1 MB RAM (0 GB) is required!
Estimate model parameters (epsilon = 0.100)
1. Initial log-likelihood: -11117.570
2. Current log-likelihood: -10669.928
3. Current log-likelihood: -10666.108
Optimal log-likelihood: -10666.048
Rate parameters:  A-C: 1.85526  A-G: 4.14422  A-T: 1.16981  C-G: 1.24140  C-T: 5.85377  G-T: 1.00000
Base frequencies:  A: 0.298  C: 0.166  G: 0.268  T: 0.267
Gamma shape alpha: 0.676
Parameters optimization took 3 rounds (0.075 sec)
Computing ML distances based on estimated model parameters... 0.002 sec
Computing BIONJ tree...
0.002 seconds
Log-likelihood of BIONJ tree: -10671.256
--------------------------------------------------------------------
|             INITIALIZING CANDIDATE TREE SET                      |
--------------------------------------------------------------------
Generating 98 parsimony trees... 0.111 second
Computing log-likelihood of 97 initial trees ... 0.467 seconds
Current best score: -10666.048

Do NNI search on 20 best initial trees
Estimate model parameters (epsilon = 0.100)
BETTER TREE FOUND at iteration 1: -10664.521
Iteration 10 / LogL: -10664.961 / Time: 0h:0m:0s
Iteration 20 / LogL: -10664.526 / Time: 0h:0m:1s
Finish initializing candidate tree set (1)
Current best tree score: -10664.521 / CPU time: 1.218
Number of iterations: 20
--------------------------------------------------------------------
|               OPTIMIZING CANDIDATE TREE SET                      |
--------------------------------------------------------------------
Iteration 30 / LogL: -10664.606 / Time: 0h:0m:1s (0h:0m:4s left)
Iteration 40 / LogL: -10664.548 / Time: 0h:0m:2s (0h:0m:3s left)
UPDATE BEST LOG-LIKELIHOOD: -10664.521
Iteration 50 / LogL: -10664.532 / Time: 0h:0m:2s (0h:0m:2s left)
Iteration 60 / LogL: -10664.577 / Time: 0h:0m:2s (0h:0m:2s left)
Iteration 70 / LogL: -10664.562 / Time: 0h:0m:3s (0h:0m:1s left)
Iteration 80 / LogL: -10665.926 / Time: 0h:0m:3s (0h:0m:1s left)
Iteration 90 / LogL: -10664.525 / Time: 0h:0m:4s (0h:0m:0s left)
Iteration 100 / LogL: -10664.523 / Time: 0h:0m:4s (0h:0m:0s left)
TREE SEARCH COMPLETED AFTER 102 ITERATIONS / Time: 0h:0m:4s

--------------------------------------------------------------------
|                    FINALIZING TREE SEARCH                        |
--------------------------------------------------------------------
Performs final model parameters optimization
Estimate model parameters (epsilon = 0.010)
1. Initial log-likelihood: -10664.521
Optimal log-likelihood: -10664.521
Rate parameters:  A-C: 1.84600  A-G: 4.14010  A-T: 1.16971  C-G: 1.21785  C-T: 5.85967  G-T: 1.00000
Base frequencies:  A: 0.298  C: 0.166  G: 0.268  T: 0.267
Gamma shape alpha: 0.676
Parameters optimization took 1 rounds (0.006 sec)
BEST SCORE FOUND : -10664.521

Testing tree branches by SH-like aLRT with 1000 replicates...
0.097 sec.
Total tree length: 1.950

Total number of iterations: 102
CPU time used for tree search: 6.110 sec (0h:0m:6s)
Wall-clock time used for tree search: 4.699 sec (0h:0m:4s)
Total CPU time used: 6.654 sec (0h:0m:6s)
Total wall-clock time used: 4.899 sec (0h:0m:4s)

Analysis results written to: 
  IQ-TREE report:                cluster2625rr.1to1ortho.fa.aln-cln_gene28.fa.iqtree
  Maximum-likelihood tree:       cluster2625rr.1to1ortho.fa.aln-cln_gene28.fa.treefile
  Likelihood distances:          cluster2625rr.1to1ortho.fa.aln-cln_gene28.fa.mldist
  Screen log file:               cluster2625rr.1to1ortho.fa.aln-cln_gene28.fa.log

Date and Time: Mon Nov 25 10:10:24 2019
