IQ-TREE multicore version 1.6.11 for Mac OS X 64-bit built Jul 12 2019
Developed by Bui Quang Minh, Nguyen Lam Tung, Olga Chernomor,
Heiko Schmidt, Dominik Schrempf, Michael Woodhams.

Host:    slpc437 (AVX2, FMA3, 16 GB RAM)
Command: iqtree -s cluster139rr.1to1ortho.fa.aln-cln_gene1089.fa -nt 4 -m GTR+G -alrt 1000
Seed:    555055 (Using SPRNG - Scalable Parallel Random Number Generator)
Time:    Mon Nov 25 09:41:50 2019
Kernel:  AVX+FMA - 4 threads (6 CPU cores detected)

Reading alignment file cluster139rr.1to1ortho.fa.aln-cln_gene1089.fa ... Fasta format detected
Alignment most likely contains DNA/RNA sequences
Alignment has 13 sequences with 1077 columns, 619 distinct patterns
425 parsimony-informative, 194 singleton sites, 458 constant sites
           Gap/Ambiguity  Composition  p-value
   1  DrolusSFB    0.74%    passed     99.51%
   2  Dino         2.79%    passed     52.89%
   3  MJM3360      6.59%    passed     54.42%
   4  DrobinSFB    0.84%    passed     21.35%
   5  Neam        27.30%    passed     98.13%
   6  RuprSFB     17.73%    passed     51.56%
   7  Retr         1.39%    passed     76.26%
   8  Beta         1.58%    passed     59.33%
   9  Spol         1.30%    passed     31.03%
  10  MJM1652     27.11%    passed     18.18%
  11  NepSFB      19.50%    passed     88.47%
  12  WPYJ         0.74%    passed     98.66%
  13  MJM2940      1.02%    passed     86.65%
****  TOTAL        8.36%  0 sequences failed composition chi2 test (p-value<5%; df=3)

Create initial parsimony tree by phylogenetic likelihood library (PLL)... 0.001 seconds

NOTE: 1 MB RAM (0 GB) is required!
Estimate model parameters (epsilon = 0.100)
1. Initial log-likelihood: -7839.504
2. Current log-likelihood: -7566.371
3. Current log-likelihood: -7564.285
Optimal log-likelihood: -7564.256
Rate parameters:  A-C: 1.71029  A-G: 5.86352  A-T: 1.97739  C-G: 1.55547  C-T: 4.62257  G-T: 1.00000
Base frequencies:  A: 0.257  C: 0.226  G: 0.240  T: 0.278
Gamma shape alpha: 0.640
Parameters optimization took 3 rounds (0.034 sec)
Computing ML distances based on estimated model parameters... 0.001 sec
Computing BIONJ tree...
0.002 seconds
Log-likelihood of BIONJ tree: -7564.276
--------------------------------------------------------------------
|             INITIALIZING CANDIDATE TREE SET                      |
--------------------------------------------------------------------
Generating 98 parsimony trees... 0.083 second
Computing log-likelihood of 98 initial trees ... 0.435 seconds
Current best score: -7562.265

Do NNI search on 20 best initial trees
Estimate model parameters (epsilon = 0.100)
BETTER TREE FOUND at iteration 1: -7562.066
Iteration 10 / LogL: -7563.413 / Time: 0h:0m:0s
Iteration 20 / LogL: -7562.346 / Time: 0h:0m:1s
Finish initializing candidate tree set (3)
Current best tree score: -7562.066 / CPU time: 1.018
Number of iterations: 20
--------------------------------------------------------------------
|               OPTIMIZING CANDIDATE TREE SET                      |
--------------------------------------------------------------------
Iteration 30 / LogL: -7562.277 / Time: 0h:0m:1s (0h:0m:3s left)
Iteration 40 / LogL: -7563.413 / Time: 0h:0m:1s (0h:0m:2s left)
Iteration 50 / LogL: -7562.078 / Time: 0h:0m:2s (0h:0m:2s left)
Iteration 60 / LogL: -7562.084 / Time: 0h:0m:2s (0h:0m:1s left)
Iteration 70 / LogL: -7562.988 / Time: 0h:0m:3s (0h:0m:1s left)
Iteration 80 / LogL: -7562.068 / Time: 0h:0m:3s (0h:0m:0s left)
Iteration 90 / LogL: -7562.144 / Time: 0h:0m:3s (0h:0m:0s left)
Iteration 100 / LogL: -7562.092 / Time: 0h:0m:4s (0h:0m:0s left)
TREE SEARCH COMPLETED AFTER 102 ITERATIONS / Time: 0h:0m:4s

--------------------------------------------------------------------
|                    FINALIZING TREE SEARCH                        |
--------------------------------------------------------------------
Performs final model parameters optimization
Estimate model parameters (epsilon = 0.010)
1. Initial log-likelihood: -7562.066
Optimal log-likelihood: -7562.066
Rate parameters:  A-C: 1.66300  A-G: 5.91511  A-T: 1.95364  C-G: 1.54376  C-T: 4.55779  G-T: 1.00000
Base frequencies:  A: 0.257  C: 0.226  G: 0.240  T: 0.278
Gamma shape alpha: 0.644
Parameters optimization took 1 rounds (0.005 sec)
BEST SCORE FOUND : -7562.066

Testing tree branches by SH-like aLRT with 1000 replicates...
0.072 sec.
Total tree length: 1.837

Total number of iterations: 102
CPU time used for tree search: 4.934 sec (0h:0m:4s)
Wall-clock time used for tree search: 4.326 sec (0h:0m:4s)
Total CPU time used: 5.257 sec (0h:0m:5s)
Total wall-clock time used: 4.457 sec (0h:0m:4s)

Analysis results written to: 
  IQ-TREE report:                cluster139rr.1to1ortho.fa.aln-cln_gene1089.fa.iqtree
  Maximum-likelihood tree:       cluster139rr.1to1ortho.fa.aln-cln_gene1089.fa.treefile
  Likelihood distances:          cluster139rr.1to1ortho.fa.aln-cln_gene1089.fa.mldist
  Screen log file:               cluster139rr.1to1ortho.fa.aln-cln_gene1089.fa.log

Date and Time: Mon Nov 25 09:41:55 2019
