IQ-TREE multicore version 1.6.11 for Mac OS X 64-bit built Jul 12 2019
Developed by Bui Quang Minh, Nguyen Lam Tung, Olga Chernomor,
Heiko Schmidt, Dominik Schrempf, Michael Woodhams.

Host:    slpc437 (AVX2, FMA3, 16 GB RAM)
Command: iqtree -s cluster1686rr.1to1ortho.fa.aln-cln_gene193.fa -nt 4 -m GTR+G -alrt 1000
Seed:    494615 (Using SPRNG - Scalable Parallel Random Number Generator)
Time:    Mon Nov 25 09:47:59 2019
Kernel:  AVX+FMA - 4 threads (6 CPU cores detected)

Reading alignment file cluster1686rr.1to1ortho.fa.aln-cln_gene193.fa ... Fasta format detected
Alignment most likely contains DNA/RNA sequences
Alignment has 13 sequences with 3897 columns, 1797 distinct patterns
1293 parsimony-informative, 672 singleton sites, 1932 constant sites
           Gap/Ambiguity  Composition  p-value
   1  DrolusSFB   19.53%    passed     26.27%
   2  Dino         3.80%    passed     35.89%
   3  MJM3360     11.50%    passed     72.99%
   4  DrobinSFB    3.80%    passed     91.88%
   5  Neam         0.31%    passed     82.82%
   6  RuprSFB     14.24%    passed     60.48%
   7  Retr        54.09%    passed      7.88%
   8  Beta         8.78%    passed     24.20%
   9  Spol         9.26%    passed     40.94%
  10  MJM1652     13.24%    passed     81.58%
  11  NepSFB       2.69%    passed     69.04%
  12  WPYJ        47.29%    passed     56.59%
  13  MJM2940      0.44%    passed     12.26%
WARNING: 1 sequences contain more than 50% gaps/ambiguity
****  TOTAL       14.54%  0 sequences failed composition chi2 test (p-value<5%; df=3)

Create initial parsimony tree by phylogenetic likelihood library (PLL)... 0.002 seconds

NOTE: 3 MB RAM (0 GB) is required!
Estimate model parameters (epsilon = 0.100)
1. Initial log-likelihood: -24163.274
2. Current log-likelihood: -23254.429
3. Current log-likelihood: -23247.123
Optimal log-likelihood: -23247.021
Rate parameters:  A-C: 1.40237  A-G: 3.97496  A-T: 1.38677  C-G: 1.25219  C-T: 5.22747  G-T: 1.00000
Base frequencies:  A: 0.275  C: 0.193  G: 0.249  T: 0.283
Gamma shape alpha: 0.511
Parameters optimization took 3 rounds (0.066 sec)
Computing ML distances based on estimated model parameters... 0.003 sec
Computing BIONJ tree...
0.002 seconds
Log-likelihood of BIONJ tree: -23247.020
--------------------------------------------------------------------
|             INITIALIZING CANDIDATE TREE SET                      |
--------------------------------------------------------------------
Generating 99 parsimony trees... 0.164 second
Computing log-likelihood of 99 initial trees ... 0.590 seconds
Current best score: -23247.020

Do NNI search on 20 best initial trees
Estimate model parameters (epsilon = 0.100)
BETTER TREE FOUND at iteration 1: -23247.017
Iteration 10 / LogL: -23247.654 / Time: 0h:0m:1s
Iteration 20 / LogL: -23247.090 / Time: 0h:0m:1s
Finish initializing candidate tree set (1)
Current best tree score: -23247.017 / CPU time: 1.591
Number of iterations: 20
--------------------------------------------------------------------
|               OPTIMIZING CANDIDATE TREE SET                      |
--------------------------------------------------------------------
Iteration 30 / LogL: -23247.057 / Time: 0h:0m:2s (0h:0m:5s left)
Iteration 40 / LogL: -23247.061 / Time: 0h:0m:2s (0h:0m:4s left)
Iteration 50 / LogL: -23247.182 / Time: 0h:0m:3s (0h:0m:3s left)
Iteration 60 / LogL: -23247.054 / Time: 0h:0m:3s (0h:0m:2s left)
Iteration 70 / LogL: -23247.360 / Time: 0h:0m:4s (0h:0m:1s left)
Iteration 80 / LogL: -23247.023 / Time: 0h:0m:4s (0h:0m:1s left)
Iteration 90 / LogL: -23247.043 / Time: 0h:0m:5s (0h:0m:0s left)
Iteration 100 / LogL: -23248.940 / Time: 0h:0m:5s (0h:0m:0s left)
TREE SEARCH COMPLETED AFTER 102 ITERATIONS / Time: 0h:0m:6s

--------------------------------------------------------------------
|                    FINALIZING TREE SEARCH                        |
--------------------------------------------------------------------
Performs final model parameters optimization
Estimate model parameters (epsilon = 0.010)
1. Initial log-likelihood: -23247.017
Optimal log-likelihood: -23247.016
Rate parameters:  A-C: 1.40288  A-G: 3.97080  A-T: 1.38685  C-G: 1.25271  C-T: 5.23957  G-T: 1.00000
Base frequencies:  A: 0.275  C: 0.193  G: 0.249  T: 0.283
Gamma shape alpha: 0.511
Parameters optimization took 1 rounds (0.008 sec)
BEST SCORE FOUND : -23247.016

Testing tree branches by SH-like aLRT with 1000 replicates...
0.204 sec.
Total tree length: 1.686

Total number of iterations: 102
CPU time used for tree search: 10.380 sec (0h:0m:10s)
Wall-clock time used for tree search: 5.926 sec (0h:0m:5s)
Total CPU time used: 11.374 sec (0h:0m:11s)
Total wall-clock time used: 6.230 sec (0h:0m:6s)

Analysis results written to: 
  IQ-TREE report:                cluster1686rr.1to1ortho.fa.aln-cln_gene193.fa.iqtree
  Maximum-likelihood tree:       cluster1686rr.1to1ortho.fa.aln-cln_gene193.fa.treefile
  Likelihood distances:          cluster1686rr.1to1ortho.fa.aln-cln_gene193.fa.mldist
  Screen log file:               cluster1686rr.1to1ortho.fa.aln-cln_gene193.fa.log

Date and Time: Mon Nov 25 09:48:05 2019
