IQ-TREE multicore version 1.6.11 for Mac OS X 64-bit built Jul 12 2019
Developed by Bui Quang Minh, Nguyen Lam Tung, Olga Chernomor,
Heiko Schmidt, Dominik Schrempf, Michael Woodhams.

Host:    slpc437 (AVX2, FMA3, 16 GB RAM)
Command: iqtree -s cluster4842rr.1to1ortho.fa.aln-cln_gene564.fa -nt 4 -m GTR+G -alrt 1000
Seed:    293092 (Using SPRNG - Scalable Parallel Random Number Generator)
Time:    Mon Nov 25 10:59:16 2019
Kernel:  AVX+FMA - 4 threads (6 CPU cores detected)

Reading alignment file cluster4842rr.1to1ortho.fa.aln-cln_gene564.fa ... Fasta format detected
Alignment most likely contains DNA/RNA sequences
Alignment has 13 sequences with 1783 columns, 847 distinct patterns
598 parsimony-informative, 297 singleton sites, 888 constant sites
           Gap/Ambiguity  Composition  p-value
   1  DrolusSFB    2.19%    passed     52.64%
   2  Dino         5.61%    passed     50.11%
   3  MJM3360      7.52%    passed     72.70%
   4  DrobinSFB    5.50%    passed     45.90%
   5  Neam         2.02%    passed     53.64%
   6  RuprSFB      7.68%    passed     80.88%
   7  Retr        42.51%    passed     27.52%
   8  Beta         6.34%    passed     16.09%
   9  Spol         6.51%    passed     45.01%
  10  MJM1652      7.35%    passed     49.84%
  11  NepSFB       2.02%    passed     56.74%
  12  WPYJ        34.55%    failed      0.56%
  13  MJM2940      2.36%    passed     77.60%
****  TOTAL       10.16%  1 sequences failed composition chi2 test (p-value<5%; df=3)

Create initial parsimony tree by phylogenetic likelihood library (PLL)... 0.001 seconds

NOTE: 1 MB RAM (0 GB) is required!
Estimate model parameters (epsilon = 0.100)
1. Initial log-likelihood: -11573.489
2. Current log-likelihood: -11243.277
3. Current log-likelihood: -11190.990
4. Current log-likelihood: -11190.276
Optimal log-likelihood: -11190.264
Rate parameters:  A-C: 1.35831  A-G: 3.42255  A-T: 1.17953  C-G: 1.20906  C-T: 4.59506  G-T: 1.00000
Base frequencies:  A: 0.284  C: 0.219  G: 0.247  T: 0.251
Gamma shape alpha: 0.497
Parameters optimization took 4 rounds (0.052 sec)
Computing ML distances based on estimated model parameters... 0.002 sec
Computing BIONJ tree...
0.002 seconds
Log-likelihood of BIONJ tree: -11190.264
--------------------------------------------------------------------
|             INITIALIZING CANDIDATE TREE SET                      |
--------------------------------------------------------------------
Generating 99 parsimony trees... 0.092 second
Computing log-likelihood of 99 initial trees ... 0.465 seconds
Current best score: -11190.264

Do NNI search on 20 best initial trees
Estimate model parameters (epsilon = 0.100)
BETTER TREE FOUND at iteration 1: -11190.264
Iteration 10 / LogL: -11190.290 / Time: 0h:0m:0s
Iteration 20 / LogL: -11193.847 / Time: 0h:0m:1s
Finish initializing candidate tree set (1)
Current best tree score: -11190.264 / CPU time: 1.197
Number of iterations: 20
--------------------------------------------------------------------
|               OPTIMIZING CANDIDATE TREE SET                      |
--------------------------------------------------------------------
Iteration 30 / LogL: -11190.324 / Time: 0h:0m:1s (0h:0m:4s left)
UPDATE BEST LOG-LIKELIHOOD: -11190.264
Iteration 40 / LogL: -11190.388 / Time: 0h:0m:2s (0h:0m:3s left)
Iteration 50 / LogL: -11190.272 / Time: 0h:0m:2s (0h:0m:2s left)
Iteration 60 / LogL: -11190.372 / Time: 0h:0m:2s (0h:0m:2s left)
Iteration 70 / LogL: -11193.634 / Time: 0h:0m:3s (0h:0m:1s left)
Iteration 80 / LogL: -11190.301 / Time: 0h:0m:3s (0h:0m:0s left)
Iteration 90 / LogL: -11190.274 / Time: 0h:0m:4s (0h:0m:0s left)
Iteration 100 / LogL: -11190.352 / Time: 0h:0m:4s (0h:0m:0s left)
TREE SEARCH COMPLETED AFTER 102 ITERATIONS / Time: 0h:0m:4s

--------------------------------------------------------------------
|                    FINALIZING TREE SEARCH                        |
--------------------------------------------------------------------
Performs final model parameters optimization
Estimate model parameters (epsilon = 0.010)
1. Initial log-likelihood: -11190.264
Optimal log-likelihood: -11190.263
Rate parameters:  A-C: 1.35696  A-G: 3.42383  A-T: 1.17945  C-G: 1.20892  C-T: 4.58771  G-T: 1.00000
Base frequencies:  A: 0.284  C: 0.219  G: 0.247  T: 0.251
Gamma shape alpha: 0.497
Parameters optimization took 1 rounds (0.005 sec)
BEST SCORE FOUND : -11190.263

Testing tree branches by SH-like aLRT with 1000 replicates...
0.101 sec.
Total tree length: 1.662

Total number of iterations: 102
CPU time used for tree search: 5.720 sec (0h:0m:5s)
Wall-clock time used for tree search: 4.448 sec (0h:0m:4s)
Total CPU time used: 6.224 sec (0h:0m:6s)
Total wall-clock time used: 4.628 sec (0h:0m:4s)

Analysis results written to: 
  IQ-TREE report:                cluster4842rr.1to1ortho.fa.aln-cln_gene564.fa.iqtree
  Maximum-likelihood tree:       cluster4842rr.1to1ortho.fa.aln-cln_gene564.fa.treefile
  Likelihood distances:          cluster4842rr.1to1ortho.fa.aln-cln_gene564.fa.mldist
  Screen log file:               cluster4842rr.1to1ortho.fa.aln-cln_gene564.fa.log

Date and Time: Mon Nov 25 10:59:20 2019
