IQ-TREE multicore version 1.6.11 for Mac OS X 64-bit built Jul 12 2019
Developed by Bui Quang Minh, Nguyen Lam Tung, Olga Chernomor,
Heiko Schmidt, Dominik Schrempf, Michael Woodhams.

Host:    slpc437 (AVX2, FMA3, 16 GB RAM)
Command: iqtree -s cluster4780rr.1to1ortho.fa.aln-cln_gene720.fa -nt 4 -m GTR+G -alrt 1000
Seed:    186960 (Using SPRNG - Scalable Parallel Random Number Generator)
Time:    Mon Nov 25 10:57:40 2019
Kernel:  AVX+FMA - 4 threads (6 CPU cores detected)

Reading alignment file cluster4780rr.1to1ortho.fa.aln-cln_gene720.fa ... Fasta format detected
Alignment most likely contains DNA/RNA sequences
Alignment has 13 sequences with 1190 columns, 527 distinct patterns
407 parsimony-informative, 140 singleton sites, 643 constant sites
           Gap/Ambiguity  Composition  p-value
   1  DrolusSFB    0.42%    passed     72.86%
   2  Dino         0.50%    passed     89.39%
   3  MJM3360      7.98%    passed     25.69%
   4  DrobinSFB   11.26%    passed     36.25%
   5  Neam         0.67%    passed     55.56%
   6  RuprSFB      6.30%    passed     62.83%
   7  Retr        10.59%    passed     90.43%
   8  Beta         0.59%    passed     25.93%
   9  Spol         0.42%    passed     79.52%
  10  MJM1652      0.50%    passed     79.14%
  11  NepSFB       0.67%    passed     54.29%
  12  WPYJ        18.57%    passed     68.09%
  13  MJM2940      0.92%    passed     36.62%
****  TOTAL        4.57%  0 sequences failed composition chi2 test (p-value<5%; df=3)

Create initial parsimony tree by phylogenetic likelihood library (PLL)... 0.001 seconds

NOTE: 0 MB RAM (0 GB) is required!
Estimate model parameters (epsilon = 0.100)
1. Initial log-likelihood: -7774.361
2. Current log-likelihood: -7415.350
3. Current log-likelihood: -7411.121
Optimal log-likelihood: -7411.012
Rate parameters:  A-C: 1.62329  A-G: 4.42369  A-T: 1.57242  C-G: 1.16671  C-T: 5.97878  G-T: 1.00000
Base frequencies:  A: 0.271  C: 0.199  G: 0.248  T: 0.281
Gamma shape alpha: 0.339
Parameters optimization took 3 rounds (0.035 sec)
Computing ML distances based on estimated model parameters... 0.001 sec
Computing BIONJ tree...
0.002 seconds
Log-likelihood of BIONJ tree: -7411.011
--------------------------------------------------------------------
|             INITIALIZING CANDIDATE TREE SET                      |
--------------------------------------------------------------------
Generating 99 parsimony trees... 0.081 second
Computing log-likelihood of 99 initial trees ... 0.414 seconds
Current best score: -7411.011

Do NNI search on 20 best initial trees
Estimate model parameters (epsilon = 0.100)
BETTER TREE FOUND at iteration 1: -7409.416
Iteration 10 / LogL: -7409.419 / Time: 0h:0m:0s
Iteration 20 / LogL: -7409.465 / Time: 0h:0m:1s
Finish initializing candidate tree set (1)
Current best tree score: -7409.416 / CPU time: 1.140
Number of iterations: 20
--------------------------------------------------------------------
|               OPTIMIZING CANDIDATE TREE SET                      |
--------------------------------------------------------------------
Iteration 30 / LogL: -7409.490 / Time: 0h:0m:1s (0h:0m:4s left)
Iteration 40 / LogL: -7409.460 / Time: 0h:0m:1s (0h:0m:3s left)
Iteration 50 / LogL: -7409.424 / Time: 0h:0m:2s (0h:0m:2s left)
Iteration 60 / LogL: -7409.421 / Time: 0h:0m:2s (0h:0m:1s left)
Iteration 70 / LogL: -7409.419 / Time: 0h:0m:3s (0h:0m:1s left)
Iteration 80 / LogL: -7409.421 / Time: 0h:0m:3s (0h:0m:0s left)
Iteration 90 / LogL: -7409.422 / Time: 0h:0m:3s (0h:0m:0s left)
Iteration 100 / LogL: -7409.450 / Time: 0h:0m:4s (0h:0m:0s left)
TREE SEARCH COMPLETED AFTER 102 ITERATIONS / Time: 0h:0m:4s

--------------------------------------------------------------------
|                    FINALIZING TREE SEARCH                        |
--------------------------------------------------------------------
Performs final model parameters optimization
Estimate model parameters (epsilon = 0.010)
1. Initial log-likelihood: -7409.416
Optimal log-likelihood: -7409.412
Rate parameters:  A-C: 1.59840  A-G: 4.40944  A-T: 1.56629  C-G: 1.16175  C-T: 6.02079  G-T: 1.00000
Base frequencies:  A: 0.271  C: 0.199  G: 0.248  T: 0.281
Gamma shape alpha: 0.339
Parameters optimization took 1 rounds (0.005 sec)
BEST SCORE FOUND : -7409.412

Testing tree branches by SH-like aLRT with 1000 replicates...
0.073 sec.
Total tree length: 1.645

Total number of iterations: 102
CPU time used for tree search: 4.740 sec (0h:0m:4s)
Wall-clock time used for tree search: 4.388 sec (0h:0m:4s)
Total CPU time used: 5.071 sec (0h:0m:5s)
Total wall-clock time used: 4.520 sec (0h:0m:4s)

Analysis results written to: 
  IQ-TREE report:                cluster4780rr.1to1ortho.fa.aln-cln_gene720.fa.iqtree
  Maximum-likelihood tree:       cluster4780rr.1to1ortho.fa.aln-cln_gene720.fa.treefile
  Likelihood distances:          cluster4780rr.1to1ortho.fa.aln-cln_gene720.fa.mldist
  Screen log file:               cluster4780rr.1to1ortho.fa.aln-cln_gene720.fa.log

Date and Time: Mon Nov 25 10:57:44 2019
