IQ-TREE multicore version 1.6.11 for Mac OS X 64-bit built Jul 12 2019
Developed by Bui Quang Minh, Nguyen Lam Tung, Olga Chernomor,
Heiko Schmidt, Dominik Schrempf, Michael Woodhams.

Host:    slpc437 (AVX2, FMA3, 16 GB RAM)
Command: iqtree -s cluster3218rr.1to1ortho.fa.aln-cln_gene246.fa -nt 4 -m GTR+G -alrt 1000
Seed:    978071 (Using SPRNG - Scalable Parallel Random Number Generator)
Time:    Mon Nov 25 10:24:17 2019
Kernel:  AVX+FMA - 4 threads (6 CPU cores detected)

Reading alignment file cluster3218rr.1to1ortho.fa.aln-cln_gene246.fa ... Fasta format detected
Alignment most likely contains DNA/RNA sequences
Alignment has 13 sequences with 544 columns, 241 distinct patterns
168 parsimony-informative, 74 singleton sites, 302 constant sites
           Gap/Ambiguity  Composition  p-value
   1  DrolusSFB    1.29%    passed     83.13%
   2  Dino         1.84%    passed     83.01%
   3  MJM3360      1.10%    passed     56.28%
   4  DrobinSFB    1.29%    passed     69.66%
   5  Neam         1.10%    passed     97.33%
   6  RuprSFB      2.39%    passed     93.57%
   7  Retr         1.47%    passed     80.79%
   8  Beta         4.23%    passed     60.94%
   9  Spol         2.94%    passed     99.12%
  10  MJM1652      2.57%    passed     90.02%
  11  NepSFB       1.10%    passed     98.34%
  12  WPYJ         1.47%    passed     97.24%
  13  MJM2940      1.10%    passed     90.28%
****  TOTAL        1.84%  0 sequences failed composition chi2 test (p-value<5%; df=3)

Create initial parsimony tree by phylogenetic likelihood library (PLL)... 0.000 seconds

NOTE: 0 MB RAM (0 GB) is required!
WARNING: Number of threads seems too high for short alignments. Use -nt AUTO to determine best number of threads.
Estimate model parameters (epsilon = 0.100)
1. Initial log-likelihood: -3495.731
2. Current log-likelihood: -3360.563
3. Current log-likelihood: -3358.690
Optimal log-likelihood: -3358.656
Rate parameters:  A-C: 1.70075  A-G: 3.43009  A-T: 1.76512  C-G: 1.53115  C-T: 5.55316  G-T: 1.00000
Base frequencies:  A: 0.235  C: 0.220  G: 0.261  T: 0.284
Gamma shape alpha: 0.317
Parameters optimization took 3 rounds (0.025 sec)
Computing ML distances based on estimated model parameters... 0.001 sec
Computing BIONJ tree...
0.002 seconds
Log-likelihood of BIONJ tree: -3358.655
--------------------------------------------------------------------
|             INITIALIZING CANDIDATE TREE SET                      |
--------------------------------------------------------------------
Generating 99 parsimony trees... 0.061 second
Computing log-likelihood of 99 initial trees ... 0.397 seconds
Current best score: -3358.655

Do NNI search on 20 best initial trees
Estimate model parameters (epsilon = 0.100)
BETTER TREE FOUND at iteration 1: -3358.655
Iteration 10 / LogL: -3358.662 / Time: 0h:0m:0s
Iteration 20 / LogL: -3358.669 / Time: 0h:0m:1s
Finish initializing candidate tree set (1)
Current best tree score: -3358.655 / CPU time: 0.974
Number of iterations: 20
--------------------------------------------------------------------
|               OPTIMIZING CANDIDATE TREE SET                      |
--------------------------------------------------------------------
Iteration 30 / LogL: -3358.740 / Time: 0h:0m:1s (0h:0m:3s left)
Iteration 40 / LogL: -3358.720 / Time: 0h:0m:1s (0h:0m:2s left)
Iteration 50 / LogL: -3358.675 / Time: 0h:0m:2s (0h:0m:2s left)
Iteration 60 / LogL: -3358.656 / Time: 0h:0m:2s (0h:0m:1s left)
Iteration 70 / LogL: -3359.560 / Time: 0h:0m:3s (0h:0m:1s left)
Iteration 80 / LogL: -3358.660 / Time: 0h:0m:3s (0h:0m:0s left)
Iteration 90 / LogL: -3358.801 / Time: 0h:0m:4s (0h:0m:0s left)
Iteration 100 / LogL: -3359.560 / Time: 0h:0m:4s (0h:0m:0s left)
TREE SEARCH COMPLETED AFTER 102 ITERATIONS / Time: 0h:0m:4s

--------------------------------------------------------------------
|                    FINALIZING TREE SEARCH                        |
--------------------------------------------------------------------
Performs final model parameters optimization
Estimate model parameters (epsilon = 0.010)
1. Initial log-likelihood: -3358.655
Optimal log-likelihood: -3358.654
Rate parameters:  A-C: 1.69890  A-G: 3.42467  A-T: 1.77002  C-G: 1.53246  C-T: 5.56032  G-T: 1.00000
Base frequencies:  A: 0.235  C: 0.220  G: 0.261  T: 0.284
Gamma shape alpha: 0.318
Parameters optimization took 1 rounds (0.003 sec)
BEST SCORE FOUND : -3358.654

Testing tree branches by SH-like aLRT with 1000 replicates...
0.040 sec.
Total tree length: 1.525

Total number of iterations: 102
CPU time used for tree search: 3.814 sec (0h:0m:3s)
Wall-clock time used for tree search: 4.478 sec (0h:0m:4s)
Total CPU time used: 3.984 sec (0h:0m:3s)
Total wall-clock time used: 4.564 sec (0h:0m:4s)

Analysis results written to: 
  IQ-TREE report:                cluster3218rr.1to1ortho.fa.aln-cln_gene246.fa.iqtree
  Maximum-likelihood tree:       cluster3218rr.1to1ortho.fa.aln-cln_gene246.fa.treefile
  Likelihood distances:          cluster3218rr.1to1ortho.fa.aln-cln_gene246.fa.mldist
  Screen log file:               cluster3218rr.1to1ortho.fa.aln-cln_gene246.fa.log

Date and Time: Mon Nov 25 10:24:22 2019
