IQ-TREE multicore version 1.6.11 for Mac OS X 64-bit built Jul 12 2019
Developed by Bui Quang Minh, Nguyen Lam Tung, Olga Chernomor,
Heiko Schmidt, Dominik Schrempf, Michael Woodhams.

Host:    slpc437 (AVX2, FMA3, 16 GB RAM)
Command: iqtree -s cluster1577rr.1to1ortho.fa.aln-cln_gene1232.fa -nt 4 -m GTR+G -alrt 1000
Seed:    121320 (Using SPRNG - Scalable Parallel Random Number Generator)
Time:    Mon Nov 25 09:45:34 2019
Kernel:  AVX+FMA - 4 threads (6 CPU cores detected)

Reading alignment file cluster1577rr.1to1ortho.fa.aln-cln_gene1232.fa ... Fasta format detected
Alignment most likely contains DNA/RNA sequences
Alignment has 13 sequences with 758 columns, 413 distinct patterns
275 parsimony-informative, 120 singleton sites, 363 constant sites
           Gap/Ambiguity  Composition  p-value
   1  DrolusSFB    9.89%    passed     53.86%
   2  Dino        36.02%    passed     81.31%
   3  MJM3360      8.71%    passed     96.13%
   4  DrobinSFB   20.98%    passed     83.76%
   5  Neam         0.00%    passed     91.38%
   6  RuprSFB     10.03%    passed     65.44%
   7  Retr         1.45%    passed     73.42%
   8  Beta        12.66%    passed     50.73%
   9  Spol        12.66%    passed     83.44%
  10  MJM1652      1.06%    passed     92.80%
  11  NepSFB       0.00%    passed     88.07%
  12  WPYJ        11.48%    passed     77.97%
  13  MJM2940      0.00%    passed     84.05%
****  TOTAL        9.61%  0 sequences failed composition chi2 test (p-value<5%; df=3)

Create initial parsimony tree by phylogenetic likelihood library (PLL)... 0.001 seconds

NOTE: 0 MB RAM (0 GB) is required!
Estimate model parameters (epsilon = 0.100)
1. Initial log-likelihood: -5201.317
2. Current log-likelihood: -5003.335
3. Current log-likelihood: -5000.995
Optimal log-likelihood: -5000.960
Rate parameters:  A-C: 1.88825  A-G: 4.19708  A-T: 1.61975  C-G: 1.50806  C-T: 6.15013  G-T: 1.00000
Base frequencies:  A: 0.304  C: 0.192  G: 0.248  T: 0.256
Gamma shape alpha: 0.471
Parameters optimization took 3 rounds (0.039 sec)
Computing ML distances based on estimated model parameters... 0.001 sec
Computing BIONJ tree...
0.002 seconds
Log-likelihood of BIONJ tree: -4994.509
--------------------------------------------------------------------
|             INITIALIZING CANDIDATE TREE SET                      |
--------------------------------------------------------------------
Generating 98 parsimony trees... 0.075 second
Computing log-likelihood of 98 initial trees ... 0.426 seconds
Current best score: -4994.509

Do NNI search on 20 best initial trees
Estimate model parameters (epsilon = 0.100)
BETTER TREE FOUND at iteration 1: -4991.198
Iteration 10 / LogL: -4992.858 / Time: 0h:0m:0s
Iteration 20 / LogL: -4992.854 / Time: 0h:0m:1s
Finish initializing candidate tree set (3)
Current best tree score: -4991.198 / CPU time: 1.309
Number of iterations: 20
--------------------------------------------------------------------
|               OPTIMIZING CANDIDATE TREE SET                      |
--------------------------------------------------------------------
Iteration 30 / LogL: -4992.881 / Time: 0h:0m:1s (0h:0m:4s left)
Iteration 40 / LogL: -4991.217 / Time: 0h:0m:2s (0h:0m:3s left)
Iteration 50 / LogL: -4991.204 / Time: 0h:0m:2s (0h:0m:2s left)
Iteration 60 / LogL: -4991.772 / Time: 0h:0m:2s (0h:0m:1s left)
Iteration 70 / LogL: -5008.696 / Time: 0h:0m:3s (0h:0m:1s left)
Iteration 80 / LogL: -4991.203 / Time: 0h:0m:3s (0h:0m:0s left)
Iteration 90 / LogL: -4991.487 / Time: 0h:0m:3s (0h:0m:0s left)
Iteration 100 / LogL: -4991.201 / Time: 0h:0m:4s (0h:0m:0s left)
TREE SEARCH COMPLETED AFTER 102 ITERATIONS / Time: 0h:0m:4s

--------------------------------------------------------------------
|                    FINALIZING TREE SEARCH                        |
--------------------------------------------------------------------
Performs final model parameters optimization
Estimate model parameters (epsilon = 0.010)
1. Initial log-likelihood: -4991.198
Optimal log-likelihood: -4991.197
Rate parameters:  A-C: 1.74095  A-G: 4.26655  A-T: 1.57516  C-G: 1.47813  C-T: 6.13431  G-T: 1.00000
Base frequencies:  A: 0.304  C: 0.192  G: 0.248  T: 0.256
Gamma shape alpha: 0.463
Parameters optimization took 1 rounds (0.004 sec)
BEST SCORE FOUND : -4991.197

Testing tree branches by SH-like aLRT with 1000 replicates...
0.053 sec.
Total tree length: 1.912

Total number of iterations: 102
CPU time used for tree search: 4.170 sec (0h:0m:4s)
Wall-clock time used for tree search: 4.223 sec (0h:0m:4s)
Total CPU time used: 4.426 sec (0h:0m:4s)
Total wall-clock time used: 4.339 sec (0h:0m:4s)

Analysis results written to: 
  IQ-TREE report:                cluster1577rr.1to1ortho.fa.aln-cln_gene1232.fa.iqtree
  Maximum-likelihood tree:       cluster1577rr.1to1ortho.fa.aln-cln_gene1232.fa.treefile
  Likelihood distances:          cluster1577rr.1to1ortho.fa.aln-cln_gene1232.fa.mldist
  Screen log file:               cluster1577rr.1to1ortho.fa.aln-cln_gene1232.fa.log

Date and Time: Mon Nov 25 09:45:38 2019
