IQ-TREE multicore version 1.6.11 for Mac OS X 64-bit built Jul 12 2019
Developed by Bui Quang Minh, Nguyen Lam Tung, Olga Chernomor,
Heiko Schmidt, Dominik Schrempf, Michael Woodhams.

Host:    slpc437 (AVX2, FMA3, 16 GB RAM)
Command: iqtree -s cluster3407rr.1to1ortho.fa.aln-cln_gene94.fa -nt 4 -m GTR+G -alrt 1000
Seed:    723658 (Using SPRNG - Scalable Parallel Random Number Generator)
Time:    Mon Nov 25 10:29:38 2019
Kernel:  AVX+FMA - 4 threads (6 CPU cores detected)

Reading alignment file cluster3407rr.1to1ortho.fa.aln-cln_gene94.fa ... Fasta format detected
Alignment most likely contains DNA/RNA sequences
Alignment has 13 sequences with 1464 columns, 559 distinct patterns
435 parsimony-informative, 153 singleton sites, 876 constant sites
           Gap/Ambiguity  Composition  p-value
   1  DrolusSFB    0.20%    passed     92.42%
   2  Dino         0.20%    passed     50.78%
   3  MJM3360      5.74%    passed     69.62%
   4  DrobinSFB    0.00%    passed     95.64%
   5  Neam         0.20%    passed     65.20%
   6  RuprSFB      0.00%    passed     77.53%
   7  Retr        26.23%    passed     96.58%
   8  Beta         0.07%    passed     98.94%
   9  Spol         0.27%    passed     90.88%
  10  MJM1652      0.41%    passed     81.42%
  11  NepSFB       0.20%    passed     53.98%
  12  WPYJ         1.30%    passed     78.27%
  13  MJM2940      0.00%    passed     79.42%
****  TOTAL        2.68%  0 sequences failed composition chi2 test (p-value<5%; df=3)

Create initial parsimony tree by phylogenetic likelihood library (PLL)... 0.001 seconds

NOTE: 0 MB RAM (0 GB) is required!
Estimate model parameters (epsilon = 0.100)
1. Initial log-likelihood: -8661.142
2. Current log-likelihood: -8210.117
3. Current log-likelihood: -8205.724
Optimal log-likelihood: -8205.699
Rate parameters:  A-C: 2.55398  A-G: 6.43186  A-T: 3.08213  C-G: 1.64991  C-T: 10.26899  G-T: 1.00000
Base frequencies:  A: 0.266  C: 0.194  G: 0.276  T: 0.263
Gamma shape alpha: 0.290
Parameters optimization took 3 rounds (0.038 sec)
Computing ML distances based on estimated model parameters... 0.001 sec
Computing BIONJ tree...
0.002 seconds
Log-likelihood of BIONJ tree: -8207.806
--------------------------------------------------------------------
|             INITIALIZING CANDIDATE TREE SET                      |
--------------------------------------------------------------------
Generating 98 parsimony trees... 0.081 second
Computing log-likelihood of 98 initial trees ... 0.413 seconds
Current best score: -8205.699

Do NNI search on 20 best initial trees
Estimate model parameters (epsilon = 0.100)
BETTER TREE FOUND at iteration 1: -8205.697
Iteration 10 / LogL: -8205.823 / Time: 0h:0m:0s
Iteration 20 / LogL: -8205.699 / Time: 0h:0m:1s
Finish initializing candidate tree set (2)
Current best tree score: -8205.697 / CPU time: 0.983
Number of iterations: 20
--------------------------------------------------------------------
|               OPTIMIZING CANDIDATE TREE SET                      |
--------------------------------------------------------------------
Iteration 30 / LogL: -8212.252 / Time: 0h:0m:1s (0h:0m:3s left)
Iteration 40 / LogL: -8206.014 / Time: 0h:0m:1s (0h:0m:2s left)
Iteration 50 / LogL: -8212.988 / Time: 0h:0m:2s (0h:0m:2s left)
Iteration 60 / LogL: -8212.106 / Time: 0h:0m:2s (0h:0m:1s left)
Iteration 70 / LogL: -8205.710 / Time: 0h:0m:2s (0h:0m:1s left)
Iteration 80 / LogL: -8211.974 / Time: 0h:0m:3s (0h:0m:0s left)
Iteration 90 / LogL: -8205.743 / Time: 0h:0m:3s (0h:0m:0s left)
Iteration 100 / LogL: -8215.494 / Time: 0h:0m:4s (0h:0m:0s left)
TREE SEARCH COMPLETED AFTER 102 ITERATIONS / Time: 0h:0m:4s

--------------------------------------------------------------------
|                    FINALIZING TREE SEARCH                        |
--------------------------------------------------------------------
Performs final model parameters optimization
Estimate model parameters (epsilon = 0.010)
1. Initial log-likelihood: -8205.697
Optimal log-likelihood: -8205.697
Rate parameters:  A-C: 2.55790  A-G: 6.43138  A-T: 3.08832  C-G: 1.65249  C-T: 10.28181  G-T: 1.00000
Base frequencies:  A: 0.266  C: 0.194  G: 0.276  T: 0.263
Gamma shape alpha: 0.291
Parameters optimization took 1 rounds (0.005 sec)
BEST SCORE FOUND : -8205.697

Testing tree branches by SH-like aLRT with 1000 replicates...
0.085 sec.
Total tree length: 1.248

Total number of iterations: 102
CPU time used for tree search: 4.526 sec (0h:0m:4s)
Wall-clock time used for tree search: 4.094 sec (0h:0m:4s)
Total CPU time used: 4.913 sec (0h:0m:4s)
Total wall-clock time used: 4.241 sec (0h:0m:4s)

Analysis results written to: 
  IQ-TREE report:                cluster3407rr.1to1ortho.fa.aln-cln_gene94.fa.iqtree
  Maximum-likelihood tree:       cluster3407rr.1to1ortho.fa.aln-cln_gene94.fa.treefile
  Likelihood distances:          cluster3407rr.1to1ortho.fa.aln-cln_gene94.fa.mldist
  Screen log file:               cluster3407rr.1to1ortho.fa.aln-cln_gene94.fa.log

Date and Time: Mon Nov 25 10:29:42 2019
