IQ-TREE multicore version 1.6.11 for Mac OS X 64-bit built Jul 12 2019
Developed by Bui Quang Minh, Nguyen Lam Tung, Olga Chernomor,
Heiko Schmidt, Dominik Schrempf, Michael Woodhams.

Host:    slpc437 (AVX2, FMA3, 16 GB RAM)
Command: iqtree -s cluster2056rr.1to1ortho.fa.aln-cln_gene1152.fa -nt 4 -m GTR+G -alrt 1000
Seed:    272072 (Using SPRNG - Scalable Parallel Random Number Generator)
Time:    Mon Nov 25 09:55:29 2019
Kernel:  AVX+FMA - 4 threads (6 CPU cores detected)

Reading alignment file cluster2056rr.1to1ortho.fa.aln-cln_gene1152.fa ... Fasta format detected
Alignment most likely contains DNA/RNA sequences
Alignment has 13 sequences with 1294 columns, 664 distinct patterns
428 parsimony-informative, 242 singleton sites, 624 constant sites
           Gap/Ambiguity  Composition  p-value
   1  DrolusSFB    1.24%    passed     88.85%
   2  Dino        49.69%    passed     94.15%
   3  MJM3360      7.81%    passed     21.98%
   4  DrobinSFB    4.56%    passed     70.45%
   5  Neam         0.08%    passed     83.43%
   6  RuprSFB      3.63%    passed     79.44%
   7  Retr         2.24%    passed     92.25%
   8  Beta         0.08%    passed     63.10%
   9  Spol         2.16%    passed     63.34%
  10  MJM1652      0.85%    passed     71.89%
  11  NepSFB       0.08%    passed     76.33%
  12  WPYJ        59.20%    passed     67.67%
  13  MJM2940      1.00%    passed     96.02%
WARNING: 1 sequences contain more than 50% gaps/ambiguity
****  TOTAL       10.20%  0 sequences failed composition chi2 test (p-value<5%; df=3)

Create initial parsimony tree by phylogenetic likelihood library (PLL)... 0.001 seconds

NOTE: 1 MB RAM (0 GB) is required!
Estimate model parameters (epsilon = 0.100)
1. Initial log-likelihood: -8209.134
2. Current log-likelihood: -7890.526
3. Current log-likelihood: -7888.284
Optimal log-likelihood: -7888.263
Rate parameters:  A-C: 1.17405  A-G: 4.16420  A-T: 1.33832  C-G: 1.56246  C-T: 5.25260  G-T: 1.00000
Base frequencies:  A: 0.306  C: 0.198  G: 0.236  T: 0.260
Gamma shape alpha: 0.579
Parameters optimization took 3 rounds (0.040 sec)
Computing ML distances based on estimated model parameters... 0.001 sec
Computing BIONJ tree...
0.002 seconds
Log-likelihood of BIONJ tree: -7889.221
--------------------------------------------------------------------
|             INITIALIZING CANDIDATE TREE SET                      |
--------------------------------------------------------------------
Generating 98 parsimony trees... 0.088 second
Computing log-likelihood of 96 initial trees ... 0.433 seconds
Current best score: -7888.263

Do NNI search on 20 best initial trees
Estimate model parameters (epsilon = 0.100)
BETTER TREE FOUND at iteration 1: -7888.263
Iteration 10 / LogL: -7888.264 / Time: 0h:0m:0s
Iteration 20 / LogL: -7888.382 / Time: 0h:0m:1s
Finish initializing candidate tree set (1)
Current best tree score: -7888.263 / CPU time: 1.053
Number of iterations: 20
--------------------------------------------------------------------
|               OPTIMIZING CANDIDATE TREE SET                      |
--------------------------------------------------------------------
UPDATE BEST LOG-LIKELIHOOD: -7888.263
Iteration 30 / LogL: -7888.290 / Time: 0h:0m:1s (0h:0m:3s left)
Iteration 40 / LogL: -7888.276 / Time: 0h:0m:1s (0h:0m:2s left)
Iteration 50 / LogL: -7888.429 / Time: 0h:0m:2s (0h:0m:2s left)
Iteration 60 / LogL: -7888.352 / Time: 0h:0m:2s (0h:0m:1s left)
Iteration 70 / LogL: -7888.947 / Time: 0h:0m:2s (0h:0m:1s left)
Iteration 80 / LogL: -7888.345 / Time: 0h:0m:3s (0h:0m:0s left)
UPDATE BEST LOG-LIKELIHOOD: -7888.263
Iteration 90 / LogL: -7888.819 / Time: 0h:0m:3s (0h:0m:0s left)
Iteration 100 / LogL: -7888.265 / Time: 0h:0m:4s (0h:0m:0s left)
TREE SEARCH COMPLETED AFTER 102 ITERATIONS / Time: 0h:0m:4s

--------------------------------------------------------------------
|                    FINALIZING TREE SEARCH                        |
--------------------------------------------------------------------
Performs final model parameters optimization
Estimate model parameters (epsilon = 0.010)
1. Initial log-likelihood: -7888.263
Optimal log-likelihood: -7888.263
Rate parameters:  A-C: 1.17371  A-G: 4.16786  A-T: 1.33861  C-G: 1.56140  C-T: 5.25047  G-T: 1.00000
Base frequencies:  A: 0.306  C: 0.198  G: 0.236  T: 0.260
Gamma shape alpha: 0.579
Parameters optimization took 1 rounds (0.005 sec)
BEST SCORE FOUND : -7888.263

Testing tree branches by SH-like aLRT with 1000 replicates...
0.080 sec.
Total tree length: 1.517

Total number of iterations: 102
CPU time used for tree search: 4.908 sec (0h:0m:4s)
Wall-clock time used for tree search: 4.160 sec (0h:0m:4s)
Total CPU time used: 5.283 sec (0h:0m:5s)
Total wall-clock time used: 4.304 sec (0h:0m:4s)

Analysis results written to: 
  IQ-TREE report:                cluster2056rr.1to1ortho.fa.aln-cln_gene1152.fa.iqtree
  Maximum-likelihood tree:       cluster2056rr.1to1ortho.fa.aln-cln_gene1152.fa.treefile
  Likelihood distances:          cluster2056rr.1to1ortho.fa.aln-cln_gene1152.fa.mldist
  Screen log file:               cluster2056rr.1to1ortho.fa.aln-cln_gene1152.fa.log

Date and Time: Mon Nov 25 09:55:33 2019
