IQ-TREE multicore version 1.6.11 for Mac OS X 64-bit built Jul 12 2019
Developed by Bui Quang Minh, Nguyen Lam Tung, Olga Chernomor,
Heiko Schmidt, Dominik Schrempf, Michael Woodhams.

Host:    slpc437 (AVX2, FMA3, 16 GB RAM)
Command: iqtree -s cluster1551rr.1to1ortho.fa.aln-cln_gene237.fa -nt 4 -m GTR+G -alrt 1000
Seed:    209792 (Using SPRNG - Scalable Parallel Random Number Generator)
Time:    Mon Nov 25 09:45:01 2019
Kernel:  AVX+FMA - 4 threads (6 CPU cores detected)

Reading alignment file cluster1551rr.1to1ortho.fa.aln-cln_gene237.fa ... Fasta format detected
Alignment most likely contains DNA/RNA sequences
Alignment has 13 sequences with 1365 columns, 639 distinct patterns
453 parsimony-informative, 221 singleton sites, 691 constant sites
           Gap/Ambiguity  Composition  p-value
   1  DrolusSFB    1.54%    passed     73.15%
   2  Dino         1.32%    passed     55.89%
   3  MJM3360     78.02%    passed      5.04%
   4  DrobinSFB    2.93%    passed     92.01%
   5  Neam         1.32%    passed     86.76%
   6  RuprSFB      6.45%    passed     47.62%
   7  Retr        49.38%    passed     53.17%
   8  Beta         4.32%    passed     89.91%
   9  Spol         3.52%    passed     85.91%
  10  MJM1652      1.54%    passed     45.03%
  11  NepSFB       1.32%    passed     84.20%
  12  WPYJ         5.86%    passed     57.47%
  13  MJM2940      0.66%    passed     69.11%
WARNING: 1 sequences contain more than 50% gaps/ambiguity
****  TOTAL       12.17%  0 sequences failed composition chi2 test (p-value<5%; df=3)

Create initial parsimony tree by phylogenetic likelihood library (PLL)... 0.001 seconds

NOTE: 1 MB RAM (0 GB) is required!
Estimate model parameters (epsilon = 0.100)
1. Initial log-likelihood: -8293.062
2. Current log-likelihood: -7952.387
3. Current log-likelihood: -7948.973
Optimal log-likelihood: -7948.940
Rate parameters:  A-C: 1.41425  A-G: 3.96865  A-T: 1.21349  C-G: 1.38300  C-T: 5.87752  G-T: 1.00000
Base frequencies:  A: 0.293  C: 0.182  G: 0.259  T: 0.266
Gamma shape alpha: 0.498
Parameters optimization took 3 rounds (0.041 sec)
Computing ML distances based on estimated model parameters... 0.001 sec
Computing BIONJ tree...
0.002 seconds
Log-likelihood of BIONJ tree: -7957.442
--------------------------------------------------------------------
|             INITIALIZING CANDIDATE TREE SET                      |
--------------------------------------------------------------------
Generating 98 parsimony trees... 0.087 second
Computing log-likelihood of 97 initial trees ... 0.435 seconds
Current best score: -7948.940

Do NNI search on 20 best initial trees
Estimate model parameters (epsilon = 0.100)
BETTER TREE FOUND at iteration 1: -7948.937
Iteration 10 / LogL: -7948.955 / Time: 0h:0m:0s
Iteration 20 / LogL: -7949.021 / Time: 0h:0m:1s
Finish initializing candidate tree set (2)
Current best tree score: -7948.937 / CPU time: 0.979
Number of iterations: 20
--------------------------------------------------------------------
|               OPTIMIZING CANDIDATE TREE SET                      |
--------------------------------------------------------------------
Iteration 30 / LogL: -7949.563 / Time: 0h:0m:1s (0h:0m:3s left)
Iteration 40 / LogL: -7949.265 / Time: 0h:0m:1s (0h:0m:2s left)
Iteration 50 / LogL: -7954.640 / Time: 0h:0m:2s (0h:0m:2s left)
Iteration 60 / LogL: -7948.948 / Time: 0h:0m:2s (0h:0m:1s left)
Iteration 70 / LogL: -7949.944 / Time: 0h:0m:2s (0h:0m:1s left)
Iteration 80 / LogL: -7950.358 / Time: 0h:0m:3s (0h:0m:0s left)
Iteration 90 / LogL: -7950.586 / Time: 0h:0m:3s (0h:0m:0s left)
Iteration 100 / LogL: -7954.580 / Time: 0h:0m:4s (0h:0m:0s left)
UPDATE BEST LOG-LIKELIHOOD: -7948.937
TREE SEARCH COMPLETED AFTER 102 ITERATIONS / Time: 0h:0m:4s

--------------------------------------------------------------------
|                    FINALIZING TREE SEARCH                        |
--------------------------------------------------------------------
Performs final model parameters optimization
Estimate model parameters (epsilon = 0.010)
1. Initial log-likelihood: -7948.937
Optimal log-likelihood: -7948.937
Rate parameters:  A-C: 1.41440  A-G: 3.96879  A-T: 1.21577  C-G: 1.38183  C-T: 5.88369  G-T: 1.00000
Base frequencies:  A: 0.293  C: 0.182  G: 0.259  T: 0.266
Gamma shape alpha: 0.498
Parameters optimization took 1 rounds (0.005 sec)
BEST SCORE FOUND : -7948.937

Testing tree branches by SH-like aLRT with 1000 replicates...
0.084 sec.
Total tree length: 1.581

Total number of iterations: 102
CPU time used for tree search: 4.708 sec (0h:0m:4s)
Wall-clock time used for tree search: 4.070 sec (0h:0m:4s)
Total CPU time used: 5.101 sec (0h:0m:5s)
Total wall-clock time used: 4.223 sec (0h:0m:4s)

Analysis results written to: 
  IQ-TREE report:                cluster1551rr.1to1ortho.fa.aln-cln_gene237.fa.iqtree
  Maximum-likelihood tree:       cluster1551rr.1to1ortho.fa.aln-cln_gene237.fa.treefile
  Likelihood distances:          cluster1551rr.1to1ortho.fa.aln-cln_gene237.fa.mldist
  Screen log file:               cluster1551rr.1to1ortho.fa.aln-cln_gene237.fa.log

Date and Time: Mon Nov 25 09:45:05 2019
