IQ-TREE multicore version 1.6.11 for Mac OS X 64-bit built Jul 12 2019
Developed by Bui Quang Minh, Nguyen Lam Tung, Olga Chernomor,
Heiko Schmidt, Dominik Schrempf, Michael Woodhams.

Host:    slpc437 (AVX2, FMA3, 16 GB RAM)
Command: iqtree -s cluster3494rr.1to1ortho.fa.aln-cln_gene1217.fa -nt 4 -m GTR+G -alrt 1000
Seed:    790060 (Using SPRNG - Scalable Parallel Random Number Generator)
Time:    Mon Nov 25 10:31:42 2019
Kernel:  AVX+FMA - 4 threads (6 CPU cores detected)

Reading alignment file cluster3494rr.1to1ortho.fa.aln-cln_gene1217.fa ... Fasta format detected
Alignment most likely contains DNA/RNA sequences
Alignment has 13 sequences with 1061 columns, 626 distinct patterns
441 parsimony-informative, 201 singleton sites, 419 constant sites
           Gap/Ambiguity  Composition  p-value
   1  DrolusSFB    6.31%    passed     98.50%
   2  Dino         2.92%    passed     73.80%
   3  MJM3360     10.93%    passed     95.37%
   4  DrobinSFB    5.47%    passed     55.66%
   5  Neam         2.07%    passed     80.85%
   6  RuprSFB      0.85%    passed     65.14%
   7  Retr        48.26%    passed     63.61%
   8  Beta         2.17%    passed     38.63%
   9  Spol         2.17%    passed     73.18%
  10  MJM1652      2.92%    passed     79.56%
  11  NepSFB       2.07%    passed     80.01%
  12  WPYJ         4.24%    passed     52.38%
  13  MJM2940      1.79%    passed     66.56%
****  TOTAL        7.09%  0 sequences failed composition chi2 test (p-value<5%; df=3)

Create initial parsimony tree by phylogenetic likelihood library (PLL)... 0.001 seconds

NOTE: 1 MB RAM (0 GB) is required!
Estimate model parameters (epsilon = 0.100)
1. Initial log-likelihood: -7918.044
2. Current log-likelihood: -7651.504
3. Current log-likelihood: -7649.627
Optimal log-likelihood: -7649.605
Rate parameters:  A-C: 1.23922  A-G: 3.95988  A-T: 1.41020  C-G: 1.76582  C-T: 5.15225  G-T: 1.00000
Base frequencies:  A: 0.297  C: 0.192  G: 0.241  T: 0.270
Gamma shape alpha: 0.715
Parameters optimization took 3 rounds (0.037 sec)
Computing ML distances based on estimated model parameters... 0.001 sec
Computing BIONJ tree...
0.002 seconds
Log-likelihood of BIONJ tree: -7649.605
--------------------------------------------------------------------
|             INITIALIZING CANDIDATE TREE SET                      |
--------------------------------------------------------------------
Generating 99 parsimony trees... 0.087 second
Computing log-likelihood of 99 initial trees ... 0.448 seconds
Current best score: -7649.605

Do NNI search on 20 best initial trees
Estimate model parameters (epsilon = 0.100)
BETTER TREE FOUND at iteration 1: -7649.604
Iteration 10 / LogL: -7649.609 / Time: 0h:0m:0s
Iteration 20 / LogL: -7649.629 / Time: 0h:0m:1s
Finish initializing candidate tree set (1)
Current best tree score: -7649.604 / CPU time: 1.101
Number of iterations: 20
--------------------------------------------------------------------
|               OPTIMIZING CANDIDATE TREE SET                      |
--------------------------------------------------------------------
Iteration 30 / LogL: -7662.822 / Time: 0h:0m:1s (0h:0m:3s left)
Iteration 40 / LogL: -7649.631 / Time: 0h:0m:1s (0h:0m:3s left)
Iteration 50 / LogL: -7649.660 / Time: 0h:0m:2s (0h:0m:2s left)
Iteration 60 / LogL: -7649.634 / Time: 0h:0m:2s (0h:0m:1s left)
Iteration 70 / LogL: -7649.616 / Time: 0h:0m:3s (0h:0m:1s left)
Iteration 80 / LogL: -7649.629 / Time: 0h:0m:3s (0h:0m:0s left)
Iteration 90 / LogL: -7649.617 / Time: 0h:0m:4s (0h:0m:0s left)
Iteration 100 / LogL: -7649.630 / Time: 0h:0m:4s (0h:0m:0s left)
TREE SEARCH COMPLETED AFTER 102 ITERATIONS / Time: 0h:0m:4s

--------------------------------------------------------------------
|                    FINALIZING TREE SEARCH                        |
--------------------------------------------------------------------
Performs final model parameters optimization
Estimate model parameters (epsilon = 0.010)
1. Initial log-likelihood: -7649.604
Optimal log-likelihood: -7649.603
Rate parameters:  A-C: 1.23844  A-G: 3.95719  A-T: 1.40817  C-G: 1.75750  C-T: 5.14721  G-T: 1.00000
Base frequencies:  A: 0.297  C: 0.192  G: 0.241  T: 0.270
Gamma shape alpha: 0.715
Parameters optimization took 1 rounds (0.005 sec)
BEST SCORE FOUND : -7649.603

Testing tree branches by SH-like aLRT with 1000 replicates...
0.072 sec.
Total tree length: 2.021

Total number of iterations: 102
CPU time used for tree search: 5.139 sec (0h:0m:5s)
Wall-clock time used for tree search: 4.484 sec (0h:0m:4s)
Total CPU time used: 5.465 sec (0h:0m:5s)
Total wall-clock time used: 4.616 sec (0h:0m:4s)

Analysis results written to: 
  IQ-TREE report:                cluster3494rr.1to1ortho.fa.aln-cln_gene1217.fa.iqtree
  Maximum-likelihood tree:       cluster3494rr.1to1ortho.fa.aln-cln_gene1217.fa.treefile
  Likelihood distances:          cluster3494rr.1to1ortho.fa.aln-cln_gene1217.fa.mldist
  Screen log file:               cluster3494rr.1to1ortho.fa.aln-cln_gene1217.fa.log

Date and Time: Mon Nov 25 10:31:47 2019
