IQ-TREE multicore version 1.6.11 for Mac OS X 64-bit built Jul 12 2019
Developed by Bui Quang Minh, Nguyen Lam Tung, Olga Chernomor,
Heiko Schmidt, Dominik Schrempf, Michael Woodhams.

Host:    slpc437 (AVX2, FMA3, 16 GB RAM)
Command: iqtree -s cluster4846rr.1to1ortho.fa.aln-cln_gene374.fa -nt 4 -m GTR+G -alrt 1000
Seed:    937916 (Using SPRNG - Scalable Parallel Random Number Generator)
Time:    Mon Nov 25 10:59:20 2019
Kernel:  AVX+FMA - 4 threads (6 CPU cores detected)

Reading alignment file cluster4846rr.1to1ortho.fa.aln-cln_gene374.fa ... Fasta format detected
Alignment most likely contains DNA/RNA sequences
Alignment has 13 sequences with 2910 columns, 1304 distinct patterns
981 parsimony-informative, 478 singleton sites, 1451 constant sites
           Gap/Ambiguity  Composition  p-value
   1  DrolusSFB    0.52%    passed     99.93%
   2  Dino        30.69%    passed      9.10%
   3  MJM3360      6.01%    passed     80.80%
   4  DrobinSFB   10.52%    passed     61.06%
   5  Neam         0.10%    passed     94.48%
   6  RuprSFB      5.60%    passed     97.20%
   7  Retr        43.06%    passed     14.98%
   8  Beta         1.65%    passed     29.85%
   9  Spol         1.65%    passed     28.77%
  10  MJM1652      6.19%    passed     57.57%
  11  NepSFB       0.10%    passed     93.24%
  12  WPYJ        55.46%    passed      8.39%
  13  MJM2940      0.41%    passed     92.35%
WARNING: 1 sequences contain more than 50% gaps/ambiguity
****  TOTAL       12.46%  0 sequences failed composition chi2 test (p-value<5%; df=3)

Create initial parsimony tree by phylogenetic likelihood library (PLL)... 0.001 seconds

NOTE: 2 MB RAM (0 GB) is required!
Estimate model parameters (epsilon = 0.100)
1. Initial log-likelihood: -18312.700
2. Current log-likelihood: -17510.967
3. Current log-likelihood: -17503.513
Optimal log-likelihood: -17503.403
Rate parameters:  A-C: 2.30327  A-G: 6.42315  A-T: 1.86518  C-G: 2.09189  C-T: 8.36171  G-T: 1.00000
Base frequencies:  A: 0.283  C: 0.191  G: 0.239  T: 0.287
Gamma shape alpha: 0.495
Parameters optimization took 3 rounds (0.055 sec)
Computing ML distances based on estimated model parameters... 0.002 sec
Computing BIONJ tree...
0.002 seconds
Log-likelihood of BIONJ tree: -17503.397
--------------------------------------------------------------------
|             INITIALIZING CANDIDATE TREE SET                      |
--------------------------------------------------------------------
Generating 99 parsimony trees... 0.134 second
Computing log-likelihood of 99 initial trees ... 0.521 seconds
Current best score: -17503.397

Do NNI search on 20 best initial trees
Estimate model parameters (epsilon = 0.100)
BETTER TREE FOUND at iteration 1: -17496.659
Iteration 10 / LogL: -17499.991 / Time: 0h:0m:1s
Iteration 20 / LogL: -17496.670 / Time: 0h:0m:1s
Finish initializing candidate tree set (1)
Current best tree score: -17496.659 / CPU time: 1.337
Number of iterations: 20
--------------------------------------------------------------------
|               OPTIMIZING CANDIDATE TREE SET                      |
--------------------------------------------------------------------
Iteration 30 / LogL: -17496.678 / Time: 0h:0m:1s (0h:0m:4s left)
Iteration 40 / LogL: -17496.733 / Time: 0h:0m:2s (0h:0m:3s left)
Iteration 50 / LogL: -17496.776 / Time: 0h:0m:2s (0h:0m:2s left)
Iteration 60 / LogL: -17496.968 / Time: 0h:0m:3s (0h:0m:2s left)
Iteration 70 / LogL: -17502.477 / Time: 0h:0m:3s (0h:0m:1s left)
Iteration 80 / LogL: -17496.768 / Time: 0h:0m:3s (0h:0m:1s left)
UPDATE BEST LOG-LIKELIHOOD: -17496.659
Iteration 90 / LogL: -17496.804 / Time: 0h:0m:4s (0h:0m:0s left)
Iteration 100 / LogL: -17499.041 / Time: 0h:0m:4s (0h:0m:0s left)
TREE SEARCH COMPLETED AFTER 102 ITERATIONS / Time: 0h:0m:4s

--------------------------------------------------------------------
|                    FINALIZING TREE SEARCH                        |
--------------------------------------------------------------------
Performs final model parameters optimization
Estimate model parameters (epsilon = 0.010)
1. Initial log-likelihood: -17496.659
Optimal log-likelihood: -17496.658
Rate parameters:  A-C: 2.28780  A-G: 6.42600  A-T: 1.85762  C-G: 2.08404  C-T: 8.36783  G-T: 1.00000
Base frequencies:  A: 0.283  C: 0.191  G: 0.239  T: 0.287
Gamma shape alpha: 0.496
Parameters optimization took 1 rounds (0.007 sec)
BEST SCORE FOUND : -17496.658

Testing tree branches by SH-like aLRT with 1000 replicates...
0.156 sec.
Total tree length: 1.643

Total number of iterations: 102
CPU time used for tree search: 7.308 sec (0h:0m:7s)
Wall-clock time used for tree search: 4.788 sec (0h:0m:4s)
Total CPU time used: 8.066 sec (0h:0m:8s)
Total wall-clock time used: 5.032 sec (0h:0m:5s)

Analysis results written to: 
  IQ-TREE report:                cluster4846rr.1to1ortho.fa.aln-cln_gene374.fa.iqtree
  Maximum-likelihood tree:       cluster4846rr.1to1ortho.fa.aln-cln_gene374.fa.treefile
  Likelihood distances:          cluster4846rr.1to1ortho.fa.aln-cln_gene374.fa.mldist
  Screen log file:               cluster4846rr.1to1ortho.fa.aln-cln_gene374.fa.log

Date and Time: Mon Nov 25 10:59:25 2019
