IQ-TREE multicore version 1.6.11 for Mac OS X 64-bit built Jul 12 2019
Developed by Bui Quang Minh, Nguyen Lam Tung, Olga Chernomor,
Heiko Schmidt, Dominik Schrempf, Michael Woodhams.

Host:    slpc437 (AVX2, FMA3, 16 GB RAM)
Command: iqtree -s cluster3173rr.1to1ortho.fa.aln-cln_gene977.fa -nt 4 -m GTR+G -alrt 1000
Seed:    104803 (Using SPRNG - Scalable Parallel Random Number Generator)
Time:    Mon Nov 25 10:23:13 2019
Kernel:  AVX+FMA - 4 threads (6 CPU cores detected)

Reading alignment file cluster3173rr.1to1ortho.fa.aln-cln_gene977.fa ... Fasta format detected
Alignment most likely contains DNA/RNA sequences
Alignment has 13 sequences with 2182 columns, 1009 distinct patterns
756 parsimony-informative, 372 singleton sites, 1054 constant sites
           Gap/Ambiguity  Composition  p-value
   1  DrolusSFB    0.96%    passed     94.73%
   2  Dino         0.64%    passed     64.42%
   3  MJM3360      1.33%    passed     36.67%
   4  DrobinSFB    1.92%    passed     50.59%
   5  Neam         0.73%    passed     72.85%
   6  RuprSFB      1.24%    passed     90.25%
   7  Retr        55.82%    failed      1.80%
   8  Beta         0.14%    passed     33.25%
   9  Spol         1.01%    passed     42.06%
  10  MJM1652      0.87%    passed     71.40%
  11  NepSFB       0.78%    passed     75.17%
  12  WPYJ        65.08%    passed      5.60%
  13  MJM2940      0.87%    passed     53.87%
WARNING: 2 sequences contain more than 50% gaps/ambiguity
****  TOTAL       10.11%  1 sequences failed composition chi2 test (p-value<5%; df=3)

Create initial parsimony tree by phylogenetic likelihood library (PLL)... 0.001 seconds

NOTE: 1 MB RAM (0 GB) is required!
Estimate model parameters (epsilon = 0.100)
1. Initial log-likelihood: -14335.638
2. Current log-likelihood: -13734.302
3. Current log-likelihood: -13730.492
Optimal log-likelihood: -13730.447
Rate parameters:  A-C: 1.49522  A-G: 4.24594  A-T: 1.74704  C-G: 1.16865  C-T: 6.34872  G-T: 1.00000
Base frequencies:  A: 0.290  C: 0.191  G: 0.263  T: 0.256
Gamma shape alpha: 0.545
Parameters optimization took 3 rounds (0.045 sec)
Computing ML distances based on estimated model parameters... 0.002 sec
Computing BIONJ tree...
0.002 seconds
Log-likelihood of BIONJ tree: -13731.666
--------------------------------------------------------------------
|             INITIALIZING CANDIDATE TREE SET                      |
--------------------------------------------------------------------
Generating 98 parsimony trees... 0.108 second
Computing log-likelihood of 98 initial trees ... 0.481 seconds
Current best score: -13730.447

Do NNI search on 20 best initial trees
Estimate model parameters (epsilon = 0.100)
BETTER TREE FOUND at iteration 1: -13730.446
Iteration 10 / LogL: -13730.517 / Time: 0h:0m:0s
Iteration 20 / LogL: -13730.529 / Time: 0h:0m:1s
Finish initializing candidate tree set (2)
Current best tree score: -13730.446 / CPU time: 1.174
Number of iterations: 20
--------------------------------------------------------------------
|               OPTIMIZING CANDIDATE TREE SET                      |
--------------------------------------------------------------------
UPDATE BEST LOG-LIKELIHOOD: -13730.446
Iteration 30 / LogL: -13730.573 / Time: 0h:0m:1s (0h:0m:4s left)
Iteration 40 / LogL: -13730.509 / Time: 0h:0m:2s (0h:0m:3s left)
Iteration 50 / LogL: -13736.615 / Time: 0h:0m:2s (0h:0m:2s left)
Iteration 60 / LogL: -13730.913 / Time: 0h:0m:3s (0h:0m:2s left)
Iteration 70 / LogL: -13732.294 / Time: 0h:0m:3s (0h:0m:1s left)
Iteration 80 / LogL: -13731.921 / Time: 0h:0m:3s (0h:0m:1s left)
Iteration 90 / LogL: -13732.072 / Time: 0h:0m:4s (0h:0m:0s left)
UPDATE BEST LOG-LIKELIHOOD: -13730.446
Iteration 100 / LogL: -13730.467 / Time: 0h:0m:4s (0h:0m:0s left)
TREE SEARCH COMPLETED AFTER 102 ITERATIONS / Time: 0h:0m:4s

--------------------------------------------------------------------
|                    FINALIZING TREE SEARCH                        |
--------------------------------------------------------------------
Performs final model parameters optimization
Estimate model parameters (epsilon = 0.010)
1. Initial log-likelihood: -13730.446
Optimal log-likelihood: -13730.446
Rate parameters:  A-C: 1.49545  A-G: 4.24506  A-T: 1.74705  C-G: 1.16867  C-T: 6.35290  G-T: 1.00000
Base frequencies:  A: 0.290  C: 0.191  G: 0.263  T: 0.256
Gamma shape alpha: 0.545
Parameters optimization took 1 rounds (0.005 sec)
BEST SCORE FOUND : -13730.446

Testing tree branches by SH-like aLRT with 1000 replicates...
0.120 sec.
Total tree length: 1.712

Total number of iterations: 102
CPU time used for tree search: 6.753 sec (0h:0m:6s)
Wall-clock time used for tree search: 4.896 sec (0h:0m:4s)
Total CPU time used: 7.323 sec (0h:0m:7s)
Total wall-clock time used: 5.088 sec (0h:0m:5s)

Analysis results written to: 
  IQ-TREE report:                cluster3173rr.1to1ortho.fa.aln-cln_gene977.fa.iqtree
  Maximum-likelihood tree:       cluster3173rr.1to1ortho.fa.aln-cln_gene977.fa.treefile
  Likelihood distances:          cluster3173rr.1to1ortho.fa.aln-cln_gene977.fa.mldist
  Screen log file:               cluster3173rr.1to1ortho.fa.aln-cln_gene977.fa.log

Date and Time: Mon Nov 25 10:23:18 2019
