IQ-TREE multicore version 1.6.11 for Mac OS X 64-bit built Jul 12 2019
Developed by Bui Quang Minh, Nguyen Lam Tung, Olga Chernomor,
Heiko Schmidt, Dominik Schrempf, Michael Woodhams.

Host:    slpc437 (AVX2, FMA3, 16 GB RAM)
Command: iqtree -s cluster3522rr.1to1ortho.fa.aln-cln_gene840.fa -nt 4 -m GTR+G -alrt 1000
Seed:    401044 (Using SPRNG - Scalable Parallel Random Number Generator)
Time:    Mon Nov 25 10:32:07 2019
Kernel:  AVX+FMA - 4 threads (6 CPU cores detected)

Reading alignment file cluster3522rr.1to1ortho.fa.aln-cln_gene840.fa ... Fasta format detected
Alignment most likely contains DNA/RNA sequences
Alignment has 13 sequences with 7086 columns, 2182 distinct patterns
1858 parsimony-informative, 672 singleton sites, 4556 constant sites
           Gap/Ambiguity  Composition  p-value
   1  DrolusSFB   28.54%    passed     93.54%
   2  Dino         0.08%    passed     99.02%
   3  MJM3360      0.13%    passed     80.43%
   4  DrobinSFB    0.13%    passed     37.12%
   5  Neam        49.11%    passed     56.10%
   6  RuprSFB      1.99%    passed     73.97%
   7  Retr        66.38%    passed     45.97%
   8  Beta         0.89%    passed     55.41%
   9  Spol         1.06%    passed     80.86%
  10  MJM1652      0.04%    passed     79.88%
  11  NepSFB       0.04%    passed     97.55%
  12  WPYJ         1.41%    passed     80.37%
  13  MJM2940      0.00%    passed     76.86%
WARNING: 1 sequences contain more than 50% gaps/ambiguity
****  TOTAL       11.52%  0 sequences failed composition chi2 test (p-value<5%; df=3)

Create initial parsimony tree by phylogenetic likelihood library (PLL)... 0.002 seconds

NOTE: 3 MB RAM (0 GB) is required!
Estimate model parameters (epsilon = 0.100)
1. Initial log-likelihood: -38812.357
2. Current log-likelihood: -36126.915
3. Current log-likelihood: -36092.562
4. Current log-likelihood: -36091.960
Optimal log-likelihood: -36091.868
Rate parameters:  A-C: 1.72783  A-G: 5.03071  A-T: 1.77492  C-G: 0.65826  C-T: 7.91634  G-T: 1.00000
Base frequencies:  A: 0.287  C: 0.204  G: 0.237  T: 0.272
Gamma shape alpha: 0.214
Parameters optimization took 4 rounds (0.096 sec)
Computing ML distances based on estimated model parameters... 0.003 sec
Computing BIONJ tree...
0.003 seconds
Log-likelihood of BIONJ tree: -36094.237
--------------------------------------------------------------------
|             INITIALIZING CANDIDATE TREE SET                      |
--------------------------------------------------------------------
Generating 98 parsimony trees... 0.180 second
Computing log-likelihood of 98 initial trees ... 0.633 seconds
Current best score: -36091.868

Do NNI search on 20 best initial trees
Estimate model parameters (epsilon = 0.100)
BETTER TREE FOUND at iteration 1: -36091.857
Iteration 10 / LogL: -36092.730 / Time: 0h:0m:1s
Iteration 20 / LogL: -36091.952 / Time: 0h:0m:1s
Finish initializing candidate tree set (1)
Current best tree score: -36091.857 / CPU time: 1.609
Number of iterations: 20
--------------------------------------------------------------------
|               OPTIMIZING CANDIDATE TREE SET                      |
--------------------------------------------------------------------
Iteration 30 / LogL: -36092.043 / Time: 0h:0m:2s (0h:0m:5s left)
Iteration 40 / LogL: -36091.907 / Time: 0h:0m:2s (0h:0m:4s left)
Iteration 50 / LogL: -36093.080 / Time: 0h:0m:3s (0h:0m:3s left)
Iteration 60 / LogL: -36092.588 / Time: 0h:0m:3s (0h:0m:2s left)
Iteration 70 / LogL: -36092.029 / Time: 0h:0m:4s (0h:0m:1s left)
Iteration 80 / LogL: -36091.937 / Time: 0h:0m:4s (0h:0m:1s left)
Iteration 90 / LogL: -36091.867 / Time: 0h:0m:5s (0h:0m:0s left)
Iteration 100 / LogL: -36091.874 / Time: 0h:0m:5s (0h:0m:0s left)
TREE SEARCH COMPLETED AFTER 102 ITERATIONS / Time: 0h:0m:6s

--------------------------------------------------------------------
|                    FINALIZING TREE SEARCH                        |
--------------------------------------------------------------------
Performs final model parameters optimization
Estimate model parameters (epsilon = 0.010)
1. Initial log-likelihood: -36091.857
Optimal log-likelihood: -36091.849
Rate parameters:  A-C: 1.73713  A-G: 5.03253  A-T: 1.76471  C-G: 0.64819  C-T: 7.91717  G-T: 1.00000
Base frequencies:  A: 0.287  C: 0.204  G: 0.237  T: 0.272
Gamma shape alpha: 0.214
Parameters optimization took 1 rounds (0.010 sec)
BEST SCORE FOUND : -36091.849

Testing tree branches by SH-like aLRT with 1000 replicates...
0.342 sec.
Total tree length: 1.275

Total number of iterations: 102
CPU time used for tree search: 11.332 sec (0h:0m:11s)
Wall-clock time used for tree search: 5.902 sec (0h:0m:5s)
Total CPU time used: 12.996 sec (0h:0m:12s)
Total wall-clock time used: 6.378 sec (0h:0m:6s)

Analysis results written to: 
  IQ-TREE report:                cluster3522rr.1to1ortho.fa.aln-cln_gene840.fa.iqtree
  Maximum-likelihood tree:       cluster3522rr.1to1ortho.fa.aln-cln_gene840.fa.treefile
  Likelihood distances:          cluster3522rr.1to1ortho.fa.aln-cln_gene840.fa.mldist
  Screen log file:               cluster3522rr.1to1ortho.fa.aln-cln_gene840.fa.log

Date and Time: Mon Nov 25 10:32:13 2019
