IQ-TREE multicore version 1.6.11 for Mac OS X 64-bit built Jul 12 2019
Developed by Bui Quang Minh, Nguyen Lam Tung, Olga Chernomor,
Heiko Schmidt, Dominik Schrempf, Michael Woodhams.

Host:    slpc437 (AVX2, FMA3, 16 GB RAM)
Command: iqtree -s cluster1962rr.1to1ortho.fa.aln-cln_gene1194.fa -nt 4 -m GTR+G -alrt 1000
Seed:    167929 (Using SPRNG - Scalable Parallel Random Number Generator)
Time:    Mon Nov 25 09:53:27 2019
Kernel:  AVX+FMA - 4 threads (6 CPU cores detected)

Reading alignment file cluster1962rr.1to1ortho.fa.aln-cln_gene1194.fa ... Fasta format detected
Alignment most likely contains DNA/RNA sequences
Alignment has 13 sequences with 1243 columns, 601 distinct patterns
453 parsimony-informative, 168 singleton sites, 622 constant sites
           Gap/Ambiguity  Composition  p-value
   1  DrolusSFB    0.56%    passed     96.78%
   2  Dino         1.77%    passed     88.87%
   3  MJM3360      0.08%    passed     85.78%
   4  DrobinSFB    1.05%    passed     10.70%
   5  Neam         0.08%    passed     91.63%
   6  RuprSFB      0.08%    passed     55.51%
   7  Retr        14.48%    passed      8.60%
   8  Beta         3.14%    passed     88.39%
   9  Spol         1.85%    passed     74.29%
  10  MJM1652      1.69%    passed     31.25%
  11  NepSFB       0.08%    passed     91.63%
  12  WPYJ        55.75%    passed     13.44%
  13  MJM2940      0.40%    passed     95.60%
WARNING: 1 sequences contain more than 50% gaps/ambiguity
****  TOTAL        6.23%  0 sequences failed composition chi2 test (p-value<5%; df=3)

Create initial parsimony tree by phylogenetic likelihood library (PLL)... 0.001 seconds

NOTE: 1 MB RAM (0 GB) is required!
Estimate model parameters (epsilon = 0.100)
1. Initial log-likelihood: -8285.797
2. Current log-likelihood: -7917.655
3. Current log-likelihood: -7890.900
4. Current log-likelihood: -7890.578
Optimal log-likelihood: -7890.567
Rate parameters:  A-C: 1.32656  A-G: 4.25476  A-T: 0.99128  C-G: 1.18047  C-T: 5.45158  G-T: 1.00000
Base frequencies:  A: 0.286  C: 0.199  G: 0.233  T: 0.283
Gamma shape alpha: 0.462
Parameters optimization took 4 rounds (0.052 sec)
Computing ML distances based on estimated model parameters... 0.001 sec
Computing BIONJ tree...
0.002 seconds
Log-likelihood of BIONJ tree: -7891.218
--------------------------------------------------------------------
|             INITIALIZING CANDIDATE TREE SET                      |
--------------------------------------------------------------------
Generating 98 parsimony trees... 0.081 second
Computing log-likelihood of 97 initial trees ... 0.422 seconds
Current best score: -7890.567

Do NNI search on 20 best initial trees
Estimate model parameters (epsilon = 0.100)
BETTER TREE FOUND at iteration 1: -7890.566
Iteration 10 / LogL: -7890.918 / Time: 0h:0m:0s
Iteration 20 / LogL: -7891.110 / Time: 0h:0m:1s
Finish initializing candidate tree set (1)
Current best tree score: -7890.566 / CPU time: 1.006
Number of iterations: 20
--------------------------------------------------------------------
|               OPTIMIZING CANDIDATE TREE SET                      |
--------------------------------------------------------------------
Iteration 30 / LogL: -7891.117 / Time: 0h:0m:1s (0h:0m:3s left)
Iteration 40 / LogL: -7890.584 / Time: 0h:0m:1s (0h:0m:2s left)
Iteration 50 / LogL: -7890.602 / Time: 0h:0m:2s (0h:0m:2s left)
Iteration 60 / LogL: -7890.575 / Time: 0h:0m:2s (0h:0m:1s left)
Iteration 70 / LogL: -7890.586 / Time: 0h:0m:3s (0h:0m:1s left)
UPDATE BEST LOG-LIKELIHOOD: -7890.566
Iteration 80 / LogL: -7890.603 / Time: 0h:0m:3s (0h:0m:0s left)
Iteration 90 / LogL: -7890.642 / Time: 0h:0m:3s (0h:0m:0s left)
Iteration 100 / LogL: -7890.590 / Time: 0h:0m:4s (0h:0m:0s left)
TREE SEARCH COMPLETED AFTER 102 ITERATIONS / Time: 0h:0m:4s

--------------------------------------------------------------------
|                    FINALIZING TREE SEARCH                        |
--------------------------------------------------------------------
Performs final model parameters optimization
Estimate model parameters (epsilon = 0.010)
1. Initial log-likelihood: -7890.566
Optimal log-likelihood: -7890.565
Rate parameters:  A-C: 1.32280  A-G: 4.24657  A-T: 0.98909  C-G: 1.17769  C-T: 5.44082  G-T: 1.00000
Base frequencies:  A: 0.286  C: 0.199  G: 0.233  T: 0.283
Gamma shape alpha: 0.462
Parameters optimization took 1 rounds (0.005 sec)
BEST SCORE FOUND : -7890.565

Testing tree branches by SH-like aLRT with 1000 replicates...
0.078 sec.
Total tree length: 1.709

Total number of iterations: 102
CPU time used for tree search: 4.662 sec (0h:0m:4s)
Wall-clock time used for tree search: 4.114 sec (0h:0m:4s)
Total CPU time used: 5.051 sec (0h:0m:5s)
Total wall-clock time used: 4.269 sec (0h:0m:4s)

Analysis results written to: 
  IQ-TREE report:                cluster1962rr.1to1ortho.fa.aln-cln_gene1194.fa.iqtree
  Maximum-likelihood tree:       cluster1962rr.1to1ortho.fa.aln-cln_gene1194.fa.treefile
  Likelihood distances:          cluster1962rr.1to1ortho.fa.aln-cln_gene1194.fa.mldist
  Screen log file:               cluster1962rr.1to1ortho.fa.aln-cln_gene1194.fa.log

Date and Time: Mon Nov 25 09:53:31 2019
