IQ-TREE multicore version 1.6.11 for Mac OS X 64-bit built Jul 12 2019
Developed by Bui Quang Minh, Nguyen Lam Tung, Olga Chernomor,
Heiko Schmidt, Dominik Schrempf, Michael Woodhams.

Host:    slpc437 (AVX2, FMA3, 16 GB RAM)
Command: iqtree -s cluster807rr.1to1ortho.fa.aln-cln_gene142.fa -nt 4 -m GTR+G -alrt 1000
Seed:    924297 (Using SPRNG - Scalable Parallel Random Number Generator)
Time:    Mon Nov 25 11:13:23 2019
Kernel:  AVX+FMA - 4 threads (6 CPU cores detected)

Reading alignment file cluster807rr.1to1ortho.fa.aln-cln_gene142.fa ... Fasta format detected
Alignment most likely contains DNA/RNA sequences
Alignment has 13 sequences with 860 columns, 405 distinct patterns
285 parsimony-informative, 118 singleton sites, 457 constant sites
           Gap/Ambiguity  Composition  p-value
   1  DrolusSFB    2.56%    passed     92.37%
   2  Dino         2.21%    passed     97.05%
   3  MJM3360      0.35%    passed     88.36%
   4  DrobinSFB    2.91%    passed     77.37%
   5  Neam        34.30%    passed     80.06%
   6  RuprSFB      0.35%    passed     80.69%
   7  Retr         0.00%    passed     95.56%
   8  Beta         0.00%    passed     97.96%
   9  Spol         0.00%    passed     64.05%
  10  MJM1652      2.21%    passed     74.36%
  11  NepSFB      49.07%    passed     95.14%
  12  WPYJ         0.35%    passed     96.15%
  13  MJM2940      2.21%    passed     96.46%
****  TOTAL        7.42%  0 sequences failed composition chi2 test (p-value<5%; df=3)

Create initial parsimony tree by phylogenetic likelihood library (PLL)... 0.000 seconds

NOTE: 0 MB RAM (0 GB) is required!
Estimate model parameters (epsilon = 0.100)
1. Initial log-likelihood: -5408.079
2. Current log-likelihood: -5187.155
3. Current log-likelihood: -5185.559
Optimal log-likelihood: -5185.524
Rate parameters:  A-C: 2.26471  A-G: 5.38731  A-T: 1.76835  C-G: 2.27734  C-T: 7.99217  G-T: 1.00000
Base frequencies:  A: 0.292  C: 0.191  G: 0.250  T: 0.267
Gamma shape alpha: 0.409
Parameters optimization took 3 rounds (0.030 sec)
Computing ML distances based on estimated model parameters... 0.001 sec
Computing BIONJ tree...
0.003 seconds
Log-likelihood of BIONJ tree: -5190.484
--------------------------------------------------------------------
|             INITIALIZING CANDIDATE TREE SET                      |
--------------------------------------------------------------------
Generating 98 parsimony trees... 0.068 second
Computing log-likelihood of 98 initial trees ... 0.403 seconds
Current best score: -5185.524

Do NNI search on 20 best initial trees
Estimate model parameters (epsilon = 0.100)
BETTER TREE FOUND at iteration 1: -5185.297
Iteration 10 / LogL: -5185.301 / Time: 0h:0m:0s
Iteration 20 / LogL: -5185.297 / Time: 0h:0m:1s
Finish initializing candidate tree set (1)
Current best tree score: -5185.297 / CPU time: 1.075
Number of iterations: 20
--------------------------------------------------------------------
|               OPTIMIZING CANDIDATE TREE SET                      |
--------------------------------------------------------------------
Iteration 30 / LogL: -5185.309 / Time: 0h:0m:1s (0h:0m:3s left)
UPDATE BEST LOG-LIKELIHOOD: -5185.297
Iteration 40 / LogL: -5185.298 / Time: 0h:0m:1s (0h:0m:2s left)
Iteration 50 / LogL: -5185.316 / Time: 0h:0m:2s (0h:0m:2s left)
Iteration 60 / LogL: -5185.879 / Time: 0h:0m:2s (0h:0m:1s left)
Iteration 70 / LogL: -5185.300 / Time: 0h:0m:2s (0h:0m:1s left)
Iteration 80 / LogL: -5185.307 / Time: 0h:0m:3s (0h:0m:0s left)
Iteration 90 / LogL: -5185.556 / Time: 0h:0m:3s (0h:0m:0s left)
Iteration 100 / LogL: -5185.308 / Time: 0h:0m:3s (0h:0m:0s left)
TREE SEARCH COMPLETED AFTER 102 ITERATIONS / Time: 0h:0m:4s

--------------------------------------------------------------------
|                    FINALIZING TREE SEARCH                        |
--------------------------------------------------------------------
Performs final model parameters optimization
Estimate model parameters (epsilon = 0.010)
1. Initial log-likelihood: -5185.297
Optimal log-likelihood: -5185.297
Rate parameters:  A-C: 2.23666  A-G: 5.36818  A-T: 1.74749  C-G: 2.26688  C-T: 8.02071  G-T: 1.00000
Base frequencies:  A: 0.292  C: 0.191  G: 0.250  T: 0.267
Gamma shape alpha: 0.409
Parameters optimization took 1 rounds (0.004 sec)
BEST SCORE FOUND : -5185.297

Testing tree branches by SH-like aLRT with 1000 replicates...
0.060 sec.
Total tree length: 1.439

Total number of iterations: 102
CPU time used for tree search: 3.908 sec (0h:0m:3s)
Wall-clock time used for tree search: 3.978 sec (0h:0m:3s)
Total CPU time used: 4.163 sec (0h:0m:4s)
Total wall-clock time used: 4.092 sec (0h:0m:4s)

Analysis results written to: 
  IQ-TREE report:                cluster807rr.1to1ortho.fa.aln-cln_gene142.fa.iqtree
  Maximum-likelihood tree:       cluster807rr.1to1ortho.fa.aln-cln_gene142.fa.treefile
  Likelihood distances:          cluster807rr.1to1ortho.fa.aln-cln_gene142.fa.mldist
  Screen log file:               cluster807rr.1to1ortho.fa.aln-cln_gene142.fa.log

Date and Time: Mon Nov 25 11:13:28 2019
