IQ-TREE multicore version 1.6.11 for Mac OS X 64-bit built Jul 12 2019
Developed by Bui Quang Minh, Nguyen Lam Tung, Olga Chernomor,
Heiko Schmidt, Dominik Schrempf, Michael Woodhams.

Host:    slpc437 (AVX2, FMA3, 16 GB RAM)
Command: iqtree -s cluster4734rr.1to1ortho.fa.aln-cln_gene592.fa -nt 4 -m GTR+G -alrt 1000
Seed:    950753 (Using SPRNG - Scalable Parallel Random Number Generator)
Time:    Mon Nov 25 10:56:25 2019
Kernel:  AVX+FMA - 4 threads (6 CPU cores detected)

Reading alignment file cluster4734rr.1to1ortho.fa.aln-cln_gene592.fa ... Fasta format detected
Alignment most likely contains DNA/RNA sequences
Alignment has 13 sequences with 2872 columns, 1142 distinct patterns
914 parsimony-informative, 445 singleton sites, 1513 constant sites
           Gap/Ambiguity  Composition  p-value
   1  DrolusSFB    4.56%    passed     76.33%
   2  Dino         7.14%    passed     93.01%
   3  MJM3360      9.71%    passed     82.81%
   4  DrobinSFB    6.79%    passed     34.37%
   5  Neam         0.91%    passed     84.62%
   6  RuprSFB      8.46%    passed     80.36%
   7  Retr         9.64%    passed     25.63%
   8  Beta         0.56%    passed     53.55%
   9  Spol         0.14%    passed     72.77%
  10  MJM1652      8.32%    passed     73.30%
  11  NepSFB       0.91%    passed     83.65%
  12  WPYJ        21.94%    passed     68.80%
  13  MJM2940      4.56%    passed     99.85%
****  TOTAL        6.43%  0 sequences failed composition chi2 test (p-value<5%; df=3)

Create initial parsimony tree by phylogenetic likelihood library (PLL)... 0.001 seconds

NOTE: 1 MB RAM (0 GB) is required!
Estimate model parameters (epsilon = 0.100)
1. Initial log-likelihood: -18194.739
2. Current log-likelihood: -17418.354
3. Current log-likelihood: -17410.722
Optimal log-likelihood: -17410.606
Rate parameters:  A-C: 1.91403  A-G: 5.00065  A-T: 2.18107  C-G: 1.25320  C-T: 6.78968  G-T: 1.00000
Base frequencies:  A: 0.280  C: 0.192  G: 0.270  T: 0.258
Gamma shape alpha: 0.406
Parameters optimization took 3 rounds (0.051 sec)
Computing ML distances based on estimated model parameters... 0.002 sec
Computing BIONJ tree...
0.002 seconds
Log-likelihood of BIONJ tree: -17406.218
--------------------------------------------------------------------
|             INITIALIZING CANDIDATE TREE SET                      |
--------------------------------------------------------------------
Generating 98 parsimony trees... 0.123 second
Computing log-likelihood of 98 initial trees ... 0.492 seconds
Current best score: -17406.218

Do NNI search on 20 best initial trees
Estimate model parameters (epsilon = 0.100)
BETTER TREE FOUND at iteration 1: -17406.041
Iteration 10 / LogL: -17406.044 / Time: 0h:0m:1s
Iteration 20 / LogL: -17406.281 / Time: 0h:0m:1s
Finish initializing candidate tree set (1)
Current best tree score: -17406.041 / CPU time: 1.311
Number of iterations: 20
--------------------------------------------------------------------
|               OPTIMIZING CANDIDATE TREE SET                      |
--------------------------------------------------------------------
Iteration 30 / LogL: -17406.050 / Time: 0h:0m:1s (0h:0m:4s left)
UPDATE BEST LOG-LIKELIHOOD: -17406.041
Iteration 40 / LogL: -17406.093 / Time: 0h:0m:2s (0h:0m:3s left)
Iteration 50 / LogL: -17406.436 / Time: 0h:0m:2s (0h:0m:2s left)
Iteration 60 / LogL: -17406.469 / Time: 0h:0m:3s (0h:0m:2s left)
Iteration 70 / LogL: -17406.054 / Time: 0h:0m:3s (0h:0m:1s left)
Iteration 80 / LogL: -17406.115 / Time: 0h:0m:4s (0h:0m:1s left)
Iteration 90 / LogL: -17406.049 / Time: 0h:0m:4s (0h:0m:0s left)
Iteration 100 / LogL: -17406.044 / Time: 0h:0m:5s (0h:0m:0s left)
TREE SEARCH COMPLETED AFTER 102 ITERATIONS / Time: 0h:0m:5s

--------------------------------------------------------------------
|                    FINALIZING TREE SEARCH                        |
--------------------------------------------------------------------
Performs final model parameters optimization
Estimate model parameters (epsilon = 0.010)
1. Initial log-likelihood: -17406.041
Optimal log-likelihood: -17406.041
Rate parameters:  A-C: 1.90446  A-G: 5.00762  A-T: 2.17304  C-G: 1.25324  C-T: 6.79103  G-T: 1.00000
Base frequencies:  A: 0.280  C: 0.192  G: 0.270  T: 0.258
Gamma shape alpha: 0.407
Parameters optimization took 1 rounds (0.006 sec)
BEST SCORE FOUND : -17406.041

Testing tree branches by SH-like aLRT with 1000 replicates...
0.150 sec.
Total tree length: 1.565

Total number of iterations: 102
CPU time used for tree search: 7.667 sec (0h:0m:7s)
Wall-clock time used for tree search: 5.297 sec (0h:0m:5s)
Total CPU time used: 8.377 sec (0h:0m:8s)
Total wall-clock time used: 5.526 sec (0h:0m:5s)

Analysis results written to: 
  IQ-TREE report:                cluster4734rr.1to1ortho.fa.aln-cln_gene592.fa.iqtree
  Maximum-likelihood tree:       cluster4734rr.1to1ortho.fa.aln-cln_gene592.fa.treefile
  Likelihood distances:          cluster4734rr.1to1ortho.fa.aln-cln_gene592.fa.mldist
  Screen log file:               cluster4734rr.1to1ortho.fa.aln-cln_gene592.fa.log

Date and Time: Mon Nov 25 10:56:31 2019
