IQ-TREE multicore version 1.6.11 for Mac OS X 64-bit built Jul 12 2019
Developed by Bui Quang Minh, Nguyen Lam Tung, Olga Chernomor,
Heiko Schmidt, Dominik Schrempf, Michael Woodhams.

Host:    slpc437 (AVX2, FMA3, 16 GB RAM)
Command: iqtree -s cluster4582rr.1to1ortho.fa.aln-cln_gene299.fa -nt 4 -m GTR+G -alrt 1000
Seed:    915227 (Using SPRNG - Scalable Parallel Random Number Generator)
Time:    Mon Nov 25 10:55:49 2019
Kernel:  AVX+FMA - 4 threads (6 CPU cores detected)

Reading alignment file cluster4582rr.1to1ortho.fa.aln-cln_gene299.fa ... Fasta format detected
Alignment most likely contains DNA/RNA sequences
Alignment has 13 sequences with 576 columns, 223 distinct patterns
147 parsimony-informative, 65 singleton sites, 364 constant sites
           Gap/Ambiguity  Composition  p-value
   1  DrolusSFB    0.00%    passed     95.34%
   2  Dino         0.00%    passed     90.19%
   3  MJM3360     33.85%    passed     89.23%
   4  DrobinSFB    0.00%    passed     89.69%
   5  Neam         1.56%    passed     78.52%
   6  RuprSFB      0.00%    passed     92.33%
   7  Retr         4.34%    passed     70.43%
   8  Beta         0.52%    passed     87.89%
   9  Spol         0.52%    passed     93.15%
  10  MJM1652      0.35%    passed     91.54%
  11  NepSFB       1.56%    passed     89.65%
  12  WPYJ         4.34%    passed     73.84%
  13  MJM2940      0.00%    passed     96.31%
****  TOTAL        3.62%  0 sequences failed composition chi2 test (p-value<5%; df=3)

Create initial parsimony tree by phylogenetic likelihood library (PLL)... 0.000 seconds

NOTE: 0 MB RAM (0 GB) is required!
WARNING: Number of threads seems too high for short alignments. Use -nt AUTO to determine best number of threads.
Estimate model parameters (epsilon = 0.100)
1. Initial log-likelihood: -3256.580
2. Current log-likelihood: -3055.906
3. Current log-likelihood: -3052.572
Optimal log-likelihood: -3052.501
Rate parameters:  A-C: 1.89542  A-G: 6.54359  A-T: 2.59756  C-G: 1.15472  C-T: 9.83122  G-T: 1.00000
Base frequencies:  A: 0.273  C: 0.226  G: 0.235  T: 0.267
Gamma shape alpha: 0.245
Parameters optimization took 3 rounds (0.040 sec)
Computing ML distances based on estimated model parameters... 0.001 sec
Computing BIONJ tree...
0.002 seconds
Log-likelihood of BIONJ tree: -3053.923
--------------------------------------------------------------------
|             INITIALIZING CANDIDATE TREE SET                      |
--------------------------------------------------------------------
Generating 98 parsimony trees... 0.053 second
Computing log-likelihood of 98 initial trees ... 0.366 seconds
Current best score: -3052.501

Do NNI search on 20 best initial trees
Estimate model parameters (epsilon = 0.100)
BETTER TREE FOUND at iteration 1: -3050.991
Iteration 10 / LogL: -3051.008 / Time: 0h:0m:0s
Iteration 20 / LogL: -3050.999 / Time: 0h:0m:0s
Finish initializing candidate tree set (3)
Current best tree score: -3050.991 / CPU time: 0.935
Number of iterations: 20
--------------------------------------------------------------------
|               OPTIMIZING CANDIDATE TREE SET                      |
--------------------------------------------------------------------
Iteration 30 / LogL: -3051.027 / Time: 0h:0m:1s (0h:0m:3s left)
Iteration 40 / LogL: -3059.541 / Time: 0h:0m:1s (0h:0m:2s left)
Iteration 50 / LogL: -3051.511 / Time: 0h:0m:2s (0h:0m:2s left)
Iteration 60 / LogL: -3051.030 / Time: 0h:0m:2s (0h:0m:1s left)
Iteration 70 / LogL: -3052.913 / Time: 0h:0m:2s (0h:0m:1s left)
Iteration 80 / LogL: -3050.995 / Time: 0h:0m:3s (0h:0m:0s left)
Iteration 90 / LogL: -3050.994 / Time: 0h:0m:3s (0h:0m:0s left)
Iteration 100 / LogL: -3059.359 / Time: 0h:0m:4s (0h:0m:0s left)
TREE SEARCH COMPLETED AFTER 102 ITERATIONS / Time: 0h:0m:4s

--------------------------------------------------------------------
|                    FINALIZING TREE SEARCH                        |
--------------------------------------------------------------------
Performs final model parameters optimization
Estimate model parameters (epsilon = 0.010)
1. Initial log-likelihood: -3050.991
Optimal log-likelihood: -3050.991
Rate parameters:  A-C: 2.22569  A-G: 7.60147  A-T: 2.99636  C-G: 1.34254  C-T: 11.42778  G-T: 1.00000
Base frequencies:  A: 0.273  C: 0.226  G: 0.235  T: 0.267
Gamma shape alpha: 0.244
Parameters optimization took 1 rounds (0.003 sec)
BEST SCORE FOUND : -3050.991

Testing tree branches by SH-like aLRT with 1000 replicates...
0.041 sec.
Total tree length: 1.321

Total number of iterations: 102
CPU time used for tree search: 3.379 sec (0h:0m:3s)
Wall-clock time used for tree search: 4.042 sec (0h:0m:4s)
Total CPU time used: 3.578 sec (0h:0m:3s)
Total wall-clock time used: 4.144 sec (0h:0m:4s)

Analysis results written to: 
  IQ-TREE report:                cluster4582rr.1to1ortho.fa.aln-cln_gene299.fa.iqtree
  Maximum-likelihood tree:       cluster4582rr.1to1ortho.fa.aln-cln_gene299.fa.treefile
  Likelihood distances:          cluster4582rr.1to1ortho.fa.aln-cln_gene299.fa.mldist
  Screen log file:               cluster4582rr.1to1ortho.fa.aln-cln_gene299.fa.log

Date and Time: Mon Nov 25 10:55:54 2019
