IQ-TREE multicore version 1.6.11 for Mac OS X 64-bit built Jul 12 2019
Developed by Bui Quang Minh, Nguyen Lam Tung, Olga Chernomor,
Heiko Schmidt, Dominik Schrempf, Michael Woodhams.

Host:    slpc437 (AVX2, FMA3, 16 GB RAM)
Command: iqtree -s cluster1935rr.1to1ortho.fa.aln-cln_gene794.fa -nt 4 -m GTR+G -alrt 1000
Seed:    94738 (Using SPRNG - Scalable Parallel Random Number Generator)
Time:    Mon Nov 25 09:52:43 2019
Kernel:  AVX+FMA - 4 threads (6 CPU cores detected)

Reading alignment file cluster1935rr.1to1ortho.fa.aln-cln_gene794.fa ... Fasta format detected
Alignment most likely contains DNA/RNA sequences
Alignment has 13 sequences with 846 columns, 405 distinct patterns
273 parsimony-informative, 109 singleton sites, 464 constant sites
           Gap/Ambiguity  Composition  p-value
   1  DrolusSFB    1.42%    passed     69.45%
   2  Dino         2.01%    passed     25.77%
   3  MJM3360     18.68%    passed     22.25%
   4  DrobinSFB    8.98%    passed     77.04%
   5  Neam         1.06%    passed     36.54%
   6  RuprSFB     18.68%    passed     79.26%
   7  Retr        36.41%    failed      0.00%
   8  Beta        13.36%    failed      1.42%
   9  Spol        12.29%    failed      3.96%
  10  MJM1652      2.60%    passed     12.21%
  11  NepSFB       1.06%    passed     16.11%
  12  WPYJ        38.77%    failed      0.03%
  13  MJM2940      1.42%    passed     99.88%
****  TOTAL       12.06%  4 sequences failed composition chi2 test (p-value<5%; df=3)

Create initial parsimony tree by phylogenetic likelihood library (PLL)... 0.001 seconds

NOTE: 0 MB RAM (0 GB) is required!
Estimate model parameters (epsilon = 0.100)
1. Initial log-likelihood: -5306.898
2. Current log-likelihood: -5055.876
3. Current log-likelihood: -5052.227
Optimal log-likelihood: -5052.171
Rate parameters:  A-C: 1.38702  A-G: 3.29598  A-T: 0.87505  C-G: 1.49464  C-T: 5.70201  G-T: 1.00000
Base frequencies:  A: 0.254  C: 0.265  G: 0.253  T: 0.228
Gamma shape alpha: 0.335
Parameters optimization took 3 rounds (0.031 sec)
Computing ML distances based on estimated model parameters... 0.001 sec
Computing BIONJ tree...
0.002 seconds
Log-likelihood of BIONJ tree: -5051.584
--------------------------------------------------------------------
|             INITIALIZING CANDIDATE TREE SET                      |
--------------------------------------------------------------------
Generating 98 parsimony trees... 0.071 second
Computing log-likelihood of 97 initial trees ... 0.414 seconds
Current best score: -5050.269

Do NNI search on 20 best initial trees
Estimate model parameters (epsilon = 0.100)
BETTER TREE FOUND at iteration 1: -5049.988
Estimate model parameters (epsilon = 0.100)
BETTER TREE FOUND at iteration 2: -5048.440
Iteration 10 / LogL: -5050.103 / Time: 0h:0m:0s
Iteration 20 / LogL: -5052.577 / Time: 0h:0m:1s
Finish initializing candidate tree set (3)
Current best tree score: -5048.440 / CPU time: 0.960
Number of iterations: 20
--------------------------------------------------------------------
|               OPTIMIZING CANDIDATE TREE SET                      |
--------------------------------------------------------------------
Iteration 30 / LogL: -5048.505 / Time: 0h:0m:1s (0h:0m:3s left)
Iteration 40 / LogL: -5060.145 / Time: 0h:0m:1s (0h:0m:2s left)
Iteration 50 / LogL: -5061.263 / Time: 0h:0m:2s (0h:0m:2s left)
Iteration 60 / LogL: -5060.786 / Time: 0h:0m:2s (0h:0m:1s left)
Iteration 70 / LogL: -5050.290 / Time: 0h:0m:2s (0h:0m:1s left)
Iteration 80 / LogL: -5052.769 / Time: 0h:0m:3s (0h:0m:0s left)
Iteration 90 / LogL: -5048.557 / Time: 0h:0m:3s (0h:0m:0s left)
Iteration 100 / LogL: -5048.640 / Time: 0h:0m:3s (0h:0m:0s left)
TREE SEARCH COMPLETED AFTER 103 ITERATIONS / Time: 0h:0m:4s

--------------------------------------------------------------------
|                    FINALIZING TREE SEARCH                        |
--------------------------------------------------------------------
Performs final model parameters optimization
Estimate model parameters (epsilon = 0.010)
1. Initial log-likelihood: -5048.440
Optimal log-likelihood: -5048.440
Rate parameters:  A-C: 1.30557  A-G: 3.25788  A-T: 0.81023  C-G: 1.46693  C-T: 5.46024  G-T: 1.00000
Base frequencies:  A: 0.254  C: 0.265  G: 0.253  T: 0.228
Gamma shape alpha: 0.338
Parameters optimization took 1 rounds (0.004 sec)
BEST SCORE FOUND : -5048.440

Testing tree branches by SH-like aLRT with 1000 replicates...
0.055 sec.
Total tree length: 1.738

Total number of iterations: 103
CPU time used for tree search: 3.886 sec (0h:0m:3s)
Wall-clock time used for tree search: 3.978 sec (0h:0m:3s)
Total CPU time used: 4.140 sec (0h:0m:4s)
Total wall-clock time used: 4.090 sec (0h:0m:4s)

Analysis results written to: 
  IQ-TREE report:                cluster1935rr.1to1ortho.fa.aln-cln_gene794.fa.iqtree
  Maximum-likelihood tree:       cluster1935rr.1to1ortho.fa.aln-cln_gene794.fa.treefile
  Likelihood distances:          cluster1935rr.1to1ortho.fa.aln-cln_gene794.fa.mldist
  Screen log file:               cluster1935rr.1to1ortho.fa.aln-cln_gene794.fa.log

Date and Time: Mon Nov 25 09:52:47 2019
