IQ-TREE multicore version 1.6.11 for Mac OS X 64-bit built Jul 12 2019
Developed by Bui Quang Minh, Nguyen Lam Tung, Olga Chernomor,
Heiko Schmidt, Dominik Schrempf, Michael Woodhams.

Host:    slpc437 (AVX2, FMA3, 16 GB RAM)
Command: iqtree -s cluster2798rr.1to1ortho.fa.aln-cln_gene1129.fa -nt 4 -m GTR+G -alrt 1000
Seed:    320054 (Using SPRNG - Scalable Parallel Random Number Generator)
Time:    Mon Nov 25 10:13:37 2019
Kernel:  AVX+FMA - 4 threads (6 CPU cores detected)

Reading alignment file cluster2798rr.1to1ortho.fa.aln-cln_gene1129.fa ... Fasta format detected
Alignment most likely contains DNA/RNA sequences
Alignment has 13 sequences with 1004 columns, 425 distinct patterns
282 parsimony-informative, 144 singleton sites, 578 constant sites
           Gap/Ambiguity  Composition  p-value
   1  DrolusSFB    1.79%    passed     95.15%
   2  Dino        38.25%    passed     13.60%
   3  MJM3360     14.74%    passed     33.28%
   4  DrobinSFB    7.77%    passed     54.94%
   5  Neam         1.10%    passed     99.80%
   6  RuprSFB     15.74%    passed     57.22%
   7  Retr         0.30%    passed     75.80%
   8  Beta        13.94%    passed     87.67%
   9  Spol        14.94%    passed     77.00%
  10  MJM1652      6.08%    passed     98.17%
  11  NepSFB       1.10%    passed     99.97%
  12  WPYJ         1.69%    passed     97.15%
  13  MJM2940      1.79%    passed     83.30%
****  TOTAL        9.17%  0 sequences failed composition chi2 test (p-value<5%; df=3)

Create initial parsimony tree by phylogenetic likelihood library (PLL)... 0.001 seconds

NOTE: 0 MB RAM (0 GB) is required!
Estimate model parameters (epsilon = 0.100)
1. Initial log-likelihood: -5850.680
2. Current log-likelihood: -5558.666
3. Current log-likelihood: -5553.311
4. Current log-likelihood: -5553.059
Optimal log-likelihood: -5553.046
Rate parameters:  A-C: 1.94427  A-G: 4.18345  A-T: 1.24829  C-G: 1.69173  C-T: 7.79713  G-T: 1.00000
Base frequencies:  A: 0.273  C: 0.174  G: 0.247  T: 0.306
Gamma shape alpha: 0.323
Parameters optimization took 4 rounds (0.046 sec)
Computing ML distances based on estimated model parameters... 0.001 sec
Computing BIONJ tree...
0.002 seconds
Log-likelihood of BIONJ tree: -5553.046
--------------------------------------------------------------------
|             INITIALIZING CANDIDATE TREE SET                      |
--------------------------------------------------------------------
Generating 99 parsimony trees... 0.074 second
Computing log-likelihood of 99 initial trees ... 0.417 seconds
Current best score: -5553.046

Do NNI search on 20 best initial trees
Estimate model parameters (epsilon = 0.100)
BETTER TREE FOUND at iteration 1: -5552.689
Iteration 10 / LogL: -5552.696 / Time: 0h:0m:0s
Iteration 20 / LogL: -5552.703 / Time: 0h:0m:1s
Finish initializing candidate tree set (2)
Current best tree score: -5552.689 / CPU time: 1.067
Number of iterations: 20
--------------------------------------------------------------------
|               OPTIMIZING CANDIDATE TREE SET                      |
--------------------------------------------------------------------
Iteration 30 / LogL: -5569.585 / Time: 0h:0m:1s (0h:0m:3s left)
Iteration 40 / LogL: -5568.277 / Time: 0h:0m:1s (0h:0m:2s left)
Iteration 50 / LogL: -5568.271 / Time: 0h:0m:2s (0h:0m:2s left)
UPDATE BEST LOG-LIKELIHOOD: -5552.689
Iteration 60 / LogL: -5568.502 / Time: 0h:0m:2s (0h:0m:1s left)
UPDATE BEST LOG-LIKELIHOOD: -5552.689
Iteration 70 / LogL: -5569.565 / Time: 0h:0m:2s (0h:0m:1s left)
Iteration 80 / LogL: -5572.417 / Time: 0h:0m:3s (0h:0m:0s left)
Iteration 90 / LogL: -5553.253 / Time: 0h:0m:3s (0h:0m:0s left)
Iteration 100 / LogL: -5568.310 / Time: 0h:0m:3s (0h:0m:0s left)
TREE SEARCH COMPLETED AFTER 102 ITERATIONS / Time: 0h:0m:3s

--------------------------------------------------------------------
|                    FINALIZING TREE SEARCH                        |
--------------------------------------------------------------------
Performs final model parameters optimization
Estimate model parameters (epsilon = 0.010)
1. Initial log-likelihood: -5552.689
Optimal log-likelihood: -5552.689
Rate parameters:  A-C: 1.92372  A-G: 4.16204  A-T: 1.24974  C-G: 1.69441  C-T: 7.80367  G-T: 1.00000
Base frequencies:  A: 0.273  C: 0.174  G: 0.247  T: 0.306
Gamma shape alpha: 0.323
Parameters optimization took 1 rounds (0.004 sec)
BEST SCORE FOUND : -5552.689

Testing tree branches by SH-like aLRT with 1000 replicates...
0.063 sec.
Total tree length: 1.556

Total number of iterations: 102
CPU time used for tree search: 3.866 sec (0h:0m:3s)
Wall-clock time used for tree search: 3.872 sec (0h:0m:3s)
Total CPU time used: 4.175 sec (0h:0m:4s)
Total wall-clock time used: 4.005 sec (0h:0m:4s)

Analysis results written to: 
  IQ-TREE report:                cluster2798rr.1to1ortho.fa.aln-cln_gene1129.fa.iqtree
  Maximum-likelihood tree:       cluster2798rr.1to1ortho.fa.aln-cln_gene1129.fa.treefile
  Likelihood distances:          cluster2798rr.1to1ortho.fa.aln-cln_gene1129.fa.mldist
  Screen log file:               cluster2798rr.1to1ortho.fa.aln-cln_gene1129.fa.log

Date and Time: Mon Nov 25 10:13:41 2019
