IQ-TREE multicore version 1.6.11 for Mac OS X 64-bit built Jul 12 2019
Developed by Bui Quang Minh, Nguyen Lam Tung, Olga Chernomor,
Heiko Schmidt, Dominik Schrempf, Michael Woodhams.

Host:    slpc437 (AVX2, FMA3, 16 GB RAM)
Command: iqtree -s cluster2292rr.1to1ortho.fa.aln-cln_gene576.fa -nt 4 -m GTR+G -alrt 1000
Seed:    994914 (Using SPRNG - Scalable Parallel Random Number Generator)
Time:    Mon Nov 25 10:01:48 2019
Kernel:  AVX+FMA - 4 threads (6 CPU cores detected)

Reading alignment file cluster2292rr.1to1ortho.fa.aln-cln_gene576.fa ... Fasta format detected
Alignment most likely contains DNA/RNA sequences
Alignment has 13 sequences with 939 columns, 392 distinct patterns
309 parsimony-informative, 121 singleton sites, 509 constant sites
           Gap/Ambiguity  Composition  p-value
   1  DrolusSFB    0.00%    passed     98.35%
   2  Dino         0.53%    passed     83.28%
   3  MJM3360      1.70%    passed     93.93%
   4  DrobinSFB    1.17%    passed     65.89%
   5  Neam         0.11%    passed     96.46%
   6  RuprSFB      0.11%    passed     88.94%
   7  Retr         0.00%    passed     71.45%
   8  Beta         0.11%    passed     99.11%
   9  Spol         0.11%    passed     99.46%
  10  MJM1652      0.43%    passed     61.17%
  11  NepSFB       0.11%    passed     97.24%
  12  WPYJ         0.00%    passed     96.05%
  13  MJM2940      0.32%    passed     75.24%
****  TOTAL        0.36%  0 sequences failed composition chi2 test (p-value<5%; df=3)

Create initial parsimony tree by phylogenetic likelihood library (PLL)... 0.001 seconds

NOTE: 0 MB RAM (0 GB) is required!
WARNING: Number of threads seems too high for short alignments. Use -nt AUTO to determine best number of threads.
Estimate model parameters (epsilon = 0.100)
1. Initial log-likelihood: -6013.283
2. Current log-likelihood: -5748.606
3. Current log-likelihood: -5746.713
Optimal log-likelihood: -5746.669
Rate parameters:  A-C: 1.77438  A-G: 4.20133  A-T: 1.42540  C-G: 1.53506  C-T: 7.04581  G-T: 1.00000
Base frequencies:  A: 0.262  C: 0.167  G: 0.268  T: 0.303
Gamma shape alpha: 0.379
Parameters optimization took 3 rounds (0.030 sec)
Computing ML distances based on estimated model parameters... 0.001 sec
Computing BIONJ tree...
0.002 seconds
Log-likelihood of BIONJ tree: -5747.064
--------------------------------------------------------------------
|             INITIALIZING CANDIDATE TREE SET                      |
--------------------------------------------------------------------
Generating 98 parsimony trees... 0.072 second
Computing log-likelihood of 98 initial trees ... 0.386 seconds
Current best score: -5746.669

Do NNI search on 20 best initial trees
Estimate model parameters (epsilon = 0.100)
BETTER TREE FOUND at iteration 1: -5746.117
Iteration 10 / LogL: -5746.126 / Time: 0h:0m:0s
Iteration 20 / LogL: -5755.194 / Time: 0h:0m:0s
Finish initializing candidate tree set (3)
Current best tree score: -5746.117 / CPU time: 0.935
Number of iterations: 20
--------------------------------------------------------------------
|               OPTIMIZING CANDIDATE TREE SET                      |
--------------------------------------------------------------------
Iteration 30 / LogL: -5747.877 / Time: 0h:0m:1s (0h:0m:3s left)
Iteration 40 / LogL: -5746.149 / Time: 0h:0m:1s (0h:0m:2s left)
Iteration 50 / LogL: -5746.158 / Time: 0h:0m:2s (0h:0m:2s left)
Iteration 60 / LogL: -5746.143 / Time: 0h:0m:2s (0h:0m:1s left)
Iteration 70 / LogL: -5746.164 / Time: 0h:0m:2s (0h:0m:1s left)
Iteration 80 / LogL: -5746.129 / Time: 0h:0m:3s (0h:0m:0s left)
Iteration 90 / LogL: -5746.125 / Time: 0h:0m:3s (0h:0m:0s left)
Iteration 100 / LogL: -5746.161 / Time: 0h:0m:4s (0h:0m:0s left)
TREE SEARCH COMPLETED AFTER 102 ITERATIONS / Time: 0h:0m:4s

--------------------------------------------------------------------
|                    FINALIZING TREE SEARCH                        |
--------------------------------------------------------------------
Performs final model parameters optimization
Estimate model parameters (epsilon = 0.010)
1. Initial log-likelihood: -5746.117
Optimal log-likelihood: -5746.117
Rate parameters:  A-C: 1.76971  A-G: 4.20671  A-T: 1.42999  C-G: 1.53751  C-T: 7.04699  G-T: 1.00000
Base frequencies:  A: 0.262  C: 0.167  G: 0.268  T: 0.303
Gamma shape alpha: 0.378
Parameters optimization took 1 rounds (0.004 sec)
BEST SCORE FOUND : -5746.117

Testing tree branches by SH-like aLRT with 1000 replicates...
0.061 sec.
Total tree length: 1.386

Total number of iterations: 102
CPU time used for tree search: 4.046 sec (0h:0m:4s)
Wall-clock time used for tree search: 4.177 sec (0h:0m:4s)
Total CPU time used: 4.311 sec (0h:0m:4s)
Total wall-clock time used: 4.290 sec (0h:0m:4s)

Analysis results written to: 
  IQ-TREE report:                cluster2292rr.1to1ortho.fa.aln-cln_gene576.fa.iqtree
  Maximum-likelihood tree:       cluster2292rr.1to1ortho.fa.aln-cln_gene576.fa.treefile
  Likelihood distances:          cluster2292rr.1to1ortho.fa.aln-cln_gene576.fa.mldist
  Screen log file:               cluster2292rr.1to1ortho.fa.aln-cln_gene576.fa.log

Date and Time: Mon Nov 25 10:01:53 2019
