IQ-TREE multicore version 1.6.11 for Mac OS X 64-bit built Jul 12 2019
Developed by Bui Quang Minh, Nguyen Lam Tung, Olga Chernomor,
Heiko Schmidt, Dominik Schrempf, Michael Woodhams.

Host:    slpc437 (AVX2, FMA3, 16 GB RAM)
Command: iqtree -s cluster2119rr.1to1ortho.fa.aln-cln_gene1026.fa -nt 4 -m GTR+G -alrt 1000
Seed:    565535 (Using SPRNG - Scalable Parallel Random Number Generator)
Time:    Mon Nov 25 09:57:25 2019
Kernel:  AVX+FMA - 4 threads (6 CPU cores detected)

Reading alignment file cluster2119rr.1to1ortho.fa.aln-cln_gene1026.fa ... Fasta format detected
Alignment most likely contains DNA/RNA sequences
Alignment has 13 sequences with 792 columns, 431 distinct patterns
286 parsimony-informative, 109 singleton sites, 397 constant sites
           Gap/Ambiguity  Composition  p-value
   1  DrolusSFB    4.17%    passed     29.09%
   2  Dino         1.52%    passed     67.53%
   3  MJM3360     52.02%    passed     52.15%
   4  DrobinSFB    3.03%    passed     94.78%
   5  Neam         6.82%    passed     49.87%
   6  RuprSFB     27.78%    passed     42.55%
   7  Retr         6.69%    passed     76.08%
   8  Beta         3.41%    passed     94.28%
   9  Spol         3.41%    passed     90.47%
  10  MJM1652      6.06%    passed     93.28%
  11  NepSFB       6.82%    passed     50.99%
  12  WPYJ         5.43%    passed     73.45%
  13  MJM2940      4.17%    passed     93.90%
WARNING: 1 sequences contain more than 50% gaps/ambiguity
****  TOTAL       10.10%  0 sequences failed composition chi2 test (p-value<5%; df=3)

Create initial parsimony tree by phylogenetic likelihood library (PLL)... 0.001 seconds

NOTE: 0 MB RAM (0 GB) is required!
Estimate model parameters (epsilon = 0.100)
1. Initial log-likelihood: -5120.658
2. Current log-likelihood: -4963.321
3. Current log-likelihood: -4961.809
Optimal log-likelihood: -4961.785
Rate parameters:  A-C: 1.28560  A-G: 3.80973  A-T: 1.91074  C-G: 1.59204  C-T: 4.34476  G-T: 1.00000
Base frequencies:  A: 0.262  C: 0.256  G: 0.264  T: 0.218
Gamma shape alpha: 0.468
Parameters optimization took 3 rounds (0.027 sec)
Computing ML distances based on estimated model parameters... 0.001 sec
Computing BIONJ tree...
0.003 seconds
Log-likelihood of BIONJ tree: -4963.094
--------------------------------------------------------------------
|             INITIALIZING CANDIDATE TREE SET                      |
--------------------------------------------------------------------
Generating 98 parsimony trees... 0.073 second
Computing log-likelihood of 97 initial trees ... 0.412 seconds
Current best score: -4961.785

Do NNI search on 20 best initial trees
Estimate model parameters (epsilon = 0.100)
BETTER TREE FOUND at iteration 1: -4956.745
Iteration 10 / LogL: -4956.763 / Time: 0h:0m:0s
Iteration 20 / LogL: -4956.775 / Time: 0h:0m:1s
Finish initializing candidate tree set (1)
Current best tree score: -4956.745 / CPU time: 1.093
Number of iterations: 20
--------------------------------------------------------------------
|               OPTIMIZING CANDIDATE TREE SET                      |
--------------------------------------------------------------------
UPDATE BEST LOG-LIKELIHOOD: -4956.745
Iteration 30 / LogL: -4956.751 / Time: 0h:0m:1s (0h:0m:3s left)
Iteration 40 / LogL: -4956.853 / Time: 0h:0m:1s (0h:0m:2s left)
Iteration 50 / LogL: -4958.054 / Time: 0h:0m:2s (0h:0m:2s left)
Iteration 60 / LogL: -4957.024 / Time: 0h:0m:2s (0h:0m:1s left)
Iteration 70 / LogL: -4957.186 / Time: 0h:0m:2s (0h:0m:1s left)
Iteration 80 / LogL: -4957.152 / Time: 0h:0m:3s (0h:0m:0s left)
Iteration 90 / LogL: -4956.777 / Time: 0h:0m:3s (0h:0m:0s left)
Iteration 100 / LogL: -4956.889 / Time: 0h:0m:3s (0h:0m:0s left)
TREE SEARCH COMPLETED AFTER 102 ITERATIONS / Time: 0h:0m:4s

--------------------------------------------------------------------
|                    FINALIZING TREE SEARCH                        |
--------------------------------------------------------------------
Performs final model parameters optimization
Estimate model parameters (epsilon = 0.010)
1. Initial log-likelihood: -4956.745
Optimal log-likelihood: -4956.744
Rate parameters:  A-C: 1.30400  A-G: 3.79052  A-T: 1.92304  C-G: 1.59159  C-T: 4.35081  G-T: 1.00000
Base frequencies:  A: 0.262  C: 0.256  G: 0.264  T: 0.218
Gamma shape alpha: 0.468
Parameters optimization took 1 rounds (0.004 sec)
BEST SCORE FOUND : -4956.744

Testing tree branches by SH-like aLRT with 1000 replicates...
0.057 sec.
Total tree length: 1.666

Total number of iterations: 102
CPU time used for tree search: 3.941 sec (0h:0m:3s)
Wall-clock time used for tree search: 3.954 sec (0h:0m:3s)
Total CPU time used: 4.182 sec (0h:0m:4s)
Total wall-clock time used: 4.062 sec (0h:0m:4s)

Analysis results written to: 
  IQ-TREE report:                cluster2119rr.1to1ortho.fa.aln-cln_gene1026.fa.iqtree
  Maximum-likelihood tree:       cluster2119rr.1to1ortho.fa.aln-cln_gene1026.fa.treefile
  Likelihood distances:          cluster2119rr.1to1ortho.fa.aln-cln_gene1026.fa.mldist
  Screen log file:               cluster2119rr.1to1ortho.fa.aln-cln_gene1026.fa.log

Date and Time: Mon Nov 25 09:57:29 2019
