IQ-TREE multicore version 1.6.11 for Mac OS X 64-bit built Jul 12 2019
Developed by Bui Quang Minh, Nguyen Lam Tung, Olga Chernomor,
Heiko Schmidt, Dominik Schrempf, Michael Woodhams.

Host:    slpc437 (AVX2, FMA3, 16 GB RAM)
Command: iqtree -s cluster3669rr.1to1ortho.fa.aln-cln_gene1163.fa -nt 4 -m GTR+G -alrt 1000
Seed:    220806 (Using SPRNG - Scalable Parallel Random Number Generator)
Time:    Mon Nov 25 10:34:17 2019
Kernel:  AVX+FMA - 4 threads (6 CPU cores detected)

Reading alignment file cluster3669rr.1to1ortho.fa.aln-cln_gene1163.fa ... Fasta format detected
Alignment most likely contains DNA/RNA sequences
Alignment has 13 sequences with 1659 columns, 707 distinct patterns
552 parsimony-informative, 209 singleton sites, 898 constant sites
           Gap/Ambiguity  Composition  p-value
   1  DrolusSFB    0.72%    passed     97.21%
   2  Dino         0.54%    passed     92.37%
   3  MJM3360      1.63%    passed     78.23%
   4  DrobinSFB    0.60%    passed     52.14%
   5  Neam         0.18%    passed     81.98%
   6  RuprSFB      6.15%    passed     66.44%
   7  Retr         2.29%    passed     59.85%
   8  Beta         0.90%    passed     36.89%
   9  Spol        39.96%    passed     49.42%
  10  MJM1652      0.54%    passed     97.04%
  11  NepSFB       0.18%    passed     92.15%
  12  WPYJ         5.30%    passed     98.11%
  13  MJM2940      0.72%    passed     99.88%
****  TOTAL        4.59%  0 sequences failed composition chi2 test (p-value<5%; df=3)

Create initial parsimony tree by phylogenetic likelihood library (PLL)... 0.001 seconds

NOTE: 1 MB RAM (0 GB) is required!
Estimate model parameters (epsilon = 0.100)
1. Initial log-likelihood: -10399.614
2. Current log-likelihood: -9941.415
3. Current log-likelihood: -9936.654
Optimal log-likelihood: -9936.562
Rate parameters:  A-C: 3.81871  A-G: 8.91647  A-T: 3.27673  C-G: 3.98680  C-T: 13.19961  G-T: 1.00000
Base frequencies:  A: 0.274  C: 0.191  G: 0.260  T: 0.275
Gamma shape alpha: 0.386
Parameters optimization took 3 rounds (0.065 sec)
Computing ML distances based on estimated model parameters... 0.001 sec
Computing BIONJ tree...
0.002 seconds
Log-likelihood of BIONJ tree: -9935.254
--------------------------------------------------------------------
|             INITIALIZING CANDIDATE TREE SET                      |
--------------------------------------------------------------------
Generating 98 parsimony trees... 0.092 second
Computing log-likelihood of 97 initial trees ... 0.437 seconds
Current best score: -9935.254

Do NNI search on 20 best initial trees
Estimate model parameters (epsilon = 0.100)
BETTER TREE FOUND at iteration 1: -9935.244
Iteration 10 / LogL: -9935.554 / Time: 0h:0m:0s
Iteration 20 / LogL: -9935.288 / Time: 0h:0m:1s
Finish initializing candidate tree set (1)
Current best tree score: -9935.244 / CPU time: 1.071
Number of iterations: 20
--------------------------------------------------------------------
|               OPTIMIZING CANDIDATE TREE SET                      |
--------------------------------------------------------------------
Iteration 30 / LogL: -9935.247 / Time: 0h:0m:1s (0h:0m:3s left)
Iteration 40 / LogL: -9935.245 / Time: 0h:0m:1s (0h:0m:2s left)
Iteration 50 / LogL: -9935.342 / Time: 0h:0m:2s (0h:0m:2s left)
Iteration 60 / LogL: -9935.300 / Time: 0h:0m:2s (0h:0m:1s left)
Iteration 70 / LogL: -9935.293 / Time: 0h:0m:3s (0h:0m:1s left)
Iteration 80 / LogL: -9935.245 / Time: 0h:0m:3s (0h:0m:1s left)
Iteration 90 / LogL: -9935.288 / Time: 0h:0m:4s (0h:0m:0s left)
UPDATE BEST LOG-LIKELIHOOD: -9935.244
Iteration 100 / LogL: -9935.390 / Time: 0h:0m:4s (0h:0m:0s left)
TREE SEARCH COMPLETED AFTER 102 ITERATIONS / Time: 0h:0m:4s

--------------------------------------------------------------------
|                    FINALIZING TREE SEARCH                        |
--------------------------------------------------------------------
Performs final model parameters optimization
Estimate model parameters (epsilon = 0.010)
1. Initial log-likelihood: -9935.244
Optimal log-likelihood: -9935.242
Rate parameters:  A-C: 3.82354  A-G: 8.92341  A-T: 3.24898  C-G: 4.01798  C-T: 13.20629  G-T: 1.00000
Base frequencies:  A: 0.274  C: 0.191  G: 0.260  T: 0.275
Gamma shape alpha: 0.387
Parameters optimization took 1 rounds (0.005 sec)
BEST SCORE FOUND : -9935.242

Testing tree branches by SH-like aLRT with 1000 replicates...
0.097 sec.
Total tree length: 1.441

Total number of iterations: 102
CPU time used for tree search: 5.664 sec (0h:0m:5s)
Wall-clock time used for tree search: 4.735 sec (0h:0m:4s)
Total CPU time used: 6.165 sec (0h:0m:6s)
Total wall-clock time used: 4.922 sec (0h:0m:4s)

Analysis results written to: 
  IQ-TREE report:                cluster3669rr.1to1ortho.fa.aln-cln_gene1163.fa.iqtree
  Maximum-likelihood tree:       cluster3669rr.1to1ortho.fa.aln-cln_gene1163.fa.treefile
  Likelihood distances:          cluster3669rr.1to1ortho.fa.aln-cln_gene1163.fa.mldist
  Screen log file:               cluster3669rr.1to1ortho.fa.aln-cln_gene1163.fa.log

Date and Time: Mon Nov 25 10:34:22 2019
