IQ-TREE multicore version 1.6.11 for Mac OS X 64-bit built Jul 12 2019
Developed by Bui Quang Minh, Nguyen Lam Tung, Olga Chernomor,
Heiko Schmidt, Dominik Schrempf, Michael Woodhams.

Host:    slpc437 (AVX2, FMA3, 16 GB RAM)
Command: iqtree -s cluster4868rr.1to1ortho.fa.aln-cln_gene917.fa -nt 4 -m GTR+G -alrt 1000
Seed:    92745 (Using SPRNG - Scalable Parallel Random Number Generator)
Time:    Mon Nov 25 10:59:54 2019
Kernel:  AVX+FMA - 4 threads (6 CPU cores detected)

Reading alignment file cluster4868rr.1to1ortho.fa.aln-cln_gene917.fa ... Fasta format detected
Alignment most likely contains DNA/RNA sequences
Alignment has 13 sequences with 2195 columns, 1098 distinct patterns
800 parsimony-informative, 372 singleton sites, 1023 constant sites
           Gap/Ambiguity  Composition  p-value
   1  DrolusSFB    0.27%    passed     96.14%
   2  Dino        19.32%    passed     98.61%
   3  MJM3360      5.24%    passed     61.74%
   4  DrobinSFB    2.10%    passed     85.35%
   5  Neam         0.09%    passed     97.22%
   6  RuprSFB      2.10%    passed     58.25%
   7  Retr         0.18%    passed     59.19%
   8  Beta         1.05%    passed     47.90%
   9  Spol         2.96%    passed     41.50%
  10  MJM1652      0.27%    passed     74.79%
  11  NepSFB       0.09%    passed     92.93%
  12  WPYJ        57.63%    passed     80.12%
  13  MJM2940      0.14%    passed     94.31%
WARNING: 1 sequences contain more than 50% gaps/ambiguity
****  TOTAL        7.03%  0 sequences failed composition chi2 test (p-value<5%; df=3)

Create initial parsimony tree by phylogenetic likelihood library (PLL)... 0.001 seconds

NOTE: 1 MB RAM (0 GB) is required!
Estimate model parameters (epsilon = 0.100)
1. Initial log-likelihood: -15022.766
2. Current log-likelihood: -14432.030
3. Current log-likelihood: -14426.335
Optimal log-likelihood: -14426.236
Rate parameters:  A-C: 1.87087  A-G: 4.71102  A-T: 1.62815  C-G: 1.89293  C-T: 7.24397  G-T: 1.00000
Base frequencies:  A: 0.292  C: 0.187  G: 0.238  T: 0.283
Gamma shape alpha: 0.543
Parameters optimization took 3 rounds (0.049 sec)
Computing ML distances based on estimated model parameters... 0.002 sec
Computing BIONJ tree...
0.002 seconds
Log-likelihood of BIONJ tree: -14433.264
--------------------------------------------------------------------
|             INITIALIZING CANDIDATE TREE SET                      |
--------------------------------------------------------------------
Generating 98 parsimony trees... 0.119 second
Computing log-likelihood of 98 initial trees ... 0.486 seconds
Current best score: -14423.830

Do NNI search on 20 best initial trees
Estimate model parameters (epsilon = 0.100)
BETTER TREE FOUND at iteration 1: -14423.584
Iteration 10 / LogL: -14427.544 / Time: 0h:0m:0s
Iteration 20 / LogL: -14423.795 / Time: 0h:0m:1s
Finish initializing candidate tree set (1)
Current best tree score: -14423.584 / CPU time: 1.289
Number of iterations: 20
--------------------------------------------------------------------
|               OPTIMIZING CANDIDATE TREE SET                      |
--------------------------------------------------------------------
Iteration 30 / LogL: -14425.211 / Time: 0h:0m:1s (0h:0m:4s left)
Iteration 40 / LogL: -14424.028 / Time: 0h:0m:2s (0h:0m:3s left)
Iteration 50 / LogL: -14423.926 / Time: 0h:0m:2s (0h:0m:2s left)
Iteration 60 / LogL: -14423.669 / Time: 0h:0m:3s (0h:0m:2s left)
Iteration 70 / LogL: -14423.834 / Time: 0h:0m:3s (0h:0m:1s left)
Iteration 80 / LogL: -14423.588 / Time: 0h:0m:4s (0h:0m:1s left)
Iteration 90 / LogL: -14423.676 / Time: 0h:0m:4s (0h:0m:0s left)
Iteration 100 / LogL: -14423.598 / Time: 0h:0m:4s (0h:0m:0s left)
TREE SEARCH COMPLETED AFTER 102 ITERATIONS / Time: 0h:0m:4s

--------------------------------------------------------------------
|                    FINALIZING TREE SEARCH                        |
--------------------------------------------------------------------
Performs final model parameters optimization
Estimate model parameters (epsilon = 0.010)
1. Initial log-likelihood: -14423.584
Optimal log-likelihood: -14423.583
Rate parameters:  A-C: 1.86569  A-G: 4.69960  A-T: 1.61982  C-G: 1.89352  C-T: 7.25666  G-T: 1.00000
Base frequencies:  A: 0.292  C: 0.187  G: 0.238  T: 0.283
Gamma shape alpha: 0.543
Parameters optimization took 1 rounds (0.006 sec)
BEST SCORE FOUND : -14423.583

Testing tree branches by SH-like aLRT with 1000 replicates...
0.123 sec.
Total tree length: 1.755

Total number of iterations: 102
CPU time used for tree search: 6.940 sec (0h:0m:6s)
Wall-clock time used for tree search: 4.879 sec (0h:0m:4s)
Total CPU time used: 7.533 sec (0h:0m:7s)
Total wall-clock time used: 5.080 sec (0h:0m:5s)

Analysis results written to: 
  IQ-TREE report:                cluster4868rr.1to1ortho.fa.aln-cln_gene917.fa.iqtree
  Maximum-likelihood tree:       cluster4868rr.1to1ortho.fa.aln-cln_gene917.fa.treefile
  Likelihood distances:          cluster4868rr.1to1ortho.fa.aln-cln_gene917.fa.mldist
  Screen log file:               cluster4868rr.1to1ortho.fa.aln-cln_gene917.fa.log

Date and Time: Mon Nov 25 10:59:59 2019
