IQ-TREE multicore version 1.6.11 for Mac OS X 64-bit built Jul 12 2019
Developed by Bui Quang Minh, Nguyen Lam Tung, Olga Chernomor,
Heiko Schmidt, Dominik Schrempf, Michael Woodhams.

Host:    slpc437 (AVX2, FMA3, 16 GB RAM)
Command: iqtree -s cluster1167rr.1to1ortho.fa.aln-cln_gene268.fa -nt 4 -m GTR+G -alrt 1000
Seed:    445967 (Using SPRNG - Scalable Parallel Random Number Generator)
Time:    Mon Nov 25 09:38:17 2019
Kernel:  AVX+FMA - 4 threads (6 CPU cores detected)

Reading alignment file cluster1167rr.1to1ortho.fa.aln-cln_gene268.fa ... Fasta format detected
Alignment most likely contains DNA/RNA sequences
Alignment has 13 sequences with 2187 columns, 1029 distinct patterns
839 parsimony-informative, 336 singleton sites, 1012 constant sites
           Gap/Ambiguity  Composition  p-value
   1  DrolusSFB    0.55%    passed     96.19%
   2  Dino         0.00%    passed     98.47%
   3  MJM3360      7.00%    passed     79.96%
   4  DrobinSFB    2.70%    passed     64.26%
   5  Neam         0.00%    passed     91.35%
   6  RuprSFB      0.82%    passed     96.39%
   7  Retr        59.53%    passed     75.84%
   8  Beta         0.46%    passed     82.35%
   9  Spol         0.59%    passed     45.17%
  10  MJM1652      0.00%    passed     93.53%
  11  NepSFB       0.00%    passed     98.79%
  12  WPYJ        52.81%    passed     40.83%
  13  MJM2940      0.00%    passed     93.59%
WARNING: 2 sequences contain more than 50% gaps/ambiguity
****  TOTAL        9.57%  0 sequences failed composition chi2 test (p-value<5%; df=3)

Create initial parsimony tree by phylogenetic likelihood library (PLL)... 0.001 seconds

NOTE: 1 MB RAM (0 GB) is required!
Estimate model parameters (epsilon = 0.100)
1. Initial log-likelihood: -14628.789
2. Current log-likelihood: -14029.290
3. Current log-likelihood: -14024.934
Optimal log-likelihood: -14024.864
Rate parameters:  A-C: 1.68691  A-G: 4.12755  A-T: 1.48030  C-G: 0.99442  C-T: 5.76710  G-T: 1.00000
Base frequencies:  A: 0.279  C: 0.189  G: 0.253  T: 0.280
Gamma shape alpha: 0.554
Parameters optimization took 3 rounds (0.047 sec)
Computing ML distances based on estimated model parameters... 0.002 sec
Computing BIONJ tree...
0.002 seconds
Log-likelihood of BIONJ tree: -14022.977
--------------------------------------------------------------------
|             INITIALIZING CANDIDATE TREE SET                      |
--------------------------------------------------------------------
Generating 98 parsimony trees... 0.113 second
Computing log-likelihood of 98 initial trees ... 0.493 seconds
Current best score: -14022.977

Do NNI search on 20 best initial trees
Estimate model parameters (epsilon = 0.100)
BETTER TREE FOUND at iteration 1: -14022.974
Iteration 10 / LogL: -14023.090 / Time: 0h:0m:0s
Iteration 20 / LogL: -14022.994 / Time: 0h:0m:1s
Finish initializing candidate tree set (1)
Current best tree score: -14022.974 / CPU time: 1.250
Number of iterations: 20
--------------------------------------------------------------------
|               OPTIMIZING CANDIDATE TREE SET                      |
--------------------------------------------------------------------
UPDATE BEST LOG-LIKELIHOOD: -14022.974
Iteration 30 / LogL: -14025.711 / Time: 0h:0m:1s (0h:0m:4s left)
Iteration 40 / LogL: -14023.017 / Time: 0h:0m:2s (0h:0m:3s left)
Iteration 50 / LogL: -14023.360 / Time: 0h:0m:2s (0h:0m:2s left)
Iteration 60 / LogL: -14023.079 / Time: 0h:0m:2s (0h:0m:2s left)
Iteration 70 / LogL: -14023.049 / Time: 0h:0m:3s (0h:0m:1s left)
Iteration 80 / LogL: -14022.995 / Time: 0h:0m:3s (0h:0m:1s left)
Iteration 90 / LogL: -14023.296 / Time: 0h:0m:4s (0h:0m:0s left)
Iteration 100 / LogL: -14023.113 / Time: 0h:0m:4s (0h:0m:0s left)
TREE SEARCH COMPLETED AFTER 102 ITERATIONS / Time: 0h:0m:4s

--------------------------------------------------------------------
|                    FINALIZING TREE SEARCH                        |
--------------------------------------------------------------------
Performs final model parameters optimization
Estimate model parameters (epsilon = 0.010)
1. Initial log-likelihood: -14022.974
Optimal log-likelihood: -14022.973
Rate parameters:  A-C: 1.67724  A-G: 4.12486  A-T: 1.47718  C-G: 0.99123  C-T: 5.77187  G-T: 1.00000
Base frequencies:  A: 0.279  C: 0.189  G: 0.253  T: 0.280
Gamma shape alpha: 0.554
Parameters optimization took 1 rounds (0.006 sec)
BEST SCORE FOUND : -14022.973

Testing tree branches by SH-like aLRT with 1000 replicates...
0.123 sec.
Total tree length: 1.794

Total number of iterations: 102
CPU time used for tree search: 6.784 sec (0h:0m:6s)
Wall-clock time used for tree search: 4.909 sec (0h:0m:4s)
Total CPU time used: 7.366 sec (0h:0m:7s)
Total wall-clock time used: 5.107 sec (0h:0m:5s)

Analysis results written to: 
  IQ-TREE report:                cluster1167rr.1to1ortho.fa.aln-cln_gene268.fa.iqtree
  Maximum-likelihood tree:       cluster1167rr.1to1ortho.fa.aln-cln_gene268.fa.treefile
  Likelihood distances:          cluster1167rr.1to1ortho.fa.aln-cln_gene268.fa.mldist
  Screen log file:               cluster1167rr.1to1ortho.fa.aln-cln_gene268.fa.log

Date and Time: Mon Nov 25 09:38:22 2019
