IQ-TREE multicore version 1.6.11 for Mac OS X 64-bit built Jul 12 2019
Developed by Bui Quang Minh, Nguyen Lam Tung, Olga Chernomor,
Heiko Schmidt, Dominik Schrempf, Michael Woodhams.

Host:    slpc437 (AVX2, FMA3, 16 GB RAM)
Command: iqtree -s cluster2488rr.1to1ortho.fa.aln-cln_gene5.fa -nt 4 -m GTR+G -alrt 1000
Seed:    978500 (Using SPRNG - Scalable Parallel Random Number Generator)
Time:    Mon Nov 25 10:05:13 2019
Kernel:  AVX+FMA - 4 threads (6 CPU cores detected)

Reading alignment file cluster2488rr.1to1ortho.fa.aln-cln_gene5.fa ... Fasta format detected
Alignment most likely contains DNA/RNA sequences
Alignment has 13 sequences with 1216 columns, 670 distinct patterns
507 parsimony-informative, 196 singleton sites, 513 constant sites
           Gap/Ambiguity  Composition  p-value
   1  DrolusSFB    0.00%    passed     93.82%
   2  Dino        30.76%    passed     74.98%
   3  MJM3360      2.96%    passed     98.60%
   4  DrobinSFB    1.81%    passed     89.79%
   5  Neam         0.00%    passed     98.80%
   6  RuprSFB      5.84%    passed     95.46%
   7  Retr         2.80%    passed     86.56%
   8  Beta         3.21%    passed     85.22%
   9  Spol         3.21%    passed     69.27%
  10  MJM1652      1.81%    passed     96.24%
  11  NepSFB       0.00%    passed     99.74%
  12  WPYJ        31.17%    passed     73.16%
  13  MJM2940      0.25%    passed     92.32%
****  TOTAL        6.45%  0 sequences failed composition chi2 test (p-value<5%; df=3)

Create initial parsimony tree by phylogenetic likelihood library (PLL)... 0.001 seconds

NOTE: 1 MB RAM (0 GB) is required!
Estimate model parameters (epsilon = 0.100)
1. Initial log-likelihood: -8951.490
2. Current log-likelihood: -8632.791
3. Current log-likelihood: -8630.093
Optimal log-likelihood: -8630.066
Rate parameters:  A-C: 1.78201  A-G: 4.93113  A-T: 1.68381  C-G: 1.54866  C-T: 5.65364  G-T: 1.00000
Base frequencies:  A: 0.280  C: 0.200  G: 0.240  T: 0.280
Gamma shape alpha: 0.656
Parameters optimization took 3 rounds (0.040 sec)
Computing ML distances based on estimated model parameters... 0.001 sec
Computing BIONJ tree...
0.002 seconds
Log-likelihood of BIONJ tree: -8626.993
--------------------------------------------------------------------
|             INITIALIZING CANDIDATE TREE SET                      |
--------------------------------------------------------------------
Generating 98 parsimony trees... 0.085 second
Computing log-likelihood of 98 initial trees ... 0.438 seconds
Current best score: -8626.993

Do NNI search on 20 best initial trees
Estimate model parameters (epsilon = 0.100)
BETTER TREE FOUND at iteration 1: -8626.980
Iteration 10 / LogL: -8626.997 / Time: 0h:0m:0s
Iteration 20 / LogL: -8626.989 / Time: 0h:0m:1s
Finish initializing candidate tree set (1)
Current best tree score: -8626.980 / CPU time: 1.186
Number of iterations: 20
--------------------------------------------------------------------
|               OPTIMIZING CANDIDATE TREE SET                      |
--------------------------------------------------------------------
Iteration 30 / LogL: -8627.012 / Time: 0h:0m:1s (0h:0m:4s left)
Iteration 40 / LogL: -8626.997 / Time: 0h:0m:2s (0h:0m:3s left)
UPDATE BEST LOG-LIKELIHOOD: -8626.980
Iteration 50 / LogL: -8627.182 / Time: 0h:0m:2s (0h:0m:2s left)
Iteration 60 / LogL: -8627.125 / Time: 0h:0m:2s (0h:0m:2s left)
Iteration 70 / LogL: -8626.984 / Time: 0h:0m:3s (0h:0m:1s left)
Iteration 80 / LogL: -8626.984 / Time: 0h:0m:3s (0h:0m:1s left)
Iteration 90 / LogL: -8627.000 / Time: 0h:0m:4s (0h:0m:0s left)
Iteration 100 / LogL: -8627.059 / Time: 0h:0m:4s (0h:0m:0s left)
TREE SEARCH COMPLETED AFTER 102 ITERATIONS / Time: 0h:0m:4s

--------------------------------------------------------------------
|                    FINALIZING TREE SEARCH                        |
--------------------------------------------------------------------
Performs final model parameters optimization
Estimate model parameters (epsilon = 0.010)
1. Initial log-likelihood: -8626.980
Optimal log-likelihood: -8626.979
Rate parameters:  A-C: 1.77475  A-G: 4.92644  A-T: 1.67438  C-G: 1.53372  C-T: 5.67995  G-T: 1.00000
Base frequencies:  A: 0.280  C: 0.200  G: 0.240  T: 0.280
Gamma shape alpha: 0.658
Parameters optimization took 1 rounds (0.005 sec)
BEST SCORE FOUND : -8626.979

Testing tree branches by SH-like aLRT with 1000 replicates...
0.078 sec.
Total tree length: 1.899

Total number of iterations: 102
CPU time used for tree search: 5.537 sec (0h:0m:5s)
Wall-clock time used for tree search: 4.687 sec (0h:0m:4s)
Total CPU time used: 5.901 sec (0h:0m:5s)
Total wall-clock time used: 4.829 sec (0h:0m:4s)

Analysis results written to: 
  IQ-TREE report:                cluster2488rr.1to1ortho.fa.aln-cln_gene5.fa.iqtree
  Maximum-likelihood tree:       cluster2488rr.1to1ortho.fa.aln-cln_gene5.fa.treefile
  Likelihood distances:          cluster2488rr.1to1ortho.fa.aln-cln_gene5.fa.mldist
  Screen log file:               cluster2488rr.1to1ortho.fa.aln-cln_gene5.fa.log

Date and Time: Mon Nov 25 10:05:18 2019
