IQ-TREE multicore version 1.6.11 for Mac OS X 64-bit built Jul 12 2019
Developed by Bui Quang Minh, Nguyen Lam Tung, Olga Chernomor,
Heiko Schmidt, Dominik Schrempf, Michael Woodhams.

Host:    slpc437 (AVX2, FMA3, 16 GB RAM)
Command: iqtree -s cluster4562rr.1to1ortho.fa.aln-cln_gene120.fa -nt 4 -m GTR+G -alrt 1000
Seed:    360214 (Using SPRNG - Scalable Parallel Random Number Generator)
Time:    Mon Nov 25 10:55:15 2019
Kernel:  AVX+FMA - 4 threads (6 CPU cores detected)

Reading alignment file cluster4562rr.1to1ortho.fa.aln-cln_gene120.fa ... Fasta format detected
Alignment most likely contains DNA/RNA sequences
Alignment has 13 sequences with 3381 columns, 1661 distinct patterns
1324 parsimony-informative, 668 singleton sites, 1389 constant sites
           Gap/Ambiguity  Composition  p-value
   1  DrolusSFB   21.47%    passed     30.07%
   2  Dino        16.06%    passed     81.94%
   3  MJM3360     24.13%    failed      1.62%
   4  DrobinSFB   15.79%    passed     26.35%
   5  Neam         2.10%    passed     64.32%
   6  RuprSFB     23.22%    passed     20.07%
   7  Retr        44.48%    passed     46.76%
   8  Beta         4.64%    passed     19.65%
   9  Spol        10.97%    passed     20.60%
  10  MJM1652      3.14%    passed     17.57%
  11  NepSFB       2.01%    passed     52.03%
  12  WPYJ        23.43%    passed     64.85%
  13  MJM2940     21.30%    passed     55.91%
****  TOTAL       16.37%  1 sequences failed composition chi2 test (p-value<5%; df=3)

Create initial parsimony tree by phylogenetic likelihood library (PLL)... 0.002 seconds

NOTE: 2 MB RAM (0 GB) is required!
Estimate model parameters (epsilon = 0.100)
1. Initial log-likelihood: -22771.786
2. Current log-likelihood: -22036.382
3. Current log-likelihood: -22033.044
Optimal log-likelihood: -22033.017
Rate parameters:  A-C: 1.29462  A-G: 3.57427  A-T: 1.45268  C-G: 1.28517  C-T: 4.02914  G-T: 1.00000
Base frequencies:  A: 0.264  C: 0.198  G: 0.269  T: 0.269
Gamma shape alpha: 0.750
Parameters optimization took 3 rounds (0.058 sec)
Computing ML distances based on estimated model parameters... 0.002 sec
Computing BIONJ tree...
0.002 seconds
Log-likelihood of BIONJ tree: -22033.017
--------------------------------------------------------------------
|             INITIALIZING CANDIDATE TREE SET                      |
--------------------------------------------------------------------
Generating 99 parsimony trees... 0.148 second
Computing log-likelihood of 97 initial trees ... 0.557 seconds
Current best score: -22033.017

Do NNI search on 20 best initial trees
Estimate model parameters (epsilon = 0.100)
BETTER TREE FOUND at iteration 1: -22033.016
Iteration 10 / LogL: -22033.249 / Time: 0h:0m:1s
Iteration 20 / LogL: -22033.316 / Time: 0h:0m:1s
Finish initializing candidate tree set (1)
Current best tree score: -22033.016 / CPU time: 1.420
Number of iterations: 20
--------------------------------------------------------------------
|               OPTIMIZING CANDIDATE TREE SET                      |
--------------------------------------------------------------------
Iteration 30 / LogL: -22033.282 / Time: 0h:0m:1s (0h:0m:4s left)
Iteration 40 / LogL: -22033.129 / Time: 0h:0m:2s (0h:0m:3s left)
Iteration 50 / LogL: -22033.045 / Time: 0h:0m:2s (0h:0m:3s left)
Iteration 60 / LogL: -22035.013 / Time: 0h:0m:3s (0h:0m:2s left)
Iteration 70 / LogL: -22034.273 / Time: 0h:0m:3s (0h:0m:1s left)
Iteration 80 / LogL: -22033.070 / Time: 0h:0m:4s (0h:0m:1s left)
Iteration 90 / LogL: -22033.237 / Time: 0h:0m:4s (0h:0m:0s left)
Iteration 100 / LogL: -22033.086 / Time: 0h:0m:5s (0h:0m:0s left)
TREE SEARCH COMPLETED AFTER 102 ITERATIONS / Time: 0h:0m:5s

--------------------------------------------------------------------
|                    FINALIZING TREE SEARCH                        |
--------------------------------------------------------------------
Performs final model parameters optimization
Estimate model parameters (epsilon = 0.010)
1. Initial log-likelihood: -22033.016
Optimal log-likelihood: -22033.016
Rate parameters:  A-C: 1.29534  A-G: 3.57653  A-T: 1.45361  C-G: 1.28586  C-T: 4.03041  G-T: 1.00000
Base frequencies:  A: 0.264  C: 0.198  G: 0.269  T: 0.269
Gamma shape alpha: 0.749
Parameters optimization took 1 rounds (0.008 sec)
BEST SCORE FOUND : -22033.016

Testing tree branches by SH-like aLRT with 1000 replicates...
0.179 sec.
Total tree length: 2.005

Total number of iterations: 102
CPU time used for tree search: 9.032 sec (0h:0m:9s)
Wall-clock time used for tree search: 5.346 sec (0h:0m:5s)
Total CPU time used: 9.902 sec (0h:0m:9s)
Total wall-clock time used: 5.616 sec (0h:0m:5s)

Analysis results written to: 
  IQ-TREE report:                cluster4562rr.1to1ortho.fa.aln-cln_gene120.fa.iqtree
  Maximum-likelihood tree:       cluster4562rr.1to1ortho.fa.aln-cln_gene120.fa.treefile
  Likelihood distances:          cluster4562rr.1to1ortho.fa.aln-cln_gene120.fa.mldist
  Screen log file:               cluster4562rr.1to1ortho.fa.aln-cln_gene120.fa.log

Date and Time: Mon Nov 25 10:55:20 2019
