IQ-TREE multicore version 1.6.11 for Mac OS X 64-bit built Jul 12 2019
Developed by Bui Quang Minh, Nguyen Lam Tung, Olga Chernomor,
Heiko Schmidt, Dominik Schrempf, Michael Woodhams.

Host:    slpc437 (AVX2, FMA3, 16 GB RAM)
Command: iqtree -s cluster2090rr.1to1ortho.fa.aln-cln_gene1070.fa -nt 4 -m GTR+G -alrt 1000
Seed:    172456 (Using SPRNG - Scalable Parallel Random Number Generator)
Time:    Mon Nov 25 09:56:42 2019
Kernel:  AVX+FMA - 4 threads (6 CPU cores detected)

Reading alignment file cluster2090rr.1to1ortho.fa.aln-cln_gene1070.fa ... Fasta format detected
Alignment most likely contains DNA/RNA sequences
Alignment has 13 sequences with 1473 columns, 588 distinct patterns
469 parsimony-informative, 203 singleton sites, 801 constant sites
           Gap/Ambiguity  Composition  p-value
   1  DrolusSFB    0.00%    passed     77.69%
   2  Dino        12.02%    passed     89.64%
   3  MJM3360     12.22%    passed     99.73%
   4  DrobinSFB   11.95%    passed     86.44%
   5  Neam         0.00%    passed     46.29%
   6  RuprSFB     12.90%    passed     94.03%
   7  Retr        11.74%    passed     64.36%
   8  Beta        12.29%    passed     26.17%
   9  Spol        12.22%    passed     10.95%
  10  MJM1652     12.02%    passed     96.74%
  11  NepSFB       0.00%    passed     35.11%
  12  WPYJ        12.22%    passed     78.11%
  13  MJM2940      0.00%    passed     98.54%
****  TOTAL        8.43%  0 sequences failed composition chi2 test (p-value<5%; df=3)

Create initial parsimony tree by phylogenetic likelihood library (PLL)... 0.001 seconds

NOTE: 0 MB RAM (0 GB) is required!
Estimate model parameters (epsilon = 0.100)
1. Initial log-likelihood: -9406.170
2. Current log-likelihood: -9044.658
3. Current log-likelihood: -9003.342
4. Current log-likelihood: -9003.171
Optimal log-likelihood: -9003.170
Rate parameters:  A-C: 2.59719  A-G: 4.90074  A-T: 1.76505  C-G: 1.61840  C-T: 7.01286  G-T: 1.00000
Base frequencies:  A: 0.249  C: 0.198  G: 0.262  T: 0.292
Gamma shape alpha: 0.370
Parameters optimization took 4 rounds (0.043 sec)
Computing ML distances based on estimated model parameters... 0.001 sec
Computing BIONJ tree...
0.002 seconds
Log-likelihood of BIONJ tree: -9002.122
--------------------------------------------------------------------
|             INITIALIZING CANDIDATE TREE SET                      |
--------------------------------------------------------------------
Generating 98 parsimony trees... 0.091 second
Computing log-likelihood of 98 initial trees ... 0.427 seconds
Current best score: -9002.122

Do NNI search on 20 best initial trees
Estimate model parameters (epsilon = 0.100)
BETTER TREE FOUND at iteration 1: -9000.558
Iteration 10 / LogL: -9004.075 / Time: 0h:0m:0s
Estimate model parameters (epsilon = 0.100)
BETTER TREE FOUND at iteration 20: -8999.352
Iteration 20 / LogL: -8999.352 / Time: 0h:0m:1s
Finish initializing candidate tree set (5)
Current best tree score: -8999.352 / CPU time: 1.226
Number of iterations: 20
--------------------------------------------------------------------
|               OPTIMIZING CANDIDATE TREE SET                      |
--------------------------------------------------------------------
Iteration 30 / LogL: -9004.094 / Time: 0h:0m:1s (0h:0m:5s left)
Iteration 40 / LogL: -8999.440 / Time: 0h:0m:2s (0h:0m:4s left)
Iteration 50 / LogL: -9000.627 / Time: 0h:0m:2s (0h:0m:3s left)
Iteration 60 / LogL: -9002.063 / Time: 0h:0m:3s (0h:0m:3s left)
Iteration 70 / LogL: -9002.065 / Time: 0h:0m:3s (0h:0m:2s left)
Iteration 80 / LogL: -8999.352 / Time: 0h:0m:3s (0h:0m:1s left)
Iteration 90 / LogL: -9000.580 / Time: 0h:0m:4s (0h:0m:1s left)
Iteration 100 / LogL: -9000.585 / Time: 0h:0m:4s (0h:0m:0s left)
Iteration 110 / LogL: -9000.584 / Time: 0h:0m:5s (0h:0m:0s left)
Iteration 120 / LogL: -9002.101 / Time: 0h:0m:5s (0h:0m:0s left)
TREE SEARCH COMPLETED AFTER 121 ITERATIONS / Time: 0h:0m:5s

--------------------------------------------------------------------
|                    FINALIZING TREE SEARCH                        |
--------------------------------------------------------------------
Performs final model parameters optimization
Estimate model parameters (epsilon = 0.010)
1. Initial log-likelihood: -8999.352
Optimal log-likelihood: -8999.350
Rate parameters:  A-C: 2.62012  A-G: 4.83584  A-T: 1.72211  C-G: 1.57933  C-T: 7.05947  G-T: 1.00000
Base frequencies:  A: 0.249  C: 0.198  G: 0.262  T: 0.292
Gamma shape alpha: 0.366
Parameters optimization took 1 rounds (0.004 sec)
BEST SCORE FOUND : -8999.350

Testing tree branches by SH-like aLRT with 1000 replicates...
0.087 sec.
Total tree length: 1.721

Total number of iterations: 121
CPU time used for tree search: 6.362 sec (0h:0m:6s)
Wall-clock time used for tree search: 5.640 sec (0h:0m:5s)
Total CPU time used: 6.764 sec (0h:0m:6s)
Total wall-clock time used: 5.794 sec (0h:0m:5s)

Analysis results written to: 
  IQ-TREE report:                cluster2090rr.1to1ortho.fa.aln-cln_gene1070.fa.iqtree
  Maximum-likelihood tree:       cluster2090rr.1to1ortho.fa.aln-cln_gene1070.fa.treefile
  Likelihood distances:          cluster2090rr.1to1ortho.fa.aln-cln_gene1070.fa.mldist
  Screen log file:               cluster2090rr.1to1ortho.fa.aln-cln_gene1070.fa.log

Date and Time: Mon Nov 25 09:56:47 2019
