IQ-TREE multicore version 1.6.11 for Mac OS X 64-bit built Jul 12 2019
Developed by Bui Quang Minh, Nguyen Lam Tung, Olga Chernomor,
Heiko Schmidt, Dominik Schrempf, Michael Woodhams.

Host:    slpc437 (AVX2, FMA3, 16 GB RAM)
Command: iqtree -s cluster4218rr.1to1ortho.fa.aln-cln_gene936.fa -nt 4 -m GTR+G -alrt 1000
Seed:    413464 (Using SPRNG - Scalable Parallel Random Number Generator)
Time:    Mon Nov 25 10:46:27 2019
Kernel:  AVX+FMA - 4 threads (6 CPU cores detected)

Reading alignment file cluster4218rr.1to1ortho.fa.aln-cln_gene936.fa ... Fasta format detected
Alignment most likely contains DNA/RNA sequences
Alignment has 13 sequences with 1106 columns, 468 distinct patterns
340 parsimony-informative, 120 singleton sites, 646 constant sites
           Gap/Ambiguity  Composition  p-value
   1  DrolusSFB    0.72%    passed     31.97%
   2  Dino         0.81%    passed     56.88%
   3  MJM3360      2.35%    passed     75.27%
   4  DrobinSFB   28.57%    failed      3.54%
   5  Neam         1.81%    passed     73.16%
   6  RuprSFB     12.30%    passed     69.49%
   7  Retr         4.34%    passed     76.11%
   8  Beta         7.50%    passed     38.08%
   9  Spol         7.69%    passed     70.43%
  10  MJM1652      0.72%    passed     60.83%
  11  NepSFB       1.81%    passed     88.56%
  12  WPYJ         4.88%    passed     21.72%
  13  MJM2940      0.72%    passed     87.30%
****  TOTAL        5.71%  1 sequences failed composition chi2 test (p-value<5%; df=3)

Create initial parsimony tree by phylogenetic likelihood library (PLL)... 0.001 seconds

NOTE: 0 MB RAM (0 GB) is required!
Estimate model parameters (epsilon = 0.100)
1. Initial log-likelihood: -6814.698
2. Current log-likelihood: -6523.778
3. Current log-likelihood: -6519.565
Optimal log-likelihood: -6519.520
Rate parameters:  A-C: 1.07393  A-G: 3.17016  A-T: 1.15492  C-G: 0.82108  C-T: 3.43750  G-T: 1.00000
Base frequencies:  A: 0.264  C: 0.230  G: 0.243  T: 0.262
Gamma shape alpha: 0.285
Parameters optimization took 3 rounds (0.033 sec)
Computing ML distances based on estimated model parameters... 0.001 sec
Computing BIONJ tree...
0.002 seconds
Log-likelihood of BIONJ tree: -6519.520
--------------------------------------------------------------------
|             INITIALIZING CANDIDATE TREE SET                      |
--------------------------------------------------------------------
Generating 99 parsimony trees... 0.073 second
Computing log-likelihood of 98 initial trees ... 0.409 seconds
Current best score: -6519.520

Do NNI search on 20 best initial trees
Estimate model parameters (epsilon = 0.100)
BETTER TREE FOUND at iteration 1: -6517.939
Iteration 10 / LogL: -6517.950 / Time: 0h:0m:0s
Iteration 20 / LogL: -6517.941 / Time: 0h:0m:1s
Finish initializing candidate tree set (1)
Current best tree score: -6517.939 / CPU time: 1.068
Number of iterations: 20
--------------------------------------------------------------------
|               OPTIMIZING CANDIDATE TREE SET                      |
--------------------------------------------------------------------
Iteration 30 / LogL: -6517.945 / Time: 0h:0m:1s (0h:0m:3s left)
Iteration 40 / LogL: -6518.615 / Time: 0h:0m:1s (0h:0m:2s left)
Iteration 50 / LogL: -6518.288 / Time: 0h:0m:2s (0h:0m:2s left)
Iteration 60 / LogL: -6518.361 / Time: 0h:0m:2s (0h:0m:1s left)
Iteration 70 / LogL: -6518.018 / Time: 0h:0m:3s (0h:0m:1s left)
Iteration 80 / LogL: -6517.979 / Time: 0h:0m:3s (0h:0m:0s left)
Iteration 90 / LogL: -6517.978 / Time: 0h:0m:3s (0h:0m:0s left)
Iteration 100 / LogL: -6517.968 / Time: 0h:0m:4s (0h:0m:0s left)
TREE SEARCH COMPLETED AFTER 102 ITERATIONS / Time: 0h:0m:4s

--------------------------------------------------------------------
|                    FINALIZING TREE SEARCH                        |
--------------------------------------------------------------------
Performs final model parameters optimization
Estimate model parameters (epsilon = 0.010)
1. Initial log-likelihood: -6517.939
Optimal log-likelihood: -6517.938
Rate parameters:  A-C: 1.07453  A-G: 3.16985  A-T: 1.15090  C-G: 0.81770  C-T: 3.43130  G-T: 1.00000
Base frequencies:  A: 0.264  C: 0.230  G: 0.243  T: 0.262
Gamma shape alpha: 0.286
Parameters optimization took 1 rounds (0.004 sec)
BEST SCORE FOUND : -6517.938

Testing tree branches by SH-like aLRT with 1000 replicates...
0.068 sec.
Total tree length: 1.483

Total number of iterations: 102
CPU time used for tree search: 4.448 sec (0h:0m:4s)
Wall-clock time used for tree search: 4.342 sec (0h:0m:4s)
Total CPU time used: 4.755 sec (0h:0m:4s)
Total wall-clock time used: 4.468 sec (0h:0m:4s)

Analysis results written to: 
  IQ-TREE report:                cluster4218rr.1to1ortho.fa.aln-cln_gene936.fa.iqtree
  Maximum-likelihood tree:       cluster4218rr.1to1ortho.fa.aln-cln_gene936.fa.treefile
  Likelihood distances:          cluster4218rr.1to1ortho.fa.aln-cln_gene936.fa.mldist
  Screen log file:               cluster4218rr.1to1ortho.fa.aln-cln_gene936.fa.log

Date and Time: Mon Nov 25 10:46:31 2019
