IQ-TREE multicore version 1.6.11 for Mac OS X 64-bit built Jul 12 2019
Developed by Bui Quang Minh, Nguyen Lam Tung, Olga Chernomor,
Heiko Schmidt, Dominik Schrempf, Michael Woodhams.

Host:    slpc437 (AVX2, FMA3, 16 GB RAM)
Command: iqtree -s cluster5576rr.1to1ortho.fa.aln-cln_gene401.fa -nt 4 -m GTR+G -alrt 1000
Seed:    385013 (Using SPRNG - Scalable Parallel Random Number Generator)
Time:    Mon Nov 25 11:10:04 2019
Kernel:  AVX+FMA - 4 threads (6 CPU cores detected)

Reading alignment file cluster5576rr.1to1ortho.fa.aln-cln_gene401.fa ... Fasta format detected
Alignment most likely contains DNA/RNA sequences
Alignment has 13 sequences with 741 columns, 289 distinct patterns
234 parsimony-informative, 67 singleton sites, 440 constant sites
           Gap/Ambiguity  Composition  p-value
   1  DrolusSFB    0.27%    passed     98.40%
   2  Dino         0.27%    passed     58.40%
   3  MJM3360      1.75%    passed     80.78%
   4  DrobinSFB    0.27%    passed     69.15%
   5  Neam         0.00%    passed     95.15%
   6  RuprSFB      1.21%    passed     91.19%
   7  Retr         0.40%    passed     99.73%
   8  Beta         0.27%    passed     89.13%
   9  Spol         0.00%    passed     84.07%
  10  MJM1652      0.27%    passed     96.27%
  11  NepSFB       0.00%    passed     93.75%
  12  WPYJ         1.62%    passed     99.25%
  13  MJM2940      0.00%    passed     80.38%
****  TOTAL        0.49%  0 sequences failed composition chi2 test (p-value<5%; df=3)

Create initial parsimony tree by phylogenetic likelihood library (PLL)... 0.000 seconds

NOTE: 0 MB RAM (0 GB) is required!
WARNING: Number of threads seems too high for short alignments. Use -nt AUTO to determine best number of threads.
Estimate model parameters (epsilon = 0.100)
1. Initial log-likelihood: -4511.922
2. Current log-likelihood: -4278.133
3. Current log-likelihood: -4271.933
Optimal log-likelihood: -4271.848
Rate parameters:  A-C: 1.12154  A-G: 3.38065  A-T: 0.95745  C-G: 0.83949  C-T: 5.02320  G-T: 1.00000
Base frequencies:  A: 0.265  C: 0.213  G: 0.240  T: 0.282
Gamma shape alpha: 0.288
Parameters optimization took 3 rounds (0.027 sec)
Computing ML distances based on estimated model parameters... 0.001 sec
Computing BIONJ tree...
0.002 seconds
Log-likelihood of BIONJ tree: -4267.254
--------------------------------------------------------------------
|             INITIALIZING CANDIDATE TREE SET                      |
--------------------------------------------------------------------
Generating 98 parsimony trees... 0.066 second
Computing log-likelihood of 96 initial trees ... 0.384 seconds
Current best score: -4267.254

Do NNI search on 20 best initial trees
Estimate model parameters (epsilon = 0.100)
BETTER TREE FOUND at iteration 1: -4265.632
Estimate model parameters (epsilon = 0.100)
BETTER TREE FOUND at iteration 2: -4265.274
Iteration 10 / LogL: -4265.284 / Time: 0h:0m:0s
Iteration 20 / LogL: -4265.325 / Time: 0h:0m:1s
Finish initializing candidate tree set (2)
Current best tree score: -4265.274 / CPU time: 1.041
Number of iterations: 20
--------------------------------------------------------------------
|               OPTIMIZING CANDIDATE TREE SET                      |
--------------------------------------------------------------------
Iteration 30 / LogL: -4265.664 / Time: 0h:0m:1s (0h:0m:3s left)
Iteration 40 / LogL: -4265.304 / Time: 0h:0m:1s (0h:0m:2s left)
Iteration 50 / LogL: -4266.112 / Time: 0h:0m:2s (0h:0m:2s left)
Iteration 60 / LogL: -4265.688 / Time: 0h:0m:2s (0h:0m:1s left)
Iteration 70 / LogL: -4265.668 / Time: 0h:0m:2s (0h:0m:1s left)
Iteration 80 / LogL: -4265.283 / Time: 0h:0m:3s (0h:0m:0s left)
UPDATE BEST LOG-LIKELIHOOD: -4265.274
Iteration 90 / LogL: -4265.274 / Time: 0h:0m:3s (0h:0m:0s left)
Iteration 100 / LogL: -4265.285 / Time: 0h:0m:3s (0h:0m:0s left)
TREE SEARCH COMPLETED AFTER 103 ITERATIONS / Time: 0h:0m:3s

--------------------------------------------------------------------
|                    FINALIZING TREE SEARCH                        |
--------------------------------------------------------------------
Performs final model parameters optimization
Estimate model parameters (epsilon = 0.010)
1. Initial log-likelihood: -4265.274
Optimal log-likelihood: -4265.274
Rate parameters:  A-C: 1.11108  A-G: 3.50473  A-T: 0.97579  C-G: 0.86880  C-T: 5.15424  G-T: 1.00000
Base frequencies:  A: 0.265  C: 0.213  G: 0.240  T: 0.282
Gamma shape alpha: 0.289
Parameters optimization took 1 rounds (0.004 sec)
BEST SCORE FOUND : -4265.274

Testing tree branches by SH-like aLRT with 1000 replicates...
0.052 sec.
Total tree length: 1.333

Total number of iterations: 103
CPU time used for tree search: 3.383 sec (0h:0m:3s)
Wall-clock time used for tree search: 3.783 sec (0h:0m:3s)
Total CPU time used: 3.598 sec (0h:0m:3s)
Total wall-clock time used: 3.884 sec (0h:0m:3s)

Analysis results written to: 
  IQ-TREE report:                cluster5576rr.1to1ortho.fa.aln-cln_gene401.fa.iqtree
  Maximum-likelihood tree:       cluster5576rr.1to1ortho.fa.aln-cln_gene401.fa.treefile
  Likelihood distances:          cluster5576rr.1to1ortho.fa.aln-cln_gene401.fa.mldist
  Screen log file:               cluster5576rr.1to1ortho.fa.aln-cln_gene401.fa.log

Date and Time: Mon Nov 25 11:10:08 2019
