IQ-TREE multicore version 1.6.11 for Mac OS X 64-bit built Jul 12 2019
Developed by Bui Quang Minh, Nguyen Lam Tung, Olga Chernomor,
Heiko Schmidt, Dominik Schrempf, Michael Woodhams.

Host:    slpc437 (AVX2, FMA3, 16 GB RAM)
Command: iqtree -s cluster589rr.1to1ortho.fa.aln-cln_gene599.fa -nt 4 -m GTR+G -alrt 1000
Seed:    57963 (Using SPRNG - Scalable Parallel Random Number Generator)
Time:    Mon Nov 25 11:11:05 2019
Kernel:  AVX+FMA - 4 threads (6 CPU cores detected)

Reading alignment file cluster589rr.1to1ortho.fa.aln-cln_gene599.fa ... Fasta format detected
Alignment most likely contains DNA/RNA sequences
Alignment has 13 sequences with 2685 columns, 1139 distinct patterns
864 parsimony-informative, 463 singleton sites, 1358 constant sites
           Gap/Ambiguity  Composition  p-value
   1  DrolusSFB    0.00%    passed     65.81%
   2  Dino         0.34%    passed     71.89%
   3  MJM3360     39.11%    passed     82.79%
   4  DrobinSFB    1.15%    passed     93.67%
   5  Neam        43.91%    passed     96.26%
   6  RuprSFB      0.45%    passed     61.95%
   7  Retr        51.43%    passed     66.34%
   8  Beta         0.22%    passed     83.86%
   9  Spol         0.00%    passed     89.05%
  10  MJM1652      0.67%    passed     92.67%
  11  NepSFB       1.23%    passed     97.92%
  12  WPYJ        70.95%    passed     40.65%
  13  MJM2940      0.00%    passed     81.11%
WARNING: 2 sequences contain more than 50% gaps/ambiguity
****  TOTAL       16.11%  0 sequences failed composition chi2 test (p-value<5%; df=3)

Create initial parsimony tree by phylogenetic likelihood library (PLL)... 0.001 seconds

NOTE: 1 MB RAM (0 GB) is required!
Estimate model parameters (epsilon = 0.100)
1. Initial log-likelihood: -16324.994
2. Current log-likelihood: -15596.485
3. Current log-likelihood: -15591.423
Optimal log-likelihood: -15591.367
Rate parameters:  A-C: 1.56613  A-G: 4.97537  A-T: 1.55599  C-G: 1.15730  C-T: 5.48243  G-T: 1.00000
Base frequencies:  A: 0.262  C: 0.199  G: 0.240  T: 0.300
Gamma shape alpha: 0.515
Parameters optimization took 3 rounds (0.048 sec)
Computing ML distances based on estimated model parameters... 0.002 sec
WARNING: Some pairwise ML distances are too long (saturated)
Computing BIONJ tree...
0.002 seconds
Log-likelihood of BIONJ tree: -15618.517
--------------------------------------------------------------------
|             INITIALIZING CANDIDATE TREE SET                      |
--------------------------------------------------------------------
Generating 98 parsimony trees... 0.127 second
Computing log-likelihood of 97 initial trees ... 0.516 seconds
Current best score: -15591.367

Do NNI search on 20 best initial trees
Estimate model parameters (epsilon = 0.100)
BETTER TREE FOUND at iteration 1: -15591.365
Iteration 10 / LogL: -15591.368 / Time: 0h:0m:1s
Iteration 20 / LogL: -15591.418 / Time: 0h:0m:1s
Finish initializing candidate tree set (1)
Current best tree score: -15591.365 / CPU time: 1.378
Number of iterations: 20
--------------------------------------------------------------------
|               OPTIMIZING CANDIDATE TREE SET                      |
--------------------------------------------------------------------
Iteration 30 / LogL: -15591.470 / Time: 0h:0m:1s (0h:0m:4s left)
Iteration 40 / LogL: -15593.120 / Time: 0h:0m:2s (0h:0m:3s left)
Iteration 50 / LogL: -15593.300 / Time: 0h:0m:3s (0h:0m:3s left)
Iteration 60 / LogL: -15591.368 / Time: 0h:0m:3s (0h:0m:2s left)
Iteration 70 / LogL: -15592.535 / Time: 0h:0m:3s (0h:0m:1s left)
Iteration 80 / LogL: -15591.417 / Time: 0h:0m:4s (0h:0m:1s left)
Iteration 90 / LogL: -15591.630 / Time: 0h:0m:4s (0h:0m:0s left)
Iteration 100 / LogL: -15591.605 / Time: 0h:0m:5s (0h:0m:0s left)
TREE SEARCH COMPLETED AFTER 102 ITERATIONS / Time: 0h:0m:5s

--------------------------------------------------------------------
|                    FINALIZING TREE SEARCH                        |
--------------------------------------------------------------------
Performs final model parameters optimization
Estimate model parameters (epsilon = 0.010)
1. Initial log-likelihood: -15591.365
Optimal log-likelihood: -15591.365
Rate parameters:  A-C: 1.56654  A-G: 4.97702  A-T: 1.55790  C-G: 1.15700  C-T: 5.48853  G-T: 1.00000
Base frequencies:  A: 0.262  C: 0.199  G: 0.240  T: 0.300
Gamma shape alpha: 0.515
Parameters optimization took 1 rounds (0.006 sec)
BEST SCORE FOUND : -15591.365

Testing tree branches by SH-like aLRT with 1000 replicates...
0.143 sec.
Total tree length: 1.572

Total number of iterations: 102
CPU time used for tree search: 7.886 sec (0h:0m:7s)
Wall-clock time used for tree search: 5.499 sec (0h:0m:5s)
Total CPU time used: 8.573 sec (0h:0m:8s)
Total wall-clock time used: 5.726 sec (0h:0m:5s)

Analysis results written to: 
  IQ-TREE report:                cluster589rr.1to1ortho.fa.aln-cln_gene599.fa.iqtree
  Maximum-likelihood tree:       cluster589rr.1to1ortho.fa.aln-cln_gene599.fa.treefile
  Likelihood distances:          cluster589rr.1to1ortho.fa.aln-cln_gene599.fa.mldist
  Screen log file:               cluster589rr.1to1ortho.fa.aln-cln_gene599.fa.log

Date and Time: Mon Nov 25 11:11:10 2019
