IQ-TREE multicore version 1.6.11 for Mac OS X 64-bit built Jul 12 2019
Developed by Bui Quang Minh, Nguyen Lam Tung, Olga Chernomor,
Heiko Schmidt, Dominik Schrempf, Michael Woodhams.

Host:    slpc437 (AVX2, FMA3, 16 GB RAM)
Command: iqtree -s cluster4945rr.1to1ortho.fa.aln-cln_gene1109.fa -nt 4 -m GTR+G -alrt 1000
Seed:    847369 (Using SPRNG - Scalable Parallel Random Number Generator)
Time:    Mon Nov 25 11:02:07 2019
Kernel:  AVX+FMA - 4 threads (6 CPU cores detected)

Reading alignment file cluster4945rr.1to1ortho.fa.aln-cln_gene1109.fa ... Fasta format detected
Alignment most likely contains DNA/RNA sequences
Alignment has 13 sequences with 1583 columns, 825 distinct patterns
630 parsimony-informative, 222 singleton sites, 731 constant sites
           Gap/Ambiguity  Composition  p-value
   1  DrolusSFB    1.64%    passed     85.55%
   2  Dino         3.79%    passed      6.86%
   3  MJM3360     16.42%    passed     79.68%
   4  DrobinSFB    6.32%    passed     74.39%
   5  Neam         1.64%    passed     82.01%
   6  RuprSFB     14.40%    passed     11.37%
   7  Retr        10.49%    passed     17.94%
   8  Beta         1.39%    passed     12.06%
   9  Spol         1.77%    passed     44.25%
  10  MJM1652      4.42%    failed      0.11%
  11  NepSFB       1.64%    passed     78.35%
  12  WPYJ        14.59%    passed     10.78%
  13  MJM2940      1.52%    passed     62.58%
****  TOTAL        6.16%  1 sequences failed composition chi2 test (p-value<5%; df=3)

Create initial parsimony tree by phylogenetic likelihood library (PLL)... 0.001 seconds

NOTE: 1 MB RAM (0 GB) is required!
Estimate model parameters (epsilon = 0.100)
1. Initial log-likelihood: -11493.163
2. Current log-likelihood: -11131.701
3. Current log-likelihood: -11127.908
Optimal log-likelihood: -11127.802
Rate parameters:  A-C: 1.39333  A-G: 2.77352  A-T: 1.07180  C-G: 1.10374  C-T: 4.09578  G-T: 1.00000
Base frequencies:  A: 0.251  C: 0.224  G: 0.282  T: 0.244
Gamma shape alpha: 0.469
Parameters optimization took 3 rounds (0.041 sec)
Computing ML distances based on estimated model parameters... 0.002 sec
Computing BIONJ tree...
0.002 seconds
Log-likelihood of BIONJ tree: -11127.394
--------------------------------------------------------------------
|             INITIALIZING CANDIDATE TREE SET                      |
--------------------------------------------------------------------
Generating 98 parsimony trees... 0.104 second
Computing log-likelihood of 97 initial trees ... 0.459 seconds
Current best score: -11127.394

Do NNI search on 20 best initial trees
Estimate model parameters (epsilon = 0.100)
BETTER TREE FOUND at iteration 1: -11120.806
Iteration 10 / LogL: -11120.867 / Time: 0h:0m:0s
Iteration 20 / LogL: -11120.828 / Time: 0h:0m:1s
Finish initializing candidate tree set (1)
Current best tree score: -11120.806 / CPU time: 1.285
Number of iterations: 20
--------------------------------------------------------------------
|               OPTIMIZING CANDIDATE TREE SET                      |
--------------------------------------------------------------------
Iteration 30 / LogL: -11120.867 / Time: 0h:0m:1s (0h:0m:4s left)
Iteration 40 / LogL: -11120.871 / Time: 0h:0m:2s (0h:0m:3s left)
Iteration 50 / LogL: -11120.839 / Time: 0h:0m:2s (0h:0m:2s left)
UPDATE BEST LOG-LIKELIHOOD: -11120.806
Iteration 60 / LogL: -11120.806 / Time: 0h:0m:3s (0h:0m:2s left)
Iteration 70 / LogL: -11120.820 / Time: 0h:0m:3s (0h:0m:1s left)
Iteration 80 / LogL: -11120.828 / Time: 0h:0m:3s (0h:0m:1s left)
Iteration 90 / LogL: -11125.799 / Time: 0h:0m:4s (0h:0m:0s left)
Iteration 100 / LogL: -11120.809 / Time: 0h:0m:4s (0h:0m:0s left)
TREE SEARCH COMPLETED AFTER 102 ITERATIONS / Time: 0h:0m:4s

--------------------------------------------------------------------
|                    FINALIZING TREE SEARCH                        |
--------------------------------------------------------------------
Performs final model parameters optimization
Estimate model parameters (epsilon = 0.010)
1. Initial log-likelihood: -11120.806
Optimal log-likelihood: -11120.806
Rate parameters:  A-C: 1.39482  A-G: 2.79106  A-T: 1.06538  C-G: 1.04559  C-T: 4.10478  G-T: 1.00000
Base frequencies:  A: 0.251  C: 0.224  G: 0.282  T: 0.244
Gamma shape alpha: 0.467
Parameters optimization took 1 rounds (0.006 sec)
BEST SCORE FOUND : -11120.806

Testing tree branches by SH-like aLRT with 1000 replicates...
0.094 sec.
Total tree length: 2.077

Total number of iterations: 102
CPU time used for tree search: 6.302 sec (0h:0m:6s)
Wall-clock time used for tree search: 4.917 sec (0h:0m:4s)
Total CPU time used: 6.745 sec (0h:0m:6s)
Total wall-clock time used: 5.078 sec (0h:0m:5s)

Analysis results written to: 
  IQ-TREE report:                cluster4945rr.1to1ortho.fa.aln-cln_gene1109.fa.iqtree
  Maximum-likelihood tree:       cluster4945rr.1to1ortho.fa.aln-cln_gene1109.fa.treefile
  Likelihood distances:          cluster4945rr.1to1ortho.fa.aln-cln_gene1109.fa.mldist
  Screen log file:               cluster4945rr.1to1ortho.fa.aln-cln_gene1109.fa.log

Date and Time: Mon Nov 25 11:02:12 2019
