IQ-TREE multicore version 1.6.11 for Mac OS X 64-bit built Jul 12 2019
Developed by Bui Quang Minh, Nguyen Lam Tung, Olga Chernomor,
Heiko Schmidt, Dominik Schrempf, Michael Woodhams.

Host:    slpc437 (AVX2, FMA3, 16 GB RAM)
Command: iqtree -s cluster4048rr.1to1ortho.fa.aln-cln_gene1063.fa -nt 4 -m GTR+G -alrt 1000
Seed:    527578 (Using SPRNG - Scalable Parallel Random Number Generator)
Time:    Mon Nov 25 10:43:57 2019
Kernel:  AVX+FMA - 4 threads (6 CPU cores detected)

Reading alignment file cluster4048rr.1to1ortho.fa.aln-cln_gene1063.fa ... Fasta format detected
Alignment most likely contains DNA/RNA sequences
Alignment has 13 sequences with 2511 columns, 1207 distinct patterns
1008 parsimony-informative, 371 singleton sites, 1132 constant sites
           Gap/Ambiguity  Composition  p-value
   1  DrolusSFB    1.31%    passed     53.85%
   2  Dino         0.88%    passed     62.57%
   3  MJM3360      3.35%    passed     61.31%
   4  DrobinSFB    0.72%    passed     40.15%
   5  Neam         0.76%    passed     88.24%
   6  RuprSFB      2.99%    passed     92.68%
   7  Retr        24.13%    passed     19.68%
   8  Beta         1.91%    passed     10.18%
   9  Spol         1.31%    passed     26.70%
  10  MJM1652      0.72%    passed     94.91%
  11  NepSFB       0.76%    passed     97.27%
  12  WPYJ         3.39%    passed     99.94%
  13  MJM2940      0.72%    passed     98.69%
****  TOTAL        3.30%  0 sequences failed composition chi2 test (p-value<5%; df=3)

Create initial parsimony tree by phylogenetic likelihood library (PLL)... 0.002 seconds

NOTE: 2 MB RAM (0 GB) is required!
Estimate model parameters (epsilon = 0.100)
1. Initial log-likelihood: -18145.171
2. Current log-likelihood: -17513.441
3. Current log-likelihood: -17509.192
Optimal log-likelihood: -17509.135
Rate parameters:  A-C: 2.04251  A-G: 4.39290  A-T: 1.53750  C-G: 1.28459  C-T: 5.73482  G-T: 1.00000
Base frequencies:  A: 0.264  C: 0.199  G: 0.264  T: 0.273
Gamma shape alpha: 0.568
Parameters optimization took 3 rounds (0.050 sec)
Computing ML distances based on estimated model parameters... 0.002 sec
Computing BIONJ tree...
0.002 seconds
Log-likelihood of BIONJ tree: -17508.716
--------------------------------------------------------------------
|             INITIALIZING CANDIDATE TREE SET                      |
--------------------------------------------------------------------
Generating 98 parsimony trees... 0.133 second
Computing log-likelihood of 98 initial trees ... 0.499 seconds
Current best score: -17508.716

Do NNI search on 20 best initial trees
Estimate model parameters (epsilon = 0.100)
BETTER TREE FOUND at iteration 1: -17508.704
Iteration 10 / LogL: -17508.721 / Time: 0h:0m:1s
Iteration 20 / LogL: -17508.718 / Time: 0h:0m:1s
Finish initializing candidate tree set (2)
Current best tree score: -17508.704 / CPU time: 1.475
Number of iterations: 20
--------------------------------------------------------------------
|               OPTIMIZING CANDIDATE TREE SET                      |
--------------------------------------------------------------------
Iteration 30 / LogL: -17508.941 / Time: 0h:0m:2s (0h:0m:5s left)
Iteration 40 / LogL: -17508.873 / Time: 0h:0m:2s (0h:0m:3s left)
Iteration 50 / LogL: -17508.827 / Time: 0h:0m:3s (0h:0m:3s left)
Iteration 60 / LogL: -17508.741 / Time: 0h:0m:3s (0h:0m:2s left)
Iteration 70 / LogL: -17508.729 / Time: 0h:0m:4s (0h:0m:1s left)
Iteration 80 / LogL: -17508.710 / Time: 0h:0m:4s (0h:0m:1s left)
Iteration 90 / LogL: -17508.706 / Time: 0h:0m:5s (0h:0m:0s left)
Iteration 100 / LogL: -17508.712 / Time: 0h:0m:5s (0h:0m:0s left)
TREE SEARCH COMPLETED AFTER 102 ITERATIONS / Time: 0h:0m:5s

--------------------------------------------------------------------
|                    FINALIZING TREE SEARCH                        |
--------------------------------------------------------------------
Performs final model parameters optimization
Estimate model parameters (epsilon = 0.010)
1. Initial log-likelihood: -17508.704
Optimal log-likelihood: -17508.702
Rate parameters:  A-C: 2.02861  A-G: 4.38704  A-T: 1.53811  C-G: 1.28072  C-T: 5.74753  G-T: 1.00000
Base frequencies:  A: 0.264  C: 0.199  G: 0.264  T: 0.273
Gamma shape alpha: 0.571
Parameters optimization took 1 rounds (0.007 sec)
BEST SCORE FOUND : -17508.702

Testing tree branches by SH-like aLRT with 1000 replicates...
0.139 sec.
Total tree length: 1.771

Total number of iterations: 102
CPU time used for tree search: 8.042 sec (0h:0m:8s)
Wall-clock time used for tree search: 5.429 sec (0h:0m:5s)
Total CPU time used: 8.702 sec (0h:0m:8s)
Total wall-clock time used: 5.647 sec (0h:0m:5s)

Analysis results written to: 
  IQ-TREE report:                cluster4048rr.1to1ortho.fa.aln-cln_gene1063.fa.iqtree
  Maximum-likelihood tree:       cluster4048rr.1to1ortho.fa.aln-cln_gene1063.fa.treefile
  Likelihood distances:          cluster4048rr.1to1ortho.fa.aln-cln_gene1063.fa.mldist
  Screen log file:               cluster4048rr.1to1ortho.fa.aln-cln_gene1063.fa.log

Date and Time: Mon Nov 25 10:44:03 2019
