IQ-TREE multicore version 1.6.11 for Mac OS X 64-bit built Jul 12 2019
Developed by Bui Quang Minh, Nguyen Lam Tung, Olga Chernomor,
Heiko Schmidt, Dominik Schrempf, Michael Woodhams.

Host:    slpc437 (AVX2, FMA3, 16 GB RAM)
Command: iqtree -s cluster3351rr.1to1ortho.fa.aln-cln_gene273.fa -nt 4 -m GTR+G -alrt 1000
Seed:    75591 (Using SPRNG - Scalable Parallel Random Number Generator)
Time:    Mon Nov 25 10:28:05 2019
Kernel:  AVX+FMA - 4 threads (6 CPU cores detected)

Reading alignment file cluster3351rr.1to1ortho.fa.aln-cln_gene273.fa ... Fasta format detected
Alignment most likely contains DNA/RNA sequences
Alignment has 13 sequences with 2869 columns, 1178 distinct patterns
939 parsimony-informative, 470 singleton sites, 1459 constant sites
           Gap/Ambiguity  Composition  p-value
   1  DrolusSFB    7.11%    passed     71.44%
   2  Dino         7.91%    passed     93.00%
   3  MJM3360     15.79%    passed     83.60%
   4  DrobinSFB   11.61%    passed     73.71%
   5  Neam         0.10%    passed     92.69%
   6  RuprSFB     11.08%    passed     90.20%
   7  Retr         5.05%    passed     25.61%
   8  Beta         8.43%    passed     47.15%
   9  Spol        10.94%    passed     51.19%
  10  MJM1652      9.38%    passed     73.44%
  11  NepSFB       0.10%    passed     95.37%
  12  WPYJ         5.65%    passed     44.04%
  13  MJM2940      5.89%    passed     64.74%
****  TOTAL        7.62%  0 sequences failed composition chi2 test (p-value<5%; df=3)

Create initial parsimony tree by phylogenetic likelihood library (PLL)... 0.001 seconds

NOTE: 1 MB RAM (0 GB) is required!
Estimate model parameters (epsilon = 0.100)
1. Initial log-likelihood: -18091.395
2. Current log-likelihood: -17355.779
3. Current log-likelihood: -17350.401
Optimal log-likelihood: -17350.337
Rate parameters:  A-C: 1.67879  A-G: 4.76227  A-T: 1.49695  C-G: 1.12871  C-T: 5.48455  G-T: 1.00000
Base frequencies:  A: 0.278  C: 0.206  G: 0.237  T: 0.279
Gamma shape alpha: 0.479
Parameters optimization took 3 rounds (0.049 sec)
Computing ML distances based on estimated model parameters... 0.002 sec
Computing BIONJ tree...
0.002 seconds
Log-likelihood of BIONJ tree: -17351.896
--------------------------------------------------------------------
|             INITIALIZING CANDIDATE TREE SET                      |
--------------------------------------------------------------------
Generating 98 parsimony trees... 0.131 second
Computing log-likelihood of 98 initial trees ... 0.493 seconds
Current best score: -17350.337

Do NNI search on 20 best initial trees
Estimate model parameters (epsilon = 0.100)
BETTER TREE FOUND at iteration 1: -17350.336
Iteration 10 / LogL: -17350.343 / Time: 0h:0m:1s
Iteration 20 / LogL: -17350.385 / Time: 0h:0m:1s
Finish initializing candidate tree set (1)
Current best tree score: -17350.336 / CPU time: 1.268
Number of iterations: 20
--------------------------------------------------------------------
|               OPTIMIZING CANDIDATE TREE SET                      |
--------------------------------------------------------------------
Iteration 30 / LogL: -17350.339 / Time: 0h:0m:1s (0h:0m:4s left)
Iteration 40 / LogL: -17350.341 / Time: 0h:0m:2s (0h:0m:3s left)
UPDATE BEST LOG-LIKELIHOOD: -17350.336
Iteration 50 / LogL: -17350.403 / Time: 0h:0m:2s (0h:0m:2s left)
Iteration 60 / LogL: -17350.742 / Time: 0h:0m:3s (0h:0m:2s left)
Iteration 70 / LogL: -17350.346 / Time: 0h:0m:3s (0h:0m:1s left)
Iteration 80 / LogL: -17350.502 / Time: 0h:0m:4s (0h:0m:1s left)
Iteration 90 / LogL: -17350.353 / Time: 0h:0m:4s (0h:0m:0s left)
Iteration 100 / LogL: -17350.346 / Time: 0h:0m:5s (0h:0m:0s left)
TREE SEARCH COMPLETED AFTER 102 ITERATIONS / Time: 0h:0m:5s

--------------------------------------------------------------------
|                    FINALIZING TREE SEARCH                        |
--------------------------------------------------------------------
Performs final model parameters optimization
Estimate model parameters (epsilon = 0.010)
1. Initial log-likelihood: -17350.336
Optimal log-likelihood: -17350.336
Rate parameters:  A-C: 1.67754  A-G: 4.76441  A-T: 1.49730  C-G: 1.12834  C-T: 5.48534  G-T: 1.00000
Base frequencies:  A: 0.278  C: 0.206  G: 0.237  T: 0.279
Gamma shape alpha: 0.480
Parameters optimization took 1 rounds (0.006 sec)
BEST SCORE FOUND : -17350.336

Testing tree branches by SH-like aLRT with 1000 replicates...
0.151 sec.
Total tree length: 1.561

Total number of iterations: 102
CPU time used for tree search: 7.372 sec (0h:0m:7s)
Wall-clock time used for tree search: 5.014 sec (0h:0m:5s)
Total CPU time used: 8.087 sec (0h:0m:8s)
Total wall-clock time used: 5.244 sec (0h:0m:5s)

Analysis results written to: 
  IQ-TREE report:                cluster3351rr.1to1ortho.fa.aln-cln_gene273.fa.iqtree
  Maximum-likelihood tree:       cluster3351rr.1to1ortho.fa.aln-cln_gene273.fa.treefile
  Likelihood distances:          cluster3351rr.1to1ortho.fa.aln-cln_gene273.fa.mldist
  Screen log file:               cluster3351rr.1to1ortho.fa.aln-cln_gene273.fa.log

Date and Time: Mon Nov 25 10:28:10 2019
