IQ-TREE multicore version 1.6.11 for Mac OS X 64-bit built Jul 12 2019
Developed by Bui Quang Minh, Nguyen Lam Tung, Olga Chernomor,
Heiko Schmidt, Dominik Schrempf, Michael Woodhams.

Host:    slpc437 (AVX2, FMA3, 16 GB RAM)
Command: iqtree -s cluster1444rr.1to1ortho.fa.aln-cln_gene183.fa -nt 4 -m GTR+G -alrt 1000
Seed:    913743 (Using SPRNG - Scalable Parallel Random Number Generator)
Time:    Mon Nov 25 09:42:29 2019
Kernel:  AVX+FMA - 4 threads (6 CPU cores detected)

Reading alignment file cluster1444rr.1to1ortho.fa.aln-cln_gene183.fa ... Fasta format detected
Alignment most likely contains DNA/RNA sequences
Alignment has 13 sequences with 1740 columns, 868 distinct patterns
594 parsimony-informative, 309 singleton sites, 837 constant sites
           Gap/Ambiguity  Composition  p-value
   1  DrolusSFB    0.34%    passed     95.88%
   2  Dino         9.02%    passed     99.41%
   3  MJM3360     11.72%    passed     78.32%
   4  DrobinSFB   19.20%    passed     60.00%
   5  Neam         0.86%    passed     96.66%
   6  RuprSFB      9.60%    passed     95.65%
   7  Retr        70.52%    passed     41.30%
   8  Beta         3.33%    passed     84.29%
   9  Spol         3.33%    passed     98.11%
  10  MJM1652      8.97%    passed     99.74%
  11  NepSFB       0.86%    passed     87.12%
  12  WPYJ        54.54%    passed     63.57%
  13  MJM2940      0.34%    passed     64.70%
WARNING: 2 sequences contain more than 50% gaps/ambiguity
****  TOTAL       14.82%  0 sequences failed composition chi2 test (p-value<5%; df=3)

Create initial parsimony tree by phylogenetic likelihood library (PLL)... 0.001 seconds

NOTE: 1 MB RAM (0 GB) is required!
Estimate model parameters (epsilon = 0.100)
1. Initial log-likelihood: -10986.784
2. Current log-likelihood: -10579.481
3. Current log-likelihood: -10575.846
Optimal log-likelihood: -10575.799
Rate parameters:  A-C: 1.72834  A-G: 4.25864  A-T: 1.33094  C-G: 1.51931  C-T: 5.26828  G-T: 1.00000
Base frequencies:  A: 0.277  C: 0.186  G: 0.257  T: 0.280
Gamma shape alpha: 0.547
Parameters optimization took 3 rounds (0.054 sec)
Computing ML distances based on estimated model parameters... 0.002 sec
Computing BIONJ tree...
0.002 seconds
Log-likelihood of BIONJ tree: -10575.921
--------------------------------------------------------------------
|             INITIALIZING CANDIDATE TREE SET                      |
--------------------------------------------------------------------
Generating 98 parsimony trees... 0.106 second
Computing log-likelihood of 97 initial trees ... 0.474 seconds
Current best score: -10575.799

Do NNI search on 20 best initial trees
Estimate model parameters (epsilon = 0.100)
BETTER TREE FOUND at iteration 1: -10575.798
Iteration 10 / LogL: -10575.889 / Time: 0h:0m:0s
Iteration 20 / LogL: -10575.799 / Time: 0h:0m:1s
Finish initializing candidate tree set (2)
Current best tree score: -10575.798 / CPU time: 1.258
Number of iterations: 20
--------------------------------------------------------------------
|               OPTIMIZING CANDIDATE TREE SET                      |
--------------------------------------------------------------------
Iteration 30 / LogL: -10575.949 / Time: 0h:0m:1s (0h:0m:4s left)
Iteration 40 / LogL: -10575.799 / Time: 0h:0m:2s (0h:0m:3s left)
Iteration 50 / LogL: -10577.068 / Time: 0h:0m:2s (0h:0m:2s left)
Iteration 60 / LogL: -10575.884 / Time: 0h:0m:3s (0h:0m:2s left)
Iteration 70 / LogL: -10575.804 / Time: 0h:0m:3s (0h:0m:1s left)
Iteration 80 / LogL: -10575.837 / Time: 0h:0m:4s (0h:0m:1s left)
Iteration 90 / LogL: -10576.020 / Time: 0h:0m:4s (0h:0m:0s left)
Iteration 100 / LogL: -10575.813 / Time: 0h:0m:5s (0h:0m:0s left)
TREE SEARCH COMPLETED AFTER 102 ITERATIONS / Time: 0h:0m:5s

--------------------------------------------------------------------
|                    FINALIZING TREE SEARCH                        |
--------------------------------------------------------------------
Performs final model parameters optimization
Estimate model parameters (epsilon = 0.010)
1. Initial log-likelihood: -10575.798
Optimal log-likelihood: -10575.798
Rate parameters:  A-C: 1.72900  A-G: 4.26171  A-T: 1.33225  C-G: 1.51872  C-T: 5.27251  G-T: 1.00000
Base frequencies:  A: 0.277  C: 0.186  G: 0.257  T: 0.280
Gamma shape alpha: 0.547
Parameters optimization took 1 rounds (0.006 sec)
BEST SCORE FOUND : -10575.798

Testing tree branches by SH-like aLRT with 1000 replicates...
0.101 sec.
Total tree length: 1.732

Total number of iterations: 102
CPU time used for tree search: 6.571 sec (0h:0m:6s)
Wall-clock time used for tree search: 5.076 sec (0h:0m:5s)
Total CPU time used: 7.078 sec (0h:0m:7s)
Total wall-clock time used: 5.256 sec (0h:0m:5s)

Analysis results written to: 
  IQ-TREE report:                cluster1444rr.1to1ortho.fa.aln-cln_gene183.fa.iqtree
  Maximum-likelihood tree:       cluster1444rr.1to1ortho.fa.aln-cln_gene183.fa.treefile
  Likelihood distances:          cluster1444rr.1to1ortho.fa.aln-cln_gene183.fa.mldist
  Screen log file:               cluster1444rr.1to1ortho.fa.aln-cln_gene183.fa.log

Date and Time: Mon Nov 25 09:42:35 2019
