IQ-TREE multicore version 1.6.11 for Mac OS X 64-bit built Jul 12 2019
Developed by Bui Quang Minh, Nguyen Lam Tung, Olga Chernomor,
Heiko Schmidt, Dominik Schrempf, Michael Woodhams.

Host:    slpc437 (AVX2, FMA3, 16 GB RAM)
Command: iqtree -s cluster4275rr.1to1ortho.fa.aln-cln_gene868.fa -nt 4 -m GTR+G -alrt 1000
Seed:    872361 (Using SPRNG - Scalable Parallel Random Number Generator)
Time:    Mon Nov 25 10:47:45 2019
Kernel:  AVX+FMA - 4 threads (6 CPU cores detected)

Reading alignment file cluster4275rr.1to1ortho.fa.aln-cln_gene868.fa ... Fasta format detected
Alignment most likely contains DNA/RNA sequences
Alignment has 13 sequences with 2190 columns, 1024 distinct patterns
761 parsimony-informative, 303 singleton sites, 1126 constant sites
           Gap/Ambiguity  Composition  p-value
   1  DrolusSFB    0.05%    passed     61.31%
   2  Dino         0.27%    passed     88.22%
   3  MJM3360      7.81%    passed     71.28%
   4  DrobinSFB    0.32%    passed     15.12%
   5  Neam         0.23%    passed     91.82%
   6  RuprSFB     30.55%    passed     37.62%
   7  Retr        30.55%    passed     45.18%
   8  Beta         4.79%    passed     87.51%
   9  Spol         4.38%    passed     92.21%
  10  MJM1652      0.41%    passed     96.88%
  11  NepSFB       2.28%    passed     88.49%
  12  WPYJ        50.05%    passed     75.12%
  13  MJM2940      0.23%    passed     99.15%
WARNING: 1 sequences contain more than 50% gaps/ambiguity
****  TOTAL       10.15%  0 sequences failed composition chi2 test (p-value<5%; df=3)

Create initial parsimony tree by phylogenetic likelihood library (PLL)... 0.001 seconds

NOTE: 1 MB RAM (0 GB) is required!
Estimate model parameters (epsilon = 0.100)
1. Initial log-likelihood: -13796.615
2. Current log-likelihood: -13200.296
3. Current log-likelihood: -13196.132
4. Current log-likelihood: -13195.996
Optimal log-likelihood: -13195.993
Rate parameters:  A-C: 1.79798  A-G: 4.32090  A-T: 1.51947  C-G: 1.37811  C-T: 7.09659  G-T: 1.00000
Base frequencies:  A: 0.290  C: 0.184  G: 0.250  T: 0.276
Gamma shape alpha: 0.462
Parameters optimization took 4 rounds (0.049 sec)
Computing ML distances based on estimated model parameters... 0.002 sec
Computing BIONJ tree...
0.002 seconds
Log-likelihood of BIONJ tree: -13209.429
--------------------------------------------------------------------
|             INITIALIZING CANDIDATE TREE SET                      |
--------------------------------------------------------------------
Generating 98 parsimony trees... 0.107 second
Computing log-likelihood of 97 initial trees ... 0.477 seconds
Current best score: -13195.993

Do NNI search on 20 best initial trees
Estimate model parameters (epsilon = 0.100)
BETTER TREE FOUND at iteration 1: -13195.992
Iteration 10 / LogL: -13196.159 / Time: 0h:0m:0s
Iteration 20 / LogL: -13195.997 / Time: 0h:0m:1s
Finish initializing candidate tree set (1)
Current best tree score: -13195.992 / CPU time: 1.218
Number of iterations: 20
--------------------------------------------------------------------
|               OPTIMIZING CANDIDATE TREE SET                      |
--------------------------------------------------------------------
Iteration 30 / LogL: -13196.023 / Time: 0h:0m:1s (0h:0m:4s left)
Iteration 40 / LogL: -13196.161 / Time: 0h:0m:2s (0h:0m:3s left)
Iteration 50 / LogL: -13196.831 / Time: 0h:0m:2s (0h:0m:2s left)
Iteration 60 / LogL: -13196.105 / Time: 0h:0m:3s (0h:0m:2s left)
Iteration 70 / LogL: -13196.094 / Time: 0h:0m:3s (0h:0m:1s left)
Iteration 80 / LogL: -13196.057 / Time: 0h:0m:4s (0h:0m:1s left)
Iteration 90 / LogL: -13196.027 / Time: 0h:0m:4s (0h:0m:0s left)
Iteration 100 / LogL: -13195.996 / Time: 0h:0m:4s (0h:0m:0s left)
TREE SEARCH COMPLETED AFTER 102 ITERATIONS / Time: 0h:0m:4s

--------------------------------------------------------------------
|                    FINALIZING TREE SEARCH                        |
--------------------------------------------------------------------
Performs final model parameters optimization
Estimate model parameters (epsilon = 0.010)
1. Initial log-likelihood: -13195.992
Optimal log-likelihood: -13195.992
Rate parameters:  A-C: 1.79830  A-G: 4.31619  A-T: 1.51722  C-G: 1.37984  C-T: 7.10185  G-T: 1.00000
Base frequencies:  A: 0.290  C: 0.184  G: 0.250  T: 0.276
Gamma shape alpha: 0.462
Parameters optimization took 1 rounds (0.006 sec)
BEST SCORE FOUND : -13195.992

Testing tree branches by SH-like aLRT with 1000 replicates...
0.120 sec.
Total tree length: 1.603

Total number of iterations: 102
CPU time used for tree search: 6.745 sec (0h:0m:6s)
Wall-clock time used for tree search: 4.872 sec (0h:0m:4s)
Total CPU time used: 7.326 sec (0h:0m:7s)
Total wall-clock time used: 5.067 sec (0h:0m:5s)

Analysis results written to: 
  IQ-TREE report:                cluster4275rr.1to1ortho.fa.aln-cln_gene868.fa.iqtree
  Maximum-likelihood tree:       cluster4275rr.1to1ortho.fa.aln-cln_gene868.fa.treefile
  Likelihood distances:          cluster4275rr.1to1ortho.fa.aln-cln_gene868.fa.mldist
  Screen log file:               cluster4275rr.1to1ortho.fa.aln-cln_gene868.fa.log

Date and Time: Mon Nov 25 10:47:50 2019
