IQ-TREE multicore version 1.6.11 for Mac OS X 64-bit built Jul 12 2019
Developed by Bui Quang Minh, Nguyen Lam Tung, Olga Chernomor,
Heiko Schmidt, Dominik Schrempf, Michael Woodhams.

Host:    slpc437 (AVX2, FMA3, 16 GB RAM)
Command: iqtree -s cluster4971rr.1to1ortho.fa.aln-cln_gene979.fa -nt 4 -m GTR+G -alrt 1000
Seed:    832515 (Using SPRNG - Scalable Parallel Random Number Generator)
Time:    Mon Nov 25 11:02:42 2019
Kernel:  AVX+FMA - 4 threads (6 CPU cores detected)

Reading alignment file cluster4971rr.1to1ortho.fa.aln-cln_gene979.fa ... Fasta format detected
Alignment most likely contains DNA/RNA sequences
Alignment has 13 sequences with 928 columns, 460 distinct patterns
346 parsimony-informative, 129 singleton sites, 453 constant sites
           Gap/Ambiguity  Composition  p-value
   1  DrolusSFB    3.56%    passed     94.24%
   2  Dino         1.40%    passed     68.36%
   3  MJM3360     10.99%    passed     72.90%
   4  DrobinSFB    3.77%    passed     47.99%
   5  Neam         1.29%    passed     69.51%
   6  RuprSFB      5.06%    passed     99.82%
   7  Retr         1.08%    passed     83.90%
   8  Beta         1.94%    passed     61.02%
   9  Spol         2.26%    passed     50.64%
  10  MJM1652      1.72%    passed     87.90%
  11  NepSFB       1.29%    passed     60.30%
  12  WPYJ         1.94%    passed     99.19%
  13  MJM2940      3.34%    passed     87.88%
****  TOTAL        3.05%  0 sequences failed composition chi2 test (p-value<5%; df=3)

Create initial parsimony tree by phylogenetic likelihood library (PLL)... 0.001 seconds

NOTE: 0 MB RAM (0 GB) is required!
Estimate model parameters (epsilon = 0.100)
1. Initial log-likelihood: -6551.355
2. Current log-likelihood: -6282.418
3. Current log-likelihood: -6279.239
Optimal log-likelihood: -6279.132
Rate parameters:  A-C: 1.47585  A-G: 3.61228  A-T: 1.05469  C-G: 0.86687  C-T: 5.03085  G-T: 1.00000
Base frequencies:  A: 0.310  C: 0.193  G: 0.255  T: 0.242
Gamma shape alpha: 0.446
Parameters optimization took 3 rounds (0.031 sec)
Computing ML distances based on estimated model parameters... 0.001 sec
Computing BIONJ tree...
0.002 seconds
Log-likelihood of BIONJ tree: -6276.900
--------------------------------------------------------------------
|             INITIALIZING CANDIDATE TREE SET                      |
--------------------------------------------------------------------
Generating 98 parsimony trees... 0.074 second
Computing log-likelihood of 97 initial trees ... 0.405 seconds
Current best score: -6276.900

Do NNI search on 20 best initial trees
Estimate model parameters (epsilon = 0.100)
BETTER TREE FOUND at iteration 1: -6276.895
Iteration 10 / LogL: -6277.158 / Time: 0h:0m:0s
Iteration 20 / LogL: -6276.918 / Time: 0h:0m:1s
Finish initializing candidate tree set (1)
Current best tree score: -6276.895 / CPU time: 0.999
Number of iterations: 20
--------------------------------------------------------------------
|               OPTIMIZING CANDIDATE TREE SET                      |
--------------------------------------------------------------------
Iteration 30 / LogL: -6276.898 / Time: 0h:0m:1s (0h:0m:3s left)
Iteration 40 / LogL: -6278.025 / Time: 0h:0m:1s (0h:0m:2s left)
Iteration 50 / LogL: -6276.927 / Time: 0h:0m:2s (0h:0m:2s left)
Iteration 60 / LogL: -6276.904 / Time: 0h:0m:2s (0h:0m:1s left)
Iteration 70 / LogL: -6277.388 / Time: 0h:0m:2s (0h:0m:1s left)
Iteration 80 / LogL: -6276.903 / Time: 0h:0m:3s (0h:0m:0s left)
Iteration 90 / LogL: -6276.920 / Time: 0h:0m:3s (0h:0m:0s left)
Iteration 100 / LogL: -6292.069 / Time: 0h:0m:3s (0h:0m:0s left)
TREE SEARCH COMPLETED AFTER 102 ITERATIONS / Time: 0h:0m:3s

--------------------------------------------------------------------
|                    FINALIZING TREE SEARCH                        |
--------------------------------------------------------------------
Performs final model parameters optimization
Estimate model parameters (epsilon = 0.010)
1. Initial log-likelihood: -6276.895
2. Current log-likelihood: -6276.884
Optimal log-likelihood: -6276.882
Rate parameters:  A-C: 1.51793  A-G: 3.71559  A-T: 1.07774  C-G: 0.89323  C-T: 5.18526  G-T: 1.00000
Base frequencies:  A: 0.310  C: 0.193  G: 0.255  T: 0.242
Gamma shape alpha: 0.447
Parameters optimization took 2 rounds (0.011 sec)
BEST SCORE FOUND : -6276.882

Testing tree branches by SH-like aLRT with 1000 replicates...
0.063 sec.
Total tree length: 1.775

Total number of iterations: 102
CPU time used for tree search: 3.955 sec (0h:0m:3s)
Wall-clock time used for tree search: 3.880 sec (0h:0m:3s)
Total CPU time used: 4.240 sec (0h:0m:4s)
Total wall-clock time used: 4.004 sec (0h:0m:4s)

Analysis results written to: 
  IQ-TREE report:                cluster4971rr.1to1ortho.fa.aln-cln_gene979.fa.iqtree
  Maximum-likelihood tree:       cluster4971rr.1to1ortho.fa.aln-cln_gene979.fa.treefile
  Likelihood distances:          cluster4971rr.1to1ortho.fa.aln-cln_gene979.fa.mldist
  Screen log file:               cluster4971rr.1to1ortho.fa.aln-cln_gene979.fa.log

Date and Time: Mon Nov 25 11:02:46 2019
