IQ-TREE multicore version 1.6.11 for Mac OS X 64-bit built Jul 12 2019
Developed by Bui Quang Minh, Nguyen Lam Tung, Olga Chernomor,
Heiko Schmidt, Dominik Schrempf, Michael Woodhams.

Host:    slpc437 (AVX2, FMA3, 16 GB RAM)
Command: iqtree -s cluster1738rr.1to1ortho.fa.aln-cln_gene454.fa -nt 4 -m GTR+G -alrt 1000
Seed:    525058 (Using SPRNG - Scalable Parallel Random Number Generator)
Time:    Mon Nov 25 09:48:22 2019
Kernel:  AVX+FMA - 4 threads (6 CPU cores detected)

Reading alignment file cluster1738rr.1to1ortho.fa.aln-cln_gene454.fa ... Fasta format detected
Alignment most likely contains DNA/RNA sequences
Alignment has 13 sequences with 3295 columns, 1583 distinct patterns
1234 parsimony-informative, 590 singleton sites, 1471 constant sites
           Gap/Ambiguity  Composition  p-value
   1  DrolusSFB    1.64%    passed     63.46%
   2  Dino         1.06%    passed     97.01%
   3  MJM3360     11.90%    passed     60.36%
   4  DrobinSFB    7.89%    passed     67.12%
   5  Neam         1.34%    passed     59.03%
   6  RuprSFB     10.62%    passed     75.71%
   7  Retr        51.32%    passed     40.67%
   8  Beta         2.61%    passed     39.40%
   9  Spol         2.55%    passed     97.95%
  10  MJM1652      7.83%    passed     51.82%
  11  NepSFB       1.34%    passed     65.33%
  12  WPYJ         8.10%    passed     35.32%
  13  MJM2940      1.21%    passed     90.80%
WARNING: 1 sequences contain more than 50% gaps/ambiguity
****  TOTAL        8.42%  0 sequences failed composition chi2 test (p-value<5%; df=3)

Create initial parsimony tree by phylogenetic likelihood library (PLL)... 0.002 seconds

NOTE: 2 MB RAM (0 GB) is required!
Estimate model parameters (epsilon = 0.100)
1. Initial log-likelihood: -22210.221
2. Current log-likelihood: -21493.620
3. Current log-likelihood: -21489.180
Optimal log-likelihood: -21489.149
Rate parameters:  A-C: 1.07319  A-G: 3.23156  A-T: 1.08853  C-G: 1.12468  C-T: 4.15430  G-T: 1.00000
Base frequencies:  A: 0.296  C: 0.188  G: 0.246  T: 0.270
Gamma shape alpha: 0.646
Parameters optimization took 3 rounds (0.060 sec)
Computing ML distances based on estimated model parameters... 0.002 sec
Computing BIONJ tree...
0.002 seconds
Log-likelihood of BIONJ tree: -21489.148
--------------------------------------------------------------------
|             INITIALIZING CANDIDATE TREE SET                      |
--------------------------------------------------------------------
Generating 99 parsimony trees... 0.158 second
Computing log-likelihood of 98 initial trees ... 0.545 seconds
Current best score: -21489.148

Do NNI search on 20 best initial trees
Estimate model parameters (epsilon = 0.100)
BETTER TREE FOUND at iteration 1: -21489.148
Iteration 10 / LogL: -21491.455 / Time: 0h:0m:1s
Iteration 20 / LogL: -21489.400 / Time: 0h:0m:1s
Finish initializing candidate tree set (1)
Current best tree score: -21489.148 / CPU time: 1.377
Number of iterations: 20
--------------------------------------------------------------------
|               OPTIMIZING CANDIDATE TREE SET                      |
--------------------------------------------------------------------
Iteration 30 / LogL: -21489.181 / Time: 0h:0m:1s (0h:0m:4s left)
Iteration 40 / LogL: -21489.219 / Time: 0h:0m:2s (0h:0m:3s left)
Iteration 50 / LogL: -21489.162 / Time: 0h:0m:2s (0h:0m:2s left)
Iteration 60 / LogL: -21489.222 / Time: 0h:0m:3s (0h:0m:2s left)
Iteration 70 / LogL: -21518.133 / Time: 0h:0m:3s (0h:0m:1s left)
Iteration 80 / LogL: -21489.292 / Time: 0h:0m:4s (0h:0m:1s left)
Iteration 90 / LogL: -21491.688 / Time: 0h:0m:4s (0h:0m:0s left)
Iteration 100 / LogL: -21489.196 / Time: 0h:0m:5s (0h:0m:0s left)
TREE SEARCH COMPLETED AFTER 102 ITERATIONS / Time: 0h:0m:5s

--------------------------------------------------------------------
|                    FINALIZING TREE SEARCH                        |
--------------------------------------------------------------------
Performs final model parameters optimization
Estimate model parameters (epsilon = 0.010)
1. Initial log-likelihood: -21489.148
Optimal log-likelihood: -21489.148
Rate parameters:  A-C: 1.07328  A-G: 3.23432  A-T: 1.08919  C-G: 1.12454  C-T: 4.15356  G-T: 1.00000
Base frequencies:  A: 0.296  C: 0.188  G: 0.246  T: 0.270
Gamma shape alpha: 0.646
Parameters optimization took 1 rounds (0.007 sec)
BEST SCORE FOUND : -21489.148

Testing tree branches by SH-like aLRT with 1000 replicates...
0.175 sec.
Total tree length: 1.690

Total number of iterations: 102
CPU time used for tree search: 8.619 sec (0h:0m:8s)
Wall-clock time used for tree search: 5.219 sec (0h:0m:5s)
Total CPU time used: 9.474 sec (0h:0m:9s)
Total wall-clock time used: 5.485 sec (0h:0m:5s)

Analysis results written to: 
  IQ-TREE report:                cluster1738rr.1to1ortho.fa.aln-cln_gene454.fa.iqtree
  Maximum-likelihood tree:       cluster1738rr.1to1ortho.fa.aln-cln_gene454.fa.treefile
  Likelihood distances:          cluster1738rr.1to1ortho.fa.aln-cln_gene454.fa.mldist
  Screen log file:               cluster1738rr.1to1ortho.fa.aln-cln_gene454.fa.log

Date and Time: Mon Nov 25 09:48:28 2019
