IQ-TREE multicore version 1.6.11 for Mac OS X 64-bit built Jul 12 2019
Developed by Bui Quang Minh, Nguyen Lam Tung, Olga Chernomor,
Heiko Schmidt, Dominik Schrempf, Michael Woodhams.

Host:    slpc437 (AVX2, FMA3, 16 GB RAM)
Command: iqtree -s cluster3470rr.1to1ortho.fa.aln-cln_gene386.fa -nt 4 -m GTR+G -alrt 1000
Seed:    605975 (Using SPRNG - Scalable Parallel Random Number Generator)
Time:    Mon Nov 25 10:31:14 2019
Kernel:  AVX+FMA - 4 threads (6 CPU cores detected)

Reading alignment file cluster3470rr.1to1ortho.fa.aln-cln_gene386.fa ... Fasta format detected
Alignment most likely contains DNA/RNA sequences
Alignment has 13 sequences with 1413 columns, 650 distinct patterns
496 parsimony-informative, 213 singleton sites, 704 constant sites
           Gap/Ambiguity  Composition  p-value
   1  DrolusSFB    0.00%    passed     81.76%
   2  Dino         4.53%    passed     48.03%
   3  MJM3360      3.40%    passed     64.74%
   4  DrobinSFB    6.51%    passed     79.51%
   5  Neam         0.42%    passed     62.52%
   6  RuprSFB     10.76%    passed     97.23%
   7  Retr         7.86%    passed     97.83%
   8  Beta         0.50%    passed     54.41%
   9  Spol         0.71%    passed     51.43%
  10  MJM1652      5.80%    passed     88.77%
  11  NepSFB       0.42%    passed     65.32%
  12  WPYJ        34.89%    passed     82.81%
  13  MJM2940      0.00%    passed     88.75%
****  TOTAL        5.83%  0 sequences failed composition chi2 test (p-value<5%; df=3)

Create initial parsimony tree by phylogenetic likelihood library (PLL)... 0.001 seconds

NOTE: 1 MB RAM (0 GB) is required!
Estimate model parameters (epsilon = 0.100)
1. Initial log-likelihood: -9241.744
2. Current log-likelihood: -8867.613
3. Current log-likelihood: -8864.452
Optimal log-likelihood: -8864.400
Rate parameters:  A-C: 1.89829  A-G: 5.30568  A-T: 1.85179  C-G: 1.67666  C-T: 7.21157  G-T: 1.00000
Base frequencies:  A: 0.280  C: 0.190  G: 0.254  T: 0.275
Gamma shape alpha: 0.472
Parameters optimization took 3 rounds (0.043 sec)
Computing ML distances based on estimated model parameters... 0.001 sec
Computing BIONJ tree...
0.002 seconds
Log-likelihood of BIONJ tree: -8864.400
--------------------------------------------------------------------
|             INITIALIZING CANDIDATE TREE SET                      |
--------------------------------------------------------------------
Generating 99 parsimony trees... 0.090 second
Computing log-likelihood of 99 initial trees ... 0.434 seconds
Current best score: -8864.400

Do NNI search on 20 best initial trees
Estimate model parameters (epsilon = 0.100)
BETTER TREE FOUND at iteration 1: -8862.130
Iteration 10 / LogL: -8862.281 / Time: 0h:0m:0s
Iteration 20 / LogL: -8862.167 / Time: 0h:0m:1s
Finish initializing candidate tree set (1)
Current best tree score: -8862.130 / CPU time: 1.117
Number of iterations: 20
--------------------------------------------------------------------
|               OPTIMIZING CANDIDATE TREE SET                      |
--------------------------------------------------------------------
Iteration 30 / LogL: -8862.154 / Time: 0h:0m:1s (0h:0m:3s left)
Iteration 40 / LogL: -8862.198 / Time: 0h:0m:1s (0h:0m:2s left)
Iteration 50 / LogL: -8862.230 / Time: 0h:0m:2s (0h:0m:2s left)
Iteration 60 / LogL: -8862.160 / Time: 0h:0m:2s (0h:0m:1s left)
Iteration 70 / LogL: -8862.152 / Time: 0h:0m:3s (0h:0m:1s left)
Iteration 80 / LogL: -8862.139 / Time: 0h:0m:3s (0h:0m:0s left)
Iteration 90 / LogL: -8862.170 / Time: 0h:0m:3s (0h:0m:0s left)
Iteration 100 / LogL: -8862.156 / Time: 0h:0m:4s (0h:0m:0s left)
TREE SEARCH COMPLETED AFTER 102 ITERATIONS / Time: 0h:0m:4s

--------------------------------------------------------------------
|                    FINALIZING TREE SEARCH                        |
--------------------------------------------------------------------
Performs final model parameters optimization
Estimate model parameters (epsilon = 0.010)
1. Initial log-likelihood: -8862.130
Optimal log-likelihood: -8862.129
Rate parameters:  A-C: 1.88535  A-G: 5.28550  A-T: 1.83275  C-G: 1.67665  C-T: 7.24334  G-T: 1.00000
Base frequencies:  A: 0.280  C: 0.190  G: 0.254  T: 0.275
Gamma shape alpha: 0.470
Parameters optimization took 1 rounds (0.005 sec)
BEST SCORE FOUND : -8862.129

Testing tree branches by SH-like aLRT with 1000 replicates...
0.087 sec.
Total tree length: 1.609

Total number of iterations: 102
CPU time used for tree search: 5.091 sec (0h:0m:5s)
Wall-clock time used for tree search: 4.347 sec (0h:0m:4s)
Total CPU time used: 5.494 sec (0h:0m:5s)
Total wall-clock time used: 4.501 sec (0h:0m:4s)

Analysis results written to: 
  IQ-TREE report:                cluster3470rr.1to1ortho.fa.aln-cln_gene386.fa.iqtree
  Maximum-likelihood tree:       cluster3470rr.1to1ortho.fa.aln-cln_gene386.fa.treefile
  Likelihood distances:          cluster3470rr.1to1ortho.fa.aln-cln_gene386.fa.mldist
  Screen log file:               cluster3470rr.1to1ortho.fa.aln-cln_gene386.fa.log

Date and Time: Mon Nov 25 10:31:19 2019
