IQ-TREE multicore version 1.6.11 for Mac OS X 64-bit built Jul 12 2019
Developed by Bui Quang Minh, Nguyen Lam Tung, Olga Chernomor,
Heiko Schmidt, Dominik Schrempf, Michael Woodhams.

Host:    slpc437 (AVX2, FMA3, 16 GB RAM)
Command: iqtree -s cluster2816rr.1to1ortho.fa.aln-cln_gene659.fa -nt 4 -m GTR+G -alrt 1000
Seed:    684981 (Using SPRNG - Scalable Parallel Random Number Generator)
Time:    Mon Nov 25 10:14:07 2019
Kernel:  AVX+FMA - 4 threads (6 CPU cores detected)

Reading alignment file cluster2816rr.1to1ortho.fa.aln-cln_gene659.fa ... Fasta format detected
Alignment most likely contains DNA/RNA sequences
Alignment has 13 sequences with 1584 columns, 565 distinct patterns
480 parsimony-informative, 149 singleton sites, 955 constant sites
           Gap/Ambiguity  Composition  p-value
   1  DrolusSFB    0.00%    passed     81.25%
   2  Dino         0.00%    passed     50.31%
   3  MJM3360      0.00%    passed     60.64%
   4  DrobinSFB    0.00%    passed     86.11%
   5  Neam         0.00%    passed     77.36%
   6  RuprSFB      0.00%    passed     65.96%
   7  Retr         0.00%    passed     65.13%
   8  Beta         0.06%    passed     54.69%
   9  Spol         0.06%    passed     87.98%
  10  MJM1652      0.38%    passed     84.17%
  11  NepSFB       0.00%    passed     92.35%
  12  WPYJ         4.36%    passed     97.19%
  13  MJM2940      0.00%    passed     95.13%
****  TOTAL        0.37%  0 sequences failed composition chi2 test (p-value<5%; df=3)

Create initial parsimony tree by phylogenetic likelihood library (PLL)... 0.001 seconds

NOTE: 0 MB RAM (0 GB) is required!
Estimate model parameters (epsilon = 0.100)
1. Initial log-likelihood: -9518.546
2. Current log-likelihood: -9052.289
3. Current log-likelihood: -9046.335
Optimal log-likelihood: -9046.263
Rate parameters:  A-C: 1.30963  A-G: 2.90715  A-T: 1.23490  C-G: 0.53603  C-T: 5.27825  G-T: 1.00000
Base frequencies:  A: 0.297  C: 0.170  G: 0.275  T: 0.258
Gamma shape alpha: 0.273
Parameters optimization took 3 rounds (0.038 sec)
Computing ML distances based on estimated model parameters... 0.001 sec
Computing BIONJ tree...
0.002 seconds
Log-likelihood of BIONJ tree: -9041.942
--------------------------------------------------------------------
|             INITIALIZING CANDIDATE TREE SET                      |
--------------------------------------------------------------------
Generating 98 parsimony trees... 0.083 second
Computing log-likelihood of 97 initial trees ... 0.408 seconds
Current best score: -9041.942

Do NNI search on 20 best initial trees
Estimate model parameters (epsilon = 0.100)
BETTER TREE FOUND at iteration 1: -9041.251
Estimate model parameters (epsilon = 0.100)
BETTER TREE FOUND at iteration 5: -9039.605
Iteration 10 / LogL: -9041.436 / Time: 0h:0m:0s
Iteration 20 / LogL: -9041.920 / Time: 0h:0m:1s
Finish initializing candidate tree set (2)
Current best tree score: -9039.605 / CPU time: 1.067
Number of iterations: 20
--------------------------------------------------------------------
|               OPTIMIZING CANDIDATE TREE SET                      |
--------------------------------------------------------------------
Iteration 30 / LogL: -9041.371 / Time: 0h:0m:1s (0h:0m:3s left)
UPDATE BEST LOG-LIKELIHOOD: -9039.605
Iteration 40 / LogL: -9063.828 / Time: 0h:0m:1s (0h:0m:2s left)
Iteration 50 / LogL: -9063.896 / Time: 0h:0m:2s (0h:0m:2s left)
Iteration 60 / LogL: -9048.758 / Time: 0h:0m:2s (0h:0m:1s left)
Iteration 70 / LogL: -9039.606 / Time: 0h:0m:2s (0h:0m:1s left)
Iteration 80 / LogL: -9042.087 / Time: 0h:0m:3s (0h:0m:1s left)
Iteration 90 / LogL: -9039.614 / Time: 0h:0m:3s (0h:0m:0s left)
Iteration 100 / LogL: -9040.007 / Time: 0h:0m:3s (0h:0m:0s left)
TREE SEARCH COMPLETED AFTER 106 ITERATIONS / Time: 0h:0m:4s

--------------------------------------------------------------------
|                    FINALIZING TREE SEARCH                        |
--------------------------------------------------------------------
Performs final model parameters optimization
Estimate model parameters (epsilon = 0.010)
1. Initial log-likelihood: -9039.605
Optimal log-likelihood: -9039.604
Rate parameters:  A-C: 1.29252  A-G: 2.98383  A-T: 1.27592  C-G: 0.54549  C-T: 5.46847  G-T: 1.00000
Base frequencies:  A: 0.297  C: 0.170  G: 0.275  T: 0.258
Gamma shape alpha: 0.272
Parameters optimization took 1 rounds (0.005 sec)
BEST SCORE FOUND : -9039.604

Testing tree branches by SH-like aLRT with 1000 replicates...
0.092 sec.
Total tree length: 1.314

Total number of iterations: 106
CPU time used for tree search: 4.640 sec (0h:0m:4s)
Wall-clock time used for tree search: 4.165 sec (0h:0m:4s)
Total CPU time used: 5.048 sec (0h:0m:5s)
Total wall-clock time used: 4.318 sec (0h:0m:4s)

Analysis results written to: 
  IQ-TREE report:                cluster2816rr.1to1ortho.fa.aln-cln_gene659.fa.iqtree
  Maximum-likelihood tree:       cluster2816rr.1to1ortho.fa.aln-cln_gene659.fa.treefile
  Likelihood distances:          cluster2816rr.1to1ortho.fa.aln-cln_gene659.fa.mldist
  Screen log file:               cluster2816rr.1to1ortho.fa.aln-cln_gene659.fa.log

Date and Time: Mon Nov 25 10:14:12 2019
