IQ-TREE multicore version 1.6.11 for Mac OS X 64-bit built Jul 12 2019
Developed by Bui Quang Minh, Nguyen Lam Tung, Olga Chernomor,
Heiko Schmidt, Dominik Schrempf, Michael Woodhams.

Host:    slpc437 (AVX2, FMA3, 16 GB RAM)
Command: iqtree -s cluster1104rr.1to1ortho.fa.aln-cln_gene436.fa -nt 4 -m GTR+G -alrt 1000
Seed:    783692 (Using SPRNG - Scalable Parallel Random Number Generator)
Time:    Mon Nov 25 09:36:48 2019
Kernel:  AVX+FMA - 4 threads (6 CPU cores detected)

Reading alignment file cluster1104rr.1to1ortho.fa.aln-cln_gene436.fa ... Fasta format detected
Alignment most likely contains DNA/RNA sequences
Alignment has 13 sequences with 1089 columns, 494 distinct patterns
340 parsimony-informative, 156 singleton sites, 593 constant sites
           Gap/Ambiguity  Composition  p-value
   1  DrolusSFB    6.98%    passed     67.23%
   2  Dino         0.00%    passed     80.11%
   3  MJM3360     13.87%    passed     71.69%
   4  DrobinSFB    5.97%    passed     34.68%
   5  Neam         0.00%    passed     92.64%
   6  RuprSFB     10.38%    passed     17.68%
   7  Retr        11.85%    passed     51.46%
   8  Beta        13.50%    passed     75.75%
   9  Spol        10.38%    passed     95.49%
  10  MJM1652      0.46%    passed     92.76%
  11  NepSFB       0.00%    passed     93.49%
  12  WPYJ        31.96%    passed     70.09%
  13  MJM2940      0.09%    passed     93.73%
****  TOTAL        8.11%  0 sequences failed composition chi2 test (p-value<5%; df=3)

Create initial parsimony tree by phylogenetic likelihood library (PLL)... 0.001 seconds

NOTE: 0 MB RAM (0 GB) is required!
Estimate model parameters (epsilon = 0.100)
1. Initial log-likelihood: -6724.882
2. Current log-likelihood: -6420.937
3. Current log-likelihood: -6416.757
Optimal log-likelihood: -6416.646
Rate parameters:  A-C: 2.37375  A-G: 5.42284  A-T: 2.32448  C-G: 1.91964  C-T: 8.90303  G-T: 1.00000
Base frequencies:  A: 0.259  C: 0.202  G: 0.259  T: 0.280
Gamma shape alpha: 0.370
Parameters optimization took 3 rounds (0.035 sec)
Computing ML distances based on estimated model parameters... 0.001 sec
Computing BIONJ tree...
0.002 seconds
Log-likelihood of BIONJ tree: -6412.823
--------------------------------------------------------------------
|             INITIALIZING CANDIDATE TREE SET                      |
--------------------------------------------------------------------
Generating 98 parsimony trees... 0.072 second
Computing log-likelihood of 97 initial trees ... 0.403 seconds
Current best score: -6412.823

Do NNI search on 20 best initial trees
Estimate model parameters (epsilon = 0.100)
BETTER TREE FOUND at iteration 1: -6412.737
Iteration 10 / LogL: -6412.761 / Time: 0h:0m:0s
Iteration 20 / LogL: -6412.743 / Time: 0h:0m:0s
Finish initializing candidate tree set (2)
Current best tree score: -6412.737 / CPU time: 0.847
Number of iterations: 20
--------------------------------------------------------------------
|               OPTIMIZING CANDIDATE TREE SET                      |
--------------------------------------------------------------------
Iteration 30 / LogL: -6412.739 / Time: 0h:0m:1s (0h:0m:3s left)
Iteration 40 / LogL: -6412.868 / Time: 0h:0m:1s (0h:0m:2s left)
Iteration 50 / LogL: -6415.324 / Time: 0h:0m:2s (0h:0m:2s left)
Iteration 60 / LogL: -6412.738 / Time: 0h:0m:2s (0h:0m:1s left)
Iteration 70 / LogL: -6412.744 / Time: 0h:0m:2s (0h:0m:1s left)
Iteration 80 / LogL: -6412.757 / Time: 0h:0m:3s (0h:0m:0s left)
Iteration 90 / LogL: -6412.948 / Time: 0h:0m:3s (0h:0m:0s left)
Iteration 100 / LogL: -6412.738 / Time: 0h:0m:4s (0h:0m:0s left)
TREE SEARCH COMPLETED AFTER 102 ITERATIONS / Time: 0h:0m:4s

--------------------------------------------------------------------
|                    FINALIZING TREE SEARCH                        |
--------------------------------------------------------------------
Performs final model parameters optimization
Estimate model parameters (epsilon = 0.010)
1. Initial log-likelihood: -6412.737
Optimal log-likelihood: -6412.734
Rate parameters:  A-C: 2.53942  A-G: 5.66828  A-T: 2.45522  C-G: 1.97163  C-T: 9.37286  G-T: 1.00000
Base frequencies:  A: 0.259  C: 0.202  G: 0.259  T: 0.280
Gamma shape alpha: 0.374
Parameters optimization took 1 rounds (0.005 sec)
BEST SCORE FOUND : -6412.734

Testing tree branches by SH-like aLRT with 1000 replicates...
0.069 sec.
Total tree length: 1.573

Total number of iterations: 102
CPU time used for tree search: 4.374 sec (0h:0m:4s)
Wall-clock time used for tree search: 4.127 sec (0h:0m:4s)
Total CPU time used: 4.686 sec (0h:0m:4s)
Total wall-clock time used: 4.255 sec (0h:0m:4s)

Analysis results written to: 
  IQ-TREE report:                cluster1104rr.1to1ortho.fa.aln-cln_gene436.fa.iqtree
  Maximum-likelihood tree:       cluster1104rr.1to1ortho.fa.aln-cln_gene436.fa.treefile
  Likelihood distances:          cluster1104rr.1to1ortho.fa.aln-cln_gene436.fa.mldist
  Screen log file:               cluster1104rr.1to1ortho.fa.aln-cln_gene436.fa.log

Date and Time: Mon Nov 25 09:36:53 2019
