IQ-TREE multicore version 1.6.11 for Mac OS X 64-bit built Jul 12 2019
Developed by Bui Quang Minh, Nguyen Lam Tung, Olga Chernomor,
Heiko Schmidt, Dominik Schrempf, Michael Woodhams.

Host:    slpc437 (AVX2, FMA3, 16 GB RAM)
Command: iqtree -s cluster4581rr.1to1ortho.fa.aln-cln_gene195.fa -nt 4 -m GTR+G -alrt 1000
Seed:    234405 (Using SPRNG - Scalable Parallel Random Number Generator)
Time:    Mon Nov 25 10:55:44 2019
Kernel:  AVX+FMA - 4 threads (6 CPU cores detected)

Reading alignment file cluster4581rr.1to1ortho.fa.aln-cln_gene195.fa ... Fasta format detected
Alignment most likely contains DNA/RNA sequences
Alignment has 13 sequences with 3363 columns, 1638 distinct patterns
1239 parsimony-informative, 495 singleton sites, 1629 constant sites
           Gap/Ambiguity  Composition  p-value
   1  DrolusSFB   24.44%    passed     30.11%
   2  Dino         1.96%    passed     22.18%
   3  MJM3360     30.54%    passed     28.63%
   4  DrobinSFB    9.75%    passed     83.00%
   5  Neam         1.78%    passed     44.06%
   6  RuprSFB     19.51%    passed     57.48%
   7  Retr        60.69%    passed     70.91%
   8  Beta         3.90%    passed     45.33%
   9  Spol         4.46%    passed     31.87%
  10  MJM1652      1.75%    passed     54.34%
  11  NepSFB       1.78%    passed     36.09%
  12  WPYJ        18.38%    passed     72.77%
  13  MJM2940      0.98%    passed     92.34%
WARNING: 1 sequences contain more than 50% gaps/ambiguity
****  TOTAL       13.84%  0 sequences failed composition chi2 test (p-value<5%; df=3)

Create initial parsimony tree by phylogenetic likelihood library (PLL)... 0.001 seconds

NOTE: 2 MB RAM (0 GB) is required!
Estimate model parameters (epsilon = 0.100)
1. Initial log-likelihood: -21176.313
2. Current log-likelihood: -20312.452
3. Current log-likelihood: -20305.071
4. Current log-likelihood: -20304.932
Optimal log-likelihood: -20304.926
Rate parameters:  A-C: 1.50297  A-G: 3.75921  A-T: 1.46416  C-G: 1.29184  C-T: 6.79525  G-T: 1.00000
Base frequencies:  A: 0.302  C: 0.182  G: 0.263  T: 0.253
Gamma shape alpha: 0.547
Parameters optimization took 4 rounds (0.067 sec)
Computing ML distances based on estimated model parameters... 0.002 sec
Computing BIONJ tree...
0.002 seconds
Log-likelihood of BIONJ tree: -20317.050
--------------------------------------------------------------------
|             INITIALIZING CANDIDATE TREE SET                      |
--------------------------------------------------------------------
Generating 98 parsimony trees... 0.133 second
Computing log-likelihood of 96 initial trees ... 0.556 seconds
Current best score: -20304.926

Do NNI search on 20 best initial trees
Estimate model parameters (epsilon = 0.100)
BETTER TREE FOUND at iteration 1: -20304.925
Iteration 10 / LogL: -20305.348 / Time: 0h:0m:1s
Iteration 20 / LogL: -20304.946 / Time: 0h:0m:1s
Finish initializing candidate tree set (1)
Current best tree score: -20304.925 / CPU time: 1.442
Number of iterations: 20
--------------------------------------------------------------------
|               OPTIMIZING CANDIDATE TREE SET                      |
--------------------------------------------------------------------
Iteration 30 / LogL: -20305.621 / Time: 0h:0m:2s (0h:0m:4s left)
UPDATE BEST LOG-LIKELIHOOD: -20304.925
Iteration 40 / LogL: -20305.022 / Time: 0h:0m:2s (0h:0m:3s left)
UPDATE BEST LOG-LIKELIHOOD: -20304.925
UPDATE BEST LOG-LIKELIHOOD: -20304.925
Iteration 50 / LogL: -20304.968 / Time: 0h:0m:2s (0h:0m:3s left)
Iteration 60 / LogL: -20305.144 / Time: 0h:0m:3s (0h:0m:2s left)
Iteration 70 / LogL: -20307.898 / Time: 0h:0m:3s (0h:0m:1s left)
Iteration 80 / LogL: -20305.367 / Time: 0h:0m:4s (0h:0m:1s left)
Iteration 90 / LogL: -20316.793 / Time: 0h:0m:4s (0h:0m:0s left)
Iteration 100 / LogL: -20304.950 / Time: 0h:0m:5s (0h:0m:0s left)
TREE SEARCH COMPLETED AFTER 102 ITERATIONS / Time: 0h:0m:5s

--------------------------------------------------------------------
|                    FINALIZING TREE SEARCH                        |
--------------------------------------------------------------------
Performs final model parameters optimization
Estimate model parameters (epsilon = 0.010)
1. Initial log-likelihood: -20304.925
Optimal log-likelihood: -20304.924
Rate parameters:  A-C: 1.50172  A-G: 3.75545  A-T: 1.46212  C-G: 1.29185  C-T: 6.80101  G-T: 1.00000
Base frequencies:  A: 0.302  C: 0.182  G: 0.263  T: 0.253
Gamma shape alpha: 0.547
Parameters optimization took 1 rounds (0.007 sec)
BEST SCORE FOUND : -20304.924

Testing tree branches by SH-like aLRT with 1000 replicates...
0.177 sec.
Total tree length: 1.708

Total number of iterations: 102
CPU time used for tree search: 9.035 sec (0h:0m:9s)
Wall-clock time used for tree search: 5.386 sec (0h:0m:5s)
Total CPU time used: 9.923 sec (0h:0m:9s)
Total wall-clock time used: 5.662 sec (0h:0m:5s)

Analysis results written to: 
  IQ-TREE report:                cluster4581rr.1to1ortho.fa.aln-cln_gene195.fa.iqtree
  Maximum-likelihood tree:       cluster4581rr.1to1ortho.fa.aln-cln_gene195.fa.treefile
  Likelihood distances:          cluster4581rr.1to1ortho.fa.aln-cln_gene195.fa.mldist
  Screen log file:               cluster4581rr.1to1ortho.fa.aln-cln_gene195.fa.log

Date and Time: Mon Nov 25 10:55:49 2019
