IQ-TREE multicore version 1.6.11 for Mac OS X 64-bit built Jul 12 2019
Developed by Bui Quang Minh, Nguyen Lam Tung, Olga Chernomor,
Heiko Schmidt, Dominik Schrempf, Michael Woodhams.

Host:    slpc437 (AVX2, FMA3, 16 GB RAM)
Command: iqtree -s cluster5371rr.1to1ortho.fa.aln-cln_gene358.fa -nt 4 -m GTR+G -alrt 1000
Seed:    394675 (Using SPRNG - Scalable Parallel Random Number Generator)
Time:    Mon Nov 25 11:07:05 2019
Kernel:  AVX+FMA - 4 threads (6 CPU cores detected)

Reading alignment file cluster5371rr.1to1ortho.fa.aln-cln_gene358.fa ... Fasta format detected
Alignment most likely contains DNA/RNA sequences
Alignment has 13 sequences with 1173 columns, 521 distinct patterns
387 parsimony-informative, 146 singleton sites, 640 constant sites
           Gap/Ambiguity  Composition  p-value
   1  DrolusSFB   10.57%    passed     82.60%
   2  Dino        10.23%    passed     90.51%
   3  MJM3360     24.98%    passed     27.13%
   4  DrobinSFB   10.23%    passed     46.09%
   5  Neam         3.75%    passed     33.70%
   6  RuprSFB     12.19%    passed     85.54%
   7  Retr        12.28%    passed     16.91%
   8  Beta         3.15%    failed      1.98%
   9  Spol         3.15%    passed     29.38%
  10  MJM1652      9.97%    passed     57.47%
  11  NepSFB       3.92%    passed     19.47%
  12  WPYJ        12.53%    passed      6.02%
  13  MJM2940      0.60%    passed     69.69%
****  TOTAL        9.04%  1 sequences failed composition chi2 test (p-value<5%; df=3)

Create initial parsimony tree by phylogenetic likelihood library (PLL)... 0.001 seconds

NOTE: 0 MB RAM (0 GB) is required!
Estimate model parameters (epsilon = 0.100)
1. Initial log-likelihood: -7422.269
2. Current log-likelihood: -7094.663
3. Current log-likelihood: -7089.835
Optimal log-likelihood: -7089.720
Rate parameters:  A-C: 2.02463  A-G: 4.44692  A-T: 1.61315  C-G: 1.08423  C-T: 5.62834  G-T: 1.00000
Base frequencies:  A: 0.266  C: 0.225  G: 0.255  T: 0.254
Gamma shape alpha: 0.346
Parameters optimization took 3 rounds (0.033 sec)
Computing ML distances based on estimated model parameters... 0.001 sec
Computing BIONJ tree...
0.002 seconds
Log-likelihood of BIONJ tree: -7089.717
--------------------------------------------------------------------
|             INITIALIZING CANDIDATE TREE SET                      |
--------------------------------------------------------------------
Generating 99 parsimony trees... 0.079 second
Computing log-likelihood of 98 initial trees ... 0.425 seconds
Current best score: -7089.717

Do NNI search on 20 best initial trees
Estimate model parameters (epsilon = 0.100)
BETTER TREE FOUND at iteration 1: -7089.715
Estimate model parameters (epsilon = 0.100)
BETTER TREE FOUND at iteration 3: -7088.035
Iteration 10 / LogL: -7089.874 / Time: 0h:0m:0s
Iteration 20 / LogL: -7089.840 / Time: 0h:0m:1s
Finish initializing candidate tree set (2)
Current best tree score: -7088.035 / CPU time: 1.100
Number of iterations: 20
--------------------------------------------------------------------
|               OPTIMIZING CANDIDATE TREE SET                      |
--------------------------------------------------------------------
Iteration 30 / LogL: -7088.045 / Time: 0h:0m:1s (0h:0m:3s left)
Iteration 40 / LogL: -7088.087 / Time: 0h:0m:1s (0h:0m:3s left)
Iteration 50 / LogL: -7089.774 / Time: 0h:0m:2s (0h:0m:2s left)
Iteration 60 / LogL: -7092.731 / Time: 0h:0m:2s (0h:0m:1s left)
Iteration 70 / LogL: -7090.524 / Time: 0h:0m:3s (0h:0m:1s left)
Iteration 80 / LogL: -7093.549 / Time: 0h:0m:3s (0h:0m:1s left)
Iteration 90 / LogL: -7089.793 / Time: 0h:0m:3s (0h:0m:0s left)
Iteration 100 / LogL: -7088.219 / Time: 0h:0m:4s (0h:0m:0s left)
TREE SEARCH COMPLETED AFTER 104 ITERATIONS / Time: 0h:0m:4s

--------------------------------------------------------------------
|                    FINALIZING TREE SEARCH                        |
--------------------------------------------------------------------
Performs final model parameters optimization
Estimate model parameters (epsilon = 0.010)
1. Initial log-likelihood: -7088.035
Optimal log-likelihood: -7088.034
Rate parameters:  A-C: 1.99353  A-G: 4.46677  A-T: 1.59756  C-G: 1.04480  C-T: 5.63596  G-T: 1.00000
Base frequencies:  A: 0.266  C: 0.225  G: 0.255  T: 0.254
Gamma shape alpha: 0.348
Parameters optimization took 1 rounds (0.005 sec)
BEST SCORE FOUND : -7088.034

Testing tree branches by SH-like aLRT with 1000 replicates...
0.073 sec.
Total tree length: 1.717

Total number of iterations: 104
CPU time used for tree search: 4.822 sec (0h:0m:4s)
Wall-clock time used for tree search: 4.495 sec (0h:0m:4s)
Total CPU time used: 5.148 sec (0h:0m:5s)
Total wall-clock time used: 4.625 sec (0h:0m:4s)

Analysis results written to: 
  IQ-TREE report:                cluster5371rr.1to1ortho.fa.aln-cln_gene358.fa.iqtree
  Maximum-likelihood tree:       cluster5371rr.1to1ortho.fa.aln-cln_gene358.fa.treefile
  Likelihood distances:          cluster5371rr.1to1ortho.fa.aln-cln_gene358.fa.mldist
  Screen log file:               cluster5371rr.1to1ortho.fa.aln-cln_gene358.fa.log

Date and Time: Mon Nov 25 11:07:10 2019
