IQ-TREE multicore version 1.6.11 for Mac OS X 64-bit built Jul 12 2019
Developed by Bui Quang Minh, Nguyen Lam Tung, Olga Chernomor,
Heiko Schmidt, Dominik Schrempf, Michael Woodhams.

Host:    slpc437 (AVX2, FMA3, 16 GB RAM)
Command: iqtree -s cluster2597rr.1to1ortho.fa.aln-cln_gene787.fa -nt 4 -m GTR+G -alrt 1000
Seed:    911835 (Using SPRNG - Scalable Parallel Random Number Generator)
Time:    Mon Nov 25 10:09:07 2019
Kernel:  AVX+FMA - 4 threads (6 CPU cores detected)

Reading alignment file cluster2597rr.1to1ortho.fa.aln-cln_gene787.fa ... Fasta format detected
Alignment most likely contains DNA/RNA sequences
Alignment has 13 sequences with 2357 columns, 1048 distinct patterns
927 parsimony-informative, 280 singleton sites, 1150 constant sites
           Gap/Ambiguity  Composition  p-value
   1  DrolusSFB    0.59%    passed     76.31%
   2  Dino         0.85%    passed     89.32%
   3  MJM3360      5.30%    passed     52.69%
   4  DrobinSFB    5.05%    passed     93.33%
   5  Neam         0.59%    passed     84.18%
   6  RuprSFB      5.01%    passed     16.84%
   7  Retr         3.14%    passed     74.35%
   8  Beta         3.31%    passed     75.16%
   9  Spol         3.18%    passed     51.24%
  10  MJM1652      1.10%    passed     77.51%
  11  NepSFB       0.59%    passed     59.25%
  12  WPYJ         3.35%    passed     60.43%
  13  MJM2940      0.59%    passed     88.64%
****  TOTAL        2.51%  0 sequences failed composition chi2 test (p-value<5%; df=3)

Create initial parsimony tree by phylogenetic likelihood library (PLL)... 0.001 seconds

NOTE: 1 MB RAM (0 GB) is required!
Estimate model parameters (epsilon = 0.100)
1. Initial log-likelihood: -16846.968
2. Current log-likelihood: -16174.313
3. Current log-likelihood: -16168.073
4. Current log-likelihood: -16167.935
Optimal log-likelihood: -16167.930
Rate parameters:  A-C: 2.22849  A-G: 5.58850  A-T: 1.62253  C-G: 1.50152  C-T: 6.05449  G-T: 1.00000
Base frequencies:  A: 0.265  C: 0.202  G: 0.254  T: 0.278
Gamma shape alpha: 0.435
Parameters optimization took 4 rounds (0.055 sec)
Computing ML distances based on estimated model parameters... 0.002 sec
Computing BIONJ tree...
0.002 seconds
Log-likelihood of BIONJ tree: -16167.340
--------------------------------------------------------------------
|             INITIALIZING CANDIDATE TREE SET                      |
--------------------------------------------------------------------
Generating 98 parsimony trees... 0.108 second
Computing log-likelihood of 98 initial trees ... 0.479 seconds
Current best score: -16167.340

Do NNI search on 20 best initial trees
Estimate model parameters (epsilon = 0.100)
BETTER TREE FOUND at iteration 1: -16167.338
Iteration 10 / LogL: -16167.404 / Time: 0h:0m:0s
Iteration 20 / LogL: -16167.354 / Time: 0h:0m:1s
Finish initializing candidate tree set (1)
Current best tree score: -16167.338 / CPU time: 1.223
Number of iterations: 20
--------------------------------------------------------------------
|               OPTIMIZING CANDIDATE TREE SET                      |
--------------------------------------------------------------------
Iteration 30 / LogL: -16168.352 / Time: 0h:0m:1s (0h:0m:4s left)
Iteration 40 / LogL: -16167.378 / Time: 0h:0m:2s (0h:0m:3s left)
Iteration 50 / LogL: -16167.490 / Time: 0h:0m:2s (0h:0m:2s left)
Iteration 60 / LogL: -16167.961 / Time: 0h:0m:3s (0h:0m:2s left)
Iteration 70 / LogL: -16167.428 / Time: 0h:0m:3s (0h:0m:1s left)
Iteration 80 / LogL: -16167.886 / Time: 0h:0m:3s (0h:0m:1s left)
Iteration 90 / LogL: -16167.468 / Time: 0h:0m:4s (0h:0m:0s left)
Iteration 100 / LogL: -16167.421 / Time: 0h:0m:4s (0h:0m:0s left)
TREE SEARCH COMPLETED AFTER 102 ITERATIONS / Time: 0h:0m:4s

--------------------------------------------------------------------
|                    FINALIZING TREE SEARCH                        |
--------------------------------------------------------------------
Performs final model parameters optimization
Estimate model parameters (epsilon = 0.010)
1. Initial log-likelihood: -16167.338
Optimal log-likelihood: -16167.338
Rate parameters:  A-C: 2.23846  A-G: 5.60051  A-T: 1.62458  C-G: 1.50268  C-T: 6.05536  G-T: 1.00000
Base frequencies:  A: 0.265  C: 0.202  G: 0.254  T: 0.278
Gamma shape alpha: 0.435
Parameters optimization took 1 rounds (0.006 sec)
BEST SCORE FOUND : -16167.338

Testing tree branches by SH-like aLRT with 1000 replicates...
0.130 sec.
Total tree length: 1.791

Total number of iterations: 102
CPU time used for tree search: 6.644 sec (0h:0m:6s)
Wall-clock time used for tree search: 4.775 sec (0h:0m:4s)
Total CPU time used: 7.273 sec (0h:0m:7s)
Total wall-clock time used: 4.988 sec (0h:0m:4s)

Analysis results written to: 
  IQ-TREE report:                cluster2597rr.1to1ortho.fa.aln-cln_gene787.fa.iqtree
  Maximum-likelihood tree:       cluster2597rr.1to1ortho.fa.aln-cln_gene787.fa.treefile
  Likelihood distances:          cluster2597rr.1to1ortho.fa.aln-cln_gene787.fa.mldist
  Screen log file:               cluster2597rr.1to1ortho.fa.aln-cln_gene787.fa.log

Date and Time: Mon Nov 25 10:09:12 2019
