IQ-TREE multicore version 1.6.11 for Mac OS X 64-bit built Jul 12 2019
Developed by Bui Quang Minh, Nguyen Lam Tung, Olga Chernomor,
Heiko Schmidt, Dominik Schrempf, Michael Woodhams.

Host:    slpc437 (AVX2, FMA3, 16 GB RAM)
Command: iqtree -s cluster2386rr.1to1ortho.fa.aln-cln_gene380.fa -nt 4 -m GTR+G -alrt 1000
Seed:    212394 (Using SPRNG - Scalable Parallel Random Number Generator)
Time:    Mon Nov 25 10:02:48 2019
Kernel:  AVX+FMA - 4 threads (6 CPU cores detected)

Reading alignment file cluster2386rr.1to1ortho.fa.aln-cln_gene380.fa ... Fasta format detected
Alignment most likely contains DNA/RNA sequences
Alignment has 13 sequences with 1524 columns, 313 distinct patterns
199 parsimony-informative, 167 singleton sites, 1158 constant sites
           Gap/Ambiguity  Composition  p-value
   1  DrolusSFB    0.00%    passed     93.57%
   2  Dino         0.00%    passed     86.45%
   3  MJM3360      0.00%    passed     87.75%
   4  DrobinSFB    0.00%    passed     94.71%
   5  Neam         0.00%    passed     98.68%
   6  RuprSFB      0.00%    passed     98.12%
   7  Retr         0.00%    passed     96.97%
   8  Beta        45.47%    passed     88.16%
   9  Spol        28.41%    passed     56.10%
  10  MJM1652      0.00%    passed     97.73%
  11  NepSFB       0.00%    passed     98.94%
  12  WPYJ         0.39%    passed     90.72%
  13  MJM2940      0.00%    passed     98.18%
****  TOTAL        5.71%  0 sequences failed composition chi2 test (p-value<5%; df=3)

Create initial parsimony tree by phylogenetic likelihood library (PLL)... 0.001 seconds

NOTE: 0 MB RAM (0 GB) is required!
WARNING: Number of threads seems too high for short alignments. Use -nt AUTO to determine best number of threads.
Estimate model parameters (epsilon = 0.100)
1. Initial log-likelihood: -5422.643
2. Current log-likelihood: -5256.862
3. Current log-likelihood: -5223.248
4. Current log-likelihood: -5223.089
Optimal log-likelihood: -5223.088
Rate parameters:  A-C: 1.32053  A-G: 2.30764  A-T: 0.22249  C-G: 0.76814  C-T: 3.12064  G-T: 1.00000
Base frequencies:  A: 0.309  C: 0.185  G: 0.221  T: 0.286
Gamma shape alpha: 0.231
Parameters optimization took 4 rounds (0.039 sec)
Computing ML distances based on estimated model parameters... 0.001 sec
Computing BIONJ tree...
0.002 seconds
Log-likelihood of BIONJ tree: -5224.881
--------------------------------------------------------------------
|             INITIALIZING CANDIDATE TREE SET                      |
--------------------------------------------------------------------
Generating 98 parsimony trees... 0.073 second
Computing log-likelihood of 95 initial trees ... 0.365 seconds
Current best score: -5223.088

Do NNI search on 20 best initial trees
Estimate model parameters (epsilon = 0.100)
BETTER TREE FOUND at iteration 1: -5222.990
Iteration 10 / LogL: -5223.007 / Time: 0h:0m:0s
Iteration 20 / LogL: -5223.984 / Time: 0h:0m:1s
Finish initializing candidate tree set (3)
Current best tree score: -5222.990 / CPU time: 0.949
Number of iterations: 20
--------------------------------------------------------------------
|               OPTIMIZING CANDIDATE TREE SET                      |
--------------------------------------------------------------------
Iteration 30 / LogL: -5222.992 / Time: 0h:0m:1s (0h:0m:3s left)
Iteration 40 / LogL: -5222.990 / Time: 0h:0m:1s (0h:0m:2s left)
Iteration 50 / LogL: -5224.275 / Time: 0h:0m:2s (0h:0m:2s left)
Iteration 60 / LogL: -5223.170 / Time: 0h:0m:2s (0h:0m:1s left)
Iteration 70 / LogL: -5223.146 / Time: 0h:0m:2s (0h:0m:1s left)
Iteration 80 / LogL: -5233.668 / Time: 0h:0m:3s (0h:0m:0s left)
Iteration 90 / LogL: -5224.286 / Time: 0h:0m:3s (0h:0m:0s left)
Iteration 100 / LogL: -5222.998 / Time: 0h:0m:4s (0h:0m:0s left)
TREE SEARCH COMPLETED AFTER 102 ITERATIONS / Time: 0h:0m:4s

--------------------------------------------------------------------
|                    FINALIZING TREE SEARCH                        |
--------------------------------------------------------------------
Performs final model parameters optimization
Estimate model parameters (epsilon = 0.010)
1. Initial log-likelihood: -5222.990
Optimal log-likelihood: -5222.990
Rate parameters:  A-C: 1.30182  A-G: 2.26354  A-T: 0.22099  C-G: 0.75246  C-T: 3.00800  G-T: 1.00000
Base frequencies:  A: 0.309  C: 0.185  G: 0.221  T: 0.286
Gamma shape alpha: 0.230
Parameters optimization took 1 rounds (0.004 sec)
BEST SCORE FOUND : -5222.990

Testing tree branches by SH-like aLRT with 1000 replicates...
0.086 sec.
Total tree length: 0.485

Total number of iterations: 102
CPU time used for tree search: 3.723 sec (0h:0m:3s)
Wall-clock time used for tree search: 4.081 sec (0h:0m:4s)
Total CPU time used: 4.093 sec (0h:0m:4s)
Total wall-clock time used: 4.228 sec (0h:0m:4s)

Analysis results written to: 
  IQ-TREE report:                cluster2386rr.1to1ortho.fa.aln-cln_gene380.fa.iqtree
  Maximum-likelihood tree:       cluster2386rr.1to1ortho.fa.aln-cln_gene380.fa.treefile
  Likelihood distances:          cluster2386rr.1to1ortho.fa.aln-cln_gene380.fa.mldist
  Screen log file:               cluster2386rr.1to1ortho.fa.aln-cln_gene380.fa.log

Date and Time: Mon Nov 25 10:02:52 2019
