IQ-TREE multicore version 1.6.11 for Mac OS X 64-bit built Jul 12 2019
Developed by Bui Quang Minh, Nguyen Lam Tung, Olga Chernomor,
Heiko Schmidt, Dominik Schrempf, Michael Woodhams.

Host:    slpc437 (AVX2, FMA3, 16 GB RAM)
Command: iqtree -s cluster1876rr.1to1ortho.fa.aln-cln_gene202.fa -nt 4 -m GTR+G -alrt 1000
Seed:    41411 (Using SPRNG - Scalable Parallel Random Number Generator)
Time:    Mon Nov 25 09:50:55 2019
Kernel:  AVX+FMA - 4 threads (6 CPU cores detected)

Reading alignment file cluster1876rr.1to1ortho.fa.aln-cln_gene202.fa ... Fasta format detected
Alignment most likely contains DNA/RNA sequences
Alignment has 13 sequences with 572 columns, 273 distinct patterns
198 parsimony-informative, 62 singleton sites, 312 constant sites
           Gap/Ambiguity  Composition  p-value
   1  DrolusSFB    0.87%    passed     93.43%
   2  Dino        15.21%    passed     77.88%
   3  MJM3360      1.92%    passed     62.41%
   4  DrobinSFB   15.56%    passed     41.66%
   5  Neam         0.00%    passed     84.90%
   6  RuprSFB      1.40%    passed     57.28%
   7  Retr         0.52%    passed     47.74%
   8  Beta         4.37%    passed     60.40%
   9  Spol         4.37%    passed     42.78%
  10  MJM1652     13.81%    passed     90.69%
  11  NepSFB       0.00%    passed     75.30%
  12  WPYJ         0.52%    passed     89.70%
  13  MJM2940      0.87%    passed     94.70%
****  TOTAL        4.57%  0 sequences failed composition chi2 test (p-value<5%; df=3)

Create initial parsimony tree by phylogenetic likelihood library (PLL)... 0.000 seconds

NOTE: 0 MB RAM (0 GB) is required!
WARNING: Number of threads seems too high for short alignments. Use -nt AUTO to determine best number of threads.
Estimate model parameters (epsilon = 0.100)
1. Initial log-likelihood: -3681.500
2. Current log-likelihood: -3468.781
3. Current log-likelihood: -3464.850
4. Current log-likelihood: -3464.684
Optimal log-likelihood: -3464.674
Rate parameters:  A-C: 2.07276  A-G: 8.74999  A-T: 2.64923  C-G: 2.28404  C-T: 12.63566  G-T: 1.00000
Base frequencies:  A: 0.289  C: 0.208  G: 0.235  T: 0.268
Gamma shape alpha: 0.336
Parameters optimization took 4 rounds (0.036 sec)
Computing ML distances based on estimated model parameters... 0.001 sec
Computing BIONJ tree...
0.002 seconds
Log-likelihood of BIONJ tree: -3464.697
--------------------------------------------------------------------
|             INITIALIZING CANDIDATE TREE SET                      |
--------------------------------------------------------------------
Generating 98 parsimony trees... 0.063 second
Computing log-likelihood of 98 initial trees ... 0.391 seconds
Current best score: -3464.674

Do NNI search on 20 best initial trees
Estimate model parameters (epsilon = 0.100)
BETTER TREE FOUND at iteration 1: -3463.926
Iteration 10 / LogL: -3463.929 / Time: 0h:0m:0s
Iteration 20 / LogL: -3463.930 / Time: 0h:0m:1s
Finish initializing candidate tree set (2)
Current best tree score: -3463.926 / CPU time: 1.054
Number of iterations: 20
--------------------------------------------------------------------
|               OPTIMIZING CANDIDATE TREE SET                      |
--------------------------------------------------------------------
Iteration 30 / LogL: -3469.783 / Time: 0h:0m:1s (0h:0m:3s left)
Iteration 40 / LogL: -3463.931 / Time: 0h:0m:1s (0h:0m:2s left)
Iteration 50 / LogL: -3469.778 / Time: 0h:0m:2s (0h:0m:2s left)
Iteration 60 / LogL: -3469.803 / Time: 0h:0m:2s (0h:0m:1s left)
Iteration 70 / LogL: -3468.178 / Time: 0h:0m:3s (0h:0m:1s left)
UPDATE BEST LOG-LIKELIHOOD: -3463.926
Iteration 80 / LogL: -3463.933 / Time: 0h:0m:3s (0h:0m:0s left)
Iteration 90 / LogL: -3463.927 / Time: 0h:0m:3s (0h:0m:0s left)
Iteration 100 / LogL: -3463.927 / Time: 0h:0m:4s (0h:0m:0s left)
TREE SEARCH COMPLETED AFTER 102 ITERATIONS / Time: 0h:0m:4s

--------------------------------------------------------------------
|                    FINALIZING TREE SEARCH                        |
--------------------------------------------------------------------
Performs final model parameters optimization
Estimate model parameters (epsilon = 0.010)
1. Initial log-likelihood: -3463.926
Optimal log-likelihood: -3463.925
Rate parameters:  A-C: 2.24281  A-G: 9.49935  A-T: 2.86050  C-G: 2.35796  C-T: 13.76270  G-T: 1.00000
Base frequencies:  A: 0.289  C: 0.208  G: 0.235  T: 0.268
Gamma shape alpha: 0.335
Parameters optimization took 1 rounds (0.004 sec)
BEST SCORE FOUND : -3463.925

Testing tree branches by SH-like aLRT with 1000 replicates...
0.043 sec.
Total tree length: 1.789

Total number of iterations: 102
CPU time used for tree search: 3.669 sec (0h:0m:3s)
Wall-clock time used for tree search: 4.190 sec (0h:0m:4s)
Total CPU time used: 3.866 sec (0h:0m:3s)
Total wall-clock time used: 4.291 sec (0h:0m:4s)

Analysis results written to: 
  IQ-TREE report:                cluster1876rr.1to1ortho.fa.aln-cln_gene202.fa.iqtree
  Maximum-likelihood tree:       cluster1876rr.1to1ortho.fa.aln-cln_gene202.fa.treefile
  Likelihood distances:          cluster1876rr.1to1ortho.fa.aln-cln_gene202.fa.mldist
  Screen log file:               cluster1876rr.1to1ortho.fa.aln-cln_gene202.fa.log

Date and Time: Mon Nov 25 09:50:59 2019
