IQ-TREE multicore version 1.6.11 for Mac OS X 64-bit built Jul 12 2019
Developed by Bui Quang Minh, Nguyen Lam Tung, Olga Chernomor,
Heiko Schmidt, Dominik Schrempf, Michael Woodhams.

Host:    slpc437 (AVX2, FMA3, 16 GB RAM)
Command: iqtree -s cluster3307rr.1to1ortho.fa.aln-cln_gene1098.fa -nt 4 -m GTR+G -alrt 1000
Seed:    235679 (Using SPRNG - Scalable Parallel Random Number Generator)
Time:    Mon Nov 25 10:26:51 2019
Kernel:  AVX+FMA - 4 threads (6 CPU cores detected)

Reading alignment file cluster3307rr.1to1ortho.fa.aln-cln_gene1098.fa ... Fasta format detected
Alignment most likely contains DNA/RNA sequences
Alignment has 13 sequences with 2202 columns, 902 distinct patterns
711 parsimony-informative, 314 singleton sites, 1177 constant sites
           Gap/Ambiguity  Composition  p-value
   1  DrolusSFB    0.00%    passed     55.44%
   2  Dino         0.00%    passed     69.36%
   3  MJM3360      5.36%    passed     60.68%
   4  DrobinSFB    0.00%    passed     87.27%
   5  Neam         0.00%    passed     96.16%
   6  RuprSFB      0.50%    passed     91.41%
   7  Retr         0.14%    passed     91.96%
   8  Beta         3.91%    passed     21.61%
   9  Spol         5.00%    passed     36.25%
  10  MJM1652      0.00%    passed     71.23%
  11  NepSFB       0.00%    passed     80.50%
  12  WPYJ        50.14%    passed     16.63%
  13  MJM2940      0.00%    passed     76.59%
WARNING: 1 sequences contain more than 50% gaps/ambiguity
****  TOTAL        5.00%  0 sequences failed composition chi2 test (p-value<5%; df=3)

Create initial parsimony tree by phylogenetic likelihood library (PLL)... 0.001 seconds

NOTE: 1 MB RAM (0 GB) is required!
Estimate model parameters (epsilon = 0.100)
1. Initial log-likelihood: -13980.606
2. Current log-likelihood: -13321.296
3. Current log-likelihood: -13316.159
4. Current log-likelihood: -13316.054
Optimal log-likelihood: -13316.039
Rate parameters:  A-C: 2.27269  A-G: 5.22774  A-T: 1.90737  C-G: 1.26489  C-T: 7.92818  G-T: 1.00000
Base frequencies:  A: 0.262  C: 0.196  G: 0.249  T: 0.292
Gamma shape alpha: 0.401
Parameters optimization took 4 rounds (0.047 sec)
Computing ML distances based on estimated model parameters... 0.002 sec
Computing BIONJ tree...
0.002 seconds
Log-likelihood of BIONJ tree: -13314.346
--------------------------------------------------------------------
|             INITIALIZING CANDIDATE TREE SET                      |
--------------------------------------------------------------------
Generating 98 parsimony trees... 0.110 second
Computing log-likelihood of 95 initial trees ... 0.439 seconds
Current best score: -13314.346

Do NNI search on 20 best initial trees
Estimate model parameters (epsilon = 0.100)
BETTER TREE FOUND at iteration 1: -13314.333
Iteration 10 / LogL: -13314.539 / Time: 0h:0m:0s
Iteration 20 / LogL: -13314.386 / Time: 0h:0m:1s
Finish initializing candidate tree set (1)
Current best tree score: -13314.333 / CPU time: 1.157
Number of iterations: 20
--------------------------------------------------------------------
|               OPTIMIZING CANDIDATE TREE SET                      |
--------------------------------------------------------------------
Iteration 30 / LogL: -13314.342 / Time: 0h:0m:1s (0h:0m:4s left)
Iteration 40 / LogL: -13314.363 / Time: 0h:0m:2s (0h:0m:3s left)
Iteration 50 / LogL: -13314.369 / Time: 0h:0m:2s (0h:0m:2s left)
Iteration 60 / LogL: -13314.452 / Time: 0h:0m:3s (0h:0m:2s left)
Iteration 70 / LogL: -13314.438 / Time: 0h:0m:3s (0h:0m:1s left)
Iteration 80 / LogL: -13314.454 / Time: 0h:0m:3s (0h:0m:1s left)
Iteration 90 / LogL: -13315.981 / Time: 0h:0m:4s (0h:0m:0s left)
Iteration 100 / LogL: -13314.423 / Time: 0h:0m:4s (0h:0m:0s left)
TREE SEARCH COMPLETED AFTER 102 ITERATIONS / Time: 0h:0m:4s

--------------------------------------------------------------------
|                    FINALIZING TREE SEARCH                        |
--------------------------------------------------------------------
Performs final model parameters optimization
Estimate model parameters (epsilon = 0.010)
1. Initial log-likelihood: -13314.333
Optimal log-likelihood: -13314.333
Rate parameters:  A-C: 2.27716  A-G: 5.22483  A-T: 1.92022  C-G: 1.27545  C-T: 7.91955  G-T: 1.00000
Base frequencies:  A: 0.262  C: 0.196  G: 0.249  T: 0.292
Gamma shape alpha: 0.403
Parameters optimization took 1 rounds (0.006 sec)
BEST SCORE FOUND : -13314.333

Testing tree branches by SH-like aLRT with 1000 replicates...
0.121 sec.
Total tree length: 1.499

Total number of iterations: 102
CPU time used for tree search: 6.515 sec (0h:0m:6s)
Wall-clock time used for tree search: 4.918 sec (0h:0m:4s)
Total CPU time used: 7.083 sec (0h:0m:7s)
Total wall-clock time used: 5.112 sec (0h:0m:5s)

Analysis results written to: 
  IQ-TREE report:                cluster3307rr.1to1ortho.fa.aln-cln_gene1098.fa.iqtree
  Maximum-likelihood tree:       cluster3307rr.1to1ortho.fa.aln-cln_gene1098.fa.treefile
  Likelihood distances:          cluster3307rr.1to1ortho.fa.aln-cln_gene1098.fa.mldist
  Screen log file:               cluster3307rr.1to1ortho.fa.aln-cln_gene1098.fa.log

Date and Time: Mon Nov 25 10:26:56 2019
