IQ-TREE multicore version 1.6.11 for Mac OS X 64-bit built Jul 12 2019
Developed by Bui Quang Minh, Nguyen Lam Tung, Olga Chernomor,
Heiko Schmidt, Dominik Schrempf, Michael Woodhams.

Host:    slpc437 (AVX2, FMA3, 16 GB RAM)
Command: iqtree -s cluster721rr.1to1ortho.fa.aln-cln_gene525.fa -nt 4 -m GTR+G -alrt 1000
Seed:    583160 (Using SPRNG - Scalable Parallel Random Number Generator)
Time:    Mon Nov 25 11:12:18 2019
Kernel:  AVX+FMA - 4 threads (6 CPU cores detected)

Reading alignment file cluster721rr.1to1ortho.fa.aln-cln_gene525.fa ... Fasta format detected
Alignment most likely contains DNA/RNA sequences
Alignment has 13 sequences with 1068 columns, 548 distinct patterns
387 parsimony-informative, 182 singleton sites, 499 constant sites
           Gap/Ambiguity  Composition  p-value
   1  DrolusSFB    3.37%    passed     86.49%
   2  Dino        16.67%    passed     90.08%
   3  MJM3360     10.96%    passed     93.39%
   4  DrobinSFB    2.25%    passed     92.50%
   5  Neam         0.00%    passed     75.27%
   6  RuprSFB     11.24%    passed     53.53%
   7  Retr         7.21%    passed     93.29%
   8  Beta         3.56%    passed     93.66%
   9  Spol         3.00%    passed     95.94%
  10  MJM1652      4.59%    passed     95.87%
  11  NepSFB       0.00%    passed     68.34%
  12  WPYJ         7.77%    passed     95.39%
  13  MJM2940      1.22%    passed     91.16%
****  TOTAL        5.52%  0 sequences failed composition chi2 test (p-value<5%; df=3)

Create initial parsimony tree by phylogenetic likelihood library (PLL)... 0.001 seconds

NOTE: 0 MB RAM (0 GB) is required!
Estimate model parameters (epsilon = 0.100)
1. Initial log-likelihood: -7193.231
2. Current log-likelihood: -6980.664
3. Current log-likelihood: -6979.496
Optimal log-likelihood: -6979.478
Rate parameters:  A-C: 1.65146  A-G: 3.23758  A-T: 1.48515  C-G: 1.53573  C-T: 5.76716  G-T: 1.00000
Base frequencies:  A: 0.289  C: 0.174  G: 0.272  T: 0.264
Gamma shape alpha: 0.586
Parameters optimization took 3 rounds (0.032 sec)
Computing ML distances based on estimated model parameters... 0.001 sec
Computing BIONJ tree...
0.002 seconds
Log-likelihood of BIONJ tree: -6984.511
--------------------------------------------------------------------
|             INITIALIZING CANDIDATE TREE SET                      |
--------------------------------------------------------------------
Generating 98 parsimony trees... 0.077 second
Computing log-likelihood of 98 initial trees ... 0.414 seconds
Current best score: -6979.478

Do NNI search on 20 best initial trees
Estimate model parameters (epsilon = 0.100)
BETTER TREE FOUND at iteration 1: -6979.478
Iteration 10 / LogL: -6979.501 / Time: 0h:0m:0s
Iteration 20 / LogL: -6979.495 / Time: 0h:0m:1s
Finish initializing candidate tree set (1)
Current best tree score: -6979.478 / CPU time: 0.977
Number of iterations: 20
--------------------------------------------------------------------
|               OPTIMIZING CANDIDATE TREE SET                      |
--------------------------------------------------------------------
UPDATE BEST LOG-LIKELIHOOD: -6979.478
Iteration 30 / LogL: -6979.480 / Time: 0h:0m:1s (0h:0m:3s left)
Iteration 40 / LogL: -6979.590 / Time: 0h:0m:1s (0h:0m:2s left)
Iteration 50 / LogL: -6979.702 / Time: 0h:0m:2s (0h:0m:2s left)
Iteration 60 / LogL: -6979.494 / Time: 0h:0m:2s (0h:0m:1s left)
Iteration 70 / LogL: -6979.961 / Time: 0h:0m:2s (0h:0m:1s left)
Iteration 80 / LogL: -6979.758 / Time: 0h:0m:3s (0h:0m:0s left)
Iteration 90 / LogL: -6979.526 / Time: 0h:0m:3s (0h:0m:0s left)
Iteration 100 / LogL: -6979.515 / Time: 0h:0m:4s (0h:0m:0s left)
TREE SEARCH COMPLETED AFTER 102 ITERATIONS / Time: 0h:0m:4s

--------------------------------------------------------------------
|                    FINALIZING TREE SEARCH                        |
--------------------------------------------------------------------
Performs final model parameters optimization
Estimate model parameters (epsilon = 0.010)
1. Initial log-likelihood: -6979.478
Optimal log-likelihood: -6979.477
Rate parameters:  A-C: 1.65058  A-G: 3.23182  A-T: 1.48373  C-G: 1.53563  C-T: 5.76578  G-T: 1.00000
Base frequencies:  A: 0.289  C: 0.174  G: 0.272  T: 0.264
Gamma shape alpha: 0.586
Parameters optimization took 1 rounds (0.005 sec)
BEST SCORE FOUND : -6979.477

Testing tree branches by SH-like aLRT with 1000 replicates...
0.069 sec.
Total tree length: 1.595

Total number of iterations: 102
CPU time used for tree search: 4.506 sec (0h:0m:4s)
Wall-clock time used for tree search: 4.119 sec (0h:0m:4s)
Total CPU time used: 4.816 sec (0h:0m:4s)
Total wall-clock time used: 4.245 sec (0h:0m:4s)

Analysis results written to: 
  IQ-TREE report:                cluster721rr.1to1ortho.fa.aln-cln_gene525.fa.iqtree
  Maximum-likelihood tree:       cluster721rr.1to1ortho.fa.aln-cln_gene525.fa.treefile
  Likelihood distances:          cluster721rr.1to1ortho.fa.aln-cln_gene525.fa.mldist
  Screen log file:               cluster721rr.1to1ortho.fa.aln-cln_gene525.fa.log

Date and Time: Mon Nov 25 11:12:22 2019
