IQ-TREE multicore version 1.6.11 for Mac OS X 64-bit built Jul 12 2019
Developed by Bui Quang Minh, Nguyen Lam Tung, Olga Chernomor,
Heiko Schmidt, Dominik Schrempf, Michael Woodhams.

Host:    slpc437 (AVX2, FMA3, 16 GB RAM)
Command: iqtree -s cluster4489rr.1to1ortho.fa.aln-cln_gene1076.fa -nt 4 -m GTR+G -alrt 1000
Seed:    798700 (Using SPRNG - Scalable Parallel Random Number Generator)
Time:    Mon Nov 25 10:53:30 2019
Kernel:  AVX+FMA - 4 threads (6 CPU cores detected)

Reading alignment file cluster4489rr.1to1ortho.fa.aln-cln_gene1076.fa ... Fasta format detected
Alignment most likely contains DNA/RNA sequences
Alignment has 13 sequences with 678 columns, 345 distinct patterns
247 parsimony-informative, 97 singleton sites, 334 constant sites
           Gap/Ambiguity  Composition  p-value
   1  DrolusSFB    0.00%    passed     98.56%
   2  Dino         0.00%    passed     82.56%
   3  MJM3360      6.49%    passed     87.88%
   4  DrobinSFB    0.00%    passed     71.33%
   5  Neam         0.00%    passed     96.77%
   6  RuprSFB      1.33%    passed     97.84%
   7  Retr         6.05%    passed     88.71%
   8  Beta         0.00%    passed     50.81%
   9  Spol         0.00%    passed     74.11%
  10  MJM1652      0.00%    passed     81.83%
  11  NepSFB       0.00%    passed     98.78%
  12  WPYJ        48.82%    passed     51.10%
  13  MJM2940      0.00%    passed     94.84%
****  TOTAL        4.82%  0 sequences failed composition chi2 test (p-value<5%; df=3)

Create initial parsimony tree by phylogenetic likelihood library (PLL)... 0.001 seconds

NOTE: 0 MB RAM (0 GB) is required!
WARNING: Number of threads seems too high for short alignments. Use -nt AUTO to determine best number of threads.
Estimate model parameters (epsilon = 0.100)
1. Initial log-likelihood: -4511.120
2. Current log-likelihood: -4312.815
3. Current log-likelihood: -4309.922
Optimal log-likelihood: -4309.871
Rate parameters:  A-C: 1.63224  A-G: 5.45791  A-T: 1.19495  C-G: 1.54030  C-T: 5.68355  G-T: 1.00000
Base frequencies:  A: 0.259  C: 0.180  G: 0.216  T: 0.345
Gamma shape alpha: 0.470
Parameters optimization took 3 rounds (0.031 sec)
Computing ML distances based on estimated model parameters... 0.001 sec
Computing BIONJ tree...
0.002 seconds
Log-likelihood of BIONJ tree: -4310.116
--------------------------------------------------------------------
|             INITIALIZING CANDIDATE TREE SET                      |
--------------------------------------------------------------------
Generating 98 parsimony trees... 0.063 second
Computing log-likelihood of 97 initial trees ... 0.397 seconds
Current best score: -4309.606

Do NNI search on 20 best initial trees
Estimate model parameters (epsilon = 0.100)
BETTER TREE FOUND at iteration 1: -4309.363
Iteration 10 / LogL: -4309.368 / Time: 0h:0m:0s
Iteration 20 / LogL: -4309.391 / Time: 0h:0m:1s
Finish initializing candidate tree set (2)
Current best tree score: -4309.363 / CPU time: 1.013
Number of iterations: 20
--------------------------------------------------------------------
|               OPTIMIZING CANDIDATE TREE SET                      |
--------------------------------------------------------------------
Iteration 30 / LogL: -4309.376 / Time: 0h:0m:1s (0h:0m:3s left)
Iteration 40 / LogL: -4315.580 / Time: 0h:0m:1s (0h:0m:3s left)
Iteration 50 / LogL: -4309.371 / Time: 0h:0m:2s (0h:0m:2s left)
UPDATE BEST LOG-LIKELIHOOD: -4309.363
Iteration 60 / LogL: -4316.706 / Time: 0h:0m:2s (0h:0m:1s left)
Iteration 70 / LogL: -4309.377 / Time: 0h:0m:3s (0h:0m:1s left)
Iteration 80 / LogL: -4315.740 / Time: 0h:0m:3s (0h:0m:0s left)
Iteration 90 / LogL: -4315.501 / Time: 0h:0m:4s (0h:0m:0s left)
Iteration 100 / LogL: -4315.787 / Time: 0h:0m:4s (0h:0m:0s left)
TREE SEARCH COMPLETED AFTER 102 ITERATIONS / Time: 0h:0m:4s

--------------------------------------------------------------------
|                    FINALIZING TREE SEARCH                        |
--------------------------------------------------------------------
Performs final model parameters optimization
Estimate model parameters (epsilon = 0.010)
1. Initial log-likelihood: -4309.363
Optimal log-likelihood: -4309.362
Rate parameters:  A-C: 1.64219  A-G: 5.46217  A-T: 1.20817  C-G: 1.53730  C-T: 5.70614  G-T: 1.00000
Base frequencies:  A: 0.259  C: 0.180  G: 0.216  T: 0.345
Gamma shape alpha: 0.473
Parameters optimization took 1 rounds (0.004 sec)
BEST SCORE FOUND : -4309.362

Testing tree branches by SH-like aLRT with 1000 replicates...
0.050 sec.
Total tree length: 1.647

Total number of iterations: 102
CPU time used for tree search: 4.296 sec (0h:0m:4s)
Wall-clock time used for tree search: 4.615 sec (0h:0m:4s)
Total CPU time used: 4.513 sec (0h:0m:4s)
Total wall-clock time used: 4.719 sec (0h:0m:4s)

Analysis results written to: 
  IQ-TREE report:                cluster4489rr.1to1ortho.fa.aln-cln_gene1076.fa.iqtree
  Maximum-likelihood tree:       cluster4489rr.1to1ortho.fa.aln-cln_gene1076.fa.treefile
  Likelihood distances:          cluster4489rr.1to1ortho.fa.aln-cln_gene1076.fa.mldist
  Screen log file:               cluster4489rr.1to1ortho.fa.aln-cln_gene1076.fa.log

Date and Time: Mon Nov 25 10:53:35 2019
