IQ-TREE multicore version 1.6.11 for Mac OS X 64-bit built Jul 12 2019
Developed by Bui Quang Minh, Nguyen Lam Tung, Olga Chernomor,
Heiko Schmidt, Dominik Schrempf, Michael Woodhams.

Host:    slpc437 (AVX2, FMA3, 16 GB RAM)
Command: iqtree -s cluster367rr.1to1ortho.fa.aln-cln_gene217.fa -nt 4 -m GTR+G -alrt 1000
Seed:    202576 (Using SPRNG - Scalable Parallel Random Number Generator)
Time:    Mon Nov 25 10:34:31 2019
Kernel:  AVX+FMA - 4 threads (6 CPU cores detected)

Reading alignment file cluster367rr.1to1ortho.fa.aln-cln_gene217.fa ... Fasta format detected
Alignment most likely contains DNA/RNA sequences
Alignment has 13 sequences with 1413 columns, 659 distinct patterns
472 parsimony-informative, 185 singleton sites, 756 constant sites
           Gap/Ambiguity  Composition  p-value
   1  DrolusSFB    0.42%    passed     94.12%
   2  Dino         0.42%    passed     89.12%
   3  MJM3360     12.81%    passed     58.37%
   4  DrobinSFB    0.21%    passed     99.84%
   5  Neam         0.28%    passed     93.64%
   6  RuprSFB      0.00%    passed     59.11%
   7  Retr        64.40%    passed      9.33%
   8  Beta         5.17%    passed     51.90%
   9  Spol         0.99%    passed     96.66%
  10  MJM1652      0.00%    passed     82.12%
  11  NepSFB       1.42%    passed     70.78%
  12  WPYJ         6.16%    passed     75.86%
  13  MJM2940      0.21%    passed     83.28%
WARNING: 1 sequences contain more than 50% gaps/ambiguity
****  TOTAL        7.12%  0 sequences failed composition chi2 test (p-value<5%; df=3)

Create initial parsimony tree by phylogenetic likelihood library (PLL)... 0.001 seconds

NOTE: 1 MB RAM (0 GB) is required!
Estimate model parameters (epsilon = 0.100)
1. Initial log-likelihood: -9109.325
2. Current log-likelihood: -8758.487
3. Current log-likelihood: -8755.918
Optimal log-likelihood: -8755.896
Rate parameters:  A-C: 1.57004  A-G: 4.61992  A-T: 1.27446  C-G: 1.26744  C-T: 4.23191  G-T: 1.00000
Base frequencies:  A: 0.241  C: 0.207  G: 0.216  T: 0.337
Gamma shape alpha: 0.394
Parameters optimization took 3 rounds (0.039 sec)
Computing ML distances based on estimated model parameters... 0.001 sec
Computing BIONJ tree...
0.002 seconds
Log-likelihood of BIONJ tree: -8755.896
--------------------------------------------------------------------
|             INITIALIZING CANDIDATE TREE SET                      |
--------------------------------------------------------------------
Generating 99 parsimony trees... 0.090 second
Computing log-likelihood of 98 initial trees ... 0.430 seconds
Current best score: -8755.896

Do NNI search on 20 best initial trees
Estimate model parameters (epsilon = 0.100)
BETTER TREE FOUND at iteration 1: -8755.896
Iteration 10 / LogL: -8756.046 / Time: 0h:0m:0s
Iteration 20 / LogL: -8755.985 / Time: 0h:0m:1s
Finish initializing candidate tree set (2)
Current best tree score: -8755.896 / CPU time: 1.032
Number of iterations: 20
--------------------------------------------------------------------
|               OPTIMIZING CANDIDATE TREE SET                      |
--------------------------------------------------------------------
Iteration 30 / LogL: -8755.907 / Time: 0h:0m:1s (0h:0m:3s left)
Iteration 40 / LogL: -8756.021 / Time: 0h:0m:1s (0h:0m:2s left)
Iteration 50 / LogL: -8755.953 / Time: 0h:0m:2s (0h:0m:2s left)
Iteration 60 / LogL: -8755.910 / Time: 0h:0m:2s (0h:0m:1s left)
Iteration 70 / LogL: -8781.718 / Time: 0h:0m:2s (0h:0m:1s left)
UPDATE BEST LOG-LIKELIHOOD: -8755.896
Iteration 80 / LogL: -8755.981 / Time: 0h:0m:3s (0h:0m:0s left)
Iteration 90 / LogL: -8781.664 / Time: 0h:0m:3s (0h:0m:0s left)
UPDATE BEST LOG-LIKELIHOOD: -8755.896
Iteration 100 / LogL: -8755.896 / Time: 0h:0m:3s (0h:0m:0s left)
TREE SEARCH COMPLETED AFTER 102 ITERATIONS / Time: 0h:0m:4s

--------------------------------------------------------------------
|                    FINALIZING TREE SEARCH                        |
--------------------------------------------------------------------
Performs final model parameters optimization
Estimate model parameters (epsilon = 0.010)
1. Initial log-likelihood: -8755.896
Optimal log-likelihood: -8755.896
Rate parameters:  A-C: 1.57047  A-G: 4.62259  A-T: 1.27538  C-G: 1.26732  C-T: 4.23332  G-T: 1.00000
Base frequencies:  A: 0.241  C: 0.207  G: 0.216  T: 0.337
Gamma shape alpha: 0.395
Parameters optimization took 1 rounds (0.005 sec)
BEST SCORE FOUND : -8755.896

Testing tree branches by SH-like aLRT with 1000 replicates...
0.086 sec.
Total tree length: 1.502

Total number of iterations: 102
CPU time used for tree search: 4.676 sec (0h:0m:4s)
Wall-clock time used for tree search: 3.994 sec (0h:0m:3s)
Total CPU time used: 5.073 sec (0h:0m:5s)
Total wall-clock time used: 4.144 sec (0h:0m:4s)

Analysis results written to: 
  IQ-TREE report:                cluster367rr.1to1ortho.fa.aln-cln_gene217.fa.iqtree
  Maximum-likelihood tree:       cluster367rr.1to1ortho.fa.aln-cln_gene217.fa.treefile
  Likelihood distances:          cluster367rr.1to1ortho.fa.aln-cln_gene217.fa.mldist
  Screen log file:               cluster367rr.1to1ortho.fa.aln-cln_gene217.fa.log

Date and Time: Mon Nov 25 10:34:35 2019
