IQ-TREE multicore version 1.6.11 for Mac OS X 64-bit built Jul 12 2019
Developed by Bui Quang Minh, Nguyen Lam Tung, Olga Chernomor,
Heiko Schmidt, Dominik Schrempf, Michael Woodhams.

Host:    slpc437 (AVX2, FMA3, 16 GB RAM)
Command: iqtree -s cluster3670rr.1to1ortho.fa.aln-cln_gene394.fa -nt 4 -m GTR+G -alrt 1000
Seed:    159422 (Using SPRNG - Scalable Parallel Random Number Generator)
Time:    Mon Nov 25 10:34:22 2019
Kernel:  AVX+FMA - 4 threads (6 CPU cores detected)

Reading alignment file cluster3670rr.1to1ortho.fa.aln-cln_gene394.fa ... Fasta format detected
Alignment most likely contains DNA/RNA sequences
Alignment has 13 sequences with 3001 columns, 1231 distinct patterns
952 parsimony-informative, 384 singleton sites, 1665 constant sites
           Gap/Ambiguity  Composition  p-value
   1  DrolusSFB    0.93%    passed     61.00%
   2  Dino         1.33%    passed     99.75%
   3  MJM3360      0.43%    passed     83.41%
   4  DrobinSFB    2.13%    passed     70.61%
   5  Neam         1.00%    passed     97.79%
   6  RuprSFB      0.83%    passed     79.24%
   7  Retr        40.22%    passed     51.82%
   8  Beta         2.33%    passed      7.63%
   9  Spol         2.33%    passed     70.35%
  10  MJM1652      1.43%    failed      0.03%
  11  NepSFB       1.00%    passed     96.28%
  12  WPYJ        32.06%    passed     14.83%
  13  MJM2940      0.83%    passed     80.27%
****  TOTAL        6.68%  1 sequences failed composition chi2 test (p-value<5%; df=3)

Create initial parsimony tree by phylogenetic likelihood library (PLL)... 0.001 seconds

NOTE: 2 MB RAM (0 GB) is required!
Estimate model parameters (epsilon = 0.100)
1. Initial log-likelihood: -18838.454
2. Current log-likelihood: -17950.149
3. Current log-likelihood: -17941.102
4. Current log-likelihood: -17940.910
Optimal log-likelihood: -17940.897
Rate parameters:  A-C: 1.14380  A-G: 3.35513  A-T: 1.16965  C-G: 0.75887  C-T: 5.03469  G-T: 1.00000
Base frequencies:  A: 0.273  C: 0.207  G: 0.252  T: 0.268
Gamma shape alpha: 0.333
Parameters optimization took 4 rounds (0.058 sec)
Computing ML distances based on estimated model parameters... 0.002 sec
Computing BIONJ tree...
0.003 seconds
Log-likelihood of BIONJ tree: -17946.461
--------------------------------------------------------------------
|             INITIALIZING CANDIDATE TREE SET                      |
--------------------------------------------------------------------
Generating 98 parsimony trees... 0.126 second
Computing log-likelihood of 98 initial trees ... 0.503 seconds
Current best score: -17940.897

Do NNI search on 20 best initial trees
Estimate model parameters (epsilon = 0.100)
BETTER TREE FOUND at iteration 1: -17940.896
Iteration 10 / LogL: -17941.280 / Time: 0h:0m:0s
Iteration 20 / LogL: -17940.950 / Time: 0h:0m:1s
Finish initializing candidate tree set (1)
Current best tree score: -17940.896 / CPU time: 1.196
Number of iterations: 20
--------------------------------------------------------------------
|               OPTIMIZING CANDIDATE TREE SET                      |
--------------------------------------------------------------------
Iteration 30 / LogL: -17941.739 / Time: 0h:0m:1s (0h:0m:4s left)
Iteration 40 / LogL: -17941.825 / Time: 0h:0m:2s (0h:0m:3s left)
Iteration 50 / LogL: -17941.015 / Time: 0h:0m:2s (0h:0m:2s left)
UPDATE BEST LOG-LIKELIHOOD: -17940.896
Iteration 60 / LogL: -17941.220 / Time: 0h:0m:3s (0h:0m:2s left)
Iteration 70 / LogL: -17942.312 / Time: 0h:0m:3s (0h:0m:1s left)
Iteration 80 / LogL: -17940.996 / Time: 0h:0m:3s (0h:0m:1s left)
Iteration 90 / LogL: -17940.978 / Time: 0h:0m:4s (0h:0m:0s left)
Iteration 100 / LogL: -17940.996 / Time: 0h:0m:4s (0h:0m:0s left)
TREE SEARCH COMPLETED AFTER 102 ITERATIONS / Time: 0h:0m:4s

--------------------------------------------------------------------
|                    FINALIZING TREE SEARCH                        |
--------------------------------------------------------------------
Performs final model parameters optimization
Estimate model parameters (epsilon = 0.010)
1. Initial log-likelihood: -17940.896
Optimal log-likelihood: -17940.895
Rate parameters:  A-C: 1.14251  A-G: 3.35488  A-T: 1.16775  C-G: 0.75732  C-T: 5.03861  G-T: 1.00000
Base frequencies:  A: 0.273  C: 0.207  G: 0.252  T: 0.268
Gamma shape alpha: 0.333
Parameters optimization took 1 rounds (0.007 sec)
BEST SCORE FOUND : -17940.895

Testing tree branches by SH-like aLRT with 1000 replicates...
0.158 sec.
Total tree length: 1.562

Total number of iterations: 102
CPU time used for tree search: 6.944 sec (0h:0m:6s)
Wall-clock time used for tree search: 4.636 sec (0h:0m:4s)
Total CPU time used: 7.709 sec (0h:0m:7s)
Total wall-clock time used: 4.882 sec (0h:0m:4s)

Analysis results written to: 
  IQ-TREE report:                cluster3670rr.1to1ortho.fa.aln-cln_gene394.fa.iqtree
  Maximum-likelihood tree:       cluster3670rr.1to1ortho.fa.aln-cln_gene394.fa.treefile
  Likelihood distances:          cluster3670rr.1to1ortho.fa.aln-cln_gene394.fa.mldist
  Screen log file:               cluster3670rr.1to1ortho.fa.aln-cln_gene394.fa.log

Date and Time: Mon Nov 25 10:34:27 2019
