IQ-TREE multicore version 1.6.11 for Mac OS X 64-bit built Jul 12 2019
Developed by Bui Quang Minh, Nguyen Lam Tung, Olga Chernomor,
Heiko Schmidt, Dominik Schrempf, Michael Woodhams.

Host:    slpc437 (AVX2, FMA3, 16 GB RAM)
Command: iqtree -s cluster2039rr.1to1ortho.fa.aln-cln_gene502.fa -nt 4 -m GTR+G -alrt 1000
Seed:    34861 (Using SPRNG - Scalable Parallel Random Number Generator)
Time:    Mon Nov 25 09:54:41 2019
Kernel:  AVX+FMA - 4 threads (6 CPU cores detected)

Reading alignment file cluster2039rr.1to1ortho.fa.aln-cln_gene502.fa ... Fasta format detected
Alignment most likely contains DNA/RNA sequences
Alignment has 13 sequences with 1074 columns, 542 distinct patterns
380 parsimony-informative, 165 singleton sites, 529 constant sites
           Gap/Ambiguity  Composition  p-value
   1  DrolusSFB    1.68%    passed     99.11%
   2  Dino         1.96%    passed     88.74%
   3  MJM3360      5.77%    passed     61.65%
   4  DrobinSFB    1.12%    passed     72.86%
   5  Neam         0.84%    passed     94.59%
   6  RuprSFB      4.93%    passed     99.11%
   7  Retr         2.51%    passed     69.49%
   8  Beta         3.26%    passed     89.57%
   9  Spol         4.10%    passed     97.41%
  10  MJM1652      1.96%    passed     89.57%
  11  NepSFB      45.81%    passed     98.27%
  12  WPYJ        52.51%    passed     50.73%
  13  MJM2940      1.68%    passed     60.94%
WARNING: 1 sequences contain more than 50% gaps/ambiguity
****  TOTAL        9.86%  0 sequences failed composition chi2 test (p-value<5%; df=3)

Create initial parsimony tree by phylogenetic likelihood library (PLL)... 0.001 seconds

NOTE: 0 MB RAM (0 GB) is required!
Estimate model parameters (epsilon = 0.100)
1. Initial log-likelihood: -6966.782
2. Current log-likelihood: -6663.605
3. Current log-likelihood: -6659.722
Optimal log-likelihood: -6659.667
Rate parameters:  A-C: 1.97584  A-G: 5.05745  A-T: 1.32102  C-G: 1.47615  C-T: 6.20734  G-T: 1.00000
Base frequencies:  A: 0.286  C: 0.175  G: 0.267  T: 0.272
Gamma shape alpha: 0.507
Parameters optimization took 3 rounds (0.036 sec)
Computing ML distances based on estimated model parameters... 0.001 sec
Computing BIONJ tree...
0.002 seconds
Log-likelihood of BIONJ tree: -6659.666
--------------------------------------------------------------------
|             INITIALIZING CANDIDATE TREE SET                      |
--------------------------------------------------------------------
Generating 99 parsimony trees... 0.082 second
Computing log-likelihood of 98 initial trees ... 0.424 seconds
Current best score: -6656.998

Do NNI search on 20 best initial trees
Estimate model parameters (epsilon = 0.100)
BETTER TREE FOUND at iteration 1: -6655.863
Iteration 10 / LogL: -6655.864 / Time: 0h:0m:0s
Iteration 20 / LogL: -6655.863 / Time: 0h:0m:1s
Finish initializing candidate tree set (2)
Current best tree score: -6655.863 / CPU time: 1.153
Number of iterations: 20
--------------------------------------------------------------------
|               OPTIMIZING CANDIDATE TREE SET                      |
--------------------------------------------------------------------
Iteration 30 / LogL: -6655.880 / Time: 0h:0m:1s (0h:0m:4s left)
Iteration 40 / LogL: -6656.949 / Time: 0h:0m:2s (0h:0m:3s left)
Iteration 50 / LogL: -6655.863 / Time: 0h:0m:2s (0h:0m:2s left)
Iteration 60 / LogL: -6655.864 / Time: 0h:0m:2s (0h:0m:2s left)
UPDATE BEST LOG-LIKELIHOOD: -6655.863
Iteration 70 / LogL: -6655.863 / Time: 0h:0m:3s (0h:0m:1s left)
Iteration 80 / LogL: -6655.882 / Time: 0h:0m:3s (0h:0m:0s left)
Iteration 90 / LogL: -6655.865 / Time: 0h:0m:4s (0h:0m:0s left)
Iteration 100 / LogL: -6665.697 / Time: 0h:0m:4s (0h:0m:0s left)
TREE SEARCH COMPLETED AFTER 102 ITERATIONS / Time: 0h:0m:4s

--------------------------------------------------------------------
|                    FINALIZING TREE SEARCH                        |
--------------------------------------------------------------------
Performs final model parameters optimization
Estimate model parameters (epsilon = 0.010)
1. Initial log-likelihood: -6655.863
Optimal log-likelihood: -6655.862
Rate parameters:  A-C: 1.93712  A-G: 5.06215  A-T: 1.32775  C-G: 1.45672  C-T: 6.22298  G-T: 1.00000
Base frequencies:  A: 0.286  C: 0.175  G: 0.267  T: 0.272
Gamma shape alpha: 0.509
Parameters optimization took 1 rounds (0.004 sec)
BEST SCORE FOUND : -6655.862

Testing tree branches by SH-like aLRT with 1000 replicates...
0.071 sec.
Total tree length: 1.596

Total number of iterations: 102
CPU time used for tree search: 4.968 sec (0h:0m:4s)
Wall-clock time used for tree search: 4.580 sec (0h:0m:4s)
Total CPU time used: 5.288 sec (0h:0m:5s)
Total wall-clock time used: 4.712 sec (0h:0m:4s)

Analysis results written to: 
  IQ-TREE report:                cluster2039rr.1to1ortho.fa.aln-cln_gene502.fa.iqtree
  Maximum-likelihood tree:       cluster2039rr.1to1ortho.fa.aln-cln_gene502.fa.treefile
  Likelihood distances:          cluster2039rr.1to1ortho.fa.aln-cln_gene502.fa.mldist
  Screen log file:               cluster2039rr.1to1ortho.fa.aln-cln_gene502.fa.log

Date and Time: Mon Nov 25 09:54:45 2019
