IQ-TREE multicore version 1.6.11 for Mac OS X 64-bit built Jul 12 2019
Developed by Bui Quang Minh, Nguyen Lam Tung, Olga Chernomor,
Heiko Schmidt, Dominik Schrempf, Michael Woodhams.

Host:    slpc437 (AVX2, FMA3, 16 GB RAM)
Command: iqtree -s cluster4946rr.1to1ortho.fa.aln-cln_gene407.fa -nt 4 -m GTR+G -alrt 1000
Seed:    941589 (Using SPRNG - Scalable Parallel Random Number Generator)
Time:    Mon Nov 25 11:02:12 2019
Kernel:  AVX+FMA - 4 threads (6 CPU cores detected)

Reading alignment file cluster4946rr.1to1ortho.fa.aln-cln_gene407.fa ... Fasta format detected
Alignment most likely contains DNA/RNA sequences
Alignment has 13 sequences with 827 columns, 364 distinct patterns
264 parsimony-informative, 86 singleton sites, 477 constant sites
           Gap/Ambiguity  Composition  p-value
   1  DrolusSFB    2.90%    passed     52.50%
   2  Dino         1.81%    passed     23.33%
   3  MJM3360      9.19%    passed     71.14%
   4  DrobinSFB    7.26%    passed     95.68%
   5  Neam         2.54%    passed     99.22%
   6  RuprSFB      9.19%    passed     85.38%
   7  Retr         4.72%    passed     17.24%
   8  Beta        32.29%    passed     81.23%
   9  Spol        11.25%    passed     54.65%
  10  MJM1652      0.97%    passed     24.33%
  11  NepSFB       2.54%    passed     99.98%
  12  WPYJ         4.72%    passed     19.86%
  13  MJM2940      3.26%    passed     97.28%
****  TOTAL        7.12%  0 sequences failed composition chi2 test (p-value<5%; df=3)

Create initial parsimony tree by phylogenetic likelihood library (PLL)... 0.001 seconds

NOTE: 0 MB RAM (0 GB) is required!
WARNING: Number of threads seems too high for short alignments. Use -nt AUTO to determine best number of threads.
Estimate model parameters (epsilon = 0.100)
1. Initial log-likelihood: -4990.512
2. Current log-likelihood: -4753.513
3. Current log-likelihood: -4750.399
Optimal log-likelihood: -4750.370
Rate parameters:  A-C: 1.38059  A-G: 4.48184  A-T: 2.22246  C-G: 1.25651  C-T: 7.03174  G-T: 1.00000
Base frequencies:  A: 0.281  C: 0.211  G: 0.264  T: 0.244
Gamma shape alpha: 0.318
Parameters optimization took 3 rounds (0.031 sec)
Computing ML distances based on estimated model parameters... 0.001 sec
Computing BIONJ tree...
0.002 seconds
Log-likelihood of BIONJ tree: -4733.428
--------------------------------------------------------------------
|             INITIALIZING CANDIDATE TREE SET                      |
--------------------------------------------------------------------
Generating 98 parsimony trees... 0.061 second
Computing log-likelihood of 98 initial trees ... 0.400 seconds
Current best score: -4733.428

Do NNI search on 20 best initial trees
Estimate model parameters (epsilon = 0.100)
BETTER TREE FOUND at iteration 1: -4733.230
Estimate model parameters (epsilon = 0.100)
BETTER TREE FOUND at iteration 2: -4732.849
Iteration 10 / LogL: -4732.902 / Time: 0h:0m:0s
Iteration 20 / LogL: -4732.879 / Time: 0h:0m:1s
Finish initializing candidate tree set (2)
Current best tree score: -4732.849 / CPU time: 1.006
Number of iterations: 20
--------------------------------------------------------------------
|               OPTIMIZING CANDIDATE TREE SET                      |
--------------------------------------------------------------------
Iteration 30 / LogL: -4732.858 / Time: 0h:0m:1s (0h:0m:3s left)
Iteration 40 / LogL: -4733.303 / Time: 0h:0m:1s (0h:0m:2s left)
Iteration 50 / LogL: -4732.888 / Time: 0h:0m:2s (0h:0m:2s left)
Iteration 60 / LogL: -4732.859 / Time: 0h:0m:2s (0h:0m:1s left)
Iteration 70 / LogL: -4732.852 / Time: 0h:0m:2s (0h:0m:1s left)
Iteration 80 / LogL: -4732.854 / Time: 0h:0m:3s (0h:0m:0s left)
Iteration 90 / LogL: -4733.587 / Time: 0h:0m:3s (0h:0m:0s left)
Iteration 100 / LogL: -4732.989 / Time: 0h:0m:4s (0h:0m:0s left)
TREE SEARCH COMPLETED AFTER 103 ITERATIONS / Time: 0h:0m:4s

--------------------------------------------------------------------
|                    FINALIZING TREE SEARCH                        |
--------------------------------------------------------------------
Performs final model parameters optimization
Estimate model parameters (epsilon = 0.010)
1. Initial log-likelihood: -4732.849
Optimal log-likelihood: -4732.849
Rate parameters:  A-C: 1.35116  A-G: 4.70454  A-T: 2.21327  C-G: 1.31873  C-T: 7.43824  G-T: 1.00000
Base frequencies:  A: 0.281  C: 0.211  G: 0.264  T: 0.244
Gamma shape alpha: 0.322
Parameters optimization took 1 rounds (0.004 sec)
BEST SCORE FOUND : -4732.849

Testing tree branches by SH-like aLRT with 1000 replicates...
0.058 sec.
Total tree length: 1.395

Total number of iterations: 103
CPU time used for tree search: 3.864 sec (0h:0m:3s)
Wall-clock time used for tree search: 4.111 sec (0h:0m:4s)
Total CPU time used: 4.109 sec (0h:0m:4s)
Total wall-clock time used: 4.224 sec (0h:0m:4s)

Analysis results written to: 
  IQ-TREE report:                cluster4946rr.1to1ortho.fa.aln-cln_gene407.fa.iqtree
  Maximum-likelihood tree:       cluster4946rr.1to1ortho.fa.aln-cln_gene407.fa.treefile
  Likelihood distances:          cluster4946rr.1to1ortho.fa.aln-cln_gene407.fa.mldist
  Screen log file:               cluster4946rr.1to1ortho.fa.aln-cln_gene407.fa.log

Date and Time: Mon Nov 25 11:02:17 2019
