IQ-TREE multicore version 1.6.11 for Mac OS X 64-bit built Jul 12 2019
Developed by Bui Quang Minh, Nguyen Lam Tung, Olga Chernomor,
Heiko Schmidt, Dominik Schrempf, Michael Woodhams.

Host:    slpc437 (AVX2, FMA3, 16 GB RAM)
Command: iqtree -s cluster2855rr.1to1ortho.fa.aln-cln_gene1157.fa -nt 4 -m GTR+G -alrt 1000
Seed:    14926 (Using SPRNG - Scalable Parallel Random Number Generator)
Time:    Mon Nov 25 10:15:41 2019
Kernel:  AVX+FMA - 4 threads (6 CPU cores detected)

Reading alignment file cluster2855rr.1to1ortho.fa.aln-cln_gene1157.fa ... Fasta format detected
Alignment most likely contains DNA/RNA sequences
Alignment has 13 sequences with 994 columns, 463 distinct patterns
341 parsimony-informative, 138 singleton sites, 515 constant sites
           Gap/Ambiguity  Composition  p-value
   1  DrolusSFB    0.50%    passed     99.22%
   2  Dino         0.10%    passed     74.90%
   3  MJM3360      2.92%    passed     89.54%
   4  DrobinSFB    3.52%    passed     56.43%
   5  Neam         0.50%    passed     79.31%
   6  RuprSFB      2.52%    passed     93.34%
   7  Retr         5.43%    passed     78.39%
   8  Beta         2.21%    passed     76.55%
   9  Spol         2.62%    passed     76.23%
  10  MJM1652      0.00%    passed     67.54%
  11  NepSFB       0.50%    passed     87.40%
  12  WPYJ        14.89%    passed     64.85%
  13  MJM2940      1.71%    passed     95.42%
****  TOTAL        2.88%  0 sequences failed composition chi2 test (p-value<5%; df=3)

Create initial parsimony tree by phylogenetic likelihood library (PLL)... 0.001 seconds

NOTE: 0 MB RAM (0 GB) is required!
Estimate model parameters (epsilon = 0.100)
1. Initial log-likelihood: -6670.619
2. Current log-likelihood: -6396.483
3. Current log-likelihood: -6394.871
Optimal log-likelihood: -6394.835
Rate parameters:  A-C: 2.12401  A-G: 4.31261  A-T: 2.07083  C-G: 1.45389  C-T: 7.60500  G-T: 1.00000
Base frequencies:  A: 0.276  C: 0.195  G: 0.272  T: 0.257
Gamma shape alpha: 0.410
Parameters optimization took 3 rounds (0.031 sec)
Computing ML distances based on estimated model parameters... 0.001 sec
Computing BIONJ tree...
0.002 seconds
Log-likelihood of BIONJ tree: -6394.352
--------------------------------------------------------------------
|             INITIALIZING CANDIDATE TREE SET                      |
--------------------------------------------------------------------
Generating 98 parsimony trees... 0.074 second
Computing log-likelihood of 97 initial trees ... 0.405 seconds
Current best score: -6394.352

Do NNI search on 20 best initial trees
Estimate model parameters (epsilon = 0.100)
BETTER TREE FOUND at iteration 1: -6394.337
Iteration 10 / LogL: -6394.576 / Time: 0h:0m:0s
Iteration 20 / LogL: -6394.504 / Time: 0h:0m:0s
Finish initializing candidate tree set (3)
Current best tree score: -6394.337 / CPU time: 0.944
Number of iterations: 20
--------------------------------------------------------------------
|               OPTIMIZING CANDIDATE TREE SET                      |
--------------------------------------------------------------------
Iteration 30 / LogL: -6394.341 / Time: 0h:0m:1s (0h:0m:3s left)
Iteration 40 / LogL: -6394.782 / Time: 0h:0m:1s (0h:0m:2s left)
Iteration 50 / LogL: -6394.435 / Time: 0h:0m:2s (0h:0m:2s left)
Iteration 60 / LogL: -6394.637 / Time: 0h:0m:2s (0h:0m:1s left)
UPDATE BEST LOG-LIKELIHOOD: -6394.337
Iteration 70 / LogL: -6394.573 / Time: 0h:0m:2s (0h:0m:1s left)
Iteration 80 / LogL: -6394.496 / Time: 0h:0m:3s (0h:0m:0s left)
Iteration 90 / LogL: -6394.340 / Time: 0h:0m:3s (0h:0m:0s left)
Iteration 100 / LogL: -6394.339 / Time: 0h:0m:4s (0h:0m:0s left)
TREE SEARCH COMPLETED AFTER 102 ITERATIONS / Time: 0h:0m:4s

--------------------------------------------------------------------
|                    FINALIZING TREE SEARCH                        |
--------------------------------------------------------------------
Performs final model parameters optimization
Estimate model parameters (epsilon = 0.010)
1. Initial log-likelihood: -6394.337
Optimal log-likelihood: -6394.337
Rate parameters:  A-C: 2.12078  A-G: 4.33060  A-T: 2.10896  C-G: 1.48173  C-T: 7.67227  G-T: 1.00000
Base frequencies:  A: 0.276  C: 0.195  G: 0.272  T: 0.257
Gamma shape alpha: 0.413
Parameters optimization took 1 rounds (0.004 sec)
BEST SCORE FOUND : -6394.337

Testing tree branches by SH-like aLRT with 1000 replicates...
0.064 sec.
Total tree length: 1.603

Total number of iterations: 102
CPU time used for tree search: 4.209 sec (0h:0m:4s)
Wall-clock time used for tree search: 4.085 sec (0h:0m:4s)
Total CPU time used: 4.493 sec (0h:0m:4s)
Total wall-clock time used: 4.203 sec (0h:0m:4s)

Analysis results written to: 
  IQ-TREE report:                cluster2855rr.1to1ortho.fa.aln-cln_gene1157.fa.iqtree
  Maximum-likelihood tree:       cluster2855rr.1to1ortho.fa.aln-cln_gene1157.fa.treefile
  Likelihood distances:          cluster2855rr.1to1ortho.fa.aln-cln_gene1157.fa.mldist
  Screen log file:               cluster2855rr.1to1ortho.fa.aln-cln_gene1157.fa.log

Date and Time: Mon Nov 25 10:15:45 2019
