IQ-TREE multicore version 1.6.11 for Mac OS X 64-bit built Jul 12 2019
Developed by Bui Quang Minh, Nguyen Lam Tung, Olga Chernomor,
Heiko Schmidt, Dominik Schrempf, Michael Woodhams.

Host:    slpc437 (AVX2, FMA3, 16 GB RAM)
Command: iqtree -s cluster5466rr.1to1ortho.fa.aln-cln_gene645.fa -nt 4 -m GTR+G -alrt 1000
Seed:    871888 (Using SPRNG - Scalable Parallel Random Number Generator)
Time:    Mon Nov 25 11:08:23 2019
Kernel:  AVX+FMA - 4 threads (6 CPU cores detected)

Reading alignment file cluster5466rr.1to1ortho.fa.aln-cln_gene645.fa ... Fasta format detected
Alignment most likely contains DNA/RNA sequences
Alignment has 13 sequences with 2655 columns, 1287 distinct patterns
969 parsimony-informative, 429 singleton sites, 1257 constant sites
           Gap/Ambiguity  Composition  p-value
   1  DrolusSFB    1.05%    passed     79.44%
   2  Dino         0.79%    passed     71.18%
   3  MJM3360      4.03%    passed     90.41%
   4  DrobinSFB   12.81%    passed     46.32%
   5  Neam         1.24%    passed     77.38%
   6  RuprSFB      5.01%    passed     86.16%
   7  Retr        36.99%    passed     59.48%
   8  Beta         3.50%    passed     21.47%
   9  Spol         4.07%    passed     48.99%
  10  MJM1652     12.66%    passed     84.78%
  11  NepSFB       1.24%    passed     66.04%
  12  WPYJ        37.89%    passed     20.35%
  13  MJM2940      1.02%    passed     93.77%
****  TOTAL        9.41%  0 sequences failed composition chi2 test (p-value<5%; df=3)

Create initial parsimony tree by phylogenetic likelihood library (PLL)... 0.001 seconds

NOTE: 2 MB RAM (0 GB) is required!
Estimate model parameters (epsilon = 0.100)
1. Initial log-likelihood: -17781.288
2. Current log-likelihood: -17098.283
3. Current log-likelihood: -17092.487
Optimal log-likelihood: -17092.382
Rate parameters:  A-C: 1.76690  A-G: 3.89926  A-T: 1.33316  C-G: 1.37026  C-T: 5.74642  G-T: 1.00000
Base frequencies:  A: 0.289  C: 0.185  G: 0.243  T: 0.283
Gamma shape alpha: 0.525
Parameters optimization took 3 rounds (0.054 sec)
Computing ML distances based on estimated model parameters... 0.002 sec
Computing BIONJ tree...
0.002 seconds
Log-likelihood of BIONJ tree: -17088.639
--------------------------------------------------------------------
|             INITIALIZING CANDIDATE TREE SET                      |
--------------------------------------------------------------------
Generating 98 parsimony trees... 0.128 second
Computing log-likelihood of 98 initial trees ... 0.518 seconds
Current best score: -17088.639

Do NNI search on 20 best initial trees
Estimate model parameters (epsilon = 0.100)
BETTER TREE FOUND at iteration 1: -17087.470
Iteration 10 / LogL: -17087.478 / Time: 0h:0m:1s
Iteration 20 / LogL: -17087.481 / Time: 0h:0m:1s
Finish initializing candidate tree set (1)
Current best tree score: -17087.470 / CPU time: 1.366
Number of iterations: 20
--------------------------------------------------------------------
|               OPTIMIZING CANDIDATE TREE SET                      |
--------------------------------------------------------------------
Iteration 30 / LogL: -17087.481 / Time: 0h:0m:1s (0h:0m:4s left)
Iteration 40 / LogL: -17087.695 / Time: 0h:0m:2s (0h:0m:3s left)
Iteration 50 / LogL: -17090.715 / Time: 0h:0m:2s (0h:0m:2s left)
Iteration 60 / LogL: -17087.515 / Time: 0h:0m:3s (0h:0m:2s left)
UPDATE BEST LOG-LIKELIHOOD: -17087.470
Iteration 70 / LogL: -17087.696 / Time: 0h:0m:3s (0h:0m:1s left)
Iteration 80 / LogL: -17087.500 / Time: 0h:0m:4s (0h:0m:1s left)
Iteration 90 / LogL: -17122.433 / Time: 0h:0m:4s (0h:0m:0s left)
Iteration 100 / LogL: -17088.334 / Time: 0h:0m:5s (0h:0m:0s left)
TREE SEARCH COMPLETED AFTER 102 ITERATIONS / Time: 0h:0m:5s

--------------------------------------------------------------------
|                    FINALIZING TREE SEARCH                        |
--------------------------------------------------------------------
Performs final model parameters optimization
Estimate model parameters (epsilon = 0.010)
1. Initial log-likelihood: -17087.470
Optimal log-likelihood: -17087.469
Rate parameters:  A-C: 1.77203  A-G: 3.90276  A-T: 1.33522  C-G: 1.37151  C-T: 5.75064  G-T: 1.00000
Base frequencies:  A: 0.289  C: 0.185  G: 0.243  T: 0.283
Gamma shape alpha: 0.523
Parameters optimization took 1 rounds (0.007 sec)
BEST SCORE FOUND : -17087.469

Testing tree branches by SH-like aLRT with 1000 replicates...
0.144 sec.
Total tree length: 1.792

Total number of iterations: 102
CPU time used for tree search: 7.707 sec (0h:0m:7s)
Wall-clock time used for tree search: 5.085 sec (0h:0m:5s)
Total CPU time used: 8.410 sec (0h:0m:8s)
Total wall-clock time used: 5.313 sec (0h:0m:5s)

Analysis results written to: 
  IQ-TREE report:                cluster5466rr.1to1ortho.fa.aln-cln_gene645.fa.iqtree
  Maximum-likelihood tree:       cluster5466rr.1to1ortho.fa.aln-cln_gene645.fa.treefile
  Likelihood distances:          cluster5466rr.1to1ortho.fa.aln-cln_gene645.fa.mldist
  Screen log file:               cluster5466rr.1to1ortho.fa.aln-cln_gene645.fa.log

Date and Time: Mon Nov 25 11:08:29 2019
