IQ-TREE multicore version 1.6.11 for Mac OS X 64-bit built Jul 12 2019
Developed by Bui Quang Minh, Nguyen Lam Tung, Olga Chernomor,
Heiko Schmidt, Dominik Schrempf, Michael Woodhams.

Host:    slpc437 (AVX2, FMA3, 16 GB RAM)
Command: iqtree -s cluster2053rr.1to1ortho.fa.aln-cln_gene569.fa -nt 4 -m GTR+G -alrt 1000
Seed:    528807 (Using SPRNG - Scalable Parallel Random Number Generator)
Time:    Mon Nov 25 09:55:19 2019
Kernel:  AVX+FMA - 4 threads (6 CPU cores detected)

Reading alignment file cluster2053rr.1to1ortho.fa.aln-cln_gene569.fa ... Fasta format detected
Alignment most likely contains DNA/RNA sequences
Alignment has 13 sequences with 1284 columns, 618 distinct patterns
457 parsimony-informative, 203 singleton sites, 624 constant sites
           Gap/Ambiguity  Composition  p-value
   1  DrolusSFB    0.86%    failed      4.98%
   2  Dino        10.12%    passed     69.89%
   3  MJM3360     17.37%    passed     13.02%
   4  DrobinSFB   45.48%    passed     14.50%
   5  Neam         0.70%    passed     45.54%
   6  RuprSFB     17.21%    passed     72.29%
   7  Retr        47.35%    passed     25.41%
   8  Beta        18.07%    passed     76.71%
   9  Spol        17.83%    passed     90.93%
  10  MJM1652     12.62%    passed     79.01%
  11  NepSFB       0.70%    passed     52.39%
  12  WPYJ        26.17%    passed     50.40%
  13  MJM2940      0.86%    passed      7.02%
****  TOTAL       16.56%  1 sequences failed composition chi2 test (p-value<5%; df=3)

Create initial parsimony tree by phylogenetic likelihood library (PLL)... 0.001 seconds

NOTE: 1 MB RAM (0 GB) is required!
Estimate model parameters (epsilon = 0.100)
1. Initial log-likelihood: -8148.077
2. Current log-likelihood: -7833.613
3. Current log-likelihood: -7831.126
Optimal log-likelihood: -7831.091
Rate parameters:  A-C: 2.15186  A-G: 5.02587  A-T: 2.41024  C-G: 1.64478  C-T: 7.76567  G-T: 1.00000
Base frequencies:  A: 0.276  C: 0.211  G: 0.266  T: 0.247
Gamma shape alpha: 0.539
Parameters optimization took 3 rounds (0.038 sec)
Computing ML distances based on estimated model parameters... 0.001 sec
Computing BIONJ tree...
0.002 seconds
Log-likelihood of BIONJ tree: -7826.510
--------------------------------------------------------------------
|             INITIALIZING CANDIDATE TREE SET                      |
--------------------------------------------------------------------
Generating 98 parsimony trees... 0.091 second
Computing log-likelihood of 98 initial trees ... 0.445 seconds
Current best score: -7826.510

Do NNI search on 20 best initial trees
Estimate model parameters (epsilon = 0.100)
BETTER TREE FOUND at iteration 1: -7826.467
Iteration 10 / LogL: -7826.630 / Time: 0h:0m:0s
Iteration 20 / LogL: -7826.522 / Time: 0h:0m:1s
Finish initializing candidate tree set (1)
Current best tree score: -7826.467 / CPU time: 1.198
Number of iterations: 20
--------------------------------------------------------------------
|               OPTIMIZING CANDIDATE TREE SET                      |
--------------------------------------------------------------------
Iteration 30 / LogL: -7826.468 / Time: 0h:0m:1s (0h:0m:4s left)
UPDATE BEST LOG-LIKELIHOOD: -7826.467
Iteration 40 / LogL: -7826.467 / Time: 0h:0m:2s (0h:0m:3s left)
Iteration 50 / LogL: -7826.470 / Time: 0h:0m:2s (0h:0m:2s left)
Iteration 60 / LogL: -7826.602 / Time: 0h:0m:2s (0h:0m:1s left)
Iteration 70 / LogL: -7826.552 / Time: 0h:0m:3s (0h:0m:1s left)
Iteration 80 / LogL: -7826.469 / Time: 0h:0m:3s (0h:0m:0s left)
Iteration 90 / LogL: -7826.493 / Time: 0h:0m:4s (0h:0m:0s left)
Iteration 100 / LogL: -7826.682 / Time: 0h:0m:4s (0h:0m:0s left)
TREE SEARCH COMPLETED AFTER 102 ITERATIONS / Time: 0h:0m:4s

--------------------------------------------------------------------
|                    FINALIZING TREE SEARCH                        |
--------------------------------------------------------------------
Performs final model parameters optimization
Estimate model parameters (epsilon = 0.010)
1. Initial log-likelihood: -7826.467
Optimal log-likelihood: -7826.467
Rate parameters:  A-C: 2.16541  A-G: 4.96621  A-T: 2.44330  C-G: 1.66429  C-T: 7.77720  G-T: 1.00000
Base frequencies:  A: 0.276  C: 0.211  G: 0.266  T: 0.247
Gamma shape alpha: 0.539
Parameters optimization took 1 rounds (0.005 sec)
BEST SCORE FOUND : -7826.467

Testing tree branches by SH-like aLRT with 1000 replicates...
0.077 sec.
Total tree length: 1.798

Total number of iterations: 102
CPU time used for tree search: 5.170 sec (0h:0m:5s)
Wall-clock time used for tree search: 4.533 sec (0h:0m:4s)
Total CPU time used: 5.531 sec (0h:0m:5s)
Total wall-clock time used: 4.673 sec (0h:0m:4s)

Analysis results written to: 
  IQ-TREE report:                cluster2053rr.1to1ortho.fa.aln-cln_gene569.fa.iqtree
  Maximum-likelihood tree:       cluster2053rr.1to1ortho.fa.aln-cln_gene569.fa.treefile
  Likelihood distances:          cluster2053rr.1to1ortho.fa.aln-cln_gene569.fa.mldist
  Screen log file:               cluster2053rr.1to1ortho.fa.aln-cln_gene569.fa.log

Date and Time: Mon Nov 25 09:55:24 2019
