IQ-TREE multicore version 1.6.11 for Mac OS X 64-bit built Jul 12 2019
Developed by Bui Quang Minh, Nguyen Lam Tung, Olga Chernomor,
Heiko Schmidt, Dominik Schrempf, Michael Woodhams.

Host:    slpc437 (AVX2, FMA3, 16 GB RAM)
Command: iqtree -s cluster4979rr.1to1ortho.fa.aln-cln_gene173.fa -nt 4 -m GTR+G -alrt 1000
Seed:    347999 (Using SPRNG - Scalable Parallel Random Number Generator)
Time:    Mon Nov 25 11:02:51 2019
Kernel:  AVX+FMA - 4 threads (6 CPU cores detected)

Reading alignment file cluster4979rr.1to1ortho.fa.aln-cln_gene173.fa ... Fasta format detected
Alignment most likely contains DNA/RNA sequences
Alignment has 13 sequences with 2091 columns, 1098 distinct patterns
913 parsimony-informative, 353 singleton sites, 825 constant sites
           Gap/Ambiguity  Composition  p-value
   1  DrolusSFB    1.29%    passed     43.89%
   2  Dino         0.00%    passed     76.75%
   3  MJM3360     14.01%    passed     12.57%
   4  DrobinSFB    2.06%    passed      7.87%
   5  Neam         0.14%    passed     49.61%
   6  RuprSFB      1.00%    passed     69.09%
   7  Retr         2.63%    passed     10.54%
   8  Beta         3.59%    failed      3.13%
   9  Spol         2.44%    failed      0.31%
  10  MJM1652      0.33%    failed      3.05%
  11  NepSFB       0.14%    passed     38.54%
  12  WPYJ         3.30%    passed     20.23%
  13  MJM2940      0.29%    passed     51.58%
****  TOTAL        2.40%  3 sequences failed composition chi2 test (p-value<5%; df=3)

Create initial parsimony tree by phylogenetic likelihood library (PLL)... 0.001 seconds

NOTE: 1 MB RAM (0 GB) is required!
Estimate model parameters (epsilon = 0.100)
1. Initial log-likelihood: -16047.128
2. Current log-likelihood: -15548.383
3. Current log-likelihood: -15544.980
Optimal log-likelihood: -15544.936
Rate parameters:  A-C: 1.13384  A-G: 2.72432  A-T: 0.86856  C-G: 1.04369  C-T: 4.24891  G-T: 1.00000
Base frequencies:  A: 0.314  C: 0.159  G: 0.300  T: 0.227
Gamma shape alpha: 0.678
Parameters optimization took 3 rounds (0.044 sec)
Computing ML distances based on estimated model parameters... 0.002 sec
Computing BIONJ tree...
0.002 seconds
Log-likelihood of BIONJ tree: -15543.168
--------------------------------------------------------------------
|             INITIALIZING CANDIDATE TREE SET                      |
--------------------------------------------------------------------
Generating 98 parsimony trees... 0.111 second
Computing log-likelihood of 98 initial trees ... 0.483 seconds
Current best score: -15543.168

Do NNI search on 20 best initial trees
Estimate model parameters (epsilon = 0.100)
BETTER TREE FOUND at iteration 1: -15543.164
Iteration 10 / LogL: -15543.190 / Time: 0h:0m:0s
Iteration 20 / LogL: -15543.187 / Time: 0h:0m:1s
Finish initializing candidate tree set (1)
Current best tree score: -15543.164 / CPU time: 1.362
Number of iterations: 20
--------------------------------------------------------------------
|               OPTIMIZING CANDIDATE TREE SET                      |
--------------------------------------------------------------------
Iteration 30 / LogL: -15546.961 / Time: 0h:0m:1s (0h:0m:4s left)
Iteration 40 / LogL: -15544.012 / Time: 0h:0m:2s (0h:0m:3s left)
Iteration 50 / LogL: -15543.265 / Time: 0h:0m:2s (0h:0m:2s left)
Iteration 60 / LogL: -15543.238 / Time: 0h:0m:3s (0h:0m:2s left)
Iteration 70 / LogL: -15544.974 / Time: 0h:0m:3s (0h:0m:1s left)
UPDATE BEST LOG-LIKELIHOOD: -15543.164
UPDATE BEST LOG-LIKELIHOOD: -15543.164
Iteration 80 / LogL: -15543.239 / Time: 0h:0m:3s (0h:0m:1s left)
Iteration 90 / LogL: -15543.201 / Time: 0h:0m:4s (0h:0m:0s left)
Iteration 100 / LogL: -15543.600 / Time: 0h:0m:4s (0h:0m:0s left)
TREE SEARCH COMPLETED AFTER 102 ITERATIONS / Time: 0h:0m:4s

--------------------------------------------------------------------
|                    FINALIZING TREE SEARCH                        |
--------------------------------------------------------------------
Performs final model parameters optimization
Estimate model parameters (epsilon = 0.010)
1. Initial log-likelihood: -15543.164
Optimal log-likelihood: -15543.163
Rate parameters:  A-C: 1.13265  A-G: 2.72032  A-T: 0.86807  C-G: 1.03736  C-T: 4.25283  G-T: 1.00000
Base frequencies:  A: 0.314  C: 0.159  G: 0.300  T: 0.227
Gamma shape alpha: 0.677
Parameters optimization took 1 rounds (0.006 sec)
BEST SCORE FOUND : -15543.163

Testing tree branches by SH-like aLRT with 1000 replicates...
0.120 sec.
Total tree length: 2.016

Total number of iterations: 102
CPU time used for tree search: 6.869 sec (0h:0m:6s)
Wall-clock time used for tree search: 4.866 sec (0h:0m:4s)
Total CPU time used: 7.430 sec (0h:0m:7s)
Total wall-clock time used: 5.057 sec (0h:0m:5s)

Analysis results written to: 
  IQ-TREE report:                cluster4979rr.1to1ortho.fa.aln-cln_gene173.fa.iqtree
  Maximum-likelihood tree:       cluster4979rr.1to1ortho.fa.aln-cln_gene173.fa.treefile
  Likelihood distances:          cluster4979rr.1to1ortho.fa.aln-cln_gene173.fa.mldist
  Screen log file:               cluster4979rr.1to1ortho.fa.aln-cln_gene173.fa.log

Date and Time: Mon Nov 25 11:02:56 2019
