IQ-TREE multicore version 1.6.11 for Mac OS X 64-bit built Jul 12 2019
Developed by Bui Quang Minh, Nguyen Lam Tung, Olga Chernomor,
Heiko Schmidt, Dominik Schrempf, Michael Woodhams.

Host:    slpc437 (AVX2, FMA3, 16 GB RAM)
Command: iqtree -s cluster4281rr.1to1ortho.fa.aln-cln_gene238.fa -nt 4 -m GTR+G -alrt 1000
Seed:    1025 (Using SPRNG - Scalable Parallel Random Number Generator)
Time:    Mon Nov 25 10:48:00 2019
Kernel:  AVX+FMA - 4 threads (6 CPU cores detected)

Reading alignment file cluster4281rr.1to1ortho.fa.aln-cln_gene238.fa ... Fasta format detected
Alignment most likely contains DNA/RNA sequences
Alignment has 13 sequences with 2597 columns, 1290 distinct patterns
1098 parsimony-informative, 487 singleton sites, 1012 constant sites
           Gap/Ambiguity  Composition  p-value
   1  DrolusSFB    1.93%    passed     50.75%
   2  Dino        18.79%    passed     74.63%
   3  MJM3360     22.10%    passed     74.44%
   4  DrobinSFB   18.48%    failed      1.17%
   5  Neam         4.08%    passed     92.76%
   6  RuprSFB     22.10%    passed     89.90%
   7  Retr        21.06%    passed     46.59%
   8  Beta         3.35%    passed     18.93%
   9  Spol         3.47%    passed      7.06%
  10  MJM1652     18.17%    passed     51.38%
  11  NepSFB       1.46%    passed     95.32%
  12  WPYJ        20.99%    passed     42.82%
  13  MJM2940     17.64%    passed     82.22%
****  TOTAL       13.36%  1 sequences failed composition chi2 test (p-value<5%; df=3)

Create initial parsimony tree by phylogenetic likelihood library (PLL)... 0.002 seconds

NOTE: 2 MB RAM (0 GB) is required!
Estimate model parameters (epsilon = 0.100)
1. Initial log-likelihood: -18671.230
2. Current log-likelihood: -18068.523
3. Current log-likelihood: -18065.202
Optimal log-likelihood: -18065.178
Rate parameters:  A-C: 1.75689  A-G: 3.36167  A-T: 1.29434  C-G: 1.15721  C-T: 4.83807  G-T: 1.00000
Base frequencies:  A: 0.310  C: 0.167  G: 0.272  T: 0.251
Gamma shape alpha: 0.803
Parameters optimization took 3 rounds (0.052 sec)
Computing ML distances based on estimated model parameters... 0.002 sec
Computing BIONJ tree...
0.002 seconds
Log-likelihood of BIONJ tree: -18063.082
--------------------------------------------------------------------
|             INITIALIZING CANDIDATE TREE SET                      |
--------------------------------------------------------------------
Generating 98 parsimony trees... 0.132 second
Computing log-likelihood of 97 initial trees ... 0.518 seconds
Current best score: -18063.082

Do NNI search on 20 best initial trees
Estimate model parameters (epsilon = 0.100)
BETTER TREE FOUND at iteration 1: -18063.079
Iteration 10 / LogL: -18063.096 / Time: 0h:0m:1s
Iteration 20 / LogL: -18064.017 / Time: 0h:0m:1s
Finish initializing candidate tree set (1)
Current best tree score: -18063.079 / CPU time: 1.362
Number of iterations: 20
--------------------------------------------------------------------
|               OPTIMIZING CANDIDATE TREE SET                      |
--------------------------------------------------------------------
UPDATE BEST LOG-LIKELIHOOD: -18063.079
Iteration 30 / LogL: -18063.417 / Time: 0h:0m:1s (0h:0m:4s left)
Iteration 40 / LogL: -18064.129 / Time: 0h:0m:2s (0h:0m:3s left)
Iteration 50 / LogL: -18063.366 / Time: 0h:0m:2s (0h:0m:2s left)
Iteration 60 / LogL: -18063.143 / Time: 0h:0m:3s (0h:0m:2s left)
Iteration 70 / LogL: -18063.089 / Time: 0h:0m:3s (0h:0m:1s left)
Iteration 80 / LogL: -18063.093 / Time: 0h:0m:4s (0h:0m:1s left)
Iteration 90 / LogL: -18063.099 / Time: 0h:0m:4s (0h:0m:0s left)
Iteration 100 / LogL: -18063.088 / Time: 0h:0m:5s (0h:0m:0s left)
TREE SEARCH COMPLETED AFTER 102 ITERATIONS / Time: 0h:0m:5s

--------------------------------------------------------------------
|                    FINALIZING TREE SEARCH                        |
--------------------------------------------------------------------
Performs final model parameters optimization
Estimate model parameters (epsilon = 0.010)
1. Initial log-likelihood: -18063.079
Optimal log-likelihood: -18063.079
Rate parameters:  A-C: 1.75246  A-G: 3.35763  A-T: 1.29515  C-G: 1.16115  C-T: 4.84393  G-T: 1.00000
Base frequencies:  A: 0.310  C: 0.167  G: 0.272  T: 0.251
Gamma shape alpha: 0.803
Parameters optimization took 1 rounds (0.007 sec)
BEST SCORE FOUND : -18063.079

Testing tree branches by SH-like aLRT with 1000 replicates...
0.142 sec.
Total tree length: 2.141

Total number of iterations: 102
CPU time used for tree search: 8.388 sec (0h:0m:8s)
Wall-clock time used for tree search: 5.489 sec (0h:0m:5s)
Total CPU time used: 9.070 sec (0h:0m:9s)
Total wall-clock time used: 5.711 sec (0h:0m:5s)

Analysis results written to: 
  IQ-TREE report:                cluster4281rr.1to1ortho.fa.aln-cln_gene238.fa.iqtree
  Maximum-likelihood tree:       cluster4281rr.1to1ortho.fa.aln-cln_gene238.fa.treefile
  Likelihood distances:          cluster4281rr.1to1ortho.fa.aln-cln_gene238.fa.mldist
  Screen log file:               cluster4281rr.1to1ortho.fa.aln-cln_gene238.fa.log

Date and Time: Mon Nov 25 10:48:05 2019
