IQ-TREE multicore version 1.6.11 for Mac OS X 64-bit built Jul 12 2019
Developed by Bui Quang Minh, Nguyen Lam Tung, Olga Chernomor,
Heiko Schmidt, Dominik Schrempf, Michael Woodhams.

Host:    slpc437 (AVX2, FMA3, 16 GB RAM)
Command: iqtree -s cluster4018rr.1to1ortho.fa.aln-cln_gene781.fa -nt 4 -m GTR+G -alrt 1000
Seed:    436089 (Using SPRNG - Scalable Parallel Random Number Generator)
Time:    Mon Nov 25 10:43:16 2019
Kernel:  AVX+FMA - 4 threads (6 CPU cores detected)

Reading alignment file cluster4018rr.1to1ortho.fa.aln-cln_gene781.fa ... Fasta format detected
Alignment most likely contains DNA/RNA sequences
Alignment has 13 sequences with 486 columns, 189 distinct patterns
139 parsimony-informative, 61 singleton sites, 286 constant sites
           Gap/Ambiguity  Composition  p-value
   1  DrolusSFB    0.00%    passed     92.17%
   2  Dino         0.00%    passed     92.89%
   3  MJM3360      0.00%    passed     80.14%
   4  DrobinSFB    0.00%    passed     98.13%
   5  Neam         0.00%    passed     95.00%
   6  RuprSFB      0.00%    passed     93.83%
   7  Retr         0.00%    passed     95.91%
   8  Beta         0.00%    passed     92.45%
   9  Spol         0.00%    passed     99.17%
  10  MJM1652      0.00%    passed     78.47%
  11  NepSFB       0.00%    passed     97.19%
  12  WPYJ         2.06%    passed     64.45%
  13  MJM2940      0.00%    passed     68.79%
****  TOTAL        0.16%  0 sequences failed composition chi2 test (p-value<5%; df=3)

Create initial parsimony tree by phylogenetic likelihood library (PLL)... 0.000 seconds

NOTE: 0 MB RAM (0 GB) is required!
WARNING: Number of threads seems too high for short alignments. Use -nt AUTO to determine best number of threads.
Estimate model parameters (epsilon = 0.100)
1. Initial log-likelihood: -2871.153
2. Current log-likelihood: -2691.959
3. Current log-likelihood: -2689.062
4. Current log-likelihood: -2688.958
Optimal log-likelihood: -2688.929
Rate parameters:  A-C: 2.29496  A-G: 6.57112  A-T: 1.05999  C-G: 2.42735  C-T: 11.08122  G-T: 1.00000
Base frequencies:  A: 0.305  C: 0.162  G: 0.245  T: 0.289
Gamma shape alpha: 0.288
Parameters optimization took 4 rounds (0.037 sec)
Computing ML distances based on estimated model parameters... 0.001 sec
Computing BIONJ tree...
0.002 seconds
Log-likelihood of BIONJ tree: -2684.851
--------------------------------------------------------------------
|             INITIALIZING CANDIDATE TREE SET                      |
--------------------------------------------------------------------
Generating 98 parsimony trees... 0.053 second
Computing log-likelihood of 98 initial trees ... 0.387 seconds
Current best score: -2684.851

Do NNI search on 20 best initial trees
Estimate model parameters (epsilon = 0.100)
BETTER TREE FOUND at iteration 1: -2682.936
UPDATE BEST LOG-LIKELIHOOD: -2682.936
Estimate model parameters (epsilon = 0.100)
BETTER TREE FOUND at iteration 10: -2682.241
Iteration 10 / LogL: -2682.241 / Time: 0h:0m:0s
UPDATE BEST LOG-LIKELIHOOD: -2682.241
Iteration 20 / LogL: -2686.665 / Time: 0h:0m:1s
Finish initializing candidate tree set (8)
Current best tree score: -2682.241 / CPU time: 1.110
Number of iterations: 20
--------------------------------------------------------------------
|               OPTIMIZING CANDIDATE TREE SET                      |
--------------------------------------------------------------------
UPDATE BEST LOG-LIKELIHOOD: -2682.241
Iteration 30 / LogL: -2682.241 / Time: 0h:0m:1s (0h:0m:4s left)
UPDATE BEST LOG-LIKELIHOOD: -2682.241
Iteration 40 / LogL: -2684.835 / Time: 0h:0m:2s (0h:0m:3s left)
UPDATE BEST LOG-LIKELIHOOD: -2682.241
Iteration 50 / LogL: -2682.241 / Time: 0h:0m:2s (0h:0m:2s left)
Iteration 60 / LogL: -2684.970 / Time: 0h:0m:2s (0h:0m:2s left)
Iteration 70 / LogL: -2682.241 / Time: 0h:0m:3s (0h:0m:1s left)
UPDATE BEST LOG-LIKELIHOOD: -2682.241
Iteration 80 / LogL: -2682.427 / Time: 0h:0m:3s (0h:0m:1s left)
Iteration 90 / LogL: -2682.241 / Time: 0h:0m:4s (0h:0m:0s left)
UPDATE BEST LOG-LIKELIHOOD: -2682.241
Iteration 100 / LogL: -2684.820 / Time: 0h:0m:4s (0h:0m:0s left)
UPDATE BEST LOG-LIKELIHOOD: -2682.241
Iteration 110 / LogL: -2682.241 / Time: 0h:0m:4s (0h:0m:0s left)
TREE SEARCH COMPLETED AFTER 111 ITERATIONS / Time: 0h:0m:4s

--------------------------------------------------------------------
|                    FINALIZING TREE SEARCH                        |
--------------------------------------------------------------------
Performs final model parameters optimization
Estimate model parameters (epsilon = 0.010)
1. Initial log-likelihood: -2682.241
2. Current log-likelihood: -2682.229
Optimal log-likelihood: -2682.228
Rate parameters:  A-C: 2.91718  A-G: 7.66071  A-T: 1.11282  C-G: 3.13907  C-T: 13.05591  G-T: 1.00000
Base frequencies:  A: 0.305  C: 0.162  G: 0.245  T: 0.289
Gamma shape alpha: 0.289
Parameters optimization took 2 rounds (0.008 sec)
BEST SCORE FOUND : -2682.228

Testing tree branches by SH-like aLRT with 1000 replicates...
0.034 sec.
Total tree length: 1.389

Total number of iterations: 111
CPU time used for tree search: 3.893 sec (0h:0m:3s)
Wall-clock time used for tree search: 4.759 sec (0h:0m:4s)
Total CPU time used: 4.071 sec (0h:0m:4s)
Total wall-clock time used: 4.857 sec (0h:0m:4s)

Analysis results written to: 
  IQ-TREE report:                cluster4018rr.1to1ortho.fa.aln-cln_gene781.fa.iqtree
  Maximum-likelihood tree:       cluster4018rr.1to1ortho.fa.aln-cln_gene781.fa.treefile
  Likelihood distances:          cluster4018rr.1to1ortho.fa.aln-cln_gene781.fa.mldist
  Screen log file:               cluster4018rr.1to1ortho.fa.aln-cln_gene781.fa.log

Date and Time: Mon Nov 25 10:43:21 2019
