IQ-TREE multicore version 1.6.11 for Mac OS X 64-bit built Jul 12 2019
Developed by Bui Quang Minh, Nguyen Lam Tung, Olga Chernomor,
Heiko Schmidt, Dominik Schrempf, Michael Woodhams.

Host:    slpc437 (AVX2, FMA3, 16 GB RAM)
Command: iqtree -s cluster762rr.1to1ortho.fa.aln-cln_gene732.fa -nt 4 -m GTR+G -alrt 1000
Seed:    155744 (Using SPRNG - Scalable Parallel Random Number Generator)
Time:    Mon Nov 25 11:12:47 2019
Kernel:  AVX+FMA - 4 threads (6 CPU cores detected)

Reading alignment file cluster762rr.1to1ortho.fa.aln-cln_gene732.fa ... Fasta format detected
Alignment most likely contains DNA/RNA sequences
Alignment has 13 sequences with 1104 columns, 500 distinct patterns
350 parsimony-informative, 179 singleton sites, 575 constant sites
           Gap/Ambiguity  Composition  p-value
   1  DrolusSFB    1.45%    passed     90.49%
   2  Dino         2.36%    passed     49.63%
   3  MJM3360      4.08%    passed     55.38%
   4  DrobinSFB    2.36%    passed     29.34%
   5  Neam         0.00%    passed     97.88%
   6  RuprSFB      5.53%    passed     53.78%
   7  Retr        11.87%    passed     63.33%
   8  Beta         2.36%    passed     26.62%
   9  Spol         2.90%    passed     96.28%
  10  MJM1652      2.54%    passed     89.41%
  11  NepSFB       0.00%    passed     94.72%
  12  WPYJ        29.35%    passed     32.37%
  13  MJM2940      0.00%    passed     74.40%
****  TOTAL        4.98%  0 sequences failed composition chi2 test (p-value<5%; df=3)

Create initial parsimony tree by phylogenetic likelihood library (PLL)... 0.001 seconds

NOTE: 0 MB RAM (0 GB) is required!
Estimate model parameters (epsilon = 0.100)
1. Initial log-likelihood: -7114.918
2. Current log-likelihood: -6787.467
3. Current log-likelihood: -6783.341
Optimal log-likelihood: -6783.246
Rate parameters:  A-C: 1.85851  A-G: 6.36072  A-T: 2.48897  C-G: 2.08835  C-T: 9.72552  G-T: 1.00000
Base frequencies:  A: 0.279  C: 0.180  G: 0.245  T: 0.297
Gamma shape alpha: 0.413
Parameters optimization took 3 rounds (0.036 sec)
Computing ML distances based on estimated model parameters... 0.001 sec
Computing BIONJ tree...
0.002 seconds
Log-likelihood of BIONJ tree: -6774.024
--------------------------------------------------------------------
|             INITIALIZING CANDIDATE TREE SET                      |
--------------------------------------------------------------------
Generating 98 parsimony trees... 0.076 second
Computing log-likelihood of 97 initial trees ... 0.407 seconds
Current best score: -6774.024

Do NNI search on 20 best initial trees
Estimate model parameters (epsilon = 0.100)
BETTER TREE FOUND at iteration 1: -6773.952
Iteration 10 / LogL: -6773.990 / Time: 0h:0m:0s
Iteration 20 / LogL: -6773.960 / Time: 0h:0m:1s
Finish initializing candidate tree set (2)
Current best tree score: -6773.952 / CPU time: 1.311
Number of iterations: 20
--------------------------------------------------------------------
|               OPTIMIZING CANDIDATE TREE SET                      |
--------------------------------------------------------------------
Iteration 30 / LogL: -6774.006 / Time: 0h:0m:1s (0h:0m:4s left)
Iteration 40 / LogL: -6774.062 / Time: 0h:0m:2s (0h:0m:3s left)
Iteration 50 / LogL: -6785.203 / Time: 0h:0m:2s (0h:0m:2s left)
Iteration 60 / LogL: -6773.962 / Time: 0h:0m:2s (0h:0m:2s left)
Iteration 70 / LogL: -6774.089 / Time: 0h:0m:3s (0h:0m:1s left)
Iteration 80 / LogL: -6773.986 / Time: 0h:0m:3s (0h:0m:0s left)
Iteration 90 / LogL: -6786.424 / Time: 0h:0m:4s (0h:0m:0s left)
Iteration 100 / LogL: -6773.961 / Time: 0h:0m:4s (0h:0m:0s left)
TREE SEARCH COMPLETED AFTER 102 ITERATIONS / Time: 0h:0m:4s

--------------------------------------------------------------------
|                    FINALIZING TREE SEARCH                        |
--------------------------------------------------------------------
Performs final model parameters optimization
Estimate model parameters (epsilon = 0.010)
1. Initial log-likelihood: -6773.952
Optimal log-likelihood: -6773.946
Rate parameters:  A-C: 1.78550  A-G: 6.35616  A-T: 2.48780  C-G: 2.09256  C-T: 9.86727  G-T: 1.00000
Base frequencies:  A: 0.279  C: 0.180  G: 0.245  T: 0.297
Gamma shape alpha: 0.416
Parameters optimization took 1 rounds (0.005 sec)
BEST SCORE FOUND : -6773.946

Testing tree branches by SH-like aLRT with 1000 replicates...
0.071 sec.
Total tree length: 1.564

Total number of iterations: 102
CPU time used for tree search: 4.752 sec (0h:0m:4s)
Wall-clock time used for tree search: 4.494 sec (0h:0m:4s)
Total CPU time used: 5.070 sec (0h:0m:5s)
Total wall-clock time used: 4.625 sec (0h:0m:4s)

Analysis results written to: 
  IQ-TREE report:                cluster762rr.1to1ortho.fa.aln-cln_gene732.fa.iqtree
  Maximum-likelihood tree:       cluster762rr.1to1ortho.fa.aln-cln_gene732.fa.treefile
  Likelihood distances:          cluster762rr.1to1ortho.fa.aln-cln_gene732.fa.mldist
  Screen log file:               cluster762rr.1to1ortho.fa.aln-cln_gene732.fa.log

Date and Time: Mon Nov 25 11:12:51 2019
