IQ-TREE multicore version 1.6.11 for Mac OS X 64-bit built Jul 12 2019
Developed by Bui Quang Minh, Nguyen Lam Tung, Olga Chernomor,
Heiko Schmidt, Dominik Schrempf, Michael Woodhams.

Host:    slpc437 (AVX2, FMA3, 16 GB RAM)
Command: iqtree -s cluster2600rr.1to1ortho.fa.aln-cln_gene974.fa -nt 4 -m GTR+G -alrt 1000
Seed:    194221 (Using SPRNG - Scalable Parallel Random Number Generator)
Time:    Mon Nov 25 10:09:23 2019
Kernel:  AVX+FMA - 4 threads (6 CPU cores detected)

Reading alignment file cluster2600rr.1to1ortho.fa.aln-cln_gene974.fa ... Fasta format detected
Alignment most likely contains DNA/RNA sequences
Alignment has 13 sequences with 756 columns, 338 distinct patterns
262 parsimony-informative, 71 singleton sites, 423 constant sites
           Gap/Ambiguity  Composition  p-value
   1  DrolusSFB    0.13%    passed     43.90%
   2  Dino         3.70%    passed     91.11%
   3  MJM3360      2.78%    passed     72.77%
   4  DrobinSFB    3.84%    passed     75.69%
   5  Neam        12.30%    passed     84.10%
   6  RuprSFB      6.61%    passed     76.55%
   7  Retr         4.63%    passed     14.58%
   8  Beta         2.25%    passed     93.77%
   9  Spol         2.25%    passed     91.37%
  10  MJM1652      3.70%    passed     77.43%
  11  NepSFB       0.00%    passed     87.69%
  12  WPYJ         4.76%    passed     36.66%
  13  MJM2940      0.00%    passed     97.52%
****  TOTAL        3.61%  0 sequences failed composition chi2 test (p-value<5%; df=3)

Create initial parsimony tree by phylogenetic likelihood library (PLL)... 0.000 seconds

NOTE: 0 MB RAM (0 GB) is required!
WARNING: Number of threads seems too high for short alignments. Use -nt AUTO to determine best number of threads.
Estimate model parameters (epsilon = 0.100)
1. Initial log-likelihood: -4923.825
2. Current log-likelihood: -4666.392
3. Current log-likelihood: -4664.298
Optimal log-likelihood: -4664.246
Rate parameters:  A-C: 2.07970  A-G: 5.83776  A-T: 1.98197  C-G: 1.60477  C-T: 8.42557  G-T: 1.00000
Base frequencies:  A: 0.264  C: 0.195  G: 0.279  T: 0.262
Gamma shape alpha: 0.321
Parameters optimization took 3 rounds (0.029 sec)
Computing ML distances based on estimated model parameters... 0.001 sec
Computing BIONJ tree...
0.002 seconds
Log-likelihood of BIONJ tree: -4669.159
--------------------------------------------------------------------
|             INITIALIZING CANDIDATE TREE SET                      |
--------------------------------------------------------------------
Generating 98 parsimony trees... 0.063 second
Computing log-likelihood of 98 initial trees ... 0.397 seconds
Current best score: -4664.246

Do NNI search on 20 best initial trees
Estimate model parameters (epsilon = 0.100)
BETTER TREE FOUND at iteration 1: -4664.234
Iteration 10 / LogL: -4664.273 / Time: 0h:0m:0s
Iteration 20 / LogL: -4664.312 / Time: 0h:0m:0s
Finish initializing candidate tree set (5)
Current best tree score: -4664.234 / CPU time: 0.899
Number of iterations: 20
--------------------------------------------------------------------
|               OPTIMIZING CANDIDATE TREE SET                      |
--------------------------------------------------------------------
Iteration 30 / LogL: -4664.235 / Time: 0h:0m:1s (0h:0m:3s left)
Iteration 40 / LogL: -4672.094 / Time: 0h:0m:1s (0h:0m:2s left)
Iteration 50 / LogL: -4666.684 / Time: 0h:0m:2s (0h:0m:2s left)
Iteration 60 / LogL: -4672.521 / Time: 0h:0m:2s (0h:0m:1s left)
Iteration 70 / LogL: -4666.697 / Time: 0h:0m:2s (0h:0m:1s left)
Iteration 80 / LogL: -4664.235 / Time: 0h:0m:3s (0h:0m:0s left)
Iteration 90 / LogL: -4664.434 / Time: 0h:0m:3s (0h:0m:0s left)
Iteration 100 / LogL: -4664.263 / Time: 0h:0m:4s (0h:0m:0s left)
TREE SEARCH COMPLETED AFTER 102 ITERATIONS / Time: 0h:0m:4s

--------------------------------------------------------------------
|                    FINALIZING TREE SEARCH                        |
--------------------------------------------------------------------
Performs final model parameters optimization
Estimate model parameters (epsilon = 0.010)
1. Initial log-likelihood: -4664.234
Optimal log-likelihood: -4664.233
Rate parameters:  A-C: 2.11093  A-G: 5.91944  A-T: 2.01927  C-G: 1.63237  C-T: 8.55860  G-T: 1.00000
Base frequencies:  A: 0.264  C: 0.195  G: 0.279  T: 0.262
Gamma shape alpha: 0.323
Parameters optimization took 1 rounds (0.004 sec)
BEST SCORE FOUND : -4664.233

Testing tree branches by SH-like aLRT with 1000 replicates...
0.054 sec.
Total tree length: 1.502

Total number of iterations: 102
CPU time used for tree search: 3.848 sec (0h:0m:3s)
Wall-clock time used for tree search: 4.149 sec (0h:0m:4s)
Total CPU time used: 4.075 sec (0h:0m:4s)
Total wall-clock time used: 4.254 sec (0h:0m:4s)

Analysis results written to: 
  IQ-TREE report:                cluster2600rr.1to1ortho.fa.aln-cln_gene974.fa.iqtree
  Maximum-likelihood tree:       cluster2600rr.1to1ortho.fa.aln-cln_gene974.fa.treefile
  Likelihood distances:          cluster2600rr.1to1ortho.fa.aln-cln_gene974.fa.mldist
  Screen log file:               cluster2600rr.1to1ortho.fa.aln-cln_gene974.fa.log

Date and Time: Mon Nov 25 10:09:27 2019
