IQ-TREE multicore version 1.6.11 for Mac OS X 64-bit built Jul 12 2019
Developed by Bui Quang Minh, Nguyen Lam Tung, Olga Chernomor,
Heiko Schmidt, Dominik Schrempf, Michael Woodhams.

Host:    slpc437 (AVX2, FMA3, 16 GB RAM)
Command: iqtree -s cluster2515rr.1to1ortho.fa.aln-cln_gene982.fa -nt 4 -m GTR+G -alrt 1000
Seed:    833653 (Using SPRNG - Scalable Parallel Random Number Generator)
Time:    Mon Nov 25 10:06:22 2019
Kernel:  AVX+FMA - 4 threads (6 CPU cores detected)

Reading alignment file cluster2515rr.1to1ortho.fa.aln-cln_gene982.fa ... Fasta format detected
Alignment most likely contains DNA/RNA sequences
Alignment has 13 sequences with 699 columns, 289 distinct patterns
206 parsimony-informative, 88 singleton sites, 405 constant sites
           Gap/Ambiguity  Composition  p-value
   1  DrolusSFB    0.00%    passed     86.58%
   2  Dino         0.00%    passed     88.39%
   3  MJM3360      0.00%    passed     72.13%
   4  DrobinSFB    0.00%    passed     82.64%
   5  Neam         0.00%    passed     52.66%
   6  RuprSFB      0.29%    passed     52.32%
   7  Retr        23.75%    passed     91.62%
   8  Beta         0.00%    passed     81.24%
   9  Spol         0.29%    passed     72.16%
  10  MJM1652      0.00%    passed     99.73%
  11  NepSFB       0.00%    passed     51.06%
  12  WPYJ        31.33%    passed     61.44%
  13  MJM2940      0.00%    passed     98.73%
****  TOTAL        4.28%  0 sequences failed composition chi2 test (p-value<5%; df=3)

Create initial parsimony tree by phylogenetic likelihood library (PLL)... 0.001 seconds

NOTE: 0 MB RAM (0 GB) is required!
WARNING: Number of threads seems too high for short alignments. Use -nt AUTO to determine best number of threads.
Estimate model parameters (epsilon = 0.100)
1. Initial log-likelihood: -4169.111
2. Current log-likelihood: -3969.879
3. Current log-likelihood: -3967.289
Optimal log-likelihood: -3967.252
Rate parameters:  A-C: 0.86328  A-G: 3.21759  A-T: 1.43507  C-G: 0.78376  C-T: 5.36708  G-T: 1.00000
Base frequencies:  A: 0.291  C: 0.208  G: 0.264  T: 0.237
Gamma shape alpha: 0.318
Parameters optimization took 3 rounds (0.028 sec)
Computing ML distances based on estimated model parameters... 0.001 sec
Computing BIONJ tree...
0.002 seconds
Log-likelihood of BIONJ tree: -3966.023
--------------------------------------------------------------------
|             INITIALIZING CANDIDATE TREE SET                      |
--------------------------------------------------------------------
Generating 98 parsimony trees... 0.067 second
Computing log-likelihood of 97 initial trees ... 0.391 seconds
Current best score: -3966.023

Do NNI search on 20 best initial trees
Estimate model parameters (epsilon = 0.100)
BETTER TREE FOUND at iteration 1: -3963.132
Iteration 10 / LogL: -3963.163 / Time: 0h:0m:0s
Iteration 20 / LogL: -3963.137 / Time: 0h:0m:1s
Finish initializing candidate tree set (3)
Current best tree score: -3963.132 / CPU time: 1.072
Number of iterations: 20
--------------------------------------------------------------------
|               OPTIMIZING CANDIDATE TREE SET                      |
--------------------------------------------------------------------
Iteration 30 / LogL: -3963.134 / Time: 0h:0m:1s (0h:0m:3s left)
Iteration 40 / LogL: -3963.146 / Time: 0h:0m:1s (0h:0m:2s left)
Iteration 50 / LogL: -3963.143 / Time: 0h:0m:2s (0h:0m:2s left)
Iteration 60 / LogL: -3963.192 / Time: 0h:0m:2s (0h:0m:1s left)
Iteration 70 / LogL: -3963.136 / Time: 0h:0m:2s (0h:0m:1s left)
Iteration 80 / LogL: -3963.180 / Time: 0h:0m:3s (0h:0m:0s left)
Iteration 90 / LogL: -3963.170 / Time: 0h:0m:3s (0h:0m:0s left)
Iteration 100 / LogL: -3963.140 / Time: 0h:0m:4s (0h:0m:0s left)
TREE SEARCH COMPLETED AFTER 102 ITERATIONS / Time: 0h:0m:4s

--------------------------------------------------------------------
|                    FINALIZING TREE SEARCH                        |
--------------------------------------------------------------------
Performs final model parameters optimization
Estimate model parameters (epsilon = 0.010)
1. Initial log-likelihood: -3963.132
Optimal log-likelihood: -3963.132
Rate parameters:  A-C: 0.89640  A-G: 3.34831  A-T: 1.49276  C-G: 0.77702  C-T: 5.50768  G-T: 1.00000
Base frequencies:  A: 0.291  C: 0.208  G: 0.264  T: 0.237
Gamma shape alpha: 0.320
Parameters optimization took 1 rounds (0.004 sec)
BEST SCORE FOUND : -3963.132

Testing tree branches by SH-like aLRT with 1000 replicates...
0.050 sec.
Total tree length: 1.386

Total number of iterations: 102
CPU time used for tree search: 3.574 sec (0h:0m:3s)
Wall-clock time used for tree search: 4.021 sec (0h:0m:4s)
Total CPU time used: 3.783 sec (0h:0m:3s)
Total wall-clock time used: 4.121 sec (0h:0m:4s)

Analysis results written to: 
  IQ-TREE report:                cluster2515rr.1to1ortho.fa.aln-cln_gene982.fa.iqtree
  Maximum-likelihood tree:       cluster2515rr.1to1ortho.fa.aln-cln_gene982.fa.treefile
  Likelihood distances:          cluster2515rr.1to1ortho.fa.aln-cln_gene982.fa.mldist
  Screen log file:               cluster2515rr.1to1ortho.fa.aln-cln_gene982.fa.log

Date and Time: Mon Nov 25 10:06:26 2019
