IQ-TREE multicore version 1.6.11 for Mac OS X 64-bit built Jul 12 2019
Developed by Bui Quang Minh, Nguyen Lam Tung, Olga Chernomor,
Heiko Schmidt, Dominik Schrempf, Michael Woodhams.

Host:    slpc437 (AVX2, FMA3, 16 GB RAM)
Command: iqtree -s cluster739rr.1to1ortho.fa.aln-cln_gene1014.fa -nt 4 -m GTR+G -alrt 1000
Seed:    647964 (Using SPRNG - Scalable Parallel Random Number Generator)
Time:    Mon Nov 25 11:12:31 2019
Kernel:  AVX+FMA - 4 threads (6 CPU cores detected)

Reading alignment file cluster739rr.1to1ortho.fa.aln-cln_gene1014.fa ... Fasta format detected
Alignment most likely contains DNA/RNA sequences
Alignment has 13 sequences with 2581 columns, 1190 distinct patterns
834 parsimony-informative, 491 singleton sites, 1256 constant sites
           Gap/Ambiguity  Composition  p-value
   1  DrolusSFB   43.36%    passed     19.42%
   2  Dino         0.70%    passed     30.61%
   3  MJM3360      5.89%    passed     75.96%
   4  DrobinSFB    9.80%    passed     50.99%
   5  Neam        29.56%    passed     37.44%
   6  RuprSFB      5.97%    passed     73.13%
   7  Retr        85.59%    passed     53.52%
   8  Beta         6.35%    passed     24.71%
   9  Spol         5.89%    passed     66.68%
  10  MJM1652      0.35%    passed     92.09%
  11  NepSFB      30.38%    passed     63.95%
  12  WPYJ        39.02%    passed     59.45%
  13  MJM2940      0.12%    passed     94.47%
WARNING: 1 sequences contain more than 50% gaps/ambiguity
****  TOTAL       20.23%  0 sequences failed composition chi2 test (p-value<5%; df=3)

Create initial parsimony tree by phylogenetic likelihood library (PLL)... 0.001 seconds

NOTE: 2 MB RAM (0 GB) is required!
Estimate model parameters (epsilon = 0.100)
1. Initial log-likelihood: -15758.848
2. Current log-likelihood: -15109.547
3. Current log-likelihood: -15105.012
Optimal log-likelihood: -15104.965
Rate parameters:  A-C: 1.55234  A-G: 3.80836  A-T: 1.31033  C-G: 1.09455  C-T: 5.48199  G-T: 1.00000
Base frequencies:  A: 0.281  C: 0.194  G: 0.241  T: 0.283
Gamma shape alpha: 0.575
Parameters optimization took 3 rounds (0.049 sec)
Computing ML distances based on estimated model parameters... 0.002 sec
Computing BIONJ tree...
0.002 seconds
Log-likelihood of BIONJ tree: -15105.160
--------------------------------------------------------------------
|             INITIALIZING CANDIDATE TREE SET                      |
--------------------------------------------------------------------
Generating 98 parsimony trees... 0.126 second
Computing log-likelihood of 98 initial trees ... 0.514 seconds
Current best score: -15104.965

Do NNI search on 20 best initial trees
Estimate model parameters (epsilon = 0.100)
BETTER TREE FOUND at iteration 1: -15104.282
Iteration 10 / LogL: -15104.354 / Time: 0h:0m:1s
Iteration 20 / LogL: -15105.257 / Time: 0h:0m:1s
Finish initializing candidate tree set (1)
Current best tree score: -15104.282 / CPU time: 1.301
Number of iterations: 20
--------------------------------------------------------------------
|               OPTIMIZING CANDIDATE TREE SET                      |
--------------------------------------------------------------------
Iteration 30 / LogL: -15104.289 / Time: 0h:0m:1s (0h:0m:4s left)
Iteration 40 / LogL: -15104.361 / Time: 0h:0m:2s (0h:0m:3s left)
Iteration 50 / LogL: -15104.631 / Time: 0h:0m:2s (0h:0m:3s left)
Iteration 60 / LogL: -15104.718 / Time: 0h:0m:3s (0h:0m:2s left)
Iteration 70 / LogL: -15104.288 / Time: 0h:0m:3s (0h:0m:1s left)
Iteration 80 / LogL: -15104.359 / Time: 0h:0m:4s (0h:0m:1s left)
Iteration 90 / LogL: -15104.815 / Time: 0h:0m:4s (0h:0m:0s left)
UPDATE BEST LOG-LIKELIHOOD: -15104.282
Iteration 100 / LogL: -15105.206 / Time: 0h:0m:5s (0h:0m:0s left)
TREE SEARCH COMPLETED AFTER 102 ITERATIONS / Time: 0h:0m:5s

--------------------------------------------------------------------
|                    FINALIZING TREE SEARCH                        |
--------------------------------------------------------------------
Performs final model parameters optimization
Estimate model parameters (epsilon = 0.010)
1. Initial log-likelihood: -15104.282
Optimal log-likelihood: -15104.281
Rate parameters:  A-C: 1.55468  A-G: 3.80939  A-T: 1.31035  C-G: 1.09142  C-T: 5.48754  G-T: 1.00000
Base frequencies:  A: 0.281  C: 0.194  G: 0.241  T: 0.283
Gamma shape alpha: 0.574
Parameters optimization took 1 rounds (0.006 sec)
BEST SCORE FOUND : -15104.281

Testing tree branches by SH-like aLRT with 1000 replicates...
0.142 sec.
Total tree length: 1.707

Total number of iterations: 102
CPU time used for tree search: 8.009 sec (0h:0m:8s)
Wall-clock time used for tree search: 5.456 sec (0h:0m:5s)
Total CPU time used: 8.683 sec (0h:0m:8s)
Total wall-clock time used: 5.678 sec (0h:0m:5s)

Analysis results written to: 
  IQ-TREE report:                cluster739rr.1to1ortho.fa.aln-cln_gene1014.fa.iqtree
  Maximum-likelihood tree:       cluster739rr.1to1ortho.fa.aln-cln_gene1014.fa.treefile
  Likelihood distances:          cluster739rr.1to1ortho.fa.aln-cln_gene1014.fa.mldist
  Screen log file:               cluster739rr.1to1ortho.fa.aln-cln_gene1014.fa.log

Date and Time: Mon Nov 25 11:12:37 2019
