IQ-TREE multicore version 1.6.11 for Mac OS X 64-bit built Jul 12 2019
Developed by Bui Quang Minh, Nguyen Lam Tung, Olga Chernomor,
Heiko Schmidt, Dominik Schrempf, Michael Woodhams.

Host:    slpc437 (AVX2, FMA3, 16 GB RAM)
Command: iqtree -s cluster3520rr.1to1ortho.fa.aln-cln_gene311.fa -nt 4 -m GTR+G -alrt 1000
Seed:    204135 (Using SPRNG - Scalable Parallel Random Number Generator)
Time:    Mon Nov 25 10:32:03 2019
Kernel:  AVX+FMA - 4 threads (6 CPU cores detected)

Reading alignment file cluster3520rr.1to1ortho.fa.aln-cln_gene311.fa ... Fasta format detected
Alignment most likely contains DNA/RNA sequences
Alignment has 13 sequences with 1229 columns, 554 distinct patterns
407 parsimony-informative, 176 singleton sites, 646 constant sites
           Gap/Ambiguity  Composition  p-value
   1  DrolusSFB    0.98%    passed     72.75%
   2  Dino         0.90%    passed     73.94%
   3  MJM3360     12.53%    passed     70.80%
   4  DrobinSFB   10.33%    passed     69.60%
   5  Neam         0.24%    passed     98.15%
   6  RuprSFB     12.45%    passed     93.95%
   7  Retr        11.39%    passed     95.76%
   8  Beta        11.39%    passed     68.95%
   9  Spol        11.39%    passed     96.50%
  10  MJM1652      0.90%    passed     37.48%
  11  NepSFB       0.24%    passed     99.10%
  12  WPYJ        40.52%    passed     87.58%
  13  MJM2940      0.00%    passed     62.07%
****  TOTAL        8.71%  0 sequences failed composition chi2 test (p-value<5%; df=3)

Create initial parsimony tree by phylogenetic likelihood library (PLL)... 0.001 seconds

NOTE: 0 MB RAM (0 GB) is required!
Estimate model parameters (epsilon = 0.100)
1. Initial log-likelihood: -7590.943
2. Current log-likelihood: -7302.077
3. Current log-likelihood: -7299.437
Optimal log-likelihood: -7299.393
Rate parameters:  A-C: 2.55384  A-G: 4.95360  A-T: 2.02386  C-G: 1.48266  C-T: 6.82642  G-T: 1.00000
Base frequencies:  A: 0.267  C: 0.197  G: 0.265  T: 0.271
Gamma shape alpha: 0.436
Parameters optimization took 3 rounds (0.034 sec)
Computing ML distances based on estimated model parameters... 0.001 sec
Computing BIONJ tree...
0.002 seconds
Log-likelihood of BIONJ tree: -7299.743
--------------------------------------------------------------------
|             INITIALIZING CANDIDATE TREE SET                      |
--------------------------------------------------------------------
Generating 98 parsimony trees... 0.078 second
Computing log-likelihood of 97 initial trees ... 0.424 seconds
Current best score: -7299.393

Do NNI search on 20 best initial trees
Estimate model parameters (epsilon = 0.100)
BETTER TREE FOUND at iteration 1: -7298.459
Iteration 10 / LogL: -7298.464 / Time: 0h:0m:0s
Iteration 20 / LogL: -7299.040 / Time: 0h:0m:1s
Finish initializing candidate tree set (1)
Current best tree score: -7298.459 / CPU time: 1.048
Number of iterations: 20
--------------------------------------------------------------------
|               OPTIMIZING CANDIDATE TREE SET                      |
--------------------------------------------------------------------
Iteration 30 / LogL: -7298.887 / Time: 0h:0m:1s (0h:0m:3s left)
Iteration 40 / LogL: -7298.470 / Time: 0h:0m:1s (0h:0m:2s left)
UPDATE BEST LOG-LIKELIHOOD: -7298.459
Iteration 50 / LogL: -7298.459 / Time: 0h:0m:2s (0h:0m:2s left)
Iteration 60 / LogL: -7298.576 / Time: 0h:0m:2s (0h:0m:1s left)
Iteration 70 / LogL: -7316.839 / Time: 0h:0m:2s (0h:0m:1s left)
UPDATE BEST LOG-LIKELIHOOD: -7298.459
Iteration 80 / LogL: -7298.697 / Time: 0h:0m:3s (0h:0m:0s left)
Iteration 90 / LogL: -7299.086 / Time: 0h:0m:3s (0h:0m:0s left)
Iteration 100 / LogL: -7298.576 / Time: 0h:0m:4s (0h:0m:0s left)
TREE SEARCH COMPLETED AFTER 102 ITERATIONS / Time: 0h:0m:4s

--------------------------------------------------------------------
|                    FINALIZING TREE SEARCH                        |
--------------------------------------------------------------------
Performs final model parameters optimization
Estimate model parameters (epsilon = 0.010)
1. Initial log-likelihood: -7298.459
Optimal log-likelihood: -7298.458
Rate parameters:  A-C: 2.56320  A-G: 4.96875  A-T: 2.01732  C-G: 1.47156  C-T: 6.82255  G-T: 1.00000
Base frequencies:  A: 0.267  C: 0.197  G: 0.265  T: 0.271
Gamma shape alpha: 0.434
Parameters optimization took 1 rounds (0.004 sec)
BEST SCORE FOUND : -7298.458

Testing tree branches by SH-like aLRT with 1000 replicates...
0.073 sec.
Total tree length: 1.527

Total number of iterations: 102
CPU time used for tree search: 4.448 sec (0h:0m:4s)
Wall-clock time used for tree search: 4.051 sec (0h:0m:4s)
Total CPU time used: 4.784 sec (0h:0m:4s)
Total wall-clock time used: 4.181 sec (0h:0m:4s)

Analysis results written to: 
  IQ-TREE report:                cluster3520rr.1to1ortho.fa.aln-cln_gene311.fa.iqtree
  Maximum-likelihood tree:       cluster3520rr.1to1ortho.fa.aln-cln_gene311.fa.treefile
  Likelihood distances:          cluster3520rr.1to1ortho.fa.aln-cln_gene311.fa.mldist
  Screen log file:               cluster3520rr.1to1ortho.fa.aln-cln_gene311.fa.log

Date and Time: Mon Nov 25 10:32:07 2019
