IQ-TREE multicore version 1.6.11 for Mac OS X 64-bit built Jul 12 2019
Developed by Bui Quang Minh, Nguyen Lam Tung, Olga Chernomor,
Heiko Schmidt, Dominik Schrempf, Michael Woodhams.

Host:    slpc437 (AVX2, FMA3, 16 GB RAM)
Command: iqtree -s cluster5528rr.1to1ortho.fa.aln-cln_gene1064.fa -nt 4 -m GTR+G -alrt 1000
Seed:    314662 (Using SPRNG - Scalable Parallel Random Number Generator)
Time:    Mon Nov 25 11:09:17 2019
Kernel:  AVX+FMA - 4 threads (6 CPU cores detected)

Reading alignment file cluster5528rr.1to1ortho.fa.aln-cln_gene1064.fa ... Fasta format detected
Alignment most likely contains DNA/RNA sequences
Alignment has 13 sequences with 905 columns, 524 distinct patterns
347 parsimony-informative, 167 singleton sites, 391 constant sites
           Gap/Ambiguity  Composition  p-value
   1  DrolusSFB    5.19%    passed     50.16%
   2  Dino         1.88%    passed     88.74%
   3  MJM3360     27.18%    passed     73.05%
   4  DrobinSFB    4.86%    passed     76.85%
   5  Neam         9.28%    passed     88.76%
   6  RuprSFB      6.30%    passed     57.73%
   7  Retr        40.77%    passed     84.97%
   8  Beta         2.54%    passed     49.12%
   9  Spol         1.55%    passed     97.15%
  10  MJM1652     26.41%    passed     65.48%
  11  NepSFB       1.55%    passed     96.40%
  12  WPYJ        55.03%    passed     65.95%
  13  MJM2940     25.75%    passed     93.40%
WARNING: 1 sequences contain more than 50% gaps/ambiguity
****  TOTAL       16.02%  0 sequences failed composition chi2 test (p-value<5%; df=3)

Create initial parsimony tree by phylogenetic likelihood library (PLL)... 0.001 seconds

NOTE: 0 MB RAM (0 GB) is required!
Estimate model parameters (epsilon = 0.100)
1. Initial log-likelihood: -6076.773
2. Current log-likelihood: -5859.152
3. Current log-likelihood: -5856.731
Optimal log-likelihood: -5856.688
Rate parameters:  A-C: 1.99325  A-G: 2.96346  A-T: 1.14005  C-G: 1.35951  C-T: 6.14159  G-T: 1.00000
Base frequencies:  A: 0.342  C: 0.156  G: 0.263  T: 0.239
Gamma shape alpha: 0.605
Parameters optimization took 3 rounds (0.035 sec)
Computing ML distances based on estimated model parameters... 0.001 sec
Computing BIONJ tree...
0.002 seconds
Log-likelihood of BIONJ tree: -5866.134
--------------------------------------------------------------------
|             INITIALIZING CANDIDATE TREE SET                      |
--------------------------------------------------------------------
Generating 98 parsimony trees... 0.076 second
Computing log-likelihood of 97 initial trees ... 0.443 seconds
Current best score: -5856.688

Do NNI search on 20 best initial trees
Estimate model parameters (epsilon = 0.100)
BETTER TREE FOUND at iteration 1: -5856.686
Iteration 10 / LogL: -5856.736 / Time: 0h:0m:0s
Iteration 20 / LogL: -5856.772 / Time: 0h:0m:1s
Finish initializing candidate tree set (1)
Current best tree score: -5856.686 / CPU time: 1.116
Number of iterations: 20
--------------------------------------------------------------------
|               OPTIMIZING CANDIDATE TREE SET                      |
--------------------------------------------------------------------
Iteration 30 / LogL: -5856.743 / Time: 0h:0m:1s (0h:0m:3s left)
UPDATE BEST LOG-LIKELIHOOD: -5856.686
Iteration 40 / LogL: -5856.686 / Time: 0h:0m:1s (0h:0m:2s left)
Iteration 50 / LogL: -5856.765 / Time: 0h:0m:2s (0h:0m:2s left)
Iteration 60 / LogL: -5856.847 / Time: 0h:0m:2s (0h:0m:1s left)
Iteration 70 / LogL: -5856.699 / Time: 0h:0m:2s (0h:0m:1s left)
Iteration 80 / LogL: -5856.705 / Time: 0h:0m:3s (0h:0m:0s left)
Iteration 90 / LogL: -5857.909 / Time: 0h:0m:3s (0h:0m:0s left)
Iteration 100 / LogL: -5856.932 / Time: 0h:0m:4s (0h:0m:0s left)
TREE SEARCH COMPLETED AFTER 102 ITERATIONS / Time: 0h:0m:4s

--------------------------------------------------------------------
|                    FINALIZING TREE SEARCH                        |
--------------------------------------------------------------------
Performs final model parameters optimization
Estimate model parameters (epsilon = 0.010)
1. Initial log-likelihood: -5856.686
Optimal log-likelihood: -5856.685
Rate parameters:  A-C: 1.99252  A-G: 2.95436  A-T: 1.13814  C-G: 1.35121  C-T: 6.15518  G-T: 1.00000
Base frequencies:  A: 0.342  C: 0.156  G: 0.263  T: 0.239
Gamma shape alpha: 0.604
Parameters optimization took 1 rounds (0.004 sec)
BEST SCORE FOUND : -5856.685

Testing tree branches by SH-like aLRT with 1000 replicates...
0.064 sec.
Total tree length: 2.092

Total number of iterations: 102
CPU time used for tree search: 4.341 sec (0h:0m:4s)
Wall-clock time used for tree search: 4.061 sec (0h:0m:4s)
Total CPU time used: 4.627 sec (0h:0m:4s)
Total wall-clock time used: 4.185 sec (0h:0m:4s)

Analysis results written to: 
  IQ-TREE report:                cluster5528rr.1to1ortho.fa.aln-cln_gene1064.fa.iqtree
  Maximum-likelihood tree:       cluster5528rr.1to1ortho.fa.aln-cln_gene1064.fa.treefile
  Likelihood distances:          cluster5528rr.1to1ortho.fa.aln-cln_gene1064.fa.mldist
  Screen log file:               cluster5528rr.1to1ortho.fa.aln-cln_gene1064.fa.log

Date and Time: Mon Nov 25 11:09:21 2019
