IQ-TREE multicore version 1.6.11 for Mac OS X 64-bit built Jul 12 2019
Developed by Bui Quang Minh, Nguyen Lam Tung, Olga Chernomor,
Heiko Schmidt, Dominik Schrempf, Michael Woodhams.

Host:    slpc437 (AVX2, FMA3, 16 GB RAM)
Command: iqtree -s cluster3047rr.1to1ortho.fa.aln-cln_gene764.fa -nt 4 -m GTR+G -alrt 1000
Seed:    472523 (Using SPRNG - Scalable Parallel Random Number Generator)
Time:    Mon Nov 25 10:21:07 2019
Kernel:  AVX+FMA - 4 threads (6 CPU cores detected)

Reading alignment file cluster3047rr.1to1ortho.fa.aln-cln_gene764.fa ... Fasta format detected
Alignment most likely contains DNA/RNA sequences
Alignment has 13 sequences with 1490 columns, 709 distinct patterns
507 parsimony-informative, 234 singleton sites, 748 constant sites
           Gap/Ambiguity  Composition  p-value
   1  DrolusSFB    9.19%    passed     41.36%
   2  Dino         7.18%    passed     54.33%
   3  MJM3360     10.34%    passed     58.14%
   4  DrobinSFB    8.52%    passed     92.77%
   5  Neam         0.00%    passed     96.19%
   6  RuprSFB      7.65%    passed     80.33%
   7  Retr        39.60%    passed     77.09%
   8  Beta         0.67%    passed     16.28%
   9  Spol         0.67%    passed     23.99%
  10  MJM1652      7.45%    passed     49.17%
  11  NepSFB       0.00%    passed     97.76%
  12  WPYJ        11.81%    passed     85.17%
  13  MJM2940      0.94%    passed     91.81%
****  TOTAL        8.00%  0 sequences failed composition chi2 test (p-value<5%; df=3)

Create initial parsimony tree by phylogenetic likelihood library (PLL)... 0.001 seconds

NOTE: 1 MB RAM (0 GB) is required!
Estimate model parameters (epsilon = 0.100)
1. Initial log-likelihood: -9575.428
2. Current log-likelihood: -9215.086
3. Current log-likelihood: -9213.104
Optimal log-likelihood: -9213.074
Rate parameters:  A-C: 2.32080  A-G: 6.10016  A-T: 2.29306  C-G: 2.16371  C-T: 6.66774  G-T: 1.00000
Base frequencies:  A: 0.259  C: 0.198  G: 0.247  T: 0.296
Gamma shape alpha: 0.472
Parameters optimization took 3 rounds (0.040 sec)
Computing ML distances based on estimated model parameters... 0.001 sec
Computing BIONJ tree...
0.002 seconds
Log-likelihood of BIONJ tree: -9213.096
--------------------------------------------------------------------
|             INITIALIZING CANDIDATE TREE SET                      |
--------------------------------------------------------------------
Generating 98 parsimony trees... 0.093 second
Computing log-likelihood of 98 initial trees ... 0.437 seconds
Current best score: -9213.074

Do NNI search on 20 best initial trees
Estimate model parameters (epsilon = 0.100)
BETTER TREE FOUND at iteration 1: -9212.807
Iteration 10 / LogL: -9212.809 / Time: 0h:0m:0s
Iteration 20 / LogL: -9212.817 / Time: 0h:0m:1s
Finish initializing candidate tree set (1)
Current best tree score: -9212.807 / CPU time: 1.228
Number of iterations: 20
--------------------------------------------------------------------
|               OPTIMIZING CANDIDATE TREE SET                      |
--------------------------------------------------------------------
Iteration 30 / LogL: -9212.811 / Time: 0h:0m:1s (0h:0m:4s left)
Iteration 40 / LogL: -9212.983 / Time: 0h:0m:2s (0h:0m:3s left)
Iteration 50 / LogL: -9212.809 / Time: 0h:0m:2s (0h:0m:2s left)
Iteration 60 / LogL: -9212.809 / Time: 0h:0m:3s (0h:0m:2s left)
Iteration 70 / LogL: -9212.812 / Time: 0h:0m:3s (0h:0m:1s left)
Iteration 80 / LogL: -9212.815 / Time: 0h:0m:4s (0h:0m:1s left)
Iteration 90 / LogL: -9212.808 / Time: 0h:0m:4s (0h:0m:0s left)
Iteration 100 / LogL: -9212.825 / Time: 0h:0m:5s (0h:0m:0s left)
TREE SEARCH COMPLETED AFTER 102 ITERATIONS / Time: 0h:0m:5s

--------------------------------------------------------------------
|                    FINALIZING TREE SEARCH                        |
--------------------------------------------------------------------
Performs final model parameters optimization
Estimate model parameters (epsilon = 0.010)
1. Initial log-likelihood: -9212.807
Optimal log-likelihood: -9212.807
Rate parameters:  A-C: 2.32218  A-G: 6.09665  A-T: 2.29454  C-G: 2.16849  C-T: 6.66938  G-T: 1.00000
Base frequencies:  A: 0.259  C: 0.198  G: 0.247  T: 0.296
Gamma shape alpha: 0.472
Parameters optimization took 1 rounds (0.005 sec)
BEST SCORE FOUND : -9212.807

Testing tree branches by SH-like aLRT with 1000 replicates...
0.090 sec.
Total tree length: 1.606

Total number of iterations: 102
CPU time used for tree search: 6.141 sec (0h:0m:6s)
Wall-clock time used for tree search: 5.076 sec (0h:0m:5s)
Total CPU time used: 6.556 sec (0h:0m:6s)
Total wall-clock time used: 5.231 sec (0h:0m:5s)

Analysis results written to: 
  IQ-TREE report:                cluster3047rr.1to1ortho.fa.aln-cln_gene764.fa.iqtree
  Maximum-likelihood tree:       cluster3047rr.1to1ortho.fa.aln-cln_gene764.fa.treefile
  Likelihood distances:          cluster3047rr.1to1ortho.fa.aln-cln_gene764.fa.mldist
  Screen log file:               cluster3047rr.1to1ortho.fa.aln-cln_gene764.fa.log

Date and Time: Mon Nov 25 10:21:12 2019
