IQ-TREE multicore version 1.6.11 for Mac OS X 64-bit built Jul 12 2019
Developed by Bui Quang Minh, Nguyen Lam Tung, Olga Chernomor,
Heiko Schmidt, Dominik Schrempf, Michael Woodhams.

Host:    slpc437 (AVX2, FMA3, 16 GB RAM)
Command: iqtree -s cluster3445rr.1to1ortho.fa.aln-cln_gene677.fa -nt 4 -m GTR+G -alrt 1000
Seed:    239586 (Using SPRNG - Scalable Parallel Random Number Generator)
Time:    Mon Nov 25 10:30:52 2019
Kernel:  AVX+FMA - 4 threads (6 CPU cores detected)

Reading alignment file cluster3445rr.1to1ortho.fa.aln-cln_gene677.fa ... Fasta format detected
Alignment most likely contains DNA/RNA sequences
Alignment has 13 sequences with 1700 columns, 720 distinct patterns
544 parsimony-informative, 219 singleton sites, 937 constant sites
           Gap/Ambiguity  Composition  p-value
   1  DrolusSFB   14.65%    passed     83.81%
   2  Dino        17.47%    passed     61.48%
   3  MJM3360     28.41%    failed      0.00%
   4  DrobinSFB   23.76%    passed     21.57%
   5  Neam         0.18%    failed      3.08%
   6  RuprSFB     24.88%    failed      0.57%
   7  Retr        21.82%    passed     12.71%
   8  Beta         3.35%    failed      0.18%
   9  Spol        13.59%    passed     27.02%
  10  MJM1652     21.53%    passed     62.92%
  11  NepSFB       0.18%    failed      2.47%
  12  WPYJ        22.00%    passed     35.06%
  13  MJM2940      0.35%    failed      0.51%
****  TOTAL       14.78%  6 sequences failed composition chi2 test (p-value<5%; df=3)

Create initial parsimony tree by phylogenetic likelihood library (PLL)... 0.001 seconds

NOTE: 1 MB RAM (0 GB) is required!
Estimate model parameters (epsilon = 0.100)
1. Initial log-likelihood: -10296.993
2. Current log-likelihood: -9757.812
3. Current log-likelihood: -9750.605
4. Current log-likelihood: -9750.350
Optimal log-likelihood: -9750.338
Rate parameters:  A-C: 1.92188  A-G: 3.83565  A-T: 1.18736  C-G: 0.96016  C-T: 6.72974  G-T: 1.00000
Base frequencies:  A: 0.286  C: 0.173  G: 0.287  T: 0.254
Gamma shape alpha: 0.350
Parameters optimization took 4 rounds (0.074 sec)
Computing ML distances based on estimated model parameters... 0.001 sec
Computing BIONJ tree...
0.002 seconds
Log-likelihood of BIONJ tree: -9750.338
--------------------------------------------------------------------
|             INITIALIZING CANDIDATE TREE SET                      |
--------------------------------------------------------------------
Generating 99 parsimony trees... 0.088 second
Computing log-likelihood of 99 initial trees ... 0.459 seconds
Current best score: -9750.338

Do NNI search on 20 best initial trees
Estimate model parameters (epsilon = 0.100)
BETTER TREE FOUND at iteration 1: -9750.337
Iteration 10 / LogL: -9750.358 / Time: 0h:0m:0s
Iteration 20 / LogL: -9750.436 / Time: 0h:0m:1s
Finish initializing candidate tree set (1)
Current best tree score: -9750.337 / CPU time: 1.076
Number of iterations: 20
--------------------------------------------------------------------
|               OPTIMIZING CANDIDATE TREE SET                      |
--------------------------------------------------------------------
Iteration 30 / LogL: -9754.012 / Time: 0h:0m:1s (0h:0m:3s left)
Iteration 40 / LogL: -9750.528 / Time: 0h:0m:1s (0h:0m:3s left)
Iteration 50 / LogL: -9751.203 / Time: 0h:0m:2s (0h:0m:2s left)
Iteration 60 / LogL: -9750.368 / Time: 0h:0m:2s (0h:0m:1s left)
Iteration 70 / LogL: -9750.374 / Time: 0h:0m:3s (0h:0m:1s left)
Iteration 80 / LogL: -9750.370 / Time: 0h:0m:3s (0h:0m:0s left)
Iteration 90 / LogL: -9750.398 / Time: 0h:0m:3s (0h:0m:0s left)
Iteration 100 / LogL: -9750.506 / Time: 0h:0m:4s (0h:0m:0s left)
TREE SEARCH COMPLETED AFTER 102 ITERATIONS / Time: 0h:0m:4s

--------------------------------------------------------------------
|                    FINALIZING TREE SEARCH                        |
--------------------------------------------------------------------
Performs final model parameters optimization
Estimate model parameters (epsilon = 0.010)
1. Initial log-likelihood: -9750.337
Optimal log-likelihood: -9750.336
Rate parameters:  A-C: 1.92552  A-G: 3.84078  A-T: 1.18955  C-G: 0.96248  C-T: 6.73814  G-T: 1.00000
Base frequencies:  A: 0.286  C: 0.173  G: 0.287  T: 0.254
Gamma shape alpha: 0.350
Parameters optimization took 1 rounds (0.005 sec)
BEST SCORE FOUND : -9750.336

Testing tree branches by SH-like aLRT with 1000 replicates...
0.099 sec.
Total tree length: 1.827

Total number of iterations: 102
CPU time used for tree search: 5.199 sec (0h:0m:5s)
Wall-clock time used for tree search: 4.277 sec (0h:0m:4s)
Total CPU time used: 5.729 sec (0h:0m:5s)
Total wall-clock time used: 4.475 sec (0h:0m:4s)

Analysis results written to: 
  IQ-TREE report:                cluster3445rr.1to1ortho.fa.aln-cln_gene677.fa.iqtree
  Maximum-likelihood tree:       cluster3445rr.1to1ortho.fa.aln-cln_gene677.fa.treefile
  Likelihood distances:          cluster3445rr.1to1ortho.fa.aln-cln_gene677.fa.mldist
  Screen log file:               cluster3445rr.1to1ortho.fa.aln-cln_gene677.fa.log

Date and Time: Mon Nov 25 10:30:56 2019
