IQ-TREE multicore version 1.6.11 for Mac OS X 64-bit built Jul 12 2019
Developed by Bui Quang Minh, Nguyen Lam Tung, Olga Chernomor,
Heiko Schmidt, Dominik Schrempf, Michael Woodhams.

Host:    slpc437 (AVX2, FMA3, 16 GB RAM)
Command: iqtree -s cluster1197rr.1to1ortho.fa.aln-cln_gene615.fa -nt 4 -m GTR+G -alrt 1000
Seed:    402058 (Using SPRNG - Scalable Parallel Random Number Generator)
Time:    Mon Nov 25 09:38:39 2019
Kernel:  AVX+FMA - 4 threads (6 CPU cores detected)

Reading alignment file cluster1197rr.1to1ortho.fa.aln-cln_gene615.fa ... Fasta format detected
Alignment most likely contains DNA/RNA sequences
Alignment has 13 sequences with 2118 columns, 1082 distinct patterns
775 parsimony-informative, 346 singleton sites, 997 constant sites
           Gap/Ambiguity  Composition  p-value
   1  DrolusSFB    2.93%    passed     64.17%
   2  Dino         2.08%    passed     66.13%
   3  MJM3360     12.98%    passed     88.65%
   4  DrobinSFB   18.27%    passed     46.08%
   5  Neam         2.27%    passed     91.62%
   6  RuprSFB     13.79%    passed     90.68%
   7  Retr        20.68%    passed     94.44%
   8  Beta         4.20%    passed     82.37%
   9  Spol         4.49%    passed     97.52%
  10  MJM1652     10.25%    passed     86.05%
  11  NepSFB       2.27%    passed     89.72%
  12  WPYJ        42.78%    passed     21.54%
  13  MJM2940      1.94%    passed     89.97%
****  TOTAL       10.68%  0 sequences failed composition chi2 test (p-value<5%; df=3)

Create initial parsimony tree by phylogenetic likelihood library (PLL)... 0.001 seconds

NOTE: 1 MB RAM (0 GB) is required!
Estimate model parameters (epsilon = 0.100)
1. Initial log-likelihood: -13838.106
2. Current log-likelihood: -13355.147
3. Current log-likelihood: -13351.758
Optimal log-likelihood: -13351.712
Rate parameters:  A-C: 2.08356  A-G: 4.77171  A-T: 2.27166  C-G: 2.20322  C-T: 7.33716  G-T: 1.00000
Base frequencies:  A: 0.272  C: 0.215  G: 0.273  T: 0.240
Gamma shape alpha: 0.559
Parameters optimization took 3 rounds (0.081 sec)
Computing ML distances based on estimated model parameters... 0.002 sec
Computing BIONJ tree...
0.002 seconds
Log-likelihood of BIONJ tree: -13350.357
--------------------------------------------------------------------
|             INITIALIZING CANDIDATE TREE SET                      |
--------------------------------------------------------------------
Generating 98 parsimony trees... 0.111 second
Computing log-likelihood of 98 initial trees ... 0.500 seconds
Current best score: -13350.357

Do NNI search on 20 best initial trees
Estimate model parameters (epsilon = 0.100)
BETTER TREE FOUND at iteration 1: -13350.341
Iteration 10 / LogL: -13350.351 / Time: 0h:0m:1s
Iteration 20 / LogL: -13350.344 / Time: 0h:0m:1s
Finish initializing candidate tree set (1)
Current best tree score: -13350.341 / CPU time: 1.336
Number of iterations: 20
--------------------------------------------------------------------
|               OPTIMIZING CANDIDATE TREE SET                      |
--------------------------------------------------------------------
Iteration 30 / LogL: -13350.343 / Time: 0h:0m:1s (0h:0m:4s left)
Iteration 40 / LogL: -13350.499 / Time: 0h:0m:2s (0h:0m:3s left)
Iteration 50 / LogL: -13350.386 / Time: 0h:0m:2s (0h:0m:2s left)
UPDATE BEST LOG-LIKELIHOOD: -13350.341
Iteration 60 / LogL: -13350.565 / Time: 0h:0m:3s (0h:0m:2s left)
UPDATE BEST LOG-LIKELIHOOD: -13350.341
Iteration 70 / LogL: -13350.344 / Time: 0h:0m:3s (0h:0m:1s left)
Iteration 80 / LogL: -13350.414 / Time: 0h:0m:4s (0h:0m:1s left)
Iteration 90 / LogL: -13350.402 / Time: 0h:0m:4s (0h:0m:0s left)
Iteration 100 / LogL: -13350.364 / Time: 0h:0m:5s (0h:0m:0s left)
TREE SEARCH COMPLETED AFTER 102 ITERATIONS / Time: 0h:0m:5s

--------------------------------------------------------------------
|                    FINALIZING TREE SEARCH                        |
--------------------------------------------------------------------
Performs final model parameters optimization
Estimate model parameters (epsilon = 0.010)
1. Initial log-likelihood: -13350.341
Optimal log-likelihood: -13350.340
Rate parameters:  A-C: 2.07967  A-G: 4.76025  A-T: 2.28193  C-G: 2.17351  C-T: 7.33287  G-T: 1.00000
Base frequencies:  A: 0.272  C: 0.215  G: 0.273  T: 0.240
Gamma shape alpha: 0.559
Parameters optimization took 1 rounds (0.006 sec)
BEST SCORE FOUND : -13350.340

Testing tree branches by SH-like aLRT with 1000 replicates...
0.119 sec.
Total tree length: 1.688

Total number of iterations: 102
CPU time used for tree search: 7.021 sec (0h:0m:7s)
Wall-clock time used for tree search: 4.969 sec (0h:0m:4s)
Total CPU time used: 7.685 sec (0h:0m:7s)
Total wall-clock time used: 5.197 sec (0h:0m:5s)

Analysis results written to: 
  IQ-TREE report:                cluster1197rr.1to1ortho.fa.aln-cln_gene615.fa.iqtree
  Maximum-likelihood tree:       cluster1197rr.1to1ortho.fa.aln-cln_gene615.fa.treefile
  Likelihood distances:          cluster1197rr.1to1ortho.fa.aln-cln_gene615.fa.mldist
  Screen log file:               cluster1197rr.1to1ortho.fa.aln-cln_gene615.fa.log

Date and Time: Mon Nov 25 09:38:44 2019
