IQ-TREE multicore version 1.6.11 for Mac OS X 64-bit built Jul 12 2019
Developed by Bui Quang Minh, Nguyen Lam Tung, Olga Chernomor,
Heiko Schmidt, Dominik Schrempf, Michael Woodhams.

Host:    slpc437 (AVX2, FMA3, 16 GB RAM)
Command: iqtree -s cluster3848rr.1to1ortho.fa.aln-cln_gene1068.fa -nt 4 -m GTR+G -alrt 1000
Seed:    995589 (Using SPRNG - Scalable Parallel Random Number Generator)
Time:    Mon Nov 25 10:38:29 2019
Kernel:  AVX+FMA - 4 threads (6 CPU cores detected)

Reading alignment file cluster3848rr.1to1ortho.fa.aln-cln_gene1068.fa ... Fasta format detected
Alignment most likely contains DNA/RNA sequences
Alignment has 13 sequences with 769 columns, 385 distinct patterns
262 parsimony-informative, 118 singleton sites, 388 constant sites
           Gap/Ambiguity  Composition  p-value
   1  DrolusSFB    6.37%    passed     77.29%
   2  Dino        37.19%    passed     55.69%
   3  MJM3360     16.91%    passed     95.46%
   4  DrobinSFB   10.27%    passed     37.79%
   5  Neam         0.00%    passed     88.11%
   6  RuprSFB      6.11%    passed     53.86%
   7  Retr        15.86%    passed     86.39%
   8  Beta         0.13%    passed     31.60%
   9  Spol         0.52%    passed     19.90%
  10  MJM1652     10.66%    passed     41.11%
  11  NepSFB       0.00%    passed     85.05%
  12  WPYJ        26.40%    passed     87.18%
  13  MJM2940      0.39%    passed     70.60%
****  TOTAL       10.06%  0 sequences failed composition chi2 test (p-value<5%; df=3)

Create initial parsimony tree by phylogenetic likelihood library (PLL)... 0.001 seconds

NOTE: 0 MB RAM (0 GB) is required!
WARNING: Number of threads seems too high for short alignments. Use -nt AUTO to determine best number of threads.
Estimate model parameters (epsilon = 0.100)
1. Initial log-likelihood: -4870.801
2. Current log-likelihood: -4676.016
3. Current log-likelihood: -4672.251
Optimal log-likelihood: -4672.211
Rate parameters:  A-C: 1.69335  A-G: 5.06700  A-T: 1.61406  C-G: 0.67966  C-T: 3.82801  G-T: 1.00000
Base frequencies:  A: 0.229  C: 0.229  G: 0.212  T: 0.331
Gamma shape alpha: 0.446
Parameters optimization took 3 rounds (0.040 sec)
Computing ML distances based on estimated model parameters... 0.001 sec
Computing BIONJ tree...
0.002 seconds
Log-likelihood of BIONJ tree: -4669.020
--------------------------------------------------------------------
|             INITIALIZING CANDIDATE TREE SET                      |
--------------------------------------------------------------------
Generating 98 parsimony trees... 0.065 second
Computing log-likelihood of 98 initial trees ... 0.416 seconds
Current best score: -4669.020

Do NNI search on 20 best initial trees
Estimate model parameters (epsilon = 0.100)
BETTER TREE FOUND at iteration 1: -4668.109
Iteration 10 / LogL: -4668.118 / Time: 0h:0m:0s
Iteration 20 / LogL: -4668.112 / Time: 0h:0m:1s
Finish initializing candidate tree set (2)
Current best tree score: -4668.109 / CPU time: 1.199
Number of iterations: 20
--------------------------------------------------------------------
|               OPTIMIZING CANDIDATE TREE SET                      |
--------------------------------------------------------------------
Iteration 30 / LogL: -4668.123 / Time: 0h:0m:1s (0h:0m:4s left)
Iteration 40 / LogL: -4669.656 / Time: 0h:0m:1s (0h:0m:3s left)
Iteration 50 / LogL: -4669.870 / Time: 0h:0m:2s (0h:0m:2s left)
Iteration 60 / LogL: -4669.662 / Time: 0h:0m:2s (0h:0m:1s left)
Iteration 70 / LogL: -4669.823 / Time: 0h:0m:2s (0h:0m:1s left)
UPDATE BEST LOG-LIKELIHOOD: -4668.109
Iteration 80 / LogL: -4669.716 / Time: 0h:0m:3s (0h:0m:0s left)
Iteration 90 / LogL: -4669.681 / Time: 0h:0m:3s (0h:0m:0s left)
Iteration 100 / LogL: -4668.180 / Time: 0h:0m:4s (0h:0m:0s left)
TREE SEARCH COMPLETED AFTER 102 ITERATIONS / Time: 0h:0m:4s

--------------------------------------------------------------------
|                    FINALIZING TREE SEARCH                        |
--------------------------------------------------------------------
Performs final model parameters optimization
Estimate model parameters (epsilon = 0.010)
1. Initial log-likelihood: -4668.109
Optimal log-likelihood: -4668.109
Rate parameters:  A-C: 1.68980  A-G: 5.11089  A-T: 1.65269  C-G: 0.70157  C-T: 3.93649  G-T: 1.00000
Base frequencies:  A: 0.229  C: 0.229  G: 0.212  T: 0.331
Gamma shape alpha: 0.449
Parameters optimization took 1 rounds (0.004 sec)
BEST SCORE FOUND : -4668.109

Testing tree branches by SH-like aLRT with 1000 replicates...
0.052 sec.
Total tree length: 1.679

Total number of iterations: 102
CPU time used for tree search: 3.895 sec (0h:0m:3s)
Wall-clock time used for tree search: 4.067 sec (0h:0m:4s)
Total CPU time used: 4.147 sec (0h:0m:4s)
Total wall-clock time used: 4.182 sec (0h:0m:4s)

Analysis results written to: 
  IQ-TREE report:                cluster3848rr.1to1ortho.fa.aln-cln_gene1068.fa.iqtree
  Maximum-likelihood tree:       cluster3848rr.1to1ortho.fa.aln-cln_gene1068.fa.treefile
  Likelihood distances:          cluster3848rr.1to1ortho.fa.aln-cln_gene1068.fa.mldist
  Screen log file:               cluster3848rr.1to1ortho.fa.aln-cln_gene1068.fa.log

Date and Time: Mon Nov 25 10:38:34 2019
