IQ-TREE multicore version 1.6.11 for Mac OS X 64-bit built Jul 12 2019
Developed by Bui Quang Minh, Nguyen Lam Tung, Olga Chernomor,
Heiko Schmidt, Dominik Schrempf, Michael Woodhams.

Host:    slpc437 (AVX2, FMA3, 16 GB RAM)
Command: iqtree -s cluster1517rr.1to1ortho.fa.aln-cln_gene1100.fa -nt 4 -m GTR+G -alrt 1000
Seed:    542168 (Using SPRNG - Scalable Parallel Random Number Generator)
Time:    Mon Nov 25 09:44:22 2019
Kernel:  AVX+FMA - 4 threads (6 CPU cores detected)

Reading alignment file cluster1517rr.1to1ortho.fa.aln-cln_gene1100.fa ... Fasta format detected
Alignment most likely contains DNA/RNA sequences
Alignment has 13 sequences with 1710 columns, 862 distinct patterns
636 parsimony-informative, 252 singleton sites, 822 constant sites
           Gap/Ambiguity  Composition  p-value
   1  DrolusSFB    2.51%    passed     73.42%
   2  Dino         6.67%    passed     89.94%
   3  MJM3360     37.72%    passed     22.33%
   4  DrobinSFB    0.18%    passed     38.62%
   5  Neam         1.05%    passed     72.78%
   6  RuprSFB      1.40%    passed     95.40%
   7  Retr         3.57%    passed     71.56%
   8  Beta         1.93%    passed     93.18%
   9  Spol         1.75%    passed     25.08%
  10  MJM1652      0.76%    passed     59.86%
  11  NepSFB       1.05%    passed     69.47%
  12  WPYJ        36.02%    passed     15.27%
  13  MJM2940     22.92%    passed     16.91%
****  TOTAL        9.04%  0 sequences failed composition chi2 test (p-value<5%; df=3)

Create initial parsimony tree by phylogenetic likelihood library (PLL)... 0.001 seconds

NOTE: 1 MB RAM (0 GB) is required!
Estimate model parameters (epsilon = 0.100)
1. Initial log-likelihood: -11603.813
2. Current log-likelihood: -11058.341
3. Current log-likelihood: -11052.022
4. Current log-likelihood: -11051.817
Optimal log-likelihood: -11051.812
Rate parameters:  A-C: 2.44159  A-G: 5.10115  A-T: 1.49570  C-G: 2.19920  C-T: 9.39472  G-T: 1.00000
Base frequencies:  A: 0.288  C: 0.179  G: 0.259  T: 0.274
Gamma shape alpha: 0.492
Parameters optimization took 4 rounds (0.053 sec)
Computing ML distances based on estimated model parameters... 0.002 sec
Computing BIONJ tree...
0.003 seconds
Log-likelihood of BIONJ tree: -11052.089
--------------------------------------------------------------------
|             INITIALIZING CANDIDATE TREE SET                      |
--------------------------------------------------------------------
Generating 98 parsimony trees... 0.101 second
Computing log-likelihood of 98 initial trees ... 0.455 seconds
Current best score: -11048.877

Do NNI search on 20 best initial trees
Estimate model parameters (epsilon = 0.100)
BETTER TREE FOUND at iteration 1: -11048.757
Iteration 10 / LogL: -11048.776 / Time: 0h:0m:0s
Iteration 20 / LogL: -11048.826 / Time: 0h:0m:1s
Finish initializing candidate tree set (1)
Current best tree score: -11048.757 / CPU time: 1.262
Number of iterations: 20
--------------------------------------------------------------------
|               OPTIMIZING CANDIDATE TREE SET                      |
--------------------------------------------------------------------
UPDATE BEST LOG-LIKELIHOOD: -11048.757
Iteration 30 / LogL: -11048.774 / Time: 0h:0m:1s (0h:0m:4s left)
Iteration 40 / LogL: -11048.762 / Time: 0h:0m:2s (0h:0m:3s left)
Iteration 50 / LogL: -11049.461 / Time: 0h:0m:2s (0h:0m:2s left)
UPDATE BEST LOG-LIKELIHOOD: -11048.757
Iteration 60 / LogL: -11048.786 / Time: 0h:0m:3s (0h:0m:2s left)
Iteration 70 / LogL: -11049.432 / Time: 0h:0m:3s (0h:0m:1s left)
Iteration 80 / LogL: -11048.766 / Time: 0h:0m:3s (0h:0m:1s left)
Iteration 90 / LogL: -11049.774 / Time: 0h:0m:4s (0h:0m:0s left)
Iteration 100 / LogL: -11048.769 / Time: 0h:0m:4s (0h:0m:0s left)
TREE SEARCH COMPLETED AFTER 102 ITERATIONS / Time: 0h:0m:4s

--------------------------------------------------------------------
|                    FINALIZING TREE SEARCH                        |
--------------------------------------------------------------------
Performs final model parameters optimization
Estimate model parameters (epsilon = 0.010)
1. Initial log-likelihood: -11048.757
Optimal log-likelihood: -11048.757
Rate parameters:  A-C: 2.51473  A-G: 5.30075  A-T: 1.55775  C-G: 2.28371  C-T: 9.82822  G-T: 1.00000
Base frequencies:  A: 0.288  C: 0.179  G: 0.259  T: 0.274
Gamma shape alpha: 0.490
Parameters optimization took 1 rounds (0.005 sec)
BEST SCORE FOUND : -11048.757

Testing tree branches by SH-like aLRT with 1000 replicates...
0.104 sec.
Total tree length: 1.867

Total number of iterations: 102
CPU time used for tree search: 6.283 sec (0h:0m:6s)
Wall-clock time used for tree search: 4.815 sec (0h:0m:4s)
Total CPU time used: 6.782 sec (0h:0m:6s)
Total wall-clock time used: 4.999 sec (0h:0m:4s)

Analysis results written to: 
  IQ-TREE report:                cluster1517rr.1to1ortho.fa.aln-cln_gene1100.fa.iqtree
  Maximum-likelihood tree:       cluster1517rr.1to1ortho.fa.aln-cln_gene1100.fa.treefile
  Likelihood distances:          cluster1517rr.1to1ortho.fa.aln-cln_gene1100.fa.mldist
  Screen log file:               cluster1517rr.1to1ortho.fa.aln-cln_gene1100.fa.log

Date and Time: Mon Nov 25 09:44:27 2019
