IQ-TREE multicore version 1.6.11 for Mac OS X 64-bit built Jul 12 2019
Developed by Bui Quang Minh, Nguyen Lam Tung, Olga Chernomor,
Heiko Schmidt, Dominik Schrempf, Michael Woodhams.

Host:    slpc437 (AVX2, FMA3, 16 GB RAM)
Command: iqtree -s cluster3878rr.1to1ortho.fa.aln-cln_gene553.fa -nt 4 -m GTR+G -alrt 1000
Seed:    811544 (Using SPRNG - Scalable Parallel Random Number Generator)
Time:    Mon Nov 25 10:39:16 2019
Kernel:  AVX+FMA - 4 threads (6 CPU cores detected)

Reading alignment file cluster3878rr.1to1ortho.fa.aln-cln_gene553.fa ... Fasta format detected
Alignment most likely contains DNA/RNA sequences
Alignment has 13 sequences with 1833 columns, 815 distinct patterns
667 parsimony-informative, 264 singleton sites, 902 constant sites
           Gap/Ambiguity  Composition  p-value
   1  DrolusSFB    0.00%    passed     96.09%
   2  Dino         0.27%    passed     74.76%
   3  MJM3360      9.27%    passed     80.32%
   4  DrobinSFB    1.20%    passed     57.45%
   5  Neam         0.16%    passed     60.19%
   6  RuprSFB     11.13%    passed     92.63%
   7  Retr        10.97%    passed     81.25%
   8  Beta         0.44%    passed     67.97%
   9  Spol         0.44%    passed     85.62%
  10  MJM1652      0.00%    passed     88.47%
  11  NepSFB       0.00%    passed     64.68%
  12  WPYJ         8.67%    passed     87.90%
  13  MJM2940      0.00%    passed     93.06%
****  TOTAL        3.27%  0 sequences failed composition chi2 test (p-value<5%; df=3)

Create initial parsimony tree by phylogenetic likelihood library (PLL)... 0.001 seconds

NOTE: 1 MB RAM (0 GB) is required!
Estimate model parameters (epsilon = 0.100)
1. Initial log-likelihood: -12597.129
2. Current log-likelihood: -12154.745
3. Current log-likelihood: -12152.606
Optimal log-likelihood: -12152.581
Rate parameters:  A-C: 2.82506  A-G: 4.75094  A-T: 2.42900  C-G: 2.08411  C-T: 7.83623  G-T: 1.00000
Base frequencies:  A: 0.257  C: 0.197  G: 0.263  T: 0.283
Gamma shape alpha: 0.490
Parameters optimization took 3 rounds (0.044 sec)
Computing ML distances based on estimated model parameters... 0.002 sec
Computing BIONJ tree...
0.002 seconds
Log-likelihood of BIONJ tree: -12154.979
--------------------------------------------------------------------
|             INITIALIZING CANDIDATE TREE SET                      |
--------------------------------------------------------------------
Generating 98 parsimony trees... 0.101 second
Computing log-likelihood of 98 initial trees ... 0.452 seconds
Current best score: -12152.581

Do NNI search on 20 best initial trees
Estimate model parameters (epsilon = 0.100)
BETTER TREE FOUND at iteration 1: -12152.468
Iteration 10 / LogL: -12152.468 / Time: 0h:0m:0s
Iteration 20 / LogL: -12152.510 / Time: 0h:0m:1s
Finish initializing candidate tree set (2)
Current best tree score: -12152.468 / CPU time: 1.151
Number of iterations: 20
--------------------------------------------------------------------
|               OPTIMIZING CANDIDATE TREE SET                      |
--------------------------------------------------------------------
Iteration 30 / LogL: -12152.472 / Time: 0h:0m:1s (0h:0m:3s left)
Iteration 40 / LogL: -12152.527 / Time: 0h:0m:2s (0h:0m:3s left)
Iteration 50 / LogL: -12152.597 / Time: 0h:0m:2s (0h:0m:2s left)
Iteration 60 / LogL: -12152.506 / Time: 0h:0m:2s (0h:0m:2s left)
Iteration 70 / LogL: -12152.477 / Time: 0h:0m:3s (0h:0m:1s left)
Iteration 80 / LogL: -12152.536 / Time: 0h:0m:3s (0h:0m:1s left)
Iteration 90 / LogL: -12152.506 / Time: 0h:0m:4s (0h:0m:0s left)
Iteration 100 / LogL: -12152.916 / Time: 0h:0m:4s (0h:0m:0s left)
TREE SEARCH COMPLETED AFTER 102 ITERATIONS / Time: 0h:0m:4s

--------------------------------------------------------------------
|                    FINALIZING TREE SEARCH                        |
--------------------------------------------------------------------
Performs final model parameters optimization
Estimate model parameters (epsilon = 0.010)
1. Initial log-likelihood: -12152.468
Optimal log-likelihood: -12152.467
Rate parameters:  A-C: 2.82402  A-G: 4.76963  A-T: 2.42014  C-G: 2.06763  C-T: 7.84162  G-T: 1.00000
Base frequencies:  A: 0.257  C: 0.197  G: 0.263  T: 0.283
Gamma shape alpha: 0.489
Parameters optimization took 1 rounds (0.005 sec)
BEST SCORE FOUND : -12152.467

Testing tree branches by SH-like aLRT with 1000 replicates...
0.103 sec.
Total tree length: 1.639

Total number of iterations: 102
CPU time used for tree search: 6.154 sec (0h:0m:6s)
Wall-clock time used for tree search: 4.820 sec (0h:0m:4s)
Total CPU time used: 6.644 sec (0h:0m:6s)
Total wall-clock time used: 4.992 sec (0h:0m:4s)

Analysis results written to: 
  IQ-TREE report:                cluster3878rr.1to1ortho.fa.aln-cln_gene553.fa.iqtree
  Maximum-likelihood tree:       cluster3878rr.1to1ortho.fa.aln-cln_gene553.fa.treefile
  Likelihood distances:          cluster3878rr.1to1ortho.fa.aln-cln_gene553.fa.mldist
  Screen log file:               cluster3878rr.1to1ortho.fa.aln-cln_gene553.fa.log

Date and Time: Mon Nov 25 10:39:21 2019
