IQ-TREE multicore version 1.6.11 for Mac OS X 64-bit built Jul 12 2019
Developed by Bui Quang Minh, Nguyen Lam Tung, Olga Chernomor,
Heiko Schmidt, Dominik Schrempf, Michael Woodhams.

Host:    slpc437 (AVX2, FMA3, 16 GB RAM)
Command: iqtree -s cluster1859rr.1to1ortho.fa.aln-cln_gene440.fa -nt 4 -m GTR+G -alrt 1000
Seed:    691147 (Using SPRNG - Scalable Parallel Random Number Generator)
Time:    Mon Nov 25 09:50:35 2019
Kernel:  AVX+FMA - 4 threads (6 CPU cores detected)

Reading alignment file cluster1859rr.1to1ortho.fa.aln-cln_gene440.fa ... Fasta format detected
Alignment most likely contains DNA/RNA sequences
Alignment has 13 sequences with 1544 columns, 820 distinct patterns
552 parsimony-informative, 289 singleton sites, 703 constant sites
           Gap/Ambiguity  Composition  p-value
   1  DrolusSFB    7.64%    passed     59.30%
   2  Dino         1.30%    passed     52.02%
   3  MJM3360     22.54%    passed     46.07%
   4  DrobinSFB   13.47%    passed     49.85%
   5  Neam         0.58%    passed     41.17%
   6  RuprSFB     16.13%    passed     69.50%
   7  Retr        39.38%    passed     68.55%
   8  Beta        17.10%    passed      5.23%
   9  Spol        22.28%    passed     20.26%
  10  MJM1652      1.49%    passed     19.82%
  11  NepSFB       0.58%    passed     48.18%
  12  WPYJ        60.75%    passed     27.22%
  13  MJM2940      4.79%    passed     90.27%
WARNING: 1 sequences contain more than 50% gaps/ambiguity
****  TOTAL       16.00%  0 sequences failed composition chi2 test (p-value<5%; df=3)

Create initial parsimony tree by phylogenetic likelihood library (PLL)... 0.001 seconds

NOTE: 1 MB RAM (0 GB) is required!
Estimate model parameters (epsilon = 0.100)
1. Initial log-likelihood: -9885.828
2. Current log-likelihood: -9495.454
3. Current log-likelihood: -9491.134
Optimal log-likelihood: -9491.097
Rate parameters:  A-C: 1.78851  A-G: 4.91296  A-T: 1.18641  C-G: 1.68495  C-T: 5.43374  G-T: 1.00000
Base frequencies:  A: 0.258  C: 0.221  G: 0.225  T: 0.297
Gamma shape alpha: 0.638
Parameters optimization took 3 rounds (0.068 sec)
Computing ML distances based on estimated model parameters... 0.001 sec
Computing BIONJ tree...
0.002 seconds
Log-likelihood of BIONJ tree: -9490.044
--------------------------------------------------------------------
|             INITIALIZING CANDIDATE TREE SET                      |
--------------------------------------------------------------------
Generating 98 parsimony trees... 0.094 second
Computing log-likelihood of 98 initial trees ... 0.472 seconds
Current best score: -9489.980

Do NNI search on 20 best initial trees
Estimate model parameters (epsilon = 0.100)
BETTER TREE FOUND at iteration 1: -9489.675
Iteration 10 / LogL: -9489.707 / Time: 0h:0m:0s
Iteration 20 / LogL: -9489.707 / Time: 0h:0m:1s
Finish initializing candidate tree set (1)
Current best tree score: -9489.675 / CPU time: 1.256
Number of iterations: 20
--------------------------------------------------------------------
|               OPTIMIZING CANDIDATE TREE SET                      |
--------------------------------------------------------------------
Iteration 30 / LogL: -9489.962 / Time: 0h:0m:1s (0h:0m:4s left)
Iteration 40 / LogL: -9489.767 / Time: 0h:0m:2s (0h:0m:3s left)
Iteration 50 / LogL: -9489.695 / Time: 0h:0m:2s (0h:0m:2s left)
Iteration 60 / LogL: -9489.726 / Time: 0h:0m:3s (0h:0m:2s left)
Iteration 70 / LogL: -9489.676 / Time: 0h:0m:3s (0h:0m:1s left)
UPDATE BEST LOG-LIKELIHOOD: -9489.675
Iteration 80 / LogL: -9489.676 / Time: 0h:0m:4s (0h:0m:1s left)
Iteration 90 / LogL: -9489.681 / Time: 0h:0m:4s (0h:0m:0s left)
Iteration 100 / LogL: -9489.728 / Time: 0h:0m:5s (0h:0m:0s left)
TREE SEARCH COMPLETED AFTER 102 ITERATIONS / Time: 0h:0m:5s

--------------------------------------------------------------------
|                    FINALIZING TREE SEARCH                        |
--------------------------------------------------------------------
Performs final model parameters optimization
Estimate model parameters (epsilon = 0.010)
1. Initial log-likelihood: -9489.675
Optimal log-likelihood: -9489.674
Rate parameters:  A-C: 1.77465  A-G: 4.91939  A-T: 1.18577  C-G: 1.68633  C-T: 5.43602  G-T: 1.00000
Base frequencies:  A: 0.258  C: 0.221  G: 0.225  T: 0.297
Gamma shape alpha: 0.642
Parameters optimization took 1 rounds (0.005 sec)
BEST SCORE FOUND : -9489.674

Testing tree branches by SH-like aLRT with 1000 replicates...
0.096 sec.
Total tree length: 1.863

Total number of iterations: 102
CPU time used for tree search: 6.558 sec (0h:0m:6s)
Wall-clock time used for tree search: 5.178 sec (0h:0m:5s)
Total CPU time used: 7.066 sec (0h:0m:7s)
Total wall-clock time used: 5.368 sec (0h:0m:5s)

Analysis results written to: 
  IQ-TREE report:                cluster1859rr.1to1ortho.fa.aln-cln_gene440.fa.iqtree
  Maximum-likelihood tree:       cluster1859rr.1to1ortho.fa.aln-cln_gene440.fa.treefile
  Likelihood distances:          cluster1859rr.1to1ortho.fa.aln-cln_gene440.fa.mldist
  Screen log file:               cluster1859rr.1to1ortho.fa.aln-cln_gene440.fa.log

Date and Time: Mon Nov 25 09:50:41 2019
