IQ-TREE multicore version 1.6.11 for Mac OS X 64-bit built Jul 12 2019
Developed by Bui Quang Minh, Nguyen Lam Tung, Olga Chernomor,
Heiko Schmidt, Dominik Schrempf, Michael Woodhams.

Host:    slpc437 (AVX2, FMA3, 16 GB RAM)
Command: iqtree -s cluster1897rr.1to1ortho.fa.aln-cln_gene826.fa -nt 4 -m GTR+G -alrt 1000
Seed:    844407 (Using SPRNG - Scalable Parallel Random Number Generator)
Time:    Mon Nov 25 09:51:32 2019
Kernel:  AVX+FMA - 4 threads (6 CPU cores detected)

Reading alignment file cluster1897rr.1to1ortho.fa.aln-cln_gene826.fa ... Fasta format detected
Alignment most likely contains DNA/RNA sequences
Alignment has 13 sequences with 663 columns, 308 distinct patterns
205 parsimony-informative, 87 singleton sites, 371 constant sites
           Gap/Ambiguity  Composition  p-value
   1  DrolusSFB    0.00%    passed     94.99%
   2  Dino         0.00%    passed     96.61%
   3  MJM3360      0.00%    passed     71.00%
   4  DrobinSFB    0.00%    passed     63.50%
   5  Neam         0.00%    passed     99.28%
   6  RuprSFB      9.65%    passed     98.47%
   7  Retr        54.90%    passed     74.25%
   8  Beta         0.00%    passed     94.69%
   9  Spol         0.00%    passed     95.52%
  10  MJM1652      0.00%    passed     73.45%
  11  NepSFB       0.00%    passed     98.41%
  12  WPYJ        51.13%    passed     99.82%
  13  MJM2940      0.00%    passed     94.89%
WARNING: 2 sequences contain more than 50% gaps/ambiguity
****  TOTAL        8.90%  0 sequences failed composition chi2 test (p-value<5%; df=3)

Create initial parsimony tree by phylogenetic likelihood library (PLL)... 0.001 seconds

NOTE: 0 MB RAM (0 GB) is required!
WARNING: Number of threads seems too high for short alignments. Use -nt AUTO to determine best number of threads.
Estimate model parameters (epsilon = 0.100)
1. Initial log-likelihood: -3953.341
2. Current log-likelihood: -3789.767
3. Current log-likelihood: -3787.681
Optimal log-likelihood: -3787.652
Rate parameters:  A-C: 1.53368  A-G: 3.11199  A-T: 1.02808  C-G: 1.21220  C-T: 5.28872  G-T: 1.00000
Base frequencies:  A: 0.263  C: 0.210  G: 0.242  T: 0.286
Gamma shape alpha: 0.387
Parameters optimization took 3 rounds (0.030 sec)
Computing ML distances based on estimated model parameters... 0.001 sec
Computing BIONJ tree...
0.002 seconds
Log-likelihood of BIONJ tree: -3790.290
--------------------------------------------------------------------
|             INITIALIZING CANDIDATE TREE SET                      |
--------------------------------------------------------------------
Generating 98 parsimony trees... 0.064 second
Computing log-likelihood of 98 initial trees ... 0.405 seconds
Current best score: -3784.611

Do NNI search on 20 best initial trees
Estimate model parameters (epsilon = 0.100)
BETTER TREE FOUND at iteration 1: -3784.531
Iteration 10 / LogL: -3784.688 / Time: 0h:0m:0s
Iteration 20 / LogL: -3784.584 / Time: 0h:0m:1s
Finish initializing candidate tree set (2)
Current best tree score: -3784.531 / CPU time: 1.138
Number of iterations: 20
--------------------------------------------------------------------
|               OPTIMIZING CANDIDATE TREE SET                      |
--------------------------------------------------------------------
Iteration 30 / LogL: -3784.563 / Time: 0h:0m:1s (0h:0m:4s left)
Iteration 40 / LogL: -3787.341 / Time: 0h:0m:2s (0h:0m:3s left)
Iteration 50 / LogL: -3784.559 / Time: 0h:0m:2s (0h:0m:2s left)
Iteration 60 / LogL: -3784.536 / Time: 0h:0m:3s (0h:0m:2s left)
Iteration 70 / LogL: -3784.637 / Time: 0h:0m:3s (0h:0m:1s left)
Iteration 80 / LogL: -3784.598 / Time: 0h:0m:3s (0h:0m:1s left)
Iteration 90 / LogL: -3784.582 / Time: 0h:0m:4s (0h:0m:0s left)
Iteration 100 / LogL: -3784.569 / Time: 0h:0m:4s (0h:0m:0s left)
TREE SEARCH COMPLETED AFTER 102 ITERATIONS / Time: 0h:0m:4s

--------------------------------------------------------------------
|                    FINALIZING TREE SEARCH                        |
--------------------------------------------------------------------
Performs final model parameters optimization
Estimate model parameters (epsilon = 0.010)
1. Initial log-likelihood: -3784.531
Optimal log-likelihood: -3784.529
Rate parameters:  A-C: 1.53037  A-G: 3.10744  A-T: 1.04051  C-G: 1.19935  C-T: 5.31906  G-T: 1.00000
Base frequencies:  A: 0.263  C: 0.210  G: 0.242  T: 0.286
Gamma shape alpha: 0.390
Parameters optimization took 1 rounds (0.005 sec)
BEST SCORE FOUND : -3784.529

Testing tree branches by SH-like aLRT with 1000 replicates...
0.048 sec.
Total tree length: 1.390

Total number of iterations: 102
CPU time used for tree search: 4.318 sec (0h:0m:4s)
Wall-clock time used for tree search: 4.832 sec (0h:0m:4s)
Total CPU time used: 4.528 sec (0h:0m:4s)
Total wall-clock time used: 4.935 sec (0h:0m:4s)

Analysis results written to: 
  IQ-TREE report:                cluster1897rr.1to1ortho.fa.aln-cln_gene826.fa.iqtree
  Maximum-likelihood tree:       cluster1897rr.1to1ortho.fa.aln-cln_gene826.fa.treefile
  Likelihood distances:          cluster1897rr.1to1ortho.fa.aln-cln_gene826.fa.mldist
  Screen log file:               cluster1897rr.1to1ortho.fa.aln-cln_gene826.fa.log

Date and Time: Mon Nov 25 09:51:37 2019
