IQ-TREE multicore version 1.6.11 for Mac OS X 64-bit built Jul 12 2019
Developed by Bui Quang Minh, Nguyen Lam Tung, Olga Chernomor,
Heiko Schmidt, Dominik Schrempf, Michael Woodhams.

Host:    slpc437 (AVX2, FMA3, 16 GB RAM)
Command: iqtree -s cluster2823rr.1to1ortho.fa.aln-cln_gene612.fa -nt 4 -m GTR+G -alrt 1000
Seed:    61591 (Using SPRNG - Scalable Parallel Random Number Generator)
Time:    Mon Nov 25 10:14:30 2019
Kernel:  AVX+FMA - 4 threads (6 CPU cores detected)

Reading alignment file cluster2823rr.1to1ortho.fa.aln-cln_gene612.fa ... Fasta format detected
Alignment most likely contains DNA/RNA sequences
Alignment has 13 sequences with 1110 columns, 504 distinct patterns
349 parsimony-informative, 181 singleton sites, 580 constant sites
           Gap/Ambiguity  Composition  p-value
   1  DrolusSFB    0.27%    passed     71.13%
   2  Dino         0.27%    passed     89.80%
   3  MJM3360      2.16%    passed     79.72%
   4  DrobinSFB    3.78%    passed     84.71%
   5  Neam         0.27%    passed     98.87%
   6  RuprSFB      2.34%    passed     38.12%
   7  Retr         1.53%    passed     95.16%
   8  Beta         1.80%    passed     19.10%
   9  Spol        18.92%    passed     54.42%
  10  MJM1652      1.08%    passed     72.75%
  11  NepSFB       0.27%    passed     98.74%
  12  WPYJ        13.24%    passed     71.57%
  13  MJM2940      0.27%    passed     70.97%
****  TOTAL        3.56%  0 sequences failed composition chi2 test (p-value<5%; df=3)

Create initial parsimony tree by phylogenetic likelihood library (PLL)... 0.001 seconds

NOTE: 0 MB RAM (0 GB) is required!
Estimate model parameters (epsilon = 0.100)
1. Initial log-likelihood: -7077.787
2. Current log-likelihood: -6838.307
3. Current log-likelihood: -6835.171
Optimal log-likelihood: -6835.123
Rate parameters:  A-C: 1.66490  A-G: 3.38394  A-T: 1.28669  C-G: 1.02997  C-T: 4.64839  G-T: 1.00000
Base frequencies:  A: 0.273  C: 0.190  G: 0.242  T: 0.295
Gamma shape alpha: 0.430
Parameters optimization took 3 rounds (0.032 sec)
Computing ML distances based on estimated model parameters... 0.001 sec
Computing BIONJ tree...
0.002 seconds
Log-likelihood of BIONJ tree: -6836.381
--------------------------------------------------------------------
|             INITIALIZING CANDIDATE TREE SET                      |
--------------------------------------------------------------------
Generating 98 parsimony trees... 0.075 second
Computing log-likelihood of 98 initial trees ... 0.411 seconds
Current best score: -6835.123

Do NNI search on 20 best initial trees
Estimate model parameters (epsilon = 0.100)
BETTER TREE FOUND at iteration 1: -6835.122
Iteration 10 / LogL: -6835.126 / Time: 0h:0m:0s
Iteration 20 / LogL: -6835.426 / Time: 0h:0m:1s
Finish initializing candidate tree set (1)
Current best tree score: -6835.122 / CPU time: 1.017
Number of iterations: 20
--------------------------------------------------------------------
|               OPTIMIZING CANDIDATE TREE SET                      |
--------------------------------------------------------------------
UPDATE BEST LOG-LIKELIHOOD: -6835.122
Iteration 30 / LogL: -6835.152 / Time: 0h:0m:1s (0h:0m:3s left)
Iteration 40 / LogL: -6837.638 / Time: 0h:0m:1s (0h:0m:2s left)
Iteration 50 / LogL: -6835.268 / Time: 0h:0m:2s (0h:0m:2s left)
Iteration 60 / LogL: -6835.142 / Time: 0h:0m:2s (0h:0m:1s left)
Iteration 70 / LogL: -6835.126 / Time: 0h:0m:2s (0h:0m:1s left)
UPDATE BEST LOG-LIKELIHOOD: -6835.122
Iteration 80 / LogL: -6835.142 / Time: 0h:0m:3s (0h:0m:0s left)
Iteration 90 / LogL: -6843.550 / Time: 0h:0m:3s (0h:0m:0s left)
Iteration 100 / LogL: -6835.293 / Time: 0h:0m:3s (0h:0m:0s left)
TREE SEARCH COMPLETED AFTER 102 ITERATIONS / Time: 0h:0m:3s

--------------------------------------------------------------------
|                    FINALIZING TREE SEARCH                        |
--------------------------------------------------------------------
Performs final model parameters optimization
Estimate model parameters (epsilon = 0.010)
1. Initial log-likelihood: -6835.122
Optimal log-likelihood: -6835.121
Rate parameters:  A-C: 1.66252  A-G: 3.38891  A-T: 1.28931  C-G: 1.03047  C-T: 4.65404  G-T: 1.00000
Base frequencies:  A: 0.273  C: 0.190  G: 0.242  T: 0.295
Gamma shape alpha: 0.430
Parameters optimization took 1 rounds (0.004 sec)
BEST SCORE FOUND : -6835.121

Testing tree branches by SH-like aLRT with 1000 replicates...
0.069 sec.
Total tree length: 1.535

Total number of iterations: 102
CPU time used for tree search: 4.093 sec (0h:0m:4s)
Wall-clock time used for tree search: 3.852 sec (0h:0m:3s)
Total CPU time used: 4.400 sec (0h:0m:4s)
Total wall-clock time used: 3.975 sec (0h:0m:3s)

Analysis results written to: 
  IQ-TREE report:                cluster2823rr.1to1ortho.fa.aln-cln_gene612.fa.iqtree
  Maximum-likelihood tree:       cluster2823rr.1to1ortho.fa.aln-cln_gene612.fa.treefile
  Likelihood distances:          cluster2823rr.1to1ortho.fa.aln-cln_gene612.fa.mldist
  Screen log file:               cluster2823rr.1to1ortho.fa.aln-cln_gene612.fa.log

Date and Time: Mon Nov 25 10:14:34 2019
