IQ-TREE multicore version 1.6.11 for Mac OS X 64-bit built Jul 12 2019
Developed by Bui Quang Minh, Nguyen Lam Tung, Olga Chernomor,
Heiko Schmidt, Dominik Schrempf, Michael Woodhams.

Host:    slpc437 (AVX2, FMA3, 16 GB RAM)
Command: iqtree -s cluster3227rr.1to1ortho.fa.aln-cln_gene1148.fa -nt 4 -m GTR+G -alrt 1000
Seed:    725358 (Using SPRNG - Scalable Parallel Random Number Generator)
Time:    Mon Nov 25 10:24:37 2019
Kernel:  AVX+FMA - 4 threads (6 CPU cores detected)

Reading alignment file cluster3227rr.1to1ortho.fa.aln-cln_gene1148.fa ... Fasta format detected
Alignment most likely contains DNA/RNA sequences
Alignment has 13 sequences with 1050 columns, 574 distinct patterns
400 parsimony-informative, 158 singleton sites, 492 constant sites
           Gap/Ambiguity  Composition  p-value
   1  DrolusSFB    3.90%    passed     74.70%
   2  Dino        21.90%    passed     96.13%
   3  MJM3360     10.38%    passed     98.97%
   4  DrobinSFB    5.52%    passed     96.74%
   5  Neam         0.29%    passed     97.20%
   6  RuprSFB      4.19%    passed     32.47%
   7  Retr        35.52%    passed     79.80%
   8  Beta         0.29%    passed     84.16%
   9  Spol         0.57%    passed     86.72%
  10  MJM1652      3.52%    passed     92.98%
  11  NepSFB       0.29%    passed     87.09%
  12  WPYJ         5.81%    passed     94.05%
  13  MJM2940      4.67%    passed     77.42%
****  TOTAL        7.45%  0 sequences failed composition chi2 test (p-value<5%; df=3)

Create initial parsimony tree by phylogenetic likelihood library (PLL)... 0.001 seconds

NOTE: 0 MB RAM (0 GB) is required!
Estimate model parameters (epsilon = 0.100)
1. Initial log-likelihood: -7458.205
2. Current log-likelihood: -7213.081
3. Current log-likelihood: -7210.401
Optimal log-likelihood: -7210.279
Rate parameters:  A-C: 2.34841  A-G: 4.24627  A-T: 1.55665  C-G: 2.07647  C-T: 6.47144  G-T: 1.00000
Base frequencies:  A: 0.289  C: 0.203  G: 0.229  T: 0.278
Gamma shape alpha: 0.483
Parameters optimization took 3 rounds (0.035 sec)
Computing ML distances based on estimated model parameters... 0.001 sec
Computing BIONJ tree...
0.002 seconds
Log-likelihood of BIONJ tree: -7209.571
--------------------------------------------------------------------
|             INITIALIZING CANDIDATE TREE SET                      |
--------------------------------------------------------------------
Generating 98 parsimony trees... 0.085 second
Computing log-likelihood of 98 initial trees ... 0.420 seconds
Current best score: -7209.571

Do NNI search on 20 best initial trees
Estimate model parameters (epsilon = 0.100)
BETTER TREE FOUND at iteration 1: -7207.226
Iteration 10 / LogL: -7208.206 / Time: 0h:0m:0s
Iteration 20 / LogL: -7207.815 / Time: 0h:0m:1s
Finish initializing candidate tree set (1)
Current best tree score: -7207.226 / CPU time: 1.071
Number of iterations: 20
--------------------------------------------------------------------
|               OPTIMIZING CANDIDATE TREE SET                      |
--------------------------------------------------------------------
Iteration 30 / LogL: -7207.489 / Time: 0h:0m:1s (0h:0m:3s left)
Iteration 40 / LogL: -7207.246 / Time: 0h:0m:1s (0h:0m:2s left)
Iteration 50 / LogL: -7207.875 / Time: 0h:0m:2s (0h:0m:2s left)
Iteration 60 / LogL: -7207.263 / Time: 0h:0m:2s (0h:0m:1s left)
Iteration 70 / LogL: -7207.239 / Time: 0h:0m:3s (0h:0m:1s left)
Iteration 80 / LogL: -7228.332 / Time: 0h:0m:3s (0h:0m:0s left)
Iteration 90 / LogL: -7207.251 / Time: 0h:0m:3s (0h:0m:0s left)
Iteration 100 / LogL: -7207.358 / Time: 0h:0m:4s (0h:0m:0s left)
TREE SEARCH COMPLETED AFTER 102 ITERATIONS / Time: 0h:0m:4s

--------------------------------------------------------------------
|                    FINALIZING TREE SEARCH                        |
--------------------------------------------------------------------
Performs final model parameters optimization
Estimate model parameters (epsilon = 0.010)
1. Initial log-likelihood: -7207.226
Optimal log-likelihood: -7207.226
Rate parameters:  A-C: 2.43760  A-G: 4.38385  A-T: 1.60629  C-G: 2.16204  C-T: 6.73353  G-T: 1.00000
Base frequencies:  A: 0.289  C: 0.203  G: 0.229  T: 0.278
Gamma shape alpha: 0.483
Parameters optimization took 1 rounds (0.005 sec)
BEST SCORE FOUND : -7207.226

Testing tree branches by SH-like aLRT with 1000 replicates...
0.066 sec.
Total tree length: 1.942

Total number of iterations: 102
CPU time used for tree search: 4.827 sec (0h:0m:4s)
Wall-clock time used for tree search: 4.309 sec (0h:0m:4s)
Total CPU time used: 5.138 sec (0h:0m:5s)
Total wall-clock time used: 4.434 sec (0h:0m:4s)

Analysis results written to: 
  IQ-TREE report:                cluster3227rr.1to1ortho.fa.aln-cln_gene1148.fa.iqtree
  Maximum-likelihood tree:       cluster3227rr.1to1ortho.fa.aln-cln_gene1148.fa.treefile
  Likelihood distances:          cluster3227rr.1to1ortho.fa.aln-cln_gene1148.fa.mldist
  Screen log file:               cluster3227rr.1to1ortho.fa.aln-cln_gene1148.fa.log

Date and Time: Mon Nov 25 10:24:42 2019
