IQ-TREE multicore version 1.6.11 for Mac OS X 64-bit built Jul 12 2019
Developed by Bui Quang Minh, Nguyen Lam Tung, Olga Chernomor,
Heiko Schmidt, Dominik Schrempf, Michael Woodhams.

Host:    slpc437 (AVX2, FMA3, 16 GB RAM)
Command: iqtree -s cluster2869rr.1to1ortho.fa.aln-cln_gene642.fa -nt 4 -m GTR+G -alrt 1000
Seed:    93768 (Using SPRNG - Scalable Parallel Random Number Generator)
Time:    Mon Nov 25 10:16:04 2019
Kernel:  AVX+FMA - 4 threads (6 CPU cores detected)

Reading alignment file cluster2869rr.1to1ortho.fa.aln-cln_gene642.fa ... Fasta format detected
Alignment most likely contains DNA/RNA sequences
Alignment has 13 sequences with 1864 columns, 725 distinct patterns
596 parsimony-informative, 217 singleton sites, 1051 constant sites
           Gap/Ambiguity  Composition  p-value
   1  DrolusSFB   10.14%    passed     86.23%
   2  Dino         0.00%    passed     48.90%
   3  MJM3360     10.03%    passed     64.56%
   4  DrobinSFB    0.75%    passed     40.61%
   5  Neam         0.00%    passed     76.32%
   6  RuprSFB     10.03%    passed     82.02%
   7  Retr        10.03%    passed     58.04%
   8  Beta        10.03%    passed     23.30%
   9  Spol        10.03%    passed     92.21%
  10  MJM1652      0.00%    passed     80.25%
  11  NepSFB       0.00%    passed     66.55%
  12  WPYJ        61.05%    passed     55.62%
  13  MJM2940      9.98%    passed     61.26%
WARNING: 1 sequences contain more than 50% gaps/ambiguity
****  TOTAL       10.16%  0 sequences failed composition chi2 test (p-value<5%; df=3)

Create initial parsimony tree by phylogenetic likelihood library (PLL)... 0.001 seconds

NOTE: 1 MB RAM (0 GB) is required!
Estimate model parameters (epsilon = 0.100)
1. Initial log-likelihood: -11140.194
2. Current log-likelihood: -10591.923
3. Current log-likelihood: -10585.128
Optimal log-likelihood: -10585.029
Rate parameters:  A-C: 2.08616  A-G: 4.77290  A-T: 1.88783  C-G: 1.40278  C-T: 7.84946  G-T: 1.00000
Base frequencies:  A: 0.274  C: 0.192  G: 0.265  T: 0.269
Gamma shape alpha: 0.338
Parameters optimization took 3 rounds (0.064 sec)
Computing ML distances based on estimated model parameters... 0.001 sec
Computing BIONJ tree...
0.002 seconds
Log-likelihood of BIONJ tree: -10586.503
--------------------------------------------------------------------
|             INITIALIZING CANDIDATE TREE SET                      |
--------------------------------------------------------------------
Generating 98 parsimony trees... 0.092 second
Computing log-likelihood of 97 initial trees ... 0.440 seconds
Current best score: -10585.029

Do NNI search on 20 best initial trees
Estimate model parameters (epsilon = 0.100)
BETTER TREE FOUND at iteration 1: -10581.276
Iteration 10 / LogL: -10581.324 / Time: 0h:0m:0s
Iteration 20 / LogL: -10598.543 / Time: 0h:0m:1s
Finish initializing candidate tree set (2)
Current best tree score: -10581.276 / CPU time: 1.211
Number of iterations: 20
--------------------------------------------------------------------
|               OPTIMIZING CANDIDATE TREE SET                      |
--------------------------------------------------------------------
Iteration 30 / LogL: -10598.537 / Time: 0h:0m:1s (0h:0m:4s left)
UPDATE BEST LOG-LIKELIHOOD: -10581.276
Iteration 40 / LogL: -10581.355 / Time: 0h:0m:2s (0h:0m:3s left)
Iteration 50 / LogL: -10581.282 / Time: 0h:0m:2s (0h:0m:2s left)
Iteration 60 / LogL: -10581.993 / Time: 0h:0m:3s (0h:0m:2s left)
Iteration 70 / LogL: -10598.627 / Time: 0h:0m:3s (0h:0m:1s left)
UPDATE BEST LOG-LIKELIHOOD: -10581.276
Iteration 80 / LogL: -10584.717 / Time: 0h:0m:3s (0h:0m:1s left)
Iteration 90 / LogL: -10598.616 / Time: 0h:0m:4s (0h:0m:0s left)
Iteration 100 / LogL: -10581.394 / Time: 0h:0m:4s (0h:0m:0s left)
TREE SEARCH COMPLETED AFTER 102 ITERATIONS / Time: 0h:0m:4s

--------------------------------------------------------------------
|                    FINALIZING TREE SEARCH                        |
--------------------------------------------------------------------
Performs final model parameters optimization
Estimate model parameters (epsilon = 0.010)
1. Initial log-likelihood: -10581.276
Optimal log-likelihood: -10581.274
Rate parameters:  A-C: 2.04483  A-G: 4.78323  A-T: 1.88218  C-G: 1.38536  C-T: 7.85659  G-T: 1.00000
Base frequencies:  A: 0.274  C: 0.192  G: 0.265  T: 0.269
Gamma shape alpha: 0.338
Parameters optimization took 1 rounds (0.005 sec)
BEST SCORE FOUND : -10581.274

Testing tree branches by SH-like aLRT with 1000 replicates...
0.103 sec.
Total tree length: 1.537

Total number of iterations: 102
CPU time used for tree search: 5.546 sec (0h:0m:5s)
Wall-clock time used for tree search: 4.561 sec (0h:0m:4s)
Total CPU time used: 6.083 sec (0h:0m:6s)
Total wall-clock time used: 4.756 sec (0h:0m:4s)

Analysis results written to: 
  IQ-TREE report:                cluster2869rr.1to1ortho.fa.aln-cln_gene642.fa.iqtree
  Maximum-likelihood tree:       cluster2869rr.1to1ortho.fa.aln-cln_gene642.fa.treefile
  Likelihood distances:          cluster2869rr.1to1ortho.fa.aln-cln_gene642.fa.mldist
  Screen log file:               cluster2869rr.1to1ortho.fa.aln-cln_gene642.fa.log

Date and Time: Mon Nov 25 10:16:08 2019
