IQ-TREE multicore version 1.6.11 for Mac OS X 64-bit built Jul 12 2019
Developed by Bui Quang Minh, Nguyen Lam Tung, Olga Chernomor,
Heiko Schmidt, Dominik Schrempf, Michael Woodhams.

Host:    slpc437 (AVX2, FMA3, 16 GB RAM)
Command: iqtree -s cluster4385rr.1to1ortho.fa.aln-cln_gene693.fa -nt 4 -m GTR+G -alrt 1000
Seed:    610025 (Using SPRNG - Scalable Parallel Random Number Generator)
Time:    Mon Nov 25 10:50:58 2019
Kernel:  AVX+FMA - 4 threads (6 CPU cores detected)

Reading alignment file cluster4385rr.1to1ortho.fa.aln-cln_gene693.fa ... Fasta format detected
Alignment most likely contains DNA/RNA sequences
Alignment has 13 sequences with 2166 columns, 832 distinct patterns
625 parsimony-informative, 265 singleton sites, 1276 constant sites
           Gap/Ambiguity  Composition  p-value
   1  DrolusSFB    0.00%    passed     92.50%
   2  Dino         3.05%    passed     89.69%
   3  MJM3360      0.00%    passed     44.07%
   4  DrobinSFB    0.00%    passed     66.68%
   5  Neam        60.39%    passed     39.29%
   6  RuprSFB      0.00%    passed     93.14%
   7  Retr        14.96%    passed     70.41%
   8  Beta         0.00%    passed     83.36%
   9  Spol         0.00%    passed     20.24%
  10  MJM1652     38.00%    passed     86.92%
  11  NepSFB       0.00%    passed     98.72%
  12  WPYJ        58.59%    passed     45.85%
  13  MJM2940      0.00%    passed     96.14%
WARNING: 2 sequences contain more than 50% gaps/ambiguity
****  TOTAL       13.46%  0 sequences failed composition chi2 test (p-value<5%; df=3)

Create initial parsimony tree by phylogenetic likelihood library (PLL)... 0.001 seconds

NOTE: 1 MB RAM (0 GB) is required!
Estimate model parameters (epsilon = 0.100)
1. Initial log-likelihood: -12481.931
2. Current log-likelihood: -11857.992
3. Current log-likelihood: -11849.598
4. Current log-likelihood: -11849.453
Optimal log-likelihood: -11849.448
Rate parameters:  A-C: 1.81891  A-G: 4.69706  A-T: 1.86612  C-G: 1.25005  C-T: 7.16270  G-T: 1.00000
Base frequencies:  A: 0.291  C: 0.198  G: 0.243  T: 0.268
Gamma shape alpha: 0.310
Parameters optimization took 4 rounds (0.049 sec)
Computing ML distances based on estimated model parameters... 0.002 sec
Computing BIONJ tree...
0.002 seconds
Log-likelihood of BIONJ tree: -11860.929
--------------------------------------------------------------------
|             INITIALIZING CANDIDATE TREE SET                      |
--------------------------------------------------------------------
Generating 98 parsimony trees... 0.095 second
Computing log-likelihood of 98 initial trees ... 0.480 seconds
Current best score: -11849.448

Do NNI search on 20 best initial trees
Estimate model parameters (epsilon = 0.100)
BETTER TREE FOUND at iteration 1: -11849.447
Iteration 10 / LogL: -11849.549 / Time: 0h:0m:0s
Iteration 20 / LogL: -11849.467 / Time: 0h:0m:1s
Finish initializing candidate tree set (1)
Current best tree score: -11849.447 / CPU time: 1.124
Number of iterations: 20
--------------------------------------------------------------------
|               OPTIMIZING CANDIDATE TREE SET                      |
--------------------------------------------------------------------
Iteration 30 / LogL: -11849.515 / Time: 0h:0m:1s (0h:0m:3s left)
Iteration 40 / LogL: -11849.465 / Time: 0h:0m:2s (0h:0m:3s left)
Iteration 50 / LogL: -11849.487 / Time: 0h:0m:2s (0h:0m:2s left)
UPDATE BEST LOG-LIKELIHOOD: -11849.447
UPDATE BEST LOG-LIKELIHOOD: -11849.447
Iteration 60 / LogL: -11850.126 / Time: 0h:0m:2s (0h:0m:1s left)
Iteration 70 / LogL: -11849.480 / Time: 0h:0m:3s (0h:0m:1s left)
Iteration 80 / LogL: -11849.484 / Time: 0h:0m:3s (0h:0m:0s left)
Iteration 90 / LogL: -11849.610 / Time: 0h:0m:4s (0h:0m:0s left)
Iteration 100 / LogL: -11849.556 / Time: 0h:0m:4s (0h:0m:0s left)
TREE SEARCH COMPLETED AFTER 102 ITERATIONS / Time: 0h:0m:4s

--------------------------------------------------------------------
|                    FINALIZING TREE SEARCH                        |
--------------------------------------------------------------------
Performs final model parameters optimization
Estimate model parameters (epsilon = 0.010)
1. Initial log-likelihood: -11849.447
Optimal log-likelihood: -11849.446
Rate parameters:  A-C: 1.81976  A-G: 4.70134  A-T: 1.86803  C-G: 1.25761  C-T: 7.17319  G-T: 1.00000
Base frequencies:  A: 0.291  C: 0.198  G: 0.243  T: 0.268
Gamma shape alpha: 0.310
Parameters optimization took 1 rounds (0.005 sec)
BEST SCORE FOUND : -11849.446

Testing tree branches by SH-like aLRT with 1000 replicates...
0.119 sec.
Total tree length: 1.337

Total number of iterations: 102
CPU time used for tree search: 5.615 sec (0h:0m:5s)
Wall-clock time used for tree search: 4.403 sec (0h:0m:4s)
Total CPU time used: 6.174 sec (0h:0m:6s)
Total wall-clock time used: 4.597 sec (0h:0m:4s)

Analysis results written to: 
  IQ-TREE report:                cluster4385rr.1to1ortho.fa.aln-cln_gene693.fa.iqtree
  Maximum-likelihood tree:       cluster4385rr.1to1ortho.fa.aln-cln_gene693.fa.treefile
  Likelihood distances:          cluster4385rr.1to1ortho.fa.aln-cln_gene693.fa.mldist
  Screen log file:               cluster4385rr.1to1ortho.fa.aln-cln_gene693.fa.log

Date and Time: Mon Nov 25 10:51:03 2019
