IQ-TREE multicore version 1.6.11 for Mac OS X 64-bit built Jul 12 2019
Developed by Bui Quang Minh, Nguyen Lam Tung, Olga Chernomor,
Heiko Schmidt, Dominik Schrempf, Michael Woodhams.

Host:    slpc437 (AVX2, FMA3, 16 GB RAM)
Command: iqtree -s cluster2025rr.1to1ortho.fa.aln-cln_gene721.fa -nt 4 -m GTR+G -alrt 1000
Seed:    281933 (Using SPRNG - Scalable Parallel Random Number Generator)
Time:    Mon Nov 25 09:54:12 2019
Kernel:  AVX+FMA - 4 threads (6 CPU cores detected)

Reading alignment file cluster2025rr.1to1ortho.fa.aln-cln_gene721.fa ... Fasta format detected
Alignment most likely contains DNA/RNA sequences
Alignment has 13 sequences with 885 columns, 335 distinct patterns
251 parsimony-informative, 119 singleton sites, 515 constant sites
           Gap/Ambiguity  Composition  p-value
   1  DrolusSFB    0.00%    passed     91.18%
   2  Dino         0.00%    passed     99.29%
   3  MJM3360      1.36%    passed     98.03%
   4  DrobinSFB    0.23%    passed     74.20%
   5  Neam         0.00%    passed     96.28%
   6  RuprSFB      0.00%    passed     95.58%
   7  Retr         0.00%    passed     93.73%
   8  Beta         0.00%    passed     91.07%
   9  Spol         0.00%    passed     62.39%
  10  MJM1652      0.00%    passed     87.15%
  11  NepSFB       0.00%    passed     94.43%
  12  WPYJ         1.69%    passed     61.41%
  13  MJM2940      0.00%    passed     86.89%
****  TOTAL        0.25%  0 sequences failed composition chi2 test (p-value<5%; df=3)

Create initial parsimony tree by phylogenetic likelihood library (PLL)... 0.001 seconds

NOTE: 0 MB RAM (0 GB) is required!
WARNING: Number of threads seems too high for short alignments. Use -nt AUTO to determine best number of threads.
Estimate model parameters (epsilon = 0.100)
1. Initial log-likelihood: -5301.991
2. Current log-likelihood: -5047.350
3. Current log-likelihood: -5044.354
Optimal log-likelihood: -5044.285
Rate parameters:  A-C: 2.15516  A-G: 4.39338  A-T: 1.66240  C-G: 1.03915  C-T: 7.49490  G-T: 1.00000
Base frequencies:  A: 0.275  C: 0.195  G: 0.246  T: 0.283
Gamma shape alpha: 0.328
Parameters optimization took 3 rounds (0.027 sec)
Computing ML distances based on estimated model parameters... 0.001 sec
Computing BIONJ tree...
0.002 seconds
Log-likelihood of BIONJ tree: -5044.927
--------------------------------------------------------------------
|             INITIALIZING CANDIDATE TREE SET                      |
--------------------------------------------------------------------
Generating 98 parsimony trees... 0.062 second
Computing log-likelihood of 98 initial trees ... 0.384 seconds
Current best score: -5044.285

Do NNI search on 20 best initial trees
Estimate model parameters (epsilon = 0.100)
BETTER TREE FOUND at iteration 1: -5044.282
Iteration 10 / LogL: -5044.413 / Time: 0h:0m:0s
Iteration 20 / LogL: -5044.302 / Time: 0h:0m:0s
Finish initializing candidate tree set (1)
Current best tree score: -5044.282 / CPU time: 0.879
Number of iterations: 20
--------------------------------------------------------------------
|               OPTIMIZING CANDIDATE TREE SET                      |
--------------------------------------------------------------------
Iteration 30 / LogL: -5044.287 / Time: 0h:0m:1s (0h:0m:3s left)
Iteration 40 / LogL: -5051.655 / Time: 0h:0m:1s (0h:0m:2s left)
Iteration 50 / LogL: -5051.820 / Time: 0h:0m:1s (0h:0m:2s left)
Iteration 60 / LogL: -5044.286 / Time: 0h:0m:2s (0h:0m:1s left)
Iteration 70 / LogL: -5044.524 / Time: 0h:0m:2s (0h:0m:1s left)
Iteration 80 / LogL: -5044.288 / Time: 0h:0m:3s (0h:0m:0s left)
Iteration 90 / LogL: -5044.288 / Time: 0h:0m:3s (0h:0m:0s left)
Iteration 100 / LogL: -5044.309 / Time: 0h:0m:3s (0h:0m:0s left)
TREE SEARCH COMPLETED AFTER 102 ITERATIONS / Time: 0h:0m:3s

--------------------------------------------------------------------
|                    FINALIZING TREE SEARCH                        |
--------------------------------------------------------------------
Performs final model parameters optimization
Estimate model parameters (epsilon = 0.010)
1. Initial log-likelihood: -5044.282
Optimal log-likelihood: -5044.282
Rate parameters:  A-C: 2.15333  A-G: 4.37978  A-T: 1.66168  C-G: 1.03841  C-T: 7.50753  G-T: 1.00000
Base frequencies:  A: 0.275  C: 0.195  G: 0.246  T: 0.283
Gamma shape alpha: 0.329
Parameters optimization took 1 rounds (0.004 sec)
BEST SCORE FOUND : -5044.282

Testing tree branches by SH-like aLRT with 1000 replicates...
0.059 sec.
Total tree length: 1.293

Total number of iterations: 102
CPU time used for tree search: 3.653 sec (0h:0m:3s)
Wall-clock time used for tree search: 3.940 sec (0h:0m:3s)
Total CPU time used: 3.896 sec (0h:0m:3s)
Total wall-clock time used: 4.047 sec (0h:0m:4s)

Analysis results written to: 
  IQ-TREE report:                cluster2025rr.1to1ortho.fa.aln-cln_gene721.fa.iqtree
  Maximum-likelihood tree:       cluster2025rr.1to1ortho.fa.aln-cln_gene721.fa.treefile
  Likelihood distances:          cluster2025rr.1to1ortho.fa.aln-cln_gene721.fa.mldist
  Screen log file:               cluster2025rr.1to1ortho.fa.aln-cln_gene721.fa.log

Date and Time: Mon Nov 25 09:54:16 2019
