IQ-TREE multicore version 1.6.11 for Mac OS X 64-bit built Jul 12 2019
Developed by Bui Quang Minh, Nguyen Lam Tung, Olga Chernomor,
Heiko Schmidt, Dominik Schrempf, Michael Woodhams.

Host:    slpc437 (AVX2, FMA3, 16 GB RAM)
Command: iqtree -s cluster2886rr.1to1ortho.fa.aln-cln_gene991.fa -nt 4 -m GTR+G -alrt 1000
Seed:    323414 (Using SPRNG - Scalable Parallel Random Number Generator)
Time:    Mon Nov 25 10:16:23 2019
Kernel:  AVX+FMA - 4 threads (6 CPU cores detected)

Reading alignment file cluster2886rr.1to1ortho.fa.aln-cln_gene991.fa ... Fasta format detected
Alignment most likely contains DNA/RNA sequences
Alignment has 13 sequences with 1527 columns, 615 distinct patterns
486 parsimony-informative, 195 singleton sites, 846 constant sites
           Gap/Ambiguity  Composition  p-value
   1  DrolusSFB    0.00%    passed     87.09%
   2  Dino         0.00%    passed     91.25%
   3  MJM3360      0.20%    passed     15.56%
   4  DrobinSFB    0.00%    passed     84.28%
   5  Neam         0.00%    passed     93.14%
   6  RuprSFB      0.00%    passed     91.03%
   7  Retr         0.20%    passed     24.87%
   8  Beta         0.00%    passed     35.54%
   9  Spol         0.00%    passed     71.42%
  10  MJM1652      0.00%    passed     73.50%
  11  NepSFB       0.00%    passed     85.82%
  12  WPYJ        38.18%    passed     83.85%
  13  MJM2940      0.00%    passed     95.10%
****  TOTAL        2.97%  0 sequences failed composition chi2 test (p-value<5%; df=3)

Create initial parsimony tree by phylogenetic likelihood library (PLL)... 0.001 seconds

NOTE: 1 MB RAM (0 GB) is required!
Estimate model parameters (epsilon = 0.100)
1. Initial log-likelihood: -9632.669
2. Current log-likelihood: -9221.130
3. Current log-likelihood: -9216.483
Optimal log-likelihood: -9216.416
Rate parameters:  A-C: 1.76006  A-G: 5.14013  A-T: 1.62258  C-G: 1.58028  C-T: 5.71069  G-T: 1.00000
Base frequencies:  A: 0.230  C: 0.211  G: 0.239  T: 0.320
Gamma shape alpha: 0.348
Parameters optimization took 3 rounds (0.040 sec)
Computing ML distances based on estimated model parameters... 0.001 sec
Computing BIONJ tree...
0.002 seconds
Log-likelihood of BIONJ tree: -9220.845
--------------------------------------------------------------------
|             INITIALIZING CANDIDATE TREE SET                      |
--------------------------------------------------------------------
Generating 98 parsimony trees... 0.083 second
Computing log-likelihood of 98 initial trees ... 0.419 seconds
Current best score: -9216.416

Do NNI search on 20 best initial trees
Estimate model parameters (epsilon = 0.100)
BETTER TREE FOUND at iteration 1: -9216.414
Iteration 10 / LogL: -9216.457 / Time: 0h:0m:0s
Iteration 20 / LogL: -9216.416 / Time: 0h:0m:1s
Finish initializing candidate tree set (2)
Current best tree score: -9216.414 / CPU time: 0.980
Number of iterations: 20
--------------------------------------------------------------------
|               OPTIMIZING CANDIDATE TREE SET                      |
--------------------------------------------------------------------
Iteration 30 / LogL: -9219.191 / Time: 0h:0m:1s (0h:0m:3s left)
Iteration 40 / LogL: -9219.384 / Time: 0h:0m:1s (0h:0m:2s left)
Iteration 50 / LogL: -9219.630 / Time: 0h:0m:2s (0h:0m:2s left)
Iteration 60 / LogL: -9216.433 / Time: 0h:0m:2s (0h:0m:1s left)
Iteration 70 / LogL: -9217.615 / Time: 0h:0m:2s (0h:0m:1s left)
Iteration 80 / LogL: -9216.444 / Time: 0h:0m:3s (0h:0m:0s left)
Iteration 90 / LogL: -9216.462 / Time: 0h:0m:3s (0h:0m:0s left)
Iteration 100 / LogL: -9216.423 / Time: 0h:0m:3s (0h:0m:0s left)
TREE SEARCH COMPLETED AFTER 102 ITERATIONS / Time: 0h:0m:3s

--------------------------------------------------------------------
|                    FINALIZING TREE SEARCH                        |
--------------------------------------------------------------------
Performs final model parameters optimization
Estimate model parameters (epsilon = 0.010)
1. Initial log-likelihood: -9216.414
Optimal log-likelihood: -9216.413
Rate parameters:  A-C: 1.75520  A-G: 5.14955  A-T: 1.62235  C-G: 1.57614  C-T: 5.69604  G-T: 1.00000
Base frequencies:  A: 0.230  C: 0.211  G: 0.239  T: 0.320
Gamma shape alpha: 0.348
Parameters optimization took 1 rounds (0.005 sec)
BEST SCORE FOUND : -9216.413

Testing tree branches by SH-like aLRT with 1000 replicates...
0.091 sec.
Total tree length: 1.458

Total number of iterations: 102
CPU time used for tree search: 4.469 sec (0h:0m:4s)
Wall-clock time used for tree search: 3.897 sec (0h:0m:3s)
Total CPU time used: 4.880 sec (0h:0m:4s)
Total wall-clock time used: 4.052 sec (0h:0m:4s)

Analysis results written to: 
  IQ-TREE report:                cluster2886rr.1to1ortho.fa.aln-cln_gene991.fa.iqtree
  Maximum-likelihood tree:       cluster2886rr.1to1ortho.fa.aln-cln_gene991.fa.treefile
  Likelihood distances:          cluster2886rr.1to1ortho.fa.aln-cln_gene991.fa.mldist
  Screen log file:               cluster2886rr.1to1ortho.fa.aln-cln_gene991.fa.log

Date and Time: Mon Nov 25 10:16:27 2019
