IQ-TREE multicore version 1.6.11 for Mac OS X 64-bit built Jul 12 2019
Developed by Bui Quang Minh, Nguyen Lam Tung, Olga Chernomor,
Heiko Schmidt, Dominik Schrempf, Michael Woodhams.

Host:    slpc437 (AVX2, FMA3, 16 GB RAM)
Command: iqtree -s cluster334rr.1to1ortho.fa.aln-cln_gene224.fa -nt 4 -m GTR+G -alrt 1000
Seed:    139054 (Using SPRNG - Scalable Parallel Random Number Generator)
Time:    Mon Nov 25 10:27:54 2019
Kernel:  AVX+FMA - 4 threads (6 CPU cores detected)

Reading alignment file cluster334rr.1to1ortho.fa.aln-cln_gene224.fa ... Fasta format detected
Alignment most likely contains DNA/RNA sequences
Alignment has 13 sequences with 2907 columns, 1449 distinct patterns
1188 parsimony-informative, 444 singleton sites, 1275 constant sites
           Gap/Ambiguity  Composition  p-value
   1  DrolusSFB    0.00%    passed     92.73%
   2  Dino        13.93%    passed     39.20%
   3  MJM3360      0.62%    passed     60.96%
   4  DrobinSFB    1.07%    passed     20.37%
   5  Neam         0.10%    passed     77.26%
   6  RuprSFB      0.41%    passed     94.75%
   7  Retr         0.00%    passed     97.23%
   8  Beta         3.68%    passed     64.88%
   9  Spol         0.00%    passed     46.34%
  10  MJM1652      0.28%    passed     86.09%
  11  NepSFB       0.10%    passed     73.98%
  12  WPYJ        12.76%    passed     96.13%
  13  MJM2940     43.89%    passed     66.08%
****  TOTAL        5.91%  0 sequences failed composition chi2 test (p-value<5%; df=3)

Create initial parsimony tree by phylogenetic likelihood library (PLL)... 0.002 seconds

NOTE: 2 MB RAM (0 GB) is required!
Estimate model parameters (epsilon = 0.100)
1. Initial log-likelihood: -20785.162
2. Current log-likelihood: -20022.991
3. Current log-likelihood: -20019.052
Optimal log-likelihood: -20019.003
Rate parameters:  A-C: 1.54333  A-G: 4.36160  A-T: 1.25931  C-G: 1.66871  C-T: 5.31895  G-T: 1.00000
Base frequencies:  A: 0.295  C: 0.194  G: 0.219  T: 0.292
Gamma shape alpha: 0.617
Parameters optimization took 3 rounds (0.058 sec)
Computing ML distances based on estimated model parameters... 0.002 sec
Computing BIONJ tree...
0.003 seconds
Log-likelihood of BIONJ tree: -20018.360
--------------------------------------------------------------------
|             INITIALIZING CANDIDATE TREE SET                      |
--------------------------------------------------------------------
Generating 98 parsimony trees... 0.157 second
Computing log-likelihood of 98 initial trees ... 0.536 seconds
Current best score: -20018.360

Do NNI search on 20 best initial trees
Estimate model parameters (epsilon = 0.100)
BETTER TREE FOUND at iteration 1: -20018.347
Iteration 10 / LogL: -20018.369 / Time: 0h:0m:1s
Iteration 20 / LogL: -20021.703 / Time: 0h:0m:1s
Finish initializing candidate tree set (1)
Current best tree score: -20018.347 / CPU time: 1.384
Number of iterations: 20
--------------------------------------------------------------------
|               OPTIMIZING CANDIDATE TREE SET                      |
--------------------------------------------------------------------
Iteration 30 / LogL: -20018.413 / Time: 0h:0m:1s (0h:0m:4s left)
Iteration 40 / LogL: -20018.447 / Time: 0h:0m:2s (0h:0m:3s left)
Iteration 50 / LogL: -20018.357 / Time: 0h:0m:2s (0h:0m:2s left)
Iteration 60 / LogL: -20021.196 / Time: 0h:0m:3s (0h:0m:2s left)
Iteration 70 / LogL: -20018.379 / Time: 0h:0m:3s (0h:0m:1s left)
Iteration 80 / LogL: -20020.356 / Time: 0h:0m:4s (0h:0m:1s left)
Iteration 90 / LogL: -20020.663 / Time: 0h:0m:4s (0h:0m:0s left)
Iteration 100 / LogL: -20018.416 / Time: 0h:0m:5s (0h:0m:0s left)
TREE SEARCH COMPLETED AFTER 102 ITERATIONS / Time: 0h:0m:5s

--------------------------------------------------------------------
|                    FINALIZING TREE SEARCH                        |
--------------------------------------------------------------------
Performs final model parameters optimization
Estimate model parameters (epsilon = 0.010)
1. Initial log-likelihood: -20018.347
Optimal log-likelihood: -20018.344
Rate parameters:  A-C: 1.54528  A-G: 4.36980  A-T: 1.26896  C-G: 1.65932  C-T: 5.32001  G-T: 1.00000
Base frequencies:  A: 0.295  C: 0.194  G: 0.219  T: 0.292
Gamma shape alpha: 0.617
Parameters optimization took 1 rounds (0.008 sec)
BEST SCORE FOUND : -20018.344

Testing tree branches by SH-like aLRT with 1000 replicates...
0.162 sec.
Total tree length: 1.761

Total number of iterations: 102
CPU time used for tree search: 8.344 sec (0h:0m:8s)
Wall-clock time used for tree search: 5.227 sec (0h:0m:5s)
Total CPU time used: 9.124 sec (0h:0m:9s)
Total wall-clock time used: 5.477 sec (0h:0m:5s)

Analysis results written to: 
  IQ-TREE report:                cluster334rr.1to1ortho.fa.aln-cln_gene224.fa.iqtree
  Maximum-likelihood tree:       cluster334rr.1to1ortho.fa.aln-cln_gene224.fa.treefile
  Likelihood distances:          cluster334rr.1to1ortho.fa.aln-cln_gene224.fa.mldist
  Screen log file:               cluster334rr.1to1ortho.fa.aln-cln_gene224.fa.log

Date and Time: Mon Nov 25 10:27:59 2019
