IQ-TREE multicore version 1.6.11 for Mac OS X 64-bit built Jul 12 2019
Developed by Bui Quang Minh, Nguyen Lam Tung, Olga Chernomor,
Heiko Schmidt, Dominik Schrempf, Michael Woodhams.

Host:    slpc437 (AVX2, FMA3, 16 GB RAM)
Command: iqtree -s cluster5105rr.1to1ortho.fa.aln-cln_gene280.fa -nt 4 -m GTR+G -alrt 1000
Seed:    438582 (Using SPRNG - Scalable Parallel Random Number Generator)
Time:    Mon Nov 25 11:05:24 2019
Kernel:  AVX+FMA - 4 threads (6 CPU cores detected)

Reading alignment file cluster5105rr.1to1ortho.fa.aln-cln_gene280.fa ... Fasta format detected
Alignment most likely contains DNA/RNA sequences
Alignment has 13 sequences with 1094 columns, 530 distinct patterns
391 parsimony-informative, 158 singleton sites, 545 constant sites
           Gap/Ambiguity  Composition  p-value
   1  DrolusSFB    2.29%    passed     70.03%
   2  Dino         1.74%    passed     57.08%
   3  MJM3360     11.15%    passed     31.50%
   4  DrobinSFB    7.13%    passed     18.32%
   5  Neam         3.20%    passed     97.20%
   6  RuprSFB      6.31%    passed     86.69%
   7  Retr         7.22%    passed     17.56%
   8  Beta         7.04%    passed     28.80%
   9  Spol         7.04%    passed     49.40%
  10  MJM1652      1.74%    passed      5.93%
  11  NepSFB       3.20%    passed     98.30%
  12  WPYJ        22.67%    passed     45.80%
  13  MJM2940      2.10%    passed     86.51%
****  TOTAL        6.37%  0 sequences failed composition chi2 test (p-value<5%; df=3)

Create initial parsimony tree by phylogenetic likelihood library (PLL)... 0.001 seconds

NOTE: 0 MB RAM (0 GB) is required!
Estimate model parameters (epsilon = 0.100)
1. Initial log-likelihood: -7361.882
2. Current log-likelihood: -7069.798
3. Current log-likelihood: -7067.181
Optimal log-likelihood: -7067.126
Rate parameters:  A-C: 2.93870  A-G: 5.91112  A-T: 2.94467  C-G: 2.41638  C-T: 10.51227  G-T: 1.00000
Base frequencies:  A: 0.259  C: 0.214  G: 0.258  T: 0.270
Gamma shape alpha: 0.492
Parameters optimization took 3 rounds (0.035 sec)
Computing ML distances based on estimated model parameters... 0.001 sec
Computing BIONJ tree...
0.002 seconds
Log-likelihood of BIONJ tree: -7066.353
--------------------------------------------------------------------
|             INITIALIZING CANDIDATE TREE SET                      |
--------------------------------------------------------------------
Generating 98 parsimony trees... 0.083 second
Computing log-likelihood of 98 initial trees ... 0.415 seconds
Current best score: -7066.353

Do NNI search on 20 best initial trees
Estimate model parameters (epsilon = 0.100)
BETTER TREE FOUND at iteration 1: -7066.344
Iteration 10 / LogL: -7066.348 / Time: 0h:0m:0s
Iteration 20 / LogL: -7066.346 / Time: 0h:0m:1s
Finish initializing candidate tree set (1)
Current best tree score: -7066.344 / CPU time: 1.211
Number of iterations: 20
--------------------------------------------------------------------
|               OPTIMIZING CANDIDATE TREE SET                      |
--------------------------------------------------------------------
Iteration 30 / LogL: -7067.661 / Time: 0h:0m:1s (0h:0m:4s left)
Iteration 40 / LogL: -7066.449 / Time: 0h:0m:2s (0h:0m:3s left)
Iteration 50 / LogL: -7066.347 / Time: 0h:0m:2s (0h:0m:2s left)
Iteration 60 / LogL: -7066.369 / Time: 0h:0m:2s (0h:0m:1s left)
Iteration 70 / LogL: -7066.353 / Time: 0h:0m:3s (0h:0m:1s left)
Iteration 80 / LogL: -7066.352 / Time: 0h:0m:3s (0h:0m:0s left)
Iteration 90 / LogL: -7066.355 / Time: 0h:0m:4s (0h:0m:0s left)
Iteration 100 / LogL: -7066.426 / Time: 0h:0m:4s (0h:0m:0s left)
TREE SEARCH COMPLETED AFTER 102 ITERATIONS / Time: 0h:0m:4s

--------------------------------------------------------------------
|                    FINALIZING TREE SEARCH                        |
--------------------------------------------------------------------
Performs final model parameters optimization
Estimate model parameters (epsilon = 0.010)
1. Initial log-likelihood: -7066.344
Optimal log-likelihood: -7066.342
Rate parameters:  A-C: 2.94301  A-G: 5.95248  A-T: 2.96163  C-G: 2.40546  C-T: 10.51512  G-T: 1.00000
Base frequencies:  A: 0.259  C: 0.214  G: 0.258  T: 0.270
Gamma shape alpha: 0.490
Parameters optimization took 1 rounds (0.004 sec)
BEST SCORE FOUND : -7066.342

Testing tree branches by SH-like aLRT with 1000 replicates...
0.071 sec.
Total tree length: 1.678

Total number of iterations: 102
CPU time used for tree search: 4.867 sec (0h:0m:4s)
Wall-clock time used for tree search: 4.527 sec (0h:0m:4s)
Total CPU time used: 5.182 sec (0h:0m:5s)
Total wall-clock time used: 4.655 sec (0h:0m:4s)

Analysis results written to: 
  IQ-TREE report:                cluster5105rr.1to1ortho.fa.aln-cln_gene280.fa.iqtree
  Maximum-likelihood tree:       cluster5105rr.1to1ortho.fa.aln-cln_gene280.fa.treefile
  Likelihood distances:          cluster5105rr.1to1ortho.fa.aln-cln_gene280.fa.mldist
  Screen log file:               cluster5105rr.1to1ortho.fa.aln-cln_gene280.fa.log

Date and Time: Mon Nov 25 11:05:29 2019
