IQ-TREE multicore version 1.6.11 for Mac OS X 64-bit built Jul 12 2019
Developed by Bui Quang Minh, Nguyen Lam Tung, Olga Chernomor,
Heiko Schmidt, Dominik Schrempf, Michael Woodhams.

Host:    slpc437 (AVX2, FMA3, 16 GB RAM)
Command: iqtree -s cluster3727rr.1to1ortho.fa.aln-cln_gene357.fa -nt 4 -m GTR+G -alrt 1000
Seed:    727451 (Using SPRNG - Scalable Parallel Random Number Generator)
Time:    Mon Nov 25 10:35:39 2019
Kernel:  AVX+FMA - 4 threads (6 CPU cores detected)

Reading alignment file cluster3727rr.1to1ortho.fa.aln-cln_gene357.fa ... Fasta format detected
Alignment most likely contains DNA/RNA sequences
Alignment has 13 sequences with 1587 columns, 748 distinct patterns
541 parsimony-informative, 246 singleton sites, 800 constant sites
           Gap/Ambiguity  Composition  p-value
   1  DrolusSFB    3.40%    passed     99.87%
   2  Dino         1.51%    passed     90.02%
   3  MJM3360     10.40%    passed     55.90%
   4  DrobinSFB    4.22%    passed     94.58%
   5  Neam         0.38%    passed     95.70%
   6  RuprSFB      9.26%    passed     96.09%
   7  Retr        51.42%    passed     74.23%
   8  Beta         0.25%    passed     95.70%
   9  Spol         0.06%    passed     59.19%
  10  MJM1652      0.00%    passed     32.20%
  11  NepSFB       0.38%    passed     93.77%
  12  WPYJ        61.50%    passed     35.04%
  13  MJM2940      3.40%    passed     98.45%
WARNING: 2 sequences contain more than 50% gaps/ambiguity
****  TOTAL       11.25%  0 sequences failed composition chi2 test (p-value<5%; df=3)

Create initial parsimony tree by phylogenetic likelihood library (PLL)... 0.001 seconds

NOTE: 1 MB RAM (0 GB) is required!
Estimate model parameters (epsilon = 0.100)
1. Initial log-likelihood: -10004.635
2. Current log-likelihood: -9686.168
3. Current log-likelihood: -9684.506
Optimal log-likelihood: -9684.481
Rate parameters:  A-C: 2.06341  A-G: 3.85866  A-T: 2.15751  C-G: 1.36540  C-T: 5.44131  G-T: 1.00000
Base frequencies:  A: 0.277  C: 0.185  G: 0.262  T: 0.277
Gamma shape alpha: 0.487
Parameters optimization took 3 rounds (0.036 sec)
Computing ML distances based on estimated model parameters... 0.001 sec
Computing BIONJ tree...
0.004 seconds
Log-likelihood of BIONJ tree: -9683.822
--------------------------------------------------------------------
|             INITIALIZING CANDIDATE TREE SET                      |
--------------------------------------------------------------------
Generating 98 parsimony trees... 0.091 second
Computing log-likelihood of 98 initial trees ... 0.459 seconds
Current best score: -9683.822

Do NNI search on 20 best initial trees
Estimate model parameters (epsilon = 0.100)
BETTER TREE FOUND at iteration 1: -9682.557
Iteration 10 / LogL: -9682.573 / Time: 0h:0m:0s
Iteration 20 / LogL: -9682.571 / Time: 0h:0m:1s
Finish initializing candidate tree set (1)
Current best tree score: -9682.557 / CPU time: 1.285
Number of iterations: 20
--------------------------------------------------------------------
|               OPTIMIZING CANDIDATE TREE SET                      |
--------------------------------------------------------------------
UPDATE BEST LOG-LIKELIHOOD: -9682.557
UPDATE BEST LOG-LIKELIHOOD: -9682.557
Iteration 30 / LogL: -9682.625 / Time: 0h:0m:1s (0h:0m:4s left)
Iteration 40 / LogL: -9682.683 / Time: 0h:0m:2s (0h:0m:3s left)
UPDATE BEST LOG-LIKELIHOOD: -9682.557
Iteration 50 / LogL: -9682.609 / Time: 0h:0m:2s (0h:0m:2s left)
Iteration 60 / LogL: -9682.565 / Time: 0h:0m:3s (0h:0m:2s left)
Iteration 70 / LogL: -9682.796 / Time: 0h:0m:3s (0h:0m:1s left)
Iteration 80 / LogL: -9682.581 / Time: 0h:0m:4s (0h:0m:1s left)
Iteration 90 / LogL: -9682.596 / Time: 0h:0m:4s (0h:0m:0s left)
Iteration 100 / LogL: -9682.709 / Time: 0h:0m:5s (0h:0m:0s left)
TREE SEARCH COMPLETED AFTER 102 ITERATIONS / Time: 0h:0m:5s

--------------------------------------------------------------------
|                    FINALIZING TREE SEARCH                        |
--------------------------------------------------------------------
Performs final model parameters optimization
Estimate model parameters (epsilon = 0.010)
1. Initial log-likelihood: -9682.557
Optimal log-likelihood: -9682.555
Rate parameters:  A-C: 2.06413  A-G: 3.84638  A-T: 2.15309  C-G: 1.36755  C-T: 5.45665  G-T: 1.00000
Base frequencies:  A: 0.277  C: 0.185  G: 0.262  T: 0.277
Gamma shape alpha: 0.486
Parameters optimization took 1 rounds (0.005 sec)
BEST SCORE FOUND : -9682.555

Testing tree branches by SH-like aLRT with 1000 replicates...
0.092 sec.
Total tree length: 1.628

Total number of iterations: 102
CPU time used for tree search: 6.376 sec (0h:0m:6s)
Wall-clock time used for tree search: 5.207 sec (0h:0m:5s)
Total CPU time used: 6.799 sec (0h:0m:6s)
Total wall-clock time used: 5.361 sec (0h:0m:5s)

Analysis results written to: 
  IQ-TREE report:                cluster3727rr.1to1ortho.fa.aln-cln_gene357.fa.iqtree
  Maximum-likelihood tree:       cluster3727rr.1to1ortho.fa.aln-cln_gene357.fa.treefile
  Likelihood distances:          cluster3727rr.1to1ortho.fa.aln-cln_gene357.fa.mldist
  Screen log file:               cluster3727rr.1to1ortho.fa.aln-cln_gene357.fa.log

Date and Time: Mon Nov 25 10:35:45 2019
