IQ-TREE multicore version 1.6.11 for Mac OS X 64-bit built Jul 12 2019
Developed by Bui Quang Minh, Nguyen Lam Tung, Olga Chernomor,
Heiko Schmidt, Dominik Schrempf, Michael Woodhams.

Host:    slpc437 (AVX2, FMA3, 16 GB RAM)
Command: iqtree -s cluster2234rr.1to1ortho.fa.aln-cln_gene127.fa -nt 4 -m GTR+G -alrt 1000
Seed:    352888 (Using SPRNG - Scalable Parallel Random Number Generator)
Time:    Mon Nov 25 09:59:50 2019
Kernel:  AVX+FMA - 4 threads (6 CPU cores detected)

Reading alignment file cluster2234rr.1to1ortho.fa.aln-cln_gene127.fa ... Fasta format detected
Alignment most likely contains DNA/RNA sequences
Alignment has 13 sequences with 1212 columns, 623 distinct patterns
420 parsimony-informative, 196 singleton sites, 596 constant sites
           Gap/Ambiguity  Composition  p-value
   1  DrolusSFB    3.22%    passed     84.53%
   2  Dino         2.56%    passed     72.49%
   3  MJM3360      1.24%    passed     89.41%
   4  DrobinSFB   10.56%    passed     72.17%
   5  Neam         2.48%    passed     75.22%
   6  RuprSFB      2.15%    passed     94.74%
   7  Retr        38.12%    failed      1.31%
   8  Beta         1.49%    passed     80.13%
   9  Spol         3.55%    passed     94.39%
  10  MJM1652      2.06%    passed     43.54%
  11  NepSFB       2.48%    passed     71.25%
  12  WPYJ        12.21%    passed     46.73%
  13  MJM2940      0.58%    passed     77.26%
****  TOTAL        6.36%  1 sequences failed composition chi2 test (p-value<5%; df=3)

Create initial parsimony tree by phylogenetic likelihood library (PLL)... 0.001 seconds

NOTE: 1 MB RAM (0 GB) is required!
Estimate model parameters (epsilon = 0.100)
1. Initial log-likelihood: -8160.662
2. Current log-likelihood: -7856.222
3. Current log-likelihood: -7852.631
Optimal log-likelihood: -7852.521
Rate parameters:  A-C: 2.29919  A-G: 3.94607  A-T: 1.42088  C-G: 1.15446  C-T: 6.00893  G-T: 1.00000
Base frequencies:  A: 0.297  C: 0.177  G: 0.257  T: 0.270
Gamma shape alpha: 0.437
Parameters optimization took 3 rounds (0.039 sec)
Computing ML distances based on estimated model parameters... 0.001 sec
Computing BIONJ tree...
0.002 seconds
Log-likelihood of BIONJ tree: -7850.077
--------------------------------------------------------------------
|             INITIALIZING CANDIDATE TREE SET                      |
--------------------------------------------------------------------
Generating 98 parsimony trees... 0.090 second
Computing log-likelihood of 98 initial trees ... 0.430 seconds
Current best score: -7850.077

Do NNI search on 20 best initial trees
Estimate model parameters (epsilon = 0.100)
BETTER TREE FOUND at iteration 1: -7848.021
Iteration 10 / LogL: -7848.057 / Time: 0h:0m:0s
Iteration 20 / LogL: -7848.089 / Time: 0h:0m:1s
Finish initializing candidate tree set (1)
Current best tree score: -7848.021 / CPU time: 1.116
Number of iterations: 20
--------------------------------------------------------------------
|               OPTIMIZING CANDIDATE TREE SET                      |
--------------------------------------------------------------------
UPDATE BEST LOG-LIKELIHOOD: -7848.021
Iteration 30 / LogL: -7848.076 / Time: 0h:0m:1s (0h:0m:3s left)
Iteration 40 / LogL: -7848.164 / Time: 0h:0m:1s (0h:0m:2s left)
Iteration 50 / LogL: -7848.221 / Time: 0h:0m:2s (0h:0m:2s left)
Iteration 60 / LogL: -7848.060 / Time: 0h:0m:2s (0h:0m:1s left)
Iteration 70 / LogL: -7848.067 / Time: 0h:0m:2s (0h:0m:1s left)
Iteration 80 / LogL: -7848.766 / Time: 0h:0m:3s (0h:0m:0s left)
Iteration 90 / LogL: -7848.047 / Time: 0h:0m:3s (0h:0m:0s left)
Iteration 100 / LogL: -7848.074 / Time: 0h:0m:4s (0h:0m:0s left)
TREE SEARCH COMPLETED AFTER 102 ITERATIONS / Time: 0h:0m:4s

--------------------------------------------------------------------
|                    FINALIZING TREE SEARCH                        |
--------------------------------------------------------------------
Performs final model parameters optimization
Estimate model parameters (epsilon = 0.010)
1. Initial log-likelihood: -7848.021
Optimal log-likelihood: -7848.017
Rate parameters:  A-C: 2.31497  A-G: 3.93041  A-T: 1.42123  C-G: 1.11543  C-T: 6.03901  G-T: 1.00000
Base frequencies:  A: 0.297  C: 0.177  G: 0.257  T: 0.270
Gamma shape alpha: 0.439
Parameters optimization took 1 rounds (0.005 sec)
BEST SCORE FOUND : -7848.017

Testing tree branches by SH-like aLRT with 1000 replicates...
0.078 sec.
Total tree length: 1.781

Total number of iterations: 102
CPU time used for tree search: 4.671 sec (0h:0m:4s)
Wall-clock time used for tree search: 4.048 sec (0h:0m:4s)
Total CPU time used: 5.028 sec (0h:0m:5s)
Total wall-clock time used: 4.188 sec (0h:0m:4s)

Analysis results written to: 
  IQ-TREE report:                cluster2234rr.1to1ortho.fa.aln-cln_gene127.fa.iqtree
  Maximum-likelihood tree:       cluster2234rr.1to1ortho.fa.aln-cln_gene127.fa.treefile
  Likelihood distances:          cluster2234rr.1to1ortho.fa.aln-cln_gene127.fa.mldist
  Screen log file:               cluster2234rr.1to1ortho.fa.aln-cln_gene127.fa.log

Date and Time: Mon Nov 25 09:59:54 2019
