IQ-TREE multicore version 1.6.11 for Mac OS X 64-bit built Jul 12 2019
Developed by Bui Quang Minh, Nguyen Lam Tung, Olga Chernomor,
Heiko Schmidt, Dominik Schrempf, Michael Woodhams.

Host:    slpc437 (AVX2, FMA3, 16 GB RAM)
Command: iqtree -s cluster4466rr.1to1ortho.fa.aln-cln_gene264.fa -nt 4 -m GTR+G -alrt 1000
Seed:    738842 (Using SPRNG - Scalable Parallel Random Number Generator)
Time:    Mon Nov 25 10:52:34 2019
Kernel:  AVX+FMA - 4 threads (6 CPU cores detected)

Reading alignment file cluster4466rr.1to1ortho.fa.aln-cln_gene264.fa ... Fasta format detected
Alignment most likely contains DNA/RNA sequences
Alignment has 13 sequences with 2214 columns, 987 distinct patterns
749 parsimony-informative, 310 singleton sites, 1155 constant sites
           Gap/Ambiguity  Composition  p-value
   1  DrolusSFB   18.93%    passed     81.83%
   2  Dino         0.27%    passed     95.24%
   3  MJM3360     18.16%    passed     84.84%
   4  DrobinSFB    0.59%    passed     26.42%
   5  Neam        36.72%    passed     96.16%
   6  RuprSFB      4.07%    passed     61.01%
   7  Retr         4.47%    passed     54.94%
   8  Beta         4.34%    passed     28.75%
   9  Spol         4.34%    passed     85.15%
  10  MJM1652      0.41%    passed     49.07%
  11  NepSFB      36.72%    passed     97.58%
  12  WPYJ         4.38%    passed     88.28%
  13  MJM2940      0.95%    passed     89.85%
****  TOTAL       10.33%  0 sequences failed composition chi2 test (p-value<5%; df=3)

Create initial parsimony tree by phylogenetic likelihood library (PLL)... 0.001 seconds

NOTE: 1 MB RAM (0 GB) is required!
Estimate model parameters (epsilon = 0.100)
1. Initial log-likelihood: -13911.071
2. Current log-likelihood: -13309.016
3. Current log-likelihood: -13304.858
Optimal log-likelihood: -13304.780
Rate parameters:  A-C: 2.38998  A-G: 5.70337  A-T: 1.79942  C-G: 1.59803  C-T: 6.84845  G-T: 1.00000
Base frequencies:  A: 0.270  C: 0.193  G: 0.246  T: 0.291
Gamma shape alpha: 0.424
Parameters optimization took 3 rounds (0.046 sec)
Computing ML distances based on estimated model parameters... 0.002 sec
Computing BIONJ tree...
0.002 seconds
Log-likelihood of BIONJ tree: -13304.780
--------------------------------------------------------------------
|             INITIALIZING CANDIDATE TREE SET                      |
--------------------------------------------------------------------
Generating 99 parsimony trees... 0.113 second
Computing log-likelihood of 98 initial trees ... 0.479 seconds
Current best score: -13304.780

Do NNI search on 20 best initial trees
Estimate model parameters (epsilon = 0.100)
BETTER TREE FOUND at iteration 1: -13303.775
Iteration 10 / LogL: -13303.816 / Time: 0h:0m:0s
Iteration 20 / LogL: -13303.960 / Time: 0h:0m:1s
Finish initializing candidate tree set (1)
Current best tree score: -13303.775 / CPU time: 1.288
Number of iterations: 20
--------------------------------------------------------------------
|               OPTIMIZING CANDIDATE TREE SET                      |
--------------------------------------------------------------------
UPDATE BEST LOG-LIKELIHOOD: -13303.775
UPDATE BEST LOG-LIKELIHOOD: -13303.775
Iteration 30 / LogL: -13303.839 / Time: 0h:0m:1s (0h:0m:4s left)
Iteration 40 / LogL: -13303.883 / Time: 0h:0m:2s (0h:0m:3s left)
Iteration 50 / LogL: -13304.675 / Time: 0h:0m:2s (0h:0m:2s left)
Iteration 60 / LogL: -13303.836 / Time: 0h:0m:3s (0h:0m:2s left)
Iteration 70 / LogL: -13303.811 / Time: 0h:0m:3s (0h:0m:1s left)
Iteration 80 / LogL: -13304.136 / Time: 0h:0m:3s (0h:0m:1s left)
Iteration 90 / LogL: -13303.789 / Time: 0h:0m:4s (0h:0m:0s left)
Iteration 100 / LogL: -13303.953 / Time: 0h:0m:4s (0h:0m:0s left)
TREE SEARCH COMPLETED AFTER 102 ITERATIONS / Time: 0h:0m:4s

--------------------------------------------------------------------
|                    FINALIZING TREE SEARCH                        |
--------------------------------------------------------------------
Performs final model parameters optimization
Estimate model parameters (epsilon = 0.010)
1. Initial log-likelihood: -13303.775
Optimal log-likelihood: -13303.774
Rate parameters:  A-C: 2.39377  A-G: 5.70164  A-T: 1.80798  C-G: 1.59429  C-T: 6.86864  G-T: 1.00000
Base frequencies:  A: 0.270  C: 0.193  G: 0.246  T: 0.291
Gamma shape alpha: 0.424
Parameters optimization took 1 rounds (0.005 sec)
BEST SCORE FOUND : -13303.774

Testing tree branches by SH-like aLRT with 1000 replicates...
0.124 sec.
Total tree length: 1.538

Total number of iterations: 102
CPU time used for tree search: 6.583 sec (0h:0m:6s)
Wall-clock time used for tree search: 4.856 sec (0h:0m:4s)
Total CPU time used: 7.162 sec (0h:0m:7s)
Total wall-clock time used: 5.053 sec (0h:0m:5s)

Analysis results written to: 
  IQ-TREE report:                cluster4466rr.1to1ortho.fa.aln-cln_gene264.fa.iqtree
  Maximum-likelihood tree:       cluster4466rr.1to1ortho.fa.aln-cln_gene264.fa.treefile
  Likelihood distances:          cluster4466rr.1to1ortho.fa.aln-cln_gene264.fa.mldist
  Screen log file:               cluster4466rr.1to1ortho.fa.aln-cln_gene264.fa.log

Date and Time: Mon Nov 25 10:52:39 2019
