IQ-TREE multicore version 1.6.11 for Mac OS X 64-bit built Jul 12 2019
Developed by Bui Quang Minh, Nguyen Lam Tung, Olga Chernomor,
Heiko Schmidt, Dominik Schrempf, Michael Woodhams.

Host:    slpc437 (AVX2, FMA3, 16 GB RAM)
Command: iqtree -s cluster1015rr.1to1ortho.fa.aln-cln_gene1102.fa -nt 4 -m GTR+G
Seed:    98586 (Using SPRNG - Scalable Parallel Random Number Generator)
Time:    Mon Nov 25 09:34:05 2019
Kernel:  AVX+FMA - 4 threads (6 CPU cores detected)

Reading alignment file cluster1015rr.1to1ortho.fa.aln-cln_gene1102.fa ... Fasta format detected
Alignment most likely contains DNA/RNA sequences
Alignment has 13 sequences with 1173 columns, 580 distinct patterns
385 parsimony-informative, 200 singleton sites, 588 constant sites
           Gap/Ambiguity  Composition  p-value
   1  DrolusSFB    1.96%    passed     51.12%
   2  Dino         0.00%    passed     64.13%
   3  MJM3360     18.50%    passed     81.68%
   4  DrobinSFB   19.69%    passed     41.27%
   5  Neam         5.88%    passed     70.12%
   6  RuprSFB     18.24%    passed     83.61%
   7  Retr        28.73%    passed     11.22%
   8  Beta        12.87%    passed     70.34%
   9  Spol        28.30%    passed     43.45%
  10  MJM1652      0.51%    passed     59.57%
  11  NepSFB       5.88%    passed     82.75%
  12  WPYJ        48.08%    passed     91.62%
  13  MJM2940      2.39%    passed     38.98%
****  TOTAL       14.70%  0 sequences failed composition chi2 test (p-value<5%; df=3)

Create initial parsimony tree by phylogenetic likelihood library (PLL)... 0.002 seconds

NOTE: 0 MB RAM (0 GB) is required!
Estimate model parameters (epsilon = 0.100)
1. Initial log-likelihood: -7030.503
2. Current log-likelihood: -6750.720
3. Current log-likelihood: -6747.690
Optimal log-likelihood: -6747.663
Rate parameters:  A-C: 1.55114  A-G: 4.33136  A-T: 1.67499  C-G: 1.43199  C-T: 5.85398  G-T: 1.00000
Base frequencies:  A: 0.301  C: 0.188  G: 0.259  T: 0.252
Gamma shape alpha: 0.513
Parameters optimization took 3 rounds (0.041 sec)
Computing ML distances based on estimated model parameters... 0.001 sec
Computing BIONJ tree...
0.002 seconds
Log-likelihood of BIONJ tree: -6749.246
--------------------------------------------------------------------
|             INITIALIZING CANDIDATE TREE SET                      |
--------------------------------------------------------------------
Generating 98 parsimony trees... 0.082 second
Computing log-likelihood of 98 initial trees ... 0.448 seconds
Current best score: -6747.663

Do NNI search on 20 best initial trees
Estimate model parameters (epsilon = 0.100)
BETTER TREE FOUND at iteration 1: -6747.663
Iteration 10 / LogL: -6748.363 / Time: 0h:0m:0s
Iteration 20 / LogL: -6747.753 / Time: 0h:0m:1s
Finish initializing candidate tree set (2)
Current best tree score: -6747.663 / CPU time: 1.062
Number of iterations: 20
--------------------------------------------------------------------
|               OPTIMIZING CANDIDATE TREE SET                      |
--------------------------------------------------------------------
Iteration 30 / LogL: -6747.673 / Time: 0h:0m:1s (0h:0m:3s left)
Iteration 40 / LogL: -6750.280 / Time: 0h:0m:1s (0h:0m:2s left)
Iteration 50 / LogL: -6748.674 / Time: 0h:0m:2s (0h:0m:2s left)
UPDATE BEST LOG-LIKELIHOOD: -6747.663
Iteration 60 / LogL: -6748.406 / Time: 0h:0m:2s (0h:0m:1s left)
Iteration 70 / LogL: -6747.747 / Time: 0h:0m:3s (0h:0m:1s left)

******************************************************
CHECKPOINT: Resuming analysis from cluster1015rr.1to1ortho.fa.aln-cln_gene1102.fa.ckp.gz

IQ-TREE multicore version 1.6.11 for Mac OS X 64-bit built Jul 12 2019
Developed by Bui Quang Minh, Nguyen Lam Tung, Olga Chernomor,
Heiko Schmidt, Dominik Schrempf, Michael Woodhams.

Host:    slpc437 (AVX2, FMA3, 16 GB RAM)
Command: iqtree -s cluster1015rr.1to1ortho.fa.aln-cln_gene1102.fa -nt 4 -m GTR+G -alrt 1000
Seed:    135172 (Using SPRNG - Scalable Parallel Random Number Generator)
Time:    Mon Nov 25 09:35:44 2019
Kernel:  AVX+FMA - 4 threads (6 CPU cores detected)

WARNING: Number of command-line arguments differs from checkpoint
WARNING: Command-line differs from checkpoint!
Reading alignment file cluster1015rr.1to1ortho.fa.aln-cln_gene1102.fa ... Fasta format detected
Alignment most likely contains DNA/RNA sequences
Alignment has 13 sequences with 1173 columns, 580 distinct patterns
385 parsimony-informative, 200 singleton sites, 588 constant sites
           Gap/Ambiguity  Composition  p-value
   1  DrolusSFB    1.96%    passed     51.12%
   2  Dino         0.00%    passed     64.13%
   3  MJM3360     18.50%    passed     81.68%
   4  DrobinSFB   19.69%    passed     41.27%
   5  Neam         5.88%    passed     70.12%
   6  RuprSFB     18.24%    passed     83.61%
   7  Retr        28.73%    passed     11.22%
   8  Beta        12.87%    passed     70.34%
   9  Spol        28.30%    passed     43.45%
  10  MJM1652      0.51%    passed     59.57%
  11  NepSFB       5.88%    passed     82.75%
  12  WPYJ        48.08%    passed     91.62%
  13  MJM2940      2.39%    passed     38.98%
****  TOTAL       14.70%  0 sequences failed composition chi2 test (p-value<5%; df=3)

CHECKPOINT: Initial tree restored

NOTE: 0 MB RAM (0 GB) is required!
CHECKPOINT: Model parameters restored, LogL: -6747.663
--------------------------------------------------------------------
|             INITIALIZING CANDIDATE TREE SET                      |
--------------------------------------------------------------------
CHECKPOINT: Candidate tree set restored, best LogL: -6747.663
Finish initializing candidate tree set (2)
Current best tree score: -6747.663 / CPU time: 0.000
Number of iterations: 20
--------------------------------------------------------------------
|               OPTIMIZING CANDIDATE TREE SET                      |
--------------------------------------------------------------------
Iteration 30 / LogL: -6748.806 / Time: 0h:0m:0s (0h:0m:1s left)
UPDATE BEST LOG-LIKELIHOOD: -6747.663
Iteration 40 / LogL: -6748.573 / Time: 0h:0m:0s (0h:0m:1s left)
Iteration 50 / LogL: -6748.430 / Time: 0h:0m:1s (0h:0m:1s left)
Iteration 60 / LogL: -6748.389 / Time: 0h:0m:1s (0h:0m:1s left)
Iteration 70 / LogL: -6751.039 / Time: 0h:0m:2s (0h:0m:0s left)
Iteration 80 / LogL: -6749.350 / Time: 0h:0m:2s (0h:0m:0s left)
Iteration 90 / LogL: -6747.882 / Time: 0h:0m:2s (0h:0m:0s left)
Iteration 100 / LogL: -6747.701 / Time: 0h:0m:3s (0h:0m:0s left)
TREE SEARCH COMPLETED AFTER 102 ITERATIONS / Time: 0h:0m:3s

--------------------------------------------------------------------
|                    FINALIZING TREE SEARCH                        |
--------------------------------------------------------------------
Performs final model parameters optimization
Estimate model parameters (epsilon = 0.010)
1. Initial log-likelihood: -6747.663
Optimal log-likelihood: -6747.662
Rate parameters:  A-C: 1.55189  A-G: 4.34051  A-T: 1.67630  C-G: 1.43084  C-T: 5.85061  G-T: 1.00000
Base frequencies:  A: 0.301  C: 0.188  G: 0.259  T: 0.252
Gamma shape alpha: 0.512
Parameters optimization took 1 rounds (0.005 sec)
BEST SCORE FOUND : -6747.662

Testing tree branches by SH-like aLRT with 1000 replicates...
0.072 sec.
Total tree length: 1.604

Total number of iterations: 102
CPU time used for tree search: 3.803 sec (0h:0m:3s)
Wall-clock time used for tree search: 3.451 sec (0h:0m:3s)
Total CPU time used: 4.058 sec (0h:0m:4s)
Total wall-clock time used: 3.537 sec (0h:0m:3s)

Analysis results written to: 
  IQ-TREE report:                cluster1015rr.1to1ortho.fa.aln-cln_gene1102.fa.iqtree
  Maximum-likelihood tree:       cluster1015rr.1to1ortho.fa.aln-cln_gene1102.fa.treefile
  Likelihood distances:          cluster1015rr.1to1ortho.fa.aln-cln_gene1102.fa.mldist
  Screen log file:               cluster1015rr.1to1ortho.fa.aln-cln_gene1102.fa.log

Date and Time: Mon Nov 25 09:35:47 2019
