IQ-TREE multicore version 1.6.11 for Mac OS X 64-bit built Jul 12 2019
Developed by Bui Quang Minh, Nguyen Lam Tung, Olga Chernomor,
Heiko Schmidt, Dominik Schrempf, Michael Woodhams.

Host:    slpc437 (AVX2, FMA3, 16 GB RAM)
Command: iqtree -s cluster2787rr.1to1ortho.fa.aln-cln_gene884.fa -nt 4 -m GTR+G -alrt 1000
Seed:    266038 (Using SPRNG - Scalable Parallel Random Number Generator)
Time:    Mon Nov 25 10:13:07 2019
Kernel:  AVX+FMA - 4 threads (6 CPU cores detected)

Reading alignment file cluster2787rr.1to1ortho.fa.aln-cln_gene884.fa ... Fasta format detected
Alignment most likely contains DNA/RNA sequences
Alignment has 13 sequences with 2055 columns, 1140 distinct patterns
810 parsimony-informative, 428 singleton sites, 817 constant sites
           Gap/Ambiguity  Composition  p-value
   1  DrolusSFB    1.02%    passed     82.79%
   2  Dino        13.38%    passed     99.64%
   3  MJM3360     15.28%    passed     69.87%
   4  DrobinSFB    3.16%    passed     74.49%
   5  Neam         0.44%    passed     68.16%
   6  RuprSFB      8.08%    passed     92.24%
   7  Retr         1.51%    passed     86.24%
   8  Beta         3.11%    passed     58.74%
   9  Spol         3.11%    passed     97.21%
  10  MJM1652     17.27%    passed     63.54%
  11  NepSFB       0.44%    passed     76.82%
  12  WPYJ        52.90%    passed     72.95%
  13  MJM2940      0.29%    passed     97.65%
WARNING: 1 sequences contain more than 50% gaps/ambiguity
****  TOTAL        9.23%  0 sequences failed composition chi2 test (p-value<5%; df=3)

Create initial parsimony tree by phylogenetic likelihood library (PLL)... 0.001 seconds

NOTE: 1 MB RAM (0 GB) is required!
Estimate model parameters (epsilon = 0.100)
1. Initial log-likelihood: -14674.947
2. Current log-likelihood: -14189.714
3. Current log-likelihood: -14144.671
4. Current log-likelihood: -14144.386
Optimal log-likelihood: -14144.383
Rate parameters:  A-C: 1.42785  A-G: 3.67037  A-T: 1.27638  C-G: 1.41970  C-T: 5.67734  G-T: 1.00000
Base frequencies:  A: 0.326  C: 0.179  G: 0.254  T: 0.242
Gamma shape alpha: 0.823
Parameters optimization took 4 rounds (0.061 sec)
Computing ML distances based on estimated model parameters... 0.002 sec
Computing BIONJ tree...
0.003 seconds
Log-likelihood of BIONJ tree: -14144.383
--------------------------------------------------------------------
|             INITIALIZING CANDIDATE TREE SET                      |
--------------------------------------------------------------------
Generating 99 parsimony trees... 0.118 second
Computing log-likelihood of 97 initial trees ... 0.488 seconds
Current best score: -14144.383

Do NNI search on 20 best initial trees
Estimate model parameters (epsilon = 0.100)
BETTER TREE FOUND at iteration 1: -14142.752
Iteration 10 / LogL: -14142.769 / Time: 0h:0m:1s
Iteration 20 / LogL: -14142.769 / Time: 0h:0m:1s
Finish initializing candidate tree set (1)
Current best tree score: -14142.752 / CPU time: 1.292
Number of iterations: 20
--------------------------------------------------------------------
|               OPTIMIZING CANDIDATE TREE SET                      |
--------------------------------------------------------------------
Iteration 30 / LogL: -14143.247 / Time: 0h:0m:1s (0h:0m:4s left)
Iteration 40 / LogL: -14142.996 / Time: 0h:0m:2s (0h:0m:3s left)
Iteration 50 / LogL: -14145.277 / Time: 0h:0m:2s (0h:0m:2s left)
Iteration 60 / LogL: -14142.755 / Time: 0h:0m:3s (0h:0m:2s left)
UPDATE BEST LOG-LIKELIHOOD: -14142.752
Iteration 70 / LogL: -14143.127 / Time: 0h:0m:3s (0h:0m:1s left)
Iteration 80 / LogL: -14143.321 / Time: 0h:0m:4s (0h:0m:1s left)
Iteration 90 / LogL: -14143.306 / Time: 0h:0m:4s (0h:0m:0s left)
UPDATE BEST LOG-LIKELIHOOD: -14142.752
Iteration 100 / LogL: -14142.928 / Time: 0h:0m:4s (0h:0m:0s left)
TREE SEARCH COMPLETED AFTER 102 ITERATIONS / Time: 0h:0m:4s

--------------------------------------------------------------------
|                    FINALIZING TREE SEARCH                        |
--------------------------------------------------------------------
Performs final model parameters optimization
Estimate model parameters (epsilon = 0.010)
1. Initial log-likelihood: -14142.752
Optimal log-likelihood: -14142.750
Rate parameters:  A-C: 1.45259  A-G: 3.66268  A-T: 1.28300  C-G: 1.41160  C-T: 5.67483  G-T: 1.00000
Base frequencies:  A: 0.326  C: 0.179  G: 0.254  T: 0.242
Gamma shape alpha: 0.826
Parameters optimization took 1 rounds (0.006 sec)
BEST SCORE FOUND : -14142.750

Testing tree branches by SH-like aLRT with 1000 replicates...
0.117 sec.
Total tree length: 1.847

Total number of iterations: 102
CPU time used for tree search: 7.047 sec (0h:0m:7s)
Wall-clock time used for tree search: 4.894 sec (0h:0m:4s)
Total CPU time used: 7.648 sec (0h:0m:7s)
Total wall-clock time used: 5.098 sec (0h:0m:5s)

Analysis results written to: 
  IQ-TREE report:                cluster2787rr.1to1ortho.fa.aln-cln_gene884.fa.iqtree
  Maximum-likelihood tree:       cluster2787rr.1to1ortho.fa.aln-cln_gene884.fa.treefile
  Likelihood distances:          cluster2787rr.1to1ortho.fa.aln-cln_gene884.fa.mldist
  Screen log file:               cluster2787rr.1to1ortho.fa.aln-cln_gene884.fa.log

Date and Time: Mon Nov 25 10:13:12 2019
