IQ-TREE multicore version 1.6.11 for Mac OS X 64-bit built Jul 12 2019
Developed by Bui Quang Minh, Nguyen Lam Tung, Olga Chernomor,
Heiko Schmidt, Dominik Schrempf, Michael Woodhams.

Host:    slpc437 (AVX2, FMA3, 16 GB RAM)
Command: iqtree -s cluster4900rr.1to1ortho.fa.aln-cln_gene481.fa -nt 4 -m GTR+G -alrt 1000
Seed:    560330 (Using SPRNG - Scalable Parallel Random Number Generator)
Time:    Mon Nov 25 11:00:42 2019
Kernel:  AVX+FMA - 4 threads (6 CPU cores detected)

Reading alignment file cluster4900rr.1to1ortho.fa.aln-cln_gene481.fa ... Fasta format detected
Alignment most likely contains DNA/RNA sequences
Alignment has 13 sequences with 1305 columns, 544 distinct patterns
407 parsimony-informative, 177 singleton sites, 721 constant sites
           Gap/Ambiguity  Composition  p-value
   1  DrolusSFB    0.61%    passed     69.01%
   2  Dino         0.00%    passed     99.13%
   3  MJM3360      0.15%    passed     16.62%
   4  DrobinSFB    0.15%    passed     94.04%
   5  Neam         0.00%    passed     96.88%
   6  RuprSFB      0.00%    passed     98.21%
   7  Retr         0.00%    passed     94.71%
   8  Beta         0.00%    passed     89.36%
   9  Spol         0.00%    passed     92.09%
  10  MJM1652      0.23%    passed     94.93%
  11  NepSFB       0.00%    passed     89.20%
  12  WPYJ        48.51%    passed     48.24%
  13  MJM2940      0.00%    passed     96.49%
****  TOTAL        3.82%  0 sequences failed composition chi2 test (p-value<5%; df=3)

Create initial parsimony tree by phylogenetic likelihood library (PLL)... 0.001 seconds

NOTE: 0 MB RAM (0 GB) is required!
Estimate model parameters (epsilon = 0.100)
1. Initial log-likelihood: -8060.113
2. Current log-likelihood: -7745.436
3. Current log-likelihood: -7742.604
Optimal log-likelihood: -7742.555
Rate parameters:  A-C: 1.88059  A-G: 5.26456  A-T: 1.89613  C-G: 1.74977  C-T: 5.92462  G-T: 1.00000
Base frequencies:  A: 0.245  C: 0.206  G: 0.222  T: 0.327
Gamma shape alpha: 0.382
Parameters optimization took 3 rounds (0.032 sec)
Computing ML distances based on estimated model parameters... 0.001 sec
Computing BIONJ tree...
0.002 seconds
Log-likelihood of BIONJ tree: -7742.609
--------------------------------------------------------------------
|             INITIALIZING CANDIDATE TREE SET                      |
--------------------------------------------------------------------
Generating 98 parsimony trees... 0.079 second
Computing log-likelihood of 96 initial trees ... 0.406 seconds
Current best score: -7742.555

Do NNI search on 20 best initial trees
Estimate model parameters (epsilon = 0.100)
BETTER TREE FOUND at iteration 1: -7741.779
Iteration 10 / LogL: -7741.783 / Time: 0h:0m:0s
Iteration 20 / LogL: -7741.815 / Time: 0h:0m:1s
Finish initializing candidate tree set (2)
Current best tree score: -7741.779 / CPU time: 1.109
Number of iterations: 20
--------------------------------------------------------------------
|               OPTIMIZING CANDIDATE TREE SET                      |
--------------------------------------------------------------------
Iteration 30 / LogL: -7741.779 / Time: 0h:0m:1s (0h:0m:3s left)
Iteration 40 / LogL: -7749.331 / Time: 0h:0m:1s (0h:0m:3s left)
Iteration 50 / LogL: -7749.429 / Time: 0h:0m:2s (0h:0m:2s left)
Iteration 60 / LogL: -7749.700 / Time: 0h:0m:2s (0h:0m:1s left)
Iteration 70 / LogL: -7741.784 / Time: 0h:0m:3s (0h:0m:1s left)
Iteration 80 / LogL: -7741.813 / Time: 0h:0m:3s (0h:0m:0s left)
Iteration 90 / LogL: -7741.804 / Time: 0h:0m:3s (0h:0m:0s left)
Iteration 100 / LogL: -7741.790 / Time: 0h:0m:4s (0h:0m:0s left)
TREE SEARCH COMPLETED AFTER 102 ITERATIONS / Time: 0h:0m:4s

--------------------------------------------------------------------
|                    FINALIZING TREE SEARCH                        |
--------------------------------------------------------------------
Performs final model parameters optimization
Estimate model parameters (epsilon = 0.010)
1. Initial log-likelihood: -7741.779
Optimal log-likelihood: -7741.778
Rate parameters:  A-C: 1.86463  A-G: 5.26590  A-T: 1.88724  C-G: 1.74944  C-T: 5.92722  G-T: 1.00000
Base frequencies:  A: 0.245  C: 0.206  G: 0.222  T: 0.327
Gamma shape alpha: 0.382
Parameters optimization took 1 rounds (0.005 sec)
BEST SCORE FOUND : -7741.778

Testing tree branches by SH-like aLRT with 1000 replicates...
0.077 sec.
Total tree length: 1.343

Total number of iterations: 102
CPU time used for tree search: 4.735 sec (0h:0m:4s)
Wall-clock time used for tree search: 4.342 sec (0h:0m:4s)
Total CPU time used: 5.082 sec (0h:0m:5s)
Total wall-clock time used: 4.474 sec (0h:0m:4s)

Analysis results written to: 
  IQ-TREE report:                cluster4900rr.1to1ortho.fa.aln-cln_gene481.fa.iqtree
  Maximum-likelihood tree:       cluster4900rr.1to1ortho.fa.aln-cln_gene481.fa.treefile
  Likelihood distances:          cluster4900rr.1to1ortho.fa.aln-cln_gene481.fa.mldist
  Screen log file:               cluster4900rr.1to1ortho.fa.aln-cln_gene481.fa.log

Date and Time: Mon Nov 25 11:00:47 2019
