IQ-TREE multicore version 1.6.11 for Mac OS X 64-bit built Jul 12 2019
Developed by Bui Quang Minh, Nguyen Lam Tung, Olga Chernomor,
Heiko Schmidt, Dominik Schrempf, Michael Woodhams.

Host:    slpc437 (AVX2, FMA3, 16 GB RAM)
Command: iqtree -s cluster2759rr.1to1ortho.fa.aln-cln_gene835.fa -nt 4 -m GTR+G -alrt 1000
Seed:    852296 (Using SPRNG - Scalable Parallel Random Number Generator)
Time:    Mon Nov 25 10:12:01 2019
Kernel:  AVX+FMA - 4 threads (6 CPU cores detected)

Reading alignment file cluster2759rr.1to1ortho.fa.aln-cln_gene835.fa ... Fasta format detected
Alignment most likely contains DNA/RNA sequences
Alignment has 13 sequences with 1212 columns, 539 distinct patterns
412 parsimony-informative, 173 singleton sites, 627 constant sites
           Gap/Ambiguity  Composition  p-value
   1  DrolusSFB    0.99%    passed     78.16%
   2  Dino         0.00%    passed     73.66%
   3  MJM3360      1.90%    passed     98.94%
   4  DrobinSFB    2.48%    passed     86.38%
   5  Neam         2.23%    passed     97.33%
   6  RuprSFB      1.65%    passed     97.05%
   7  Retr         3.55%    passed     69.34%
   8  Beta         0.99%    passed     97.90%
   9  Spol         0.99%    passed     96.20%
  10  MJM1652      0.00%    passed     91.70%
  11  NepSFB       2.23%    passed     94.77%
  12  WPYJ         4.46%    passed     68.68%
  13  MJM2940      0.00%    passed     82.24%
****  TOTAL        1.65%  0 sequences failed composition chi2 test (p-value<5%; df=3)

Create initial parsimony tree by phylogenetic likelihood library (PLL)... 0.001 seconds

NOTE: 0 MB RAM (0 GB) is required!
Estimate model parameters (epsilon = 0.100)
1. Initial log-likelihood: -7888.856
2. Current log-likelihood: -7610.354
3. Current log-likelihood: -7608.077
Optimal log-likelihood: -7608.040
Rate parameters:  A-C: 2.00065  A-G: 3.81425  A-T: 1.44585  C-G: 0.83238  C-T: 4.98654  G-T: 1.00000
Base frequencies:  A: 0.277  C: 0.198  G: 0.257  T: 0.269
Gamma shape alpha: 0.446
Parameters optimization took 3 rounds (0.031 sec)
Computing ML distances based on estimated model parameters... 0.001 sec
Computing BIONJ tree...
0.002 seconds
Log-likelihood of BIONJ tree: -7608.040
--------------------------------------------------------------------
|             INITIALIZING CANDIDATE TREE SET                      |
--------------------------------------------------------------------
Generating 99 parsimony trees... 0.074 second
Computing log-likelihood of 99 initial trees ... 0.408 seconds
Current best score: -7607.657

Do NNI search on 20 best initial trees
Estimate model parameters (epsilon = 0.100)
BETTER TREE FOUND at iteration 1: -7607.639
Iteration 10 / LogL: -7607.642 / Time: 0h:0m:0s
Iteration 20 / LogL: -7607.674 / Time: 0h:0m:1s
Finish initializing candidate tree set (1)
Current best tree score: -7607.639 / CPU time: 1.017
Number of iterations: 20
--------------------------------------------------------------------
|               OPTIMIZING CANDIDATE TREE SET                      |
--------------------------------------------------------------------
Iteration 30 / LogL: -7628.906 / Time: 0h:0m:1s (0h:0m:3s left)
Iteration 40 / LogL: -7608.244 / Time: 0h:0m:1s (0h:0m:2s left)
Iteration 50 / LogL: -7607.640 / Time: 0h:0m:2s (0h:0m:2s left)
Iteration 60 / LogL: -7607.645 / Time: 0h:0m:2s (0h:0m:1s left)
Iteration 70 / LogL: -7607.654 / Time: 0h:0m:3s (0h:0m:1s left)
Iteration 80 / LogL: -7607.639 / Time: 0h:0m:3s (0h:0m:0s left)
Iteration 90 / LogL: -7607.644 / Time: 0h:0m:4s (0h:0m:0s left)
Iteration 100 / LogL: -7607.640 / Time: 0h:0m:4s (0h:0m:0s left)
TREE SEARCH COMPLETED AFTER 102 ITERATIONS / Time: 0h:0m:4s

--------------------------------------------------------------------
|                    FINALIZING TREE SEARCH                        |
--------------------------------------------------------------------
Performs final model parameters optimization
Estimate model parameters (epsilon = 0.010)
1. Initial log-likelihood: -7607.639
Optimal log-likelihood: -7607.639
Rate parameters:  A-C: 2.00700  A-G: 3.81434  A-T: 1.44587  C-G: 0.83210  C-T: 4.98554  G-T: 1.00000
Base frequencies:  A: 0.277  C: 0.198  G: 0.257  T: 0.269
Gamma shape alpha: 0.446
Parameters optimization took 1 rounds (0.005 sec)
BEST SCORE FOUND : -7607.639

Testing tree branches by SH-like aLRT with 1000 replicates...
0.073 sec.
Total tree length: 1.425

Total number of iterations: 102
CPU time used for tree search: 4.954 sec (0h:0m:4s)
Wall-clock time used for tree search: 4.549 sec (0h:0m:4s)
Total CPU time used: 5.282 sec (0h:0m:5s)
Total wall-clock time used: 4.677 sec (0h:0m:4s)

Analysis results written to: 
  IQ-TREE report:                cluster2759rr.1to1ortho.fa.aln-cln_gene835.fa.iqtree
  Maximum-likelihood tree:       cluster2759rr.1to1ortho.fa.aln-cln_gene835.fa.treefile
  Likelihood distances:          cluster2759rr.1to1ortho.fa.aln-cln_gene835.fa.mldist
  Screen log file:               cluster2759rr.1to1ortho.fa.aln-cln_gene835.fa.log

Date and Time: Mon Nov 25 10:12:06 2019
