IQ-TREE multicore version 1.6.11 for Mac OS X 64-bit built Jul 12 2019
Developed by Bui Quang Minh, Nguyen Lam Tung, Olga Chernomor,
Heiko Schmidt, Dominik Schrempf, Michael Woodhams.

Host:    slpc437 (AVX2, FMA3, 16 GB RAM)
Command: iqtree -s cluster3924rr.1to1ortho.fa.aln-cln_gene970.fa -nt 4 -m GTR+G -alrt 1000
Seed:    34554 (Using SPRNG - Scalable Parallel Random Number Generator)
Time:    Mon Nov 25 10:40:58 2019
Kernel:  AVX+FMA - 4 threads (6 CPU cores detected)

Reading alignment file cluster3924rr.1to1ortho.fa.aln-cln_gene970.fa ... Fasta format detected
Alignment most likely contains DNA/RNA sequences
Alignment has 13 sequences with 1996 columns, 941 distinct patterns
724 parsimony-informative, 296 singleton sites, 976 constant sites
           Gap/Ambiguity  Composition  p-value
   1  DrolusSFB   28.56%    passed     43.60%
   2  Dino         1.10%    passed     72.04%
   3  MJM3360     11.77%    passed     43.75%
   4  DrobinSFB    9.87%    passed     84.46%
   5  Neam         1.10%    passed     33.32%
   6  RuprSFB     12.17%    passed     55.48%
   7  Retr        12.17%    passed     37.26%
   8  Beta         9.27%    passed     33.83%
   9  Spol         9.57%    passed     58.40%
  10  MJM1652      1.25%    passed     87.22%
  11  NepSFB       1.10%    passed     35.94%
  12  WPYJ         9.67%    passed     70.80%
  13  MJM2940      8.72%    passed     95.74%
****  TOTAL        8.95%  0 sequences failed composition chi2 test (p-value<5%; df=3)

Create initial parsimony tree by phylogenetic likelihood library (PLL)... 0.001 seconds

NOTE: 1 MB RAM (0 GB) is required!
Estimate model parameters (epsilon = 0.100)
1. Initial log-likelihood: -13154.232
2. Current log-likelihood: -12683.307
3. Current log-likelihood: -12679.090
Optimal log-likelihood: -12679.002
Rate parameters:  A-C: 1.55433  A-G: 2.81025  A-T: 1.21049  C-G: 0.81854  C-T: 5.50399  G-T: 1.00000
Base frequencies:  A: 0.320  C: 0.173  G: 0.280  T: 0.227
Gamma shape alpha: 0.512
Parameters optimization took 3 rounds (0.043 sec)
Computing ML distances based on estimated model parameters... 0.002 sec
Computing BIONJ tree...
0.002 seconds
Log-likelihood of BIONJ tree: -12679.001
--------------------------------------------------------------------
|             INITIALIZING CANDIDATE TREE SET                      |
--------------------------------------------------------------------
Generating 99 parsimony trees... 0.106 second
Computing log-likelihood of 98 initial trees ... 0.476 seconds
Current best score: -12679.001

Do NNI search on 20 best initial trees
Estimate model parameters (epsilon = 0.100)
BETTER TREE FOUND at iteration 1: -12678.464
Iteration 10 / LogL: -12678.465 / Time: 0h:0m:0s
Iteration 20 / LogL: -12678.501 / Time: 0h:0m:1s
Finish initializing candidate tree set (1)
Current best tree score: -12678.464 / CPU time: 1.302
Number of iterations: 20
--------------------------------------------------------------------
|               OPTIMIZING CANDIDATE TREE SET                      |
--------------------------------------------------------------------
Iteration 30 / LogL: -12678.465 / Time: 0h:0m:1s (0h:0m:4s left)
Iteration 40 / LogL: -12678.499 / Time: 0h:0m:2s (0h:0m:3s left)
Iteration 50 / LogL: -12678.464 / Time: 0h:0m:2s (0h:0m:2s left)
Iteration 60 / LogL: -12679.036 / Time: 0h:0m:3s (0h:0m:2s left)
Iteration 70 / LogL: -12678.520 / Time: 0h:0m:3s (0h:0m:1s left)
Iteration 80 / LogL: -12678.504 / Time: 0h:0m:3s (0h:0m:1s left)
Iteration 90 / LogL: -12678.872 / Time: 0h:0m:4s (0h:0m:0s left)
Iteration 100 / LogL: -12678.473 / Time: 0h:0m:4s (0h:0m:0s left)
TREE SEARCH COMPLETED AFTER 102 ITERATIONS / Time: 0h:0m:4s

--------------------------------------------------------------------
|                    FINALIZING TREE SEARCH                        |
--------------------------------------------------------------------
Performs final model parameters optimization
Estimate model parameters (epsilon = 0.010)
1. Initial log-likelihood: -12678.464
Optimal log-likelihood: -12678.463
Rate parameters:  A-C: 1.54512  A-G: 2.81726  A-T: 1.20803  C-G: 0.81308  C-T: 5.51377  G-T: 1.00000
Base frequencies:  A: 0.320  C: 0.173  G: 0.280  T: 0.227
Gamma shape alpha: 0.511
Parameters optimization took 1 rounds (0.006 sec)
BEST SCORE FOUND : -12678.463

Testing tree branches by SH-like aLRT with 1000 replicates...
0.112 sec.
Total tree length: 1.754

Total number of iterations: 102
CPU time used for tree search: 6.443 sec (0h:0m:6s)
Wall-clock time used for tree search: 4.791 sec (0h:0m:4s)
Total CPU time used: 6.971 sec (0h:0m:6s)
Total wall-clock time used: 4.973 sec (0h:0m:4s)

Analysis results written to: 
  IQ-TREE report:                cluster3924rr.1to1ortho.fa.aln-cln_gene970.fa.iqtree
  Maximum-likelihood tree:       cluster3924rr.1to1ortho.fa.aln-cln_gene970.fa.treefile
  Likelihood distances:          cluster3924rr.1to1ortho.fa.aln-cln_gene970.fa.mldist
  Screen log file:               cluster3924rr.1to1ortho.fa.aln-cln_gene970.fa.log

Date and Time: Mon Nov 25 10:41:03 2019
