IQ-TREE multicore version 1.6.11 for Mac OS X 64-bit built Jul 12 2019
Developed by Bui Quang Minh, Nguyen Lam Tung, Olga Chernomor,
Heiko Schmidt, Dominik Schrempf, Michael Woodhams.

Host:    slpc437 (AVX2, FMA3, 16 GB RAM)
Command: iqtree -s cluster2206rr.1to1ortho.fa.aln-cln_gene473.fa -nt 4 -m GTR+G -alrt 1000
Seed:    433802 (Using SPRNG - Scalable Parallel Random Number Generator)
Time:    Mon Nov 25 09:59:12 2019
Kernel:  AVX+FMA - 4 threads (6 CPU cores detected)

Reading alignment file cluster2206rr.1to1ortho.fa.aln-cln_gene473.fa ... Fasta format detected
Alignment most likely contains DNA/RNA sequences
Alignment has 13 sequences with 1107 columns, 633 distinct patterns
451 parsimony-informative, 192 singleton sites, 464 constant sites
           Gap/Ambiguity  Composition  p-value
   1  DrolusSFB    6.41%    passed     97.33%
   2  Dino         7.05%    passed     97.61%
   3  MJM3360     23.85%    passed     30.29%
   4  DrobinSFB   26.20%    passed     70.22%
   5  Neam         4.61%    passed     83.79%
   6  RuprSFB     17.98%    passed     75.25%
   7  Retr         7.05%    passed     25.15%
   8  Beta        11.20%    passed     52.91%
   9  Spol        11.47%    passed     70.94%
  10  MJM1652      7.05%    passed     48.23%
  11  NepSFB       4.61%    passed     85.88%
  12  WPYJ         9.39%    passed     19.60%
  13  MJM2940      5.96%    passed     64.54%
****  TOTAL       10.99%  0 sequences failed composition chi2 test (p-value<5%; df=3)

Create initial parsimony tree by phylogenetic likelihood library (PLL)... 0.001 seconds

NOTE: 1 MB RAM (0 GB) is required!
Estimate model parameters (epsilon = 0.100)
1. Initial log-likelihood: -7770.118
2. Current log-likelihood: -7512.415
3. Current log-likelihood: -7510.407
Optimal log-likelihood: -7510.382
Rate parameters:  A-C: 1.60696  A-G: 2.87384  A-T: 1.13435  C-G: 1.25970  C-T: 5.42440  G-T: 1.00000
Base frequencies:  A: 0.302  C: 0.172  G: 0.303  T: 0.222
Gamma shape alpha: 0.662
Parameters optimization took 3 rounds (0.036 sec)
Computing ML distances based on estimated model parameters... 0.001 sec
Computing BIONJ tree...
0.002 seconds
Log-likelihood of BIONJ tree: -7516.750
--------------------------------------------------------------------
|             INITIALIZING CANDIDATE TREE SET                      |
--------------------------------------------------------------------
Generating 98 parsimony trees... 0.083 second
Computing log-likelihood of 98 initial trees ... 0.434 seconds
Current best score: -7510.382

Do NNI search on 20 best initial trees
Estimate model parameters (epsilon = 0.100)
BETTER TREE FOUND at iteration 1: -7508.508
Iteration 10 / LogL: -7508.529 / Time: 0h:0m:0s
Iteration 20 / LogL: -7508.513 / Time: 0h:0m:1s
Finish initializing candidate tree set (1)
Current best tree score: -7508.508 / CPU time: 1.178
Number of iterations: 20
--------------------------------------------------------------------
|               OPTIMIZING CANDIDATE TREE SET                      |
--------------------------------------------------------------------
Iteration 30 / LogL: -7508.521 / Time: 0h:0m:1s (0h:0m:4s left)
Iteration 40 / LogL: -7508.594 / Time: 0h:0m:2s (0h:0m:3s left)
Iteration 50 / LogL: -7508.517 / Time: 0h:0m:2s (0h:0m:2s left)
Iteration 60 / LogL: -7508.514 / Time: 0h:0m:2s (0h:0m:2s left)
Iteration 70 / LogL: -7508.511 / Time: 0h:0m:3s (0h:0m:1s left)
Iteration 80 / LogL: -7508.555 / Time: 0h:0m:3s (0h:0m:0s left)
Iteration 90 / LogL: -7508.516 / Time: 0h:0m:4s (0h:0m:0s left)
Iteration 100 / LogL: -7508.521 / Time: 0h:0m:4s (0h:0m:0s left)
TREE SEARCH COMPLETED AFTER 102 ITERATIONS / Time: 0h:0m:4s

--------------------------------------------------------------------
|                    FINALIZING TREE SEARCH                        |
--------------------------------------------------------------------
Performs final model parameters optimization
Estimate model parameters (epsilon = 0.010)
1. Initial log-likelihood: -7508.508
Optimal log-likelihood: -7508.507
Rate parameters:  A-C: 1.61374  A-G: 2.86859  A-T: 1.13275  C-G: 1.27136  C-T: 5.43068  G-T: 1.00000
Base frequencies:  A: 0.302  C: 0.172  G: 0.303  T: 0.222
Gamma shape alpha: 0.662
Parameters optimization took 1 rounds (0.005 sec)
BEST SCORE FOUND : -7508.507

Testing tree branches by SH-like aLRT with 1000 replicates...
0.073 sec.
Total tree length: 2.025

Total number of iterations: 102
CPU time used for tree search: 5.303 sec (0h:0m:5s)
Wall-clock time used for tree search: 4.608 sec (0h:0m:4s)
Total CPU time used: 5.637 sec (0h:0m:5s)
Total wall-clock time used: 4.743 sec (0h:0m:4s)

Analysis results written to: 
  IQ-TREE report:                cluster2206rr.1to1ortho.fa.aln-cln_gene473.fa.iqtree
  Maximum-likelihood tree:       cluster2206rr.1to1ortho.fa.aln-cln_gene473.fa.treefile
  Likelihood distances:          cluster2206rr.1to1ortho.fa.aln-cln_gene473.fa.mldist
  Screen log file:               cluster2206rr.1to1ortho.fa.aln-cln_gene473.fa.log

Date and Time: Mon Nov 25 09:59:17 2019
