IQ-TREE multicore version 1.6.11 for Mac OS X 64-bit built Jul 12 2019
Developed by Bui Quang Minh, Nguyen Lam Tung, Olga Chernomor,
Heiko Schmidt, Dominik Schrempf, Michael Woodhams.

Host:    slpc437 (AVX2, FMA3, 16 GB RAM)
Command: iqtree -s cluster4436rr.1to1ortho.fa.aln-cln_gene157.fa -nt 4 -m GTR+G -alrt 1000
Seed:    182598 (Using SPRNG - Scalable Parallel Random Number Generator)
Time:    Mon Nov 25 10:52:00 2019
Kernel:  AVX+FMA - 4 threads (6 CPU cores detected)

Reading alignment file cluster4436rr.1to1ortho.fa.aln-cln_gene157.fa ... Fasta format detected
Alignment most likely contains DNA/RNA sequences
Alignment has 13 sequences with 1435 columns, 786 distinct patterns
568 parsimony-informative, 238 singleton sites, 629 constant sites
           Gap/Ambiguity  Composition  p-value
   1  DrolusSFB    0.28%    passed     95.05%
   2  Dino         2.09%    passed     66.40%
   3  MJM3360     40.70%    passed     19.05%
   4  DrobinSFB    1.18%    passed     84.69%
   5  Neam         0.91%    passed     93.07%
   6  RuprSFB     30.10%    passed     30.45%
   7  Retr         4.25%    passed     92.83%
   8  Beta         2.16%    passed     40.25%
   9  Spol         2.37%    passed     16.33%
  10  MJM1652      1.88%    passed     85.47%
  11  NepSFB       0.91%    passed     91.96%
  12  WPYJ        15.05%    passed     72.02%
  13  MJM2940      1.74%    passed     89.54%
****  TOTAL        7.97%  0 sequences failed composition chi2 test (p-value<5%; df=3)

Create initial parsimony tree by phylogenetic likelihood library (PLL)... 0.001 seconds

NOTE: 1 MB RAM (0 GB) is required!
Estimate model parameters (epsilon = 0.100)
1. Initial log-likelihood: -10193.719
2. Current log-likelihood: -9805.843
3. Current log-likelihood: -9803.590
Optimal log-likelihood: -9803.541
Rate parameters:  A-C: 1.55131  A-G: 3.67118  A-T: 1.33064  C-G: 1.38666  C-T: 5.48245  G-T: 1.00000
Base frequencies:  A: 0.285  C: 0.183  G: 0.253  T: 0.280
Gamma shape alpha: 0.588
Parameters optimization took 3 rounds (0.058 sec)
Computing ML distances based on estimated model parameters... 0.002 sec
Computing BIONJ tree...
0.002 seconds
Log-likelihood of BIONJ tree: -9810.309
--------------------------------------------------------------------
|             INITIALIZING CANDIDATE TREE SET                      |
--------------------------------------------------------------------
Generating 98 parsimony trees... 0.104 second
Computing log-likelihood of 98 initial trees ... 0.454 seconds
Current best score: -9803.541

Do NNI search on 20 best initial trees
Estimate model parameters (epsilon = 0.100)
BETTER TREE FOUND at iteration 1: -9803.540
Iteration 10 / LogL: -9803.730 / Time: 0h:0m:0s
Iteration 20 / LogL: -9803.542 / Time: 0h:0m:1s
Finish initializing candidate tree set (2)
Current best tree score: -9803.540 / CPU time: 1.132
Number of iterations: 20
--------------------------------------------------------------------
|               OPTIMIZING CANDIDATE TREE SET                      |
--------------------------------------------------------------------
Iteration 30 / LogL: -9803.796 / Time: 0h:0m:1s (0h:0m:3s left)
Iteration 40 / LogL: -9804.883 / Time: 0h:0m:2s (0h:0m:3s left)
Iteration 50 / LogL: -9803.573 / Time: 0h:0m:2s (0h:0m:2s left)
Iteration 60 / LogL: -9804.955 / Time: 0h:0m:2s (0h:0m:2s left)
Iteration 70 / LogL: -9803.562 / Time: 0h:0m:3s (0h:0m:1s left)
Iteration 80 / LogL: -9804.265 / Time: 0h:0m:3s (0h:0m:0s left)
Iteration 90 / LogL: -9803.545 / Time: 0h:0m:4s (0h:0m:0s left)
Iteration 100 / LogL: -9803.570 / Time: 0h:0m:4s (0h:0m:0s left)
TREE SEARCH COMPLETED AFTER 102 ITERATIONS / Time: 0h:0m:4s

--------------------------------------------------------------------
|                    FINALIZING TREE SEARCH                        |
--------------------------------------------------------------------
Performs final model parameters optimization
Estimate model parameters (epsilon = 0.010)
1. Initial log-likelihood: -9803.540
Optimal log-likelihood: -9803.540
Rate parameters:  A-C: 1.54801  A-G: 3.67177  A-T: 1.33064  C-G: 1.38192  C-T: 5.47906  G-T: 1.00000
Base frequencies:  A: 0.285  C: 0.183  G: 0.253  T: 0.280
Gamma shape alpha: 0.588
Parameters optimization took 1 rounds (0.006 sec)
BEST SCORE FOUND : -9803.540

Testing tree branches by SH-like aLRT with 1000 replicates...
0.088 sec.
Total tree length: 1.952

Total number of iterations: 102
CPU time used for tree search: 5.782 sec (0h:0m:5s)
Wall-clock time used for tree search: 4.628 sec (0h:0m:4s)
Total CPU time used: 6.242 sec (0h:0m:6s)
Total wall-clock time used: 4.801 sec (0h:0m:4s)

Analysis results written to: 
  IQ-TREE report:                cluster4436rr.1to1ortho.fa.aln-cln_gene157.fa.iqtree
  Maximum-likelihood tree:       cluster4436rr.1to1ortho.fa.aln-cln_gene157.fa.treefile
  Likelihood distances:          cluster4436rr.1to1ortho.fa.aln-cln_gene157.fa.mldist
  Screen log file:               cluster4436rr.1to1ortho.fa.aln-cln_gene157.fa.log

Date and Time: Mon Nov 25 10:52:04 2019
