IQ-TREE multicore version 1.6.11 for Mac OS X 64-bit built Jul 12 2019
Developed by Bui Quang Minh, Nguyen Lam Tung, Olga Chernomor,
Heiko Schmidt, Dominik Schrempf, Michael Woodhams.

Host:    slpc437 (AVX2, FMA3, 16 GB RAM)
Command: iqtree -s cluster3374rr.1to1ortho.fa.aln-cln_gene73.fa -nt 4 -m GTR+G -alrt 1000
Seed:    353093 (Using SPRNG - Scalable Parallel Random Number Generator)
Time:    Mon Nov 25 10:28:48 2019
Kernel:  AVX+FMA - 4 threads (6 CPU cores detected)

Reading alignment file cluster3374rr.1to1ortho.fa.aln-cln_gene73.fa ... Fasta format detected
Alignment most likely contains DNA/RNA sequences
Alignment has 13 sequences with 1149 columns, 598 distinct patterns
411 parsimony-informative, 183 singleton sites, 555 constant sites
           Gap/Ambiguity  Composition  p-value
   1  DrolusSFB    1.65%    passed     81.01%
   2  Dino         1.83%    passed     80.19%
   3  MJM3360     13.66%    passed     77.84%
   4  DrobinSFB   10.18%    passed     94.20%
   5  Neam        21.32%    passed     50.20%
   6  RuprSFB      9.40%    passed     67.58%
   7  Retr         9.14%    passed     77.14%
   8  Beta        10.18%    passed     72.34%
   9  Spol         2.96%    passed     98.59%
  10  MJM1652      2.00%    passed     99.72%
  11  NepSFB       1.22%    passed     92.53%
  12  WPYJ         9.92%    passed     63.71%
  13  MJM2940      1.65%    passed     67.23%
****  TOTAL        7.32%  0 sequences failed composition chi2 test (p-value<5%; df=3)

Create initial parsimony tree by phylogenetic likelihood library (PLL)... 0.001 seconds

NOTE: 1 MB RAM (0 GB) is required!
Estimate model parameters (epsilon = 0.100)
1. Initial log-likelihood: -7787.203
2. Current log-likelihood: -7521.581
3. Current log-likelihood: -7519.006
Optimal log-likelihood: -7518.968
Rate parameters:  A-C: 2.06841  A-G: 6.50620  A-T: 2.50847  C-G: 2.55084  C-T: 6.06060  G-T: 1.00000
Base frequencies:  A: 0.266  C: 0.215  G: 0.240  T: 0.279
Gamma shape alpha: 0.488
Parameters optimization took 3 rounds (0.037 sec)
Computing ML distances based on estimated model parameters... 0.001 sec
Computing BIONJ tree...
0.002 seconds
Log-likelihood of BIONJ tree: -7520.611
--------------------------------------------------------------------
|             INITIALIZING CANDIDATE TREE SET                      |
--------------------------------------------------------------------
Generating 98 parsimony trees... 0.086 second
Computing log-likelihood of 96 initial trees ... 0.429 seconds
Current best score: -7518.968

Do NNI search on 20 best initial trees
Estimate model parameters (epsilon = 0.100)
BETTER TREE FOUND at iteration 1: -7518.509
Iteration 10 / LogL: -7518.573 / Time: 0h:0m:0s
Iteration 20 / LogL: -7528.607 / Time: 0h:0m:1s
Finish initializing candidate tree set (2)
Current best tree score: -7518.509 / CPU time: 1.187
Number of iterations: 20
--------------------------------------------------------------------
|               OPTIMIZING CANDIDATE TREE SET                      |
--------------------------------------------------------------------
Iteration 30 / LogL: -7528.902 / Time: 0h:0m:1s (0h:0m:4s left)
Iteration 40 / LogL: -7525.732 / Time: 0h:0m:2s (0h:0m:3s left)
Iteration 50 / LogL: -7520.147 / Time: 0h:0m:2s (0h:0m:2s left)
Iteration 60 / LogL: -7518.517 / Time: 0h:0m:2s (0h:0m:2s left)
Iteration 70 / LogL: -7529.418 / Time: 0h:0m:3s (0h:0m:1s left)
Iteration 80 / LogL: -7528.601 / Time: 0h:0m:3s (0h:0m:0s left)
Iteration 90 / LogL: -7518.676 / Time: 0h:0m:4s (0h:0m:0s left)
Iteration 100 / LogL: -7528.782 / Time: 0h:0m:4s (0h:0m:0s left)
TREE SEARCH COMPLETED AFTER 102 ITERATIONS / Time: 0h:0m:4s

--------------------------------------------------------------------
|                    FINALIZING TREE SEARCH                        |
--------------------------------------------------------------------
Performs final model parameters optimization
Estimate model parameters (epsilon = 0.010)
1. Initial log-likelihood: -7518.509
Optimal log-likelihood: -7518.508
Rate parameters:  A-C: 2.08091  A-G: 6.50786  A-T: 2.52843  C-G: 2.55446  C-T: 6.05925  G-T: 1.00000
Base frequencies:  A: 0.266  C: 0.215  G: 0.240  T: 0.279
Gamma shape alpha: 0.488
Parameters optimization took 1 rounds (0.005 sec)
BEST SCORE FOUND : -7518.508

Testing tree branches by SH-like aLRT with 1000 replicates...
0.076 sec.
Total tree length: 1.687

Total number of iterations: 102
CPU time used for tree search: 5.199 sec (0h:0m:5s)
Wall-clock time used for tree search: 4.604 sec (0h:0m:4s)
Total CPU time used: 5.540 sec (0h:0m:5s)
Total wall-clock time used: 4.741 sec (0h:0m:4s)

Analysis results written to: 
  IQ-TREE report:                cluster3374rr.1to1ortho.fa.aln-cln_gene73.fa.iqtree
  Maximum-likelihood tree:       cluster3374rr.1to1ortho.fa.aln-cln_gene73.fa.treefile
  Likelihood distances:          cluster3374rr.1to1ortho.fa.aln-cln_gene73.fa.mldist
  Screen log file:               cluster3374rr.1to1ortho.fa.aln-cln_gene73.fa.log

Date and Time: Mon Nov 25 10:28:53 2019
