IQ-TREE multicore version 1.6.11 for Mac OS X 64-bit built Jul 12 2019
Developed by Bui Quang Minh, Nguyen Lam Tung, Olga Chernomor,
Heiko Schmidt, Dominik Schrempf, Michael Woodhams.

Host:    slpc437 (AVX2, FMA3, 16 GB RAM)
Command: iqtree -s cluster2902rr.1to1ortho.fa.aln-cln_gene897.fa -nt 4 -m GTR+G -alrt 1000
Seed:    339573 (Using SPRNG - Scalable Parallel Random Number Generator)
Time:    Mon Nov 25 10:16:58 2019
Kernel:  AVX+FMA - 4 threads (6 CPU cores detected)

Reading alignment file cluster2902rr.1to1ortho.fa.aln-cln_gene897.fa ... Fasta format detected
Alignment most likely contains DNA/RNA sequences
Alignment has 13 sequences with 1773 columns, 936 distinct patterns
741 parsimony-informative, 307 singleton sites, 725 constant sites
           Gap/Ambiguity  Composition  p-value
   1  DrolusSFB    0.39%    passed     99.76%
   2  Dino         0.45%    passed     84.56%
   3  MJM3360      0.39%    passed     90.15%
   4  DrobinSFB    0.51%    passed     81.84%
   5  Neam         0.00%    passed     88.24%
   6  RuprSFB      0.00%    passed     84.11%
   7  Retr         0.00%    passed     85.15%
   8  Beta         0.00%    passed     93.18%
   9  Spol         0.00%    passed     90.42%
  10  MJM1652      0.51%    passed     99.74%
  11  NepSFB       0.00%    passed     84.15%
  12  WPYJ        38.97%    passed     10.27%
  13  MJM2940      0.00%    passed     98.91%
****  TOTAL        3.17%  0 sequences failed composition chi2 test (p-value<5%; df=3)

Create initial parsimony tree by phylogenetic likelihood library (PLL)... 0.001 seconds

NOTE: 1 MB RAM (0 GB) is required!
Estimate model parameters (epsilon = 0.100)
1. Initial log-likelihood: -13480.415
2. Current log-likelihood: -13062.901
3. Current log-likelihood: -13060.921
Optimal log-likelihood: -13060.883
Rate parameters:  A-C: 1.57881  A-G: 4.09184  A-T: 1.47898  C-G: 1.33222  C-T: 4.64052  G-T: 1.00000
Base frequencies:  A: 0.272  C: 0.197  G: 0.242  T: 0.289
Gamma shape alpha: 0.685
Parameters optimization took 3 rounds (0.041 sec)
Computing ML distances based on estimated model parameters... 0.002 sec
Computing BIONJ tree...
0.002 seconds
Log-likelihood of BIONJ tree: -13060.993
--------------------------------------------------------------------
|             INITIALIZING CANDIDATE TREE SET                      |
--------------------------------------------------------------------
Generating 98 parsimony trees... 0.101 second
Computing log-likelihood of 97 initial trees ... 0.466 seconds
Current best score: -13060.883

Do NNI search on 20 best initial trees
Estimate model parameters (epsilon = 0.100)
BETTER TREE FOUND at iteration 1: -13060.881
Iteration 10 / LogL: -13060.892 / Time: 0h:0m:0s
Iteration 20 / LogL: -13060.886 / Time: 0h:0m:1s
Finish initializing candidate tree set (1)
Current best tree score: -13060.881 / CPU time: 1.344
Number of iterations: 20
--------------------------------------------------------------------
|               OPTIMIZING CANDIDATE TREE SET                      |
--------------------------------------------------------------------
Iteration 30 / LogL: -13060.961 / Time: 0h:0m:1s (0h:0m:4s left)
Iteration 40 / LogL: -13060.929 / Time: 0h:0m:2s (0h:0m:3s left)
Iteration 50 / LogL: -13060.894 / Time: 0h:0m:2s (0h:0m:3s left)
Iteration 60 / LogL: -13061.278 / Time: 0h:0m:3s (0h:0m:2s left)
Iteration 70 / LogL: -13060.921 / Time: 0h:0m:3s (0h:0m:1s left)
Iteration 80 / LogL: -13060.900 / Time: 0h:0m:4s (0h:0m:1s left)
Iteration 90 / LogL: -13061.140 / Time: 0h:0m:4s (0h:0m:0s left)
Iteration 100 / LogL: -13060.882 / Time: 0h:0m:5s (0h:0m:0s left)
TREE SEARCH COMPLETED AFTER 102 ITERATIONS / Time: 0h:0m:5s

--------------------------------------------------------------------
|                    FINALIZING TREE SEARCH                        |
--------------------------------------------------------------------
Performs final model parameters optimization
Estimate model parameters (epsilon = 0.010)
1. Initial log-likelihood: -13060.881
Optimal log-likelihood: -13060.879
Rate parameters:  A-C: 1.57823  A-G: 4.08343  A-T: 1.47554  C-G: 1.33261  C-T: 4.63075  G-T: 1.00000
Base frequencies:  A: 0.272  C: 0.197  G: 0.242  T: 0.289
Gamma shape alpha: 0.685
Parameters optimization took 1 rounds (0.006 sec)
BEST SCORE FOUND : -13060.879

Testing tree branches by SH-like aLRT with 1000 replicates...
0.104 sec.
Total tree length: 1.876

Total number of iterations: 102
CPU time used for tree search: 7.209 sec (0h:0m:7s)
Wall-clock time used for tree search: 5.427 sec (0h:0m:5s)
Total CPU time used: 7.693 sec (0h:0m:7s)
Total wall-clock time used: 5.597 sec (0h:0m:5s)

Analysis results written to: 
  IQ-TREE report:                cluster2902rr.1to1ortho.fa.aln-cln_gene897.fa.iqtree
  Maximum-likelihood tree:       cluster2902rr.1to1ortho.fa.aln-cln_gene897.fa.treefile
  Likelihood distances:          cluster2902rr.1to1ortho.fa.aln-cln_gene897.fa.mldist
  Screen log file:               cluster2902rr.1to1ortho.fa.aln-cln_gene897.fa.log

Date and Time: Mon Nov 25 10:17:03 2019
