IQ-TREE multicore version 1.6.11 for Mac OS X 64-bit built Jul 12 2019
Developed by Bui Quang Minh, Nguyen Lam Tung, Olga Chernomor,
Heiko Schmidt, Dominik Schrempf, Michael Woodhams.

Host:    slpc437 (AVX2, FMA3, 16 GB RAM)
Command: iqtree -s cluster3014rr.1to1ortho.fa.aln-cln_gene75.fa -nt 4 -m GTR+G -alrt 1000
Seed:    620842 (Using SPRNG - Scalable Parallel Random Number Generator)
Time:    Mon Nov 25 10:20:03 2019
Kernel:  AVX+FMA - 4 threads (6 CPU cores detected)

Reading alignment file cluster3014rr.1to1ortho.fa.aln-cln_gene75.fa ... Fasta format detected
Alignment most likely contains DNA/RNA sequences
Alignment has 13 sequences with 1658 columns, 805 distinct patterns
608 parsimony-informative, 303 singleton sites, 747 constant sites
           Gap/Ambiguity  Composition  p-value
   1  DrolusSFB    2.71%    passed     92.99%
   2  Dino         2.47%    passed     99.05%
   3  MJM3360      9.29%    passed     60.26%
   4  DrobinSFB    2.17%    passed     85.87%
   5  Neam         1.75%    passed     89.72%
   6  RuprSFB      0.66%    passed     89.28%
   7  Retr         0.54%    passed     98.20%
   8  Beta         1.87%    passed     85.92%
   9  Spol         2.29%    passed     63.65%
  10  MJM1652      1.99%    passed     94.65%
  11  NepSFB       1.75%    passed     78.90%
  12  WPYJ         2.35%    passed     91.85%
  13  MJM2940      1.45%    passed     99.10%
****  TOTAL        2.41%  0 sequences failed composition chi2 test (p-value<5%; df=3)

Create initial parsimony tree by phylogenetic likelihood library (PLL)... 0.001 seconds

NOTE: 1 MB RAM (0 GB) is required!
Estimate model parameters (epsilon = 0.100)
1. Initial log-likelihood: -11552.395
2. Current log-likelihood: -11169.050
3. Current log-likelihood: -11167.227
Optimal log-likelihood: -11167.215
Rate parameters:  A-C: 1.49989  A-G: 4.20245  A-T: 1.66721  C-G: 1.19477  C-T: 5.13882  G-T: 1.00000
Base frequencies:  A: 0.294  C: 0.220  G: 0.238  T: 0.248
Gamma shape alpha: 0.620
Parameters optimization took 3 rounds (0.075 sec)
Computing ML distances based on estimated model parameters... 0.002 sec
Computing BIONJ tree...
0.002 seconds
Log-likelihood of BIONJ tree: -11160.304
--------------------------------------------------------------------
|             INITIALIZING CANDIDATE TREE SET                      |
--------------------------------------------------------------------
Generating 98 parsimony trees... 0.098 second
Computing log-likelihood of 98 initial trees ... 0.448 seconds
Current best score: -11160.304

Do NNI search on 20 best initial trees
Estimate model parameters (epsilon = 0.100)
BETTER TREE FOUND at iteration 1: -11157.959
Iteration 10 / LogL: -11157.968 / Time: 0h:0m:0s
Iteration 20 / LogL: -11158.017 / Time: 0h:0m:1s
Finish initializing candidate tree set (1)
Current best tree score: -11157.959 / CPU time: 1.158
Number of iterations: 20
--------------------------------------------------------------------
|               OPTIMIZING CANDIDATE TREE SET                      |
--------------------------------------------------------------------
UPDATE BEST LOG-LIKELIHOOD: -11157.959
Iteration 30 / LogL: -11158.295 / Time: 0h:0m:1s (0h:0m:4s left)
Iteration 40 / LogL: -11158.920 / Time: 0h:0m:2s (0h:0m:3s left)
Iteration 50 / LogL: -11159.521 / Time: 0h:0m:2s (0h:0m:2s left)
Iteration 60 / LogL: -11159.210 / Time: 0h:0m:2s (0h:0m:2s left)
Iteration 70 / LogL: -11158.380 / Time: 0h:0m:3s (0h:0m:1s left)
Iteration 80 / LogL: -11157.981 / Time: 0h:0m:3s (0h:0m:0s left)
Iteration 90 / LogL: -11158.231 / Time: 0h:0m:4s (0h:0m:0s left)
Iteration 100 / LogL: -11158.164 / Time: 0h:0m:4s (0h:0m:0s left)
TREE SEARCH COMPLETED AFTER 102 ITERATIONS / Time: 0h:0m:4s

--------------------------------------------------------------------
|                    FINALIZING TREE SEARCH                        |
--------------------------------------------------------------------
Performs final model parameters optimization
Estimate model parameters (epsilon = 0.010)
1. Initial log-likelihood: -11157.959
2. Current log-likelihood: -11157.942
Optimal log-likelihood: -11157.939
Rate parameters:  A-C: 1.53848  A-G: 4.32218  A-T: 1.70271  C-G: 1.22004  C-T: 5.25491  G-T: 1.00000
Base frequencies:  A: 0.294  C: 0.220  G: 0.238  T: 0.248
Gamma shape alpha: 0.621
Parameters optimization took 2 rounds (0.011 sec)
BEST SCORE FOUND : -11157.939

Testing tree branches by SH-like aLRT with 1000 replicates...
0.099 sec.
Total tree length: 1.593

Total number of iterations: 102
CPU time used for tree search: 5.680 sec (0h:0m:5s)
Wall-clock time used for tree search: 4.493 sec (0h:0m:4s)
Total CPU time used: 6.235 sec (0h:0m:6s)
Total wall-clock time used: 4.699 sec (0h:0m:4s)

Analysis results written to: 
  IQ-TREE report:                cluster3014rr.1to1ortho.fa.aln-cln_gene75.fa.iqtree
  Maximum-likelihood tree:       cluster3014rr.1to1ortho.fa.aln-cln_gene75.fa.treefile
  Likelihood distances:          cluster3014rr.1to1ortho.fa.aln-cln_gene75.fa.mldist
  Screen log file:               cluster3014rr.1to1ortho.fa.aln-cln_gene75.fa.log

Date and Time: Mon Nov 25 10:20:08 2019
