IQ-TREE multicore version 1.6.11 for Mac OS X 64-bit built Jul 12 2019
Developed by Bui Quang Minh, Nguyen Lam Tung, Olga Chernomor,
Heiko Schmidt, Dominik Schrempf, Michael Woodhams.

Host:    slpc437 (AVX2, FMA3, 16 GB RAM)
Command: iqtree -s cluster3408rr.1to1ortho.fa.aln-cln_gene757.fa -nt 4 -m GTR+G -alrt 1000
Seed:    981081 (Using SPRNG - Scalable Parallel Random Number Generator)
Time:    Mon Nov 25 10:29:42 2019
Kernel:  AVX+FMA - 4 threads (6 CPU cores detected)

Reading alignment file cluster3408rr.1to1ortho.fa.aln-cln_gene757.fa ... Fasta format detected
Alignment most likely contains DNA/RNA sequences
Alignment has 13 sequences with 1494 columns, 736 distinct patterns
574 parsimony-informative, 210 singleton sites, 710 constant sites
           Gap/Ambiguity  Composition  p-value
   1  DrolusSFB    0.20%    passed     92.94%
   2  Dino         2.07%    passed     68.93%
   3  MJM3360      2.07%    passed     96.45%
   4  DrobinSFB    1.61%    passed     42.88%
   5  Neam         0.20%    passed     81.65%
   6  RuprSFB      0.80%    passed     93.75%
   7  Retr        21.49%    passed     91.61%
   8  Beta         2.74%    passed     42.06%
   9  Spol         3.21%    passed     43.99%
  10  MJM1652      2.07%    passed     70.20%
  11  NepSFB       0.20%    passed     85.05%
  12  WPYJ         4.22%    passed     90.85%
  13  MJM2940      0.00%    passed     92.26%
****  TOTAL        3.15%  0 sequences failed composition chi2 test (p-value<5%; df=3)

Create initial parsimony tree by phylogenetic likelihood library (PLL)... 0.001 seconds

NOTE: 1 MB RAM (0 GB) is required!
Estimate model parameters (epsilon = 0.100)
1. Initial log-likelihood: -10439.143
2. Current log-likelihood: -10142.521
3. Current log-likelihood: -10073.938
4. Current log-likelihood: -10065.102
Optimal log-likelihood: -10065.021
Rate parameters:  A-C: 2.30959  A-G: 4.76761  A-T: 1.32658  C-G: 2.10475  C-T: 6.30835  G-T: 1.00000
Base frequencies:  A: 0.306  C: 0.174  G: 0.235  T: 0.286
Gamma shape alpha: 0.529
Parameters optimization took 4 rounds (0.079 sec)
Computing ML distances based on estimated model parameters... 0.001 sec
Computing BIONJ tree...
0.002 seconds
Log-likelihood of BIONJ tree: -10065.021
--------------------------------------------------------------------
|             INITIALIZING CANDIDATE TREE SET                      |
--------------------------------------------------------------------
Generating 99 parsimony trees... 0.090 second
Computing log-likelihood of 98 initial trees ... 0.438 seconds
Current best score: -10065.021

Do NNI search on 20 best initial trees
Estimate model parameters (epsilon = 0.100)
BETTER TREE FOUND at iteration 1: -10065.020
Iteration 10 / LogL: -10065.062 / Time: 0h:0m:0s
Iteration 20 / LogL: -10065.152 / Time: 0h:0m:1s
Finish initializing candidate tree set (1)
Current best tree score: -10065.020 / CPU time: 1.139
Number of iterations: 20
--------------------------------------------------------------------
|               OPTIMIZING CANDIDATE TREE SET                      |
--------------------------------------------------------------------
Iteration 30 / LogL: -10065.030 / Time: 0h:0m:1s (0h:0m:4s left)
Iteration 40 / LogL: -10065.067 / Time: 0h:0m:2s (0h:0m:3s left)
Iteration 50 / LogL: -10065.583 / Time: 0h:0m:2s (0h:0m:2s left)
Iteration 60 / LogL: -10065.035 / Time: 0h:0m:2s (0h:0m:2s left)
Iteration 70 / LogL: -10065.650 / Time: 0h:0m:3s (0h:0m:1s left)
UPDATE BEST LOG-LIKELIHOOD: -10065.020
Iteration 80 / LogL: -10065.020 / Time: 0h:0m:3s (0h:0m:0s left)
Iteration 90 / LogL: -10065.208 / Time: 0h:0m:4s (0h:0m:0s left)
UPDATE BEST LOG-LIKELIHOOD: -10065.020
Iteration 100 / LogL: -10065.103 / Time: 0h:0m:4s (0h:0m:0s left)
TREE SEARCH COMPLETED AFTER 102 ITERATIONS / Time: 0h:0m:4s

--------------------------------------------------------------------
|                    FINALIZING TREE SEARCH                        |
--------------------------------------------------------------------
Performs final model parameters optimization
Estimate model parameters (epsilon = 0.010)
1. Initial log-likelihood: -10065.020
Optimal log-likelihood: -10065.020
Rate parameters:  A-C: 2.30910  A-G: 4.76661  A-T: 1.32677  C-G: 2.10617  C-T: 6.30364  G-T: 1.00000
Base frequencies:  A: 0.306  C: 0.174  G: 0.235  T: 0.286
Gamma shape alpha: 0.529
Parameters optimization took 1 rounds (0.005 sec)
BEST SCORE FOUND : -10065.020

Testing tree branches by SH-like aLRT with 1000 replicates...
0.090 sec.
Total tree length: 1.660

Total number of iterations: 102
CPU time used for tree search: 5.488 sec (0h:0m:5s)
Wall-clock time used for tree search: 4.482 sec (0h:0m:4s)
Total CPU time used: 5.994 sec (0h:0m:5s)
Total wall-clock time used: 4.675 sec (0h:0m:4s)

Analysis results written to: 
  IQ-TREE report:                cluster3408rr.1to1ortho.fa.aln-cln_gene757.fa.iqtree
  Maximum-likelihood tree:       cluster3408rr.1to1ortho.fa.aln-cln_gene757.fa.treefile
  Likelihood distances:          cluster3408rr.1to1ortho.fa.aln-cln_gene757.fa.mldist
  Screen log file:               cluster3408rr.1to1ortho.fa.aln-cln_gene757.fa.log

Date and Time: Mon Nov 25 10:29:47 2019
