IQ-TREE multicore version 1.6.11 for Mac OS X 64-bit built Jul 12 2019
Developed by Bui Quang Minh, Nguyen Lam Tung, Olga Chernomor,
Heiko Schmidt, Dominik Schrempf, Michael Woodhams.

Host:    slpc437 (AVX2, FMA3, 16 GB RAM)
Command: iqtree -s cluster2065rr.1to1ortho.fa.aln-cln_gene900.fa -nt 4 -m GTR+G -alrt 1000
Seed:    13977 (Using SPRNG - Scalable Parallel Random Number Generator)
Time:    Mon Nov 25 09:55:50 2019
Kernel:  AVX+FMA - 4 threads (6 CPU cores detected)

Reading alignment file cluster2065rr.1to1ortho.fa.aln-cln_gene900.fa ... Fasta format detected
Alignment most likely contains DNA/RNA sequences
Alignment has 13 sequences with 1872 columns, 602 distinct patterns
487 parsimony-informative, 201 singleton sites, 1184 constant sites
           Gap/Ambiguity  Composition  p-value
   1  DrolusSFB    0.00%    passed     98.71%
   2  Dino         0.00%    passed     90.56%
   3  MJM3360      0.00%    passed     51.89%
   4  DrobinSFB    0.00%    passed     91.44%
   5  Neam         0.00%    passed     88.55%
   6  RuprSFB      0.00%    passed     73.54%
   7  Retr         0.00%    passed     94.90%
   8  Beta         0.00%    passed     78.46%
   9  Spol         0.00%    passed     91.50%
  10  MJM1652      0.00%    passed     89.81%
  11  NepSFB       5.34%    passed     94.80%
  12  WPYJ         1.28%    passed     99.82%
  13  MJM2940      0.00%    passed     96.31%
****  TOTAL        0.51%  0 sequences failed composition chi2 test (p-value<5%; df=3)

Create initial parsimony tree by phylogenetic likelihood library (PLL)... 0.001 seconds

NOTE: 1 MB RAM (0 GB) is required!
Estimate model parameters (epsilon = 0.100)
1. Initial log-likelihood: -10610.539
2. Current log-likelihood: -10077.844
3. Current log-likelihood: -10070.510
Optimal log-likelihood: -10070.417
Rate parameters:  A-C: 1.57976  A-G: 4.91034  A-T: 2.25986  C-G: 1.10537  C-T: 6.16010  G-T: 1.00000
Base frequencies:  A: 0.255  C: 0.202  G: 0.255  T: 0.288
Gamma shape alpha: 0.241
Parameters optimization took 3 rounds (0.037 sec)
Computing ML distances based on estimated model parameters... 0.001 sec
Computing BIONJ tree...
0.002 seconds
Log-likelihood of BIONJ tree: -10068.998
--------------------------------------------------------------------
|             INITIALIZING CANDIDATE TREE SET                      |
--------------------------------------------------------------------
Generating 98 parsimony trees... 0.087 second
Computing log-likelihood of 98 initial trees ... 0.407 seconds
Current best score: -10068.998

Do NNI search on 20 best initial trees
Estimate model parameters (epsilon = 0.100)
BETTER TREE FOUND at iteration 1: -10068.992
Estimate model parameters (epsilon = 0.100)
BETTER TREE FOUND at iteration 4: -10068.960
Iteration 10 / LogL: -10068.962 / Time: 0h:0m:0s
Iteration 20 / LogL: -10068.962 / Time: 0h:0m:1s
Finish initializing candidate tree set (2)
Current best tree score: -10068.960 / CPU time: 1.102
Number of iterations: 20
--------------------------------------------------------------------
|               OPTIMIZING CANDIDATE TREE SET                      |
--------------------------------------------------------------------
Iteration 30 / LogL: -10068.963 / Time: 0h:0m:1s (0h:0m:3s left)
Iteration 40 / LogL: -10068.964 / Time: 0h:0m:2s (0h:0m:3s left)
Iteration 50 / LogL: -10068.962 / Time: 0h:0m:2s (0h:0m:2s left)
Iteration 60 / LogL: -10068.961 / Time: 0h:0m:2s (0h:0m:2s left)
Iteration 70 / LogL: -10070.150 / Time: 0h:0m:3s (0h:0m:1s left)
Iteration 80 / LogL: -10068.993 / Time: 0h:0m:3s (0h:0m:1s left)
Iteration 90 / LogL: -10068.963 / Time: 0h:0m:4s (0h:0m:0s left)
Iteration 100 / LogL: -10068.982 / Time: 0h:0m:4s (0h:0m:0s left)
TREE SEARCH COMPLETED AFTER 105 ITERATIONS / Time: 0h:0m:4s

--------------------------------------------------------------------
|                    FINALIZING TREE SEARCH                        |
--------------------------------------------------------------------
Performs final model parameters optimization
Estimate model parameters (epsilon = 0.010)
1. Initial log-likelihood: -10068.960
Optimal log-likelihood: -10068.960
Rate parameters:  A-C: 1.59041  A-G: 4.92805  A-T: 2.24949  C-G: 1.10163  C-T: 6.17104  G-T: 1.00000
Base frequencies:  A: 0.255  C: 0.202  G: 0.255  T: 0.288
Gamma shape alpha: 0.242
Parameters optimization took 1 rounds (0.005 sec)
BEST SCORE FOUND : -10068.960

Testing tree branches by SH-like aLRT with 1000 replicates...
0.102 sec.
Total tree length: 1.170

Total number of iterations: 105
CPU time used for tree search: 5.305 sec (0h:0m:5s)
Wall-clock time used for tree search: 4.638 sec (0h:0m:4s)
Total CPU time used: 5.761 sec (0h:0m:5s)
Total wall-clock time used: 4.800 sec (0h:0m:4s)

Analysis results written to: 
  IQ-TREE report:                cluster2065rr.1to1ortho.fa.aln-cln_gene900.fa.iqtree
  Maximum-likelihood tree:       cluster2065rr.1to1ortho.fa.aln-cln_gene900.fa.treefile
  Likelihood distances:          cluster2065rr.1to1ortho.fa.aln-cln_gene900.fa.mldist
  Screen log file:               cluster2065rr.1to1ortho.fa.aln-cln_gene900.fa.log

Date and Time: Mon Nov 25 09:55:54 2019
