IQ-TREE multicore version 1.6.11 for Mac OS X 64-bit built Jul 12 2019
Developed by Bui Quang Minh, Nguyen Lam Tung, Olga Chernomor,
Heiko Schmidt, Dominik Schrempf, Michael Woodhams.

Host:    slpc437 (AVX2, FMA3, 16 GB RAM)
Command: iqtree -s cluster1888rr.1to1ortho.fa.aln-cln_gene838.fa -nt 4 -m GTR+G -alrt 1000
Seed:    960259 (Using SPRNG - Scalable Parallel Random Number Generator)
Time:    Mon Nov 25 09:51:17 2019
Kernel:  AVX+FMA - 4 threads (6 CPU cores detected)

Reading alignment file cluster1888rr.1to1ortho.fa.aln-cln_gene838.fa ... Fasta format detected
Alignment most likely contains DNA/RNA sequences
Alignment has 13 sequences with 1893 columns, 894 distinct patterns
691 parsimony-informative, 303 singleton sites, 899 constant sites
           Gap/Ambiguity  Composition  p-value
   1  DrolusSFB   12.68%    passed     72.84%
   2  Dino         4.12%    passed     98.73%
   3  MJM3360     15.37%    passed     78.09%
   4  DrobinSFB    9.19%    passed     43.43%
   5  Neam         0.48%    passed     35.34%
   6  RuprSFB     16.85%    passed     90.22%
   7  Retr        18.75%    passed     82.60%
   8  Beta         0.48%    passed     82.27%
   9  Spol         0.00%    passed     89.36%
  10  MJM1652      4.07%    passed     49.41%
  11  NepSFB      10.62%    passed     22.83%
  12  WPYJ        25.88%    passed     95.58%
  13  MJM2940      6.18%    passed     96.58%
****  TOTAL        9.59%  0 sequences failed composition chi2 test (p-value<5%; df=3)

Create initial parsimony tree by phylogenetic likelihood library (PLL)... 0.001 seconds

NOTE: 1 MB RAM (0 GB) is required!
Estimate model parameters (epsilon = 0.100)
1. Initial log-likelihood: -12297.241
2. Current log-likelihood: -11739.463
3. Current log-likelihood: -11734.664
Optimal log-likelihood: -11734.580
Rate parameters:  A-C: 2.22749  A-G: 5.86465  A-T: 2.29506  C-G: 1.54724  C-T: 8.04335  G-T: 1.00000
Base frequencies:  A: 0.281  C: 0.186  G: 0.252  T: 0.281
Gamma shape alpha: 0.519
Parameters optimization took 3 rounds (0.045 sec)
Computing ML distances based on estimated model parameters... 0.002 sec
Computing BIONJ tree...
0.003 seconds
Log-likelihood of BIONJ tree: -11734.580
--------------------------------------------------------------------
|             INITIALIZING CANDIDATE TREE SET                      |
--------------------------------------------------------------------
Generating 99 parsimony trees... 0.105 second
Computing log-likelihood of 99 initial trees ... 0.496 seconds
Current best score: -11733.596

Do NNI search on 20 best initial trees
Estimate model parameters (epsilon = 0.100)
BETTER TREE FOUND at iteration 1: -11732.909
Iteration 10 / LogL: -11732.937 / Time: 0h:0m:0s
Iteration 20 / LogL: -11733.031 / Time: 0h:0m:1s
Finish initializing candidate tree set (1)
Current best tree score: -11732.909 / CPU time: 1.234
Number of iterations: 20
--------------------------------------------------------------------
|               OPTIMIZING CANDIDATE TREE SET                      |
--------------------------------------------------------------------
Iteration 30 / LogL: -11733.164 / Time: 0h:0m:1s (0h:0m:4s left)
UPDATE BEST LOG-LIKELIHOOD: -11732.909
Iteration 40 / LogL: -11732.946 / Time: 0h:0m:2s (0h:0m:3s left)
Iteration 50 / LogL: -11733.135 / Time: 0h:0m:2s (0h:0m:2s left)
Iteration 60 / LogL: -11733.213 / Time: 0h:0m:3s (0h:0m:2s left)
Iteration 70 / LogL: -11732.976 / Time: 0h:0m:3s (0h:0m:1s left)
Iteration 80 / LogL: -11733.227 / Time: 0h:0m:4s (0h:0m:1s left)
Iteration 90 / LogL: -11733.006 / Time: 0h:0m:4s (0h:0m:0s left)
Iteration 100 / LogL: -11733.050 / Time: 0h:0m:4s (0h:0m:0s left)
TREE SEARCH COMPLETED AFTER 102 ITERATIONS / Time: 0h:0m:5s

--------------------------------------------------------------------
|                    FINALIZING TREE SEARCH                        |
--------------------------------------------------------------------
Performs final model parameters optimization
Estimate model parameters (epsilon = 0.010)
1. Initial log-likelihood: -11732.909
Optimal log-likelihood: -11732.906
Rate parameters:  A-C: 2.23269  A-G: 5.82198  A-T: 2.28849  C-G: 1.53235  C-T: 8.10676  G-T: 1.00000
Base frequencies:  A: 0.281  C: 0.186  G: 0.252  T: 0.281
Gamma shape alpha: 0.517
Parameters optimization took 1 rounds (0.006 sec)
BEST SCORE FOUND : -11732.906

Testing tree branches by SH-like aLRT with 1000 replicates...
0.109 sec.
Total tree length: 1.741

Total number of iterations: 102
CPU time used for tree search: 6.492 sec (0h:0m:6s)
Wall-clock time used for tree search: 5.013 sec (0h:0m:5s)
Total CPU time used: 7.004 sec (0h:0m:7s)
Total wall-clock time used: 5.197 sec (0h:0m:5s)

Analysis results written to: 
  IQ-TREE report:                cluster1888rr.1to1ortho.fa.aln-cln_gene838.fa.iqtree
  Maximum-likelihood tree:       cluster1888rr.1to1ortho.fa.aln-cln_gene838.fa.treefile
  Likelihood distances:          cluster1888rr.1to1ortho.fa.aln-cln_gene838.fa.mldist
  Screen log file:               cluster1888rr.1to1ortho.fa.aln-cln_gene838.fa.log

Date and Time: Mon Nov 25 09:51:23 2019
