IQ-TREE multicore version 1.6.11 for Mac OS X 64-bit built Jul 12 2019
Developed by Bui Quang Minh, Nguyen Lam Tung, Olga Chernomor,
Heiko Schmidt, Dominik Schrempf, Michael Woodhams.

Host:    slpc437 (AVX2, FMA3, 16 GB RAM)
Command: iqtree -s cluster820rr.1to1ortho.fa.aln-cln_gene259.fa -nt 4 -m GTR+G -alrt 1000
Seed:    31341 (Using SPRNG - Scalable Parallel Random Number Generator)
Time:    Mon Nov 25 11:13:28 2019
Kernel:  AVX+FMA - 4 threads (6 CPU cores detected)

Reading alignment file cluster820rr.1to1ortho.fa.aln-cln_gene259.fa ... Fasta format detected
Alignment most likely contains DNA/RNA sequences
Alignment has 13 sequences with 1014 columns, 479 distinct patterns
361 parsimony-informative, 155 singleton sites, 498 constant sites
           Gap/Ambiguity  Composition  p-value
   1  DrolusSFB    0.39%    passed     97.62%
   2  Dino         8.78%    passed     19.82%
   3  MJM3360      9.57%    passed     58.99%
   4  DrobinSFB    7.59%    passed     14.23%
   5  Neam         0.10%    passed     83.05%
   6  RuprSFB      7.89%    passed     89.74%
   7  Retr         9.47%    passed     84.95%
   8  Beta         7.79%    passed     99.22%
   9  Spol         7.79%    passed     87.43%
  10  MJM1652      9.86%    passed     85.16%
  11  NepSFB       0.10%    passed     77.67%
  12  WPYJ        13.02%    passed     94.82%
  13  MJM2940      0.10%    passed     98.02%
****  TOTAL        6.34%  0 sequences failed composition chi2 test (p-value<5%; df=3)

Create initial parsimony tree by phylogenetic likelihood library (PLL)... 0.001 seconds

NOTE: 0 MB RAM (0 GB) is required!
Estimate model parameters (epsilon = 0.100)
1. Initial log-likelihood: -6706.200
2. Current log-likelihood: -6467.776
3. Current log-likelihood: -6465.390
Optimal log-likelihood: -6465.341
Rate parameters:  A-C: 1.24602  A-G: 3.75556  A-T: 1.40885  C-G: 0.93874  C-T: 4.48431  G-T: 1.00000
Base frequencies:  A: 0.282  C: 0.195  G: 0.269  T: 0.253
Gamma shape alpha: 0.498
Parameters optimization took 3 rounds (0.031 sec)
Computing ML distances based on estimated model parameters... 0.001 sec
Computing BIONJ tree...
0.002 seconds
Log-likelihood of BIONJ tree: -6457.172
--------------------------------------------------------------------
|             INITIALIZING CANDIDATE TREE SET                      |
--------------------------------------------------------------------
Generating 98 parsimony trees... 0.076 second
Computing log-likelihood of 98 initial trees ... 0.416 seconds
Current best score: -6455.393

Do NNI search on 20 best initial trees
Estimate model parameters (epsilon = 0.100)
BETTER TREE FOUND at iteration 1: -6455.360
Iteration 10 / LogL: -6455.377 / Time: 0h:0m:0s
Iteration 20 / LogL: -6455.415 / Time: 0h:0m:1s
Finish initializing candidate tree set (2)
Current best tree score: -6455.360 / CPU time: 0.953
Number of iterations: 20
--------------------------------------------------------------------
|               OPTIMIZING CANDIDATE TREE SET                      |
--------------------------------------------------------------------
Iteration 30 / LogL: -6455.369 / Time: 0h:0m:1s (0h:0m:3s left)
Iteration 40 / LogL: -6455.369 / Time: 0h:0m:1s (0h:0m:2s left)
Iteration 50 / LogL: -6455.391 / Time: 0h:0m:2s (0h:0m:2s left)
Iteration 60 / LogL: -6455.663 / Time: 0h:0m:2s (0h:0m:1s left)
Iteration 70 / LogL: -6455.365 / Time: 0h:0m:3s (0h:0m:1s left)
Iteration 80 / LogL: -6455.364 / Time: 0h:0m:3s (0h:0m:0s left)
Iteration 90 / LogL: -6465.908 / Time: 0h:0m:3s (0h:0m:0s left)
Iteration 100 / LogL: -6455.365 / Time: 0h:0m:4s (0h:0m:0s left)
TREE SEARCH COMPLETED AFTER 102 ITERATIONS / Time: 0h:0m:4s

--------------------------------------------------------------------
|                    FINALIZING TREE SEARCH                        |
--------------------------------------------------------------------
Performs final model parameters optimization
Estimate model parameters (epsilon = 0.010)
1. Initial log-likelihood: -6455.360
2. Current log-likelihood: -6455.349
Optimal log-likelihood: -6455.345
Rate parameters:  A-C: 1.24955  A-G: 3.82351  A-T: 1.45077  C-G: 0.95385  C-T: 4.56337  G-T: 1.00000
Base frequencies:  A: 0.282  C: 0.195  G: 0.269  T: 0.253
Gamma shape alpha: 0.497
Parameters optimization took 2 rounds (0.009 sec)
BEST SCORE FOUND : -6455.345

Testing tree branches by SH-like aLRT with 1000 replicates...
0.067 sec.
Total tree length: 1.679

Total number of iterations: 102
CPU time used for tree search: 4.400 sec (0h:0m:4s)
Wall-clock time used for tree search: 4.228 sec (0h:0m:4s)
Total CPU time used: 4.698 sec (0h:0m:4s)
Total wall-clock time used: 4.353 sec (0h:0m:4s)

Analysis results written to: 
  IQ-TREE report:                cluster820rr.1to1ortho.fa.aln-cln_gene259.fa.iqtree
  Maximum-likelihood tree:       cluster820rr.1to1ortho.fa.aln-cln_gene259.fa.treefile
  Likelihood distances:          cluster820rr.1to1ortho.fa.aln-cln_gene259.fa.mldist
  Screen log file:               cluster820rr.1to1ortho.fa.aln-cln_gene259.fa.log

Date and Time: Mon Nov 25 11:13:32 2019
