IQ-TREE multicore version 1.6.11 for Mac OS X 64-bit built Jul 12 2019
Developed by Bui Quang Minh, Nguyen Lam Tung, Olga Chernomor,
Heiko Schmidt, Dominik Schrempf, Michael Woodhams.

Host:    slpc437 (AVX2, FMA3, 16 GB RAM)
Command: iqtree -s cluster2819rr.1to1ortho.fa.aln-cln_gene1072.fa -nt 4 -m GTR+G -alrt 1000
Seed:    939729 (Using SPRNG - Scalable Parallel Random Number Generator)
Time:    Mon Nov 25 10:14:15 2019
Kernel:  AVX+FMA - 4 threads (6 CPU cores detected)

Reading alignment file cluster2819rr.1to1ortho.fa.aln-cln_gene1072.fa ... Fasta format detected
Alignment most likely contains DNA/RNA sequences
Alignment has 13 sequences with 1197 columns, 610 distinct patterns
427 parsimony-informative, 207 singleton sites, 563 constant sites
           Gap/Ambiguity  Composition  p-value
   1  DrolusSFB   12.87%    passed     99.15%
   2  Dino         3.68%    passed     93.49%
   3  MJM3360     12.78%    passed     20.69%
   4  DrobinSFB    0.00%    passed     42.33%
   5  Neam         0.00%    passed     79.91%
   6  RuprSFB     12.87%    passed     93.83%
   7  Retr        24.31%    passed     89.45%
   8  Beta        12.78%    passed     72.90%
   9  Spol        12.78%    passed     68.67%
  10  MJM1652      0.00%    passed     80.22%
  11  NepSFB       0.00%    passed     90.57%
  12  WPYJ        50.79%    passed     21.04%
  13  MJM2940      2.67%    passed     85.29%
WARNING: 1 sequences contain more than 50% gaps/ambiguity
****  TOTAL       11.19%  0 sequences failed composition chi2 test (p-value<5%; df=3)

Create initial parsimony tree by phylogenetic likelihood library (PLL)... 0.001 seconds

NOTE: 1 MB RAM (0 GB) is required!
Estimate model parameters (epsilon = 0.100)
1. Initial log-likelihood: -8034.397
2. Current log-likelihood: -7707.745
3. Current log-likelihood: -7702.415
4. Current log-likelihood: -7702.310
Optimal log-likelihood: -7702.288
Rate parameters:  A-C: 1.91620  A-G: 3.99850  A-T: 1.01672  C-G: 1.39936  C-T: 5.40926  G-T: 1.00000
Base frequencies:  A: 0.288  C: 0.183  G: 0.246  T: 0.283
Gamma shape alpha: 0.489
Parameters optimization took 4 rounds (0.049 sec)
Computing ML distances based on estimated model parameters... 0.001 sec
Computing BIONJ tree...
0.002 seconds
Log-likelihood of BIONJ tree: -7706.542
--------------------------------------------------------------------
|             INITIALIZING CANDIDATE TREE SET                      |
--------------------------------------------------------------------
Generating 98 parsimony trees... 0.088 second
Computing log-likelihood of 98 initial trees ... 0.436 seconds
Current best score: -7702.120

Do NNI search on 20 best initial trees
Estimate model parameters (epsilon = 0.100)
BETTER TREE FOUND at iteration 1: -7701.521
Iteration 10 / LogL: -7701.525 / Time: 0h:0m:0s
Iteration 20 / LogL: -7701.524 / Time: 0h:0m:1s
Finish initializing candidate tree set (1)
Current best tree score: -7701.521 / CPU time: 1.114
Number of iterations: 20
--------------------------------------------------------------------
|               OPTIMIZING CANDIDATE TREE SET                      |
--------------------------------------------------------------------
Iteration 30 / LogL: -7701.521 / Time: 0h:0m:1s (0h:0m:4s left)
Iteration 40 / LogL: -7701.528 / Time: 0h:0m:2s (0h:0m:3s left)
Iteration 50 / LogL: -7701.527 / Time: 0h:0m:2s (0h:0m:2s left)
Iteration 60 / LogL: -7701.552 / Time: 0h:0m:3s (0h:0m:2s left)
Iteration 70 / LogL: -7701.522 / Time: 0h:0m:3s (0h:0m:1s left)
Iteration 80 / LogL: -7701.521 / Time: 0h:0m:3s (0h:0m:1s left)
Iteration 90 / LogL: -7701.522 / Time: 0h:0m:4s (0h:0m:0s left)
Iteration 100 / LogL: -7701.533 / Time: 0h:0m:4s (0h:0m:0s left)
TREE SEARCH COMPLETED AFTER 102 ITERATIONS / Time: 0h:0m:4s

--------------------------------------------------------------------
|                    FINALIZING TREE SEARCH                        |
--------------------------------------------------------------------
Performs final model parameters optimization
Estimate model parameters (epsilon = 0.010)
1. Initial log-likelihood: -7701.521
Optimal log-likelihood: -7701.518
Rate parameters:  A-C: 1.89038  A-G: 4.00433  A-T: 1.01465  C-G: 1.40289  C-T: 5.41571  G-T: 1.00000
Base frequencies:  A: 0.288  C: 0.183  G: 0.246  T: 0.283
Gamma shape alpha: 0.489
Parameters optimization took 1 rounds (0.005 sec)
BEST SCORE FOUND : -7701.518

Testing tree branches by SH-like aLRT with 1000 replicates...
0.074 sec.
Total tree length: 1.990

Total number of iterations: 102
CPU time used for tree search: 5.501 sec (0h:0m:5s)
Wall-clock time used for tree search: 4.839 sec (0h:0m:4s)
Total CPU time used: 5.875 sec (0h:0m:5s)
Total wall-clock time used: 4.989 sec (0h:0m:4s)

Analysis results written to: 
  IQ-TREE report:                cluster2819rr.1to1ortho.fa.aln-cln_gene1072.fa.iqtree
  Maximum-likelihood tree:       cluster2819rr.1to1ortho.fa.aln-cln_gene1072.fa.treefile
  Likelihood distances:          cluster2819rr.1to1ortho.fa.aln-cln_gene1072.fa.mldist
  Screen log file:               cluster2819rr.1to1ortho.fa.aln-cln_gene1072.fa.log

Date and Time: Mon Nov 25 10:14:20 2019
