IQ-TREE multicore version 1.6.11 for Mac OS X 64-bit built Jul 12 2019
Developed by Bui Quang Minh, Nguyen Lam Tung, Olga Chernomor,
Heiko Schmidt, Dominik Schrempf, Michael Woodhams.

Host:    slpc437 (AVX2, FMA3, 16 GB RAM)
Command: iqtree -s cluster4319rr.1to1ortho.fa.aln-cln_gene263.fa -nt 4 -m GTR+G -alrt 1000
Seed:    686244 (Using SPRNG - Scalable Parallel Random Number Generator)
Time:    Mon Nov 25 10:49:17 2019
Kernel:  AVX+FMA - 4 threads (6 CPU cores detected)

Reading alignment file cluster4319rr.1to1ortho.fa.aln-cln_gene263.fa ... Fasta format detected
Alignment most likely contains DNA/RNA sequences
Alignment has 13 sequences with 1137 columns, 618 distinct patterns
444 parsimony-informative, 181 singleton sites, 512 constant sites
           Gap/Ambiguity  Composition  p-value
   1  DrolusSFB    0.00%    passed     91.90%
   2  Dino         0.88%    passed     19.49%
   3  MJM3360      0.18%    passed     11.54%
   4  DrobinSFB    9.76%    passed     52.87%
   5  Neam         0.00%    passed     79.47%
   6  RuprSFB      2.02%    passed     57.00%
   7  Retr         2.11%    passed     67.24%
   8  Beta         1.85%    passed     62.41%
   9  Spol         2.02%    passed     56.02%
  10  MJM1652     60.60%    passed     81.67%
  11  NepSFB       0.00%    passed     74.60%
  12  WPYJ        25.59%    passed     75.05%
  13  MJM2940      0.18%    passed     72.35%
WARNING: 1 sequences contain more than 50% gaps/ambiguity
****  TOTAL        8.09%  0 sequences failed composition chi2 test (p-value<5%; df=3)

Create initial parsimony tree by phylogenetic likelihood library (PLL)... 0.001 seconds

NOTE: 1 MB RAM (0 GB) is required!
Estimate model parameters (epsilon = 0.100)
1. Initial log-likelihood: -8129.776
2. Current log-likelihood: -7810.059
3. Current log-likelihood: -7807.836
Optimal log-likelihood: -7807.792
Rate parameters:  A-C: 2.44600  A-G: 5.37188  A-T: 2.06157  C-G: 1.84871  C-T: 7.33428  G-T: 1.00000
Base frequencies:  A: 0.253  C: 0.193  G: 0.271  T: 0.283
Gamma shape alpha: 0.561
Parameters optimization took 3 rounds (0.038 sec)
Computing ML distances based on estimated model parameters... 0.001 sec
Computing BIONJ tree...
0.002 seconds
Log-likelihood of BIONJ tree: -7798.391
--------------------------------------------------------------------
|             INITIALIZING CANDIDATE TREE SET                      |
--------------------------------------------------------------------
Generating 98 parsimony trees... 0.083 second
Computing log-likelihood of 98 initial trees ... 0.429 seconds
Current best score: -7798.391

Do NNI search on 20 best initial trees
Estimate model parameters (epsilon = 0.100)
BETTER TREE FOUND at iteration 1: -7797.822
Iteration 10 / LogL: -7797.847 / Time: 0h:0m:0s
Iteration 20 / LogL: -7798.022 / Time: 0h:0m:1s
Finish initializing candidate tree set (2)
Current best tree score: -7797.822 / CPU time: 1.265
Number of iterations: 20
--------------------------------------------------------------------
|               OPTIMIZING CANDIDATE TREE SET                      |
--------------------------------------------------------------------
UPDATE BEST LOG-LIKELIHOOD: -7797.822
UPDATE BEST LOG-LIKELIHOOD: -7797.822
Iteration 30 / LogL: -7802.040 / Time: 0h:0m:1s (0h:0m:4s left)
Iteration 40 / LogL: -7799.090 / Time: 0h:0m:2s (0h:0m:3s left)
Iteration 50 / LogL: -7802.068 / Time: 0h:0m:2s (0h:0m:2s left)
Iteration 60 / LogL: -7802.109 / Time: 0h:0m:2s (0h:0m:2s left)
Iteration 70 / LogL: -7797.939 / Time: 0h:0m:3s (0h:0m:1s left)
Iteration 80 / LogL: -7802.044 / Time: 0h:0m:3s (0h:0m:0s left)
Iteration 90 / LogL: -7797.832 / Time: 0h:0m:4s (0h:0m:0s left)
Iteration 100 / LogL: -7802.039 / Time: 0h:0m:4s (0h:0m:0s left)
TREE SEARCH COMPLETED AFTER 102 ITERATIONS / Time: 0h:0m:4s

--------------------------------------------------------------------
|                    FINALIZING TREE SEARCH                        |
--------------------------------------------------------------------
Performs final model parameters optimization
Estimate model parameters (epsilon = 0.010)
1. Initial log-likelihood: -7797.822
Optimal log-likelihood: -7797.822
Rate parameters:  A-C: 2.41369  A-G: 5.34070  A-T: 2.06467  C-G: 1.89785  C-T: 7.35282  G-T: 1.00000
Base frequencies:  A: 0.253  C: 0.193  G: 0.271  T: 0.283
Gamma shape alpha: 0.558
Parameters optimization took 1 rounds (0.005 sec)
BEST SCORE FOUND : -7797.822

Testing tree branches by SH-like aLRT with 1000 replicates...
0.074 sec.
Total tree length: 1.907

Total number of iterations: 102
CPU time used for tree search: 5.214 sec (0h:0m:5s)
Wall-clock time used for tree search: 4.535 sec (0h:0m:4s)
Total CPU time used: 5.555 sec (0h:0m:5s)
Total wall-clock time used: 4.672 sec (0h:0m:4s)

Analysis results written to: 
  IQ-TREE report:                cluster4319rr.1to1ortho.fa.aln-cln_gene263.fa.iqtree
  Maximum-likelihood tree:       cluster4319rr.1to1ortho.fa.aln-cln_gene263.fa.treefile
  Likelihood distances:          cluster4319rr.1to1ortho.fa.aln-cln_gene263.fa.mldist
  Screen log file:               cluster4319rr.1to1ortho.fa.aln-cln_gene263.fa.log

Date and Time: Mon Nov 25 10:49:22 2019
