IQ-TREE multicore version 1.6.11 for Mac OS X 64-bit built Jul 12 2019
Developed by Bui Quang Minh, Nguyen Lam Tung, Olga Chernomor,
Heiko Schmidt, Dominik Schrempf, Michael Woodhams.

Host:    slpc437 (AVX2, FMA3, 16 GB RAM)
Command: iqtree -s cluster3647rr.1to1ortho.fa.aln-cln_gene725.fa -nt 4 -m GTR+G -alrt 1000
Seed:    836477 (Using SPRNG - Scalable Parallel Random Number Generator)
Time:    Mon Nov 25 10:33:36 2019
Kernel:  AVX+FMA - 4 threads (6 CPU cores detected)

Reading alignment file cluster3647rr.1to1ortho.fa.aln-cln_gene725.fa ... Fasta format detected
Alignment most likely contains DNA/RNA sequences
Alignment has 13 sequences with 1878 columns, 750 distinct patterns
609 parsimony-informative, 250 singleton sites, 1019 constant sites
           Gap/Ambiguity  Composition  p-value
   1  DrolusSFB    0.37%    passed     82.62%
   2  Dino         1.60%    passed     84.77%
   3  MJM3360      3.78%    passed     95.42%
   4  DrobinSFB    4.69%    passed     91.30%
   5  Neam         0.16%    passed     93.35%
   6  RuprSFB      2.66%    passed     88.87%
   7  Retr         0.32%    passed     87.68%
   8  Beta         4.31%    passed     88.91%
   9  Spol         4.26%    passed     84.77%
  10  MJM1652      0.00%    passed     85.52%
  11  NepSFB       4.15%    passed     96.03%
  12  WPYJ         0.96%    passed     90.44%
  13  MJM2940      0.21%    passed     64.40%
****  TOTAL        2.11%  0 sequences failed composition chi2 test (p-value<5%; df=3)

Create initial parsimony tree by phylogenetic likelihood library (PLL)... 0.001 seconds

NOTE: 1 MB RAM (0 GB) is required!
Estimate model parameters (epsilon = 0.100)
1. Initial log-likelihood: -11891.343
2. Current log-likelihood: -11434.631
3. Current log-likelihood: -11431.924
Optimal log-likelihood: -11431.883
Rate parameters:  A-C: 1.85189  A-G: 3.88078  A-T: 1.70914  C-G: 1.35628  C-T: 6.27742  G-T: 1.00000
Base frequencies:  A: 0.285  C: 0.187  G: 0.264  T: 0.265
Gamma shape alpha: 0.398
Parameters optimization took 3 rounds (0.046 sec)
Computing ML distances based on estimated model parameters... 0.001 sec
Computing BIONJ tree...
0.002 seconds
Log-likelihood of BIONJ tree: -11431.473
--------------------------------------------------------------------
|             INITIALIZING CANDIDATE TREE SET                      |
--------------------------------------------------------------------
Generating 98 parsimony trees... 0.107 second
Computing log-likelihood of 98 initial trees ... 0.436 seconds
Current best score: -11431.473

Do NNI search on 20 best initial trees
Estimate model parameters (epsilon = 0.100)
BETTER TREE FOUND at iteration 1: -11429.948
Iteration 10 / LogL: -11430.304 / Time: 0h:0m:0s
Iteration 20 / LogL: -11429.959 / Time: 0h:0m:1s
Finish initializing candidate tree set (1)
Current best tree score: -11429.948 / CPU time: 1.167
Number of iterations: 20
--------------------------------------------------------------------
|               OPTIMIZING CANDIDATE TREE SET                      |
--------------------------------------------------------------------
Iteration 30 / LogL: -11429.956 / Time: 0h:0m:1s (0h:0m:4s left)
Iteration 40 / LogL: -11429.955 / Time: 0h:0m:2s (0h:0m:3s left)
Iteration 50 / LogL: -11430.152 / Time: 0h:0m:2s (0h:0m:2s left)
Iteration 60 / LogL: -11430.667 / Time: 0h:0m:2s (0h:0m:1s left)
Iteration 70 / LogL: -11430.121 / Time: 0h:0m:3s (0h:0m:1s left)
Iteration 80 / LogL: -11430.614 / Time: 0h:0m:3s (0h:0m:0s left)
Iteration 90 / LogL: -11429.963 / Time: 0h:0m:4s (0h:0m:0s left)
Iteration 100 / LogL: -11429.949 / Time: 0h:0m:4s (0h:0m:0s left)
TREE SEARCH COMPLETED AFTER 102 ITERATIONS / Time: 0h:0m:4s

--------------------------------------------------------------------
|                    FINALIZING TREE SEARCH                        |
--------------------------------------------------------------------
Performs final model parameters optimization
Estimate model parameters (epsilon = 0.010)
1. Initial log-likelihood: -11429.948
Optimal log-likelihood: -11429.948
Rate parameters:  A-C: 1.85928  A-G: 3.88368  A-T: 1.73701  C-G: 1.36478  C-T: 6.27915  G-T: 1.00000
Base frequencies:  A: 0.285  C: 0.187  G: 0.264  T: 0.265
Gamma shape alpha: 0.400
Parameters optimization took 1 rounds (0.005 sec)
BEST SCORE FOUND : -11429.948

Testing tree branches by SH-like aLRT with 1000 replicates...
0.108 sec.
Total tree length: 1.382

Total number of iterations: 102
CPU time used for tree search: 5.675 sec (0h:0m:5s)
Wall-clock time used for tree search: 4.613 sec (0h:0m:4s)
Total CPU time used: 6.174 sec (0h:0m:6s)
Total wall-clock time used: 4.792 sec (0h:0m:4s)

Analysis results written to: 
  IQ-TREE report:                cluster3647rr.1to1ortho.fa.aln-cln_gene725.fa.iqtree
  Maximum-likelihood tree:       cluster3647rr.1to1ortho.fa.aln-cln_gene725.fa.treefile
  Likelihood distances:          cluster3647rr.1to1ortho.fa.aln-cln_gene725.fa.mldist
  Screen log file:               cluster3647rr.1to1ortho.fa.aln-cln_gene725.fa.log

Date and Time: Mon Nov 25 10:33:41 2019
