IQ-TREE multicore version 1.6.11 for Mac OS X 64-bit built Jul 12 2019
Developed by Bui Quang Minh, Nguyen Lam Tung, Olga Chernomor,
Heiko Schmidt, Dominik Schrempf, Michael Woodhams.

Host:    slpc437 (AVX2, FMA3, 16 GB RAM)
Command: iqtree -s cluster3051rr.1to1ortho.fa.aln-cln_gene211.fa -nt 4 -m GTR+G -alrt 1000
Seed:    642562 (Using SPRNG - Scalable Parallel Random Number Generator)
Time:    Mon Nov 25 10:21:17 2019
Kernel:  AVX+FMA - 4 threads (6 CPU cores detected)

Reading alignment file cluster3051rr.1to1ortho.fa.aln-cln_gene211.fa ... Fasta format detected
Alignment most likely contains DNA/RNA sequences
Alignment has 13 sequences with 1197 columns, 561 distinct patterns
391 parsimony-informative, 175 singleton sites, 631 constant sites
           Gap/Ambiguity  Composition  p-value
   1  DrolusSFB    0.00%    passed     94.88%
   2  Dino         0.00%    passed     89.79%
   3  MJM3360      2.51%    passed     88.20%
   4  DrobinSFB    2.09%    passed     57.06%
   5  Neam         0.00%    passed     78.88%
   6  RuprSFB      0.08%    passed     59.42%
   7  Retr         1.00%    passed     49.29%
   8  Beta        34.34%    passed     18.62%
   9  Spol         2.09%    passed     82.80%
  10  MJM1652      0.00%    passed     97.03%
  11  NepSFB       0.00%    passed     79.77%
  12  WPYJ        15.29%    passed     63.64%
  13  MJM2940      0.58%    passed     99.88%
****  TOTAL        4.46%  0 sequences failed composition chi2 test (p-value<5%; df=3)

Create initial parsimony tree by phylogenetic likelihood library (PLL)... 0.001 seconds

NOTE: 0 MB RAM (0 GB) is required!
Estimate model parameters (epsilon = 0.100)
1. Initial log-likelihood: -7850.078
2. Current log-likelihood: -7528.838
3. Current log-likelihood: -7525.186
Optimal log-likelihood: -7525.145
Rate parameters:  A-C: 2.60754  A-G: 5.83891  A-T: 2.44253  C-G: 1.78914  C-T: 7.59259  G-T: 1.00000
Base frequencies:  A: 0.264  C: 0.215  G: 0.238  T: 0.283
Gamma shape alpha: 0.379
Parameters optimization took 3 rounds (0.036 sec)
Computing ML distances based on estimated model parameters... 0.001 sec
Computing BIONJ tree...
0.002 seconds
Log-likelihood of BIONJ tree: -7525.854
--------------------------------------------------------------------
|             INITIALIZING CANDIDATE TREE SET                      |
--------------------------------------------------------------------
Generating 98 parsimony trees... 0.087 second
Computing log-likelihood of 98 initial trees ... 0.418 seconds
Current best score: -7520.331

Do NNI search on 20 best initial trees
Estimate model parameters (epsilon = 0.100)
BETTER TREE FOUND at iteration 1: -7520.161
Iteration 10 / LogL: -7520.166 / Time: 0h:0m:0s
Iteration 20 / LogL: -7520.164 / Time: 0h:0m:1s
Finish initializing candidate tree set (1)
Current best tree score: -7520.161 / CPU time: 1.260
Number of iterations: 20
--------------------------------------------------------------------
|               OPTIMIZING CANDIDATE TREE SET                      |
--------------------------------------------------------------------
Iteration 30 / LogL: -7520.276 / Time: 0h:0m:1s (0h:0m:4s left)
Iteration 40 / LogL: -7521.617 / Time: 0h:0m:2s (0h:0m:3s left)
Iteration 50 / LogL: -7520.358 / Time: 0h:0m:2s (0h:0m:2s left)
UPDATE BEST LOG-LIKELIHOOD: -7520.160
Iteration 60 / LogL: -7520.267 / Time: 0h:0m:2s (0h:0m:1s left)
Iteration 70 / LogL: -7520.173 / Time: 0h:0m:3s (0h:0m:1s left)
Iteration 80 / LogL: -7520.211 / Time: 0h:0m:3s (0h:0m:0s left)
Iteration 90 / LogL: -7520.220 / Time: 0h:0m:3s (0h:0m:0s left)
Iteration 100 / LogL: -7520.177 / Time: 0h:0m:4s (0h:0m:0s left)
TREE SEARCH COMPLETED AFTER 102 ITERATIONS / Time: 0h:0m:4s

--------------------------------------------------------------------
|                    FINALIZING TREE SEARCH                        |
--------------------------------------------------------------------
Performs final model parameters optimization
Estimate model parameters (epsilon = 0.010)
1. Initial log-likelihood: -7520.160
Optimal log-likelihood: -7520.160
Rate parameters:  A-C: 2.65591  A-G: 6.02118  A-T: 2.48398  C-G: 1.83704  C-T: 7.91413  G-T: 1.00000
Base frequencies:  A: 0.264  C: 0.215  G: 0.238  T: 0.283
Gamma shape alpha: 0.380
Parameters optimization took 1 rounds (0.005 sec)
BEST SCORE FOUND : -7520.160

Testing tree branches by SH-like aLRT with 1000 replicates...
0.074 sec.
Total tree length: 1.589

Total number of iterations: 102
CPU time used for tree search: 4.823 sec (0h:0m:4s)
Wall-clock time used for tree search: 4.353 sec (0h:0m:4s)
Total CPU time used: 5.162 sec (0h:0m:5s)
Total wall-clock time used: 4.487 sec (0h:0m:4s)

Analysis results written to: 
  IQ-TREE report:                cluster3051rr.1to1ortho.fa.aln-cln_gene211.fa.iqtree
  Maximum-likelihood tree:       cluster3051rr.1to1ortho.fa.aln-cln_gene211.fa.treefile
  Likelihood distances:          cluster3051rr.1to1ortho.fa.aln-cln_gene211.fa.mldist
  Screen log file:               cluster3051rr.1to1ortho.fa.aln-cln_gene211.fa.log

Date and Time: Mon Nov 25 10:21:22 2019
