IQ-TREE multicore version 1.6.11 for Mac OS X 64-bit built Jul 12 2019
Developed by Bui Quang Minh, Nguyen Lam Tung, Olga Chernomor,
Heiko Schmidt, Dominik Schrempf, Michael Woodhams.

Host:    slpc437 (AVX2, FMA3, 16 GB RAM)
Command: iqtree -s cluster4021rr.1to1ortho.fa.aln-cln_gene804.fa -nt 4 -m GTR+G -alrt 1000
Seed:    308881 (Using SPRNG - Scalable Parallel Random Number Generator)
Time:    Mon Nov 25 10:43:21 2019
Kernel:  AVX+FMA - 4 threads (6 CPU cores detected)

Reading alignment file cluster4021rr.1to1ortho.fa.aln-cln_gene804.fa ... Fasta format detected
Alignment most likely contains DNA/RNA sequences
Alignment has 13 sequences with 1395 columns, 624 distinct patterns
449 parsimony-informative, 194 singleton sites, 751 constant sites
           Gap/Ambiguity  Composition  p-value
   1  DrolusSFB    0.00%    passed     89.80%
   2  Dino         0.00%    passed     24.07%
   3  MJM3360     11.90%    passed     20.86%
   4  DrobinSFB    8.67%    passed     33.66%
   5  Neam         0.22%    passed     98.42%
   6  RuprSFB     11.90%    passed     52.92%
   7  Retr         0.36%    passed     65.55%
   8  Beta         2.37%    passed     24.60%
   9  Spol         1.72%    passed     71.49%
  10  MJM1652     12.40%    passed     68.66%
  11  NepSFB      53.84%    passed     50.04%
  12  WPYJ        13.55%    passed     81.92%
  13  MJM2940      0.00%    passed     82.87%
WARNING: 1 sequences contain more than 50% gaps/ambiguity
****  TOTAL        8.99%  0 sequences failed composition chi2 test (p-value<5%; df=3)

Create initial parsimony tree by phylogenetic likelihood library (PLL)... 0.001 seconds

NOTE: 1 MB RAM (0 GB) is required!
Estimate model parameters (epsilon = 0.100)
1. Initial log-likelihood: -8947.745
2. Current log-likelihood: -8500.785
3. Current log-likelihood: -8495.504
Optimal log-likelihood: -8495.393
Rate parameters:  A-C: 1.78983  A-G: 4.88161  A-T: 2.03442  C-G: 2.04628  C-T: 9.41161  G-T: 1.00000
Base frequencies:  A: 0.307  C: 0.179  G: 0.262  T: 0.252
Gamma shape alpha: 0.359
Parameters optimization took 3 rounds (0.052 sec)
Computing ML distances based on estimated model parameters... 0.001 sec
Computing BIONJ tree...
0.002 seconds
Log-likelihood of BIONJ tree: -8487.662
--------------------------------------------------------------------
|             INITIALIZING CANDIDATE TREE SET                      |
--------------------------------------------------------------------
Generating 98 parsimony trees... 0.090 second
Computing log-likelihood of 98 initial trees ... 0.438 seconds
Current best score: -8487.662

Do NNI search on 20 best initial trees
Estimate model parameters (epsilon = 0.100)
BETTER TREE FOUND at iteration 1: -8487.526
Iteration 10 / LogL: -8490.643 / Time: 0h:0m:0s
Iteration 20 / LogL: -8490.621 / Time: 0h:0m:1s
Finish initializing candidate tree set (2)
Current best tree score: -8487.526 / CPU time: 1.253
Number of iterations: 20
--------------------------------------------------------------------
|               OPTIMIZING CANDIDATE TREE SET                      |
--------------------------------------------------------------------
Iteration 30 / LogL: -8487.615 / Time: 0h:0m:1s (0h:0m:4s left)
Iteration 40 / LogL: -8487.562 / Time: 0h:0m:2s (0h:0m:3s left)
Iteration 50 / LogL: -8491.030 / Time: 0h:0m:2s (0h:0m:2s left)
Iteration 60 / LogL: -8487.560 / Time: 0h:0m:2s (0h:0m:1s left)
Iteration 70 / LogL: -8490.630 / Time: 0h:0m:3s (0h:0m:1s left)
Iteration 80 / LogL: -8487.554 / Time: 0h:0m:3s (0h:0m:0s left)
Iteration 90 / LogL: -8491.683 / Time: 0h:0m:4s (0h:0m:0s left)
Iteration 100 / LogL: -8488.063 / Time: 0h:0m:4s (0h:0m:0s left)
TREE SEARCH COMPLETED AFTER 102 ITERATIONS / Time: 0h:0m:4s

--------------------------------------------------------------------
|                    FINALIZING TREE SEARCH                        |
--------------------------------------------------------------------
Performs final model parameters optimization
Estimate model parameters (epsilon = 0.010)
1. Initial log-likelihood: -8487.526
Optimal log-likelihood: -8487.525
Rate parameters:  A-C: 1.82078  A-G: 4.77322  A-T: 2.05347  C-G: 2.02837  C-T: 9.49710  G-T: 1.00000
Base frequencies:  A: 0.307  C: 0.179  G: 0.262  T: 0.252
Gamma shape alpha: 0.366
Parameters optimization took 1 rounds (0.005 sec)
BEST SCORE FOUND : -8487.525

Testing tree branches by SH-like aLRT with 1000 replicates...
0.082 sec.
Total tree length: 1.587

Total number of iterations: 102
CPU time used for tree search: 5.100 sec (0h:0m:5s)
Wall-clock time used for tree search: 4.430 sec (0h:0m:4s)
Total CPU time used: 5.517 sec (0h:0m:5s)
Total wall-clock time used: 4.591 sec (0h:0m:4s)

Analysis results written to: 
  IQ-TREE report:                cluster4021rr.1to1ortho.fa.aln-cln_gene804.fa.iqtree
  Maximum-likelihood tree:       cluster4021rr.1to1ortho.fa.aln-cln_gene804.fa.treefile
  Likelihood distances:          cluster4021rr.1to1ortho.fa.aln-cln_gene804.fa.mldist
  Screen log file:               cluster4021rr.1to1ortho.fa.aln-cln_gene804.fa.log

Date and Time: Mon Nov 25 10:43:25 2019
