IQ-TREE multicore version 1.6.11 for Mac OS X 64-bit built Jul 12 2019
Developed by Bui Quang Minh, Nguyen Lam Tung, Olga Chernomor,
Heiko Schmidt, Dominik Schrempf, Michael Woodhams.

Host:    slpc437 (AVX2, FMA3, 16 GB RAM)
Command: iqtree -s cluster2153rr.1to1ortho.fa.aln-cln_gene736.fa -nt 4 -m GTR+G -alrt 1000
Seed:    380030 (Using SPRNG - Scalable Parallel Random Number Generator)
Time:    Mon Nov 25 09:58:07 2019
Kernel:  AVX+FMA - 4 threads (6 CPU cores detected)

Reading alignment file cluster2153rr.1to1ortho.fa.aln-cln_gene736.fa ... Fasta format detected
Alignment most likely contains DNA/RNA sequences
Alignment has 13 sequences with 795 columns, 402 distinct patterns
275 parsimony-informative, 125 singleton sites, 395 constant sites
           Gap/Ambiguity  Composition  p-value
   1  DrolusSFB    0.00%    passed     88.21%
   2  Dino         0.13%    passed     87.74%
   3  MJM3360      3.14%    passed     85.78%
   4  DrobinSFB    0.00%    passed     80.35%
   5  Neam        15.97%    passed     53.22%
   6  RuprSFB      0.38%    passed     85.91%
   7  Retr         0.25%    passed     89.13%
   8  Beta         6.16%    passed     52.66%
   9  Spol         6.04%    passed     67.04%
  10  MJM1652      0.25%    passed     99.18%
  11  NepSFB       0.50%    passed     62.81%
  12  WPYJ        47.92%    passed      8.34%
  13  MJM2940      0.00%    passed     91.38%
****  TOTAL        6.21%  0 sequences failed composition chi2 test (p-value<5%; df=3)

Create initial parsimony tree by phylogenetic likelihood library (PLL)... 0.001 seconds

NOTE: 0 MB RAM (0 GB) is required!
Estimate model parameters (epsilon = 0.100)
1. Initial log-likelihood: -5298.809
2. Current log-likelihood: -5085.809
3. Current log-likelihood: -5082.926
Optimal log-likelihood: -5082.886
Rate parameters:  A-C: 1.76223  A-G: 4.53660  A-T: 1.41895  C-G: 1.41840  C-T: 5.40413  G-T: 1.00000
Base frequencies:  A: 0.248  C: 0.195  G: 0.232  T: 0.325
Gamma shape alpha: 0.478
Parameters optimization took 3 rounds (0.029 sec)
Computing ML distances based on estimated model parameters... 0.001 sec
Computing BIONJ tree...
0.002 seconds
Log-likelihood of BIONJ tree: -5083.487
--------------------------------------------------------------------
|             INITIALIZING CANDIDATE TREE SET                      |
--------------------------------------------------------------------
Generating 98 parsimony trees... 0.070 second
Computing log-likelihood of 98 initial trees ... 0.415 seconds
Current best score: -5079.045

Do NNI search on 20 best initial trees
Estimate model parameters (epsilon = 0.100)
BETTER TREE FOUND at iteration 1: -5078.951
Iteration 10 / LogL: -5079.026 / Time: 0h:0m:0s
Iteration 20 / LogL: -5080.396 / Time: 0h:0m:1s
Finish initializing candidate tree set (2)
Current best tree score: -5078.951 / CPU time: 0.972
Number of iterations: 20
--------------------------------------------------------------------
|               OPTIMIZING CANDIDATE TREE SET                      |
--------------------------------------------------------------------
Iteration 30 / LogL: -5082.933 / Time: 0h:0m:1s (0h:0m:3s left)
Iteration 40 / LogL: -5082.930 / Time: 0h:0m:1s (0h:0m:2s left)
Iteration 50 / LogL: -5078.982 / Time: 0h:0m:2s (0h:0m:2s left)
Iteration 60 / LogL: -5079.212 / Time: 0h:0m:2s (0h:0m:1s left)
Iteration 70 / LogL: -5079.025 / Time: 0h:0m:2s (0h:0m:1s left)
Iteration 80 / LogL: -5079.070 / Time: 0h:0m:3s (0h:0m:0s left)
Iteration 90 / LogL: -5078.993 / Time: 0h:0m:3s (0h:0m:0s left)
Iteration 100 / LogL: -5082.930 / Time: 0h:0m:3s (0h:0m:0s left)
TREE SEARCH COMPLETED AFTER 102 ITERATIONS / Time: 0h:0m:3s

--------------------------------------------------------------------
|                    FINALIZING TREE SEARCH                        |
--------------------------------------------------------------------
Performs final model parameters optimization
Estimate model parameters (epsilon = 0.010)
1. Initial log-likelihood: -5078.951
Optimal log-likelihood: -5078.949
Rate parameters:  A-C: 1.81686  A-G: 4.56799  A-T: 1.41623  C-G: 1.40065  C-T: 5.40813  G-T: 1.00000
Base frequencies:  A: 0.248  C: 0.195  G: 0.232  T: 0.325
Gamma shape alpha: 0.471
Parameters optimization took 1 rounds (0.004 sec)
BEST SCORE FOUND : -5078.949

Testing tree branches by SH-like aLRT with 1000 replicates...
0.056 sec.
Total tree length: 1.653

Total number of iterations: 102
CPU time used for tree search: 3.777 sec (0h:0m:3s)
Wall-clock time used for tree search: 3.879 sec (0h:0m:3s)
Total CPU time used: 4.018 sec (0h:0m:4s)
Total wall-clock time used: 3.988 sec (0h:0m:3s)

Analysis results written to: 
  IQ-TREE report:                cluster2153rr.1to1ortho.fa.aln-cln_gene736.fa.iqtree
  Maximum-likelihood tree:       cluster2153rr.1to1ortho.fa.aln-cln_gene736.fa.treefile
  Likelihood distances:          cluster2153rr.1to1ortho.fa.aln-cln_gene736.fa.mldist
  Screen log file:               cluster2153rr.1to1ortho.fa.aln-cln_gene736.fa.log

Date and Time: Mon Nov 25 09:58:11 2019
