IQ-TREE multicore version 1.6.11 for Mac OS X 64-bit built Jul 12 2019
Developed by Bui Quang Minh, Nguyen Lam Tung, Olga Chernomor,
Heiko Schmidt, Dominik Schrempf, Michael Woodhams.

Host:    slpc437 (AVX2, FMA3, 16 GB RAM)
Command: iqtree -s cluster3862rr.1to1ortho.fa.aln-cln_gene837.fa -nt 4 -m GTR+G -alrt 1000
Seed:    960613 (Using SPRNG - Scalable Parallel Random Number Generator)
Time:    Mon Nov 25 10:39:02 2019
Kernel:  AVX+FMA - 4 threads (6 CPU cores detected)

Reading alignment file cluster3862rr.1to1ortho.fa.aln-cln_gene837.fa ... Fasta format detected
Alignment most likely contains DNA/RNA sequences
Alignment has 13 sequences with 993 columns, 475 distinct patterns
370 parsimony-informative, 118 singleton sites, 505 constant sites
           Gap/Ambiguity  Composition  p-value
   1  DrolusSFB    6.04%    failed      0.02%
   2  Dino         0.00%    failed      0.21%
   3  MJM3360      5.74%    failed      0.00%
   4  DrobinSFB    1.81%    failed      0.01%
   5  Neam         0.30%    passed     87.95%
   6  RuprSFB     47.73%    failed      0.07%
   7  Retr         7.15%    failed      0.00%
   8  Beta         0.30%    failed      0.00%
   9  Spol         0.00%    failed      0.88%
  10  MJM1652      0.00%    passed     13.91%
  11  NepSFB       0.30%    passed     99.83%
  12  WPYJ        47.13%    failed      0.00%
  13  MJM2940      5.74%    passed     31.33%
****  TOTAL        9.40%  9 sequences failed composition chi2 test (p-value<5%; df=3)

Create initial parsimony tree by phylogenetic likelihood library (PLL)... 0.001 seconds

NOTE: 0 MB RAM (0 GB) is required!
Estimate model parameters (epsilon = 0.100)
1. Initial log-likelihood: -6996.068
2. Current log-likelihood: -6713.402
3. Current log-likelihood: -6707.751
4. Current log-likelihood: -6707.646
Optimal log-likelihood: -6707.616
Rate parameters:  A-C: 1.70475  A-G: 2.78503  A-T: 0.49491  C-G: 1.13696  C-T: 4.34716  G-T: 1.00000
Base frequencies:  A: 0.225  C: 0.233  G: 0.281  T: 0.261
Gamma shape alpha: 0.381
Parameters optimization took 4 rounds (0.037 sec)
Computing ML distances based on estimated model parameters... 0.001 sec
Computing BIONJ tree...
0.002 seconds
Log-likelihood of BIONJ tree: -6704.653
--------------------------------------------------------------------
|             INITIALIZING CANDIDATE TREE SET                      |
--------------------------------------------------------------------
Generating 98 parsimony trees... 0.075 second
Computing log-likelihood of 97 initial trees ... 0.412 seconds
Current best score: -6704.653

Do NNI search on 20 best initial trees
Estimate model parameters (epsilon = 0.100)
BETTER TREE FOUND at iteration 1: -6700.087
Iteration 10 / LogL: -6700.092 / Time: 0h:0m:0s
Iteration 20 / LogL: -6700.108 / Time: 0h:0m:1s
Finish initializing candidate tree set (1)
Current best tree score: -6700.087 / CPU time: 1.022
Number of iterations: 20
--------------------------------------------------------------------
|               OPTIMIZING CANDIDATE TREE SET                      |
--------------------------------------------------------------------
Iteration 30 / LogL: -6705.348 / Time: 0h:0m:1s (0h:0m:3s left)
Iteration 40 / LogL: -6700.109 / Time: 0h:0m:1s (0h:0m:2s left)
Iteration 50 / LogL: -6705.348 / Time: 0h:0m:2s (0h:0m:2s left)
Iteration 60 / LogL: -6700.342 / Time: 0h:0m:2s (0h:0m:1s left)
Iteration 70 / LogL: -6700.267 / Time: 0h:0m:2s (0h:0m:1s left)
Iteration 80 / LogL: -6700.112 / Time: 0h:0m:3s (0h:0m:0s left)
Iteration 90 / LogL: -6727.470 / Time: 0h:0m:3s (0h:0m:0s left)
Iteration 100 / LogL: -6700.113 / Time: 0h:0m:3s (0h:0m:0s left)
TREE SEARCH COMPLETED AFTER 102 ITERATIONS / Time: 0h:0m:3s

--------------------------------------------------------------------
|                    FINALIZING TREE SEARCH                        |
--------------------------------------------------------------------
Performs final model parameters optimization
Estimate model parameters (epsilon = 0.010)
1. Initial log-likelihood: -6700.087
Optimal log-likelihood: -6700.086
Rate parameters:  A-C: 1.72049  A-G: 2.78330  A-T: 0.49791  C-G: 1.12103  C-T: 4.34985  G-T: 1.00000
Base frequencies:  A: 0.225  C: 0.233  G: 0.281  T: 0.261
Gamma shape alpha: 0.380
Parameters optimization took 1 rounds (0.005 sec)
BEST SCORE FOUND : -6700.086

Testing tree branches by SH-like aLRT with 1000 replicates...
0.063 sec.
Total tree length: 2.023

Total number of iterations: 102
CPU time used for tree search: 4.076 sec (0h:0m:4s)
Wall-clock time used for tree search: 3.896 sec (0h:0m:3s)
Total CPU time used: 4.374 sec (0h:0m:4s)
Total wall-clock time used: 4.021 sec (0h:0m:4s)

Analysis results written to: 
  IQ-TREE report:                cluster3862rr.1to1ortho.fa.aln-cln_gene837.fa.iqtree
  Maximum-likelihood tree:       cluster3862rr.1to1ortho.fa.aln-cln_gene837.fa.treefile
  Likelihood distances:          cluster3862rr.1to1ortho.fa.aln-cln_gene837.fa.mldist
  Screen log file:               cluster3862rr.1to1ortho.fa.aln-cln_gene837.fa.log

Date and Time: Mon Nov 25 10:39:06 2019
