IQ-TREE multicore version 1.6.11 for Mac OS X 64-bit built Jul 12 2019
Developed by Bui Quang Minh, Nguyen Lam Tung, Olga Chernomor,
Heiko Schmidt, Dominik Schrempf, Michael Woodhams.

Host:    slpc437 (AVX2, FMA3, 16 GB RAM)
Command: iqtree -s cluster3927rr.1to1ortho.fa.aln-cln_gene550.fa -nt 4 -m GTR+G -alrt 1000
Seed:    610071 (Using SPRNG - Scalable Parallel Random Number Generator)
Time:    Mon Nov 25 10:41:10 2019
Kernel:  AVX+FMA - 4 threads (6 CPU cores detected)

Reading alignment file cluster3927rr.1to1ortho.fa.aln-cln_gene550.fa ... Fasta format detected
Alignment most likely contains DNA/RNA sequences
Alignment has 13 sequences with 1833 columns, 848 distinct patterns
605 parsimony-informative, 289 singleton sites, 939 constant sites
           Gap/Ambiguity  Composition  p-value
   1  DrolusSFB    1.53%    passed     50.29%
   2  Dino         1.58%    passed     99.65%
   3  MJM3360     10.37%    passed     89.39%
   4  DrobinSFB    2.18%    passed     63.17%
   5  Neam         1.15%    passed     90.60%
   6  RuprSFB      0.33%    passed     88.28%
   7  Retr        21.06%    passed     76.53%
   8  Beta         0.71%    passed     84.01%
   9  Spol         1.31%    passed     84.32%
  10  MJM1652      2.07%    passed     93.53%
  11  NepSFB       1.15%    passed     91.16%
  12  WPYJ        59.74%    passed     84.29%
  13  MJM2940      0.16%    passed     90.38%
WARNING: 1 sequences contain more than 50% gaps/ambiguity
****  TOTAL        7.95%  0 sequences failed composition chi2 test (p-value<5%; df=3)

Create initial parsimony tree by phylogenetic likelihood library (PLL)... 0.001 seconds

NOTE: 1 MB RAM (0 GB) is required!
Estimate model parameters (epsilon = 0.100)
1. Initial log-likelihood: -11543.635
2. Current log-likelihood: -11047.867
3. Current log-likelihood: -11042.995
Optimal log-likelihood: -11042.923
Rate parameters:  A-C: 1.20316  A-G: 3.79896  A-T: 1.32561  C-G: 1.42413  C-T: 6.16221  G-T: 1.00000
Base frequencies:  A: 0.304  C: 0.191  G: 0.251  T: 0.254
Gamma shape alpha: 0.463
Parameters optimization took 3 rounds (0.044 sec)
Computing ML distances based on estimated model parameters... 0.002 sec
Computing BIONJ tree...
0.002 seconds
Log-likelihood of BIONJ tree: -11040.000
--------------------------------------------------------------------
|             INITIALIZING CANDIDATE TREE SET                      |
--------------------------------------------------------------------
Generating 98 parsimony trees... 0.100 second
Computing log-likelihood of 98 initial trees ... 0.476 seconds
Current best score: -11040.000

Do NNI search on 20 best initial trees
Estimate model parameters (epsilon = 0.100)
BETTER TREE FOUND at iteration 1: -11039.951
Iteration 10 / LogL: -11039.965 / Time: 0h:0m:0s
Iteration 20 / LogL: -11039.962 / Time: 0h:0m:1s
Finish initializing candidate tree set (1)
Current best tree score: -11039.951 / CPU time: 1.228
Number of iterations: 20
--------------------------------------------------------------------
|               OPTIMIZING CANDIDATE TREE SET                      |
--------------------------------------------------------------------
Iteration 30 / LogL: -11040.359 / Time: 0h:0m:1s (0h:0m:4s left)
Iteration 40 / LogL: -11040.027 / Time: 0h:0m:2s (0h:0m:3s left)
Iteration 50 / LogL: -11039.955 / Time: 0h:0m:2s (0h:0m:2s left)
Iteration 60 / LogL: -11040.119 / Time: 0h:0m:2s (0h:0m:2s left)
Iteration 70 / LogL: -11039.985 / Time: 0h:0m:3s (0h:0m:1s left)
Iteration 80 / LogL: -11044.756 / Time: 0h:0m:3s (0h:0m:1s left)
Iteration 90 / LogL: -11040.000 / Time: 0h:0m:4s (0h:0m:0s left)
Iteration 100 / LogL: -11039.962 / Time: 0h:0m:4s (0h:0m:0s left)
TREE SEARCH COMPLETED AFTER 102 ITERATIONS / Time: 0h:0m:4s

--------------------------------------------------------------------
|                    FINALIZING TREE SEARCH                        |
--------------------------------------------------------------------
Performs final model parameters optimization
Estimate model parameters (epsilon = 0.010)
1. Initial log-likelihood: -11039.951
Optimal log-likelihood: -11039.950
Rate parameters:  A-C: 1.22931  A-G: 3.80701  A-T: 1.35639  C-G: 1.44646  C-T: 6.32287  G-T: 1.00000
Base frequencies:  A: 0.304  C: 0.191  G: 0.251  T: 0.254
Gamma shape alpha: 0.463
Parameters optimization took 1 rounds (0.005 sec)
BEST SCORE FOUND : -11039.950

Testing tree branches by SH-like aLRT with 1000 replicates...
0.108 sec.
Total tree length: 1.585

Total number of iterations: 102
CPU time used for tree search: 5.998 sec (0h:0m:5s)
Wall-clock time used for tree search: 4.654 sec (0h:0m:4s)
Total CPU time used: 6.495 sec (0h:0m:6s)
Total wall-clock time used: 4.831 sec (0h:0m:4s)

Analysis results written to: 
  IQ-TREE report:                cluster3927rr.1to1ortho.fa.aln-cln_gene550.fa.iqtree
  Maximum-likelihood tree:       cluster3927rr.1to1ortho.fa.aln-cln_gene550.fa.treefile
  Likelihood distances:          cluster3927rr.1to1ortho.fa.aln-cln_gene550.fa.mldist
  Screen log file:               cluster3927rr.1to1ortho.fa.aln-cln_gene550.fa.log

Date and Time: Mon Nov 25 10:41:15 2019
