IQ-TREE multicore version 1.6.11 for Mac OS X 64-bit built Jul 12 2019
Developed by Bui Quang Minh, Nguyen Lam Tung, Olga Chernomor,
Heiko Schmidt, Dominik Schrempf, Michael Woodhams.

Host:    slpc437 (AVX2, FMA3, 16 GB RAM)
Command: iqtree -s cluster5504rr.1to1ortho.fa.aln-cln_gene199.fa -nt 4 -m GTR+G -alrt 1000
Seed:    590495 (Using SPRNG - Scalable Parallel Random Number Generator)
Time:    Mon Nov 25 11:08:56 2019
Kernel:  AVX+FMA - 4 threads (6 CPU cores detected)

Reading alignment file cluster5504rr.1to1ortho.fa.aln-cln_gene199.fa ... Fasta format detected
Alignment most likely contains DNA/RNA sequences
Alignment has 13 sequences with 2808 columns, 1135 distinct patterns
881 parsimony-informative, 415 singleton sites, 1512 constant sites
           Gap/Ambiguity  Composition  p-value
   1  DrolusSFB    0.21%    passed     98.96%
   2  Dino         0.00%    passed     95.42%
   3  MJM3360      0.00%    passed     93.66%
   4  DrobinSFB    0.11%    passed     65.93%
   5  Neam         0.14%    passed     64.57%
   6  RuprSFB      0.21%    passed     61.09%
   7  Retr        71.44%    passed     42.19%
   8  Beta         0.57%    passed     75.71%
   9  Spol        14.00%    passed     86.84%
  10  MJM1652      0.11%    passed     70.19%
  11  NepSFB       0.11%    passed     49.36%
  12  WPYJ        38.14%    passed     90.23%
  13  MJM2940      0.21%    passed     96.18%
WARNING: 1 sequences contain more than 50% gaps/ambiguity
****  TOTAL        9.63%  0 sequences failed composition chi2 test (p-value<5%; df=3)

Create initial parsimony tree by phylogenetic likelihood library (PLL)... 0.001 seconds

NOTE: 1 MB RAM (0 GB) is required!
Estimate model parameters (epsilon = 0.100)
1. Initial log-likelihood: -17080.483
2. Current log-likelihood: -16320.952
3. Current log-likelihood: -16314.406
Optimal log-likelihood: -16314.302
Rate parameters:  A-C: 1.68273  A-G: 4.54817  A-T: 1.59720  C-G: 1.22419  C-T: 6.40061  G-T: 1.00000
Base frequencies:  A: 0.276  C: 0.198  G: 0.243  T: 0.283
Gamma shape alpha: 0.415
Parameters optimization took 3 rounds (0.050 sec)
Computing ML distances based on estimated model parameters... 0.002 sec
Computing BIONJ tree...
0.002 seconds
Log-likelihood of BIONJ tree: -16316.521
--------------------------------------------------------------------
|             INITIALIZING CANDIDATE TREE SET                      |
--------------------------------------------------------------------
Generating 98 parsimony trees... 0.115 second
Computing log-likelihood of 98 initial trees ... 0.491 seconds
Current best score: -16314.302

Do NNI search on 20 best initial trees
Estimate model parameters (epsilon = 0.100)
BETTER TREE FOUND at iteration 1: -16314.301
Iteration 10 / LogL: -16314.455 / Time: 0h:0m:0s
Iteration 20 / LogL: -16314.446 / Time: 0h:0m:1s
Finish initializing candidate tree set (1)
Current best tree score: -16314.301 / CPU time: 1.148
Number of iterations: 20
--------------------------------------------------------------------
|               OPTIMIZING CANDIDATE TREE SET                      |
--------------------------------------------------------------------
Iteration 30 / LogL: -16316.658 / Time: 0h:0m:1s (0h:0m:3s left)
Iteration 40 / LogL: -16317.422 / Time: 0h:0m:2s (0h:0m:3s left)
Iteration 50 / LogL: -16314.400 / Time: 0h:0m:2s (0h:0m:2s left)
Iteration 60 / LogL: -16314.322 / Time: 0h:0m:2s (0h:0m:2s left)
Iteration 70 / LogL: -16314.846 / Time: 0h:0m:3s (0h:0m:1s left)
Iteration 80 / LogL: -16314.320 / Time: 0h:0m:3s (0h:0m:1s left)
Iteration 90 / LogL: -16314.492 / Time: 0h:0m:4s (0h:0m:0s left)
Iteration 100 / LogL: -16314.375 / Time: 0h:0m:4s (0h:0m:0s left)
TREE SEARCH COMPLETED AFTER 102 ITERATIONS / Time: 0h:0m:4s

--------------------------------------------------------------------
|                    FINALIZING TREE SEARCH                        |
--------------------------------------------------------------------
Performs final model parameters optimization
Estimate model parameters (epsilon = 0.010)
1. Initial log-likelihood: -16314.301
Optimal log-likelihood: -16314.300
Rate parameters:  A-C: 1.68184  A-G: 4.54565  A-T: 1.59764  C-G: 1.22309  C-T: 6.40643  G-T: 1.00000
Base frequencies:  A: 0.276  C: 0.198  G: 0.243  T: 0.283
Gamma shape alpha: 0.415
Parameters optimization took 1 rounds (0.007 sec)
BEST SCORE FOUND : -16314.300

Testing tree branches by SH-like aLRT with 1000 replicates...
0.149 sec.
Total tree length: 1.534

Total number of iterations: 102
CPU time used for tree search: 7.129 sec (0h:0m:7s)
Wall-clock time used for tree search: 4.910 sec (0h:0m:4s)
Total CPU time used: 7.828 sec (0h:0m:7s)
Total wall-clock time used: 5.136 sec (0h:0m:5s)

Analysis results written to: 
  IQ-TREE report:                cluster5504rr.1to1ortho.fa.aln-cln_gene199.fa.iqtree
  Maximum-likelihood tree:       cluster5504rr.1to1ortho.fa.aln-cln_gene199.fa.treefile
  Likelihood distances:          cluster5504rr.1to1ortho.fa.aln-cln_gene199.fa.mldist
  Screen log file:               cluster5504rr.1to1ortho.fa.aln-cln_gene199.fa.log

Date and Time: Mon Nov 25 11:09:01 2019
