IQ-TREE multicore version 1.6.11 for Mac OS X 64-bit built Jul 12 2019
Developed by Bui Quang Minh, Nguyen Lam Tung, Olga Chernomor,
Heiko Schmidt, Dominik Schrempf, Michael Woodhams.

Host:    slpc437 (AVX2, FMA3, 16 GB RAM)
Command: iqtree -s cluster1885rr.1to1ortho.fa.aln-cln_gene628.fa -nt 4 -m GTR+G -alrt 1000
Seed:    369315 (Using SPRNG - Scalable Parallel Random Number Generator)
Time:    Mon Nov 25 09:51:13 2019
Kernel:  AVX+FMA - 4 threads (6 CPU cores detected)

Reading alignment file cluster1885rr.1to1ortho.fa.aln-cln_gene628.fa ... Fasta format detected
Alignment most likely contains DNA/RNA sequences
Alignment has 13 sequences with 1383 columns, 700 distinct patterns
513 parsimony-informative, 238 singleton sites, 632 constant sites
           Gap/Ambiguity  Composition  p-value
   1  DrolusSFB    0.29%    passed     66.09%
   2  Dino         3.18%    passed     26.84%
   3  MJM3360      4.48%    passed     22.67%
   4  DrobinSFB    8.32%    passed      7.29%
   5  Neam         0.00%    passed     61.67%
   6  RuprSFB      3.83%    passed     60.40%
   7  Retr         7.01%    passed     60.57%
   8  Beta         7.74%    passed     12.27%
   9  Spol         8.17%    passed     26.57%
  10  MJM1652      3.11%    failed      0.20%
  11  NepSFB       0.00%    passed     67.25%
  12  WPYJ        20.39%    passed     20.95%
  13  MJM2940      0.22%    passed     31.77%
****  TOTAL        5.13%  1 sequences failed composition chi2 test (p-value<5%; df=3)

Create initial parsimony tree by phylogenetic likelihood library (PLL)... 0.001 seconds

NOTE: 1 MB RAM (0 GB) is required!
Estimate model parameters (epsilon = 0.100)
1. Initial log-likelihood: -9717.250
2. Current log-likelihood: -9408.785
3. Current log-likelihood: -9406.732
Optimal log-likelihood: -9406.708
Rate parameters:  A-C: 1.37079  A-G: 2.88754  A-T: 1.19118  C-G: 0.58928  C-T: 3.45209  G-T: 1.00000
Base frequencies:  A: 0.248  C: 0.247  G: 0.242  T: 0.263
Gamma shape alpha: 0.553
Parameters optimization took 3 rounds (0.038 sec)
Computing ML distances based on estimated model parameters... 0.001 sec
Computing BIONJ tree...
0.002 seconds
Log-likelihood of BIONJ tree: -9409.677
--------------------------------------------------------------------
|             INITIALIZING CANDIDATE TREE SET                      |
--------------------------------------------------------------------
Generating 98 parsimony trees... 0.089 second
Computing log-likelihood of 98 initial trees ... 0.449 seconds
Current best score: -9406.708

Do NNI search on 20 best initial trees
Estimate model parameters (epsilon = 0.100)
BETTER TREE FOUND at iteration 1: -9406.707
Iteration 10 / LogL: -9406.827 / Time: 0h:0m:0s
Iteration 20 / LogL: -9415.515 / Time: 0h:0m:1s
Finish initializing candidate tree set (2)
Current best tree score: -9406.707 / CPU time: 1.005
Number of iterations: 20
--------------------------------------------------------------------
|               OPTIMIZING CANDIDATE TREE SET                      |
--------------------------------------------------------------------
Iteration 30 / LogL: -9415.511 / Time: 0h:0m:1s (0h:0m:3s left)
Iteration 40 / LogL: -9406.721 / Time: 0h:0m:1s (0h:0m:3s left)
Iteration 50 / LogL: -9406.716 / Time: 0h:0m:2s (0h:0m:2s left)
Iteration 60 / LogL: -9415.512 / Time: 0h:0m:2s (0h:0m:1s left)
Iteration 70 / LogL: -9406.709 / Time: 0h:0m:3s (0h:0m:1s left)
Iteration 80 / LogL: -9415.516 / Time: 0h:0m:3s (0h:0m:0s left)
Iteration 90 / LogL: -9406.797 / Time: 0h:0m:3s (0h:0m:0s left)
Iteration 100 / LogL: -9406.758 / Time: 0h:0m:4s (0h:0m:0s left)
TREE SEARCH COMPLETED AFTER 102 ITERATIONS / Time: 0h:0m:4s

--------------------------------------------------------------------
|                    FINALIZING TREE SEARCH                        |
--------------------------------------------------------------------
Performs final model parameters optimization
Estimate model parameters (epsilon = 0.010)
1. Initial log-likelihood: -9406.707
Optimal log-likelihood: -9406.707
Rate parameters:  A-C: 1.37128  A-G: 2.89153  A-T: 1.19085  C-G: 0.59013  C-T: 3.45244  G-T: 1.00000
Base frequencies:  A: 0.248  C: 0.247  G: 0.242  T: 0.263
Gamma shape alpha: 0.553
Parameters optimization took 1 rounds (0.005 sec)
BEST SCORE FOUND : -9406.707

Testing tree branches by SH-like aLRT with 1000 replicates...
0.086 sec.
Total tree length: 1.799

Total number of iterations: 102
CPU time used for tree search: 5.271 sec (0h:0m:5s)
Wall-clock time used for tree search: 4.426 sec (0h:0m:4s)
Total CPU time used: 5.658 sec (0h:0m:5s)
Total wall-clock time used: 4.575 sec (0h:0m:4s)

Analysis results written to: 
  IQ-TREE report:                cluster1885rr.1to1ortho.fa.aln-cln_gene628.fa.iqtree
  Maximum-likelihood tree:       cluster1885rr.1to1ortho.fa.aln-cln_gene628.fa.treefile
  Likelihood distances:          cluster1885rr.1to1ortho.fa.aln-cln_gene628.fa.mldist
  Screen log file:               cluster1885rr.1to1ortho.fa.aln-cln_gene628.fa.log

Date and Time: Mon Nov 25 09:51:17 2019
