IQ-TREE multicore version 1.6.11 for Mac OS X 64-bit built Jul 12 2019
Developed by Bui Quang Minh, Nguyen Lam Tung, Olga Chernomor,
Heiko Schmidt, Dominik Schrempf, Michael Woodhams.

Host:    slpc437 (AVX2, FMA3, 16 GB RAM)
Command: iqtree -s cluster4867rr.1to1ortho.fa.aln-cln_gene310.fa -nt 4 -m GTR+G -alrt 1000
Seed:    319348 (Using SPRNG - Scalable Parallel Random Number Generator)
Time:    Mon Nov 25 10:59:49 2019
Kernel:  AVX+FMA - 4 threads (6 CPU cores detected)

Reading alignment file cluster4867rr.1to1ortho.fa.aln-cln_gene310.fa ... Fasta format detected
Alignment most likely contains DNA/RNA sequences
Alignment has 13 sequences with 1131 columns, 456 distinct patterns
336 parsimony-informative, 153 singleton sites, 641 constant sites
           Gap/Ambiguity  Composition  p-value
   1  DrolusSFB    2.74%    passed     58.93%
   2  Dino         2.03%    passed     83.35%
   3  MJM3360     20.34%    passed     61.75%
   4  DrobinSFB   17.86%    passed     52.93%
   5  Neam         2.12%    passed     91.71%
   6  RuprSFB     22.46%    passed     80.74%
   7  Retr        20.34%    passed     67.54%
   8  Beta        20.34%    passed     43.27%
   9  Spol        20.34%    passed     77.64%
  10  MJM1652      1.50%    passed     51.92%
  11  NepSFB       2.12%    passed     86.27%
  12  WPYJ        21.04%    passed     58.34%
  13  MJM2940      2.12%    passed     67.01%
****  TOTAL       11.95%  0 sequences failed composition chi2 test (p-value<5%; df=3)

Create initial parsimony tree by phylogenetic likelihood library (PLL)... 0.001 seconds

NOTE: 0 MB RAM (0 GB) is required!
Estimate model parameters (epsilon = 0.100)
1. Initial log-likelihood: -6449.150
2. Current log-likelihood: -6155.689
3. Current log-likelihood: -6151.346
Optimal log-likelihood: -6151.275
Rate parameters:  A-C: 2.02437  A-G: 5.47454  A-T: 2.00162  C-G: 1.56700  C-T: 7.25451  G-T: 1.00000
Base frequencies:  A: 0.270  C: 0.204  G: 0.240  T: 0.287
Gamma shape alpha: 0.332
Parameters optimization took 3 rounds (0.036 sec)
Computing ML distances based on estimated model parameters... 0.001 sec
Computing BIONJ tree...
0.002 seconds
Log-likelihood of BIONJ tree: -6159.122
--------------------------------------------------------------------
|             INITIALIZING CANDIDATE TREE SET                      |
--------------------------------------------------------------------
Generating 98 parsimony trees... 0.073 second
Computing log-likelihood of 98 initial trees ... 0.414 seconds
Current best score: -6151.275

Do NNI search on 20 best initial trees
Estimate model parameters (epsilon = 0.100)
BETTER TREE FOUND at iteration 1: -6151.023
Iteration 10 / LogL: -6158.734 / Time: 0h:0m:0s
Iteration 20 / LogL: -6151.102 / Time: 0h:0m:1s
Finish initializing candidate tree set (3)
Current best tree score: -6151.023 / CPU time: 1.097
Number of iterations: 20
--------------------------------------------------------------------
|               OPTIMIZING CANDIDATE TREE SET                      |
--------------------------------------------------------------------
Iteration 30 / LogL: -6158.693 / Time: 0h:0m:1s (0h:0m:3s left)
Iteration 40 / LogL: -6153.525 / Time: 0h:0m:2s (0h:0m:3s left)
Iteration 50 / LogL: -6153.588 / Time: 0h:0m:2s (0h:0m:2s left)
Iteration 60 / LogL: -6154.271 / Time: 0h:0m:2s (0h:0m:1s left)
Iteration 70 / LogL: -6151.035 / Time: 0h:0m:3s (0h:0m:1s left)
Iteration 80 / LogL: -6151.046 / Time: 0h:0m:3s (0h:0m:0s left)
Iteration 90 / LogL: -6154.228 / Time: 0h:0m:4s (0h:0m:0s left)
Iteration 100 / LogL: -6153.716 / Time: 0h:0m:4s (0h:0m:0s left)
TREE SEARCH COMPLETED AFTER 102 ITERATIONS / Time: 0h:0m:4s

--------------------------------------------------------------------
|                    FINALIZING TREE SEARCH                        |
--------------------------------------------------------------------
Performs final model parameters optimization
Estimate model parameters (epsilon = 0.010)
1. Initial log-likelihood: -6151.023
Optimal log-likelihood: -6151.018
Rate parameters:  A-C: 2.05238  A-G: 5.55931  A-T: 2.01066  C-G: 1.56569  C-T: 7.30204  G-T: 1.00000
Base frequencies:  A: 0.270  C: 0.204  G: 0.240  T: 0.287
Gamma shape alpha: 0.331
Parameters optimization took 1 rounds (0.006 sec)
BEST SCORE FOUND : -6151.018

Testing tree branches by SH-like aLRT with 1000 replicates...
0.072 sec.
Total tree length: 1.504

Total number of iterations: 102
CPU time used for tree search: 4.690 sec (0h:0m:4s)
Wall-clock time used for tree search: 4.623 sec (0h:0m:4s)
Total CPU time used: 5.011 sec (0h:0m:5s)
Total wall-clock time used: 4.757 sec (0h:0m:4s)

Analysis results written to: 
  IQ-TREE report:                cluster4867rr.1to1ortho.fa.aln-cln_gene310.fa.iqtree
  Maximum-likelihood tree:       cluster4867rr.1to1ortho.fa.aln-cln_gene310.fa.treefile
  Likelihood distances:          cluster4867rr.1to1ortho.fa.aln-cln_gene310.fa.mldist
  Screen log file:               cluster4867rr.1to1ortho.fa.aln-cln_gene310.fa.log

Date and Time: Mon Nov 25 10:59:54 2019
