IQ-TREE multicore version 1.6.11 for Mac OS X 64-bit built Jul 12 2019
Developed by Bui Quang Minh, Nguyen Lam Tung, Olga Chernomor,
Heiko Schmidt, Dominik Schrempf, Michael Woodhams.

Host:    slpc437 (AVX2, FMA3, 16 GB RAM)
Command: iqtree -s cluster3992rr.1to1ortho.fa.aln-cln_gene1229.fa -nt 4 -m GTR+G -alrt 1000
Seed:    926230 (Using SPRNG - Scalable Parallel Random Number Generator)
Time:    Mon Nov 25 10:42:33 2019
Kernel:  AVX+FMA - 4 threads (6 CPU cores detected)

Reading alignment file cluster3992rr.1to1ortho.fa.aln-cln_gene1229.fa ... Fasta format detected
Alignment most likely contains DNA/RNA sequences
Alignment has 13 sequences with 474 columns, 173 distinct patterns
126 parsimony-informative, 47 singleton sites, 301 constant sites
           Gap/Ambiguity  Composition  p-value
   1  DrolusSFB    0.00%    passed     90.80%
   2  Dino         0.00%    passed     91.76%
   3  MJM3360      0.00%    passed     87.55%
   4  DrobinSFB    0.00%    passed     70.49%
   5  Neam         0.00%    passed     99.37%
   6  RuprSFB      0.00%    passed     89.45%
   7  Retr         1.69%    passed     99.90%
   8  Beta         0.00%    passed     87.08%
   9  Spol         0.42%    passed     83.40%
  10  MJM1652      0.00%    passed     89.78%
  11  NepSFB       0.00%    passed     99.59%
  12  WPYJ         0.63%    passed     99.76%
  13  MJM2940      0.00%    passed     93.59%
****  TOTAL        0.21%  0 sequences failed composition chi2 test (p-value<5%; df=3)

Create initial parsimony tree by phylogenetic likelihood library (PLL)... 0.000 seconds

NOTE: 0 MB RAM (0 GB) is required!
WARNING: Number of threads seems too high for short alignments. Use -nt AUTO to determine best number of threads.
Estimate model parameters (epsilon = 0.100)
1. Initial log-likelihood: -2666.267
2. Current log-likelihood: -2505.229
3. Current log-likelihood: -2502.234
Optimal log-likelihood: -2502.151
Rate parameters:  A-C: 2.65341  A-G: 8.48262  A-T: 2.50062  C-G: 1.24386  C-T: 9.21377  G-T: 1.00000
Base frequencies:  A: 0.278  C: 0.212  G: 0.235  T: 0.275
Gamma shape alpha: 0.219
Parameters optimization took 3 rounds (0.027 sec)
Computing ML distances based on estimated model parameters... 0.001 sec
Computing BIONJ tree...
0.002 seconds
Log-likelihood of BIONJ tree: -2500.900
--------------------------------------------------------------------
|             INITIALIZING CANDIDATE TREE SET                      |
--------------------------------------------------------------------
Generating 98 parsimony trees... 0.057 second
Computing log-likelihood of 95 initial trees ... 0.359 seconds
Current best score: -2500.900

Do NNI search on 20 best initial trees
Estimate model parameters (epsilon = 0.100)
BETTER TREE FOUND at iteration 1: -2500.176
Iteration 10 / LogL: -2501.531 / Time: 0h:0m:0s
Iteration 20 / LogL: -2500.186 / Time: 0h:0m:1s
Finish initializing candidate tree set (4)
Current best tree score: -2500.176 / CPU time: 0.961
Number of iterations: 20
--------------------------------------------------------------------
|               OPTIMIZING CANDIDATE TREE SET                      |
--------------------------------------------------------------------
Iteration 30 / LogL: -2501.534 / Time: 0h:0m:1s (0h:0m:3s left)
Iteration 40 / LogL: -2504.926 / Time: 0h:0m:1s (0h:0m:2s left)
Iteration 50 / LogL: -2500.184 / Time: 0h:0m:2s (0h:0m:2s left)
Iteration 60 / LogL: -2500.262 / Time: 0h:0m:2s (0h:0m:1s left)
Iteration 70 / LogL: -2500.182 / Time: 0h:0m:2s (0h:0m:1s left)
Iteration 80 / LogL: -2500.182 / Time: 0h:0m:3s (0h:0m:0s left)
Iteration 90 / LogL: -2500.178 / Time: 0h:0m:3s (0h:0m:0s left)
Iteration 100 / LogL: -2500.259 / Time: 0h:0m:3s (0h:0m:0s left)
TREE SEARCH COMPLETED AFTER 102 ITERATIONS / Time: 0h:0m:3s

--------------------------------------------------------------------
|                    FINALIZING TREE SEARCH                        |
--------------------------------------------------------------------
Performs final model parameters optimization
Estimate model parameters (epsilon = 0.010)
1. Initial log-likelihood: -2500.176
Optimal log-likelihood: -2500.175
Rate parameters:  A-C: 2.68961  A-G: 8.55544  A-T: 2.44806  C-G: 1.16756  C-T: 9.20016  G-T: 1.00000
Base frequencies:  A: 0.278  C: 0.212  G: 0.235  T: 0.275
Gamma shape alpha: 0.221
Parameters optimization took 1 rounds (0.003 sec)
BEST SCORE FOUND : -2500.175

Testing tree branches by SH-like aLRT with 1000 replicates...
0.035 sec.
Total tree length: 1.155

Total number of iterations: 102
CPU time used for tree search: 3.059 sec (0h:0m:3s)
Wall-clock time used for tree search: 3.810 sec (0h:0m:3s)
Total CPU time used: 3.214 sec (0h:0m:3s)
Total wall-clock time used: 3.894 sec (0h:0m:3s)

Analysis results written to: 
  IQ-TREE report:                cluster3992rr.1to1ortho.fa.aln-cln_gene1229.fa.iqtree
  Maximum-likelihood tree:       cluster3992rr.1to1ortho.fa.aln-cln_gene1229.fa.treefile
  Likelihood distances:          cluster3992rr.1to1ortho.fa.aln-cln_gene1229.fa.mldist
  Screen log file:               cluster3992rr.1to1ortho.fa.aln-cln_gene1229.fa.log

Date and Time: Mon Nov 25 10:42:37 2019
