IQ-TREE multicore version 1.6.11 for Mac OS X 64-bit built Jul 12 2019
Developed by Bui Quang Minh, Nguyen Lam Tung, Olga Chernomor,
Heiko Schmidt, Dominik Schrempf, Michael Woodhams.

Host:    slpc437 (AVX2, FMA3, 16 GB RAM)
Command: iqtree -s cluster2307rr.1to1ortho.fa.aln-cln_gene460.fa -nt 4 -m GTR+G -alrt 1000
Seed:    564441 (Using SPRNG - Scalable Parallel Random Number Generator)
Time:    Mon Nov 25 10:02:18 2019
Kernel:  AVX+FMA - 4 threads (6 CPU cores detected)

Reading alignment file cluster2307rr.1to1ortho.fa.aln-cln_gene460.fa ... Fasta format detected
Alignment most likely contains DNA/RNA sequences
Alignment has 13 sequences with 2121 columns, 1274 distinct patterns
971 parsimony-informative, 405 singleton sites, 745 constant sites
           Gap/Ambiguity  Composition  p-value
   1  DrolusSFB    6.79%    passed     91.96%
   2  Dino         2.69%    passed     47.35%
   3  MJM3360     19.19%    passed     55.56%
   4  DrobinSFB   18.81%    passed     68.40%
   5  Neam         1.13%    passed     56.57%
   6  RuprSFB     18.81%    passed     34.43%
   7  Retr        34.94%    passed     69.45%
   8  Beta         2.69%    passed     59.51%
   9  Spol         4.01%    passed     80.55%
  10  MJM1652      2.59%    passed     41.84%
  11  NepSFB       1.13%    passed     72.75%
  12  WPYJ        46.96%    passed     37.34%
  13  MJM2940      7.50%    passed     43.22%
****  TOTAL       12.86%  0 sequences failed composition chi2 test (p-value<5%; df=3)

Create initial parsimony tree by phylogenetic likelihood library (PLL)... 0.001 seconds

NOTE: 2 MB RAM (0 GB) is required!
Estimate model parameters (epsilon = 0.100)
1. Initial log-likelihood: -15603.053
2. Current log-likelihood: -15128.044
3. Current log-likelihood: -15125.227
Optimal log-likelihood: -15125.220
Rate parameters:  A-C: 1.55909  A-G: 3.83943  A-T: 1.47069  C-G: 1.70705  C-T: 4.90631  G-T: 1.00000
Base frequencies:  A: 0.286  C: 0.178  G: 0.266  T: 0.270
Gamma shape alpha: 1.005
Parameters optimization took 3 rounds (0.046 sec)
Computing ML distances based on estimated model parameters... 0.002 sec
Computing BIONJ tree...
0.002 seconds
Log-likelihood of BIONJ tree: -15128.041
--------------------------------------------------------------------
|             INITIALIZING CANDIDATE TREE SET                      |
--------------------------------------------------------------------
Generating 98 parsimony trees... 0.128 second
Computing log-likelihood of 98 initial trees ... 0.526 seconds
Current best score: -15125.220

Do NNI search on 20 best initial trees
Estimate model parameters (epsilon = 0.100)
BETTER TREE FOUND at iteration 1: -15124.889
Iteration 10 / LogL: -15124.905 / Time: 0h:0m:1s
Iteration 20 / LogL: -15124.905 / Time: 0h:0m:1s
Finish initializing candidate tree set (1)
Current best tree score: -15124.889 / CPU time: 1.389
Number of iterations: 20
--------------------------------------------------------------------
|               OPTIMIZING CANDIDATE TREE SET                      |
--------------------------------------------------------------------
Iteration 30 / LogL: -15125.042 / Time: 0h:0m:1s (0h:0m:4s left)
Iteration 40 / LogL: -15124.893 / Time: 0h:0m:2s (0h:0m:3s left)
Iteration 50 / LogL: -15124.894 / Time: 0h:0m:3s (0h:0m:3s left)
Iteration 60 / LogL: -15125.131 / Time: 0h:0m:3s (0h:0m:2s left)
Iteration 70 / LogL: -15125.232 / Time: 0h:0m:4s (0h:0m:1s left)
Iteration 80 / LogL: -15124.965 / Time: 0h:0m:4s (0h:0m:1s left)
Iteration 90 / LogL: -15125.116 / Time: 0h:0m:5s (0h:0m:0s left)
UPDATE BEST LOG-LIKELIHOOD: -15124.889
Iteration 100 / LogL: -15124.895 / Time: 0h:0m:5s (0h:0m:0s left)
TREE SEARCH COMPLETED AFTER 102 ITERATIONS / Time: 0h:0m:5s

--------------------------------------------------------------------
|                    FINALIZING TREE SEARCH                        |
--------------------------------------------------------------------
Performs final model parameters optimization
Estimate model parameters (epsilon = 0.010)
1. Initial log-likelihood: -15124.889
Optimal log-likelihood: -15124.887
Rate parameters:  A-C: 1.55410  A-G: 3.84533  A-T: 1.47590  C-G: 1.70637  C-T: 4.91419  G-T: 1.00000
Base frequencies:  A: 0.286  C: 0.178  G: 0.266  T: 0.270
Gamma shape alpha: 1.004
Parameters optimization took 1 rounds (0.007 sec)
BEST SCORE FOUND : -15124.887

Testing tree branches by SH-like aLRT with 1000 replicates...
0.122 sec.
Total tree length: 2.134

Total number of iterations: 102
CPU time used for tree search: 8.744 sec (0h:0m:8s)
Wall-clock time used for tree search: 5.782 sec (0h:0m:5s)
Total CPU time used: 9.335 sec (0h:0m:9s)
Total wall-clock time used: 5.980 sec (0h:0m:5s)

Analysis results written to: 
  IQ-TREE report:                cluster2307rr.1to1ortho.fa.aln-cln_gene460.fa.iqtree
  Maximum-likelihood tree:       cluster2307rr.1to1ortho.fa.aln-cln_gene460.fa.treefile
  Likelihood distances:          cluster2307rr.1to1ortho.fa.aln-cln_gene460.fa.mldist
  Screen log file:               cluster2307rr.1to1ortho.fa.aln-cln_gene460.fa.log

Date and Time: Mon Nov 25 10:02:24 2019
