IQ-TREE multicore version 1.6.11 for Mac OS X 64-bit built Jul 12 2019
Developed by Bui Quang Minh, Nguyen Lam Tung, Olga Chernomor,
Heiko Schmidt, Dominik Schrempf, Michael Woodhams.

Host:    slpc437 (AVX2, FMA3, 16 GB RAM)
Command: iqtree -s cluster2540rr.1to1ortho.fa.aln-cln_gene988.fa -nt 4 -m GTR+G -alrt 1000
Seed:    587122 (Using SPRNG - Scalable Parallel Random Number Generator)
Time:    Mon Nov 25 10:07:08 2019
Kernel:  AVX+FMA - 4 threads (6 CPU cores detected)

Reading alignment file cluster2540rr.1to1ortho.fa.aln-cln_gene988.fa ... Fasta format detected
Alignment most likely contains DNA/RNA sequences
Alignment has 13 sequences with 3165 columns, 1459 distinct patterns
1174 parsimony-informative, 484 singleton sites, 1507 constant sites
           Gap/Ambiguity  Composition  p-value
   1  DrolusSFB    0.85%    passed     80.78%
   2  Dino        14.60%    passed     77.80%
   3  MJM3360      0.51%    passed     76.44%
   4  DrobinSFB    9.64%    passed     22.43%
   5  Neam         0.00%    passed     91.94%
   6  RuprSFB      0.19%    passed     59.62%
   7  Retr        38.33%    passed     29.27%
   8  Beta         2.72%    passed     87.30%
   9  Spol         2.72%    passed     76.69%
  10  MJM1652      0.00%    passed     92.61%
  11  NepSFB       0.00%    passed     96.49%
  12  WPYJ        44.77%    passed     16.57%
  13  MJM2940      1.04%    passed     88.58%
****  TOTAL        8.87%  0 sequences failed composition chi2 test (p-value<5%; df=3)

Create initial parsimony tree by phylogenetic likelihood library (PLL)... 0.002 seconds

NOTE: 2 MB RAM (0 GB) is required!
Estimate model parameters (epsilon = 0.100)
1. Initial log-likelihood: -21305.236
2. Current log-likelihood: -20623.069
3. Current log-likelihood: -20617.070
Optimal log-likelihood: -20616.991
Rate parameters:  A-C: 1.63684  A-G: 3.92972  A-T: 1.49506  C-G: 1.19220  C-T: 4.86002  G-T: 1.00000
Base frequencies:  A: 0.294  C: 0.178  G: 0.256  T: 0.271
Gamma shape alpha: 0.507
Parameters optimization took 3 rounds (0.054 sec)
Computing ML distances based on estimated model parameters... 0.002 sec
Computing BIONJ tree...
0.002 seconds
Log-likelihood of BIONJ tree: -20616.990
--------------------------------------------------------------------
|             INITIALIZING CANDIDATE TREE SET                      |
--------------------------------------------------------------------
Generating 99 parsimony trees... 0.143 second
Computing log-likelihood of 99 initial trees ... 0.538 seconds
Current best score: -20616.990

Do NNI search on 20 best initial trees
Estimate model parameters (epsilon = 0.100)
BETTER TREE FOUND at iteration 1: -20616.989
Iteration 10 / LogL: -20617.035 / Time: 0h:0m:1s
Iteration 20 / LogL: -20617.121 / Time: 0h:0m:1s
Finish initializing candidate tree set (1)
Current best tree score: -20616.989 / CPU time: 1.554
Number of iterations: 20
--------------------------------------------------------------------
|               OPTIMIZING CANDIDATE TREE SET                      |
--------------------------------------------------------------------
Iteration 30 / LogL: -20617.689 / Time: 0h:0m:2s (0h:0m:5s left)
Iteration 40 / LogL: -20617.823 / Time: 0h:0m:2s (0h:0m:4s left)
Iteration 50 / LogL: -20617.109 / Time: 0h:0m:3s (0h:0m:3s left)
Iteration 60 / LogL: -20617.010 / Time: 0h:0m:3s (0h:0m:2s left)
Iteration 70 / LogL: -20617.067 / Time: 0h:0m:4s (0h:0m:1s left)
Iteration 80 / LogL: -20617.013 / Time: 0h:0m:4s (0h:0m:1s left)
Iteration 90 / LogL: -20617.031 / Time: 0h:0m:5s (0h:0m:0s left)
Iteration 100 / LogL: -20617.236 / Time: 0h:0m:5s (0h:0m:0s left)
TREE SEARCH COMPLETED AFTER 102 ITERATIONS / Time: 0h:0m:5s

--------------------------------------------------------------------
|                    FINALIZING TREE SEARCH                        |
--------------------------------------------------------------------
Performs final model parameters optimization
Estimate model parameters (epsilon = 0.010)
1. Initial log-likelihood: -20616.989
Optimal log-likelihood: -20616.989
Rate parameters:  A-C: 1.63691  A-G: 3.93334  A-T: 1.49688  C-G: 1.19210  C-T: 4.86186  G-T: 1.00000
Base frequencies:  A: 0.294  C: 0.178  G: 0.256  T: 0.271
Gamma shape alpha: 0.507
Parameters optimization took 1 rounds (0.007 sec)
BEST SCORE FOUND : -20616.989

Testing tree branches by SH-like aLRT with 1000 replicates...
0.167 sec.
Total tree length: 1.735

Total number of iterations: 102
CPU time used for tree search: 9.403 sec (0h:0m:9s)
Wall-clock time used for tree search: 5.848 sec (0h:0m:5s)
Total CPU time used: 10.211 sec (0h:0m:10s)
Total wall-clock time used: 6.101 sec (0h:0m:6s)

Analysis results written to: 
  IQ-TREE report:                cluster2540rr.1to1ortho.fa.aln-cln_gene988.fa.iqtree
  Maximum-likelihood tree:       cluster2540rr.1to1ortho.fa.aln-cln_gene988.fa.treefile
  Likelihood distances:          cluster2540rr.1to1ortho.fa.aln-cln_gene988.fa.mldist
  Screen log file:               cluster2540rr.1to1ortho.fa.aln-cln_gene988.fa.log

Date and Time: Mon Nov 25 10:07:14 2019
