IQ-TREE multicore version 1.6.11 for Mac OS X 64-bit built Jul 12 2019
Developed by Bui Quang Minh, Nguyen Lam Tung, Olga Chernomor,
Heiko Schmidt, Dominik Schrempf, Michael Woodhams.

Host:    slpc437 (AVX2, FMA3, 16 GB RAM)
Command: iqtree -s cluster4910rr.1to1ortho.fa.aln-cln_gene821.fa -nt 4 -m GTR+G -alrt 1000
Seed:    139486 (Using SPRNG - Scalable Parallel Random Number Generator)
Time:    Mon Nov 25 11:00:56 2019
Kernel:  AVX+FMA - 4 threads (6 CPU cores detected)

Reading alignment file cluster4910rr.1to1ortho.fa.aln-cln_gene821.fa ... Fasta format detected
Alignment most likely contains DNA/RNA sequences
Alignment has 13 sequences with 2154 columns, 913 distinct patterns
704 parsimony-informative, 292 singleton sites, 1158 constant sites
           Gap/Ambiguity  Composition  p-value
   1  DrolusSFB    0.37%    passed     87.43%
   2  Dino         0.00%    passed     95.44%
   3  MJM3360      0.14%    passed     98.53%
   4  DrobinSFB   25.26%    passed     24.77%
   5  Neam         0.00%    passed     79.91%
   6  RuprSFB      0.28%    passed     81.41%
   7  Retr        34.68%    passed     58.71%
   8  Beta         0.19%    passed     79.64%
   9  Spol         0.37%    passed     88.73%
  10  MJM1652      0.00%    passed     87.51%
  11  NepSFB       0.00%    passed     82.59%
  12  WPYJ        27.72%    passed     26.64%
  13  MJM2940      0.14%    passed     71.14%
****  TOTAL        6.86%  0 sequences failed composition chi2 test (p-value<5%; df=3)

Create initial parsimony tree by phylogenetic likelihood library (PLL)... 0.001 seconds

NOTE: 1 MB RAM (0 GB) is required!
Estimate model parameters (epsilon = 0.100)
1. Initial log-likelihood: -13370.442
2. Current log-likelihood: -12861.041
3. Current log-likelihood: -12857.193
Optimal log-likelihood: -12857.148
Rate parameters:  A-C: 1.61408  A-G: 4.05864  A-T: 1.76973  C-G: 1.28601  C-T: 6.11431  G-T: 1.00000
Base frequencies:  A: 0.281  C: 0.197  G: 0.250  T: 0.272
Gamma shape alpha: 0.415
Parameters optimization took 3 rounds (0.042 sec)
Computing ML distances based on estimated model parameters... 0.002 sec
Computing BIONJ tree...
0.002 seconds
Log-likelihood of BIONJ tree: -12856.635
--------------------------------------------------------------------
|             INITIALIZING CANDIDATE TREE SET                      |
--------------------------------------------------------------------
Generating 98 parsimony trees... 0.097 second
Computing log-likelihood of 97 initial trees ... 0.459 seconds
Current best score: -12856.635

Do NNI search on 20 best initial trees
Estimate model parameters (epsilon = 0.100)
BETTER TREE FOUND at iteration 1: -12856.624
Iteration 10 / LogL: -12856.770 / Time: 0h:0m:0s
Iteration 20 / LogL: -12856.655 / Time: 0h:0m:1s
Finish initializing candidate tree set (2)
Current best tree score: -12856.624 / CPU time: 1.118
Number of iterations: 20
--------------------------------------------------------------------
|               OPTIMIZING CANDIDATE TREE SET                      |
--------------------------------------------------------------------
Iteration 30 / LogL: -12857.406 / Time: 0h:0m:1s (0h:0m:3s left)
Iteration 40 / LogL: -12856.775 / Time: 0h:0m:1s (0h:0m:2s left)
Iteration 50 / LogL: -12859.474 / Time: 0h:0m:2s (0h:0m:2s left)
UPDATE BEST LOG-LIKELIHOOD: -12856.624
Iteration 60 / LogL: -12856.625 / Time: 0h:0m:2s (0h:0m:1s left)
Iteration 70 / LogL: -12856.645 / Time: 0h:0m:3s (0h:0m:1s left)
Iteration 80 / LogL: -12856.743 / Time: 0h:0m:3s (0h:0m:0s left)
Iteration 90 / LogL: -12856.638 / Time: 0h:0m:3s (0h:0m:0s left)
Iteration 100 / LogL: -12856.884 / Time: 0h:0m:4s (0h:0m:0s left)
TREE SEARCH COMPLETED AFTER 102 ITERATIONS / Time: 0h:0m:4s

--------------------------------------------------------------------
|                    FINALIZING TREE SEARCH                        |
--------------------------------------------------------------------
Performs final model parameters optimization
Estimate model parameters (epsilon = 0.010)
1. Initial log-likelihood: -12856.624
Optimal log-likelihood: -12856.623
Rate parameters:  A-C: 1.61396  A-G: 4.04471  A-T: 1.76064  C-G: 1.28714  C-T: 6.14835  G-T: 1.00000
Base frequencies:  A: 0.281  C: 0.197  G: 0.250  T: 0.272
Gamma shape alpha: 0.416
Parameters optimization took 1 rounds (0.006 sec)
BEST SCORE FOUND : -12856.623

Testing tree branches by SH-like aLRT with 1000 replicates...
0.119 sec.
Total tree length: 1.422

Total number of iterations: 102
CPU time used for tree search: 5.857 sec (0h:0m:5s)
Wall-clock time used for tree search: 4.404 sec (0h:0m:4s)
Total CPU time used: 6.408 sec (0h:0m:6s)
Total wall-clock time used: 4.592 sec (0h:0m:4s)

Analysis results written to: 
  IQ-TREE report:                cluster4910rr.1to1ortho.fa.aln-cln_gene821.fa.iqtree
  Maximum-likelihood tree:       cluster4910rr.1to1ortho.fa.aln-cln_gene821.fa.treefile
  Likelihood distances:          cluster4910rr.1to1ortho.fa.aln-cln_gene821.fa.mldist
  Screen log file:               cluster4910rr.1to1ortho.fa.aln-cln_gene821.fa.log

Date and Time: Mon Nov 25 11:01:00 2019
