IQ-TREE multicore version 1.6.11 for Mac OS X 64-bit built Jul 12 2019
Developed by Bui Quang Minh, Nguyen Lam Tung, Olga Chernomor,
Heiko Schmidt, Dominik Schrempf, Michael Woodhams.

Host:    slpc437 (AVX2, FMA3, 16 GB RAM)
Command: iqtree -s cluster1462rr.1to1ortho.fa.aln-cln_gene332.fa -nt 4 -m GTR+G -alrt 1000
Seed:    321467 (Using SPRNG - Scalable Parallel Random Number Generator)
Time:    Mon Nov 25 09:42:45 2019
Kernel:  AVX+FMA - 4 threads (6 CPU cores detected)

Reading alignment file cluster1462rr.1to1ortho.fa.aln-cln_gene332.fa ... Fasta format detected
Alignment most likely contains DNA/RNA sequences
Alignment has 13 sequences with 1754 columns, 822 distinct patterns
594 parsimony-informative, 293 singleton sites, 867 constant sites
           Gap/Ambiguity  Composition  p-value
   1  DrolusSFB   30.79%    passed     99.59%
   2  Dino         9.01%    passed     90.87%
   3  MJM3360     11.86%    passed     86.80%
   4  DrobinSFB    5.13%    passed     61.58%
   5  Neam         0.17%    passed     79.32%
   6  RuprSFB     12.03%    passed     72.43%
   7  Retr        12.60%    passed     87.88%
   8  Beta         0.97%    passed     55.37%
   9  Spol         6.04%    passed     76.73%
  10  MJM1652     11.40%    passed     86.18%
  11  NepSFB       0.17%    passed     91.34%
  12  WPYJ        13.45%    passed     85.37%
  13  MJM2940      0.51%    passed     26.23%
****  TOTAL        8.78%  0 sequences failed composition chi2 test (p-value<5%; df=3)

Create initial parsimony tree by phylogenetic likelihood library (PLL)... 0.001 seconds

NOTE: 1 MB RAM (0 GB) is required!
Estimate model parameters (epsilon = 0.100)
1. Initial log-likelihood: -11525.108
2. Current log-likelihood: -11011.683
3. Current log-likelihood: -11005.921
Optimal log-likelihood: -11005.828
Rate parameters:  A-C: 2.14895  A-G: 5.98678  A-T: 1.62659  C-G: 2.45552  C-T: 8.17676  G-T: 1.00000
Base frequencies:  A: 0.289  C: 0.193  G: 0.233  T: 0.284
Gamma shape alpha: 0.475
Parameters optimization took 3 rounds (0.044 sec)
Computing ML distances based on estimated model parameters... 0.002 sec
Computing BIONJ tree...
0.002 seconds
Log-likelihood of BIONJ tree: -11005.914
--------------------------------------------------------------------
|             INITIALIZING CANDIDATE TREE SET                      |
--------------------------------------------------------------------
Generating 98 parsimony trees... 0.093 second
Computing log-likelihood of 96 initial trees ... 0.454 seconds
Current best score: -11005.828

Do NNI search on 20 best initial trees
Estimate model parameters (epsilon = 0.100)
BETTER TREE FOUND at iteration 1: -11005.051
Iteration 10 / LogL: -11005.081 / Time: 0h:0m:0s
Iteration 20 / LogL: -11005.051 / Time: 0h:0m:1s
Finish initializing candidate tree set (1)
Current best tree score: -11005.051 / CPU time: 1.248
Number of iterations: 20
--------------------------------------------------------------------
|               OPTIMIZING CANDIDATE TREE SET                      |
--------------------------------------------------------------------
Iteration 30 / LogL: -11005.117 / Time: 0h:0m:1s (0h:0m:4s left)
Iteration 40 / LogL: -11005.122 / Time: 0h:0m:2s (0h:0m:3s left)
Iteration 50 / LogL: -11005.100 / Time: 0h:0m:2s (0h:0m:2s left)
Iteration 60 / LogL: -11005.052 / Time: 0h:0m:3s (0h:0m:2s left)
Iteration 70 / LogL: -11005.106 / Time: 0h:0m:3s (0h:0m:1s left)
Iteration 80 / LogL: -11005.290 / Time: 0h:0m:4s (0h:0m:1s left)
Iteration 90 / LogL: -11005.052 / Time: 0h:0m:4s (0h:0m:0s left)
Iteration 100 / LogL: -11005.085 / Time: 0h:0m:5s (0h:0m:0s left)
TREE SEARCH COMPLETED AFTER 102 ITERATIONS / Time: 0h:0m:5s

--------------------------------------------------------------------
|                    FINALIZING TREE SEARCH                        |
--------------------------------------------------------------------
Performs final model parameters optimization
Estimate model parameters (epsilon = 0.010)
1. Initial log-likelihood: -11005.051
Optimal log-likelihood: -11005.050
Rate parameters:  A-C: 2.13641  A-G: 6.00467  A-T: 1.62697  C-G: 2.42875  C-T: 8.18155  G-T: 1.00000
Base frequencies:  A: 0.289  C: 0.193  G: 0.233  T: 0.284
Gamma shape alpha: 0.474
Parameters optimization took 1 rounds (0.005 sec)
BEST SCORE FOUND : -11005.050

Testing tree branches by SH-like aLRT with 1000 replicates...
0.101 sec.
Total tree length: 1.721

Total number of iterations: 102
CPU time used for tree search: 6.459 sec (0h:0m:6s)
Wall-clock time used for tree search: 5.061 sec (0h:0m:5s)
Total CPU time used: 6.936 sec (0h:0m:6s)
Total wall-clock time used: 5.233 sec (0h:0m:5s)

Analysis results written to: 
  IQ-TREE report:                cluster1462rr.1to1ortho.fa.aln-cln_gene332.fa.iqtree
  Maximum-likelihood tree:       cluster1462rr.1to1ortho.fa.aln-cln_gene332.fa.treefile
  Likelihood distances:          cluster1462rr.1to1ortho.fa.aln-cln_gene332.fa.mldist
  Screen log file:               cluster1462rr.1to1ortho.fa.aln-cln_gene332.fa.log

Date and Time: Mon Nov 25 09:42:50 2019
