IQ-TREE multicore version 1.6.11 for Mac OS X 64-bit built Jul 12 2019
Developed by Bui Quang Minh, Nguyen Lam Tung, Olga Chernomor,
Heiko Schmidt, Dominik Schrempf, Michael Woodhams.

Host:    slpc437 (AVX2, FMA3, 16 GB RAM)
Command: iqtree -s cluster1507rr.1to1ortho.fa.aln-cln_gene101.fa -nt 4 -m GTR+G -alrt 1000
Seed:    166868 (Using SPRNG - Scalable Parallel Random Number Generator)
Time:    Mon Nov 25 09:43:57 2019
Kernel:  AVX+FMA - 4 threads (6 CPU cores detected)

Reading alignment file cluster1507rr.1to1ortho.fa.aln-cln_gene101.fa ... Fasta format detected
Alignment most likely contains DNA/RNA sequences
Alignment has 13 sequences with 2418 columns, 1183 distinct patterns
872 parsimony-informative, 450 singleton sites, 1096 constant sites
           Gap/Ambiguity  Composition  p-value
   1  DrolusSFB    4.47%    passed     60.48%
   2  Dino        10.17%    passed     54.19%
   3  MJM3360     45.53%    passed     28.23%
   4  DrobinSFB    4.84%    passed     72.35%
   5  Neam         4.34%    passed     70.18%
   6  RuprSFB      1.03%    passed     58.47%
   7  Retr        32.26%    passed     67.53%
   8  Beta         0.50%    passed     32.52%
   9  Spol         1.12%    passed     53.70%
  10  MJM1652      4.09%    passed     97.14%
  11  NepSFB       4.34%    passed     82.84%
  12  WPYJ        64.23%    passed     25.53%
  13  MJM2940      0.25%    passed     52.77%
WARNING: 1 sequences contain more than 50% gaps/ambiguity
****  TOTAL       13.63%  0 sequences failed composition chi2 test (p-value<5%; df=3)

Create initial parsimony tree by phylogenetic likelihood library (PLL)... 0.001 seconds

NOTE: 2 MB RAM (0 GB) is required!
Estimate model parameters (epsilon = 0.100)
1. Initial log-likelihood: -16009.832
2. Current log-likelihood: -15355.024
3. Current log-likelihood: -15350.701
Optimal log-likelihood: -15350.669
Rate parameters:  A-C: 1.61363  A-G: 4.35651  A-T: 1.06980  C-G: 1.42273  C-T: 4.79488  G-T: 1.00000
Base frequencies:  A: 0.280  C: 0.198  G: 0.221  T: 0.301
Gamma shape alpha: 0.644
Parameters optimization took 3 rounds (0.050 sec)
Computing ML distances based on estimated model parameters... 0.002 sec
Computing BIONJ tree...
0.002 seconds
Log-likelihood of BIONJ tree: -15350.995
--------------------------------------------------------------------
|             INITIALIZING CANDIDATE TREE SET                      |
--------------------------------------------------------------------
Generating 98 parsimony trees... 0.122 second
Computing log-likelihood of 98 initial trees ... 0.517 seconds
Current best score: -15350.647

Do NNI search on 20 best initial trees
Estimate model parameters (epsilon = 0.100)
BETTER TREE FOUND at iteration 1: -15347.672
Iteration 10 / LogL: -15347.674 / Time: 0h:0m:1s
Iteration 20 / LogL: -15347.797 / Time: 0h:0m:1s
Finish initializing candidate tree set (1)
Current best tree score: -15347.672 / CPU time: 1.499
Number of iterations: 20
--------------------------------------------------------------------
|               OPTIMIZING CANDIDATE TREE SET                      |
--------------------------------------------------------------------
Iteration 30 / LogL: -15347.737 / Time: 0h:0m:2s (0h:0m:5s left)
Iteration 40 / LogL: -15347.674 / Time: 0h:0m:2s (0h:0m:4s left)
Iteration 50 / LogL: -15347.890 / Time: 0h:0m:3s (0h:0m:3s left)
Iteration 60 / LogL: -15347.682 / Time: 0h:0m:3s (0h:0m:2s left)
Iteration 70 / LogL: -15347.675 / Time: 0h:0m:4s (0h:0m:1s left)
Iteration 80 / LogL: -15347.690 / Time: 0h:0m:4s (0h:0m:1s left)
Iteration 90 / LogL: -15347.674 / Time: 0h:0m:5s (0h:0m:0s left)
Iteration 100 / LogL: -15347.674 / Time: 0h:0m:5s (0h:0m:0s left)
TREE SEARCH COMPLETED AFTER 102 ITERATIONS / Time: 0h:0m:5s

--------------------------------------------------------------------
|                    FINALIZING TREE SEARCH                        |
--------------------------------------------------------------------
Performs final model parameters optimization
Estimate model parameters (epsilon = 0.010)
1. Initial log-likelihood: -15347.672
Optimal log-likelihood: -15347.672
Rate parameters:  A-C: 1.60898  A-G: 4.36192  A-T: 1.07044  C-G: 1.41986  C-T: 4.79739  G-T: 1.00000
Base frequencies:  A: 0.280  C: 0.198  G: 0.221  T: 0.301
Gamma shape alpha: 0.646
Parameters optimization took 1 rounds (0.006 sec)
BEST SCORE FOUND : -15347.672

Testing tree branches by SH-like aLRT with 1000 replicates...
0.134 sec.
Total tree length: 1.817

Total number of iterations: 102
CPU time used for tree search: 8.494 sec (0h:0m:8s)
Wall-clock time used for tree search: 5.794 sec (0h:0m:5s)
Total CPU time used: 9.133 sec (0h:0m:9s)
Total wall-clock time used: 6.005 sec (0h:0m:6s)

Analysis results written to: 
  IQ-TREE report:                cluster1507rr.1to1ortho.fa.aln-cln_gene101.fa.iqtree
  Maximum-likelihood tree:       cluster1507rr.1to1ortho.fa.aln-cln_gene101.fa.treefile
  Likelihood distances:          cluster1507rr.1to1ortho.fa.aln-cln_gene101.fa.mldist
  Screen log file:               cluster1507rr.1to1ortho.fa.aln-cln_gene101.fa.log

Date and Time: Mon Nov 25 09:44:03 2019
