IQ-TREE multicore version 1.6.11 for Mac OS X 64-bit built Jul 12 2019
Developed by Bui Quang Minh, Nguyen Lam Tung, Olga Chernomor,
Heiko Schmidt, Dominik Schrempf, Michael Woodhams.

Host:    slpc437 (AVX2, FMA3, 16 GB RAM)
Command: iqtree -s cluster3263rr.1to1ortho.fa.aln-cln_gene827.fa -nt 4 -m GTR+G -alrt 1000
Seed:    640425 (Using SPRNG - Scalable Parallel Random Number Generator)
Time:    Mon Nov 25 10:25:19 2019
Kernel:  AVX+FMA - 4 threads (6 CPU cores detected)

Reading alignment file cluster3263rr.1to1ortho.fa.aln-cln_gene827.fa ... Fasta format detected
Alignment most likely contains DNA/RNA sequences
Alignment has 13 sequences with 1690 columns, 876 distinct patterns
660 parsimony-informative, 257 singleton sites, 773 constant sites
           Gap/Ambiguity  Composition  p-value
   1  DrolusSFB    2.37%    passed     21.23%
   2  Dino         2.78%    passed     15.45%
   3  MJM3360      2.19%    failed      0.44%
   4  DrobinSFB    3.96%    failed      1.08%
   5  Neam        35.09%    passed     80.36%
   6  RuprSFB      1.54%    passed     84.22%
   7  Retr         2.84%    passed     32.68%
   8  Beta         1.95%    failed      3.80%
   9  Spol         2.25%    failed      0.62%
  10  MJM1652      2.84%    passed     21.71%
  11  NepSFB       1.36%    passed     44.85%
  12  WPYJ        10.59%    passed     54.31%
  13  MJM2940      1.54%    passed     78.94%
****  TOTAL        5.48%  4 sequences failed composition chi2 test (p-value<5%; df=3)

Create initial parsimony tree by phylogenetic likelihood library (PLL)... 0.001 seconds

NOTE: 1 MB RAM (0 GB) is required!
Estimate model parameters (epsilon = 0.100)
1. Initial log-likelihood: -12568.696
2. Current log-likelihood: -11999.982
3. Current log-likelihood: -11991.789
4. Current log-likelihood: -11991.398
Optimal log-likelihood: -11991.373
Rate parameters:  A-C: 2.05648  A-G: 4.47585  A-T: 1.15582  C-G: 2.50970  C-T: 8.62542  G-T: 1.00000
Base frequencies:  A: 0.268  C: 0.213  G: 0.255  T: 0.263
Gamma shape alpha: 0.484
Parameters optimization took 4 rounds (0.054 sec)
Computing ML distances based on estimated model parameters... 0.002 sec
Computing BIONJ tree...
0.002 seconds
Log-likelihood of BIONJ tree: -11991.372
--------------------------------------------------------------------
|             INITIALIZING CANDIDATE TREE SET                      |
--------------------------------------------------------------------
Generating 99 parsimony trees... 0.103 second
Computing log-likelihood of 98 initial trees ... 0.475 seconds
Current best score: -11986.577

Do NNI search on 20 best initial trees
Estimate model parameters (epsilon = 0.100)
BETTER TREE FOUND at iteration 1: -11986.310
Iteration 10 / LogL: -11986.326 / Time: 0h:0m:0s
Iteration 20 / LogL: -11986.404 / Time: 0h:0m:1s
Finish initializing candidate tree set (2)
Current best tree score: -11986.310 / CPU time: 1.235
Number of iterations: 20
--------------------------------------------------------------------
|               OPTIMIZING CANDIDATE TREE SET                      |
--------------------------------------------------------------------
Iteration 30 / LogL: -11986.452 / Time: 0h:0m:1s (0h:0m:4s left)
Iteration 40 / LogL: -12001.677 / Time: 0h:0m:2s (0h:0m:3s left)
Iteration 50 / LogL: -12002.407 / Time: 0h:0m:2s (0h:0m:2s left)
Iteration 60 / LogL: -12002.055 / Time: 0h:0m:2s (0h:0m:2s left)
Iteration 70 / LogL: -11988.289 / Time: 0h:0m:3s (0h:0m:1s left)
Iteration 80 / LogL: -12001.610 / Time: 0h:0m:3s (0h:0m:0s left)
Iteration 90 / LogL: -11986.560 / Time: 0h:0m:4s (0h:0m:0s left)
Iteration 100 / LogL: -11986.357 / Time: 0h:0m:4s (0h:0m:0s left)
TREE SEARCH COMPLETED AFTER 102 ITERATIONS / Time: 0h:0m:4s

--------------------------------------------------------------------
|                    FINALIZING TREE SEARCH                        |
--------------------------------------------------------------------
Performs final model parameters optimization
Estimate model parameters (epsilon = 0.010)
1. Initial log-likelihood: -11986.310
Optimal log-likelihood: -11986.308
Rate parameters:  A-C: 2.03805  A-G: 4.45783  A-T: 1.17332  C-G: 2.49406  C-T: 8.69870  G-T: 1.00000
Base frequencies:  A: 0.268  C: 0.213  G: 0.255  T: 0.263
Gamma shape alpha: 0.485
Parameters optimization took 1 rounds (0.006 sec)
BEST SCORE FOUND : -11986.308

Testing tree branches by SH-like aLRT with 1000 replicates...
0.100 sec.
Total tree length: 2.091

Total number of iterations: 102
CPU time used for tree search: 5.768 sec (0h:0m:5s)
Wall-clock time used for tree search: 4.418 sec (0h:0m:4s)
Total CPU time used: 6.266 sec (0h:0m:6s)
Total wall-clock time used: 4.600 sec (0h:0m:4s)

Analysis results written to: 
  IQ-TREE report:                cluster3263rr.1to1ortho.fa.aln-cln_gene827.fa.iqtree
  Maximum-likelihood tree:       cluster3263rr.1to1ortho.fa.aln-cln_gene827.fa.treefile
  Likelihood distances:          cluster3263rr.1to1ortho.fa.aln-cln_gene827.fa.mldist
  Screen log file:               cluster3263rr.1to1ortho.fa.aln-cln_gene827.fa.log

Date and Time: Mon Nov 25 10:25:24 2019
