IQ-TREE multicore version 1.6.11 for Mac OS X 64-bit built Jul 12 2019
Developed by Bui Quang Minh, Nguyen Lam Tung, Olga Chernomor,
Heiko Schmidt, Dominik Schrempf, Michael Woodhams.

Host:    slpc437 (AVX2, FMA3, 16 GB RAM)
Command: iqtree -s cluster4375rr.1to1ortho.fa.aln-cln_gene1035.fa -nt 4 -m GTR+G -alrt 1000
Seed:    345574 (Using SPRNG - Scalable Parallel Random Number Generator)
Time:    Mon Nov 25 10:50:34 2019
Kernel:  AVX+FMA - 4 threads (6 CPU cores detected)

Reading alignment file cluster4375rr.1to1ortho.fa.aln-cln_gene1035.fa ... Fasta format detected
Alignment most likely contains DNA/RNA sequences
Alignment has 13 sequences with 1242 columns, 671 distinct patterns
500 parsimony-informative, 175 singleton sites, 567 constant sites
           Gap/Ambiguity  Composition  p-value
   1  DrolusSFB    6.28%    passed     86.10%
   2  Dino         2.98%    passed     87.15%
   3  MJM3360     25.52%    passed     10.34%
   4  DrobinSFB    5.96%    passed     80.98%
   5  Neam         0.00%    passed     41.09%
   6  RuprSFB      8.70%    passed     88.97%
   7  Retr        32.45%    passed     33.88%
   8  Beta         1.05%    passed     83.64%
   9  Spol         1.05%    passed     45.47%
  10  MJM1652      1.77%    passed     86.70%
  11  NepSFB       0.00%    passed     39.86%
  12  WPYJ         6.68%    passed     69.76%
  13  MJM2940      5.56%    passed     26.49%
****  TOTAL        7.54%  0 sequences failed composition chi2 test (p-value<5%; df=3)

Create initial parsimony tree by phylogenetic likelihood library (PLL)... 0.001 seconds

NOTE: 1 MB RAM (0 GB) is required!
Estimate model parameters (epsilon = 0.100)
1. Initial log-likelihood: -8963.196
2. Current log-likelihood: -8618.443
3. Current log-likelihood: -8614.706
4. Current log-likelihood: -8614.580
Optimal log-likelihood: -8614.577
Rate parameters:  A-C: 1.44081  A-G: 5.12230  A-T: 1.88964  C-G: 1.62521  C-T: 5.21254  G-T: 1.00000
Base frequencies:  A: 0.260  C: 0.217  G: 0.251  T: 0.272
Gamma shape alpha: 0.484
Parameters optimization took 4 rounds (0.041 sec)
Computing ML distances based on estimated model parameters... 0.001 sec
Computing BIONJ tree...
0.002 seconds
Log-likelihood of BIONJ tree: -8619.711
--------------------------------------------------------------------
|             INITIALIZING CANDIDATE TREE SET                      |
--------------------------------------------------------------------
Generating 98 parsimony trees... 0.085 second
Computing log-likelihood of 98 initial trees ... 0.436 seconds
Current best score: -8614.577

Do NNI search on 20 best initial trees
Estimate model parameters (epsilon = 0.100)
BETTER TREE FOUND at iteration 1: -8610.920
Iteration 10 / LogL: -8619.686 / Time: 0h:0m:0s
Iteration 20 / LogL: -8611.002 / Time: 0h:0m:1s
Finish initializing candidate tree set (2)
Current best tree score: -8610.920 / CPU time: 1.298
Number of iterations: 20
--------------------------------------------------------------------
|               OPTIMIZING CANDIDATE TREE SET                      |
--------------------------------------------------------------------
Iteration 30 / LogL: -8619.679 / Time: 0h:0m:1s (0h:0m:4s left)
Iteration 40 / LogL: -8610.922 / Time: 0h:0m:2s (0h:0m:3s left)
Iteration 50 / LogL: -8611.454 / Time: 0h:0m:2s (0h:0m:2s left)
Iteration 60 / LogL: -8620.167 / Time: 0h:0m:3s (0h:0m:2s left)
Iteration 70 / LogL: -8611.092 / Time: 0h:0m:3s (0h:0m:1s left)
Iteration 80 / LogL: -8619.833 / Time: 0h:0m:4s (0h:0m:1s left)
Iteration 90 / LogL: -8611.030 / Time: 0h:0m:4s (0h:0m:0s left)
Iteration 100 / LogL: -8610.972 / Time: 0h:0m:4s (0h:0m:0s left)
TREE SEARCH COMPLETED AFTER 102 ITERATIONS / Time: 0h:0m:4s

--------------------------------------------------------------------
|                    FINALIZING TREE SEARCH                        |
--------------------------------------------------------------------
Performs final model parameters optimization
Estimate model parameters (epsilon = 0.010)
1. Initial log-likelihood: -8610.920
Optimal log-likelihood: -8610.920
Rate parameters:  A-C: 1.45446  A-G: 5.12621  A-T: 1.88617  C-G: 1.61110  C-T: 5.23124  G-T: 1.00000
Base frequencies:  A: 0.260  C: 0.217  G: 0.251  T: 0.272
Gamma shape alpha: 0.485
Parameters optimization took 1 rounds (0.005 sec)
BEST SCORE FOUND : -8610.920

Testing tree branches by SH-like aLRT with 1000 replicates...
0.079 sec.
Total tree length: 2.024

Total number of iterations: 102
CPU time used for tree search: 5.705 sec (0h:0m:5s)
Wall-clock time used for tree search: 4.866 sec (0h:0m:4s)
Total CPU time used: 6.076 sec (0h:0m:6s)
Total wall-clock time used: 5.012 sec (0h:0m:5s)

Analysis results written to: 
  IQ-TREE report:                cluster4375rr.1to1ortho.fa.aln-cln_gene1035.fa.iqtree
  Maximum-likelihood tree:       cluster4375rr.1to1ortho.fa.aln-cln_gene1035.fa.treefile
  Likelihood distances:          cluster4375rr.1to1ortho.fa.aln-cln_gene1035.fa.mldist
  Screen log file:               cluster4375rr.1to1ortho.fa.aln-cln_gene1035.fa.log

Date and Time: Mon Nov 25 10:50:39 2019
