IQ-TREE multicore version 1.6.11 for Mac OS X 64-bit built Jul 12 2019
Developed by Bui Quang Minh, Nguyen Lam Tung, Olga Chernomor,
Heiko Schmidt, Dominik Schrempf, Michael Woodhams.

Host:    slpc437 (AVX2, FMA3, 16 GB RAM)
Command: iqtree -s cluster4794rr.1to1ortho.fa.aln-cln_gene734.fa -nt 4 -m GTR+G -alrt 1000
Seed:    693191 (Using SPRNG - Scalable Parallel Random Number Generator)
Time:    Mon Nov 25 10:57:53 2019
Kernel:  AVX+FMA - 4 threads (6 CPU cores detected)

Reading alignment file cluster4794rr.1to1ortho.fa.aln-cln_gene734.fa ... Fasta format detected
Alignment most likely contains DNA/RNA sequences
Alignment has 13 sequences with 2860 columns, 1280 distinct patterns
1090 parsimony-informative, 524 singleton sites, 1246 constant sites
           Gap/Ambiguity  Composition  p-value
   1  DrolusSFB   10.00%    passed     83.46%
   2  Dino         0.87%    passed     96.45%
   3  MJM3360      5.14%    passed     56.48%
   4  DrobinSFB    3.15%    passed     71.91%
   5  Neam         0.49%    passed     86.01%
   6  RuprSFB      2.55%    passed     94.17%
   7  Retr         4.06%    passed     75.72%
   8  Beta         2.76%    passed     47.24%
   9  Spol         2.76%    passed     87.87%
  10  MJM1652      0.84%    passed     89.20%
  11  NepSFB       0.49%    passed     81.66%
  12  WPYJ         4.06%    passed     77.94%
  13  MJM2940      0.38%    passed     92.95%
****  TOTAL        2.89%  0 sequences failed composition chi2 test (p-value<5%; df=3)

Create initial parsimony tree by phylogenetic likelihood library (PLL)... 0.001 seconds

NOTE: 2 MB RAM (0 GB) is required!
Estimate model parameters (epsilon = 0.100)
1. Initial log-likelihood: -20251.440
2. Current log-likelihood: -19585.958
3. Current log-likelihood: -19581.948
Optimal log-likelihood: -19581.911
Rate parameters:  A-C: 1.38197  A-G: 3.91046  A-T: 1.11317  C-G: 1.29776  C-T: 4.43468  G-T: 1.00000
Base frequencies:  A: 0.285  C: 0.191  G: 0.232  T: 0.292
Gamma shape alpha: 0.665
Parameters optimization took 3 rounds (0.052 sec)
Computing ML distances based on estimated model parameters... 0.002 sec
Computing BIONJ tree...
0.002 seconds
Log-likelihood of BIONJ tree: -19581.910
--------------------------------------------------------------------
|             INITIALIZING CANDIDATE TREE SET                      |
--------------------------------------------------------------------
Generating 99 parsimony trees... 0.123 second
Computing log-likelihood of 99 initial trees ... 0.512 seconds
Current best score: -19581.910

Do NNI search on 20 best initial trees
Estimate model parameters (epsilon = 0.100)
BETTER TREE FOUND at iteration 1: -19581.908
Iteration 10 / LogL: -19581.957 / Time: 0h:0m:1s
Iteration 20 / LogL: -19582.031 / Time: 0h:0m:1s
Finish initializing candidate tree set (1)
Current best tree score: -19581.908 / CPU time: 1.345
Number of iterations: 20
--------------------------------------------------------------------
|               OPTIMIZING CANDIDATE TREE SET                      |
--------------------------------------------------------------------
Iteration 30 / LogL: -19583.426 / Time: 0h:0m:1s (0h:0m:4s left)
UPDATE BEST LOG-LIKELIHOOD: -19581.908
Iteration 40 / LogL: -19583.128 / Time: 0h:0m:2s (0h:0m:3s left)
Iteration 50 / LogL: -19582.009 / Time: 0h:0m:2s (0h:0m:2s left)
Iteration 60 / LogL: -19582.566 / Time: 0h:0m:3s (0h:0m:2s left)
Iteration 70 / LogL: -19581.921 / Time: 0h:0m:3s (0h:0m:1s left)
Iteration 80 / LogL: -19581.919 / Time: 0h:0m:4s (0h:0m:1s left)
Iteration 90 / LogL: -19584.483 / Time: 0h:0m:4s (0h:0m:0s left)
Iteration 100 / LogL: -19581.972 / Time: 0h:0m:5s (0h:0m:0s left)
TREE SEARCH COMPLETED AFTER 102 ITERATIONS / Time: 0h:0m:5s

--------------------------------------------------------------------
|                    FINALIZING TREE SEARCH                        |
--------------------------------------------------------------------
Performs final model parameters optimization
Estimate model parameters (epsilon = 0.010)
1. Initial log-likelihood: -19581.908
Optimal log-likelihood: -19581.908
Rate parameters:  A-C: 1.38629  A-G: 3.90576  A-T: 1.11205  C-G: 1.29612  C-T: 4.43234  G-T: 1.00000
Base frequencies:  A: 0.285  C: 0.191  G: 0.232  T: 0.292
Gamma shape alpha: 0.666
Parameters optimization took 1 rounds (0.007 sec)
BEST SCORE FOUND : -19581.908

Testing tree branches by SH-like aLRT with 1000 replicates...
0.152 sec.
Total tree length: 1.692

Total number of iterations: 102
CPU time used for tree search: 7.630 sec (0h:0m:7s)
Wall-clock time used for tree search: 5.045 sec (0h:0m:5s)
Total CPU time used: 8.356 sec (0h:0m:8s)
Total wall-clock time used: 5.276 sec (0h:0m:5s)

Analysis results written to: 
  IQ-TREE report:                cluster4794rr.1to1ortho.fa.aln-cln_gene734.fa.iqtree
  Maximum-likelihood tree:       cluster4794rr.1to1ortho.fa.aln-cln_gene734.fa.treefile
  Likelihood distances:          cluster4794rr.1to1ortho.fa.aln-cln_gene734.fa.mldist
  Screen log file:               cluster4794rr.1to1ortho.fa.aln-cln_gene734.fa.log

Date and Time: Mon Nov 25 10:57:58 2019
