IQ-TREE multicore version 1.6.11 for Mac OS X 64-bit built Jul 12 2019
Developed by Bui Quang Minh, Nguyen Lam Tung, Olga Chernomor,
Heiko Schmidt, Dominik Schrempf, Michael Woodhams.

Host:    slpc437 (AVX2, FMA3, 16 GB RAM)
Command: iqtree -s cluster2878rr.1to1ortho.fa.aln-cln_gene699.fa -nt 4 -m GTR+G -alrt 1000
Seed:    687924 (Using SPRNG - Scalable Parallel Random Number Generator)
Time:    Mon Nov 25 10:16:13 2019
Kernel:  AVX+FMA - 4 threads (6 CPU cores detected)

Reading alignment file cluster2878rr.1to1ortho.fa.aln-cln_gene699.fa ... Fasta format detected
Alignment most likely contains DNA/RNA sequences
Alignment has 13 sequences with 918 columns, 428 distinct patterns
288 parsimony-informative, 135 singleton sites, 495 constant sites
           Gap/Ambiguity  Composition  p-value
   1  DrolusSFB    9.91%    passed     90.58%
   2  Dino         0.65%    passed     75.38%
   3  MJM3360     13.51%    passed     95.12%
   4  DrobinSFB    7.84%    passed     20.65%
   5  Neam         1.31%    passed     90.85%
   6  RuprSFB     12.75%    passed     62.31%
   7  Retr         6.43%    passed     74.83%
   8  Beta         4.47%    passed     87.38%
   9  Spol         4.47%    passed     86.97%
  10  MJM1652      0.65%    passed     43.03%
  11  NepSFB       1.31%    passed     89.74%
  12  WPYJ        28.76%    passed      9.26%
  13  MJM2940      7.95%    passed     82.79%
****  TOTAL        7.69%  0 sequences failed composition chi2 test (p-value<5%; df=3)

Create initial parsimony tree by phylogenetic likelihood library (PLL)... 0.001 seconds

NOTE: 0 MB RAM (0 GB) is required!
Estimate model parameters (epsilon = 0.100)
1. Initial log-likelihood: -5680.808
2. Current log-likelihood: -5449.176
3. Current log-likelihood: -5446.779
Optimal log-likelihood: -5446.745
Rate parameters:  A-C: 1.68874  A-G: 4.61716  A-T: 1.48355  C-G: 1.57963  C-T: 5.74662  G-T: 1.00000
Base frequencies:  A: 0.278  C: 0.213  G: 0.239  T: 0.271
Gamma shape alpha: 0.414
Parameters optimization took 3 rounds (0.031 sec)
Computing ML distances based on estimated model parameters... 0.001 sec
Computing BIONJ tree...
0.002 seconds
Log-likelihood of BIONJ tree: -5451.388
--------------------------------------------------------------------
|             INITIALIZING CANDIDATE TREE SET                      |
--------------------------------------------------------------------
Generating 98 parsimony trees... 0.073 second
Computing log-likelihood of 98 initial trees ... 0.405 seconds
Current best score: -5446.745

Do NNI search on 20 best initial trees
Estimate model parameters (epsilon = 0.100)
BETTER TREE FOUND at iteration 1: -5446.202
Iteration 10 / LogL: -5446.267 / Time: 0h:0m:0s
Iteration 20 / LogL: -5446.206 / Time: 0h:0m:1s
Finish initializing candidate tree set (2)
Current best tree score: -5446.202 / CPU time: 0.959
Number of iterations: 20
--------------------------------------------------------------------
|               OPTIMIZING CANDIDATE TREE SET                      |
--------------------------------------------------------------------
Iteration 30 / LogL: -5446.210 / Time: 0h:0m:1s (0h:0m:3s left)
Iteration 40 / LogL: -5446.288 / Time: 0h:0m:1s (0h:0m:2s left)
Iteration 50 / LogL: -5446.256 / Time: 0h:0m:2s (0h:0m:2s left)
Iteration 60 / LogL: -5446.424 / Time: 0h:0m:2s (0h:0m:1s left)
Iteration 70 / LogL: -5456.019 / Time: 0h:0m:2s (0h:0m:1s left)
Iteration 80 / LogL: -5454.807 / Time: 0h:0m:3s (0h:0m:0s left)
Iteration 90 / LogL: -5446.204 / Time: 0h:0m:3s (0h:0m:0s left)
Iteration 100 / LogL: -5446.289 / Time: 0h:0m:3s (0h:0m:0s left)
TREE SEARCH COMPLETED AFTER 102 ITERATIONS / Time: 0h:0m:4s

--------------------------------------------------------------------
|                    FINALIZING TREE SEARCH                        |
--------------------------------------------------------------------
Performs final model parameters optimization
Estimate model parameters (epsilon = 0.010)
1. Initial log-likelihood: -5446.202
Optimal log-likelihood: -5446.201
Rate parameters:  A-C: 1.68630  A-G: 4.60436  A-T: 1.48007  C-G: 1.58162  C-T: 5.75248  G-T: 1.00000
Base frequencies:  A: 0.278  C: 0.213  G: 0.239  T: 0.271
Gamma shape alpha: 0.414
Parameters optimization took 1 rounds (0.004 sec)
BEST SCORE FOUND : -5446.201

Testing tree branches by SH-like aLRT with 1000 replicates...
0.063 sec.
Total tree length: 1.537

Total number of iterations: 102
CPU time used for tree search: 3.989 sec (0h:0m:3s)
Wall-clock time used for tree search: 3.971 sec (0h:0m:3s)
Total CPU time used: 4.259 sec (0h:0m:4s)
Total wall-clock time used: 4.088 sec (0h:0m:4s)

Analysis results written to: 
  IQ-TREE report:                cluster2878rr.1to1ortho.fa.aln-cln_gene699.fa.iqtree
  Maximum-likelihood tree:       cluster2878rr.1to1ortho.fa.aln-cln_gene699.fa.treefile
  Likelihood distances:          cluster2878rr.1to1ortho.fa.aln-cln_gene699.fa.mldist
  Screen log file:               cluster2878rr.1to1ortho.fa.aln-cln_gene699.fa.log

Date and Time: Mon Nov 25 10:16:17 2019
