IQ-TREE multicore version 1.6.11 for Mac OS X 64-bit built Jul 12 2019
Developed by Bui Quang Minh, Nguyen Lam Tung, Olga Chernomor,
Heiko Schmidt, Dominik Schrempf, Michael Woodhams.

Host:    slpc437 (AVX2, FMA3, 16 GB RAM)
Command: iqtree -s cluster915rr.1to1ortho.fa.aln-cln_gene860.fa -nt 4 -m GTR+G -alrt 1000
Seed:    379798 (Using SPRNG - Scalable Parallel Random Number Generator)
Time:    Mon Nov 25 11:14:29 2019
Kernel:  AVX+FMA - 4 threads (6 CPU cores detected)

Reading alignment file cluster915rr.1to1ortho.fa.aln-cln_gene860.fa ... Fasta format detected
Alignment most likely contains DNA/RNA sequences
Alignment has 13 sequences with 1822 columns, 974 distinct patterns
691 parsimony-informative, 300 singleton sites, 831 constant sites
           Gap/Ambiguity  Composition  p-value
   1  DrolusSFB    2.31%    passed     52.89%
   2  Dino         4.99%    passed     63.33%
   3  MJM3360     19.10%    passed     65.84%
   4  DrobinSFB   12.13%    passed     15.05%
   5  Neam         1.37%    passed     67.93%
   6  RuprSFB     13.89%    passed     61.63%
   7  Retr        25.58%    passed     31.03%
   8  Beta         0.99%    passed     56.49%
   9  Spol         3.29%    passed     76.42%
  10  MJM1652      2.03%    passed     76.00%
  11  NepSFB       5.82%    passed     61.63%
  12  WPYJ        32.88%    passed     57.68%
  13  MJM2940      2.14%    passed     95.53%
****  TOTAL        9.73%  0 sequences failed composition chi2 test (p-value<5%; df=3)

Create initial parsimony tree by phylogenetic likelihood library (PLL)... 0.001 seconds

NOTE: 1 MB RAM (0 GB) is required!
Estimate model parameters (epsilon = 0.100)
1. Initial log-likelihood: -12279.605
2. Current log-likelihood: -11862.270
3. Current log-likelihood: -11858.390
Optimal log-likelihood: -11858.343
Rate parameters:  A-C: 1.59782  A-G: 3.64226  A-T: 1.34932  C-G: 1.39940  C-T: 5.33057  G-T: 1.00000
Base frequencies:  A: 0.296  C: 0.191  G: 0.245  T: 0.268
Gamma shape alpha: 0.548
Parameters optimization took 3 rounds (0.043 sec)
Computing ML distances based on estimated model parameters... 0.002 sec
Computing BIONJ tree...
0.002 seconds
Log-likelihood of BIONJ tree: -11851.887
--------------------------------------------------------------------
|             INITIALIZING CANDIDATE TREE SET                      |
--------------------------------------------------------------------
Generating 98 parsimony trees... 0.100 second
Computing log-likelihood of 98 initial trees ... 0.473 seconds
Current best score: -11851.887

Do NNI search on 20 best initial trees
Estimate model parameters (epsilon = 0.100)
BETTER TREE FOUND at iteration 1: -11851.881
Iteration 10 / LogL: -11853.095 / Time: 0h:0m:0s
Iteration 20 / LogL: -11852.034 / Time: 0h:0m:1s
Finish initializing candidate tree set (2)
Current best tree score: -11851.881 / CPU time: 1.214
Number of iterations: 20
--------------------------------------------------------------------
|               OPTIMIZING CANDIDATE TREE SET                      |
--------------------------------------------------------------------
Iteration 30 / LogL: -11852.619 / Time: 0h:0m:1s (0h:0m:4s left)
Iteration 40 / LogL: -11852.390 / Time: 0h:0m:2s (0h:0m:3s left)
Iteration 50 / LogL: -11851.910 / Time: 0h:0m:2s (0h:0m:2s left)
Iteration 60 / LogL: -11853.200 / Time: 0h:0m:2s (0h:0m:2s left)
Iteration 70 / LogL: -11852.050 / Time: 0h:0m:3s (0h:0m:1s left)
Iteration 80 / LogL: -11852.414 / Time: 0h:0m:3s (0h:0m:0s left)
Iteration 90 / LogL: -11852.738 / Time: 0h:0m:4s (0h:0m:0s left)
Iteration 100 / LogL: -11852.901 / Time: 0h:0m:4s (0h:0m:0s left)
TREE SEARCH COMPLETED AFTER 102 ITERATIONS / Time: 0h:0m:4s

--------------------------------------------------------------------
|                    FINALIZING TREE SEARCH                        |
--------------------------------------------------------------------
Performs final model parameters optimization
Estimate model parameters (epsilon = 0.010)
1. Initial log-likelihood: -11851.881
Optimal log-likelihood: -11851.879
Rate parameters:  A-C: 1.60122  A-G: 3.64040  A-T: 1.34869  C-G: 1.39115  C-T: 5.34070  G-T: 1.00000
Base frequencies:  A: 0.296  C: 0.191  G: 0.245  T: 0.268
Gamma shape alpha: 0.551
Parameters optimization took 1 rounds (0.006 sec)
BEST SCORE FOUND : -11851.879

Testing tree branches by SH-like aLRT with 1000 replicates...
0.105 sec.
Total tree length: 1.800

Total number of iterations: 102
CPU time used for tree search: 6.242 sec (0h:0m:6s)
Wall-clock time used for tree search: 4.614 sec (0h:0m:4s)
Total CPU time used: 6.743 sec (0h:0m:6s)
Total wall-clock time used: 4.788 sec (0h:0m:4s)

Analysis results written to: 
  IQ-TREE report:                cluster915rr.1to1ortho.fa.aln-cln_gene860.fa.iqtree
  Maximum-likelihood tree:       cluster915rr.1to1ortho.fa.aln-cln_gene860.fa.treefile
  Likelihood distances:          cluster915rr.1to1ortho.fa.aln-cln_gene860.fa.mldist
  Screen log file:               cluster915rr.1to1ortho.fa.aln-cln_gene860.fa.log

Date and Time: Mon Nov 25 11:14:34 2019
