IQ-TREE multicore version 1.6.11 for Mac OS X 64-bit built Jul 12 2019
Developed by Bui Quang Minh, Nguyen Lam Tung, Olga Chernomor,
Heiko Schmidt, Dominik Schrempf, Michael Woodhams.

Host:    slpc437 (AVX2, FMA3, 16 GB RAM)
Command: iqtree -s cluster2412rr.1to1ortho.fa.aln-cln_gene276.fa -nt 4 -m GTR+G -alrt 1000
Seed:    456774 (Using SPRNG - Scalable Parallel Random Number Generator)
Time:    Mon Nov 25 10:03:23 2019
Kernel:  AVX+FMA - 4 threads (6 CPU cores detected)

Reading alignment file cluster2412rr.1to1ortho.fa.aln-cln_gene276.fa ... Fasta format detected
Alignment most likely contains DNA/RNA sequences
Alignment has 13 sequences with 1374 columns, 605 distinct patterns
448 parsimony-informative, 163 singleton sites, 763 constant sites
           Gap/Ambiguity  Composition  p-value
   1  DrolusSFB    0.44%    passed     53.08%
   2  Dino         6.91%    passed     65.48%
   3  MJM3360      7.06%    passed     84.51%
   4  DrobinSFB   11.21%    passed     84.72%
   5  Neam         0.00%    passed     92.02%
   6  RuprSFB     10.48%    passed      5.18%
   7  Retr         7.57%    passed     69.89%
   8  Beta        32.53%    passed     74.00%
   9  Spol        22.63%    passed     62.74%
  10  MJM1652      7.86%    passed     53.04%
  11  NepSFB       0.00%    passed     80.57%
  12  WPYJ         7.64%    passed     96.25%
  13  MJM2940      0.44%    passed     55.00%
****  TOTAL        8.83%  0 sequences failed composition chi2 test (p-value<5%; df=3)

Create initial parsimony tree by phylogenetic likelihood library (PLL)... 0.001 seconds

NOTE: 1 MB RAM (0 GB) is required!
Estimate model parameters (epsilon = 0.100)
1. Initial log-likelihood: -8641.510
2. Current log-likelihood: -8181.164
3. Current log-likelihood: -8173.028
4. Current log-likelihood: -8172.678
Optimal log-likelihood: -8172.651
Rate parameters:  A-C: 2.40318  A-G: 4.91668  A-T: 1.65154  C-G: 1.15731  C-T: 8.69860  G-T: 1.00000
Base frequencies:  A: 0.272  C: 0.189  G: 0.284  T: 0.255
Gamma shape alpha: 0.327
Parameters optimization took 4 rounds (0.048 sec)
Computing ML distances based on estimated model parameters... 0.001 sec
Computing BIONJ tree...
0.002 seconds
Log-likelihood of BIONJ tree: -8175.253
--------------------------------------------------------------------
|             INITIALIZING CANDIDATE TREE SET                      |
--------------------------------------------------------------------
Generating 98 parsimony trees... 0.085 second
Computing log-likelihood of 98 initial trees ... 0.431 seconds
Current best score: -8170.701

Do NNI search on 20 best initial trees
Estimate model parameters (epsilon = 0.100)
BETTER TREE FOUND at iteration 1: -8166.126
Iteration 10 / LogL: -8166.130 / Time: 0h:0m:0s
Iteration 20 / LogL: -8166.146 / Time: 0h:0m:1s
Finish initializing candidate tree set (4)
Current best tree score: -8166.126 / CPU time: 1.112
Number of iterations: 20
--------------------------------------------------------------------
|               OPTIMIZING CANDIDATE TREE SET                      |
--------------------------------------------------------------------
Iteration 30 / LogL: -8166.156 / Time: 0h:0m:1s (0h:0m:3s left)
Iteration 40 / LogL: -8166.273 / Time: 0h:0m:1s (0h:0m:3s left)
Iteration 50 / LogL: -8171.704 / Time: 0h:0m:2s (0h:0m:2s left)
Iteration 60 / LogL: -8171.810 / Time: 0h:0m:2s (0h:0m:1s left)
Iteration 70 / LogL: -8171.838 / Time: 0h:0m:3s (0h:0m:1s left)
Iteration 80 / LogL: -8171.890 / Time: 0h:0m:3s (0h:0m:0s left)
Iteration 90 / LogL: -8166.400 / Time: 0h:0m:4s (0h:0m:0s left)
Iteration 100 / LogL: -8171.837 / Time: 0h:0m:4s (0h:0m:0s left)
TREE SEARCH COMPLETED AFTER 102 ITERATIONS / Time: 0h:0m:4s

--------------------------------------------------------------------
|                    FINALIZING TREE SEARCH                        |
--------------------------------------------------------------------
Performs final model parameters optimization
Estimate model parameters (epsilon = 0.010)
1. Initial log-likelihood: -8166.126
Optimal log-likelihood: -8166.124
Rate parameters:  A-C: 2.31091  A-G: 4.89218  A-T: 1.62046  C-G: 1.07705  C-T: 8.70315  G-T: 1.00000
Base frequencies:  A: 0.272  C: 0.189  G: 0.284  T: 0.255
Gamma shape alpha: 0.325
Parameters optimization took 1 rounds (0.005 sec)
BEST SCORE FOUND : -8166.124

Testing tree branches by SH-like aLRT with 1000 replicates...
0.084 sec.
Total tree length: 1.763

Total number of iterations: 102
CPU time used for tree search: 5.200 sec (0h:0m:5s)
Wall-clock time used for tree search: 4.540 sec (0h:0m:4s)
Total CPU time used: 5.603 sec (0h:0m:5s)
Total wall-clock time used: 4.698 sec (0h:0m:4s)

Analysis results written to: 
  IQ-TREE report:                cluster2412rr.1to1ortho.fa.aln-cln_gene276.fa.iqtree
  Maximum-likelihood tree:       cluster2412rr.1to1ortho.fa.aln-cln_gene276.fa.treefile
  Likelihood distances:          cluster2412rr.1to1ortho.fa.aln-cln_gene276.fa.mldist
  Screen log file:               cluster2412rr.1to1ortho.fa.aln-cln_gene276.fa.log

Date and Time: Mon Nov 25 10:03:28 2019
