IQ-TREE multicore version 1.6.11 for Mac OS X 64-bit built Jul 12 2019
Developed by Bui Quang Minh, Nguyen Lam Tung, Olga Chernomor,
Heiko Schmidt, Dominik Schrempf, Michael Woodhams.

Host:    slpc437 (AVX2, FMA3, 16 GB RAM)
Command: iqtree -s cluster2315rr.1to1ortho.fa.aln-cln_gene700.fa -nt 4 -m GTR+G -alrt 1000
Seed:    631623 (Using SPRNG - Scalable Parallel Random Number Generator)
Time:    Mon Nov 25 10:02:29 2019
Kernel:  AVX+FMA - 4 threads (6 CPU cores detected)

Reading alignment file cluster2315rr.1to1ortho.fa.aln-cln_gene700.fa ... Fasta format detected
Alignment most likely contains DNA/RNA sequences
Alignment has 13 sequences with 867 columns, 449 distinct patterns
297 parsimony-informative, 140 singleton sites, 430 constant sites
           Gap/Ambiguity  Composition  p-value
   1  DrolusSFB    3.11%    passed     45.71%
   2  Dino         0.00%    passed     94.53%
   3  MJM3360      0.69%    passed     63.73%
   4  DrobinSFB    4.27%    passed     88.98%
   5  Neam        11.88%    passed     86.60%
   6  RuprSFB      0.69%    passed     90.03%
   7  Retr        13.84%    passed     25.54%
   8  Beta         7.84%    passed     74.82%
   9  Spol         8.88%    passed     67.43%
  10  MJM1652      0.12%    passed     95.48%
  11  NepSFB       0.00%    passed     98.88%
  12  WPYJ        33.56%    passed     88.16%
  13  MJM2940      6.00%    passed     97.78%
****  TOTAL        6.99%  0 sequences failed composition chi2 test (p-value<5%; df=3)

Create initial parsimony tree by phylogenetic likelihood library (PLL)... 0.001 seconds

NOTE: 0 MB RAM (0 GB) is required!
Estimate model parameters (epsilon = 0.100)
1. Initial log-likelihood: -5699.355
2. Current log-likelihood: -5458.084
3. Current log-likelihood: -5455.636
Optimal log-likelihood: -5455.596
Rate parameters:  A-C: 1.20510  A-G: 3.60224  A-T: 0.95796  C-G: 1.14292  C-T: 5.01003  G-T: 1.00000
Base frequencies:  A: 0.270  C: 0.188  G: 0.266  T: 0.277
Gamma shape alpha: 0.475
Parameters optimization took 3 rounds (0.031 sec)
Computing ML distances based on estimated model parameters... 0.001 sec
Computing BIONJ tree...
0.002 seconds
Log-likelihood of BIONJ tree: -5452.399
--------------------------------------------------------------------
|             INITIALIZING CANDIDATE TREE SET                      |
--------------------------------------------------------------------
Generating 98 parsimony trees... 0.071 second
Computing log-likelihood of 98 initial trees ... 0.418 seconds
Current best score: -5452.399

Do NNI search on 20 best initial trees
Estimate model parameters (epsilon = 0.100)
BETTER TREE FOUND at iteration 1: -5452.146
Iteration 10 / LogL: -5452.157 / Time: 0h:0m:0s
Iteration 20 / LogL: -5452.151 / Time: 0h:0m:1s
Finish initializing candidate tree set (3)
Current best tree score: -5452.146 / CPU time: 1.039
Number of iterations: 20
--------------------------------------------------------------------
|               OPTIMIZING CANDIDATE TREE SET                      |
--------------------------------------------------------------------
Iteration 30 / LogL: -5452.149 / Time: 0h:0m:1s (0h:0m:3s left)
Iteration 40 / LogL: -5452.171 / Time: 0h:0m:1s (0h:0m:3s left)
Iteration 50 / LogL: -5454.543 / Time: 0h:0m:2s (0h:0m:2s left)
Iteration 60 / LogL: -5452.151 / Time: 0h:0m:2s (0h:0m:1s left)
Iteration 70 / LogL: -5452.156 / Time: 0h:0m:3s (0h:0m:1s left)
Iteration 80 / LogL: -5454.837 / Time: 0h:0m:3s (0h:0m:0s left)
Iteration 90 / LogL: -5453.082 / Time: 0h:0m:3s (0h:0m:0s left)
Iteration 100 / LogL: -5452.159 / Time: 0h:0m:4s (0h:0m:0s left)
TREE SEARCH COMPLETED AFTER 102 ITERATIONS / Time: 0h:0m:4s

--------------------------------------------------------------------
|                    FINALIZING TREE SEARCH                        |
--------------------------------------------------------------------
Performs final model parameters optimization
Estimate model parameters (epsilon = 0.010)
1. Initial log-likelihood: -5452.146
Optimal log-likelihood: -5452.143
Rate parameters:  A-C: 1.16882  A-G: 3.60739  A-T: 0.94039  C-G: 1.14040  C-T: 5.01330  G-T: 1.00000
Base frequencies:  A: 0.270  C: 0.188  G: 0.266  T: 0.277
Gamma shape alpha: 0.474
Parameters optimization took 1 rounds (0.004 sec)
BEST SCORE FOUND : -5452.143

Testing tree branches by SH-like aLRT with 1000 replicates...
0.062 sec.
Total tree length: 1.660

Total number of iterations: 102
CPU time used for tree search: 4.485 sec (0h:0m:4s)
Wall-clock time used for tree search: 4.421 sec (0h:0m:4s)
Total CPU time used: 4.748 sec (0h:0m:4s)
Total wall-clock time used: 4.537 sec (0h:0m:4s)

Analysis results written to: 
  IQ-TREE report:                cluster2315rr.1to1ortho.fa.aln-cln_gene700.fa.iqtree
  Maximum-likelihood tree:       cluster2315rr.1to1ortho.fa.aln-cln_gene700.fa.treefile
  Likelihood distances:          cluster2315rr.1to1ortho.fa.aln-cln_gene700.fa.mldist
  Screen log file:               cluster2315rr.1to1ortho.fa.aln-cln_gene700.fa.log

Date and Time: Mon Nov 25 10:02:34 2019
