IQ-TREE multicore version 1.6.11 for Mac OS X 64-bit built Jul 12 2019
Developed by Bui Quang Minh, Nguyen Lam Tung, Olga Chernomor,
Heiko Schmidt, Dominik Schrempf, Michael Woodhams.

Host:    slpc437 (AVX2, FMA3, 16 GB RAM)
Command: iqtree -s cluster5361rr.1to1ortho.fa.aln-cln_gene423.fa -nt 4 -m GTR+G -alrt 1000
Seed:    551186 (Using SPRNG - Scalable Parallel Random Number Generator)
Time:    Mon Nov 25 11:06:48 2019
Kernel:  AVX+FMA - 4 threads (6 CPU cores detected)

Reading alignment file cluster5361rr.1to1ortho.fa.aln-cln_gene423.fa ... Fasta format detected
Alignment most likely contains DNA/RNA sequences
Alignment has 13 sequences with 4905 columns, 2055 distinct patterns
1745 parsimony-informative, 729 singleton sites, 2431 constant sites
           Gap/Ambiguity  Composition  p-value
   1  DrolusSFB   22.98%    passed     39.58%
   2  Dino         1.02%    passed     96.32%
   3  MJM3360      0.98%    passed     37.64%
   4  DrobinSFB    1.04%    passed     34.51%
   5  Neam         0.61%    passed     75.99%
   6  RuprSFB      0.86%    passed     94.82%
   7  Retr         0.96%    passed     87.20%
   8  Beta         0.98%    passed     96.94%
   9  Spol         1.10%    passed     36.92%
  10  MJM1652      1.26%    passed     86.77%
  11  NepSFB       0.61%    passed     80.34%
  12  WPYJ        58.04%    passed     79.32%
  13  MJM2940      0.29%    passed     72.49%
WARNING: 1 sequences contain more than 50% gaps/ambiguity
****  TOTAL        6.98%  0 sequences failed composition chi2 test (p-value<5%; df=3)

Create initial parsimony tree by phylogenetic likelihood library (PLL)... 0.002 seconds

NOTE: 3 MB RAM (0 GB) is required!
Estimate model parameters (epsilon = 0.100)
1. Initial log-likelihood: -31785.955
2. Current log-likelihood: -30497.031
3. Current log-likelihood: -30487.996
Optimal log-likelihood: -30487.901
Rate parameters:  A-C: 1.39140  A-G: 4.88891  A-T: 1.57226  C-G: 1.25862  C-T: 5.23456  G-T: 1.00000
Base frequencies:  A: 0.273  C: 0.218  G: 0.227  T: 0.281
Gamma shape alpha: 0.507
Parameters optimization took 3 rounds (0.070 sec)
Computing ML distances based on estimated model parameters... 0.003 sec
Computing BIONJ tree...
0.002 seconds
Log-likelihood of BIONJ tree: -30480.353
--------------------------------------------------------------------
|             INITIALIZING CANDIDATE TREE SET                      |
--------------------------------------------------------------------
Generating 98 parsimony trees... 0.184 second
Computing log-likelihood of 98 initial trees ... 0.602 seconds
Current best score: -30480.353

Do NNI search on 20 best initial trees
Estimate model parameters (epsilon = 0.100)
BETTER TREE FOUND at iteration 1: -30479.510
Iteration 10 / LogL: -30479.556 / Time: 0h:0m:1s
Iteration 20 / LogL: -30479.522 / Time: 0h:0m:1s
Finish initializing candidate tree set (1)
Current best tree score: -30479.510 / CPU time: 1.681
Number of iterations: 20
--------------------------------------------------------------------
|               OPTIMIZING CANDIDATE TREE SET                      |
--------------------------------------------------------------------
Iteration 30 / LogL: -30479.627 / Time: 0h:0m:2s (0h:0m:5s left)
Iteration 40 / LogL: -30479.575 / Time: 0h:0m:2s (0h:0m:4s left)
Iteration 50 / LogL: -30479.569 / Time: 0h:0m:3s (0h:0m:3s left)
Iteration 60 / LogL: -30551.919 / Time: 0h:0m:4s (0h:0m:2s left)
Iteration 70 / LogL: -30480.414 / Time: 0h:0m:4s (0h:0m:2s left)
Iteration 80 / LogL: -30479.563 / Time: 0h:0m:5s (0h:0m:1s left)
Iteration 90 / LogL: -30480.367 / Time: 0h:0m:5s (0h:0m:0s left)
Iteration 100 / LogL: -30481.373 / Time: 0h:0m:6s (0h:0m:0s left)
TREE SEARCH COMPLETED AFTER 102 ITERATIONS / Time: 0h:0m:6s

--------------------------------------------------------------------
|                    FINALIZING TREE SEARCH                        |
--------------------------------------------------------------------
Performs final model parameters optimization
Estimate model parameters (epsilon = 0.010)
1. Initial log-likelihood: -30479.510
Optimal log-likelihood: -30479.505
Rate parameters:  A-C: 1.39975  A-G: 4.89849  A-T: 1.57406  C-G: 1.24847  C-T: 5.23212  G-T: 1.00000
Base frequencies:  A: 0.273  C: 0.218  G: 0.227  T: 0.281
Gamma shape alpha: 0.506
Parameters optimization took 1 rounds (0.010 sec)
BEST SCORE FOUND : -30479.505

Testing tree branches by SH-like aLRT with 1000 replicates...
0.248 sec.
Total tree length: 1.529

Total number of iterations: 102
CPU time used for tree search: 12.060 sec (0h:0m:12s)
Wall-clock time used for tree search: 6.466 sec (0h:0m:6s)
Total CPU time used: 13.263 sec (0h:0m:13s)
Total wall-clock time used: 6.819 sec (0h:0m:6s)

Analysis results written to: 
  IQ-TREE report:                cluster5361rr.1to1ortho.fa.aln-cln_gene423.fa.iqtree
  Maximum-likelihood tree:       cluster5361rr.1to1ortho.fa.aln-cln_gene423.fa.treefile
  Likelihood distances:          cluster5361rr.1to1ortho.fa.aln-cln_gene423.fa.mldist
  Screen log file:               cluster5361rr.1to1ortho.fa.aln-cln_gene423.fa.log

Date and Time: Mon Nov 25 11:06:55 2019
