IQ-TREE multicore version 1.6.11 for Mac OS X 64-bit built Jul 12 2019
Developed by Bui Quang Minh, Nguyen Lam Tung, Olga Chernomor,
Heiko Schmidt, Dominik Schrempf, Michael Woodhams.

Host:    slpc437 (AVX2, FMA3, 16 GB RAM)
Command: iqtree -s cluster1642rr.1to1ortho.fa.aln-cln_gene594.fa -nt 4 -m GTR+G -alrt 1000
Seed:    289543 (Using SPRNG - Scalable Parallel Random Number Generator)
Time:    Mon Nov 25 09:47:00 2019
Kernel:  AVX+FMA - 4 threads (6 CPU cores detected)

Reading alignment file cluster1642rr.1to1ortho.fa.aln-cln_gene594.fa ... Fasta format detected
Alignment most likely contains DNA/RNA sequences
Alignment has 13 sequences with 1744 columns, 845 distinct patterns
576 parsimony-informative, 341 singleton sites, 827 constant sites
           Gap/Ambiguity  Composition  p-value
   1  DrolusSFB   22.48%    passed     93.89%
   2  Dino        12.04%    failed      4.97%
   3  MJM3360     27.47%    passed     28.92%
   4  DrobinSFB   24.89%    passed     72.35%
   5  Neam        16.17%    passed     69.14%
   6  RuprSFB     23.11%    passed     60.63%
   7  Retr        70.07%    passed     22.23%
   8  Beta         2.81%    passed     76.04%
   9  Spol         3.33%    passed     64.60%
  10  MJM1652     39.97%    failed      3.26%
  11  NepSFB       0.69%    passed     80.68%
  12  WPYJ        78.50%    passed     65.45%
  13  MJM2940     22.19%    passed     36.36%
WARNING: 2 sequences contain more than 50% gaps/ambiguity
****  TOTAL       26.44%  2 sequences failed composition chi2 test (p-value<5%; df=3)

Create initial parsimony tree by phylogenetic likelihood library (PLL)... 0.001 seconds

NOTE: 1 MB RAM (0 GB) is required!
Estimate model parameters (epsilon = 0.100)
1. Initial log-likelihood: -10070.316
2. Current log-likelihood: -9657.663
3. Current log-likelihood: -9653.903
Optimal log-likelihood: -9653.862
Rate parameters:  A-C: 1.45790  A-G: 3.79694  A-T: 1.10530  C-G: 1.53449  C-T: 4.62476  G-T: 1.00000
Base frequencies:  A: 0.267  C: 0.183  G: 0.237  T: 0.313
Gamma shape alpha: 0.691
Parameters optimization took 3 rounds (0.054 sec)
Computing ML distances based on estimated model parameters... 0.001 sec
Computing BIONJ tree...
0.002 seconds
Log-likelihood of BIONJ tree: -9649.653
--------------------------------------------------------------------
|             INITIALIZING CANDIDATE TREE SET                      |
--------------------------------------------------------------------
Generating 98 parsimony trees... 0.113 second
Computing log-likelihood of 98 initial trees ... 0.502 seconds
Current best score: -9649.653

Do NNI search on 20 best initial trees
Estimate model parameters (epsilon = 0.100)
BETTER TREE FOUND at iteration 1: -9647.804
Iteration 10 / LogL: -9650.606 / Time: 0h:0m:0s
Iteration 20 / LogL: -9647.948 / Time: 0h:0m:1s
Finish initializing candidate tree set (1)
Current best tree score: -9647.804 / CPU time: 1.296
Number of iterations: 20
--------------------------------------------------------------------
|               OPTIMIZING CANDIDATE TREE SET                      |
--------------------------------------------------------------------
UPDATE BEST LOG-LIKELIHOOD: -9647.804
Iteration 30 / LogL: -9647.962 / Time: 0h:0m:1s (0h:0m:4s left)
Iteration 40 / LogL: -9647.845 / Time: 0h:0m:2s (0h:0m:3s left)
Iteration 50 / LogL: -9648.280 / Time: 0h:0m:2s (0h:0m:2s left)
Iteration 60 / LogL: -9647.890 / Time: 0h:0m:3s (0h:0m:2s left)
Iteration 70 / LogL: -9647.808 / Time: 0h:0m:3s (0h:0m:1s left)
Iteration 80 / LogL: -9673.497 / Time: 0h:0m:4s (0h:0m:1s left)
Iteration 90 / LogL: -9650.644 / Time: 0h:0m:4s (0h:0m:0s left)
Iteration 100 / LogL: -9647.812 / Time: 0h:0m:5s (0h:0m:0s left)
TREE SEARCH COMPLETED AFTER 102 ITERATIONS / Time: 0h:0m:5s

--------------------------------------------------------------------
|                    FINALIZING TREE SEARCH                        |
--------------------------------------------------------------------
Performs final model parameters optimization
Estimate model parameters (epsilon = 0.010)
1. Initial log-likelihood: -9647.804
Optimal log-likelihood: -9647.802
Rate parameters:  A-C: 1.43987  A-G: 3.81008  A-T: 1.08927  C-G: 1.54335  C-T: 4.70308  G-T: 1.00000
Base frequencies:  A: 0.267  C: 0.183  G: 0.237  T: 0.313
Gamma shape alpha: 0.694
Parameters optimization took 1 rounds (0.005 sec)
BEST SCORE FOUND : -9647.802

Testing tree branches by SH-like aLRT with 1000 replicates...
0.100 sec.
Total tree length: 1.811

Total number of iterations: 102
CPU time used for tree search: 6.581 sec (0h:0m:6s)
Wall-clock time used for tree search: 5.133 sec (0h:0m:5s)
Total CPU time used: 7.087 sec (0h:0m:7s)
Total wall-clock time used: 5.315 sec (0h:0m:5s)

Analysis results written to: 
  IQ-TREE report:                cluster1642rr.1to1ortho.fa.aln-cln_gene594.fa.iqtree
  Maximum-likelihood tree:       cluster1642rr.1to1ortho.fa.aln-cln_gene594.fa.treefile
  Likelihood distances:          cluster1642rr.1to1ortho.fa.aln-cln_gene594.fa.mldist
  Screen log file:               cluster1642rr.1to1ortho.fa.aln-cln_gene594.fa.log

Date and Time: Mon Nov 25 09:47:05 2019
