IQ-TREE multicore version 1.6.11 for Mac OS X 64-bit built Jul 12 2019
Developed by Bui Quang Minh, Nguyen Lam Tung, Olga Chernomor,
Heiko Schmidt, Dominik Schrempf, Michael Woodhams.

Host:    slpc437 (AVX2, FMA3, 16 GB RAM)
Command: iqtree -s cluster4006rr.1to1ortho.fa.aln-cln_gene617.fa -nt 4 -m GTR+G -alrt 1000
Seed:    564485 (Using SPRNG - Scalable Parallel Random Number Generator)
Time:    Mon Nov 25 10:42:48 2019
Kernel:  AVX+FMA - 4 threads (6 CPU cores detected)

Reading alignment file cluster4006rr.1to1ortho.fa.aln-cln_gene617.fa ... Fasta format detected
Alignment most likely contains DNA/RNA sequences
Alignment has 13 sequences with 1085 columns, 588 distinct patterns
416 parsimony-informative, 194 singleton sites, 475 constant sites
           Gap/Ambiguity  Composition  p-value
   1  DrolusSFB    8.39%    passed     81.42%
   2  Dino        12.90%    passed     95.22%
   3  MJM3360     16.77%    passed     98.00%
   4  DrobinSFB    3.13%    passed     54.43%
   5  Neam         0.28%    passed     98.13%
   6  RuprSFB     12.53%    passed     95.58%
   7  Retr        13.82%    passed     57.24%
   8  Beta         0.00%    passed     94.41%
   9  Spol         0.00%    passed     97.48%
  10  MJM1652      1.94%    passed     61.06%
  11  NepSFB       0.28%    passed     92.20%
  12  WPYJ        26.45%    passed     67.59%
  13  MJM2940      1.01%    passed     86.80%
****  TOTAL        7.50%  0 sequences failed composition chi2 test (p-value<5%; df=3)

Create initial parsimony tree by phylogenetic likelihood library (PLL)... 0.001 seconds

NOTE: 0 MB RAM (0 GB) is required!
Estimate model parameters (epsilon = 0.100)
1. Initial log-likelihood: -7546.266
2. Current log-likelihood: -7287.978
3. Current log-likelihood: -7285.415
Optimal log-likelihood: -7285.390
Rate parameters:  A-C: 1.66883  A-G: 4.45829  A-T: 1.33395  C-G: 1.78922  C-T: 5.54889  G-T: 1.00000
Base frequencies:  A: 0.277  C: 0.191  G: 0.245  T: 0.287
Gamma shape alpha: 0.666
Parameters optimization took 3 rounds (0.035 sec)
Computing ML distances based on estimated model parameters... 0.001 sec
Computing BIONJ tree...
0.002 seconds
Log-likelihood of BIONJ tree: -7285.390
--------------------------------------------------------------------
|             INITIALIZING CANDIDATE TREE SET                      |
--------------------------------------------------------------------
Generating 99 parsimony trees... 0.084 second
Computing log-likelihood of 98 initial trees ... 0.416 seconds
Current best score: -7285.390

Do NNI search on 20 best initial trees
Estimate model parameters (epsilon = 0.100)
BETTER TREE FOUND at iteration 1: -7285.254
Iteration 10 / LogL: -7285.491 / Time: 0h:0m:0s
Iteration 20 / LogL: -7285.382 / Time: 0h:0m:1s
Finish initializing candidate tree set (1)
Current best tree score: -7285.254 / CPU time: 1.047
Number of iterations: 20
--------------------------------------------------------------------
|               OPTIMIZING CANDIDATE TREE SET                      |
--------------------------------------------------------------------
Iteration 30 / LogL: -7285.266 / Time: 0h:0m:1s (0h:0m:3s left)
Iteration 40 / LogL: -7285.273 / Time: 0h:0m:1s (0h:0m:2s left)
UPDATE BEST LOG-LIKELIHOOD: -7285.254
Iteration 50 / LogL: -7285.371 / Time: 0h:0m:2s (0h:0m:2s left)
Iteration 60 / LogL: -7285.521 / Time: 0h:0m:2s (0h:0m:1s left)
Iteration 70 / LogL: -7285.261 / Time: 0h:0m:3s (0h:0m:1s left)
Iteration 80 / LogL: -7285.561 / Time: 0h:0m:3s (0h:0m:0s left)
Iteration 90 / LogL: -7285.257 / Time: 0h:0m:3s (0h:0m:0s left)
Iteration 100 / LogL: -7285.255 / Time: 0h:0m:4s (0h:0m:0s left)
TREE SEARCH COMPLETED AFTER 102 ITERATIONS / Time: 0h:0m:4s

--------------------------------------------------------------------
|                    FINALIZING TREE SEARCH                        |
--------------------------------------------------------------------
Performs final model parameters optimization
Estimate model parameters (epsilon = 0.010)
1. Initial log-likelihood: -7285.254
Optimal log-likelihood: -7285.254
Rate parameters:  A-C: 1.66507  A-G: 4.45974  A-T: 1.33290  C-G: 1.78319  C-T: 5.55394  G-T: 1.00000
Base frequencies:  A: 0.277  C: 0.191  G: 0.245  T: 0.287
Gamma shape alpha: 0.666
Parameters optimization took 1 rounds (0.005 sec)
BEST SCORE FOUND : -7285.254

Testing tree branches by SH-like aLRT with 1000 replicates...
0.072 sec.
Total tree length: 1.779

Total number of iterations: 102
CPU time used for tree search: 4.769 sec (0h:0m:4s)
Wall-clock time used for tree search: 4.230 sec (0h:0m:4s)
Total CPU time used: 5.092 sec (0h:0m:5s)
Total wall-clock time used: 4.360 sec (0h:0m:4s)

Analysis results written to: 
  IQ-TREE report:                cluster4006rr.1to1ortho.fa.aln-cln_gene617.fa.iqtree
  Maximum-likelihood tree:       cluster4006rr.1to1ortho.fa.aln-cln_gene617.fa.treefile
  Likelihood distances:          cluster4006rr.1to1ortho.fa.aln-cln_gene617.fa.mldist
  Screen log file:               cluster4006rr.1to1ortho.fa.aln-cln_gene617.fa.log

Date and Time: Mon Nov 25 10:42:52 2019
