IQ-TREE multicore version 1.6.11 for Mac OS X 64-bit built Jul 12 2019
Developed by Bui Quang Minh, Nguyen Lam Tung, Olga Chernomor,
Heiko Schmidt, Dominik Schrempf, Michael Woodhams.

Host:    slpc437 (AVX2, FMA3, 16 GB RAM)
Command: iqtree -s cluster1649rr.1to1ortho.fa.aln-cln_gene723.fa -nt 4 -m GTR+G -alrt 1000
Seed:    776733 (Using SPRNG - Scalable Parallel Random Number Generator)
Time:    Mon Nov 25 09:47:15 2019
Kernel:  AVX+FMA - 4 threads (6 CPU cores detected)

Reading alignment file cluster1649rr.1to1ortho.fa.aln-cln_gene723.fa ... Fasta format detected
Alignment most likely contains DNA/RNA sequences
Alignment has 13 sequences with 1460 columns, 673 distinct patterns
511 parsimony-informative, 211 singleton sites, 738 constant sites
           Gap/Ambiguity  Composition  p-value
   1  DrolusSFB    0.89%    passed     98.88%
   2  Dino         2.60%    passed     46.91%
   3  MJM3360      3.15%    passed     88.88%
   4  DrobinSFB    3.49%    passed     11.12%
   5  Neam         1.10%    passed     71.71%
   6  RuprSFB      3.29%    passed     74.95%
   7  Retr        37.95%    passed     96.99%
   8  Beta         3.90%    passed     87.33%
   9  Spol         3.90%    passed     97.32%
  10  MJM1652      2.74%    passed     27.76%
  11  NepSFB       1.10%    passed     77.86%
  12  WPYJ         3.63%    passed     69.89%
  13  MJM2940      0.89%    passed     85.25%
****  TOTAL        5.28%  0 sequences failed composition chi2 test (p-value<5%; df=3)

Create initial parsimony tree by phylogenetic likelihood library (PLL)... 0.001 seconds

NOTE: 1 MB RAM (0 GB) is required!
Estimate model parameters (epsilon = 0.100)
1. Initial log-likelihood: -9536.023
2. Current log-likelihood: -9146.377
3. Current log-likelihood: -9142.016
Optimal log-likelihood: -9141.931
Rate parameters:  A-C: 2.66423  A-G: 6.74090  A-T: 2.42655  C-G: 2.24355  C-T: 9.09984  G-T: 1.00000
Base frequencies:  A: 0.269  C: 0.191  G: 0.245  T: 0.294
Gamma shape alpha: 0.475
Parameters optimization took 3 rounds (0.044 sec)
Computing ML distances based on estimated model parameters... 0.001 sec
Computing BIONJ tree...
0.002 seconds
Log-likelihood of BIONJ tree: -9148.988
--------------------------------------------------------------------
|             INITIALIZING CANDIDATE TREE SET                      |
--------------------------------------------------------------------
Generating 98 parsimony trees... 0.092 second
Computing log-likelihood of 98 initial trees ... 0.433 seconds
Current best score: -9141.890

Do NNI search on 20 best initial trees
Estimate model parameters (epsilon = 0.100)
BETTER TREE FOUND at iteration 1: -9140.132
Iteration 10 / LogL: -9140.138 / Time: 0h:0m:0s
Iteration 20 / LogL: -9140.229 / Time: 0h:0m:1s
Finish initializing candidate tree set (1)
Current best tree score: -9140.132 / CPU time: 1.163
Number of iterations: 20
--------------------------------------------------------------------
|               OPTIMIZING CANDIDATE TREE SET                      |
--------------------------------------------------------------------
UPDATE BEST LOG-LIKELIHOOD: -9140.132
Iteration 30 / LogL: -9140.181 / Time: 0h:0m:1s (0h:0m:3s left)
Iteration 40 / LogL: -9140.522 / Time: 0h:0m:1s (0h:0m:3s left)
Iteration 50 / LogL: -9141.674 / Time: 0h:0m:2s (0h:0m:2s left)
UPDATE BEST LOG-LIKELIHOOD: -9140.132
Iteration 60 / LogL: -9140.234 / Time: 0h:0m:2s (0h:0m:1s left)
Iteration 70 / LogL: -9140.169 / Time: 0h:0m:3s (0h:0m:1s left)
Iteration 80 / LogL: -9140.388 / Time: 0h:0m:3s (0h:0m:0s left)
Iteration 90 / LogL: -9140.224 / Time: 0h:0m:3s (0h:0m:0s left)
Iteration 100 / LogL: -9140.185 / Time: 0h:0m:4s (0h:0m:0s left)
TREE SEARCH COMPLETED AFTER 102 ITERATIONS / Time: 0h:0m:4s

--------------------------------------------------------------------
|                    FINALIZING TREE SEARCH                        |
--------------------------------------------------------------------
Performs final model parameters optimization
Estimate model parameters (epsilon = 0.010)
1. Initial log-likelihood: -9140.132
Optimal log-likelihood: -9140.131
Rate parameters:  A-C: 2.73253  A-G: 6.81698  A-T: 2.42033  C-G: 2.23616  C-T: 9.24993  G-T: 1.00000
Base frequencies:  A: 0.269  C: 0.191  G: 0.245  T: 0.294
Gamma shape alpha: 0.477
Parameters optimization took 1 rounds (0.006 sec)
BEST SCORE FOUND : -9140.131

Testing tree branches by SH-like aLRT with 1000 replicates...
0.088 sec.
Total tree length: 1.595

Total number of iterations: 102
CPU time used for tree search: 5.177 sec (0h:0m:5s)
Wall-clock time used for tree search: 4.396 sec (0h:0m:4s)
Total CPU time used: 5.593 sec (0h:0m:5s)
Total wall-clock time used: 4.554 sec (0h:0m:4s)

Analysis results written to: 
  IQ-TREE report:                cluster1649rr.1to1ortho.fa.aln-cln_gene723.fa.iqtree
  Maximum-likelihood tree:       cluster1649rr.1to1ortho.fa.aln-cln_gene723.fa.treefile
  Likelihood distances:          cluster1649rr.1to1ortho.fa.aln-cln_gene723.fa.mldist
  Screen log file:               cluster1649rr.1to1ortho.fa.aln-cln_gene723.fa.log

Date and Time: Mon Nov 25 09:47:20 2019
