IQ-TREE multicore version 1.6.11 for Mac OS X 64-bit built Jul 12 2019
Developed by Bui Quang Minh, Nguyen Lam Tung, Olga Chernomor,
Heiko Schmidt, Dominik Schrempf, Michael Woodhams.

Host:    slpc437 (AVX2, FMA3, 16 GB RAM)
Command: iqtree -s cluster2096rr.1to1ortho.fa.aln-cln_gene686.fa -nt 4 -m GTR+G -alrt 1000
Seed:    419949 (Using SPRNG - Scalable Parallel Random Number Generator)
Time:    Mon Nov 25 09:56:52 2019
Kernel:  AVX+FMA - 4 threads (6 CPU cores detected)

Reading alignment file cluster2096rr.1to1ortho.fa.aln-cln_gene686.fa ... Fasta format detected
Alignment most likely contains DNA/RNA sequences
Alignment has 13 sequences with 1928 columns, 803 distinct patterns
574 parsimony-informative, 313 singleton sites, 1041 constant sites
           Gap/Ambiguity  Composition  p-value
   1  DrolusSFB   11.72%    passed     96.92%
   2  Dino         2.59%    passed     69.85%
   3  MJM3360     11.26%    passed     94.49%
   4  DrobinSFB   13.07%    passed     24.14%
   5  Neam        13.49%    passed     91.35%
   6  RuprSFB     11.36%    passed     68.96%
   7  Retr        12.34%    passed     95.43%
   8  Beta        11.15%    passed     47.78%
   9  Spol        11.15%    passed     98.34%
  10  MJM1652      2.75%    passed     22.12%
  11  NepSFB      24.69%    passed     55.78%
  12  WPYJ        12.71%    passed     79.71%
  13  MJM2940      2.44%    passed     49.30%
****  TOTAL       10.82%  0 sequences failed composition chi2 test (p-value<5%; df=3)

Create initial parsimony tree by phylogenetic likelihood library (PLL)... 0.001 seconds

NOTE: 1 MB RAM (0 GB) is required!
Estimate model parameters (epsilon = 0.100)
1. Initial log-likelihood: -11694.365
2. Current log-likelihood: -11190.336
3. Current log-likelihood: -11185.293
Optimal log-likelihood: -11185.215
Rate parameters:  A-C: 2.41559  A-G: 5.22096  A-T: 1.99564  C-G: 1.67806  C-T: 7.20756  G-T: 1.00000
Base frequencies:  A: 0.271  C: 0.190  G: 0.248  T: 0.290
Gamma shape alpha: 0.395
Parameters optimization took 3 rounds (0.057 sec)
Computing ML distances based on estimated model parameters... 0.001 sec
Computing BIONJ tree...
0.002 seconds
Log-likelihood of BIONJ tree: -11181.982
--------------------------------------------------------------------
|             INITIALIZING CANDIDATE TREE SET                      |
--------------------------------------------------------------------
Generating 98 parsimony trees... 0.096 second
Computing log-likelihood of 98 initial trees ... 0.463 seconds
Current best score: -11181.982

Do NNI search on 20 best initial trees
Estimate model parameters (epsilon = 0.100)
BETTER TREE FOUND at iteration 1: -11181.964
Iteration 10 / LogL: -11181.972 / Time: 0h:0m:0s
Iteration 20 / LogL: -11182.030 / Time: 0h:0m:1s
Finish initializing candidate tree set (2)
Current best tree score: -11181.964 / CPU time: 1.127
Number of iterations: 20
--------------------------------------------------------------------
|               OPTIMIZING CANDIDATE TREE SET                      |
--------------------------------------------------------------------
Iteration 30 / LogL: -11183.159 / Time: 0h:0m:1s (0h:0m:4s left)
Iteration 40 / LogL: -11184.432 / Time: 0h:0m:2s (0h:0m:3s left)
Iteration 50 / LogL: -11182.057 / Time: 0h:0m:2s (0h:0m:2s left)
Iteration 60 / LogL: -11182.178 / Time: 0h:0m:2s (0h:0m:1s left)
Iteration 70 / LogL: -11183.770 / Time: 0h:0m:3s (0h:0m:1s left)
Iteration 80 / LogL: -11183.788 / Time: 0h:0m:3s (0h:0m:0s left)
Iteration 90 / LogL: -11182.052 / Time: 0h:0m:4s (0h:0m:0s left)
Iteration 100 / LogL: -11182.023 / Time: 0h:0m:4s (0h:0m:0s left)
TREE SEARCH COMPLETED AFTER 102 ITERATIONS / Time: 0h:0m:4s

--------------------------------------------------------------------
|                    FINALIZING TREE SEARCH                        |
--------------------------------------------------------------------
Performs final model parameters optimization
Estimate model parameters (epsilon = 0.010)
1. Initial log-likelihood: -11181.964
Optimal log-likelihood: -11181.962
Rate parameters:  A-C: 2.41028  A-G: 5.24449  A-T: 2.03017  C-G: 1.67459  C-T: 7.21444  G-T: 1.00000
Base frequencies:  A: 0.271  C: 0.190  G: 0.248  T: 0.290
Gamma shape alpha: 0.398
Parameters optimization took 1 rounds (0.005 sec)
BEST SCORE FOUND : -11181.962

Testing tree branches by SH-like aLRT with 1000 replicates...
0.109 sec.
Total tree length: 1.546

Total number of iterations: 102
CPU time used for tree search: 5.637 sec (0h:0m:5s)
Wall-clock time used for tree search: 4.473 sec (0h:0m:4s)
Total CPU time used: 6.175 sec (0h:0m:6s)
Total wall-clock time used: 4.665 sec (0h:0m:4s)

Analysis results written to: 
  IQ-TREE report:                cluster2096rr.1to1ortho.fa.aln-cln_gene686.fa.iqtree
  Maximum-likelihood tree:       cluster2096rr.1to1ortho.fa.aln-cln_gene686.fa.treefile
  Likelihood distances:          cluster2096rr.1to1ortho.fa.aln-cln_gene686.fa.mldist
  Screen log file:               cluster2096rr.1to1ortho.fa.aln-cln_gene686.fa.log

Date and Time: Mon Nov 25 09:56:57 2019
