IQ-TREE multicore version 1.6.11 for Mac OS X 64-bit built Jul 12 2019
Developed by Bui Quang Minh, Nguyen Lam Tung, Olga Chernomor,
Heiko Schmidt, Dominik Schrempf, Michael Woodhams.

Host:    slpc437 (AVX2, FMA3, 16 GB RAM)
Command: iqtree -s cluster4930rr.1to1ortho.fa.aln-cln_gene465.fa -nt 4 -m GTR+G -alrt 1000
Seed:    197706 (Using SPRNG - Scalable Parallel Random Number Generator)
Time:    Mon Nov 25 11:01:44 2019
Kernel:  AVX+FMA - 4 threads (6 CPU cores detected)

Reading alignment file cluster4930rr.1to1ortho.fa.aln-cln_gene465.fa ... Fasta format detected
Alignment most likely contains DNA/RNA sequences
Alignment has 13 sequences with 859 columns, 373 distinct patterns
270 parsimony-informative, 116 singleton sites, 472 constant sites
           Gap/Ambiguity  Composition  p-value
   1  DrolusSFB    0.00%    passed     93.05%
   2  Dino         0.58%    passed     82.07%
   3  MJM3360      1.51%    passed     88.82%
   4  DrobinSFB    1.63%    passed     90.30%
   5  Neam         0.12%    passed     87.79%
   6  RuprSFB      1.75%    passed     95.72%
   7  Retr         3.03%    passed     94.32%
   8  Beta         0.47%    passed     90.38%
   9  Spol         0.12%    passed     94.50%
  10  MJM1652      1.51%    passed     46.91%
  11  NepSFB       0.12%    passed     88.29%
  12  WPYJ        11.64%    passed     97.59%
  13  MJM2940      0.35%    passed     80.60%
****  TOTAL        1.76%  0 sequences failed composition chi2 test (p-value<5%; df=3)

Create initial parsimony tree by phylogenetic likelihood library (PLL)... 0.001 seconds

NOTE: 0 MB RAM (0 GB) is required!
WARNING: Number of threads seems too high for short alignments. Use -nt AUTO to determine best number of threads.
Estimate model parameters (epsilon = 0.100)
1. Initial log-likelihood: -5321.638
2. Current log-likelihood: -5109.665
3. Current log-likelihood: -5108.718
Optimal log-likelihood: -5108.705
Rate parameters:  A-C: 1.54850  A-G: 4.27719  A-T: 2.07049  C-G: 1.37750  C-T: 6.68149  G-T: 1.00000
Base frequencies:  A: 0.261  C: 0.203  G: 0.251  T: 0.285
Gamma shape alpha: 0.403
Parameters optimization took 3 rounds (0.029 sec)
Computing ML distances based on estimated model parameters... 0.001 sec
Computing BIONJ tree...
0.002 seconds
Log-likelihood of BIONJ tree: -5107.259
--------------------------------------------------------------------
|             INITIALIZING CANDIDATE TREE SET                      |
--------------------------------------------------------------------
Generating 98 parsimony trees... 0.075 second
Computing log-likelihood of 97 initial trees ... 0.381 seconds
Current best score: -5107.259

Do NNI search on 20 best initial trees
Estimate model parameters (epsilon = 0.100)
BETTER TREE FOUND at iteration 1: -5107.256
Iteration 10 / LogL: -5107.263 / Time: 0h:0m:0s
Iteration 20 / LogL: -5107.282 / Time: 0h:0m:1s
Finish initializing candidate tree set (2)
Current best tree score: -5107.256 / CPU time: 0.985
Number of iterations: 20
--------------------------------------------------------------------
|               OPTIMIZING CANDIDATE TREE SET                      |
--------------------------------------------------------------------
Iteration 30 / LogL: -5107.263 / Time: 0h:0m:1s (0h:0m:3s left)
Iteration 40 / LogL: -5115.410 / Time: 0h:0m:1s (0h:0m:3s left)
Iteration 50 / LogL: -5115.403 / Time: 0h:0m:2s (0h:0m:2s left)
Iteration 60 / LogL: -5114.770 / Time: 0h:0m:2s (0h:0m:2s left)
Iteration 70 / LogL: -5107.259 / Time: 0h:0m:3s (0h:0m:1s left)
Iteration 80 / LogL: -5108.036 / Time: 0h:0m:3s (0h:0m:1s left)
Iteration 90 / LogL: -5107.405 / Time: 0h:0m:4s (0h:0m:0s left)
Iteration 100 / LogL: -5107.314 / Time: 0h:0m:4s (0h:0m:0s left)
TREE SEARCH COMPLETED AFTER 102 ITERATIONS / Time: 0h:0m:4s

--------------------------------------------------------------------
|                    FINALIZING TREE SEARCH                        |
--------------------------------------------------------------------
Performs final model parameters optimization
Estimate model parameters (epsilon = 0.010)
1. Initial log-likelihood: -5107.256
Optimal log-likelihood: -5107.255
Rate parameters:  A-C: 1.54095  A-G: 4.25530  A-T: 2.06836  C-G: 1.37494  C-T: 6.68292  G-T: 1.00000
Base frequencies:  A: 0.261  C: 0.203  G: 0.251  T: 0.285
Gamma shape alpha: 0.405
Parameters optimization took 1 rounds (0.004 sec)
BEST SCORE FOUND : -5107.255

Testing tree branches by SH-like aLRT with 1000 replicates...
0.059 sec.
Total tree length: 1.280

Total number of iterations: 102
CPU time used for tree search: 4.528 sec (0h:0m:4s)
Wall-clock time used for tree search: 4.734 sec (0h:0m:4s)
Total CPU time used: 4.778 sec (0h:0m:4s)
Total wall-clock time used: 4.844 sec (0h:0m:4s)

Analysis results written to: 
  IQ-TREE report:                cluster4930rr.1to1ortho.fa.aln-cln_gene465.fa.iqtree
  Maximum-likelihood tree:       cluster4930rr.1to1ortho.fa.aln-cln_gene465.fa.treefile
  Likelihood distances:          cluster4930rr.1to1ortho.fa.aln-cln_gene465.fa.mldist
  Screen log file:               cluster4930rr.1to1ortho.fa.aln-cln_gene465.fa.log

Date and Time: Mon Nov 25 11:01:49 2019
