IQ-TREE multicore version 1.6.11 for Mac OS X 64-bit built Jul 12 2019
Developed by Bui Quang Minh, Nguyen Lam Tung, Olga Chernomor,
Heiko Schmidt, Dominik Schrempf, Michael Woodhams.

Host:    slpc437 (AVX2, FMA3, 16 GB RAM)
Command: iqtree -s cluster4394rr.1to1ortho.fa.aln-cln_gene652.fa -nt 4 -m GTR+G -alrt 1000
Seed:    224709 (Using SPRNG - Scalable Parallel Random Number Generator)
Time:    Mon Nov 25 10:51:03 2019
Kernel:  AVX+FMA - 4 threads (6 CPU cores detected)

Reading alignment file cluster4394rr.1to1ortho.fa.aln-cln_gene652.fa ... Fasta format detected
Alignment most likely contains DNA/RNA sequences
Alignment has 13 sequences with 1553 columns, 789 distinct patterns
556 parsimony-informative, 320 singleton sites, 677 constant sites
           Gap/Ambiguity  Composition  p-value
   1  DrolusSFB   10.24%    passed     57.91%
   2  Dino        35.03%    failed      0.03%
   3  MJM3360     49.07%    failed      0.06%
   4  DrobinSFB   13.14%    failed      0.17%
   5  Neam         0.19%    failed      0.01%
   6  RuprSFB     35.42%    failed      0.00%
   7  Retr        12.81%    passed     33.12%
   8  Beta         0.84%    failed      0.12%
   9  Spol         1.09%    failed      0.01%
  10  MJM1652     26.59%    failed      0.00%
  11  NepSFB       0.19%    failed      0.00%
  12  WPYJ        46.17%    failed      0.84%
  13  MJM2940      6.50%    passed     29.34%
****  TOTAL       18.25%  10 sequences failed composition chi2 test (p-value<5%; df=3)

Create initial parsimony tree by phylogenetic likelihood library (PLL)... 0.001 seconds

NOTE: 1 MB RAM (0 GB) is required!
Estimate model parameters (epsilon = 0.100)
1. Initial log-likelihood: -10361.401
2. Current log-likelihood: -9923.966
3. Current log-likelihood: -9920.108
Optimal log-likelihood: -9920.048
Rate parameters:  A-C: 2.45950  A-G: 4.29749  A-T: 1.15279  C-G: 1.54823  C-T: 5.41045  G-T: 1.00000
Base frequencies:  A: 0.266  C: 0.178  G: 0.268  T: 0.288
Gamma shape alpha: 0.644
Parameters optimization took 3 rounds (0.058 sec)
Computing ML distances based on estimated model parameters... 0.001 sec
Computing BIONJ tree...
0.002 seconds
Log-likelihood of BIONJ tree: -9911.794
--------------------------------------------------------------------
|             INITIALIZING CANDIDATE TREE SET                      |
--------------------------------------------------------------------
Generating 98 parsimony trees... 0.095 second
Computing log-likelihood of 97 initial trees ... 0.471 seconds
Current best score: -9911.379

Do NNI search on 20 best initial trees
Estimate model parameters (epsilon = 0.100)
BETTER TREE FOUND at iteration 1: -9910.737
Iteration 10 / LogL: -9910.742 / Time: 0h:0m:1s
Iteration 20 / LogL: -9910.856 / Time: 0h:0m:1s
Finish initializing candidate tree set (2)
Current best tree score: -9910.737 / CPU time: 1.377
Number of iterations: 20
--------------------------------------------------------------------
|               OPTIMIZING CANDIDATE TREE SET                      |
--------------------------------------------------------------------
Iteration 30 / LogL: -9910.739 / Time: 0h:0m:1s (0h:0m:4s left)
Iteration 40 / LogL: -9910.801 / Time: 0h:0m:2s (0h:0m:3s left)
Iteration 50 / LogL: -9910.740 / Time: 0h:0m:2s (0h:0m:2s left)
Iteration 60 / LogL: -9910.741 / Time: 0h:0m:3s (0h:0m:2s left)
Iteration 70 / LogL: -9911.504 / Time: 0h:0m:3s (0h:0m:1s left)
Iteration 80 / LogL: -9910.829 / Time: 0h:0m:4s (0h:0m:1s left)
Iteration 90 / LogL: -9910.740 / Time: 0h:0m:4s (0h:0m:0s left)
Iteration 100 / LogL: -9910.809 / Time: 0h:0m:5s (0h:0m:0s left)
TREE SEARCH COMPLETED AFTER 102 ITERATIONS / Time: 0h:0m:5s

--------------------------------------------------------------------
|                    FINALIZING TREE SEARCH                        |
--------------------------------------------------------------------
Performs final model parameters optimization
Estimate model parameters (epsilon = 0.010)
1. Initial log-likelihood: -9910.737
Optimal log-likelihood: -9910.734
Rate parameters:  A-C: 2.46827  A-G: 4.31762  A-T: 1.19086  C-G: 1.51489  C-T: 5.44509  G-T: 1.00000
Base frequencies:  A: 0.266  C: 0.178  G: 0.268  T: 0.288
Gamma shape alpha: 0.644
Parameters optimization took 1 rounds (0.005 sec)
BEST SCORE FOUND : -9910.734

Testing tree branches by SH-like aLRT with 1000 replicates...
0.090 sec.
Total tree length: 2.188

Total number of iterations: 102
CPU time used for tree search: 6.527 sec (0h:0m:6s)
Wall-clock time used for tree search: 5.229 sec (0h:0m:5s)
Total CPU time used: 7.005 sec (0h:0m:7s)
Total wall-clock time used: 5.404 sec (0h:0m:5s)

Analysis results written to: 
  IQ-TREE report:                cluster4394rr.1to1ortho.fa.aln-cln_gene652.fa.iqtree
  Maximum-likelihood tree:       cluster4394rr.1to1ortho.fa.aln-cln_gene652.fa.treefile
  Likelihood distances:          cluster4394rr.1to1ortho.fa.aln-cln_gene652.fa.mldist
  Screen log file:               cluster4394rr.1to1ortho.fa.aln-cln_gene652.fa.log

Date and Time: Mon Nov 25 10:51:08 2019
