IQ-TREE multicore version 1.6.11 for Mac OS X 64-bit built Jul 12 2019
Developed by Bui Quang Minh, Nguyen Lam Tung, Olga Chernomor,
Heiko Schmidt, Dominik Schrempf, Michael Woodhams.

Host:    slpc437 (AVX2, FMA3, 16 GB RAM)
Command: iqtree -s cluster3763rr.1to1ortho.fa.aln-cln_gene245.fa -nt 4 -m GTR+G -alrt 1000
Seed:    370535 (Using SPRNG - Scalable Parallel Random Number Generator)
Time:    Mon Nov 25 10:36:21 2019
Kernel:  AVX+FMA - 4 threads (6 CPU cores detected)

Reading alignment file cluster3763rr.1to1ortho.fa.aln-cln_gene245.fa ... Fasta format detected
Alignment most likely contains DNA/RNA sequences
Alignment has 13 sequences with 1452 columns, 728 distinct patterns
544 parsimony-informative, 209 singleton sites, 699 constant sites
           Gap/Ambiguity  Composition  p-value
   1  DrolusSFB    0.41%    passed     53.68%
   2  Dino         0.41%    passed     87.39%
   3  MJM3360     17.42%    passed     74.01%
   4  DrobinSFB    0.62%    passed     16.30%
   5  Neam         0.83%    passed     99.53%
   6  RuprSFB     17.84%    failed      0.10%
   7  Retr         0.00%    passed     91.08%
   8  Beta         1.24%    passed     33.00%
   9  Spol         0.83%    passed      5.24%
  10  MJM1652      0.62%    passed     66.72%
  11  NepSFB      26.03%    passed     80.67%
  12  WPYJ        29.06%    passed     71.51%
  13  MJM2940      0.41%    passed     83.34%
****  TOTAL        7.36%  1 sequences failed composition chi2 test (p-value<5%; df=3)

Create initial parsimony tree by phylogenetic likelihood library (PLL)... 0.001 seconds

NOTE: 1 MB RAM (0 GB) is required!
Estimate model parameters (epsilon = 0.100)
1. Initial log-likelihood: -10220.588
2. Current log-likelihood: -9768.946
3. Current log-likelihood: -9763.075
4. Current log-likelihood: -9762.884
Optimal log-likelihood: -9762.880
Rate parameters:  A-C: 2.48801  A-G: 5.38418  A-T: 1.56234  C-G: 1.59442  C-T: 7.01700  G-T: 1.00000
Base frequencies:  A: 0.263  C: 0.188  G: 0.273  T: 0.276
Gamma shape alpha: 0.445
Parameters optimization took 4 rounds (0.050 sec)
Computing ML distances based on estimated model parameters... 0.001 sec
Computing BIONJ tree...
0.002 seconds
Log-likelihood of BIONJ tree: -9772.874
--------------------------------------------------------------------
|             INITIALIZING CANDIDATE TREE SET                      |
--------------------------------------------------------------------
Generating 98 parsimony trees... 0.097 second
Computing log-likelihood of 98 initial trees ... 0.450 seconds
Current best score: -9762.880

Do NNI search on 20 best initial trees
Estimate model parameters (epsilon = 0.100)
BETTER TREE FOUND at iteration 1: -9760.746
Iteration 10 / LogL: -9760.752 / Time: 0h:0m:0s
Iteration 20 / LogL: -9760.761 / Time: 0h:0m:1s
Finish initializing candidate tree set (3)
Current best tree score: -9760.746 / CPU time: 1.263
Number of iterations: 20
--------------------------------------------------------------------
|               OPTIMIZING CANDIDATE TREE SET                      |
--------------------------------------------------------------------
Iteration 30 / LogL: -9764.507 / Time: 0h:0m:1s (0h:0m:4s left)
Iteration 40 / LogL: -9760.818 / Time: 0h:0m:2s (0h:0m:3s left)
Iteration 50 / LogL: -9760.750 / Time: 0h:0m:2s (0h:0m:2s left)
Iteration 60 / LogL: -9760.752 / Time: 0h:0m:3s (0h:0m:2s left)
Iteration 70 / LogL: -9766.754 / Time: 0h:0m:3s (0h:0m:1s left)
Iteration 80 / LogL: -9766.809 / Time: 0h:0m:4s (0h:0m:1s left)
Iteration 90 / LogL: -9766.745 / Time: 0h:0m:4s (0h:0m:0s left)
Iteration 100 / LogL: -9760.762 / Time: 0h:0m:4s (0h:0m:0s left)
TREE SEARCH COMPLETED AFTER 102 ITERATIONS / Time: 0h:0m:5s

--------------------------------------------------------------------
|                    FINALIZING TREE SEARCH                        |
--------------------------------------------------------------------
Performs final model parameters optimization
Estimate model parameters (epsilon = 0.010)
1. Initial log-likelihood: -9760.746
Optimal log-likelihood: -9760.745
Rate parameters:  A-C: 2.47685  A-G: 5.39041  A-T: 1.55193  C-G: 1.60983  C-T: 7.02183  G-T: 1.00000
Base frequencies:  A: 0.263  C: 0.188  G: 0.273  T: 0.276
Gamma shape alpha: 0.445
Parameters optimization took 1 rounds (0.005 sec)
BEST SCORE FOUND : -9760.745

Testing tree branches by SH-like aLRT with 1000 replicates...
0.089 sec.
Total tree length: 1.936

Total number of iterations: 102
CPU time used for tree search: 6.080 sec (0h:0m:6s)
Wall-clock time used for tree search: 5.013 sec (0h:0m:5s)
Total CPU time used: 6.515 sec (0h:0m:6s)
Total wall-clock time used: 5.179 sec (0h:0m:5s)

Analysis results written to: 
  IQ-TREE report:                cluster3763rr.1to1ortho.fa.aln-cln_gene245.fa.iqtree
  Maximum-likelihood tree:       cluster3763rr.1to1ortho.fa.aln-cln_gene245.fa.treefile
  Likelihood distances:          cluster3763rr.1to1ortho.fa.aln-cln_gene245.fa.mldist
  Screen log file:               cluster3763rr.1to1ortho.fa.aln-cln_gene245.fa.log

Date and Time: Mon Nov 25 10:36:26 2019
