IQ-TREE multicore version 1.6.11 for Mac OS X 64-bit built Jul 12 2019
Developed by Bui Quang Minh, Nguyen Lam Tung, Olga Chernomor,
Heiko Schmidt, Dominik Schrempf, Michael Woodhams.

Host:    slpc437 (AVX2, FMA3, 16 GB RAM)
Command: iqtree -s cluster1934rr.1to1ortho.fa.aln-cln_gene536.fa -nt 4 -m GTR+G -alrt 1000
Seed:    507475 (Using SPRNG - Scalable Parallel Random Number Generator)
Time:    Mon Nov 25 09:52:38 2019
Kernel:  AVX+FMA - 4 threads (6 CPU cores detected)

Reading alignment file cluster1934rr.1to1ortho.fa.aln-cln_gene536.fa ... Fasta format detected
Alignment most likely contains DNA/RNA sequences
Alignment has 13 sequences with 1327 columns, 694 distinct patterns
539 parsimony-informative, 225 singleton sites, 563 constant sites
           Gap/Ambiguity  Composition  p-value
   1  DrolusSFB    3.24%    passed     31.40%
   2  Dino         0.30%    passed     37.65%
   3  MJM3360      0.15%    passed     65.01%
   4  DrobinSFB    5.20%    passed     30.78%
   5  Neam         0.00%    passed     86.09%
   6  RuprSFB     13.19%    passed     60.32%
   7  Retr         2.56%    passed     97.59%
   8  Beta         3.77%    failed      0.76%
   9  Spol         3.77%    failed      0.63%
  10  MJM1652      0.98%    passed     63.89%
  11  NepSFB       0.00%    passed     80.97%
  12  WPYJ         6.33%    passed     92.29%
  13  MJM2940      0.68%    passed     90.34%
****  TOTAL        3.09%  2 sequences failed composition chi2 test (p-value<5%; df=3)

Create initial parsimony tree by phylogenetic likelihood library (PLL)... 0.001 seconds

NOTE: 1 MB RAM (0 GB) is required!
Estimate model parameters (epsilon = 0.100)
1. Initial log-likelihood: -9900.986
2. Current log-likelihood: -9569.145
3. Current log-likelihood: -9529.342
4. Current log-likelihood: -9528.888
Optimal log-likelihood: -9528.878
Rate parameters:  A-C: 2.46143  A-G: 6.50632  A-T: 1.96479  C-G: 2.38824  C-T: 7.21832  G-T: 1.00000
Base frequencies:  A: 0.282  C: 0.187  G: 0.237  T: 0.294
Gamma shape alpha: 0.616
Parameters optimization took 4 rounds (0.079 sec)
Computing ML distances based on estimated model parameters... 0.001 sec
Computing BIONJ tree...
0.002 seconds
Log-likelihood of BIONJ tree: -9526.189
--------------------------------------------------------------------
|             INITIALIZING CANDIDATE TREE SET                      |
--------------------------------------------------------------------
Generating 98 parsimony trees... 0.080 second
Computing log-likelihood of 98 initial trees ... 0.444 seconds
Current best score: -9526.189

Do NNI search on 20 best initial trees
Estimate model parameters (epsilon = 0.100)
BETTER TREE FOUND at iteration 1: -9526.169
Iteration 10 / LogL: -9526.218 / Time: 0h:0m:0s
Iteration 20 / LogL: -9526.212 / Time: 0h:0m:1s
Finish initializing candidate tree set (1)
Current best tree score: -9526.169 / CPU time: 1.185
Number of iterations: 20
--------------------------------------------------------------------
|               OPTIMIZING CANDIDATE TREE SET                      |
--------------------------------------------------------------------
Iteration 30 / LogL: -9526.338 / Time: 0h:0m:1s (0h:0m:4s left)
Iteration 40 / LogL: -9526.173 / Time: 0h:0m:2s (0h:0m:3s left)
UPDATE BEST LOG-LIKELIHOOD: -9526.169
Iteration 50 / LogL: -9527.431 / Time: 0h:0m:2s (0h:0m:2s left)
Iteration 60 / LogL: -9528.568 / Time: 0h:0m:2s (0h:0m:1s left)
Iteration 70 / LogL: -9526.392 / Time: 0h:0m:3s (0h:0m:1s left)
Iteration 80 / LogL: -9526.574 / Time: 0h:0m:3s (0h:0m:0s left)
Iteration 90 / LogL: -9526.208 / Time: 0h:0m:4s (0h:0m:0s left)
Iteration 100 / LogL: -9527.481 / Time: 0h:0m:4s (0h:0m:0s left)
TREE SEARCH COMPLETED AFTER 102 ITERATIONS / Time: 0h:0m:4s

--------------------------------------------------------------------
|                    FINALIZING TREE SEARCH                        |
--------------------------------------------------------------------
Performs final model parameters optimization
Estimate model parameters (epsilon = 0.010)
1. Initial log-likelihood: -9526.169
Optimal log-likelihood: -9526.168
Rate parameters:  A-C: 2.44052  A-G: 6.50078  A-T: 1.93332  C-G: 2.38047  C-T: 7.22852  G-T: 1.00000
Base frequencies:  A: 0.282  C: 0.187  G: 0.237  T: 0.294
Gamma shape alpha: 0.612
Parameters optimization took 1 rounds (0.005 sec)
BEST SCORE FOUND : -9526.168

Testing tree branches by SH-like aLRT with 1000 replicates...
0.082 sec.
Total tree length: 1.925

Total number of iterations: 102
CPU time used for tree search: 5.201 sec (0h:0m:5s)
Wall-clock time used for tree search: 4.385 sec (0h:0m:4s)
Total CPU time used: 5.676 sec (0h:0m:5s)
Total wall-clock time used: 4.571 sec (0h:0m:4s)

Analysis results written to: 
  IQ-TREE report:                cluster1934rr.1to1ortho.fa.aln-cln_gene536.fa.iqtree
  Maximum-likelihood tree:       cluster1934rr.1to1ortho.fa.aln-cln_gene536.fa.treefile
  Likelihood distances:          cluster1934rr.1to1ortho.fa.aln-cln_gene536.fa.mldist
  Screen log file:               cluster1934rr.1to1ortho.fa.aln-cln_gene536.fa.log

Date and Time: Mon Nov 25 09:52:43 2019
