IQ-TREE multicore version 1.6.11 for Mac OS X 64-bit built Jul 12 2019
Developed by Bui Quang Minh, Nguyen Lam Tung, Olga Chernomor,
Heiko Schmidt, Dominik Schrempf, Michael Woodhams.

Host:    slpc437 (AVX2, FMA3, 16 GB RAM)
Command: iqtree -s cluster4238rr.1to1ortho.fa.aln-cln_gene362.fa -nt 4 -m GTR+G -alrt 1000
Seed:    818049 (Using SPRNG - Scalable Parallel Random Number Generator)
Time:    Mon Nov 25 10:47:01 2019
Kernel:  AVX+FMA - 4 threads (6 CPU cores detected)

Reading alignment file cluster4238rr.1to1ortho.fa.aln-cln_gene362.fa ... Fasta format detected
Alignment most likely contains DNA/RNA sequences
Alignment has 13 sequences with 2588 columns, 1325 distinct patterns
961 parsimony-informative, 473 singleton sites, 1154 constant sites
           Gap/Ambiguity  Composition  p-value
   1  DrolusSFB    6.11%    passed     63.62%
   2  Dino        22.30%    passed     78.92%
   3  MJM3360     23.61%    passed     69.37%
   4  DrobinSFB   10.39%    passed     47.72%
   5  Neam         1.62%    passed     46.97%
   6  RuprSFB     52.40%    passed     20.63%
   7  Retr        48.88%    passed     28.40%
   8  Beta         1.43%    passed     44.37%
   9  Spol         1.66%    passed     92.25%
  10  MJM1652     11.75%    passed      9.58%
  11  NepSFB       1.20%    passed     45.75%
  12  WPYJ        24.57%    passed     72.44%
  13  MJM2940      3.59%    passed     90.58%
WARNING: 1 sequences contain more than 50% gaps/ambiguity
****  TOTAL       16.12%  0 sequences failed composition chi2 test (p-value<5%; df=3)

Create initial parsimony tree by phylogenetic likelihood library (PLL)... 0.001 seconds

NOTE: 2 MB RAM (0 GB) is required!
Estimate model parameters (epsilon = 0.100)
1. Initial log-likelihood: -16889.066
2. Current log-likelihood: -16242.785
3. Current log-likelihood: -16237.590
Optimal log-likelihood: -16237.524
Rate parameters:  A-C: 1.55306  A-G: 3.90881  A-T: 1.29989  C-G: 1.49484  C-T: 5.38548  G-T: 1.00000
Base frequencies:  A: 0.278  C: 0.178  G: 0.263  T: 0.281
Gamma shape alpha: 0.636
Parameters optimization took 3 rounds (0.054 sec)
Computing ML distances based on estimated model parameters... 0.002 sec
Computing BIONJ tree...
0.002 seconds
Log-likelihood of BIONJ tree: -16259.204
--------------------------------------------------------------------
|             INITIALIZING CANDIDATE TREE SET                      |
--------------------------------------------------------------------
Generating 98 parsimony trees... 0.129 second
Computing log-likelihood of 97 initial trees ... 0.524 seconds
Current best score: -16237.519

Do NNI search on 20 best initial trees
Estimate model parameters (epsilon = 0.100)
BETTER TREE FOUND at iteration 1: -16237.126
Iteration 10 / LogL: -16237.135 / Time: 0h:0m:1s
Iteration 20 / LogL: -16237.133 / Time: 0h:0m:1s
Finish initializing candidate tree set (1)
Current best tree score: -16237.126 / CPU time: 1.398
Number of iterations: 20
--------------------------------------------------------------------
|               OPTIMIZING CANDIDATE TREE SET                      |
--------------------------------------------------------------------
Iteration 30 / LogL: -16237.147 / Time: 0h:0m:2s (0h:0m:4s left)
Iteration 40 / LogL: -16237.140 / Time: 0h:0m:2s (0h:0m:3s left)
Iteration 50 / LogL: -16237.545 / Time: 0h:0m:3s (0h:0m:3s left)
Iteration 60 / LogL: -16237.129 / Time: 0h:0m:3s (0h:0m:2s left)
Iteration 70 / LogL: -16237.131 / Time: 0h:0m:4s (0h:0m:1s left)
Iteration 80 / LogL: -16237.306 / Time: 0h:0m:4s (0h:0m:1s left)
Iteration 90 / LogL: -16237.653 / Time: 0h:0m:5s (0h:0m:0s left)
Iteration 100 / LogL: -16237.131 / Time: 0h:0m:5s (0h:0m:0s left)
TREE SEARCH COMPLETED AFTER 102 ITERATIONS / Time: 0h:0m:5s

--------------------------------------------------------------------
|                    FINALIZING TREE SEARCH                        |
--------------------------------------------------------------------
Performs final model parameters optimization
Estimate model parameters (epsilon = 0.010)
1. Initial log-likelihood: -16237.126
Optimal log-likelihood: -16237.124
Rate parameters:  A-C: 1.55334  A-G: 3.90432  A-T: 1.30196  C-G: 1.48081  C-T: 5.39185  G-T: 1.00000
Base frequencies:  A: 0.278  C: 0.178  G: 0.263  T: 0.281
Gamma shape alpha: 0.634
Parameters optimization took 1 rounds (0.007 sec)
BEST SCORE FOUND : -16237.124

Testing tree branches by SH-like aLRT with 1000 replicates...
0.153 sec.
Total tree length: 1.919

Total number of iterations: 102
CPU time used for tree search: 8.994 sec (0h:0m:8s)
Wall-clock time used for tree search: 5.825 sec (0h:0m:5s)
Total CPU time used: 9.701 sec (0h:0m:9s)
Total wall-clock time used: 6.063 sec (0h:0m:6s)

Analysis results written to: 
  IQ-TREE report:                cluster4238rr.1to1ortho.fa.aln-cln_gene362.fa.iqtree
  Maximum-likelihood tree:       cluster4238rr.1to1ortho.fa.aln-cln_gene362.fa.treefile
  Likelihood distances:          cluster4238rr.1to1ortho.fa.aln-cln_gene362.fa.mldist
  Screen log file:               cluster4238rr.1to1ortho.fa.aln-cln_gene362.fa.log

Date and Time: Mon Nov 25 10:47:07 2019
