IQ-TREE multicore version 1.6.11 for Mac OS X 64-bit built Jul 12 2019
Developed by Bui Quang Minh, Nguyen Lam Tung, Olga Chernomor,
Heiko Schmidt, Dominik Schrempf, Michael Woodhams.

Host:    slpc437 (AVX2, FMA3, 16 GB RAM)
Command: iqtree -s cluster1731rr.1to1ortho.fa.aln-cln_gene558.fa -nt 4 -m GTR+G -alrt 1000
Seed:    679689 (Using SPRNG - Scalable Parallel Random Number Generator)
Time:    Mon Nov 25 09:48:16 2019
Kernel:  AVX+FMA - 4 threads (6 CPU cores detected)

Reading alignment file cluster1731rr.1to1ortho.fa.aln-cln_gene558.fa ... Fasta format detected
Alignment most likely contains DNA/RNA sequences
Alignment has 13 sequences with 2404 columns, 1446 distinct patterns
1061 parsimony-informative, 548 singleton sites, 795 constant sites
           Gap/Ambiguity  Composition  p-value
   1  DrolusSFB    1.54%    passed     86.91%
   2  Dino         3.99%    passed     63.80%
   3  MJM3360     12.85%    passed     49.49%
   4  DrobinSFB    2.91%    passed     63.32%
   5  Neam         1.16%    passed     67.93%
   6  RuprSFB      6.66%    passed     62.04%
   7  Retr        15.89%    passed     73.06%
   8  Beta         5.37%    passed     88.43%
   9  Spol         5.37%    passed     46.10%
  10  MJM1652      4.70%    passed     83.22%
  11  NepSFB       0.92%    passed     73.96%
  12  WPYJ        22.21%    passed     51.42%
  13  MJM2940      1.71%    passed     64.24%
****  TOTAL        6.56%  0 sequences failed composition chi2 test (p-value<5%; df=3)

Create initial parsimony tree by phylogenetic likelihood library (PLL)... 0.001 seconds

NOTE: 2 MB RAM (0 GB) is required!
Estimate model parameters (epsilon = 0.100)
1. Initial log-likelihood: -18900.726
2. Current log-likelihood: -18304.004
3. Current log-likelihood: -18302.086
Optimal log-likelihood: -18302.062
Rate parameters:  A-C: 1.18194  A-G: 3.92608  A-T: 1.41681  C-G: 1.08765  C-T: 3.37867  G-T: 1.00000
Base frequencies:  A: 0.256  C: 0.230  G: 0.227  T: 0.286
Gamma shape alpha: 1.007
Parameters optimization took 3 rounds (0.045 sec)
Computing ML distances based on estimated model parameters... 0.002 sec
Computing BIONJ tree...
0.002 seconds
Log-likelihood of BIONJ tree: -18305.605
--------------------------------------------------------------------
|             INITIALIZING CANDIDATE TREE SET                      |
--------------------------------------------------------------------
Generating 98 parsimony trees... 0.170 second
Computing log-likelihood of 98 initial trees ... 0.542 seconds
Current best score: -18302.062

Do NNI search on 20 best initial trees
Estimate model parameters (epsilon = 0.100)
BETTER TREE FOUND at iteration 1: -18301.700
Iteration 10 / LogL: -18319.607 / Time: 0h:0m:1s
Iteration 20 / LogL: -18305.652 / Time: 0h:0m:1s
Finish initializing candidate tree set (3)
Current best tree score: -18301.700 / CPU time: 1.360
Number of iterations: 20
--------------------------------------------------------------------
|               OPTIMIZING CANDIDATE TREE SET                      |
--------------------------------------------------------------------
Iteration 30 / LogL: -18301.799 / Time: 0h:0m:1s (0h:0m:4s left)
Iteration 40 / LogL: -18319.597 / Time: 0h:0m:2s (0h:0m:3s left)
Iteration 50 / LogL: -18305.656 / Time: 0h:0m:2s (0h:0m:3s left)
Iteration 60 / LogL: -18305.826 / Time: 0h:0m:3s (0h:0m:2s left)
Iteration 70 / LogL: -18319.639 / Time: 0h:0m:3s (0h:0m:1s left)
Iteration 80 / LogL: -18301.966 / Time: 0h:0m:4s (0h:0m:1s left)
Iteration 90 / LogL: -18319.934 / Time: 0h:0m:5s (0h:0m:0s left)
Iteration 100 / LogL: -18305.993 / Time: 0h:0m:5s (0h:0m:0s left)
TREE SEARCH COMPLETED AFTER 102 ITERATIONS / Time: 0h:0m:5s

--------------------------------------------------------------------
|                    FINALIZING TREE SEARCH                        |
--------------------------------------------------------------------
Performs final model parameters optimization
Estimate model parameters (epsilon = 0.010)
1. Initial log-likelihood: -18301.700
Optimal log-likelihood: -18301.698
Rate parameters:  A-C: 1.17951  A-G: 3.91844  A-T: 1.41535  C-G: 1.09050  C-T: 3.38777  G-T: 1.00000
Base frequencies:  A: 0.256  C: 0.230  G: 0.227  T: 0.286
Gamma shape alpha: 1.006
Parameters optimization took 1 rounds (0.007 sec)
BEST SCORE FOUND : -18301.698

Testing tree branches by SH-like aLRT with 1000 replicates...
0.136 sec.
Total tree length: 2.211

Total number of iterations: 102
CPU time used for tree search: 9.006 sec (0h:0m:9s)
Wall-clock time used for tree search: 5.617 sec (0h:0m:5s)
Total CPU time used: 9.656 sec (0h:0m:9s)
Total wall-clock time used: 5.828 sec (0h:0m:5s)

Analysis results written to: 
  IQ-TREE report:                cluster1731rr.1to1ortho.fa.aln-cln_gene558.fa.iqtree
  Maximum-likelihood tree:       cluster1731rr.1to1ortho.fa.aln-cln_gene558.fa.treefile
  Likelihood distances:          cluster1731rr.1to1ortho.fa.aln-cln_gene558.fa.mldist
  Screen log file:               cluster1731rr.1to1ortho.fa.aln-cln_gene558.fa.log

Date and Time: Mon Nov 25 09:48:22 2019
