IQ-TREE multicore version 1.6.11 for Mac OS X 64-bit built Jul 12 2019
Developed by Bui Quang Minh, Nguyen Lam Tung, Olga Chernomor,
Heiko Schmidt, Dominik Schrempf, Michael Woodhams.

Host:    slpc437 (AVX2, FMA3, 16 GB RAM)
Command: iqtree -s cluster3741rr.1to1ortho.fa.aln-cln_gene497.fa -nt 4 -m GTR+G -alrt 1000
Seed:    302552 (Using SPRNG - Scalable Parallel Random Number Generator)
Time:    Mon Nov 25 10:35:54 2019
Kernel:  AVX+FMA - 4 threads (6 CPU cores detected)

Reading alignment file cluster3741rr.1to1ortho.fa.aln-cln_gene497.fa ... Fasta format detected
Alignment most likely contains DNA/RNA sequences
Alignment has 13 sequences with 1638 columns, 662 distinct patterns
554 parsimony-informative, 211 singleton sites, 873 constant sites
           Gap/Ambiguity  Composition  p-value
   1  DrolusSFB    0.43%    passed     88.15%
   2  Dino         0.37%    passed     94.70%
   3  MJM3360      0.18%    passed     66.78%
   4  DrobinSFB    0.49%    passed     83.47%
   5  Neam         0.18%    passed     91.32%
   6  RuprSFB      0.06%    passed     83.20%
   7  Retr         0.31%    failed      0.31%
   8  Beta         0.12%    passed     95.15%
   9  Spol         0.12%    passed     98.72%
  10  MJM1652      0.18%    passed     94.30%
  11  NepSFB       0.18%    passed     89.49%
  12  WPYJ         3.36%    passed     95.02%
  13  MJM2940      0.55%    passed     74.89%
****  TOTAL        0.50%  1 sequences failed composition chi2 test (p-value<5%; df=3)

Create initial parsimony tree by phylogenetic likelihood library (PLL)... 0.001 seconds

NOTE: 1 MB RAM (0 GB) is required!
Estimate model parameters (epsilon = 0.100)
1. Initial log-likelihood: -10782.524
2. Current log-likelihood: -10297.627
3. Current log-likelihood: -10293.794
Optimal log-likelihood: -10293.731
Rate parameters:  A-C: 1.94896  A-G: 5.18000  A-T: 2.33301  C-G: 1.38609  C-T: 8.25079  G-T: 1.00000
Base frequencies:  A: 0.285  C: 0.177  G: 0.269  T: 0.269
Gamma shape alpha: 0.391
Parameters optimization took 3 rounds (0.063 sec)
Computing ML distances based on estimated model parameters... 0.001 sec
Computing BIONJ tree...
0.002 seconds
Log-likelihood of BIONJ tree: -10299.180
--------------------------------------------------------------------
|             INITIALIZING CANDIDATE TREE SET                      |
--------------------------------------------------------------------
Generating 98 parsimony trees... 0.087 second
Computing log-likelihood of 97 initial trees ... 0.419 seconds
Current best score: -10293.731

Do NNI search on 20 best initial trees
Estimate model parameters (epsilon = 0.100)
BETTER TREE FOUND at iteration 1: -10293.729
Iteration 10 / LogL: -10294.634 / Time: 0h:0m:0s
Iteration 20 / LogL: -10293.761 / Time: 0h:0m:1s
Finish initializing candidate tree set (1)
Current best tree score: -10293.729 / CPU time: 1.009
Number of iterations: 20
--------------------------------------------------------------------
|               OPTIMIZING CANDIDATE TREE SET                      |
--------------------------------------------------------------------
Iteration 30 / LogL: -10293.737 / Time: 0h:0m:1s (0h:0m:3s left)
Iteration 40 / LogL: -10293.734 / Time: 0h:0m:1s (0h:0m:2s left)
Iteration 50 / LogL: -10294.754 / Time: 0h:0m:2s (0h:0m:2s left)
UPDATE BEST LOG-LIKELIHOOD: -10293.729
Iteration 60 / LogL: -10293.729 / Time: 0h:0m:2s (0h:0m:1s left)
Iteration 70 / LogL: -10293.754 / Time: 0h:0m:2s (0h:0m:1s left)
Iteration 80 / LogL: -10293.773 / Time: 0h:0m:3s (0h:0m:0s left)
Iteration 90 / LogL: -10294.359 / Time: 0h:0m:3s (0h:0m:0s left)
UPDATE BEST LOG-LIKELIHOOD: -10293.729
Iteration 100 / LogL: -10294.782 / Time: 0h:0m:4s (0h:0m:0s left)
TREE SEARCH COMPLETED AFTER 102 ITERATIONS / Time: 0h:0m:4s

--------------------------------------------------------------------
|                    FINALIZING TREE SEARCH                        |
--------------------------------------------------------------------
Performs final model parameters optimization
Estimate model parameters (epsilon = 0.010)
1. Initial log-likelihood: -10293.729
Optimal log-likelihood: -10293.729
Rate parameters:  A-C: 1.94781  A-G: 5.17600  A-T: 2.33181  C-G: 1.38556  C-T: 8.25713  G-T: 1.00000
Base frequencies:  A: 0.285  C: 0.177  G: 0.269  T: 0.269
Gamma shape alpha: 0.392
Parameters optimization took 1 rounds (0.005 sec)
BEST SCORE FOUND : -10293.729

Testing tree branches by SH-like aLRT with 1000 replicates...
0.096 sec.
Total tree length: 1.528

Total number of iterations: 102
CPU time used for tree search: 4.771 sec (0h:0m:4s)
Wall-clock time used for tree search: 4.054 sec (0h:0m:4s)
Total CPU time used: 5.259 sec (0h:0m:5s)
Total wall-clock time used: 4.236 sec (0h:0m:4s)

Analysis results written to: 
  IQ-TREE report:                cluster3741rr.1to1ortho.fa.aln-cln_gene497.fa.iqtree
  Maximum-likelihood tree:       cluster3741rr.1to1ortho.fa.aln-cln_gene497.fa.treefile
  Likelihood distances:          cluster3741rr.1to1ortho.fa.aln-cln_gene497.fa.mldist
  Screen log file:               cluster3741rr.1to1ortho.fa.aln-cln_gene497.fa.log

Date and Time: Mon Nov 25 10:35:58 2019
