IQ-TREE multicore version 1.6.11 for Mac OS X 64-bit built Jul 12 2019
Developed by Bui Quang Minh, Nguyen Lam Tung, Olga Chernomor,
Heiko Schmidt, Dominik Schrempf, Michael Woodhams.

Host:    slpc437 (AVX2, FMA3, 16 GB RAM)
Command: iqtree -s cluster3000rr.1to1ortho.fa.aln-cln_gene1055.fa -nt 4 -m GTR+G -alrt 1000
Seed:    731248 (Using SPRNG - Scalable Parallel Random Number Generator)
Time:    Mon Nov 25 10:19:35 2019
Kernel:  AVX+FMA - 4 threads (6 CPU cores detected)

Reading alignment file cluster3000rr.1to1ortho.fa.aln-cln_gene1055.fa ... Fasta format detected
Alignment most likely contains DNA/RNA sequences
Alignment has 13 sequences with 327 columns, 146 distinct patterns
101 parsimony-informative, 36 singleton sites, 190 constant sites
           Gap/Ambiguity  Composition  p-value
   1  DrolusSFB    0.00%    passed     96.12%
   2  Dino         0.00%    passed     68.72%
   3  MJM3360      2.75%    passed     96.64%
   4  DrobinSFB    0.00%    passed     83.49%
   5  Neam         0.00%    passed     99.32%
   6  RuprSFB      7.65%    passed     90.25%
   7  Retr         6.42%    passed     92.06%
   8  Beta         0.00%    passed     85.82%
   9  Spol         0.00%    passed     88.30%
  10  MJM1652      0.00%    passed     99.94%
  11  NepSFB       0.00%    passed     97.21%
  12  WPYJ         6.42%    passed     92.24%
  13  MJM2940      0.00%    passed     66.55%
****  TOTAL        1.79%  0 sequences failed composition chi2 test (p-value<5%; df=3)

Create initial parsimony tree by phylogenetic likelihood library (PLL)... 0.000 seconds

NOTE: 0 MB RAM (0 GB) is required!
WARNING: Number of threads seems too high for short alignments. Use -nt AUTO to determine best number of threads.
Estimate model parameters (epsilon = 0.100)
1. Initial log-likelihood: -1995.160
2. Current log-likelihood: -1906.041
3. Current log-likelihood: -1904.594
Optimal log-likelihood: -1904.538
Rate parameters:  A-C: 1.68057  A-G: 4.64635  A-T: 1.70783  C-G: 1.01109  C-T: 5.82658  G-T: 1.00000
Base frequencies:  A: 0.255  C: 0.216  G: 0.245  T: 0.284
Gamma shape alpha: 0.299
Parameters optimization took 3 rounds (0.035 sec)
Computing ML distances based on estimated model parameters... 0.001 sec
Computing BIONJ tree...
0.002 seconds
Log-likelihood of BIONJ tree: -1903.346
--------------------------------------------------------------------
|             INITIALIZING CANDIDATE TREE SET                      |
--------------------------------------------------------------------
Generating 98 parsimony trees... 0.055 second
Computing log-likelihood of 97 initial trees ... 0.370 seconds
Current best score: -1903.346

Do NNI search on 20 best initial trees
Estimate model parameters (epsilon = 0.100)
BETTER TREE FOUND at iteration 1: -1903.310
Iteration 10 / LogL: -1903.321 / Time: 0h:0m:0s
Iteration 20 / LogL: -1903.315 / Time: 0h:0m:0s
Finish initializing candidate tree set (3)
Current best tree score: -1903.310 / CPU time: 0.837
Number of iterations: 20
--------------------------------------------------------------------
|               OPTIMIZING CANDIDATE TREE SET                      |
--------------------------------------------------------------------
Iteration 30 / LogL: -1903.319 / Time: 0h:0m:1s (0h:0m:3s left)
Iteration 40 / LogL: -1903.343 / Time: 0h:0m:1s (0h:0m:2s left)
Iteration 50 / LogL: -1906.051 / Time: 0h:0m:2s (0h:0m:2s left)
Iteration 60 / LogL: -1903.754 / Time: 0h:0m:2s (0h:0m:1s left)
Iteration 70 / LogL: -1907.038 / Time: 0h:0m:2s (0h:0m:1s left)
Iteration 80 / LogL: -1903.494 / Time: 0h:0m:3s (0h:0m:0s left)
Iteration 90 / LogL: -1903.909 / Time: 0h:0m:3s (0h:0m:0s left)
Iteration 100 / LogL: -1906.051 / Time: 0h:0m:4s (0h:0m:0s left)
TREE SEARCH COMPLETED AFTER 102 ITERATIONS / Time: 0h:0m:4s

--------------------------------------------------------------------
|                    FINALIZING TREE SEARCH                        |
--------------------------------------------------------------------
Performs final model parameters optimization
Estimate model parameters (epsilon = 0.010)
1. Initial log-likelihood: -1903.310
Optimal log-likelihood: -1903.309
Rate parameters:  A-C: 1.61772  A-G: 4.58652  A-T: 1.67584  C-G: 0.96971  C-T: 5.89217  G-T: 1.00000
Base frequencies:  A: 0.255  C: 0.216  G: 0.245  T: 0.284
Gamma shape alpha: 0.302
Parameters optimization took 1 rounds (0.003 sec)
BEST SCORE FOUND : -1903.309

Testing tree branches by SH-like aLRT with 1000 replicates...
0.025 sec.
Total tree length: 1.432

Total number of iterations: 102
CPU time used for tree search: 3.126 sec (0h:0m:3s)
Wall-clock time used for tree search: 4.083 sec (0h:0m:4s)
Total CPU time used: 3.260 sec (0h:0m:3s)
Total wall-clock time used: 4.163 sec (0h:0m:4s)

Analysis results written to: 
  IQ-TREE report:                cluster3000rr.1to1ortho.fa.aln-cln_gene1055.fa.iqtree
  Maximum-likelihood tree:       cluster3000rr.1to1ortho.fa.aln-cln_gene1055.fa.treefile
  Likelihood distances:          cluster3000rr.1to1ortho.fa.aln-cln_gene1055.fa.mldist
  Screen log file:               cluster3000rr.1to1ortho.fa.aln-cln_gene1055.fa.log

Date and Time: Mon Nov 25 10:19:39 2019
