IQ-TREE multicore version 1.6.11 for Mac OS X 64-bit built Jul 12 2019
Developed by Bui Quang Minh, Nguyen Lam Tung, Olga Chernomor,
Heiko Schmidt, Dominik Schrempf, Michael Woodhams.

Host:    slpc437 (AVX2, FMA3, 16 GB RAM)
Command: iqtree -s cluster1039rr.1to1ortho.fa.aln-cln_gene901.fa -nt 4 -m GTR+G -alrt 1000
Seed:    498746 (Using SPRNG - Scalable Parallel Random Number Generator)
Time:    Mon Nov 25 09:36:12 2019
Kernel:  AVX+FMA - 4 threads (6 CPU cores detected)

Reading alignment file cluster1039rr.1to1ortho.fa.aln-cln_gene901.fa ... Fasta format detected
Alignment most likely contains DNA/RNA sequences
Alignment has 13 sequences with 2761 columns, 1043 distinct patterns
875 parsimony-informative, 317 singleton sites, 1569 constant sites
           Gap/Ambiguity  Composition  p-value
   1  DrolusSFB    0.11%    passed     82.90%
   2  Dino         0.04%    passed     98.71%
   3  MJM3360      0.22%    passed     82.34%
   4  DrobinSFB    0.04%    passed     11.33%
   5  Neam         0.04%    passed     50.31%
   6  RuprSFB      0.18%    passed     87.85%
   7  Retr        37.85%    passed     46.60%
   8  Beta         0.00%    passed     29.50%
   9  Spol         0.00%    passed     17.08%
  10  MJM1652      0.14%    passed     79.96%
  11  NepSFB       0.04%    passed     74.53%
  12  WPYJ        51.90%    passed     28.16%
  13  MJM2940      0.11%    passed     95.27%
WARNING: 1 sequences contain more than 50% gaps/ambiguity
****  TOTAL        6.97%  0 sequences failed composition chi2 test (p-value<5%; df=3)

Create initial parsimony tree by phylogenetic likelihood library (PLL)... 0.001 seconds

NOTE: 1 MB RAM (0 GB) is required!
Estimate model parameters (epsilon = 0.100)
1. Initial log-likelihood: -16937.326
2. Current log-likelihood: -16207.298
3. Current log-likelihood: -16198.520
4. Current log-likelihood: -16198.385
Optimal log-likelihood: -16198.380
Rate parameters:  A-C: 1.59779  A-G: 4.46900  A-T: 1.75810  C-G: 1.16334  C-T: 5.27400  G-T: 1.00000
Base frequencies:  A: 0.247  C: 0.210  G: 0.247  T: 0.296
Gamma shape alpha: 0.324
Parameters optimization took 4 rounds (0.052 sec)
Computing ML distances based on estimated model parameters... 0.002 sec
Computing BIONJ tree...
0.002 seconds
Log-likelihood of BIONJ tree: -16198.380
--------------------------------------------------------------------
|             INITIALIZING CANDIDATE TREE SET                      |
--------------------------------------------------------------------
Generating 99 parsimony trees... 0.108 second
Computing log-likelihood of 97 initial trees ... 0.473 seconds
Current best score: -16198.380

Do NNI search on 20 best initial trees
Estimate model parameters (epsilon = 0.100)
BETTER TREE FOUND at iteration 1: -16198.379
Iteration 10 / LogL: -16198.496 / Time: 0h:0m:0s
Iteration 20 / LogL: -16198.472 / Time: 0h:0m:1s
Finish initializing candidate tree set (1)
Current best tree score: -16198.379 / CPU time: 1.209
Number of iterations: 20
--------------------------------------------------------------------
|               OPTIMIZING CANDIDATE TREE SET                      |
--------------------------------------------------------------------
Iteration 30 / LogL: -16198.494 / Time: 0h:0m:1s (0h:0m:4s left)
Iteration 40 / LogL: -16199.272 / Time: 0h:0m:2s (0h:0m:3s left)
Iteration 50 / LogL: -16198.509 / Time: 0h:0m:2s (0h:0m:2s left)
Iteration 60 / LogL: -16198.433 / Time: 0h:0m:2s (0h:0m:2s left)
Iteration 70 / LogL: -16198.804 / Time: 0h:0m:3s (0h:0m:1s left)
Iteration 80 / LogL: -16198.658 / Time: 0h:0m:3s (0h:0m:1s left)
Iteration 90 / LogL: -16198.837 / Time: 0h:0m:4s (0h:0m:0s left)
Iteration 100 / LogL: -16198.730 / Time: 0h:0m:4s (0h:0m:0s left)
TREE SEARCH COMPLETED AFTER 102 ITERATIONS / Time: 0h:0m:4s

--------------------------------------------------------------------
|                    FINALIZING TREE SEARCH                        |
--------------------------------------------------------------------
Performs final model parameters optimization
Estimate model parameters (epsilon = 0.010)
1. Initial log-likelihood: -16198.379
Optimal log-likelihood: -16198.378
Rate parameters:  A-C: 1.60060  A-G: 4.48447  A-T: 1.75943  C-G: 1.16517  C-T: 5.28034  G-T: 1.00000
Base frequencies:  A: 0.247  C: 0.210  G: 0.247  T: 0.296
Gamma shape alpha: 0.324
Parameters optimization took 1 rounds (0.006 sec)
BEST SCORE FOUND : -16198.378

Testing tree branches by SH-like aLRT with 1000 replicates...
0.145 sec.
Total tree length: 1.510

Total number of iterations: 102
CPU time used for tree search: 6.345 sec (0h:0m:6s)
Wall-clock time used for tree search: 4.562 sec (0h:0m:4s)
Total CPU time used: 7.034 sec (0h:0m:7s)
Total wall-clock time used: 4.788 sec (0h:0m:4s)

Analysis results written to: 
  IQ-TREE report:                cluster1039rr.1to1ortho.fa.aln-cln_gene901.fa.iqtree
  Maximum-likelihood tree:       cluster1039rr.1to1ortho.fa.aln-cln_gene901.fa.treefile
  Likelihood distances:          cluster1039rr.1to1ortho.fa.aln-cln_gene901.fa.mldist
  Screen log file:               cluster1039rr.1to1ortho.fa.aln-cln_gene901.fa.log

Date and Time: Mon Nov 25 09:36:17 2019
