IQ-TREE multicore version 1.6.11 for Mac OS X 64-bit built Jul 12 2019
Developed by Bui Quang Minh, Nguyen Lam Tung, Olga Chernomor,
Heiko Schmidt, Dominik Schrempf, Michael Woodhams.

Host:    slpc437 (AVX2, FMA3, 16 GB RAM)
Command: iqtree -s cluster4939rr.1to1ortho.fa.aln-cln_gene4.fa -nt 4 -m GTR+G -alrt 1000
Seed:    681599 (Using SPRNG - Scalable Parallel Random Number Generator)
Time:    Mon Nov 25 11:01:58 2019
Kernel:  AVX+FMA - 4 threads (6 CPU cores detected)

Reading alignment file cluster4939rr.1to1ortho.fa.aln-cln_gene4.fa ... Fasta format detected
Alignment most likely contains DNA/RNA sequences
Alignment has 13 sequences with 642 columns, 326 distinct patterns
239 parsimony-informative, 82 singleton sites, 321 constant sites
           Gap/Ambiguity  Composition  p-value
   1  DrolusSFB    2.34%    passed     87.88%
   2  Dino         2.49%    passed     22.92%
   3  MJM3360     16.98%    passed     72.32%
   4  DrobinSFB    2.49%    passed     36.95%
   5  Neam         0.00%    passed     97.16%
   6  RuprSFB      3.27%    passed     12.51%
   7  Retr         0.93%    passed     31.37%
   8  Beta         0.93%    failed      1.44%
   9  Spol         0.93%    passed     44.93%
  10  MJM1652      2.49%    passed     87.72%
  11  NepSFB       0.00%    passed     97.51%
  12  WPYJ        31.46%    passed      6.30%
  13  MJM2940      2.34%    passed     84.61%
****  TOTAL        5.13%  1 sequences failed composition chi2 test (p-value<5%; df=3)

Create initial parsimony tree by phylogenetic likelihood library (PLL)... 0.000 seconds

NOTE: 0 MB RAM (0 GB) is required!
WARNING: Number of threads seems too high for short alignments. Use -nt AUTO to determine best number of threads.
Estimate model parameters (epsilon = 0.100)
1. Initial log-likelihood: -4397.990
2. Current log-likelihood: -4260.213
3. Current log-likelihood: -4258.071
Optimal log-likelihood: -4258.031
Rate parameters:  A-C: 1.28335  A-G: 2.75252  A-T: 0.71121  C-G: 0.95337  C-T: 2.90613  G-T: 1.00000
Base frequencies:  A: 0.227  C: 0.235  G: 0.248  T: 0.290
Gamma shape alpha: 0.433
Parameters optimization took 3 rounds (0.030 sec)
Computing ML distances based on estimated model parameters... 0.001 sec
Computing BIONJ tree...
0.002 seconds
Log-likelihood of BIONJ tree: -4258.030
--------------------------------------------------------------------
|             INITIALIZING CANDIDATE TREE SET                      |
--------------------------------------------------------------------
Generating 99 parsimony trees... 0.062 second
Computing log-likelihood of 99 initial trees ... 0.402 seconds
Current best score: -4258.030

Do NNI search on 20 best initial trees
Estimate model parameters (epsilon = 0.100)
BETTER TREE FOUND at iteration 1: -4258.030
Iteration 10 / LogL: -4258.109 / Time: 0h:0m:0s
Iteration 20 / LogL: -4258.145 / Time: 0h:0m:1s
Finish initializing candidate tree set (1)
Current best tree score: -4258.030 / CPU time: 1.007
Number of iterations: 20
--------------------------------------------------------------------
|               OPTIMIZING CANDIDATE TREE SET                      |
--------------------------------------------------------------------
Iteration 30 / LogL: -4258.128 / Time: 0h:0m:1s (0h:0m:3s left)
Iteration 40 / LogL: -4258.052 / Time: 0h:0m:1s (0h:0m:2s left)
Iteration 50 / LogL: -4258.121 / Time: 0h:0m:2s (0h:0m:2s left)
Iteration 60 / LogL: -4258.144 / Time: 0h:0m:2s (0h:0m:1s left)
UPDATE BEST LOG-LIKELIHOOD: -4258.030
Iteration 70 / LogL: -4258.340 / Time: 0h:0m:2s (0h:0m:1s left)
Iteration 80 / LogL: -4258.047 / Time: 0h:0m:3s (0h:0m:0s left)
Iteration 90 / LogL: -4258.380 / Time: 0h:0m:3s (0h:0m:0s left)
Iteration 100 / LogL: -4258.035 / Time: 0h:0m:3s (0h:0m:0s left)
TREE SEARCH COMPLETED AFTER 102 ITERATIONS / Time: 0h:0m:3s

--------------------------------------------------------------------
|                    FINALIZING TREE SEARCH                        |
--------------------------------------------------------------------
Performs final model parameters optimization
Estimate model parameters (epsilon = 0.010)
1. Initial log-likelihood: -4258.030
Optimal log-likelihood: -4258.030
Rate parameters:  A-C: 1.28325  A-G: 2.75745  A-T: 0.71173  C-G: 0.95332  C-T: 2.90636  G-T: 1.00000
Base frequencies:  A: 0.227  C: 0.235  G: 0.248  T: 0.290
Gamma shape alpha: 0.434
Parameters optimization took 1 rounds (0.004 sec)
BEST SCORE FOUND : -4258.030

Testing tree branches by SH-like aLRT with 1000 replicates...
0.047 sec.
Total tree length: 1.723

Total number of iterations: 102
CPU time used for tree search: 3.577 sec (0h:0m:3s)
Wall-clock time used for tree search: 3.904 sec (0h:0m:3s)
Total CPU time used: 3.784 sec (0h:0m:3s)
Total wall-clock time used: 4.003 sec (0h:0m:4s)

Analysis results written to: 
  IQ-TREE report:                cluster4939rr.1to1ortho.fa.aln-cln_gene4.fa.iqtree
  Maximum-likelihood tree:       cluster4939rr.1to1ortho.fa.aln-cln_gene4.fa.treefile
  Likelihood distances:          cluster4939rr.1to1ortho.fa.aln-cln_gene4.fa.mldist
  Screen log file:               cluster4939rr.1to1ortho.fa.aln-cln_gene4.fa.log

Date and Time: Mon Nov 25 11:02:02 2019
