IQ-TREE multicore version 1.6.11 for Mac OS X 64-bit built Jul 12 2019
Developed by Bui Quang Minh, Nguyen Lam Tung, Olga Chernomor,
Heiko Schmidt, Dominik Schrempf, Michael Woodhams.

Host:    slpc437 (AVX2, FMA3, 16 GB RAM)
Command: iqtree -s cluster3485rr.1to1ortho.fa.aln-cln_gene673.fa -nt 4 -m GTR+G -alrt 1000
Seed:    820243 (Using SPRNG - Scalable Parallel Random Number Generator)
Time:    Mon Nov 25 10:31:28 2019
Kernel:  AVX+FMA - 4 threads (6 CPU cores detected)

Reading alignment file cluster3485rr.1to1ortho.fa.aln-cln_gene673.fa ... Fasta format detected
Alignment most likely contains DNA/RNA sequences
Alignment has 13 sequences with 1432 columns, 594 distinct patterns
457 parsimony-informative, 192 singleton sites, 783 constant sites
           Gap/Ambiguity  Composition  p-value
   1  DrolusSFB    0.49%    passed     83.31%
   2  Dino         0.42%    passed     94.71%
   3  MJM3360      0.70%    passed     91.57%
   4  DrobinSFB    1.40%    passed     96.81%
   5  Neam         0.00%    passed     97.98%
   6  RuprSFB      0.63%    passed     79.36%
   7  Retr        13.90%    passed     79.50%
   8  Beta         2.51%    passed     86.54%
   9  Spol         1.05%    passed     86.98%
  10  MJM1652      0.21%    passed     98.30%
  11  NepSFB       0.00%    passed     98.40%
  12  WPYJ         1.68%    passed     99.05%
  13  MJM2940      0.21%    passed     96.60%
****  TOTAL        1.78%  0 sequences failed composition chi2 test (p-value<5%; df=3)

Create initial parsimony tree by phylogenetic likelihood library (PLL)... 0.001 seconds

NOTE: 1 MB RAM (0 GB) is required!
Estimate model parameters (epsilon = 0.100)
1. Initial log-likelihood: -9012.855
2. Current log-likelihood: -8672.861
3. Current log-likelihood: -8670.059
Optimal log-likelihood: -8670.041
Rate parameters:  A-C: 1.64823  A-G: 3.34324  A-T: 1.95025  C-G: 1.40777  C-T: 6.85449  G-T: 1.00000
Base frequencies:  A: 0.281  C: 0.184  G: 0.269  T: 0.266
Gamma shape alpha: 0.392
Parameters optimization took 3 rounds (0.035 sec)
Computing ML distances based on estimated model parameters... 0.001 sec
Computing BIONJ tree...
0.002 seconds
Log-likelihood of BIONJ tree: -8670.515
--------------------------------------------------------------------
|             INITIALIZING CANDIDATE TREE SET                      |
--------------------------------------------------------------------
Generating 98 parsimony trees... 0.087 second
Computing log-likelihood of 98 initial trees ... 0.410 seconds
Current best score: -8670.041

Do NNI search on 20 best initial trees
Estimate model parameters (epsilon = 0.100)
BETTER TREE FOUND at iteration 1: -8670.041
Iteration 10 / LogL: -8670.047 / Time: 0h:0m:0s
Iteration 20 / LogL: -8670.046 / Time: 0h:0m:1s
Finish initializing candidate tree set (2)
Current best tree score: -8670.041 / CPU time: 1.128
Number of iterations: 20
--------------------------------------------------------------------
|               OPTIMIZING CANDIDATE TREE SET                      |
--------------------------------------------------------------------
Iteration 30 / LogL: -8670.044 / Time: 0h:0m:1s (0h:0m:3s left)
Iteration 40 / LogL: -8671.275 / Time: 0h:0m:1s (0h:0m:2s left)
Iteration 50 / LogL: -8670.047 / Time: 0h:0m:2s (0h:0m:2s left)
Iteration 60 / LogL: -8670.048 / Time: 0h:0m:2s (0h:0m:1s left)
Iteration 70 / LogL: -8670.340 / Time: 0h:0m:2s (0h:0m:1s left)
Iteration 80 / LogL: -8670.043 / Time: 0h:0m:3s (0h:0m:0s left)
Iteration 90 / LogL: -8670.050 / Time: 0h:0m:3s (0h:0m:0s left)
Iteration 100 / LogL: -8670.463 / Time: 0h:0m:4s (0h:0m:0s left)
TREE SEARCH COMPLETED AFTER 102 ITERATIONS / Time: 0h:0m:4s

--------------------------------------------------------------------
|                    FINALIZING TREE SEARCH                        |
--------------------------------------------------------------------
Performs final model parameters optimization
Estimate model parameters (epsilon = 0.010)
1. Initial log-likelihood: -8670.041
Optimal log-likelihood: -8670.041
Rate parameters:  A-C: 1.64726  A-G: 3.34166  A-T: 1.95026  C-G: 1.40718  C-T: 6.85725  G-T: 1.00000
Base frequencies:  A: 0.281  C: 0.184  G: 0.269  T: 0.266
Gamma shape alpha: 0.392
Parameters optimization took 1 rounds (0.005 sec)
BEST SCORE FOUND : -8670.041

Testing tree branches by SH-like aLRT with 1000 replicates...
0.083 sec.
Total tree length: 1.364

Total number of iterations: 102
CPU time used for tree search: 4.802 sec (0h:0m:4s)
Wall-clock time used for tree search: 4.224 sec (0h:0m:4s)
Total CPU time used: 5.180 sec (0h:0m:5s)
Total wall-clock time used: 4.366 sec (0h:0m:4s)

Analysis results written to: 
  IQ-TREE report:                cluster3485rr.1to1ortho.fa.aln-cln_gene673.fa.iqtree
  Maximum-likelihood tree:       cluster3485rr.1to1ortho.fa.aln-cln_gene673.fa.treefile
  Likelihood distances:          cluster3485rr.1to1ortho.fa.aln-cln_gene673.fa.mldist
  Screen log file:               cluster3485rr.1to1ortho.fa.aln-cln_gene673.fa.log

Date and Time: Mon Nov 25 10:31:33 2019
