IQ-TREE multicore version 1.6.11 for Mac OS X 64-bit built Jul 12 2019
Developed by Bui Quang Minh, Nguyen Lam Tung, Olga Chernomor,
Heiko Schmidt, Dominik Schrempf, Michael Woodhams.

Host:    slpc437 (AVX2, FMA3, 16 GB RAM)
Command: iqtree -s cluster3055rr.1to1ortho.fa.aln-cln_gene1168.fa -nt 4 -m GTR+G -alrt 1000
Seed:    877251 (Using SPRNG - Scalable Parallel Random Number Generator)
Time:    Mon Nov 25 10:21:31 2019
Kernel:  AVX+FMA - 4 threads (6 CPU cores detected)

Reading alignment file cluster3055rr.1to1ortho.fa.aln-cln_gene1168.fa ... Fasta format detected
Alignment most likely contains DNA/RNA sequences
Alignment has 13 sequences with 591 columns, 309 distinct patterns
231 parsimony-informative, 70 singleton sites, 290 constant sites
           Gap/Ambiguity  Composition  p-value
   1  DrolusSFB    0.51%    passed     88.55%
   2  Dino         2.37%    passed     39.12%
   3  MJM3360      3.38%    passed     96.73%
   4  DrobinSFB   12.86%    passed      7.17%
   5  Neam         0.00%    passed     99.26%
   6  RuprSFB      9.31%    passed     89.17%
   7  Retr         4.91%    passed     54.58%
   8  Beta         2.37%    passed     51.32%
   9  Spol         1.18%    passed     45.41%
  10  MJM1652      0.51%    passed     23.23%
  11  NepSFB       0.00%    passed     98.20%
  12  WPYJ         5.41%    passed     29.17%
  13  MJM2940      0.51%    passed     97.99%
****  TOTAL        3.33%  0 sequences failed composition chi2 test (p-value<5%; df=3)

Create initial parsimony tree by phylogenetic likelihood library (PLL)... 0.001 seconds

NOTE: 0 MB RAM (0 GB) is required!
WARNING: Number of threads seems too high for short alignments. Use -nt AUTO to determine best number of threads.
Estimate model parameters (epsilon = 0.100)
1. Initial log-likelihood: -4112.343
2. Current log-likelihood: -3932.032
3. Current log-likelihood: -3929.823
Optimal log-likelihood: -3929.762
Rate parameters:  A-C: 1.48725  A-G: 4.40297  A-T: 1.35805  C-G: 1.60937  C-T: 6.95660  G-T: 1.00000
Base frequencies:  A: 0.316  C: 0.217  G: 0.224  T: 0.243
Gamma shape alpha: 0.456
Parameters optimization took 3 rounds (0.027 sec)
Computing ML distances based on estimated model parameters... 0.001 sec
Computing BIONJ tree...
0.002 seconds
Log-likelihood of BIONJ tree: -3928.208
--------------------------------------------------------------------
|             INITIALIZING CANDIDATE TREE SET                      |
--------------------------------------------------------------------
Generating 98 parsimony trees... 0.063 second
Computing log-likelihood of 98 initial trees ... 0.384 seconds
Current best score: -3928.208

Do NNI search on 20 best initial trees
Estimate model parameters (epsilon = 0.100)
BETTER TREE FOUND at iteration 1: -3926.514
Iteration 10 / LogL: -3926.525 / Time: 0h:0m:0s
Iteration 20 / LogL: -3926.515 / Time: 0h:0m:1s
Finish initializing candidate tree set (1)
Current best tree score: -3926.514 / CPU time: 1.043
Number of iterations: 20
--------------------------------------------------------------------
|               OPTIMIZING CANDIDATE TREE SET                      |
--------------------------------------------------------------------
UPDATE BEST LOG-LIKELIHOOD: -3926.514
Iteration 30 / LogL: -3926.561 / Time: 0h:0m:1s (0h:0m:3s left)
UPDATE BEST LOG-LIKELIHOOD: -3926.514
Iteration 40 / LogL: -3926.515 / Time: 0h:0m:1s (0h:0m:2s left)
Iteration 50 / LogL: -3926.689 / Time: 0h:0m:2s (0h:0m:2s left)
Iteration 60 / LogL: -3926.515 / Time: 0h:0m:2s (0h:0m:1s left)
Iteration 70 / LogL: -3926.519 / Time: 0h:0m:2s (0h:0m:1s left)
Iteration 80 / LogL: -3926.516 / Time: 0h:0m:3s (0h:0m:0s left)
Iteration 90 / LogL: -3926.630 / Time: 0h:0m:3s (0h:0m:0s left)
Iteration 100 / LogL: -3926.519 / Time: 0h:0m:4s (0h:0m:0s left)
TREE SEARCH COMPLETED AFTER 102 ITERATIONS / Time: 0h:0m:4s

--------------------------------------------------------------------
|                    FINALIZING TREE SEARCH                        |
--------------------------------------------------------------------
Performs final model parameters optimization
Estimate model parameters (epsilon = 0.010)
1. Initial log-likelihood: -3926.514
Optimal log-likelihood: -3926.512
Rate parameters:  A-C: 1.45452  A-G: 4.38072  A-T: 1.29603  C-G: 1.53459  C-T: 7.04466  G-T: 1.00000
Base frequencies:  A: 0.316  C: 0.217  G: 0.224  T: 0.243
Gamma shape alpha: 0.455
Parameters optimization took 1 rounds (0.004 sec)
BEST SCORE FOUND : -3926.512

Testing tree branches by SH-like aLRT with 1000 replicates...
0.044 sec.
Total tree length: 1.755

Total number of iterations: 102
CPU time used for tree search: 3.794 sec (0h:0m:3s)
Wall-clock time used for tree search: 4.195 sec (0h:0m:4s)
Total CPU time used: 3.986 sec (0h:0m:3s)
Total wall-clock time used: 4.289 sec (0h:0m:4s)

Analysis results written to: 
  IQ-TREE report:                cluster3055rr.1to1ortho.fa.aln-cln_gene1168.fa.iqtree
  Maximum-likelihood tree:       cluster3055rr.1to1ortho.fa.aln-cln_gene1168.fa.treefile
  Likelihood distances:          cluster3055rr.1to1ortho.fa.aln-cln_gene1168.fa.mldist
  Screen log file:               cluster3055rr.1to1ortho.fa.aln-cln_gene1168.fa.log

Date and Time: Mon Nov 25 10:21:36 2019
