IQ-TREE multicore version 1.6.11 for Mac OS X 64-bit built Jul 12 2019
Developed by Bui Quang Minh, Nguyen Lam Tung, Olga Chernomor,
Heiko Schmidt, Dominik Schrempf, Michael Woodhams.

Host:    slpc437 (AVX2, FMA3, 16 GB RAM)
Command: iqtree -s cluster726rr.1to1ortho.fa.aln-cln_gene165.fa -nt 4 -m GTR+G -alrt 1000
Seed:    853369 (Using SPRNG - Scalable Parallel Random Number Generator)
Time:    Mon Nov 25 11:12:27 2019
Kernel:  AVX+FMA - 4 threads (6 CPU cores detected)

Reading alignment file cluster726rr.1to1ortho.fa.aln-cln_gene165.fa ... Fasta format detected
Alignment most likely contains DNA/RNA sequences
Alignment has 13 sequences with 909 columns, 509 distinct patterns
355 parsimony-informative, 174 singleton sites, 380 constant sites
           Gap/Ambiguity  Composition  p-value
   1  DrolusSFB    2.97%    passed     51.03%
   2  Dino         0.99%    passed     99.48%
   3  MJM3360      0.66%    passed     80.59%
   4  DrobinSFB    2.31%    passed     69.84%
   5  Neam         0.00%    passed     79.59%
   6  RuprSFB      1.65%    passed     93.04%
   7  Retr         3.19%    passed     92.77%
   8  Beta         3.41%    passed     88.05%
   9  Spol         0.99%    passed     90.68%
  10  MJM1652      0.66%    passed     98.98%
  11  NepSFB       0.00%    passed     92.52%
  12  WPYJ        24.64%    passed     59.45%
  13  MJM2940      1.54%    passed     81.75%
****  TOTAL        3.31%  0 sequences failed composition chi2 test (p-value<5%; df=3)

Create initial parsimony tree by phylogenetic likelihood library (PLL)... 0.001 seconds

NOTE: 0 MB RAM (0 GB) is required!
Estimate model parameters (epsilon = 0.100)
1. Initial log-likelihood: -6627.508
2. Current log-likelihood: -6454.583
3. Current log-likelihood: -6453.913
Optimal log-likelihood: -6453.902
Rate parameters:  A-C: 1.19862  A-G: 3.06990  A-T: 1.94683  C-G: 1.39148  C-T: 4.97894  G-T: 1.00000
Base frequencies:  A: 0.316  C: 0.195  G: 0.259  T: 0.230
Gamma shape alpha: 0.729
Parameters optimization took 3 rounds (0.038 sec)
Computing ML distances based on estimated model parameters... 0.001 sec
Computing BIONJ tree...
0.002 seconds
Log-likelihood of BIONJ tree: -6453.902
--------------------------------------------------------------------
|             INITIALIZING CANDIDATE TREE SET                      |
--------------------------------------------------------------------
Generating 99 parsimony trees... 0.074 second
Computing log-likelihood of 99 initial trees ... 0.411 seconds
Current best score: -6453.902

Do NNI search on 20 best initial trees
Estimate model parameters (epsilon = 0.100)
BETTER TREE FOUND at iteration 1: -6453.902
Iteration 10 / LogL: -6453.992 / Time: 0h:0m:0s
Iteration 20 / LogL: -6453.918 / Time: 0h:0m:1s
Finish initializing candidate tree set (1)
Current best tree score: -6453.902 / CPU time: 0.983
Number of iterations: 20
--------------------------------------------------------------------
|               OPTIMIZING CANDIDATE TREE SET                      |
--------------------------------------------------------------------
Iteration 30 / LogL: -6454.114 / Time: 0h:0m:1s (0h:0m:3s left)
Iteration 40 / LogL: -6453.947 / Time: 0h:0m:1s (0h:0m:2s left)
Iteration 50 / LogL: -6455.741 / Time: 0h:0m:2s (0h:0m:2s left)
Iteration 60 / LogL: -6454.033 / Time: 0h:0m:2s (0h:0m:1s left)
Iteration 70 / LogL: -6453.933 / Time: 0h:0m:2s (0h:0m:1s left)
Iteration 80 / LogL: -6453.944 / Time: 0h:0m:2s (0h:0m:0s left)
UPDATE BEST LOG-LIKELIHOOD: -6453.902
Iteration 90 / LogL: -6453.907 / Time: 0h:0m:3s (0h:0m:0s left)
Iteration 100 / LogL: -6454.105 / Time: 0h:0m:3s (0h:0m:0s left)
TREE SEARCH COMPLETED AFTER 102 ITERATIONS / Time: 0h:0m:3s

--------------------------------------------------------------------
|                    FINALIZING TREE SEARCH                        |
--------------------------------------------------------------------
Performs final model parameters optimization
Estimate model parameters (epsilon = 0.010)
1. Initial log-likelihood: -6453.902
Optimal log-likelihood: -6453.902
Rate parameters:  A-C: 1.19778  A-G: 3.06210  A-T: 1.94445  C-G: 1.38929  C-T: 4.98208  G-T: 1.00000
Base frequencies:  A: 0.316  C: 0.195  G: 0.259  T: 0.230
Gamma shape alpha: 0.729
Parameters optimization took 1 rounds (0.004 sec)
BEST SCORE FOUND : -6453.902

Testing tree branches by SH-like aLRT with 1000 replicates...
0.061 sec.
Total tree length: 1.783

Total number of iterations: 102
CPU time used for tree search: 3.901 sec (0h:0m:3s)
Wall-clock time used for tree search: 3.655 sec (0h:0m:3s)
Total CPU time used: 4.194 sec (0h:0m:4s)
Total wall-clock time used: 3.777 sec (0h:0m:3s)

Analysis results written to: 
  IQ-TREE report:                cluster726rr.1to1ortho.fa.aln-cln_gene165.fa.iqtree
  Maximum-likelihood tree:       cluster726rr.1to1ortho.fa.aln-cln_gene165.fa.treefile
  Likelihood distances:          cluster726rr.1to1ortho.fa.aln-cln_gene165.fa.mldist
  Screen log file:               cluster726rr.1to1ortho.fa.aln-cln_gene165.fa.log

Date and Time: Mon Nov 25 11:12:31 2019
