IQ-TREE multicore version 1.6.11 for Mac OS X 64-bit built Jul 12 2019
Developed by Bui Quang Minh, Nguyen Lam Tung, Olga Chernomor,
Heiko Schmidt, Dominik Schrempf, Michael Woodhams.

Host:    slpc437 (AVX2, FMA3, 16 GB RAM)
Command: iqtree -s cluster3219rr.1to1ortho.fa.aln-cln_gene608.fa -nt 4 -m GTR+G -alrt 1000
Seed:    557912 (Using SPRNG - Scalable Parallel Random Number Generator)
Time:    Mon Nov 25 10:24:22 2019
Kernel:  AVX+FMA - 4 threads (6 CPU cores detected)

Reading alignment file cluster3219rr.1to1ortho.fa.aln-cln_gene608.fa ... Fasta format detected
Alignment most likely contains DNA/RNA sequences
Alignment has 13 sequences with 1584 columns, 785 distinct patterns
572 parsimony-informative, 250 singleton sites, 762 constant sites
           Gap/Ambiguity  Composition  p-value
   1  DrolusSFB    1.14%    passed     64.24%
   2  Dino         1.77%    passed     68.00%
   3  MJM3360     23.67%    passed     50.60%
   4  DrobinSFB   26.20%    passed     13.80%
   5  Neam         0.38%    passed     93.97%
   6  RuprSFB     15.21%    passed     62.14%
   7  Retr        11.43%    passed     29.98%
   8  Beta         0.95%    passed     33.03%
   9  Spol         0.95%    passed     50.69%
  10  MJM1652      1.14%    passed     53.82%
  11  NepSFB       0.38%    passed     95.43%
  12  WPYJ        55.18%    passed     13.39%
  13  MJM2940      1.58%    passed     65.80%
WARNING: 1 sequences contain more than 50% gaps/ambiguity
****  TOTAL       10.77%  0 sequences failed composition chi2 test (p-value<5%; df=3)

Create initial parsimony tree by phylogenetic likelihood library (PLL)... 0.001 seconds

NOTE: 1 MB RAM (0 GB) is required!
Estimate model parameters (epsilon = 0.100)
1. Initial log-likelihood: -10388.372
2. Current log-likelihood: -9982.574
3. Current log-likelihood: -9977.232
4. Current log-likelihood: -9977.082
Optimal log-likelihood: -9977.078
Rate parameters:  A-C: 2.32284  A-G: 4.83834  A-T: 1.57793  C-G: 1.74526  C-T: 6.70651  G-T: 1.00000
Base frequencies:  A: 0.272  C: 0.188  G: 0.255  T: 0.285
Gamma shape alpha: 0.476
Parameters optimization took 4 rounds (0.046 sec)
Computing ML distances based on estimated model parameters... 0.001 sec
Computing BIONJ tree...
0.002 seconds
Log-likelihood of BIONJ tree: -9976.646
--------------------------------------------------------------------
|             INITIALIZING CANDIDATE TREE SET                      |
--------------------------------------------------------------------
Generating 98 parsimony trees... 0.097 second
Computing log-likelihood of 97 initial trees ... 0.453 seconds
Current best score: -9976.646

Do NNI search on 20 best initial trees
Estimate model parameters (epsilon = 0.100)
BETTER TREE FOUND at iteration 1: -9975.708
Iteration 10 / LogL: -9975.731 / Time: 0h:0m:0s
Iteration 20 / LogL: -9976.179 / Time: 0h:0m:1s
Finish initializing candidate tree set (1)
Current best tree score: -9975.708 / CPU time: 1.134
Number of iterations: 20
--------------------------------------------------------------------
|               OPTIMIZING CANDIDATE TREE SET                      |
--------------------------------------------------------------------
Iteration 30 / LogL: -9975.717 / Time: 0h:0m:1s (0h:0m:4s left)
UPDATE BEST LOG-LIKELIHOOD: -9975.708
Iteration 40 / LogL: -9975.974 / Time: 0h:0m:2s (0h:0m:3s left)
Iteration 50 / LogL: -9975.733 / Time: 0h:0m:2s (0h:0m:2s left)
Iteration 60 / LogL: -9976.048 / Time: 0h:0m:2s (0h:0m:2s left)
Iteration 70 / LogL: -9975.749 / Time: 0h:0m:3s (0h:0m:1s left)
Iteration 80 / LogL: -9975.801 / Time: 0h:0m:3s (0h:0m:0s left)
Iteration 90 / LogL: -9975.709 / Time: 0h:0m:4s (0h:0m:0s left)
UPDATE BEST LOG-LIKELIHOOD: -9975.708
Iteration 100 / LogL: -9975.724 / Time: 0h:0m:4s (0h:0m:0s left)
TREE SEARCH COMPLETED AFTER 102 ITERATIONS / Time: 0h:0m:4s

--------------------------------------------------------------------
|                    FINALIZING TREE SEARCH                        |
--------------------------------------------------------------------
Performs final model parameters optimization
Estimate model parameters (epsilon = 0.010)
1. Initial log-likelihood: -9975.708
Optimal log-likelihood: -9975.708
Rate parameters:  A-C: 2.42221  A-G: 4.96480  A-T: 1.60840  C-G: 1.77983  C-T: 6.79771  G-T: 1.00000
Base frequencies:  A: 0.272  C: 0.188  G: 0.255  T: 0.285
Gamma shape alpha: 0.475
Parameters optimization took 1 rounds (0.005 sec)
BEST SCORE FOUND : -9975.708

Testing tree branches by SH-like aLRT with 1000 replicates...
0.093 sec.
Total tree length: 1.868

Total number of iterations: 102
CPU time used for tree search: 5.661 sec (0h:0m:5s)
Wall-clock time used for tree search: 4.529 sec (0h:0m:4s)
Total CPU time used: 6.111 sec (0h:0m:6s)
Total wall-clock time used: 4.695 sec (0h:0m:4s)

Analysis results written to: 
  IQ-TREE report:                cluster3219rr.1to1ortho.fa.aln-cln_gene608.fa.iqtree
  Maximum-likelihood tree:       cluster3219rr.1to1ortho.fa.aln-cln_gene608.fa.treefile
  Likelihood distances:          cluster3219rr.1to1ortho.fa.aln-cln_gene608.fa.mldist
  Screen log file:               cluster3219rr.1to1ortho.fa.aln-cln_gene608.fa.log

Date and Time: Mon Nov 25 10:24:27 2019
