IQ-TREE multicore version 1.6.11 for Mac OS X 64-bit built Jul 12 2019
Developed by Bui Quang Minh, Nguyen Lam Tung, Olga Chernomor,
Heiko Schmidt, Dominik Schrempf, Michael Woodhams.

Host:    slpc437 (AVX2, FMA3, 16 GB RAM)
Command: iqtree -s cluster3662rr.1to1ortho.fa.aln-cln_gene619.fa -nt 4 -m GTR+G -alrt 1000
Seed:    965602 (Using SPRNG - Scalable Parallel Random Number Generator)
Time:    Mon Nov 25 10:34:01 2019
Kernel:  AVX+FMA - 4 threads (6 CPU cores detected)

Reading alignment file cluster3662rr.1to1ortho.fa.aln-cln_gene619.fa ... Fasta format detected
Alignment most likely contains DNA/RNA sequences
Alignment has 13 sequences with 1508 columns, 769 distinct patterns
532 parsimony-informative, 295 singleton sites, 681 constant sites
           Gap/Ambiguity  Composition  p-value
   1  DrolusSFB    0.80%    passed     81.96%
   2  Dino         3.05%    passed     51.72%
   3  MJM3360     12.00%    passed     95.60%
   4  DrobinSFB    2.65%    passed     50.47%
   5  Neam         0.00%    passed     86.22%
   6  RuprSFB      8.69%    passed     89.54%
   7  Retr        48.28%    passed     36.15%
   8  Beta         7.49%    passed     89.26%
   9  Spol         7.49%    passed     97.53%
  10  MJM1652     12.47%    passed     30.27%
  11  NepSFB       0.00%    passed     97.21%
  12  WPYJ         7.69%    passed     57.96%
  13  MJM2940      1.79%    passed     92.54%
****  TOTAL        8.65%  0 sequences failed composition chi2 test (p-value<5%; df=3)

Create initial parsimony tree by phylogenetic likelihood library (PLL)... 0.001 seconds

NOTE: 1 MB RAM (0 GB) is required!
Estimate model parameters (epsilon = 0.100)
1. Initial log-likelihood: -10178.271
2. Current log-likelihood: -9889.263
3. Current log-likelihood: -9887.343
Optimal log-likelihood: -9887.330
Rate parameters:  A-C: 1.91093  A-G: 3.99301  A-T: 2.03706  C-G: 1.46668  C-T: 6.24837  G-T: 1.00000
Base frequencies:  A: 0.326  C: 0.180  G: 0.264  T: 0.230
Gamma shape alpha: 0.645
Parameters optimization took 3 rounds (0.040 sec)
Computing ML distances based on estimated model parameters... 0.001 sec
Computing BIONJ tree...
0.002 seconds
Log-likelihood of BIONJ tree: -9899.353
--------------------------------------------------------------------
|             INITIALIZING CANDIDATE TREE SET                      |
--------------------------------------------------------------------
Generating 98 parsimony trees... 0.097 second
Computing log-likelihood of 96 initial trees ... 0.435 seconds
Current best score: -9887.330

Do NNI search on 20 best initial trees
Estimate model parameters (epsilon = 0.100)
BETTER TREE FOUND at iteration 1: -9887.330
Iteration 10 / LogL: -9887.420 / Time: 0h:0m:0s
Iteration 20 / LogL: -9887.361 / Time: 0h:0m:1s
Finish initializing candidate tree set (1)
Current best tree score: -9887.330 / CPU time: 1.133
Number of iterations: 20
--------------------------------------------------------------------
|               OPTIMIZING CANDIDATE TREE SET                      |
--------------------------------------------------------------------
Iteration 30 / LogL: -9887.377 / Time: 0h:0m:1s (0h:0m:3s left)
Iteration 40 / LogL: -9887.355 / Time: 0h:0m:1s (0h:0m:2s left)
Iteration 50 / LogL: -9887.355 / Time: 0h:0m:2s (0h:0m:2s left)
Iteration 60 / LogL: -9887.343 / Time: 0h:0m:2s (0h:0m:1s left)
Iteration 70 / LogL: -9887.360 / Time: 0h:0m:3s (0h:0m:1s left)
Iteration 80 / LogL: -9887.362 / Time: 0h:0m:3s (0h:0m:0s left)
Iteration 90 / LogL: -9887.336 / Time: 0h:0m:3s (0h:0m:0s left)
Iteration 100 / LogL: -9887.951 / Time: 0h:0m:4s (0h:0m:0s left)
TREE SEARCH COMPLETED AFTER 102 ITERATIONS / Time: 0h:0m:4s

--------------------------------------------------------------------
|                    FINALIZING TREE SEARCH                        |
--------------------------------------------------------------------
Performs final model parameters optimization
Estimate model parameters (epsilon = 0.010)
1. Initial log-likelihood: -9887.330
Optimal log-likelihood: -9887.330
Rate parameters:  A-C: 1.90971  A-G: 3.99274  A-T: 2.03639  C-G: 1.46613  C-T: 6.24521  G-T: 1.00000
Base frequencies:  A: 0.326  C: 0.180  G: 0.264  T: 0.230
Gamma shape alpha: 0.645
Parameters optimization took 1 rounds (0.005 sec)
BEST SCORE FOUND : -9887.330

Testing tree branches by SH-like aLRT with 1000 replicates...
0.090 sec.
Total tree length: 1.696

Total number of iterations: 102
CPU time used for tree search: 5.396 sec (0h:0m:5s)
Wall-clock time used for tree search: 4.333 sec (0h:0m:4s)
Total CPU time used: 5.818 sec (0h:0m:5s)
Total wall-clock time used: 4.489 sec (0h:0m:4s)

Analysis results written to: 
  IQ-TREE report:                cluster3662rr.1to1ortho.fa.aln-cln_gene619.fa.iqtree
  Maximum-likelihood tree:       cluster3662rr.1to1ortho.fa.aln-cln_gene619.fa.treefile
  Likelihood distances:          cluster3662rr.1to1ortho.fa.aln-cln_gene619.fa.mldist
  Screen log file:               cluster3662rr.1to1ortho.fa.aln-cln_gene619.fa.log

Date and Time: Mon Nov 25 10:34:06 2019
