IQ-TREE multicore version 1.6.11 for Mac OS X 64-bit built Jul 12 2019
Developed by Bui Quang Minh, Nguyen Lam Tung, Olga Chernomor,
Heiko Schmidt, Dominik Schrempf, Michael Woodhams.

Host:    slpc437 (AVX2, FMA3, 16 GB RAM)
Command: iqtree -s cluster4343rr.1to1ortho.fa.aln-cln_gene981.fa -nt 4 -m GTR+G -alrt 1000
Seed:    19138 (Using SPRNG - Scalable Parallel Random Number Generator)
Time:    Mon Nov 25 10:49:51 2019
Kernel:  AVX+FMA - 4 threads (6 CPU cores detected)

Reading alignment file cluster4343rr.1to1ortho.fa.aln-cln_gene981.fa ... Fasta format detected
Alignment most likely contains DNA/RNA sequences
Alignment has 13 sequences with 1257 columns, 586 distinct patterns
441 parsimony-informative, 170 singleton sites, 646 constant sites
           Gap/Ambiguity  Composition  p-value
   1  DrolusSFB    0.24%    passed     93.19%
   2  Dino         0.00%    passed     98.68%
   3  MJM3360      1.35%    passed     94.59%
   4  DrobinSFB    0.48%    passed     98.84%
   5  Neam         0.00%    passed     89.69%
   6  RuprSFB      0.72%    passed     76.63%
   7  Retr        11.69%    passed     99.63%
   8  Beta         0.80%    passed     40.00%
   9  Spol         0.80%    passed     69.89%
  10  MJM1652      0.00%    passed     92.19%
  11  NepSFB       0.00%    passed     82.27%
  12  WPYJ        59.90%    passed     80.36%
  13  MJM2940      0.00%    passed     85.26%
WARNING: 1 sequences contain more than 50% gaps/ambiguity
****  TOTAL        5.84%  0 sequences failed composition chi2 test (p-value<5%; df=3)

Create initial parsimony tree by phylogenetic likelihood library (PLL)... 0.001 seconds

NOTE: 0 MB RAM (0 GB) is required!
Estimate model parameters (epsilon = 0.100)
1. Initial log-likelihood: -8198.197
2. Current log-likelihood: -7886.046
3. Current log-likelihood: -7883.431
Optimal log-likelihood: -7883.370
Rate parameters:  A-C: 1.56336  A-G: 3.87435  A-T: 1.82172  C-G: 1.49109  C-T: 6.39588  G-T: 1.00000
Base frequencies:  A: 0.282  C: 0.205  G: 0.248  T: 0.265
Gamma shape alpha: 0.447
Parameters optimization took 3 rounds (0.035 sec)
Computing ML distances based on estimated model parameters... 0.001 sec
Computing BIONJ tree...
0.002 seconds
Log-likelihood of BIONJ tree: -7883.811
--------------------------------------------------------------------
|             INITIALIZING CANDIDATE TREE SET                      |
--------------------------------------------------------------------
Generating 98 parsimony trees... 0.080 second
Computing log-likelihood of 98 initial trees ... 0.418 seconds
Current best score: -7882.526

Do NNI search on 20 best initial trees
Estimate model parameters (epsilon = 0.100)
BETTER TREE FOUND at iteration 1: -7882.370
Iteration 10 / LogL: -7882.493 / Time: 0h:0m:0s
Iteration 20 / LogL: -7882.566 / Time: 0h:0m:1s
Finish initializing candidate tree set (1)
Current best tree score: -7882.370 / CPU time: 1.062
Number of iterations: 20
--------------------------------------------------------------------
|               OPTIMIZING CANDIDATE TREE SET                      |
--------------------------------------------------------------------
Iteration 30 / LogL: -7882.405 / Time: 0h:0m:1s (0h:0m:3s left)
Iteration 40 / LogL: -7882.776 / Time: 0h:0m:1s (0h:0m:2s left)
Iteration 50 / LogL: -7882.711 / Time: 0h:0m:2s (0h:0m:2s left)
Iteration 60 / LogL: -7882.682 / Time: 0h:0m:2s (0h:0m:1s left)
Iteration 70 / LogL: -7882.390 / Time: 0h:0m:3s (0h:0m:1s left)
Iteration 80 / LogL: -7883.031 / Time: 0h:0m:3s (0h:0m:0s left)
Iteration 90 / LogL: -7882.453 / Time: 0h:0m:3s (0h:0m:0s left)
Iteration 100 / LogL: -7882.487 / Time: 0h:0m:4s (0h:0m:0s left)
TREE SEARCH COMPLETED AFTER 102 ITERATIONS / Time: 0h:0m:4s

--------------------------------------------------------------------
|                    FINALIZING TREE SEARCH                        |
--------------------------------------------------------------------
Performs final model parameters optimization
Estimate model parameters (epsilon = 0.010)
1. Initial log-likelihood: -7882.370
Optimal log-likelihood: -7882.369
Rate parameters:  A-C: 1.56802  A-G: 3.86888  A-T: 1.82422  C-G: 1.45055  C-T: 6.43466  G-T: 1.00000
Base frequencies:  A: 0.282  C: 0.205  G: 0.248  T: 0.265
Gamma shape alpha: 0.449
Parameters optimization took 1 rounds (0.005 sec)
BEST SCORE FOUND : -7882.369

Testing tree branches by SH-like aLRT with 1000 replicates...
0.076 sec.
Total tree length: 1.578

Total number of iterations: 102
CPU time used for tree search: 4.756 sec (0h:0m:4s)
Wall-clock time used for tree search: 4.251 sec (0h:0m:4s)
Total CPU time used: 5.105 sec (0h:0m:5s)
Total wall-clock time used: 4.387 sec (0h:0m:4s)

Analysis results written to: 
  IQ-TREE report:                cluster4343rr.1to1ortho.fa.aln-cln_gene981.fa.iqtree
  Maximum-likelihood tree:       cluster4343rr.1to1ortho.fa.aln-cln_gene981.fa.treefile
  Likelihood distances:          cluster4343rr.1to1ortho.fa.aln-cln_gene981.fa.mldist
  Screen log file:               cluster4343rr.1to1ortho.fa.aln-cln_gene981.fa.log

Date and Time: Mon Nov 25 10:49:55 2019
