IQ-TREE multicore version 1.6.11 for Mac OS X 64-bit built Jul 12 2019
Developed by Bui Quang Minh, Nguyen Lam Tung, Olga Chernomor,
Heiko Schmidt, Dominik Schrempf, Michael Woodhams.

Host:    slpc437 (AVX2, FMA3, 16 GB RAM)
Command: iqtree -s cluster4592rr.1to1ortho.fa.aln-cln_gene1227.fa -nt 4 -m GTR+G -alrt 1000
Seed:    738521 (Using SPRNG - Scalable Parallel Random Number Generator)
Time:    Mon Nov 25 10:56:07 2019
Kernel:  AVX+FMA - 4 threads (6 CPU cores detected)

Reading alignment file cluster4592rr.1to1ortho.fa.aln-cln_gene1227.fa ... Fasta format detected
Alignment most likely contains DNA/RNA sequences
Alignment has 13 sequences with 774 columns, 325 distinct patterns
239 parsimony-informative, 100 singleton sites, 435 constant sites
           Gap/Ambiguity  Composition  p-value
   1  DrolusSFB    0.00%    passed     68.27%
   2  Dino         0.00%    passed     75.92%
   3  MJM3360      3.88%    passed     96.02%
   4  DrobinSFB    0.00%    passed     87.84%
   5  Neam         0.00%    passed     91.20%
   6  RuprSFB      0.39%    passed     63.25%
   7  Retr         0.39%    passed     93.76%
   8  Beta         0.39%    passed     71.92%
   9  Spol         0.39%    passed     86.75%
  10  MJM1652      0.00%    passed     99.60%
  11  NepSFB       0.00%    passed     90.69%
  12  WPYJ         1.16%    passed     64.95%
  13  MJM2940      0.00%    passed     98.99%
****  TOTAL        0.51%  0 sequences failed composition chi2 test (p-value<5%; df=3)

Create initial parsimony tree by phylogenetic likelihood library (PLL)... 0.001 seconds

NOTE: 0 MB RAM (0 GB) is required!
WARNING: Number of threads seems too high for short alignments. Use -nt AUTO to determine best number of threads.
Estimate model parameters (epsilon = 0.100)
1. Initial log-likelihood: -4877.553
2. Current log-likelihood: -4669.059
3. Current log-likelihood: -4666.844
Optimal log-likelihood: -4666.815
Rate parameters:  A-C: 1.46285  A-G: 3.84542  A-T: 1.43298  C-G: 1.06528  C-T: 5.40228  G-T: 1.00000
Base frequencies:  A: 0.278  C: 0.190  G: 0.260  T: 0.271
Gamma shape alpha: 0.339
Parameters optimization took 3 rounds (0.026 sec)
Computing ML distances based on estimated model parameters... 0.001 sec
Computing BIONJ tree...
0.002 seconds
Log-likelihood of BIONJ tree: -4666.815
--------------------------------------------------------------------
|             INITIALIZING CANDIDATE TREE SET                      |
--------------------------------------------------------------------
Generating 99 parsimony trees... 0.062 second
Computing log-likelihood of 99 initial trees ... 0.385 seconds
Current best score: -4666.815

Do NNI search on 20 best initial trees
Estimate model parameters (epsilon = 0.100)
BETTER TREE FOUND at iteration 1: -4666.815
Iteration 10 / LogL: -4667.161 / Time: 0h:0m:0s
Iteration 20 / LogL: -4666.862 / Time: 0h:0m:0s
Finish initializing candidate tree set (3)
Current best tree score: -4666.815 / CPU time: 0.937
Number of iterations: 20
--------------------------------------------------------------------
|               OPTIMIZING CANDIDATE TREE SET                      |
--------------------------------------------------------------------
Iteration 30 / LogL: -4673.308 / Time: 0h:0m:1s (0h:0m:3s left)
Iteration 40 / LogL: -4673.404 / Time: 0h:0m:1s (0h:0m:2s left)
UPDATE BEST LOG-LIKELIHOOD: -4666.815
Iteration 50 / LogL: -4666.866 / Time: 0h:0m:2s (0h:0m:2s left)
Iteration 60 / LogL: -4666.826 / Time: 0h:0m:2s (0h:0m:1s left)
Iteration 70 / LogL: -4666.830 / Time: 0h:0m:2s (0h:0m:1s left)
Iteration 80 / LogL: -4666.840 / Time: 0h:0m:3s (0h:0m:0s left)
Iteration 90 / LogL: -4666.857 / Time: 0h:0m:3s (0h:0m:0s left)
Iteration 100 / LogL: -4673.722 / Time: 0h:0m:4s (0h:0m:0s left)
TREE SEARCH COMPLETED AFTER 102 ITERATIONS / Time: 0h:0m:4s

--------------------------------------------------------------------
|                    FINALIZING TREE SEARCH                        |
--------------------------------------------------------------------
Performs final model parameters optimization
Estimate model parameters (epsilon = 0.010)
1. Initial log-likelihood: -4666.815
Optimal log-likelihood: -4666.814
Rate parameters:  A-C: 1.46206  A-G: 3.85317  A-T: 1.43497  C-G: 1.06517  C-T: 5.39834  G-T: 1.00000
Base frequencies:  A: 0.278  C: 0.190  G: 0.260  T: 0.271
Gamma shape alpha: 0.339
Parameters optimization took 1 rounds (0.004 sec)
BEST SCORE FOUND : -4666.814

Testing tree branches by SH-like aLRT with 1000 replicates...
0.055 sec.
Total tree length: 1.381

Total number of iterations: 102
CPU time used for tree search: 3.706 sec (0h:0m:3s)
Wall-clock time used for tree search: 4.030 sec (0h:0m:4s)
Total CPU time used: 3.929 sec (0h:0m:3s)
Total wall-clock time used: 4.132 sec (0h:0m:4s)

Analysis results written to: 
  IQ-TREE report:                cluster4592rr.1to1ortho.fa.aln-cln_gene1227.fa.iqtree
  Maximum-likelihood tree:       cluster4592rr.1to1ortho.fa.aln-cln_gene1227.fa.treefile
  Likelihood distances:          cluster4592rr.1to1ortho.fa.aln-cln_gene1227.fa.mldist
  Screen log file:               cluster4592rr.1to1ortho.fa.aln-cln_gene1227.fa.log

Date and Time: Mon Nov 25 10:56:11 2019
