IQ-TREE multicore version 1.6.11 for Mac OS X 64-bit built Jul 12 2019
Developed by Bui Quang Minh, Nguyen Lam Tung, Olga Chernomor,
Heiko Schmidt, Dominik Schrempf, Michael Woodhams.

Host:    slpc437 (AVX2, FMA3, 16 GB RAM)
Command: iqtree -s cluster1349rr.1to1ortho.fa.aln-cln_gene1128.fa -nt 4 -m GTR+G -alrt 1000
Seed:    452875 (Using SPRNG - Scalable Parallel Random Number Generator)
Time:    Mon Nov 25 09:41:04 2019
Kernel:  AVX+FMA - 4 threads (6 CPU cores detected)

Reading alignment file cluster1349rr.1to1ortho.fa.aln-cln_gene1128.fa ... Fasta format detected
Alignment most likely contains DNA/RNA sequences
Alignment has 13 sequences with 1686 columns, 750 distinct patterns
572 parsimony-informative, 229 singleton sites, 885 constant sites
           Gap/Ambiguity  Composition  p-value
   1  DrolusSFB    0.18%    passed     50.65%
   2  Dino         0.00%    passed     81.67%
   3  MJM3360      1.19%    passed     66.84%
   4  DrobinSFB    0.18%    passed     56.19%
   5  Neam         0.00%    passed     98.93%
   6  RuprSFB      2.85%    passed     94.01%
   7  Retr        35.41%    passed     69.90%
   8  Beta         0.00%    passed     46.47%
   9  Spol         0.00%    passed     69.58%
  10  MJM1652      0.00%    passed     91.27%
  11  NepSFB       0.00%    passed     99.03%
  12  WPYJ        28.83%    passed     91.88%
  13  MJM2940      0.42%    passed     99.32%
****  TOTAL        5.31%  0 sequences failed composition chi2 test (p-value<5%; df=3)

Create initial parsimony tree by phylogenetic likelihood library (PLL)... 0.001 seconds

NOTE: 1 MB RAM (0 GB) is required!
Estimate model parameters (epsilon = 0.100)
1. Initial log-likelihood: -10874.374
2. Current log-likelihood: -10375.181
3. Current log-likelihood: -10368.450
4. Current log-likelihood: -10368.272
Optimal log-likelihood: -10368.268
Rate parameters:  A-C: 2.41842  A-G: 6.85842  A-T: 2.68006  C-G: 1.21873  C-T: 8.52445  G-T: 1.00000
Base frequencies:  A: 0.273  C: 0.188  G: 0.253  T: 0.286
Gamma shape alpha: 0.409
Parameters optimization took 4 rounds (0.048 sec)
Computing ML distances based on estimated model parameters... 0.002 sec
Computing BIONJ tree...
0.002 seconds
Log-likelihood of BIONJ tree: -10367.192
--------------------------------------------------------------------
|             INITIALIZING CANDIDATE TREE SET                      |
--------------------------------------------------------------------
Generating 98 parsimony trees... 0.097 second
Computing log-likelihood of 96 initial trees ... 0.435 seconds
Current best score: -10367.192

Do NNI search on 20 best initial trees
Estimate model parameters (epsilon = 0.100)
BETTER TREE FOUND at iteration 1: -10366.235
Iteration 10 / LogL: -10366.265 / Time: 0h:0m:0s
Iteration 20 / LogL: -10366.241 / Time: 0h:0m:1s
Finish initializing candidate tree set (1)
Current best tree score: -10366.235 / CPU time: 1.322
Number of iterations: 20
--------------------------------------------------------------------
|               OPTIMIZING CANDIDATE TREE SET                      |
--------------------------------------------------------------------
UPDATE BEST LOG-LIKELIHOOD: -10366.235
Iteration 30 / LogL: -10366.275 / Time: 0h:0m:1s (0h:0m:4s left)
Iteration 40 / LogL: -10366.266 / Time: 0h:0m:2s (0h:0m:3s left)
Iteration 50 / LogL: -10366.261 / Time: 0h:0m:2s (0h:0m:2s left)
UPDATE BEST LOG-LIKELIHOOD: -10366.235
Iteration 60 / LogL: -10366.235 / Time: 0h:0m:2s (0h:0m:2s left)
Iteration 70 / LogL: -10366.287 / Time: 0h:0m:3s (0h:0m:1s left)
Iteration 80 / LogL: -10366.279 / Time: 0h:0m:3s (0h:0m:1s left)
Iteration 90 / LogL: -10366.261 / Time: 0h:0m:4s (0h:0m:0s left)
Iteration 100 / LogL: -10366.333 / Time: 0h:0m:4s (0h:0m:0s left)
TREE SEARCH COMPLETED AFTER 102 ITERATIONS / Time: 0h:0m:4s

--------------------------------------------------------------------
|                    FINALIZING TREE SEARCH                        |
--------------------------------------------------------------------
Performs final model parameters optimization
Estimate model parameters (epsilon = 0.010)
1. Initial log-likelihood: -10366.235
Optimal log-likelihood: -10366.234
Rate parameters:  A-C: 2.40974  A-G: 6.84523  A-T: 2.66401  C-G: 1.21631  C-T: 8.51974  G-T: 1.00000
Base frequencies:  A: 0.273  C: 0.188  G: 0.253  T: 0.286
Gamma shape alpha: 0.409
Parameters optimization took 1 rounds (0.005 sec)
BEST SCORE FOUND : -10366.234

Testing tree branches by SH-like aLRT with 1000 replicates...
0.099 sec.
Total tree length: 1.582

Total number of iterations: 102
CPU time used for tree search: 5.886 sec (0h:0m:5s)
Wall-clock time used for tree search: 4.793 sec (0h:0m:4s)
Total CPU time used: 6.353 sec (0h:0m:6s)
Total wall-clock time used: 4.964 sec (0h:0m:4s)

Analysis results written to: 
  IQ-TREE report:                cluster1349rr.1to1ortho.fa.aln-cln_gene1128.fa.iqtree
  Maximum-likelihood tree:       cluster1349rr.1to1ortho.fa.aln-cln_gene1128.fa.treefile
  Likelihood distances:          cluster1349rr.1to1ortho.fa.aln-cln_gene1128.fa.mldist
  Screen log file:               cluster1349rr.1to1ortho.fa.aln-cln_gene1128.fa.log

Date and Time: Mon Nov 25 09:41:09 2019
