IQ-TREE multicore version 1.6.11 for Mac OS X 64-bit built Jul 12 2019
Developed by Bui Quang Minh, Nguyen Lam Tung, Olga Chernomor,
Heiko Schmidt, Dominik Schrempf, Michael Woodhams.

Host:    slpc437 (AVX2, FMA3, 16 GB RAM)
Command: iqtree -s cluster4475rr.1to1ortho.fa.aln-cln_gene1107.fa -nt 4 -m GTR+G -alrt 1000
Seed:    366220 (Using SPRNG - Scalable Parallel Random Number Generator)
Time:    Mon Nov 25 10:52:55 2019
Kernel:  AVX+FMA - 4 threads (6 CPU cores detected)

Reading alignment file cluster4475rr.1to1ortho.fa.aln-cln_gene1107.fa ... Fasta format detected
Alignment most likely contains DNA/RNA sequences
Alignment has 13 sequences with 1152 columns, 623 distinct patterns
410 parsimony-informative, 174 singleton sites, 568 constant sites
           Gap/Ambiguity  Composition  p-value
   1  DrolusSFB    2.43%    passed     73.46%
   2  Dino         9.64%    passed     33.54%
   3  MJM3360     10.76%    passed     21.50%
   4  DrobinSFB    9.64%    passed     41.42%
   5  Neam         3.73%    passed     89.57%
   6  RuprSFB      9.38%    passed     83.91%
   7  Retr        42.45%    passed     54.42%
   8  Beta         7.03%    passed     14.35%
   9  Spol         6.42%    passed     11.14%
  10  MJM1652     10.16%    passed     55.33%
  11  NepSFB       3.47%    passed     94.41%
  12  WPYJ        37.76%    passed     74.40%
  13  MJM2940      3.73%    passed     75.90%
****  TOTAL       12.05%  0 sequences failed composition chi2 test (p-value<5%; df=3)

Create initial parsimony tree by phylogenetic likelihood library (PLL)... 0.001 seconds

NOTE: 1 MB RAM (0 GB) is required!
Estimate model parameters (epsilon = 0.100)
1. Initial log-likelihood: -7554.665
2. Current log-likelihood: -7253.399
3. Current log-likelihood: -7249.796
Optimal log-likelihood: -7249.714
Rate parameters:  A-C: 1.38812  A-G: 4.06458  A-T: 1.29247  C-G: 1.56254  C-T: 6.00754  G-T: 1.00000
Base frequencies:  A: 0.290  C: 0.207  G: 0.256  T: 0.247
Gamma shape alpha: 0.444
Parameters optimization took 3 rounds (0.037 sec)
Computing ML distances based on estimated model parameters... 0.001 sec
Computing BIONJ tree...
0.002 seconds
Log-likelihood of BIONJ tree: -7252.898
--------------------------------------------------------------------
|             INITIALIZING CANDIDATE TREE SET                      |
--------------------------------------------------------------------
Generating 98 parsimony trees... 0.079 second
Computing log-likelihood of 98 initial trees ... 0.434 seconds
Current best score: -7249.714

Do NNI search on 20 best initial trees
Estimate model parameters (epsilon = 0.100)
BETTER TREE FOUND at iteration 1: -7249.712
Iteration 10 / LogL: -7249.815 / Time: 0h:0m:0s
Iteration 20 / LogL: -7249.798 / Time: 0h:0m:1s
Finish initializing candidate tree set (1)
Current best tree score: -7249.712 / CPU time: 1.004
Number of iterations: 20
--------------------------------------------------------------------
|               OPTIMIZING CANDIDATE TREE SET                      |
--------------------------------------------------------------------
Iteration 30 / LogL: -7251.372 / Time: 0h:0m:1s (0h:0m:3s left)
Iteration 40 / LogL: -7249.720 / Time: 0h:0m:1s (0h:0m:2s left)
Iteration 50 / LogL: -7249.833 / Time: 0h:0m:2s (0h:0m:2s left)
Iteration 60 / LogL: -7249.776 / Time: 0h:0m:2s (0h:0m:1s left)
Iteration 70 / LogL: -7249.991 / Time: 0h:0m:2s (0h:0m:1s left)
Iteration 80 / LogL: -7249.722 / Time: 0h:0m:3s (0h:0m:0s left)
Iteration 90 / LogL: -7249.967 / Time: 0h:0m:3s (0h:0m:0s left)
Iteration 100 / LogL: -7249.750 / Time: 0h:0m:3s (0h:0m:0s left)
TREE SEARCH COMPLETED AFTER 102 ITERATIONS / Time: 0h:0m:3s

--------------------------------------------------------------------
|                    FINALIZING TREE SEARCH                        |
--------------------------------------------------------------------
Performs final model parameters optimization
Estimate model parameters (epsilon = 0.010)
1. Initial log-likelihood: -7249.712
Optimal log-likelihood: -7249.711
Rate parameters:  A-C: 1.38559  A-G: 4.06501  A-T: 1.29316  C-G: 1.55883  C-T: 6.01417  G-T: 1.00000
Base frequencies:  A: 0.290  C: 0.207  G: 0.256  T: 0.247
Gamma shape alpha: 0.445
Parameters optimization took 1 rounds (0.005 sec)
BEST SCORE FOUND : -7249.711

Testing tree branches by SH-like aLRT with 1000 replicates...
0.074 sec.
Total tree length: 1.881

Total number of iterations: 102
CPU time used for tree search: 4.412 sec (0h:0m:4s)
Wall-clock time used for tree search: 3.839 sec (0h:0m:3s)
Total CPU time used: 4.751 sec (0h:0m:4s)
Total wall-clock time used: 3.974 sec (0h:0m:3s)

Analysis results written to: 
  IQ-TREE report:                cluster4475rr.1to1ortho.fa.aln-cln_gene1107.fa.iqtree
  Maximum-likelihood tree:       cluster4475rr.1to1ortho.fa.aln-cln_gene1107.fa.treefile
  Likelihood distances:          cluster4475rr.1to1ortho.fa.aln-cln_gene1107.fa.mldist
  Screen log file:               cluster4475rr.1to1ortho.fa.aln-cln_gene1107.fa.log

Date and Time: Mon Nov 25 10:52:59 2019
