IQ-TREE multicore version 1.6.11 for Mac OS X 64-bit built Jul 12 2019
Developed by Bui Quang Minh, Nguyen Lam Tung, Olga Chernomor,
Heiko Schmidt, Dominik Schrempf, Michael Woodhams.

Host:    slpc437 (AVX2, FMA3, 16 GB RAM)
Command: iqtree -s cluster3341rr.1to1ortho.fa.aln-cln_gene306.fa -nt 4 -m GTR+G -alrt 1000
Seed:    610574 (Using SPRNG - Scalable Parallel Random Number Generator)
Time:    Mon Nov 25 10:27:25 2019
Kernel:  AVX+FMA - 4 threads (6 CPU cores detected)

Reading alignment file cluster3341rr.1to1ortho.fa.aln-cln_gene306.fa ... Fasta format detected
Alignment most likely contains DNA/RNA sequences
Alignment has 13 sequences with 1857 columns, 753 distinct patterns
532 parsimony-informative, 353 singleton sites, 972 constant sites
           Gap/Ambiguity  Composition  p-value
   1  DrolusSFB    0.00%    passed     66.95%
   2  Dino        44.75%    passed     42.85%
   3  MJM3360      0.32%    passed     97.52%
   4  DrobinSFB    0.43%    passed     78.18%
   5  Neam         0.32%    passed     96.88%
   6  RuprSFB      0.32%    passed     86.28%
   7  Retr        74.80%    passed     72.34%
   8  Beta         0.32%    passed     26.72%
   9  Spol        41.90%    passed     25.49%
  10  MJM1652      0.00%    passed     98.23%
  11  NepSFB       0.32%    passed     79.55%
  12  WPYJ        71.24%    passed     21.25%
  13  MJM2940      0.00%    passed     90.66%
WARNING: 2 sequences contain more than 50% gaps/ambiguity
****  TOTAL       18.06%  0 sequences failed composition chi2 test (p-value<5%; df=3)

Create initial parsimony tree by phylogenetic likelihood library (PLL)... 0.001 seconds

NOTE: 1 MB RAM (0 GB) is required!
Estimate model parameters (epsilon = 0.100)
1. Initial log-likelihood: -10538.020
2. Current log-likelihood: -10141.394
3. Current log-likelihood: -10081.020
4. Current log-likelihood: -10080.110
Optimal log-likelihood: -10080.101
Rate parameters:  A-C: 1.34445  A-G: 3.63074  A-T: 1.24818  C-G: 0.71135  C-T: 4.30373  G-T: 1.00000
Base frequencies:  A: 0.287  C: 0.200  G: 0.240  T: 0.273
Gamma shape alpha: 0.552
Parameters optimization took 4 rounds (0.060 sec)
Computing ML distances based on estimated model parameters... 0.001 sec
WARNING: Some pairwise ML distances are too long (saturated)
Computing BIONJ tree...
0.003 seconds
Log-likelihood of BIONJ tree: -10062.407
--------------------------------------------------------------------
|             INITIALIZING CANDIDATE TREE SET                      |
--------------------------------------------------------------------
Generating 98 parsimony trees... 0.098 second
Computing log-likelihood of 98 initial trees ... 0.466 seconds
Current best score: -10060.266

Do NNI search on 20 best initial trees
Estimate model parameters (epsilon = 0.100)
BETTER TREE FOUND at iteration 1: -10057.489
Iteration 10 / LogL: -10057.512 / Time: 0h:0m:0s
Iteration 20 / LogL: -10057.525 / Time: 0h:0m:1s
Finish initializing candidate tree set (1)
Current best tree score: -10057.489 / CPU time: 1.302
Number of iterations: 20
--------------------------------------------------------------------
|               OPTIMIZING CANDIDATE TREE SET                      |
--------------------------------------------------------------------
Iteration 30 / LogL: -10057.685 / Time: 0h:0m:1s (0h:0m:4s left)
Iteration 40 / LogL: -10057.617 / Time: 0h:0m:2s (0h:0m:3s left)
Iteration 50 / LogL: -10057.521 / Time: 0h:0m:2s (0h:0m:2s left)
Iteration 60 / LogL: -10058.373 / Time: 0h:0m:3s (0h:0m:2s left)
Iteration 70 / LogL: -10057.549 / Time: 0h:0m:3s (0h:0m:1s left)
Iteration 80 / LogL: -10057.530 / Time: 0h:0m:4s (0h:0m:1s left)
UPDATE BEST LOG-LIKELIHOOD: -10057.488
Iteration 90 / LogL: -10057.593 / Time: 0h:0m:4s (0h:0m:0s left)
Iteration 100 / LogL: -10057.541 / Time: 0h:0m:5s (0h:0m:0s left)
TREE SEARCH COMPLETED AFTER 102 ITERATIONS / Time: 0h:0m:5s

--------------------------------------------------------------------
|                    FINALIZING TREE SEARCH                        |
--------------------------------------------------------------------
Performs final model parameters optimization
Estimate model parameters (epsilon = 0.010)
1. Initial log-likelihood: -10057.488
Optimal log-likelihood: -10057.487
Rate parameters:  A-C: 1.34837  A-G: 3.61284  A-T: 1.23346  C-G: 0.70945  C-T: 4.33633  G-T: 1.00000
Base frequencies:  A: 0.287  C: 0.200  G: 0.240  T: 0.273
Gamma shape alpha: 0.549
Parameters optimization took 1 rounds (0.005 sec)
BEST SCORE FOUND : -10057.487

Testing tree branches by SH-like aLRT with 1000 replicates...
0.105 sec.
Total tree length: 1.425

Total number of iterations: 102
CPU time used for tree search: 6.606 sec (0h:0m:6s)
Wall-clock time used for tree search: 5.340 sec (0h:0m:5s)
Total CPU time used: 7.133 sec (0h:0m:7s)
Total wall-clock time used: 5.533 sec (0h:0m:5s)

Analysis results written to: 
  IQ-TREE report:                cluster3341rr.1to1ortho.fa.aln-cln_gene306.fa.iqtree
  Maximum-likelihood tree:       cluster3341rr.1to1ortho.fa.aln-cln_gene306.fa.treefile
  Likelihood distances:          cluster3341rr.1to1ortho.fa.aln-cln_gene306.fa.mldist
  Screen log file:               cluster3341rr.1to1ortho.fa.aln-cln_gene306.fa.log

Date and Time: Mon Nov 25 10:27:31 2019
