IQ-TREE multicore version 1.6.11 for Mac OS X 64-bit built Jul 12 2019
Developed by Bui Quang Minh, Nguyen Lam Tung, Olga Chernomor,
Heiko Schmidt, Dominik Schrempf, Michael Woodhams.

Host:    slpc437 (AVX2, FMA3, 16 GB RAM)
Command: iqtree -s cluster5547rr.1to1ortho.fa.aln-cln_gene1122.fa -nt 4 -m GTR+G -alrt 1000
Seed:    808283 (Using SPRNG - Scalable Parallel Random Number Generator)
Time:    Mon Nov 25 11:09:25 2019
Kernel:  AVX+FMA - 4 threads (6 CPU cores detected)

Reading alignment file cluster5547rr.1to1ortho.fa.aln-cln_gene1122.fa ... Fasta format detected
Alignment most likely contains DNA/RNA sequences
Alignment has 13 sequences with 2529 columns, 1317 distinct patterns
1050 parsimony-informative, 426 singleton sites, 1053 constant sites
           Gap/Ambiguity  Composition  p-value
   1  DrolusSFB    0.47%    passed     62.19%
   2  Dino         0.95%    passed     75.79%
   3  MJM3360      1.98%    failed      3.50%
   4  DrobinSFB    1.19%    passed     20.12%
   5  Neam         0.47%    passed     70.14%
   6  RuprSFB      1.50%    passed     99.73%
   7  Retr        42.39%    passed     69.10%
   8  Beta         0.28%    passed     30.84%
   9  Spol         0.12%    passed     36.80%
  10  MJM1652      3.56%    passed     29.51%
  11  NepSFB       0.47%    passed     71.12%
  12  WPYJ        14.31%    passed     71.34%
  13  MJM2940      0.59%    passed     20.73%
****  TOTAL        5.25%  1 sequences failed composition chi2 test (p-value<5%; df=3)

Create initial parsimony tree by phylogenetic likelihood library (PLL)... 0.001 seconds

NOTE: 2 MB RAM (0 GB) is required!
Estimate model parameters (epsilon = 0.100)
1. Initial log-likelihood: -18770.515
2. Current log-likelihood: -18114.597
3. Current log-likelihood: -18110.461
Optimal log-likelihood: -18110.390
Rate parameters:  A-C: 2.30457  A-G: 5.56121  A-T: 1.81107  C-G: 2.15393  C-T: 6.74352  G-T: 1.00000
Base frequencies:  A: 0.272  C: 0.198  G: 0.245  T: 0.284
Gamma shape alpha: 0.651
Parameters optimization took 3 rounds (0.056 sec)
Computing ML distances based on estimated model parameters... 0.002 sec
Computing BIONJ tree...
0.002 seconds
Log-likelihood of BIONJ tree: -18108.639
--------------------------------------------------------------------
|             INITIALIZING CANDIDATE TREE SET                      |
--------------------------------------------------------------------
Generating 98 parsimony trees... 0.130 second
Computing log-likelihood of 97 initial trees ... 0.508 seconds
Current best score: -18107.823

Do NNI search on 20 best initial trees
Estimate model parameters (epsilon = 0.100)
BETTER TREE FOUND at iteration 1: -18107.732
Iteration 10 / LogL: -18107.735 / Time: 0h:0m:0s
Iteration 20 / LogL: -18107.735 / Time: 0h:0m:1s
Finish initializing candidate tree set (1)
Current best tree score: -18107.732 / CPU time: 1.390
Number of iterations: 20
--------------------------------------------------------------------
|               OPTIMIZING CANDIDATE TREE SET                      |
--------------------------------------------------------------------
Iteration 30 / LogL: -18107.843 / Time: 0h:0m:1s (0h:0m:4s left)
Iteration 40 / LogL: -18107.917 / Time: 0h:0m:2s (0h:0m:3s left)
UPDATE BEST LOG-LIKELIHOOD: -18107.732
Iteration 50 / LogL: -18108.911 / Time: 0h:0m:2s (0h:0m:2s left)
Iteration 60 / LogL: -18107.762 / Time: 0h:0m:3s (0h:0m:2s left)
Iteration 70 / LogL: -18107.759 / Time: 0h:0m:3s (0h:0m:1s left)
Iteration 80 / LogL: -18108.029 / Time: 0h:0m:4s (0h:0m:1s left)
Iteration 90 / LogL: -18107.748 / Time: 0h:0m:4s (0h:0m:0s left)
Iteration 100 / LogL: -18107.767 / Time: 0h:0m:5s (0h:0m:0s left)
UPDATE BEST LOG-LIKELIHOOD: -18107.732
TREE SEARCH COMPLETED AFTER 102 ITERATIONS / Time: 0h:0m:5s

--------------------------------------------------------------------
|                    FINALIZING TREE SEARCH                        |
--------------------------------------------------------------------
Performs final model parameters optimization
Estimate model parameters (epsilon = 0.010)
1. Initial log-likelihood: -18107.732
Optimal log-likelihood: -18107.732
Rate parameters:  A-C: 2.30189  A-G: 5.56244  A-T: 1.80609  C-G: 2.14352  C-T: 6.74753  G-T: 1.00000
Base frequencies:  A: 0.272  C: 0.198  G: 0.245  T: 0.284
Gamma shape alpha: 0.652
Parameters optimization took 1 rounds (0.007 sec)
BEST SCORE FOUND : -18107.732

Testing tree branches by SH-like aLRT with 1000 replicates...
0.140 sec.
Total tree length: 1.926

Total number of iterations: 102
CPU time used for tree search: 7.890 sec (0h:0m:7s)
Wall-clock time used for tree search: 5.140 sec (0h:0m:5s)
Total CPU time used: 8.575 sec (0h:0m:8s)
Total wall-clock time used: 5.363 sec (0h:0m:5s)

Analysis results written to: 
  IQ-TREE report:                cluster5547rr.1to1ortho.fa.aln-cln_gene1122.fa.iqtree
  Maximum-likelihood tree:       cluster5547rr.1to1ortho.fa.aln-cln_gene1122.fa.treefile
  Likelihood distances:          cluster5547rr.1to1ortho.fa.aln-cln_gene1122.fa.mldist
  Screen log file:               cluster5547rr.1to1ortho.fa.aln-cln_gene1122.fa.log

Date and Time: Mon Nov 25 11:09:31 2019
