IQ-TREE multicore version 1.6.11 for Mac OS X 64-bit built Jul 12 2019
Developed by Bui Quang Minh, Nguyen Lam Tung, Olga Chernomor,
Heiko Schmidt, Dominik Schrempf, Michael Woodhams.

Host:    slpc437 (AVX2, FMA3, 16 GB RAM)
Command: iqtree -s cluster3305rr.1to1ortho.fa.aln-cln_gene24.fa -nt 4 -m GTR+G -alrt 1000
Seed:    196840 (Using SPRNG - Scalable Parallel Random Number Generator)
Time:    Mon Nov 25 10:26:43 2019
Kernel:  AVX+FMA - 4 threads (6 CPU cores detected)

Reading alignment file cluster3305rr.1to1ortho.fa.aln-cln_gene24.fa ... Fasta format detected
Alignment most likely contains DNA/RNA sequences
Alignment has 13 sequences with 708 columns, 296 distinct patterns
217 parsimony-informative, 90 singleton sites, 401 constant sites
           Gap/Ambiguity  Composition  p-value
   1  DrolusSFB    0.42%    passed     99.72%
   2  Dino         0.00%    passed     83.60%
   3  MJM3360      0.00%    passed     99.73%
   4  DrobinSFB    0.56%    passed     97.44%
   5  Neam         0.00%    passed     98.77%
   6  RuprSFB      0.00%    passed     80.12%
   7  Retr         0.00%    passed     96.62%
   8  Beta         1.13%    passed     94.11%
   9  Spol         1.55%    passed     95.08%
  10  MJM1652      0.00%    passed     99.40%
  11  NepSFB       0.00%    passed     97.98%
  12  WPYJ        28.53%    passed     51.02%
  13  MJM2940      0.00%    passed     99.82%
****  TOTAL        2.48%  0 sequences failed composition chi2 test (p-value<5%; df=3)

Create initial parsimony tree by phylogenetic likelihood library (PLL)... 0.000 seconds

NOTE: 0 MB RAM (0 GB) is required!
WARNING: Number of threads seems too high for short alignments. Use -nt AUTO to determine best number of threads.
Estimate model parameters (epsilon = 0.100)
1. Initial log-likelihood: -4251.346
2. Current log-likelihood: -4049.076
3. Current log-likelihood: -4047.294
Optimal log-likelihood: -4047.266
Rate parameters:  A-C: 1.25043  A-G: 3.37657  A-T: 1.23299  C-G: 0.75610  C-T: 5.85248  G-T: 1.00000
Base frequencies:  A: 0.327  C: 0.193  G: 0.255  T: 0.226
Gamma shape alpha: 0.376
Parameters optimization took 3 rounds (0.026 sec)
Computing ML distances based on estimated model parameters... 0.001 sec
Computing BIONJ tree...
0.002 seconds
Log-likelihood of BIONJ tree: -4049.609
--------------------------------------------------------------------
|             INITIALIZING CANDIDATE TREE SET                      |
--------------------------------------------------------------------
Generating 98 parsimony trees... 0.058 second
Computing log-likelihood of 98 initial trees ... 0.382 seconds
Current best score: -4043.240

Do NNI search on 20 best initial trees
Estimate model parameters (epsilon = 0.100)
BETTER TREE FOUND at iteration 1: -4043.164
Iteration 10 / LogL: -4043.168 / Time: 0h:0m:0s
Iteration 20 / LogL: -4043.171 / Time: 0h:0m:0s
Finish initializing candidate tree set (2)
Current best tree score: -4043.164 / CPU time: 0.866
Number of iterations: 20
--------------------------------------------------------------------
|               OPTIMIZING CANDIDATE TREE SET                      |
--------------------------------------------------------------------
Iteration 30 / LogL: -4043.166 / Time: 0h:0m:1s (0h:0m:3s left)
Iteration 40 / LogL: -4043.331 / Time: 0h:0m:1s (0h:0m:2s left)
Iteration 50 / LogL: -4043.166 / Time: 0h:0m:2s (0h:0m:2s left)
Iteration 60 / LogL: -4043.436 / Time: 0h:0m:2s (0h:0m:1s left)
Iteration 70 / LogL: -4043.180 / Time: 0h:0m:2s (0h:0m:1s left)
Iteration 80 / LogL: -4044.103 / Time: 0h:0m:3s (0h:0m:0s left)
Iteration 90 / LogL: -4043.165 / Time: 0h:0m:3s (0h:0m:0s left)
Iteration 100 / LogL: -4044.073 / Time: 0h:0m:3s (0h:0m:0s left)
TREE SEARCH COMPLETED AFTER 102 ITERATIONS / Time: 0h:0m:3s

--------------------------------------------------------------------
|                    FINALIZING TREE SEARCH                        |
--------------------------------------------------------------------
Performs final model parameters optimization
Estimate model parameters (epsilon = 0.010)
1. Initial log-likelihood: -4043.164
Optimal log-likelihood: -4043.158
Rate parameters:  A-C: 1.25341  A-G: 3.44468  A-T: 1.30800  C-G: 0.77679  C-T: 5.97089  G-T: 1.00000
Base frequencies:  A: 0.327  C: 0.193  G: 0.255  T: 0.226
Gamma shape alpha: 0.377
Parameters optimization took 1 rounds (0.006 sec)
BEST SCORE FOUND : -4043.158

Testing tree branches by SH-like aLRT with 1000 replicates...
0.050 sec.
Total tree length: 1.282

Total number of iterations: 102
CPU time used for tree search: 3.474 sec (0h:0m:3s)
Wall-clock time used for tree search: 3.869 sec (0h:0m:3s)
Total CPU time used: 3.683 sec (0h:0m:3s)
Total wall-clock time used: 3.968 sec (0h:0m:3s)

Analysis results written to: 
  IQ-TREE report:                cluster3305rr.1to1ortho.fa.aln-cln_gene24.fa.iqtree
  Maximum-likelihood tree:       cluster3305rr.1to1ortho.fa.aln-cln_gene24.fa.treefile
  Likelihood distances:          cluster3305rr.1to1ortho.fa.aln-cln_gene24.fa.mldist
  Screen log file:               cluster3305rr.1to1ortho.fa.aln-cln_gene24.fa.log

Date and Time: Mon Nov 25 10:26:47 2019
