IQ-TREE multicore version 1.6.11 for Mac OS X 64-bit built Jul 12 2019
Developed by Bui Quang Minh, Nguyen Lam Tung, Olga Chernomor,
Heiko Schmidt, Dominik Schrempf, Michael Woodhams.

Host:    slpc437 (AVX2, FMA3, 16 GB RAM)
Command: iqtree -s cluster835rr.1to1ortho.fa.aln-cln_gene79.fa -nt 4 -m GTR+G -alrt 1000
Seed:    182558 (Using SPRNG - Scalable Parallel Random Number Generator)
Time:    Mon Nov 25 11:13:37 2019
Kernel:  AVX+FMA - 4 threads (6 CPU cores detected)

Reading alignment file cluster835rr.1to1ortho.fa.aln-cln_gene79.fa ... Fasta format detected
Alignment most likely contains DNA/RNA sequences
Alignment has 13 sequences with 1041 columns, 481 distinct patterns
349 parsimony-informative, 146 singleton sites, 546 constant sites
           Gap/Ambiguity  Composition  p-value
   1  DrolusSFB    0.38%    passed     82.94%
   2  Dino         0.00%    passed     79.24%
   3  MJM3360      1.44%    passed     98.22%
   4  DrobinSFB    0.00%    passed     68.51%
   5  Neam        40.35%    passed     73.46%
   6  RuprSFB      0.00%    passed     84.20%
   7  Retr         1.44%    passed     98.12%
   8  Beta        15.56%    passed     90.30%
   9  Spol         1.44%    passed     83.30%
  10  MJM1652      1.54%    passed     95.98%
  11  NepSFB       0.00%    passed     99.51%
  12  WPYJ         1.44%    passed     99.55%
  13  MJM2940      0.38%    passed     86.10%
****  TOTAL        4.92%  0 sequences failed composition chi2 test (p-value<5%; df=3)

Create initial parsimony tree by phylogenetic likelihood library (PLL)... 0.000 seconds

NOTE: 0 MB RAM (0 GB) is required!
Estimate model parameters (epsilon = 0.100)
1. Initial log-likelihood: -6889.178
2. Current log-likelihood: -6600.782
3. Current log-likelihood: -6598.522
Optimal log-likelihood: -6598.475
Rate parameters:  A-C: 2.22154  A-G: 4.69863  A-T: 1.93440  C-G: 1.56634  C-T: 7.38229  G-T: 1.00000
Base frequencies:  A: 0.286  C: 0.193  G: 0.257  T: 0.264
Gamma shape alpha: 0.410
Parameters optimization took 3 rounds (0.034 sec)
Computing ML distances based on estimated model parameters... 0.001 sec
Computing BIONJ tree...
0.002 seconds
Log-likelihood of BIONJ tree: -6596.949
--------------------------------------------------------------------
|             INITIALIZING CANDIDATE TREE SET                      |
--------------------------------------------------------------------
Generating 98 parsimony trees... 0.076 second
Computing log-likelihood of 97 initial trees ... 0.410 seconds
Current best score: -6596.949

Do NNI search on 20 best initial trees
Estimate model parameters (epsilon = 0.100)
BETTER TREE FOUND at iteration 1: -6596.943
Iteration 10 / LogL: -6596.966 / Time: 0h:0m:0s
Iteration 20 / LogL: -6596.952 / Time: 0h:0m:1s
Finish initializing candidate tree set (1)
Current best tree score: -6596.943 / CPU time: 1.090
Number of iterations: 20
--------------------------------------------------------------------
|               OPTIMIZING CANDIDATE TREE SET                      |
--------------------------------------------------------------------
Iteration 30 / LogL: -6597.647 / Time: 0h:0m:1s (0h:0m:3s left)
Iteration 40 / LogL: -6596.959 / Time: 0h:0m:1s (0h:0m:2s left)
Iteration 50 / LogL: -6596.944 / Time: 0h:0m:2s (0h:0m:2s left)
Iteration 60 / LogL: -6596.957 / Time: 0h:0m:2s (0h:0m:1s left)
Iteration 70 / LogL: -6596.944 / Time: 0h:0m:2s (0h:0m:1s left)
Iteration 80 / LogL: -6598.012 / Time: 0h:0m:3s (0h:0m:0s left)
Iteration 90 / LogL: -6597.314 / Time: 0h:0m:3s (0h:0m:0s left)
Iteration 100 / LogL: -6597.436 / Time: 0h:0m:3s (0h:0m:0s left)
TREE SEARCH COMPLETED AFTER 102 ITERATIONS / Time: 0h:0m:3s

--------------------------------------------------------------------
|                    FINALIZING TREE SEARCH                        |
--------------------------------------------------------------------
Performs final model parameters optimization
Estimate model parameters (epsilon = 0.010)
1. Initial log-likelihood: -6596.943
Optimal log-likelihood: -6596.942
Rate parameters:  A-C: 2.20981  A-G: 4.67223  A-T: 1.93293  C-G: 1.56615  C-T: 7.41970  G-T: 1.00000
Base frequencies:  A: 0.286  C: 0.193  G: 0.257  T: 0.264
Gamma shape alpha: 0.409
Parameters optimization took 1 rounds (0.004 sec)
BEST SCORE FOUND : -6596.942

Testing tree branches by SH-like aLRT with 1000 replicates...
0.069 sec.
Total tree length: 1.588

Total number of iterations: 102
CPU time used for tree search: 4.064 sec (0h:0m:4s)
Wall-clock time used for tree search: 3.901 sec (0h:0m:3s)
Total CPU time used: 4.365 sec (0h:0m:4s)
Total wall-clock time used: 4.028 sec (0h:0m:4s)

Analysis results written to: 
  IQ-TREE report:                cluster835rr.1to1ortho.fa.aln-cln_gene79.fa.iqtree
  Maximum-likelihood tree:       cluster835rr.1to1ortho.fa.aln-cln_gene79.fa.treefile
  Likelihood distances:          cluster835rr.1to1ortho.fa.aln-cln_gene79.fa.mldist
  Screen log file:               cluster835rr.1to1ortho.fa.aln-cln_gene79.fa.log

Date and Time: Mon Nov 25 11:13:41 2019
