IQ-TREE multicore version 1.6.11 for Mac OS X 64-bit built Jul 12 2019
Developed by Bui Quang Minh, Nguyen Lam Tung, Olga Chernomor,
Heiko Schmidt, Dominik Schrempf, Michael Woodhams.

Host:    slpc437 (AVX2, FMA3, 16 GB RAM)
Command: iqtree -s cluster5580rr.1to1ortho.fa.aln-cln_gene1213.fa -nt 4 -m GTR+G -alrt 1000
Seed:    756609 (Using SPRNG - Scalable Parallel Random Number Generator)
Time:    Mon Nov 25 11:10:13 2019
Kernel:  AVX+FMA - 4 threads (6 CPU cores detected)

Reading alignment file cluster5580rr.1to1ortho.fa.aln-cln_gene1213.fa ... Fasta format detected
Alignment most likely contains DNA/RNA sequences
Alignment has 13 sequences with 1602 columns, 628 distinct patterns
486 parsimony-informative, 192 singleton sites, 924 constant sites
           Gap/Ambiguity  Composition  p-value
   1  DrolusSFB    0.00%    passed     96.98%
   2  Dino         1.00%    passed     78.27%
   3  MJM3360      7.99%    passed     90.95%
   4  DrobinSFB    4.49%    passed     73.83%
   5  Neam         0.19%    passed     97.02%
   6  RuprSFB      7.55%    passed     80.16%
   7  Retr         0.44%    passed     90.80%
   8  Beta         3.37%    passed     77.90%
   9  Spol         3.37%    passed     88.32%
  10  MJM1652     10.74%    passed     70.92%
  11  NepSFB       0.19%    passed     98.49%
  12  WPYJ         0.50%    passed     89.16%
  13  MJM2940      0.00%    passed     89.33%
****  TOTAL        3.06%  0 sequences failed composition chi2 test (p-value<5%; df=3)

Create initial parsimony tree by phylogenetic likelihood library (PLL)... 0.001 seconds

NOTE: 1 MB RAM (0 GB) is required!
Estimate model parameters (epsilon = 0.100)
1. Initial log-likelihood: -9508.473
2. Current log-likelihood: -9074.303
3. Current log-likelihood: -9069.834
Optimal log-likelihood: -9069.789
Rate parameters:  A-C: 1.82957  A-G: 4.57799  A-T: 1.64766  C-G: 1.21962  C-T: 6.91108  G-T: 1.00000
Base frequencies:  A: 0.276  C: 0.192  G: 0.261  T: 0.271
Gamma shape alpha: 0.335
Parameters optimization took 3 rounds (0.038 sec)
Computing ML distances based on estimated model parameters... 0.001 sec
Computing BIONJ tree...
0.003 seconds
Log-likelihood of BIONJ tree: -9069.537
--------------------------------------------------------------------
|             INITIALIZING CANDIDATE TREE SET                      |
--------------------------------------------------------------------
Generating 98 parsimony trees... 0.087 second
Computing log-likelihood of 98 initial trees ... 0.419 seconds
Current best score: -9069.537

Do NNI search on 20 best initial trees
Estimate model parameters (epsilon = 0.100)
BETTER TREE FOUND at iteration 1: -9069.523
Iteration 10 / LogL: -9069.543 / Time: 0h:0m:0s
Iteration 20 / LogL: -9069.565 / Time: 0h:0m:1s
Finish initializing candidate tree set (2)
Current best tree score: -9069.523 / CPU time: 1.069
Number of iterations: 20
--------------------------------------------------------------------
|               OPTIMIZING CANDIDATE TREE SET                      |
--------------------------------------------------------------------
Iteration 30 / LogL: -9069.583 / Time: 0h:0m:1s (0h:0m:3s left)
Iteration 40 / LogL: -9069.570 / Time: 0h:0m:1s (0h:0m:3s left)
Iteration 50 / LogL: -9069.529 / Time: 0h:0m:2s (0h:0m:2s left)
Iteration 60 / LogL: -9069.525 / Time: 0h:0m:2s (0h:0m:1s left)
Iteration 70 / LogL: -9069.532 / Time: 0h:0m:3s (0h:0m:1s left)
Iteration 80 / LogL: -9069.728 / Time: 0h:0m:3s (0h:0m:0s left)
Iteration 90 / LogL: -9069.525 / Time: 0h:0m:4s (0h:0m:0s left)
Iteration 100 / LogL: -9069.554 / Time: 0h:0m:4s (0h:0m:0s left)
TREE SEARCH COMPLETED AFTER 102 ITERATIONS / Time: 0h:0m:4s

--------------------------------------------------------------------
|                    FINALIZING TREE SEARCH                        |
--------------------------------------------------------------------
Performs final model parameters optimization
Estimate model parameters (epsilon = 0.010)
1. Initial log-likelihood: -9069.523
Optimal log-likelihood: -9069.520
Rate parameters:  A-C: 1.80795  A-G: 4.55195  A-T: 1.66486  C-G: 1.20546  C-T: 6.93251  G-T: 1.00000
Base frequencies:  A: 0.276  C: 0.192  G: 0.261  T: 0.271
Gamma shape alpha: 0.335
Parameters optimization took 1 rounds (0.005 sec)
BEST SCORE FOUND : -9069.520

Testing tree branches by SH-like aLRT with 1000 replicates...
0.094 sec.
Total tree length: 1.252

Total number of iterations: 102
CPU time used for tree search: 5.264 sec (0h:0m:5s)
Wall-clock time used for tree search: 4.578 sec (0h:0m:4s)
Total CPU time used: 5.682 sec (0h:0m:5s)
Total wall-clock time used: 4.735 sec (0h:0m:4s)

Analysis results written to: 
  IQ-TREE report:                cluster5580rr.1to1ortho.fa.aln-cln_gene1213.fa.iqtree
  Maximum-likelihood tree:       cluster5580rr.1to1ortho.fa.aln-cln_gene1213.fa.treefile
  Likelihood distances:          cluster5580rr.1to1ortho.fa.aln-cln_gene1213.fa.mldist
  Screen log file:               cluster5580rr.1to1ortho.fa.aln-cln_gene1213.fa.log

Date and Time: Mon Nov 25 11:10:18 2019
