IQ-TREE multicore version 1.6.11 for Mac OS X 64-bit built Jul 12 2019
Developed by Bui Quang Minh, Nguyen Lam Tung, Olga Chernomor,
Heiko Schmidt, Dominik Schrempf, Michael Woodhams.

Host:    slpc437 (AVX2, FMA3, 16 GB RAM)
Command: iqtree -s cluster2499rr.1to1ortho.fa.aln-cln_gene1124.fa -nt 4 -m GTR+G -alrt 1000
Seed:    693340 (Using SPRNG - Scalable Parallel Random Number Generator)
Time:    Mon Nov 25 10:05:47 2019
Kernel:  AVX+FMA - 4 threads (6 CPU cores detected)

Reading alignment file cluster2499rr.1to1ortho.fa.aln-cln_gene1124.fa ... Fasta format detected
Alignment most likely contains DNA/RNA sequences
Alignment has 13 sequences with 1543 columns, 714 distinct patterns
585 parsimony-informative, 182 singleton sites, 776 constant sites
           Gap/Ambiguity  Composition  p-value
   1  DrolusSFB    0.19%    passed     71.78%
   2  Dino         4.99%    passed     84.30%
   3  MJM3360      0.00%    passed     84.76%
   4  DrobinSFB   10.63%    passed     41.43%
   5  Neam         0.39%    passed     97.32%
   6  RuprSFB     11.41%    passed     94.79%
   7  Retr        10.89%    passed     77.51%
   8  Beta         0.58%    passed     63.98%
   9  Spol         0.39%    passed     42.32%
  10  MJM1652      4.99%    passed     43.91%
  11  NepSFB       0.39%    passed     93.71%
  12  WPYJ        14.06%    passed     70.13%
  13  MJM2940      0.39%    passed     85.20%
****  TOTAL        4.56%  0 sequences failed composition chi2 test (p-value<5%; df=3)

Create initial parsimony tree by phylogenetic likelihood library (PLL)... 0.001 seconds

NOTE: 1 MB RAM (0 GB) is required!
Estimate model parameters (epsilon = 0.100)
1. Initial log-likelihood: -10459.777
2. Current log-likelihood: -10015.582
3. Current log-likelihood: -9990.458
4. Current log-likelihood: -9990.175
Optimal log-likelihood: -9990.159
Rate parameters:  A-C: 1.75169  A-G: 4.26994  A-T: 1.53567  C-G: 1.60296  C-T: 7.97459  G-T: 1.00000
Base frequencies:  A: 0.303  C: 0.196  G: 0.255  T: 0.246
Gamma shape alpha: 0.429
Parameters optimization took 4 rounds (0.045 sec)
Computing ML distances based on estimated model parameters... 0.001 sec
Computing BIONJ tree...
0.002 seconds
Log-likelihood of BIONJ tree: -9988.144
--------------------------------------------------------------------
|             INITIALIZING CANDIDATE TREE SET                      |
--------------------------------------------------------------------
Generating 98 parsimony trees... 0.087 second
Computing log-likelihood of 98 initial trees ... 0.444 seconds
Current best score: -9988.041

Do NNI search on 20 best initial trees
Estimate model parameters (epsilon = 0.100)
BETTER TREE FOUND at iteration 1: -9986.403
Iteration 10 / LogL: -9986.408 / Time: 0h:0m:0s
Iteration 20 / LogL: -9986.565 / Time: 0h:0m:1s
Finish initializing candidate tree set (3)
Current best tree score: -9986.403 / CPU time: 1.226
Number of iterations: 20
--------------------------------------------------------------------
|               OPTIMIZING CANDIDATE TREE SET                      |
--------------------------------------------------------------------
Iteration 30 / LogL: -10026.261 / Time: 0h:0m:1s (0h:0m:4s left)
Iteration 40 / LogL: -9986.621 / Time: 0h:0m:2s (0h:0m:3s left)
Iteration 50 / LogL: -9986.535 / Time: 0h:0m:2s (0h:0m:2s left)
Iteration 60 / LogL: -9986.511 / Time: 0h:0m:3s (0h:0m:2s left)
Iteration 70 / LogL: -9987.161 / Time: 0h:0m:3s (0h:0m:1s left)
Iteration 80 / LogL: -10026.257 / Time: 0h:0m:3s (0h:0m:1s left)
Iteration 90 / LogL: -9986.404 / Time: 0h:0m:4s (0h:0m:0s left)
Iteration 100 / LogL: -9986.416 / Time: 0h:0m:4s (0h:0m:0s left)
TREE SEARCH COMPLETED AFTER 102 ITERATIONS / Time: 0h:0m:5s

--------------------------------------------------------------------
|                    FINALIZING TREE SEARCH                        |
--------------------------------------------------------------------
Performs final model parameters optimization
Estimate model parameters (epsilon = 0.010)
1. Initial log-likelihood: -9986.403
Optimal log-likelihood: -9986.402
Rate parameters:  A-C: 1.76090  A-G: 4.27567  A-T: 1.52635  C-G: 1.60599  C-T: 7.98109  G-T: 1.00000
Base frequencies:  A: 0.303  C: 0.196  G: 0.255  T: 0.246
Gamma shape alpha: 0.432
Parameters optimization took 1 rounds (0.005 sec)
BEST SCORE FOUND : -9986.402

Testing tree branches by SH-like aLRT with 1000 replicates...
0.091 sec.
Total tree length: 1.714

Total number of iterations: 102
CPU time used for tree search: 5.973 sec (0h:0m:5s)
Wall-clock time used for tree search: 4.948 sec (0h:0m:4s)
Total CPU time used: 6.404 sec (0h:0m:6s)
Total wall-clock time used: 5.108 sec (0h:0m:5s)

Analysis results written to: 
  IQ-TREE report:                cluster2499rr.1to1ortho.fa.aln-cln_gene1124.fa.iqtree
  Maximum-likelihood tree:       cluster2499rr.1to1ortho.fa.aln-cln_gene1124.fa.treefile
  Likelihood distances:          cluster2499rr.1to1ortho.fa.aln-cln_gene1124.fa.mldist
  Screen log file:               cluster2499rr.1to1ortho.fa.aln-cln_gene1124.fa.log

Date and Time: Mon Nov 25 10:05:52 2019
