IQ-TREE multicore version 1.6.11 for Mac OS X 64-bit built Jul 12 2019
Developed by Bui Quang Minh, Nguyen Lam Tung, Olga Chernomor,
Heiko Schmidt, Dominik Schrempf, Michael Woodhams.

Host:    slpc437 (AVX2, FMA3, 16 GB RAM)
Command: iqtree -s cluster2035rr.1to1ortho.fa.aln-cln_gene791.fa -nt 4 -m GTR+G -alrt 1000
Seed:    765986 (Using SPRNG - Scalable Parallel Random Number Generator)
Time:    Mon Nov 25 09:54:36 2019
Kernel:  AVX+FMA - 4 threads (6 CPU cores detected)

Reading alignment file cluster2035rr.1to1ortho.fa.aln-cln_gene791.fa ... Fasta format detected
Alignment most likely contains DNA/RNA sequences
Alignment has 13 sequences with 1496 columns, 643 distinct patterns
528 parsimony-informative, 202 singleton sites, 766 constant sites
           Gap/Ambiguity  Composition  p-value
   1  DrolusSFB    1.27%    passed     93.66%
   2  Dino         0.00%    passed     53.76%
   3  MJM3360      3.41%    passed      7.77%
   4  DrobinSFB    3.34%    passed     16.18%
   5  Neam         1.00%    passed     79.44%
   6  RuprSFB      4.01%    passed     92.98%
   7  Retr         0.94%    passed     41.90%
   8  Beta         5.21%    passed     25.48%
   9  Spol         6.48%    passed     28.54%
  10  MJM1652      0.00%    passed     51.62%
  11  NepSFB       1.00%    passed     68.77%
  12  WPYJ         1.34%    passed     94.68%
  13  MJM2940      0.94%    passed     92.39%
****  TOTAL        2.23%  0 sequences failed composition chi2 test (p-value<5%; df=3)

Create initial parsimony tree by phylogenetic likelihood library (PLL)... 0.001 seconds

NOTE: 1 MB RAM (0 GB) is required!
Estimate model parameters (epsilon = 0.100)
1. Initial log-likelihood: -9863.430
2. Current log-likelihood: -9470.217
3. Current log-likelihood: -9466.701
Optimal log-likelihood: -9466.636
Rate parameters:  A-C: 1.56142  A-G: 4.25137  A-T: 1.29846  C-G: 1.43861  C-T: 5.85494  G-T: 1.00000
Base frequencies:  A: 0.275  C: 0.186  G: 0.255  T: 0.285
Gamma shape alpha: 0.441
Parameters optimization took 3 rounds (0.036 sec)
Computing ML distances based on estimated model parameters... 0.001 sec
Computing BIONJ tree...
0.002 seconds
Log-likelihood of BIONJ tree: -9466.635
--------------------------------------------------------------------
|             INITIALIZING CANDIDATE TREE SET                      |
--------------------------------------------------------------------
Generating 99 parsimony trees... 0.085 second
Computing log-likelihood of 99 initial trees ... 0.426 seconds
Current best score: -9466.635

Do NNI search on 20 best initial trees
Estimate model parameters (epsilon = 0.100)
BETTER TREE FOUND at iteration 1: -9466.634
Iteration 10 / LogL: -9466.679 / Time: 0h:0m:0s
Iteration 20 / LogL: -9466.643 / Time: 0h:0m:1s
Finish initializing candidate tree set (1)
Current best tree score: -9466.634 / CPU time: 1.131
Number of iterations: 20
--------------------------------------------------------------------
|               OPTIMIZING CANDIDATE TREE SET                      |
--------------------------------------------------------------------
Iteration 30 / LogL: -9467.112 / Time: 0h:0m:1s (0h:0m:3s left)
Iteration 40 / LogL: -9466.699 / Time: 0h:0m:1s (0h:0m:2s left)
UPDATE BEST LOG-LIKELIHOOD: -9466.634
Iteration 50 / LogL: -9466.634 / Time: 0h:0m:2s (0h:0m:2s left)
Iteration 60 / LogL: -9466.720 / Time: 0h:0m:2s (0h:0m:1s left)
Iteration 70 / LogL: -9466.903 / Time: 0h:0m:3s (0h:0m:1s left)
Iteration 80 / LogL: -9466.638 / Time: 0h:0m:3s (0h:0m:0s left)
Iteration 90 / LogL: -9467.254 / Time: 0h:0m:3s (0h:0m:0s left)
Iteration 100 / LogL: -9466.994 / Time: 0h:0m:4s (0h:0m:0s left)
TREE SEARCH COMPLETED AFTER 102 ITERATIONS / Time: 0h:0m:4s

--------------------------------------------------------------------
|                    FINALIZING TREE SEARCH                        |
--------------------------------------------------------------------
Performs final model parameters optimization
Estimate model parameters (epsilon = 0.010)
1. Initial log-likelihood: -9466.634
Optimal log-likelihood: -9466.634
Rate parameters:  A-C: 1.56088  A-G: 4.25125  A-T: 1.29932  C-G: 1.43668  C-T: 5.86099  G-T: 1.00000
Base frequencies:  A: 0.275  C: 0.186  G: 0.255  T: 0.285
Gamma shape alpha: 0.441
Parameters optimization took 1 rounds (0.005 sec)
BEST SCORE FOUND : -9466.634

Testing tree branches by SH-like aLRT with 1000 replicates...
0.087 sec.
Total tree length: 1.568

Total number of iterations: 102
CPU time used for tree search: 4.745 sec (0h:0m:4s)
Wall-clock time used for tree search: 4.106 sec (0h:0m:4s)
Total CPU time used: 5.141 sec (0h:0m:5s)
Total wall-clock time used: 4.253 sec (0h:0m:4s)

Analysis results written to: 
  IQ-TREE report:                cluster2035rr.1to1ortho.fa.aln-cln_gene791.fa.iqtree
  Maximum-likelihood tree:       cluster2035rr.1to1ortho.fa.aln-cln_gene791.fa.treefile
  Likelihood distances:          cluster2035rr.1to1ortho.fa.aln-cln_gene791.fa.mldist
  Screen log file:               cluster2035rr.1to1ortho.fa.aln-cln_gene791.fa.log

Date and Time: Mon Nov 25 09:54:41 2019
