IQ-TREE multicore version 1.6.11 for Mac OS X 64-bit built Jul 12 2019
Developed by Bui Quang Minh, Nguyen Lam Tung, Olga Chernomor,
Heiko Schmidt, Dominik Schrempf, Michael Woodhams.

Host:    slpc437 (AVX2, FMA3, 16 GB RAM)
Command: iqtree -s cluster3149rr.1to1ortho.fa.aln-cln_gene520.fa -nt 4 -m GTR+G -alrt 1000
Seed:    59555 (Using SPRNG - Scalable Parallel Random Number Generator)
Time:    Mon Nov 25 10:22:25 2019
Kernel:  AVX+FMA - 4 threads (6 CPU cores detected)

Reading alignment file cluster3149rr.1to1ortho.fa.aln-cln_gene520.fa ... Fasta format detected
Alignment most likely contains DNA/RNA sequences
Alignment has 13 sequences with 1118 columns, 525 distinct patterns
392 parsimony-informative, 152 singleton sites, 574 constant sites
           Gap/Ambiguity  Composition  p-value
   1  DrolusSFB    0.72%    passed     65.00%
   2  Dino         4.20%    passed     90.25%
   3  MJM3360      4.47%    passed     33.20%
   4  DrobinSFB    4.38%    passed     55.12%
   5  Neam         0.00%    passed     72.36%
   6  RuprSFB      4.56%    passed     72.15%
   7  Retr         3.85%    passed     35.49%
   8  Beta         2.77%    passed     91.23%
   9  Spol        31.31%    passed     23.32%
  10  MJM1652      4.20%    passed     77.36%
  11  NepSFB       0.00%    passed     84.25%
  12  WPYJ        18.78%    passed     53.26%
  13  MJM2940      0.63%    passed     79.96%
****  TOTAL        6.14%  0 sequences failed composition chi2 test (p-value<5%; df=3)

Create initial parsimony tree by phylogenetic likelihood library (PLL)... 0.001 seconds

NOTE: 0 MB RAM (0 GB) is required!
Estimate model parameters (epsilon = 0.100)
1. Initial log-likelihood: -7450.746
2. Current log-likelihood: -7147.201
3. Current log-likelihood: -7145.474
Optimal log-likelihood: -7145.427
Rate parameters:  A-C: 1.85108  A-G: 5.50706  A-T: 2.02661  C-G: 1.83424  C-T: 6.61668  G-T: 1.00000
Base frequencies:  A: 0.263  C: 0.206  G: 0.250  T: 0.280
Gamma shape alpha: 0.424
Parameters optimization took 3 rounds (0.032 sec)
Computing ML distances based on estimated model parameters... 0.001 sec
Computing BIONJ tree...
0.002 seconds
Log-likelihood of BIONJ tree: -7145.427
--------------------------------------------------------------------
|             INITIALIZING CANDIDATE TREE SET                      |
--------------------------------------------------------------------
Generating 99 parsimony trees... 0.080 second
Computing log-likelihood of 99 initial trees ... 0.422 seconds
Current best score: -7145.427

Do NNI search on 20 best initial trees
Estimate model parameters (epsilon = 0.100)
BETTER TREE FOUND at iteration 1: -7145.426
Iteration 10 / LogL: -7145.878 / Time: 0h:0m:0s
Iteration 20 / LogL: -7145.449 / Time: 0h:0m:1s
Finish initializing candidate tree set (3)
Current best tree score: -7145.426 / CPU time: 0.973
Number of iterations: 20
--------------------------------------------------------------------
|               OPTIMIZING CANDIDATE TREE SET                      |
--------------------------------------------------------------------
Iteration 30 / LogL: -7145.818 / Time: 0h:0m:1s (0h:0m:3s left)
Iteration 40 / LogL: -7151.044 / Time: 0h:0m:1s (0h:0m:2s left)
Iteration 50 / LogL: -7145.832 / Time: 0h:0m:2s (0h:0m:2s left)
Iteration 60 / LogL: -7145.507 / Time: 0h:0m:2s (0h:0m:1s left)
Iteration 70 / LogL: -7150.752 / Time: 0h:0m:2s (0h:0m:1s left)
Iteration 80 / LogL: -7145.798 / Time: 0h:0m:3s (0h:0m:0s left)
Iteration 90 / LogL: -7150.687 / Time: 0h:0m:3s (0h:0m:0s left)
Iteration 100 / LogL: -7147.142 / Time: 0h:0m:4s (0h:0m:0s left)
TREE SEARCH COMPLETED AFTER 102 ITERATIONS / Time: 0h:0m:4s

--------------------------------------------------------------------
|                    FINALIZING TREE SEARCH                        |
--------------------------------------------------------------------
Performs final model parameters optimization
Estimate model parameters (epsilon = 0.010)
1. Initial log-likelihood: -7145.426
Optimal log-likelihood: -7145.426
Rate parameters:  A-C: 1.84962  A-G: 5.51304  A-T: 2.02739  C-G: 1.83454  C-T: 6.60718  G-T: 1.00000
Base frequencies:  A: 0.263  C: 0.206  G: 0.250  T: 0.280
Gamma shape alpha: 0.425
Parameters optimization took 1 rounds (0.004 sec)
BEST SCORE FOUND : -7145.426

Testing tree branches by SH-like aLRT with 1000 replicates...
0.072 sec.
Total tree length: 1.641

Total number of iterations: 102
CPU time used for tree search: 4.512 sec (0h:0m:4s)
Wall-clock time used for tree search: 4.190 sec (0h:0m:4s)
Total CPU time used: 4.827 sec (0h:0m:4s)
Total wall-clock time used: 4.316 sec (0h:0m:4s)

Analysis results written to: 
  IQ-TREE report:                cluster3149rr.1to1ortho.fa.aln-cln_gene520.fa.iqtree
  Maximum-likelihood tree:       cluster3149rr.1to1ortho.fa.aln-cln_gene520.fa.treefile
  Likelihood distances:          cluster3149rr.1to1ortho.fa.aln-cln_gene520.fa.mldist
  Screen log file:               cluster3149rr.1to1ortho.fa.aln-cln_gene520.fa.log

Date and Time: Mon Nov 25 10:22:29 2019
