IQ-TREE multicore version 1.6.11 for Mac OS X 64-bit built Jul 12 2019
Developed by Bui Quang Minh, Nguyen Lam Tung, Olga Chernomor,
Heiko Schmidt, Dominik Schrempf, Michael Woodhams.

Host:    slpc437 (AVX2, FMA3, 16 GB RAM)
Command: iqtree -s cluster5030rr.1to1ortho.fa.aln-cln_gene706.fa -nt 4 -m GTR+G -alrt 1000
Seed:    472732 (Using SPRNG - Scalable Parallel Random Number Generator)
Time:    Mon Nov 25 11:04:02 2019
Kernel:  AVX+FMA - 4 threads (6 CPU cores detected)

Reading alignment file cluster5030rr.1to1ortho.fa.aln-cln_gene706.fa ... Fasta format detected
Alignment most likely contains DNA/RNA sequences
Alignment has 13 sequences with 1255 columns, 583 distinct patterns
416 parsimony-informative, 155 singleton sites, 684 constant sites
           Gap/Ambiguity  Composition  p-value
   1  DrolusSFB    3.19%    passed     54.42%
   2  Dino         2.47%    passed     86.12%
   3  MJM3360     21.99%    passed     96.96%
   4  DrobinSFB   19.92%    passed     87.85%
   5  Neam         2.95%    passed     87.10%
   6  RuprSFB     21.35%    passed     89.21%
   7  Retr         2.15%    passed     69.59%
   8  Beta         4.62%    passed     36.84%
   9  Spol         4.62%    passed     92.68%
  10  MJM1652      2.47%    passed     52.13%
  11  NepSFB       2.95%    passed     91.13%
  12  WPYJ         2.71%    passed     21.53%
  13  MJM2940      3.59%    passed     94.41%
****  TOTAL        7.31%  0 sequences failed composition chi2 test (p-value<5%; df=3)

Create initial parsimony tree by phylogenetic likelihood library (PLL)... 0.001 seconds

NOTE: 0 MB RAM (0 GB) is required!
Estimate model parameters (epsilon = 0.100)
1. Initial log-likelihood: -7938.817
2. Current log-likelihood: -7619.889
3. Current log-likelihood: -7616.606
Optimal log-likelihood: -7616.564
Rate parameters:  A-C: 1.45608  A-G: 4.02771  A-T: 1.12954  C-G: 1.44806  C-T: 4.04847  G-T: 1.00000
Base frequencies:  A: 0.227  C: 0.242  G: 0.235  T: 0.297
Gamma shape alpha: 0.340
Parameters optimization took 3 rounds (0.035 sec)
Computing ML distances based on estimated model parameters... 0.001 sec
Computing BIONJ tree...
0.002 seconds
Log-likelihood of BIONJ tree: -7617.591
--------------------------------------------------------------------
|             INITIALIZING CANDIDATE TREE SET                      |
--------------------------------------------------------------------
Generating 98 parsimony trees... 0.082 second
Computing log-likelihood of 98 initial trees ... 0.422 seconds
Current best score: -7612.283

Do NNI search on 20 best initial trees
Estimate model parameters (epsilon = 0.100)
BETTER TREE FOUND at iteration 1: -7608.604
Iteration 10 / LogL: -7608.610 / Time: 0h:0m:0s
Iteration 20 / LogL: -7608.611 / Time: 0h:0m:1s
Finish initializing candidate tree set (2)
Current best tree score: -7608.604 / CPU time: 1.188
Number of iterations: 20
--------------------------------------------------------------------
|               OPTIMIZING CANDIDATE TREE SET                      |
--------------------------------------------------------------------
Iteration 30 / LogL: -7608.872 / Time: 0h:0m:1s (0h:0m:4s left)
Iteration 40 / LogL: -7608.772 / Time: 0h:0m:2s (0h:0m:3s left)
Iteration 50 / LogL: -7614.598 / Time: 0h:0m:2s (0h:0m:2s left)
Iteration 60 / LogL: -7613.098 / Time: 0h:0m:2s (0h:0m:2s left)
Iteration 70 / LogL: -7613.055 / Time: 0h:0m:3s (0h:0m:1s left)
Iteration 80 / LogL: -7613.068 / Time: 0h:0m:3s (0h:0m:1s left)
Iteration 90 / LogL: -7608.936 / Time: 0h:0m:4s (0h:0m:0s left)
Iteration 100 / LogL: -7613.065 / Time: 0h:0m:4s (0h:0m:0s left)
TREE SEARCH COMPLETED AFTER 102 ITERATIONS / Time: 0h:0m:4s

--------------------------------------------------------------------
|                    FINALIZING TREE SEARCH                        |
--------------------------------------------------------------------
Performs final model parameters optimization
Estimate model parameters (epsilon = 0.010)
1. Initial log-likelihood: -7608.604
Optimal log-likelihood: -7608.603
Rate parameters:  A-C: 1.39157  A-G: 4.02981  A-T: 1.12959  C-G: 1.43738  C-T: 4.06459  G-T: 1.00000
Base frequencies:  A: 0.227  C: 0.242  G: 0.235  T: 0.297
Gamma shape alpha: 0.338
Parameters optimization took 1 rounds (0.005 sec)
BEST SCORE FOUND : -7608.603

Testing tree branches by SH-like aLRT with 1000 replicates...
0.078 sec.
Total tree length: 1.617

Total number of iterations: 102
CPU time used for tree search: 5.340 sec (0h:0m:5s)
Wall-clock time used for tree search: 4.750 sec (0h:0m:4s)
Total CPU time used: 5.689 sec (0h:0m:5s)
Total wall-clock time used: 4.887 sec (0h:0m:4s)

Analysis results written to: 
  IQ-TREE report:                cluster5030rr.1to1ortho.fa.aln-cln_gene706.fa.iqtree
  Maximum-likelihood tree:       cluster5030rr.1to1ortho.fa.aln-cln_gene706.fa.treefile
  Likelihood distances:          cluster5030rr.1to1ortho.fa.aln-cln_gene706.fa.mldist
  Screen log file:               cluster5030rr.1to1ortho.fa.aln-cln_gene706.fa.log

Date and Time: Mon Nov 25 11:04:07 2019
