IQ-TREE multicore version 1.6.11 for Mac OS X 64-bit built Jul 12 2019
Developed by Bui Quang Minh, Nguyen Lam Tung, Olga Chernomor,
Heiko Schmidt, Dominik Schrempf, Michael Woodhams.

Host:    slpc437 (AVX2, FMA3, 16 GB RAM)
Command: iqtree -s cluster4397rr.1to1ortho.fa.aln-cln_gene898.fa -nt 4 -m GTR+G -alrt 1000
Seed:    339571 (Using SPRNG - Scalable Parallel Random Number Generator)
Time:    Mon Nov 25 10:51:13 2019
Kernel:  AVX+FMA - 4 threads (6 CPU cores detected)

Reading alignment file cluster4397rr.1to1ortho.fa.aln-cln_gene898.fa ... Fasta format detected
Alignment most likely contains DNA/RNA sequences
Alignment has 13 sequences with 2085 columns, 1092 distinct patterns
818 parsimony-informative, 342 singleton sites, 925 constant sites
           Gap/Ambiguity  Composition  p-value
   1  DrolusSFB    0.38%    passed     87.97%
   2  Dino         2.01%    passed     88.71%
   3  MJM3360     31.18%    passed     92.36%
   4  DrobinSFB    1.87%    passed      5.18%
   5  Neam         0.82%    passed     94.58%
   6  RuprSFB      3.88%    passed     44.42%
   7  Retr         4.51%    passed     86.97%
   8  Beta         2.11%    passed     82.77%
   9  Spol         6.14%    passed     38.67%
  10  MJM1652      3.74%    passed     75.78%
  11  NepSFB       0.82%    passed     95.12%
  12  WPYJ        41.34%    passed     82.97%
  13  MJM2940      0.38%    passed     85.33%
****  TOTAL        7.63%  0 sequences failed composition chi2 test (p-value<5%; df=3)

Create initial parsimony tree by phylogenetic likelihood library (PLL)... 0.001 seconds

NOTE: 1 MB RAM (0 GB) is required!
Estimate model parameters (epsilon = 0.100)
1. Initial log-likelihood: -15015.411
2. Current log-likelihood: -14447.854
3. Current log-likelihood: -14442.836
Optimal log-likelihood: -14442.752
Rate parameters:  A-C: 1.34723  A-G: 4.00856  A-T: 1.26438  C-G: 1.13932  C-T: 4.39593  G-T: 1.00000
Base frequencies:  A: 0.254  C: 0.212  G: 0.236  T: 0.299
Gamma shape alpha: 0.548
Parameters optimization took 3 rounds (0.045 sec)
Computing ML distances based on estimated model parameters... 0.002 sec
Computing BIONJ tree...
0.002 seconds
Log-likelihood of BIONJ tree: -14439.201
--------------------------------------------------------------------
|             INITIALIZING CANDIDATE TREE SET                      |
--------------------------------------------------------------------
Generating 98 parsimony trees... 0.108 second
Computing log-likelihood of 97 initial trees ... 0.484 seconds
Current best score: -14439.201

Do NNI search on 20 best initial trees
Estimate model parameters (epsilon = 0.100)
BETTER TREE FOUND at iteration 1: -14439.197
Iteration 10 / LogL: -14439.208 / Time: 0h:0m:0s
Iteration 20 / LogL: -14439.254 / Time: 0h:0m:1s
Finish initializing candidate tree set (2)
Current best tree score: -14439.197 / CPU time: 1.300
Number of iterations: 20
--------------------------------------------------------------------
|               OPTIMIZING CANDIDATE TREE SET                      |
--------------------------------------------------------------------
Iteration 30 / LogL: -14439.311 / Time: 0h:0m:1s (0h:0m:4s left)
Iteration 40 / LogL: -14439.254 / Time: 0h:0m:2s (0h:0m:3s left)
Iteration 50 / LogL: -14439.221 / Time: 0h:0m:2s (0h:0m:2s left)
Iteration 60 / LogL: -14439.200 / Time: 0h:0m:3s (0h:0m:2s left)
Iteration 70 / LogL: -14439.290 / Time: 0h:0m:3s (0h:0m:1s left)
Iteration 80 / LogL: -14439.209 / Time: 0h:0m:4s (0h:0m:1s left)
Iteration 90 / LogL: -14439.204 / Time: 0h:0m:4s (0h:0m:0s left)
Iteration 100 / LogL: -14439.372 / Time: 0h:0m:5s (0h:0m:0s left)
TREE SEARCH COMPLETED AFTER 102 ITERATIONS / Time: 0h:0m:5s

--------------------------------------------------------------------
|                    FINALIZING TREE SEARCH                        |
--------------------------------------------------------------------
Performs final model parameters optimization
Estimate model parameters (epsilon = 0.010)
1. Initial log-likelihood: -14439.197
Optimal log-likelihood: -14439.195
Rate parameters:  A-C: 1.34456  A-G: 4.02066  A-T: 1.26636  C-G: 1.14056  C-T: 4.39829  G-T: 1.00000
Base frequencies:  A: 0.254  C: 0.212  G: 0.236  T: 0.299
Gamma shape alpha: 0.550
Parameters optimization took 1 rounds (0.006 sec)
BEST SCORE FOUND : -14439.195

Testing tree branches by SH-like aLRT with 1000 replicates...
0.119 sec.
Total tree length: 1.987

Total number of iterations: 102
CPU time used for tree search: 7.478 sec (0h:0m:7s)
Wall-clock time used for tree search: 5.274 sec (0h:0m:5s)
Total CPU time used: 8.042 sec (0h:0m:8s)
Total wall-clock time used: 5.467 sec (0h:0m:5s)

Analysis results written to: 
  IQ-TREE report:                cluster4397rr.1to1ortho.fa.aln-cln_gene898.fa.iqtree
  Maximum-likelihood tree:       cluster4397rr.1to1ortho.fa.aln-cln_gene898.fa.treefile
  Likelihood distances:          cluster4397rr.1to1ortho.fa.aln-cln_gene898.fa.mldist
  Screen log file:               cluster4397rr.1to1ortho.fa.aln-cln_gene898.fa.log

Date and Time: Mon Nov 25 10:51:18 2019
