IQ-TREE multicore version 1.6.11 for Mac OS X 64-bit built Jul 12 2019
Developed by Bui Quang Minh, Nguyen Lam Tung, Olga Chernomor,
Heiko Schmidt, Dominik Schrempf, Michael Woodhams.

Host:    slpc437 (AVX2, FMA3, 16 GB RAM)
Command: iqtree -s cluster1593rr.1to1ortho.fa.aln-cln_gene948.fa -nt 4 -m GTR+G -alrt 1000
Seed:    805441 (Using SPRNG - Scalable Parallel Random Number Generator)
Time:    Mon Nov 25 09:45:58 2019
Kernel:  AVX+FMA - 4 threads (6 CPU cores detected)

Reading alignment file cluster1593rr.1to1ortho.fa.aln-cln_gene948.fa ... Fasta format detected
Alignment most likely contains DNA/RNA sequences
Alignment has 13 sequences with 1149 columns, 494 distinct patterns
365 parsimony-informative, 149 singleton sites, 635 constant sites
           Gap/Ambiguity  Composition  p-value
   1  DrolusSFB    0.00%    passed     92.98%
   2  Dino        23.24%    passed     39.84%
   3  MJM3360      0.00%    passed     75.40%
   4  DrobinSFB    0.00%    passed     75.94%
   5  Neam         0.00%    passed     89.44%
   6  RuprSFB      0.35%    passed     68.92%
   7  Retr        42.30%    passed     99.06%
   8  Beta         0.52%    passed     67.25%
   9  Spol         0.26%    passed     87.19%
  10  MJM1652      0.00%    passed     96.55%
  11  NepSFB       0.00%    passed     95.52%
  12  WPYJ        45.43%    passed     76.09%
  13  MJM2940      0.00%    passed     99.95%
****  TOTAL        8.62%  0 sequences failed composition chi2 test (p-value<5%; df=3)

Create initial parsimony tree by phylogenetic likelihood library (PLL)... 0.001 seconds

NOTE: 0 MB RAM (0 GB) is required!
Estimate model parameters (epsilon = 0.100)
1. Initial log-likelihood: -6877.328
2. Current log-likelihood: -6528.254
3. Current log-likelihood: -6524.298
Optimal log-likelihood: -6524.248
Rate parameters:  A-C: 2.73318  A-G: 5.81200  A-T: 2.01955  C-G: 1.62207  C-T: 10.60596  G-T: 1.00000
Base frequencies:  A: 0.318  C: 0.181  G: 0.252  T: 0.249
Gamma shape alpha: 0.392
Parameters optimization took 3 rounds (0.035 sec)
Computing ML distances based on estimated model parameters... 0.001 sec
Computing BIONJ tree...
0.002 seconds
Log-likelihood of BIONJ tree: -6523.196
--------------------------------------------------------------------
|             INITIALIZING CANDIDATE TREE SET                      |
--------------------------------------------------------------------
Generating 98 parsimony trees... 0.076 second
Computing log-likelihood of 98 initial trees ... 0.423 seconds
Current best score: -6521.595

Do NNI search on 20 best initial trees
Estimate model parameters (epsilon = 0.100)
BETTER TREE FOUND at iteration 1: -6518.148
Iteration 10 / LogL: -6518.160 / Time: 0h:0m:0s
Iteration 20 / LogL: -6518.325 / Time: 0h:0m:1s
Finish initializing candidate tree set (2)
Current best tree score: -6518.148 / CPU time: 1.064
Number of iterations: 20
--------------------------------------------------------------------
|               OPTIMIZING CANDIDATE TREE SET                      |
--------------------------------------------------------------------
Iteration 30 / LogL: -6518.298 / Time: 0h:0m:1s (0h:0m:3s left)
Iteration 40 / LogL: -6518.334 / Time: 0h:0m:1s (0h:0m:2s left)
Iteration 50 / LogL: -6518.158 / Time: 0h:0m:2s (0h:0m:2s left)
Iteration 60 / LogL: -6523.033 / Time: 0h:0m:2s (0h:0m:1s left)
Iteration 70 / LogL: -6518.187 / Time: 0h:0m:2s (0h:0m:1s left)
Iteration 80 / LogL: -6518.360 / Time: 0h:0m:3s (0h:0m:0s left)
Iteration 90 / LogL: -6518.258 / Time: 0h:0m:3s (0h:0m:0s left)
Iteration 100 / LogL: -6518.436 / Time: 0h:0m:4s (0h:0m:0s left)
TREE SEARCH COMPLETED AFTER 102 ITERATIONS / Time: 0h:0m:4s

--------------------------------------------------------------------
|                    FINALIZING TREE SEARCH                        |
--------------------------------------------------------------------
Performs final model parameters optimization
Estimate model parameters (epsilon = 0.010)
1. Initial log-likelihood: -6518.148
Optimal log-likelihood: -6518.147
Rate parameters:  A-C: 2.71423  A-G: 5.76847  A-T: 1.97784  C-G: 1.60427  C-T: 10.62017  G-T: 1.00000
Base frequencies:  A: 0.318  C: 0.181  G: 0.252  T: 0.249
Gamma shape alpha: 0.392
Parameters optimization took 1 rounds (0.005 sec)
BEST SCORE FOUND : -6518.147

Testing tree branches by SH-like aLRT with 1000 replicates...
0.074 sec.
Total tree length: 1.452

Total number of iterations: 102
CPU time used for tree search: 4.289 sec (0h:0m:4s)
Wall-clock time used for tree search: 4.061 sec (0h:0m:4s)
Total CPU time used: 4.611 sec (0h:0m:4s)
Total wall-clock time used: 4.193 sec (0h:0m:4s)

Analysis results written to: 
  IQ-TREE report:                cluster1593rr.1to1ortho.fa.aln-cln_gene948.fa.iqtree
  Maximum-likelihood tree:       cluster1593rr.1to1ortho.fa.aln-cln_gene948.fa.treefile
  Likelihood distances:          cluster1593rr.1to1ortho.fa.aln-cln_gene948.fa.mldist
  Screen log file:               cluster1593rr.1to1ortho.fa.aln-cln_gene948.fa.log

Date and Time: Mon Nov 25 09:46:03 2019
