IQ-TREE multicore version 1.6.11 for Mac OS X 64-bit built Jul 12 2019
Developed by Bui Quang Minh, Nguyen Lam Tung, Olga Chernomor,
Heiko Schmidt, Dominik Schrempf, Michael Woodhams.

Host:    slpc437 (AVX2, FMA3, 16 GB RAM)
Command: iqtree -s cluster4282rr.1to1ortho.fa.aln-cln_gene187.fa -nt 4 -m GTR+G -alrt 1000
Seed:    730145 (Using SPRNG - Scalable Parallel Random Number Generator)
Time:    Mon Nov 25 10:48:05 2019
Kernel:  AVX+FMA - 4 threads (6 CPU cores detected)

Reading alignment file cluster4282rr.1to1ortho.fa.aln-cln_gene187.fa ... Fasta format detected
Alignment most likely contains DNA/RNA sequences
Alignment has 13 sequences with 1475 columns, 615 distinct patterns
507 parsimony-informative, 167 singleton sites, 801 constant sites
           Gap/Ambiguity  Composition  p-value
   1  DrolusSFB    0.14%    passed     96.36%
   2  Dino         0.14%    passed     88.44%
   3  MJM3360      3.80%    passed     80.74%
   4  DrobinSFB    3.86%    passed     75.89%
   5  Neam         0.68%    passed     93.48%
   6  RuprSFB      5.15%    passed     79.21%
   7  Retr         3.80%    passed     74.75%
   8  Beta         3.86%    passed     42.47%
   9  Spol         4.14%    passed     76.80%
  10  MJM1652      0.14%    passed     79.12%
  11  NepSFB       0.68%    passed     88.21%
  12  WPYJ         5.22%    passed     78.17%
  13  MJM2940      0.00%    passed     96.75%
****  TOTAL        2.43%  0 sequences failed composition chi2 test (p-value<5%; df=3)

Create initial parsimony tree by phylogenetic likelihood library (PLL)... 0.001 seconds

NOTE: 1 MB RAM (0 GB) is required!
Estimate model parameters (epsilon = 0.100)
1. Initial log-likelihood: -9652.061
2. Current log-likelihood: -9233.546
3. Current log-likelihood: -9182.856
4. Current log-likelihood: -9182.625
Optimal log-likelihood: -9182.625
Rate parameters:  A-C: 2.16385  A-G: 4.95020  A-T: 1.91434  C-G: 1.08197  C-T: 7.84524  G-T: 1.00000
Base frequencies:  A: 0.262  C: 0.213  G: 0.250  T: 0.274
Gamma shape alpha: 0.362
Parameters optimization took 4 rounds (0.066 sec)
Computing ML distances based on estimated model parameters... 0.001 sec
Computing BIONJ tree...
0.002 seconds
Log-likelihood of BIONJ tree: -9174.341
--------------------------------------------------------------------
|             INITIALIZING CANDIDATE TREE SET                      |
--------------------------------------------------------------------
Generating 98 parsimony trees... 0.083 second
Computing log-likelihood of 98 initial trees ... 0.427 seconds
Current best score: -9174.341

Do NNI search on 20 best initial trees
Estimate model parameters (epsilon = 0.100)
BETTER TREE FOUND at iteration 1: -9174.335
Iteration 10 / LogL: -9174.389 / Time: 0h:0m:0s
Iteration 20 / LogL: -9175.114 / Time: 0h:0m:1s
Finish initializing candidate tree set (1)
Current best tree score: -9174.335 / CPU time: 1.016
Number of iterations: 20
--------------------------------------------------------------------
|               OPTIMIZING CANDIDATE TREE SET                      |
--------------------------------------------------------------------
Iteration 30 / LogL: -9174.379 / Time: 0h:0m:1s (0h:0m:3s left)
Iteration 40 / LogL: -9174.674 / Time: 0h:0m:1s (0h:0m:2s left)
UPDATE BEST LOG-LIKELIHOOD: -9174.335
Iteration 50 / LogL: -9174.344 / Time: 0h:0m:2s (0h:0m:2s left)
Iteration 60 / LogL: -9174.410 / Time: 0h:0m:2s (0h:0m:1s left)
Iteration 70 / LogL: -9174.346 / Time: 0h:0m:2s (0h:0m:1s left)
Iteration 80 / LogL: -9175.605 / Time: 0h:0m:3s (0h:0m:0s left)
Iteration 90 / LogL: -9174.377 / Time: 0h:0m:3s (0h:0m:0s left)
Iteration 100 / LogL: -9174.972 / Time: 0h:0m:4s (0h:0m:0s left)
TREE SEARCH COMPLETED AFTER 102 ITERATIONS / Time: 0h:0m:4s

--------------------------------------------------------------------
|                    FINALIZING TREE SEARCH                        |
--------------------------------------------------------------------
Performs final model parameters optimization
Estimate model parameters (epsilon = 0.010)
1. Initial log-likelihood: -9174.335
Optimal log-likelihood: -9174.333
Rate parameters:  A-C: 2.14810  A-G: 4.92497  A-T: 1.90601  C-G: 1.06872  C-T: 7.79890  G-T: 1.00000
Base frequencies:  A: 0.262  C: 0.213  G: 0.250  T: 0.274
Gamma shape alpha: 0.361
Parameters optimization took 1 rounds (0.006 sec)
BEST SCORE FOUND : -9174.333

Testing tree branches by SH-like aLRT with 1000 replicates...
0.087 sec.
Total tree length: 1.584

Total number of iterations: 102
CPU time used for tree search: 4.518 sec (0h:0m:4s)
Wall-clock time used for tree search: 4.071 sec (0h:0m:4s)
Total CPU time used: 4.979 sec (0h:0m:4s)
Total wall-clock time used: 4.249 sec (0h:0m:4s)

Analysis results written to: 
  IQ-TREE report:                cluster4282rr.1to1ortho.fa.aln-cln_gene187.fa.iqtree
  Maximum-likelihood tree:       cluster4282rr.1to1ortho.fa.aln-cln_gene187.fa.treefile
  Likelihood distances:          cluster4282rr.1to1ortho.fa.aln-cln_gene187.fa.mldist
  Screen log file:               cluster4282rr.1to1ortho.fa.aln-cln_gene187.fa.log

Date and Time: Mon Nov 25 10:48:09 2019
