IQ-TREE multicore version 1.6.11 for Mac OS X 64-bit built Jul 12 2019
Developed by Bui Quang Minh, Nguyen Lam Tung, Olga Chernomor,
Heiko Schmidt, Dominik Schrempf, Michael Woodhams.

Host:    slpc437 (AVX2, FMA3, 16 GB RAM)
Command: iqtree -s cluster302rr.1to1ortho.fa.aln-cln_gene694.fa -nt 4 -m GTR+G -alrt 1000
Seed:    846446 (Using SPRNG - Scalable Parallel Random Number Generator)
Time:    Mon Nov 25 10:20:36 2019
Kernel:  AVX+FMA - 4 threads (6 CPU cores detected)

Reading alignment file cluster302rr.1to1ortho.fa.aln-cln_gene694.fa ... Fasta format detected
Alignment most likely contains DNA/RNA sequences
Alignment has 13 sequences with 1187 columns, 624 distinct patterns
384 parsimony-informative, 238 singleton sites, 565 constant sites
           Gap/Ambiguity  Composition  p-value
   1  DrolusSFB    0.00%    passed     97.02%
   2  Dino         0.00%    passed     80.72%
   3  MJM3360     13.23%    passed      9.72%
   4  DrobinSFB    9.94%    passed     24.29%
   5  Neam        55.77%    passed     12.89%
   6  RuprSFB     11.71%    passed     33.73%
   7  Retr        14.91%    passed     47.15%
   8  Beta         8.09%    passed     12.38%
   9  Spol         7.67%    passed     17.16%
  10  MJM1652      0.00%    passed     78.23%
  11  NepSFB      49.03%    passed      7.59%
  12  WPYJ        23.00%    passed     82.29%
  13  MJM2940     32.18%    failed      0.36%
WARNING: 1 sequences contain more than 50% gaps/ambiguity
****  TOTAL       17.35%  1 sequences failed composition chi2 test (p-value<5%; df=3)

Create initial parsimony tree by phylogenetic likelihood library (PLL)... 0.001 seconds

NOTE: 1 MB RAM (0 GB) is required!
Estimate model parameters (epsilon = 0.100)
1. Initial log-likelihood: -7505.504
2. Current log-likelihood: -7194.653
3. Current log-likelihood: -7192.260
Optimal log-likelihood: -7192.232
Rate parameters:  A-C: 2.16789  A-G: 6.17226  A-T: 1.99524  C-G: 2.11651  C-T: 7.51226  G-T: 1.00000
Base frequencies:  A: 0.274  C: 0.198  G: 0.236  T: 0.292
Gamma shape alpha: 0.555
Parameters optimization took 3 rounds (0.039 sec)
Computing ML distances based on estimated model parameters... 0.001 sec
Computing BIONJ tree...
0.002 seconds
Log-likelihood of BIONJ tree: -7193.592
--------------------------------------------------------------------
|             INITIALIZING CANDIDATE TREE SET                      |
--------------------------------------------------------------------
Generating 98 parsimony trees... 0.086 second
Computing log-likelihood of 97 initial trees ... 0.431 seconds
Current best score: -7192.232

Do NNI search on 20 best initial trees
Estimate model parameters (epsilon = 0.100)
BETTER TREE FOUND at iteration 1: -7192.232
Iteration 10 / LogL: -7192.258 / Time: 0h:0m:0s
Iteration 20 / LogL: -7192.261 / Time: 0h:0m:1s
Finish initializing candidate tree set (1)
Current best tree score: -7192.232 / CPU time: 1.079
Number of iterations: 20
--------------------------------------------------------------------
|               OPTIMIZING CANDIDATE TREE SET                      |
--------------------------------------------------------------------
Iteration 30 / LogL: -7193.402 / Time: 0h:0m:1s (0h:0m:3s left)
UPDATE BEST LOG-LIKELIHOOD: -7192.232
Iteration 40 / LogL: -7192.247 / Time: 0h:0m:1s (0h:0m:2s left)
Iteration 50 / LogL: -7192.306 / Time: 0h:0m:2s (0h:0m:2s left)
Iteration 60 / LogL: -7192.247 / Time: 0h:0m:2s (0h:0m:1s left)
Iteration 70 / LogL: -7192.826 / Time: 0h:0m:2s (0h:0m:1s left)
Iteration 80 / LogL: -7192.245 / Time: 0h:0m:3s (0h:0m:0s left)
Iteration 90 / LogL: -7192.384 / Time: 0h:0m:3s (0h:0m:0s left)
Iteration 100 / LogL: -7192.531 / Time: 0h:0m:3s (0h:0m:0s left)
TREE SEARCH COMPLETED AFTER 102 ITERATIONS / Time: 0h:0m:4s

--------------------------------------------------------------------
|                    FINALIZING TREE SEARCH                        |
--------------------------------------------------------------------
Performs final model parameters optimization
Estimate model parameters (epsilon = 0.010)
1. Initial log-likelihood: -7192.232
Optimal log-likelihood: -7192.232
Rate parameters:  A-C: 2.16781  A-G: 6.17938  A-T: 1.99709  C-G: 2.11390  C-T: 7.51184  G-T: 1.00000
Base frequencies:  A: 0.274  C: 0.198  G: 0.236  T: 0.292
Gamma shape alpha: 0.555
Parameters optimization took 1 rounds (0.004 sec)
BEST SCORE FOUND : -7192.232

Testing tree branches by SH-like aLRT with 1000 replicates...
0.074 sec.
Total tree length: 1.698

Total number of iterations: 102
CPU time used for tree search: 4.529 sec (0h:0m:4s)
Wall-clock time used for tree search: 3.956 sec (0h:0m:3s)
Total CPU time used: 4.878 sec (0h:0m:4s)
Total wall-clock time used: 4.094 sec (0h:0m:4s)

Analysis results written to: 
  IQ-TREE report:                cluster302rr.1to1ortho.fa.aln-cln_gene694.fa.iqtree
  Maximum-likelihood tree:       cluster302rr.1to1ortho.fa.aln-cln_gene694.fa.treefile
  Likelihood distances:          cluster302rr.1to1ortho.fa.aln-cln_gene694.fa.mldist
  Screen log file:               cluster302rr.1to1ortho.fa.aln-cln_gene694.fa.log

Date and Time: Mon Nov 25 10:20:40 2019
