IQ-TREE multicore version 1.6.11 for Mac OS X 64-bit built Jul 12 2019
Developed by Bui Quang Minh, Nguyen Lam Tung, Olga Chernomor,
Heiko Schmidt, Dominik Schrempf, Michael Woodhams.

Host:    slpc437 (AVX2, FMA3, 16 GB RAM)
Command: iqtree -s cluster2380rr.1to1ortho.fa.aln-cln_gene424.fa -nt 4 -m GTR+G -alrt 1000
Seed:    486089 (Using SPRNG - Scalable Parallel Random Number Generator)
Time:    Mon Nov 25 10:02:43 2019
Kernel:  AVX+FMA - 4 threads (6 CPU cores detected)

Reading alignment file cluster2380rr.1to1ortho.fa.aln-cln_gene424.fa ... Fasta format detected
Alignment most likely contains DNA/RNA sequences
Alignment has 13 sequences with 1546 columns, 881 distinct patterns
588 parsimony-informative, 310 singleton sites, 648 constant sites
           Gap/Ambiguity  Composition  p-value
   1  DrolusSFB    6.99%    passed     75.66%
   2  Dino        44.76%    passed     87.67%
   3  MJM3360     18.63%    passed     22.10%
   4  DrobinSFB   23.09%    passed     50.12%
   5  Neam         1.23%    passed     56.02%
   6  RuprSFB     17.08%    passed     89.52%
   7  Retr        44.70%    passed     83.60%
   8  Beta         2.78%    passed     56.50%
   9  Spol         2.01%    passed     71.25%
  10  MJM1652     14.10%    failed      3.77%
  11  NepSFB       1.23%    passed     46.60%
  12  WPYJ        10.67%    passed     73.54%
  13  MJM2940      6.99%    passed     62.29%
****  TOTAL       14.94%  1 sequences failed composition chi2 test (p-value<5%; df=3)

Create initial parsimony tree by phylogenetic likelihood library (PLL)... 0.001 seconds

NOTE: 1 MB RAM (0 GB) is required!
Estimate model parameters (epsilon = 0.100)
1. Initial log-likelihood: -10557.234
2. Current log-likelihood: -10246.962
3. Current log-likelihood: -10169.183
4. Current log-likelihood: -10167.856
Optimal log-likelihood: -10167.845
Rate parameters:  A-C: 1.86812  A-G: 4.37613  A-T: 1.59366  C-G: 1.36849  C-T: 6.21145  G-T: 1.00000
Base frequencies:  A: 0.283  C: 0.184  G: 0.261  T: 0.273
Gamma shape alpha: 0.715
Parameters optimization took 4 rounds (0.065 sec)
Computing ML distances based on estimated model parameters... 0.002 sec
Computing BIONJ tree...
0.002 seconds
Log-likelihood of BIONJ tree: -10169.092
--------------------------------------------------------------------
|             INITIALIZING CANDIDATE TREE SET                      |
--------------------------------------------------------------------
Generating 98 parsimony trees... 0.105 second
Computing log-likelihood of 97 initial trees ... 0.465 seconds
Current best score: -10167.845

Do NNI search on 20 best initial trees
Estimate model parameters (epsilon = 0.100)
BETTER TREE FOUND at iteration 1: -10167.845
Iteration 10 / LogL: -10167.903 / Time: 0h:0m:0s
Iteration 20 / LogL: -10169.407 / Time: 0h:0m:1s
Finish initializing candidate tree set (1)
Current best tree score: -10167.845 / CPU time: 1.146
Number of iterations: 20
--------------------------------------------------------------------
|               OPTIMIZING CANDIDATE TREE SET                      |
--------------------------------------------------------------------
Iteration 30 / LogL: -10168.078 / Time: 0h:0m:1s (0h:0m:4s left)
UPDATE BEST LOG-LIKELIHOOD: -10167.845
Iteration 40 / LogL: -10167.845 / Time: 0h:0m:2s (0h:0m:3s left)
Iteration 50 / LogL: -10168.004 / Time: 0h:0m:2s (0h:0m:2s left)
Iteration 60 / LogL: -10167.991 / Time: 0h:0m:2s (0h:0m:1s left)
Iteration 70 / LogL: -10167.858 / Time: 0h:0m:3s (0h:0m:1s left)
Iteration 80 / LogL: -10167.852 / Time: 0h:0m:3s (0h:0m:0s left)
Iteration 90 / LogL: -10167.874 / Time: 0h:0m:4s (0h:0m:0s left)
Iteration 100 / LogL: -10167.999 / Time: 0h:0m:4s (0h:0m:0s left)
TREE SEARCH COMPLETED AFTER 102 ITERATIONS / Time: 0h:0m:4s

--------------------------------------------------------------------
|                    FINALIZING TREE SEARCH                        |
--------------------------------------------------------------------
Performs final model parameters optimization
Estimate model parameters (epsilon = 0.010)
1. Initial log-likelihood: -10167.845
Optimal log-likelihood: -10167.845
Rate parameters:  A-C: 1.86685  A-G: 4.37193  A-T: 1.59232  C-G: 1.36745  C-T: 6.21253  G-T: 1.00000
Base frequencies:  A: 0.283  C: 0.184  G: 0.261  T: 0.273
Gamma shape alpha: 0.715
Parameters optimization took 1 rounds (0.005 sec)
BEST SCORE FOUND : -10167.845

Testing tree branches by SH-like aLRT with 1000 replicates...
0.094 sec.
Total tree length: 1.933

Total number of iterations: 102
CPU time used for tree search: 5.884 sec (0h:0m:5s)
Wall-clock time used for tree search: 4.525 sec (0h:0m:4s)
Total CPU time used: 6.382 sec (0h:0m:6s)
Total wall-clock time used: 4.709 sec (0h:0m:4s)

Analysis results written to: 
  IQ-TREE report:                cluster2380rr.1to1ortho.fa.aln-cln_gene424.fa.iqtree
  Maximum-likelihood tree:       cluster2380rr.1to1ortho.fa.aln-cln_gene424.fa.treefile
  Likelihood distances:          cluster2380rr.1to1ortho.fa.aln-cln_gene424.fa.mldist
  Screen log file:               cluster2380rr.1to1ortho.fa.aln-cln_gene424.fa.log

Date and Time: Mon Nov 25 10:02:48 2019
