IQ-TREE multicore version 1.6.11 for Mac OS X 64-bit built Jul 12 2019
Developed by Bui Quang Minh, Nguyen Lam Tung, Olga Chernomor,
Heiko Schmidt, Dominik Schrempf, Michael Woodhams.

Host:    slpc437 (AVX2, FMA3, 16 GB RAM)
Command: iqtree -s cluster1114rr.1to1ortho.fa.aln-cln_gene155.fa -nt 4 -m GTR+G -alrt 1000
Seed:    559366 (Using SPRNG - Scalable Parallel Random Number Generator)
Time:    Mon Nov 25 09:36:57 2019
Kernel:  AVX+FMA - 4 threads (6 CPU cores detected)

Reading alignment file cluster1114rr.1to1ortho.fa.aln-cln_gene155.fa ... Fasta format detected
Alignment most likely contains DNA/RNA sequences
Alignment has 13 sequences with 748 columns, 421 distinct patterns
280 parsimony-informative, 144 singleton sites, 324 constant sites
           Gap/Ambiguity  Composition  p-value
   1  DrolusSFB   14.17%    passed     26.23%
   2  Dino         0.13%    passed     45.22%
   3  MJM3360     27.81%    passed     57.09%
   4  DrobinSFB   13.37%    passed     52.36%
   5  Neam        26.20%    passed     89.47%
   6  RuprSFB     29.95%    passed     83.01%
   7  Retr         5.08%    passed     97.72%
   8  Beta         0.40%    passed     35.20%
   9  Spol         0.40%    passed     12.56%
  10  MJM1652      2.67%    passed     89.35%
  11  NepSFB       1.74%    passed     78.11%
  12  WPYJ         7.35%    passed     75.46%
  13  MJM2940      7.89%    passed     89.47%
****  TOTAL       10.55%  0 sequences failed composition chi2 test (p-value<5%; df=3)

Create initial parsimony tree by phylogenetic likelihood library (PLL)... 0.001 seconds

NOTE: 0 MB RAM (0 GB) is required!
Estimate model parameters (epsilon = 0.100)
1. Initial log-likelihood: -5221.666
2. Current log-likelihood: -4998.204
3. Current log-likelihood: -4996.910
Optimal log-likelihood: -4996.886
Rate parameters:  A-C: 1.35509  A-G: 4.94285  A-T: 1.94449  C-G: 1.68160  C-T: 5.83249  G-T: 1.00000
Base frequencies:  A: 0.277  C: 0.213  G: 0.261  T: 0.250
Gamma shape alpha: 0.639
Parameters optimization took 3 rounds (0.031 sec)
Computing ML distances based on estimated model parameters... 0.001 sec
Computing BIONJ tree...
0.002 seconds
Log-likelihood of BIONJ tree: -4999.038
--------------------------------------------------------------------
|             INITIALIZING CANDIDATE TREE SET                      |
--------------------------------------------------------------------
Generating 98 parsimony trees... 0.069 second
Computing log-likelihood of 97 initial trees ... 0.430 seconds
Current best score: -4995.605

Do NNI search on 20 best initial trees
Estimate model parameters (epsilon = 0.100)
BETTER TREE FOUND at iteration 1: -4995.532
Iteration 10 / LogL: -4995.636 / Time: 0h:0m:0s
Iteration 20 / LogL: -4995.898 / Time: 0h:0m:1s
Finish initializing candidate tree set (2)
Current best tree score: -4995.532 / CPU time: 0.995
Number of iterations: 20
--------------------------------------------------------------------
|               OPTIMIZING CANDIDATE TREE SET                      |
--------------------------------------------------------------------
Iteration 30 / LogL: -4995.580 / Time: 0h:0m:1s (0h:0m:3s left)
Iteration 40 / LogL: -4995.597 / Time: 0h:0m:1s (0h:0m:2s left)
Iteration 50 / LogL: -4995.543 / Time: 0h:0m:2s (0h:0m:2s left)
Iteration 60 / LogL: -4995.620 / Time: 0h:0m:2s (0h:0m:1s left)
Iteration 70 / LogL: -4995.559 / Time: 0h:0m:2s (0h:0m:1s left)
Iteration 80 / LogL: -4995.561 / Time: 0h:0m:3s (0h:0m:0s left)
Iteration 90 / LogL: -5000.420 / Time: 0h:0m:3s (0h:0m:0s left)
Iteration 100 / LogL: -4995.616 / Time: 0h:0m:4s (0h:0m:0s left)
TREE SEARCH COMPLETED AFTER 102 ITERATIONS / Time: 0h:0m:4s

--------------------------------------------------------------------
|                    FINALIZING TREE SEARCH                        |
--------------------------------------------------------------------
Performs final model parameters optimization
Estimate model parameters (epsilon = 0.010)
1. Initial log-likelihood: -4995.532
Optimal log-likelihood: -4995.532
Rate parameters:  A-C: 1.35069  A-G: 4.94563  A-T: 1.93670  C-G: 1.68092  C-T: 5.83378  G-T: 1.00000
Base frequencies:  A: 0.277  C: 0.213  G: 0.261  T: 0.250
Gamma shape alpha: 0.638
Parameters optimization took 1 rounds (0.005 sec)
BEST SCORE FOUND : -4995.532

Testing tree branches by SH-like aLRT with 1000 replicates...
0.055 sec.
Total tree length: 1.851

Total number of iterations: 102
CPU time used for tree search: 4.220 sec (0h:0m:4s)
Wall-clock time used for tree search: 4.232 sec (0h:0m:4s)
Total CPU time used: 4.462 sec (0h:0m:4s)
Total wall-clock time used: 4.344 sec (0h:0m:4s)

Analysis results written to: 
  IQ-TREE report:                cluster1114rr.1to1ortho.fa.aln-cln_gene155.fa.iqtree
  Maximum-likelihood tree:       cluster1114rr.1to1ortho.fa.aln-cln_gene155.fa.treefile
  Likelihood distances:          cluster1114rr.1to1ortho.fa.aln-cln_gene155.fa.mldist
  Screen log file:               cluster1114rr.1to1ortho.fa.aln-cln_gene155.fa.log

Date and Time: Mon Nov 25 09:37:01 2019
