IQ-TREE multicore version 1.6.11 for Mac OS X 64-bit built Jul 12 2019
Developed by Bui Quang Minh, Nguyen Lam Tung, Olga Chernomor,
Heiko Schmidt, Dominik Schrempf, Michael Woodhams.

Host:    slpc437 (AVX2, FMA3, 16 GB RAM)
Command: iqtree -s cluster3277rr.1to1ortho.fa.aln-cln_gene375.fa -nt 4 -m GTR+G -alrt 1000
Seed:    579400 (Using SPRNG - Scalable Parallel Random Number Generator)
Time:    Mon Nov 25 10:25:48 2019
Kernel:  AVX+FMA - 4 threads (6 CPU cores detected)

Reading alignment file cluster3277rr.1to1ortho.fa.aln-cln_gene375.fa ... Fasta format detected
Alignment most likely contains DNA/RNA sequences
Alignment has 13 sequences with 2876 columns, 1576 distinct patterns
1233 parsimony-informative, 544 singleton sites, 1099 constant sites
           Gap/Ambiguity  Composition  p-value
   1  DrolusSFB   32.68%    passed     81.81%
   2  Dino         5.39%    passed     75.14%
   3  MJM3360      4.14%    passed     72.55%
   4  DrobinSFB    4.76%    passed     41.71%
   5  Neam         1.01%    passed     76.29%
   6  RuprSFB      2.82%    passed     69.53%
   7  Retr        56.92%    passed     27.52%
   8  Beta         2.05%    passed     49.35%
   9  Spol         2.16%    passed     68.59%
  10  MJM1652      3.34%    passed     95.17%
  11  NepSFB       1.01%    passed     69.63%
  12  WPYJ        53.96%    passed     85.54%
  13  MJM2940      1.43%    passed     88.51%
WARNING: 2 sequences contain more than 50% gaps/ambiguity
****  TOTAL       13.20%  0 sequences failed composition chi2 test (p-value<5%; df=3)

Create initial parsimony tree by phylogenetic likelihood library (PLL)... 0.002 seconds

NOTE: 2 MB RAM (0 GB) is required!
Estimate model parameters (epsilon = 0.100)
1. Initial log-likelihood: -20744.054
2. Current log-likelihood: -19936.419
3. Current log-likelihood: -19932.589
Optimal log-likelihood: -19932.562
Rate parameters:  A-C: 1.68987  A-G: 3.92898  A-T: 1.33209  C-G: 1.43377  C-T: 5.52183  G-T: 1.00000
Base frequencies:  A: 0.291  C: 0.177  G: 0.258  T: 0.273
Gamma shape alpha: 0.858
Parameters optimization took 3 rounds (0.058 sec)
Computing ML distances based on estimated model parameters... 0.002 sec
Computing BIONJ tree...
0.002 seconds
Log-likelihood of BIONJ tree: -19933.283
--------------------------------------------------------------------
|             INITIALIZING CANDIDATE TREE SET                      |
--------------------------------------------------------------------
Generating 98 parsimony trees... 0.152 second
Computing log-likelihood of 96 initial trees ... 0.561 seconds
Current best score: -19932.562

Do NNI search on 20 best initial trees
Estimate model parameters (epsilon = 0.100)
BETTER TREE FOUND at iteration 1: -19932.561
Iteration 10 / LogL: -19932.638 / Time: 0h:0m:1s
Iteration 20 / LogL: -19932.981 / Time: 0h:0m:1s
Finish initializing candidate tree set (1)
Current best tree score: -19932.561 / CPU time: 1.469
Number of iterations: 20
--------------------------------------------------------------------
|               OPTIMIZING CANDIDATE TREE SET                      |
--------------------------------------------------------------------
UPDATE BEST LOG-LIKELIHOOD: -19932.561
UPDATE BEST LOG-LIKELIHOOD: -19932.561
Iteration 30 / LogL: -19933.098 / Time: 0h:0m:1s (0h:0m:4s left)
Iteration 40 / LogL: -19932.581 / Time: 0h:0m:2s (0h:0m:3s left)
Iteration 50 / LogL: -19933.197 / Time: 0h:0m:2s (0h:0m:3s left)
Iteration 60 / LogL: -19932.710 / Time: 0h:0m:3s (0h:0m:2s left)
Iteration 70 / LogL: -19933.295 / Time: 0h:0m:4s (0h:0m:1s left)
Iteration 80 / LogL: -19932.797 / Time: 0h:0m:4s (0h:0m:1s left)
Iteration 90 / LogL: -19932.580 / Time: 0h:0m:5s (0h:0m:0s left)
Iteration 100 / LogL: -19932.861 / Time: 0h:0m:5s (0h:0m:0s left)
TREE SEARCH COMPLETED AFTER 102 ITERATIONS / Time: 0h:0m:5s

--------------------------------------------------------------------
|                    FINALIZING TREE SEARCH                        |
--------------------------------------------------------------------
Performs final model parameters optimization
Estimate model parameters (epsilon = 0.010)
1. Initial log-likelihood: -19932.561
Optimal log-likelihood: -19932.561
Rate parameters:  A-C: 1.68969  A-G: 3.92888  A-T: 1.33316  C-G: 1.43296  C-T: 5.52430  G-T: 1.00000
Base frequencies:  A: 0.291  C: 0.177  G: 0.258  T: 0.273
Gamma shape alpha: 0.858
Parameters optimization took 1 rounds (0.007 sec)
BEST SCORE FOUND : -19932.561

Testing tree branches by SH-like aLRT with 1000 replicates...
0.159 sec.
Total tree length: 2.112

Total number of iterations: 102
CPU time used for tree search: 9.467 sec (0h:0m:9s)
Wall-clock time used for tree search: 5.753 sec (0h:0m:5s)
Total CPU time used: 10.244 sec (0h:0m:10s)
Total wall-clock time used: 5.999 sec (0h:0m:5s)

Analysis results written to: 
  IQ-TREE report:                cluster3277rr.1to1ortho.fa.aln-cln_gene375.fa.iqtree
  Maximum-likelihood tree:       cluster3277rr.1to1ortho.fa.aln-cln_gene375.fa.treefile
  Likelihood distances:          cluster3277rr.1to1ortho.fa.aln-cln_gene375.fa.mldist
  Screen log file:               cluster3277rr.1to1ortho.fa.aln-cln_gene375.fa.log

Date and Time: Mon Nov 25 10:25:54 2019
