IQ-TREE multicore version 1.6.11 for Mac OS X 64-bit built Jul 12 2019
Developed by Bui Quang Minh, Nguyen Lam Tung, Olga Chernomor,
Heiko Schmidt, Dominik Schrempf, Michael Woodhams.

Host:    slpc437 (AVX2, FMA3, 16 GB RAM)
Command: iqtree -s cluster1787rr.1to1ortho.fa.aln-cln_gene999.fa -nt 4 -m GTR+G -alrt 1000
Seed:    567540 (Using SPRNG - Scalable Parallel Random Number Generator)
Time:    Mon Nov 25 09:49:14 2019
Kernel:  AVX+FMA - 4 threads (6 CPU cores detected)

Reading alignment file cluster1787rr.1to1ortho.fa.aln-cln_gene999.fa ... Fasta format detected
Alignment most likely contains DNA/RNA sequences
Alignment has 13 sequences with 1602 columns, 839 distinct patterns
618 parsimony-informative, 306 singleton sites, 678 constant sites
           Gap/Ambiguity  Composition  p-value
   1  DrolusSFB    6.30%    passed     80.01%
   2  Dino         3.68%    passed     76.48%
   3  MJM3360      6.37%    passed     96.74%
   4  DrobinSFB    4.49%    passed     20.75%
   5  Neam        20.41%    passed     51.66%
   6  RuprSFB      1.50%    passed     97.38%
   7  Retr         3.75%    passed     96.09%
   8  Beta         5.37%    passed     78.66%
   9  Spol         5.56%    passed     64.46%
  10  MJM1652      3.18%    passed     84.44%
  11  NepSFB       1.06%    passed     86.10%
  12  WPYJ         4.56%    passed     63.98%
  13  MJM2940      1.94%    passed     91.88%
****  TOTAL        5.24%  0 sequences failed composition chi2 test (p-value<5%; df=3)

Create initial parsimony tree by phylogenetic likelihood library (PLL)... 0.001 seconds

NOTE: 1 MB RAM (0 GB) is required!
Estimate model parameters (epsilon = 0.100)
1. Initial log-likelihood: -11780.235
2. Current log-likelihood: -11385.782
3. Current log-likelihood: -11383.410
Optimal log-likelihood: -11383.375
Rate parameters:  A-C: 1.71090  A-G: 3.56566  A-T: 1.16617  C-G: 1.11395  C-T: 4.46841  G-T: 1.00000
Base frequencies:  A: 0.294  C: 0.191  G: 0.241  T: 0.274
Gamma shape alpha: 0.606
Parameters optimization took 3 rounds (0.066 sec)
Computing ML distances based on estimated model parameters... 0.002 sec
Computing BIONJ tree...
0.002 seconds
Log-likelihood of BIONJ tree: -11383.375
--------------------------------------------------------------------
|             INITIALIZING CANDIDATE TREE SET                      |
--------------------------------------------------------------------
Generating 99 parsimony trees... 0.100 second
Computing log-likelihood of 98 initial trees ... 0.470 seconds
Current best score: -11383.375

Do NNI search on 20 best initial trees
Estimate model parameters (epsilon = 0.100)
BETTER TREE FOUND at iteration 1: -11383.374
Iteration 10 / LogL: -11383.415 / Time: 0h:0m:0s
Iteration 20 / LogL: -11386.476 / Time: 0h:0m:1s
Finish initializing candidate tree set (1)
Current best tree score: -11383.374 / CPU time: 1.171
Number of iterations: 20
--------------------------------------------------------------------
|               OPTIMIZING CANDIDATE TREE SET                      |
--------------------------------------------------------------------
UPDATE BEST LOG-LIKELIHOOD: -11383.374
Iteration 30 / LogL: -11383.415 / Time: 0h:0m:1s (0h:0m:4s left)
Iteration 40 / LogL: -11383.398 / Time: 0h:0m:2s (0h:0m:3s left)
Iteration 50 / LogL: -11384.762 / Time: 0h:0m:2s (0h:0m:2s left)
Iteration 60 / LogL: -11383.400 / Time: 0h:0m:2s (0h:0m:1s left)
Iteration 70 / LogL: -11383.447 / Time: 0h:0m:3s (0h:0m:1s left)
Iteration 80 / LogL: -11383.551 / Time: 0h:0m:3s (0h:0m:0s left)
Iteration 90 / LogL: -11383.565 / Time: 0h:0m:3s (0h:0m:0s left)
Iteration 100 / LogL: -11383.390 / Time: 0h:0m:4s (0h:0m:0s left)
TREE SEARCH COMPLETED AFTER 102 ITERATIONS / Time: 0h:0m:4s

--------------------------------------------------------------------
|                    FINALIZING TREE SEARCH                        |
--------------------------------------------------------------------
Performs final model parameters optimization
Estimate model parameters (epsilon = 0.010)
1. Initial log-likelihood: -11383.374
Optimal log-likelihood: -11383.374
Rate parameters:  A-C: 1.71116  A-G: 3.56713  A-T: 1.16689  C-G: 1.11320  C-T: 4.47225  G-T: 1.00000
Base frequencies:  A: 0.294  C: 0.191  G: 0.241  T: 0.274
Gamma shape alpha: 0.606
Parameters optimization took 1 rounds (0.005 sec)
BEST SCORE FOUND : -11383.374

Testing tree branches by SH-like aLRT with 1000 replicates...
0.096 sec.
Total tree length: 1.941

Total number of iterations: 102
CPU time used for tree search: 5.487 sec (0h:0m:5s)
Wall-clock time used for tree search: 4.292 sec (0h:0m:4s)
Total CPU time used: 5.996 sec (0h:0m:5s)
Total wall-clock time used: 4.478 sec (0h:0m:4s)

Analysis results written to: 
  IQ-TREE report:                cluster1787rr.1to1ortho.fa.aln-cln_gene999.fa.iqtree
  Maximum-likelihood tree:       cluster1787rr.1to1ortho.fa.aln-cln_gene999.fa.treefile
  Likelihood distances:          cluster1787rr.1to1ortho.fa.aln-cln_gene999.fa.mldist
  Screen log file:               cluster1787rr.1to1ortho.fa.aln-cln_gene999.fa.log

Date and Time: Mon Nov 25 09:49:19 2019
