IQ-TREE multicore version 1.6.11 for Mac OS X 64-bit built Jul 12 2019
Developed by Bui Quang Minh, Nguyen Lam Tung, Olga Chernomor,
Heiko Schmidt, Dominik Schrempf, Michael Woodhams.

Host:    slpc437 (AVX2, FMA3, 16 GB RAM)
Command: iqtree -s cluster3651rr.1to1ortho.fa.aln-cln_gene978.fa -nt 4 -m GTR+G -alrt 1000
Seed:    552619 (Using SPRNG - Scalable Parallel Random Number Generator)
Time:    Mon Nov 25 10:33:51 2019
Kernel:  AVX+FMA - 4 threads (6 CPU cores detected)

Reading alignment file cluster3651rr.1to1ortho.fa.aln-cln_gene978.fa ... Fasta format detected
Alignment most likely contains DNA/RNA sequences
Alignment has 13 sequences with 1356 columns, 516 distinct patterns
425 parsimony-informative, 163 singleton sites, 768 constant sites
           Gap/Ambiguity  Composition  p-value
   1  DrolusSFB    0.00%    passed     98.65%
   2  Dino         0.00%    passed     91.79%
   3  MJM3360      0.00%    passed     99.06%
   4  DrobinSFB    0.00%    passed     75.56%
   5  Neam         0.00%    passed     91.28%
   6  RuprSFB      0.00%    passed     95.61%
   7  Retr         0.22%    passed     99.30%
   8  Beta         0.22%    passed     84.38%
   9  Spol         0.00%    passed     97.83%
  10  MJM1652      0.00%    passed     91.19%
  11  NepSFB       8.04%    passed     83.14%
  12  WPYJ         0.66%    passed     63.20%
  13  MJM2940      0.00%    passed     81.95%
****  TOTAL        0.70%  0 sequences failed composition chi2 test (p-value<5%; df=3)

Create initial parsimony tree by phylogenetic likelihood library (PLL)... 0.001 seconds

NOTE: 0 MB RAM (0 GB) is required!
Estimate model parameters (epsilon = 0.100)
1. Initial log-likelihood: -8261.917
2. Current log-likelihood: -7876.156
3. Current log-likelihood: -7871.303
Optimal log-likelihood: -7871.241
Rate parameters:  A-C: 1.59983  A-G: 4.26527  A-T: 1.41973  C-G: 0.84208  C-T: 6.66778  G-T: 1.00000
Base frequencies:  A: 0.297  C: 0.185  G: 0.231  T: 0.287
Gamma shape alpha: 0.350
Parameters optimization took 3 rounds (0.050 sec)
Computing ML distances based on estimated model parameters... 0.001 sec
Computing BIONJ tree...
0.002 seconds
Log-likelihood of BIONJ tree: -7868.843
--------------------------------------------------------------------
|             INITIALIZING CANDIDATE TREE SET                      |
--------------------------------------------------------------------
Generating 98 parsimony trees... 0.079 second
Computing log-likelihood of 97 initial trees ... 0.394 seconds
Current best score: -7868.843

Do NNI search on 20 best initial trees
Estimate model parameters (epsilon = 0.100)
BETTER TREE FOUND at iteration 1: -7868.797
Iteration 10 / LogL: -7868.860 / Time: 0h:0m:0s
Iteration 20 / LogL: -7868.823 / Time: 0h:0m:1s
Finish initializing candidate tree set (2)
Current best tree score: -7868.797 / CPU time: 1.063
Number of iterations: 20
--------------------------------------------------------------------
|               OPTIMIZING CANDIDATE TREE SET                      |
--------------------------------------------------------------------
Iteration 30 / LogL: -7868.845 / Time: 0h:0m:1s (0h:0m:3s left)
Iteration 40 / LogL: -7868.821 / Time: 0h:0m:1s (0h:0m:2s left)
UPDATE BEST LOG-LIKELIHOOD: -7868.797
Iteration 50 / LogL: -7869.307 / Time: 0h:0m:2s (0h:0m:2s left)
Iteration 60 / LogL: -7869.119 / Time: 0h:0m:2s (0h:0m:1s left)
Iteration 70 / LogL: -7868.801 / Time: 0h:0m:3s (0h:0m:1s left)
Iteration 80 / LogL: -7868.853 / Time: 0h:0m:3s (0h:0m:0s left)
Iteration 90 / LogL: -7868.800 / Time: 0h:0m:3s (0h:0m:0s left)
Iteration 100 / LogL: -7868.971 / Time: 0h:0m:4s (0h:0m:0s left)
TREE SEARCH COMPLETED AFTER 102 ITERATIONS / Time: 0h:0m:4s

--------------------------------------------------------------------
|                    FINALIZING TREE SEARCH                        |
--------------------------------------------------------------------
Performs final model parameters optimization
Estimate model parameters (epsilon = 0.010)
1. Initial log-likelihood: -7868.797
Optimal log-likelihood: -7868.797
Rate parameters:  A-C: 1.58999  A-G: 4.20179  A-T: 1.38679  C-G: 0.83419  C-T: 6.71643  G-T: 1.00000
Base frequencies:  A: 0.297  C: 0.185  G: 0.231  T: 0.287
Gamma shape alpha: 0.349
Parameters optimization took 1 rounds (0.005 sec)
BEST SCORE FOUND : -7868.797

Testing tree branches by SH-like aLRT with 1000 replicates...
0.080 sec.
Total tree length: 1.294

Total number of iterations: 102
CPU time used for tree search: 4.540 sec (0h:0m:4s)
Wall-clock time used for tree search: 4.261 sec (0h:0m:4s)
Total CPU time used: 4.931 sec (0h:0m:4s)
Total wall-clock time used: 4.414 sec (0h:0m:4s)

Analysis results written to: 
  IQ-TREE report:                cluster3651rr.1to1ortho.fa.aln-cln_gene978.fa.iqtree
  Maximum-likelihood tree:       cluster3651rr.1to1ortho.fa.aln-cln_gene978.fa.treefile
  Likelihood distances:          cluster3651rr.1to1ortho.fa.aln-cln_gene978.fa.mldist
  Screen log file:               cluster3651rr.1to1ortho.fa.aln-cln_gene978.fa.log

Date and Time: Mon Nov 25 10:33:55 2019
