IQ-TREE multicore version 1.6.11 for Mac OS X 64-bit built Jul 12 2019
Developed by Bui Quang Minh, Nguyen Lam Tung, Olga Chernomor,
Heiko Schmidt, Dominik Schrempf, Michael Woodhams.

Host:    slpc437 (AVX2, FMA3, 16 GB RAM)
Command: iqtree -s cluster4040rr.1to1ortho.fa.aln-cln_gene711.fa -nt 4 -m GTR+G -alrt 1000
Seed:    135066 (Using SPRNG - Scalable Parallel Random Number Generator)
Time:    Mon Nov 25 10:43:38 2019
Kernel:  AVX+FMA - 4 threads (6 CPU cores detected)

Reading alignment file cluster4040rr.1to1ortho.fa.aln-cln_gene711.fa ... Fasta format detected
Alignment most likely contains DNA/RNA sequences
Alignment has 13 sequences with 2019 columns, 993 distinct patterns
779 parsimony-informative, 326 singleton sites, 914 constant sites
           Gap/Ambiguity  Composition  p-value
   1  DrolusSFB   12.23%    passed     90.81%
   2  Dino         3.12%    passed     72.02%
   3  MJM3360     15.60%    passed     95.97%
   4  DrobinSFB   14.81%    passed     60.56%
   5  Neam         0.15%    passed     84.16%
   6  RuprSFB     15.50%    passed     93.74%
   7  Retr         9.21%    passed     78.46%
   8  Beta         1.98%    passed     39.11%
   9  Spol         1.93%    passed     47.78%
  10  MJM1652      3.67%    passed     10.74%
  11  NepSFB       0.15%    passed     74.07%
  12  WPYJ         8.77%    passed     90.59%
  13  MJM2940     12.23%    passed     41.27%
****  TOTAL        7.64%  0 sequences failed composition chi2 test (p-value<5%; df=3)

Create initial parsimony tree by phylogenetic likelihood library (PLL)... 0.001 seconds

NOTE: 1 MB RAM (0 GB) is required!
Estimate model parameters (epsilon = 0.100)
1. Initial log-likelihood: -14465.815
2. Current log-likelihood: -13909.876
3. Current log-likelihood: -13903.724
4. Current log-likelihood: -13903.551
Optimal log-likelihood: -13903.543
Rate parameters:  A-C: 2.56922  A-G: 5.07823  A-T: 1.85242  C-G: 1.81569  C-T: 7.69253  G-T: 1.00000
Base frequencies:  A: 0.266  C: 0.176  G: 0.286  T: 0.272
Gamma shape alpha: 0.529
Parameters optimization took 4 rounds (0.053 sec)
Computing ML distances based on estimated model parameters... 0.002 sec
Computing BIONJ tree...
0.002 seconds
Log-likelihood of BIONJ tree: -13901.847
--------------------------------------------------------------------
|             INITIALIZING CANDIDATE TREE SET                      |
--------------------------------------------------------------------
Generating 98 parsimony trees... 0.111 second
Computing log-likelihood of 95 initial trees ... 0.471 seconds
Current best score: -13901.847

Do NNI search on 20 best initial trees
Estimate model parameters (epsilon = 0.100)
BETTER TREE FOUND at iteration 1: -13901.836
Iteration 10 / LogL: -13901.838 / Time: 0h:0m:0s
Iteration 20 / LogL: -13901.842 / Time: 0h:0m:1s
Finish initializing candidate tree set (1)
Current best tree score: -13901.836 / CPU time: 1.271
Number of iterations: 20
--------------------------------------------------------------------
|               OPTIMIZING CANDIDATE TREE SET                      |
--------------------------------------------------------------------
UPDATE BEST LOG-LIKELIHOOD: -13901.836
Iteration 30 / LogL: -13901.843 / Time: 0h:0m:1s (0h:0m:4s left)
Iteration 40 / LogL: -13901.842 / Time: 0h:0m:2s (0h:0m:3s left)
Iteration 50 / LogL: -13901.857 / Time: 0h:0m:2s (0h:0m:2s left)
Iteration 60 / LogL: -13901.892 / Time: 0h:0m:2s (0h:0m:2s left)
UPDATE BEST LOG-LIKELIHOOD: -13901.836
Iteration 70 / LogL: -13901.882 / Time: 0h:0m:3s (0h:0m:1s left)
Iteration 80 / LogL: -13902.007 / Time: 0h:0m:3s (0h:0m:0s left)
Iteration 90 / LogL: -13902.618 / Time: 0h:0m:4s (0h:0m:0s left)
Iteration 100 / LogL: -13902.188 / Time: 0h:0m:4s (0h:0m:0s left)
TREE SEARCH COMPLETED AFTER 102 ITERATIONS / Time: 0h:0m:4s

--------------------------------------------------------------------
|                    FINALIZING TREE SEARCH                        |
--------------------------------------------------------------------
Performs final model parameters optimization
Estimate model parameters (epsilon = 0.010)
1. Initial log-likelihood: -13901.836
Optimal log-likelihood: -13901.834
Rate parameters:  A-C: 2.57015  A-G: 5.05175  A-T: 1.84356  C-G: 1.80653  C-T: 7.72430  G-T: 1.00000
Base frequencies:  A: 0.266  C: 0.176  G: 0.286  T: 0.272
Gamma shape alpha: 0.529
Parameters optimization took 1 rounds (0.005 sec)
BEST SCORE FOUND : -13901.834

Testing tree branches by SH-like aLRT with 1000 replicates...
0.116 sec.
Total tree length: 2.006

Total number of iterations: 102
CPU time used for tree search: 6.194 sec (0h:0m:6s)
Wall-clock time used for tree search: 4.518 sec (0h:0m:4s)
Total CPU time used: 6.757 sec (0h:0m:6s)
Total wall-clock time used: 4.714 sec (0h:0m:4s)

Analysis results written to: 
  IQ-TREE report:                cluster4040rr.1to1ortho.fa.aln-cln_gene711.fa.iqtree
  Maximum-likelihood tree:       cluster4040rr.1to1ortho.fa.aln-cln_gene711.fa.treefile
  Likelihood distances:          cluster4040rr.1to1ortho.fa.aln-cln_gene711.fa.mldist
  Screen log file:               cluster4040rr.1to1ortho.fa.aln-cln_gene711.fa.log

Date and Time: Mon Nov 25 10:43:42 2019
