IQ-TREE multicore version 1.6.11 for Mac OS X 64-bit built Jul 12 2019
Developed by Bui Quang Minh, Nguyen Lam Tung, Olga Chernomor,
Heiko Schmidt, Dominik Schrempf, Michael Woodhams.

Host:    slpc437 (AVX2, FMA3, 16 GB RAM)
Command: iqtree -s cluster1102rr.1to1ortho.fa.aln-cln_gene703.fa -nt 4 -m GTR+G -alrt 1000
Seed:    500181 (Using SPRNG - Scalable Parallel Random Number Generator)
Time:    Mon Nov 25 09:36:43 2019
Kernel:  AVX+FMA - 4 threads (6 CPU cores detected)

Reading alignment file cluster1102rr.1to1ortho.fa.aln-cln_gene703.fa ... Fasta format detected
Alignment most likely contains DNA/RNA sequences
Alignment has 13 sequences with 1914 columns, 926 distinct patterns
651 parsimony-informative, 321 singleton sites, 942 constant sites
           Gap/Ambiguity  Composition  p-value
   1  DrolusSFB    1.36%    passed      7.99%
   2  Dino         8.05%    passed     58.83%
   3  MJM3360      2.09%    passed      8.28%
   4  DrobinSFB    2.82%    passed     38.89%
   5  Neam         1.10%    passed     69.94%
   6  RuprSFB     19.54%    passed     87.51%
   7  Retr        44.51%    passed     67.22%
   8  Beta        10.50%    passed     10.79%
   9  Spol        10.50%    passed     31.73%
  10  MJM1652     31.19%    passed     12.35%
  11  NepSFB       1.10%    passed     65.26%
  12  WPYJ        44.04%    passed     91.88%
  13  MJM2940      8.67%    passed     93.02%
****  TOTAL       14.27%  0 sequences failed composition chi2 test (p-value<5%; df=3)

Create initial parsimony tree by phylogenetic likelihood library (PLL)... 0.001 seconds

NOTE: 1 MB RAM (0 GB) is required!
Estimate model parameters (epsilon = 0.100)
1. Initial log-likelihood: -11946.461
2. Current log-likelihood: -11583.835
3. Current log-likelihood: -11581.839
Optimal log-likelihood: -11581.799
Rate parameters:  A-C: 1.90048  A-G: 3.59708  A-T: 1.44596  C-G: 1.22166  C-T: 4.69328  G-T: 1.00000
Base frequencies:  A: 0.267  C: 0.196  G: 0.268  T: 0.269
Gamma shape alpha: 0.536
Parameters optimization took 3 rounds (0.047 sec)
Computing ML distances based on estimated model parameters... 0.002 sec
Computing BIONJ tree...
0.002 seconds
Log-likelihood of BIONJ tree: -11581.799
--------------------------------------------------------------------
|             INITIALIZING CANDIDATE TREE SET                      |
--------------------------------------------------------------------
Generating 99 parsimony trees... 0.109 second
Computing log-likelihood of 99 initial trees ... 0.485 seconds
Current best score: -11581.799

Do NNI search on 20 best initial trees
Estimate model parameters (epsilon = 0.100)
BETTER TREE FOUND at iteration 1: -11581.115
Iteration 10 / LogL: -11581.134 / Time: 0h:0m:0s
Iteration 20 / LogL: -11581.131 / Time: 0h:0m:1s
Finish initializing candidate tree set (1)
Current best tree score: -11581.115 / CPU time: 1.337
Number of iterations: 20
--------------------------------------------------------------------
|               OPTIMIZING CANDIDATE TREE SET                      |
--------------------------------------------------------------------
UPDATE BEST LOG-LIKELIHOOD: -11581.115
Iteration 30 / LogL: -11581.312 / Time: 0h:0m:1s (0h:0m:4s left)
Iteration 40 / LogL: -11581.172 / Time: 0h:0m:2s (0h:0m:3s left)
Iteration 50 / LogL: -11581.200 / Time: 0h:0m:2s (0h:0m:2s left)
UPDATE BEST LOG-LIKELIHOOD: -11581.115
Iteration 60 / LogL: -11581.167 / Time: 0h:0m:3s (0h:0m:2s left)
Iteration 70 / LogL: -11581.118 / Time: 0h:0m:3s (0h:0m:1s left)
Iteration 80 / LogL: -11581.149 / Time: 0h:0m:4s (0h:0m:1s left)
Iteration 90 / LogL: -11581.611 / Time: 0h:0m:4s (0h:0m:0s left)
Iteration 100 / LogL: -11581.117 / Time: 0h:0m:5s (0h:0m:0s left)
TREE SEARCH COMPLETED AFTER 102 ITERATIONS / Time: 0h:0m:5s

--------------------------------------------------------------------
|                    FINALIZING TREE SEARCH                        |
--------------------------------------------------------------------
Performs final model parameters optimization
Estimate model parameters (epsilon = 0.010)
1. Initial log-likelihood: -11581.115
Optimal log-likelihood: -11581.114
Rate parameters:  A-C: 1.90177  A-G: 3.60773  A-T: 1.44784  C-G: 1.22457  C-T: 4.69397  G-T: 1.00000
Base frequencies:  A: 0.267  C: 0.196  G: 0.268  T: 0.269
Gamma shape alpha: 0.535
Parameters optimization took 1 rounds (0.006 sec)
BEST SCORE FOUND : -11581.114

Testing tree branches by SH-like aLRT with 1000 replicates...
0.109 sec.
Total tree length: 1.601

Total number of iterations: 102
CPU time used for tree search: 6.760 sec (0h:0m:6s)
Wall-clock time used for tree search: 5.084 sec (0h:0m:5s)
Total CPU time used: 7.286 sec (0h:0m:7s)
Total wall-clock time used: 5.267 sec (0h:0m:5s)

Analysis results written to: 
  IQ-TREE report:                cluster1102rr.1to1ortho.fa.aln-cln_gene703.fa.iqtree
  Maximum-likelihood tree:       cluster1102rr.1to1ortho.fa.aln-cln_gene703.fa.treefile
  Likelihood distances:          cluster1102rr.1to1ortho.fa.aln-cln_gene703.fa.mldist
  Screen log file:               cluster1102rr.1to1ortho.fa.aln-cln_gene703.fa.log

Date and Time: Mon Nov 25 09:36:48 2019
