IQ-TREE multicore version 1.6.11 for Mac OS X 64-bit built Jul 12 2019
Developed by Bui Quang Minh, Nguyen Lam Tung, Olga Chernomor,
Heiko Schmidt, Dominik Schrempf, Michael Woodhams.

Host:    slpc437 (AVX2, FMA3, 16 GB RAM)
Command: iqtree -s cluster4248rr.1to1ortho.fa.aln-cln_gene800.fa -nt 4 -m GTR+G -alrt 1000
Seed:    82798 (Using SPRNG - Scalable Parallel Random Number Generator)
Time:    Mon Nov 25 10:47:23 2019
Kernel:  AVX+FMA - 4 threads (6 CPU cores detected)

Reading alignment file cluster4248rr.1to1ortho.fa.aln-cln_gene800.fa ... Fasta format detected
Alignment most likely contains DNA/RNA sequences
Alignment has 13 sequences with 609 columns, 288 distinct patterns
214 parsimony-informative, 86 singleton sites, 309 constant sites
           Gap/Ambiguity  Composition  p-value
   1  DrolusSFB    0.99%    passed     89.99%
   2  Dino         0.33%    passed     98.81%
   3  MJM3360      0.82%    passed     95.96%
   4  DrobinSFB    0.82%    passed     83.69%
   5  Neam         0.00%    passed     97.26%
   6  RuprSFB      3.61%    passed     73.59%
   7  Retr         2.30%    passed     99.49%
   8  Beta         1.31%    passed     90.59%
   9  Spol         1.31%    passed     98.72%
  10  MJM1652      0.00%    passed     78.24%
  11  NepSFB       0.00%    passed     96.29%
  12  WPYJ         2.30%    passed     76.08%
  13  MJM2940      0.99%    passed     79.54%
****  TOTAL        1.14%  0 sequences failed composition chi2 test (p-value<5%; df=3)

Create initial parsimony tree by phylogenetic likelihood library (PLL)... 0.000 seconds

NOTE: 0 MB RAM (0 GB) is required!
WARNING: Number of threads seems too high for short alignments. Use -nt AUTO to determine best number of threads.
Estimate model parameters (epsilon = 0.100)
1. Initial log-likelihood: -3956.600
2. Current log-likelihood: -3837.166
3. Current log-likelihood: -3836.143
Optimal log-likelihood: -3836.130
Rate parameters:  A-C: 1.64888  A-G: 3.54572  A-T: 1.30245  C-G: 1.37509  C-T: 4.72635  G-T: 1.00000
Base frequencies:  A: 0.286  C: 0.181  G: 0.240  T: 0.293
Gamma shape alpha: 0.508
Parameters optimization took 3 rounds (0.026 sec)
Computing ML distances based on estimated model parameters... 0.001 sec
Computing BIONJ tree...
0.002 seconds
Log-likelihood of BIONJ tree: -3830.890
--------------------------------------------------------------------
|             INITIALIZING CANDIDATE TREE SET                      |
--------------------------------------------------------------------
Generating 98 parsimony trees... 0.060 second
Computing log-likelihood of 98 initial trees ... 0.393 seconds
Current best score: -3830.890

Do NNI search on 20 best initial trees
Estimate model parameters (epsilon = 0.100)
BETTER TREE FOUND at iteration 1: -3830.848
Iteration 10 / LogL: -3830.895 / Time: 0h:0m:0s
Iteration 20 / LogL: -3830.893 / Time: 0h:0m:1s
Finish initializing candidate tree set (1)
Current best tree score: -3830.848 / CPU time: 1.024
Number of iterations: 20
--------------------------------------------------------------------
|               OPTIMIZING CANDIDATE TREE SET                      |
--------------------------------------------------------------------
Iteration 30 / LogL: -3830.867 / Time: 0h:0m:1s (0h:0m:3s left)
Iteration 40 / LogL: -3830.902 / Time: 0h:0m:1s (0h:0m:2s left)
Iteration 50 / LogL: -3830.887 / Time: 0h:0m:1s (0h:0m:2s left)
Iteration 60 / LogL: -3830.850 / Time: 0h:0m:2s (0h:0m:1s left)
Iteration 70 / LogL: -3830.868 / Time: 0h:0m:2s (0h:0m:1s left)
Iteration 80 / LogL: -3830.956 / Time: 0h:0m:3s (0h:0m:0s left)
Iteration 90 / LogL: -3830.892 / Time: 0h:0m:3s (0h:0m:0s left)
Iteration 100 / LogL: -3830.949 / Time: 0h:0m:3s (0h:0m:0s left)
TREE SEARCH COMPLETED AFTER 102 ITERATIONS / Time: 0h:0m:3s

--------------------------------------------------------------------
|                    FINALIZING TREE SEARCH                        |
--------------------------------------------------------------------
Performs final model parameters optimization
Estimate model parameters (epsilon = 0.010)
1. Initial log-likelihood: -3830.848
Optimal log-likelihood: -3830.847
Rate parameters:  A-C: 1.65505  A-G: 3.65876  A-T: 1.31439  C-G: 1.40515  C-T: 4.90133  G-T: 1.00000
Base frequencies:  A: 0.286  C: 0.181  G: 0.240  T: 0.293
Gamma shape alpha: 0.503
Parameters optimization took 1 rounds (0.004 sec)
BEST SCORE FOUND : -3830.847

Testing tree branches by SH-like aLRT with 1000 replicates...
0.044 sec.
Total tree length: 1.402

Total number of iterations: 102
CPU time used for tree search: 3.390 sec (0h:0m:3s)
Wall-clock time used for tree search: 3.842 sec (0h:0m:3s)
Total CPU time used: 3.580 sec (0h:0m:3s)
Total wall-clock time used: 3.933 sec (0h:0m:3s)

Analysis results written to: 
  IQ-TREE report:                cluster4248rr.1to1ortho.fa.aln-cln_gene800.fa.iqtree
  Maximum-likelihood tree:       cluster4248rr.1to1ortho.fa.aln-cln_gene800.fa.treefile
  Likelihood distances:          cluster4248rr.1to1ortho.fa.aln-cln_gene800.fa.mldist
  Screen log file:               cluster4248rr.1to1ortho.fa.aln-cln_gene800.fa.log

Date and Time: Mon Nov 25 10:47:27 2019
