IQ-TREE multicore version 1.6.11 for Mac OS X 64-bit built Jul 12 2019
Developed by Bui Quang Minh, Nguyen Lam Tung, Olga Chernomor,
Heiko Schmidt, Dominik Schrempf, Michael Woodhams.

Host:    slpc437 (AVX2, FMA3, 16 GB RAM)
Command: iqtree -s cluster2064rr.1to1ortho.fa.aln-cln_gene17.fa -nt 4 -m GTR+G -alrt 1000
Seed:    510453 (Using SPRNG - Scalable Parallel Random Number Generator)
Time:    Mon Nov 25 09:55:45 2019
Kernel:  AVX+FMA - 4 threads (6 CPU cores detected)

Reading alignment file cluster2064rr.1to1ortho.fa.aln-cln_gene17.fa ... Fasta format detected
Alignment most likely contains DNA/RNA sequences
Alignment has 13 sequences with 1566 columns, 730 distinct patterns
493 parsimony-informative, 275 singleton sites, 798 constant sites
           Gap/Ambiguity  Composition  p-value
   1  DrolusSFB    2.68%    passed     81.59%
   2  Dino         0.70%    passed     76.14%
   3  MJM3360     14.11%    passed     94.64%
   4  DrobinSFB    2.11%    passed     93.14%
   5  Neam        13.60%    passed     75.82%
   6  RuprSFB      2.87%    passed     87.03%
   7  Retr         3.45%    passed     78.40%
   8  Beta        17.82%    passed     69.29%
   9  Spol        17.05%    passed     70.34%
  10  MJM1652      1.09%    passed     96.98%
  11  NepSFB       0.38%    passed     99.39%
  12  WPYJ        55.87%    passed     96.06%
  13  MJM2940      2.68%    passed     55.51%
WARNING: 1 sequences contain more than 50% gaps/ambiguity
****  TOTAL       10.34%  0 sequences failed composition chi2 test (p-value<5%; df=3)

Create initial parsimony tree by phylogenetic likelihood library (PLL)... 0.001 seconds

NOTE: 1 MB RAM (0 GB) is required!
Estimate model parameters (epsilon = 0.100)
1. Initial log-likelihood: -9916.310
2. Current log-likelihood: -9549.834
3. Current log-likelihood: -9480.319
4. Current log-likelihood: -9478.240
Optimal log-likelihood: -9478.205
Rate parameters:  A-C: 1.77797  A-G: 4.04180  A-T: 1.51647  C-G: 1.52723  C-T: 7.20961  G-T: 1.00000
Base frequencies:  A: 0.308  C: 0.161  G: 0.261  T: 0.270
Gamma shape alpha: 0.445
Parameters optimization took 4 rounds (0.057 sec)
Computing ML distances based on estimated model parameters... 0.001 sec
Computing BIONJ tree...
0.004 seconds
Log-likelihood of BIONJ tree: -9473.194
--------------------------------------------------------------------
|             INITIALIZING CANDIDATE TREE SET                      |
--------------------------------------------------------------------
Generating 98 parsimony trees... 0.094 second
Computing log-likelihood of 98 initial trees ... 0.457 seconds
Current best score: -9473.194

Do NNI search on 20 best initial trees
Estimate model parameters (epsilon = 0.100)
BETTER TREE FOUND at iteration 1: -9473.184
Iteration 10 / LogL: -9473.194 / Time: 0h:0m:0s
Iteration 20 / LogL: -9473.333 / Time: 0h:0m:1s
Finish initializing candidate tree set (2)
Current best tree score: -9473.184 / CPU time: 1.097
Number of iterations: 20
--------------------------------------------------------------------
|               OPTIMIZING CANDIDATE TREE SET                      |
--------------------------------------------------------------------
Iteration 30 / LogL: -9473.189 / Time: 0h:0m:1s (0h:0m:3s left)
Iteration 40 / LogL: -9473.199 / Time: 0h:0m:1s (0h:0m:3s left)
Iteration 50 / LogL: -9473.284 / Time: 0h:0m:2s (0h:0m:2s left)
Iteration 60 / LogL: -9473.237 / Time: 0h:0m:2s (0h:0m:1s left)
Iteration 70 / LogL: -9473.251 / Time: 0h:0m:3s (0h:0m:1s left)
Iteration 80 / LogL: -9473.289 / Time: 0h:0m:3s (0h:0m:0s left)
Iteration 90 / LogL: -9480.576 / Time: 0h:0m:3s (0h:0m:0s left)
UPDATE BEST LOG-LIKELIHOOD: -9473.184
Iteration 100 / LogL: -9483.383 / Time: 0h:0m:4s (0h:0m:0s left)
TREE SEARCH COMPLETED AFTER 102 ITERATIONS / Time: 0h:0m:4s

--------------------------------------------------------------------
|                    FINALIZING TREE SEARCH                        |
--------------------------------------------------------------------
Performs final model parameters optimization
Estimate model parameters (epsilon = 0.010)
1. Initial log-likelihood: -9473.184
Optimal log-likelihood: -9473.183
Rate parameters:  A-C: 1.79198  A-G: 4.05053  A-T: 1.51210  C-G: 1.50738  C-T: 7.20829  G-T: 1.00000
Base frequencies:  A: 0.308  C: 0.161  G: 0.261  T: 0.270
Gamma shape alpha: 0.446
Parameters optimization took 1 rounds (0.005 sec)
BEST SCORE FOUND : -9473.183

Testing tree branches by SH-like aLRT with 1000 replicates...
0.091 sec.
Total tree length: 1.666

Total number of iterations: 102
CPU time used for tree search: 5.238 sec (0h:0m:5s)
Wall-clock time used for tree search: 4.311 sec (0h:0m:4s)
Total CPU time used: 5.702 sec (0h:0m:5s)
Total wall-clock time used: 4.487 sec (0h:0m:4s)

Analysis results written to: 
  IQ-TREE report:                cluster2064rr.1to1ortho.fa.aln-cln_gene17.fa.iqtree
  Maximum-likelihood tree:       cluster2064rr.1to1ortho.fa.aln-cln_gene17.fa.treefile
  Likelihood distances:          cluster2064rr.1to1ortho.fa.aln-cln_gene17.fa.mldist
  Screen log file:               cluster2064rr.1to1ortho.fa.aln-cln_gene17.fa.log

Date and Time: Mon Nov 25 09:55:50 2019
