IQ-TREE multicore version 1.6.11 for Mac OS X 64-bit built Jul 12 2019
Developed by Bui Quang Minh, Nguyen Lam Tung, Olga Chernomor,
Heiko Schmidt, Dominik Schrempf, Michael Woodhams.

Host:    slpc437 (AVX2, FMA3, 16 GB RAM)
Command: iqtree -s cluster2820rr.1to1ortho.fa.aln-cln_gene964.fa -nt 4 -m GTR+G -alrt 1000
Seed:    944362 (Using SPRNG - Scalable Parallel Random Number Generator)
Time:    Mon Nov 25 10:14:20 2019
Kernel:  AVX+FMA - 4 threads (6 CPU cores detected)

Reading alignment file cluster2820rr.1to1ortho.fa.aln-cln_gene964.fa ... Fasta format detected
Alignment most likely contains DNA/RNA sequences
Alignment has 13 sequences with 951 columns, 404 distinct patterns
294 parsimony-informative, 108 singleton sites, 549 constant sites
           Gap/Ambiguity  Composition  p-value
   1  DrolusSFB    0.00%    passed     57.60%
   2  Dino         0.00%    passed     80.69%
   3  MJM3360      5.15%    passed     92.30%
   4  DrobinSFB    0.74%    passed     85.88%
   5  Neam         0.00%    passed     90.47%
   6  RuprSFB      0.00%    passed     60.87%
   7  Retr        45.74%    passed     36.65%
   8  Beta         0.00%    passed     87.55%
   9  Spol         0.00%    passed     70.34%
  10  MJM1652      0.00%    passed      8.40%
  11  NepSFB      30.28%    passed     66.21%
  12  WPYJ        54.26%    passed     76.63%
  13  MJM2940      0.00%    passed     60.78%
WARNING: 1 sequences contain more than 50% gaps/ambiguity
****  TOTAL       10.47%  0 sequences failed composition chi2 test (p-value<5%; df=3)

Create initial parsimony tree by phylogenetic likelihood library (PLL)... 0.001 seconds

NOTE: 0 MB RAM (0 GB) is required!
Estimate model parameters (epsilon = 0.100)
1. Initial log-likelihood: -5581.275
2. Current log-likelihood: -5257.088
3. Current log-likelihood: -5253.585
Optimal log-likelihood: -5253.503
Rate parameters:  A-C: 2.42565  A-G: 6.47258  A-T: 2.65951  C-G: 1.70235  C-T: 11.18602  G-T: 1.00000
Base frequencies:  A: 0.271  C: 0.199  G: 0.260  T: 0.270
Gamma shape alpha: 0.338
Parameters optimization took 3 rounds (0.032 sec)
Computing ML distances based on estimated model parameters... 0.001 sec
Computing BIONJ tree...
0.002 seconds
Log-likelihood of BIONJ tree: -5256.521
--------------------------------------------------------------------
|             INITIALIZING CANDIDATE TREE SET                      |
--------------------------------------------------------------------
Generating 98 parsimony trees... 0.073 second
Computing log-likelihood of 97 initial trees ... 0.401 seconds
Current best score: -5253.503

Do NNI search on 20 best initial trees
Estimate model parameters (epsilon = 0.100)
BETTER TREE FOUND at iteration 1: -5253.501
Estimate model parameters (epsilon = 0.100)
BETTER TREE FOUND at iteration 4: -5252.627
Iteration 10 / LogL: -5254.633 / Time: 0h:0m:0s
Iteration 20 / LogL: -5252.704 / Time: 0h:0m:1s
Finish initializing candidate tree set (3)
Current best tree score: -5252.627 / CPU time: 1.036
Number of iterations: 20
--------------------------------------------------------------------
|               OPTIMIZING CANDIDATE TREE SET                      |
--------------------------------------------------------------------
Iteration 30 / LogL: -5252.658 / Time: 0h:0m:1s (0h:0m:3s left)
Iteration 40 / LogL: -5252.663 / Time: 0h:0m:1s (0h:0m:2s left)
Iteration 50 / LogL: -5252.821 / Time: 0h:0m:2s (0h:0m:2s left)
Iteration 60 / LogL: -5252.631 / Time: 0h:0m:2s (0h:0m:1s left)
Iteration 70 / LogL: -5252.629 / Time: 0h:0m:2s (0h:0m:1s left)
Iteration 80 / LogL: -5252.647 / Time: 0h:0m:3s (0h:0m:1s left)
Iteration 90 / LogL: -5252.640 / Time: 0h:0m:3s (0h:0m:0s left)
Iteration 100 / LogL: -5252.628 / Time: 0h:0m:4s (0h:0m:0s left)
TREE SEARCH COMPLETED AFTER 105 ITERATIONS / Time: 0h:0m:4s

--------------------------------------------------------------------
|                    FINALIZING TREE SEARCH                        |
--------------------------------------------------------------------
Performs final model parameters optimization
Estimate model parameters (epsilon = 0.010)
1. Initial log-likelihood: -5252.627
2. Current log-likelihood: -5252.611
Optimal log-likelihood: -5252.609
Rate parameters:  A-C: 2.54751  A-G: 6.75357  A-T: 2.77071  C-G: 1.76185  C-T: 11.58960  G-T: 1.00000
Base frequencies:  A: 0.271  C: 0.199  G: 0.260  T: 0.270
Gamma shape alpha: 0.337
Parameters optimization took 2 rounds (0.009 sec)
BEST SCORE FOUND : -5252.609

Testing tree branches by SH-like aLRT with 1000 replicates...
0.064 sec.
Total tree length: 1.472

Total number of iterations: 105
CPU time used for tree search: 4.227 sec (0h:0m:4s)
Wall-clock time used for tree search: 4.313 sec (0h:0m:4s)
Total CPU time used: 4.511 sec (0h:0m:4s)
Total wall-clock time used: 4.437 sec (0h:0m:4s)

Analysis results written to: 
  IQ-TREE report:                cluster2820rr.1to1ortho.fa.aln-cln_gene964.fa.iqtree
  Maximum-likelihood tree:       cluster2820rr.1to1ortho.fa.aln-cln_gene964.fa.treefile
  Likelihood distances:          cluster2820rr.1to1ortho.fa.aln-cln_gene964.fa.mldist
  Screen log file:               cluster2820rr.1to1ortho.fa.aln-cln_gene964.fa.log

Date and Time: Mon Nov 25 10:14:25 2019
