IQ-TREE multicore version 1.6.11 for Mac OS X 64-bit built Jul 12 2019
Developed by Bui Quang Minh, Nguyen Lam Tung, Olga Chernomor,
Heiko Schmidt, Dominik Schrempf, Michael Woodhams.

Host:    slpc437 (AVX2, FMA3, 16 GB RAM)
Command: iqtree -s cluster2276rr.1to1ortho.fa.aln-cln_gene660.fa -nt 4 -m GTR+G -alrt 1000
Seed:    881161 (Using SPRNG - Scalable Parallel Random Number Generator)
Time:    Mon Nov 25 10:01:14 2019
Kernel:  AVX+FMA - 4 threads (6 CPU cores detected)

Reading alignment file cluster2276rr.1to1ortho.fa.aln-cln_gene660.fa ... Fasta format detected
Alignment most likely contains DNA/RNA sequences
Alignment has 13 sequences with 1750 columns, 781 distinct patterns
582 parsimony-informative, 263 singleton sites, 905 constant sites
           Gap/Ambiguity  Composition  p-value
   1  DrolusSFB    1.26%    passed     97.11%
   2  Dino         1.26%    passed     78.08%
   3  MJM3360      1.77%    passed     90.57%
   4  DrobinSFB    2.86%    passed     88.55%
   5  Neam         0.51%    passed     72.08%
   6  RuprSFB      4.17%    passed     68.31%
   7  Retr        18.97%    passed     94.38%
   8  Beta         0.74%    passed     96.84%
   9  Spol         0.74%    passed     97.31%
  10  MJM1652      2.74%    passed     91.79%
  11  NepSFB       0.51%    passed     92.44%
  12  WPYJ         7.43%    passed     97.87%
  13  MJM2940      1.09%    passed     65.42%
****  TOTAL        3.39%  0 sequences failed composition chi2 test (p-value<5%; df=3)

Create initial parsimony tree by phylogenetic likelihood library (PLL)... 0.001 seconds

NOTE: 1 MB RAM (0 GB) is required!
Estimate model parameters (epsilon = 0.100)
1. Initial log-likelihood: -11331.459
2. Current log-likelihood: -10906.187
3. Current log-likelihood: -10903.575
Optimal log-likelihood: -10903.555
Rate parameters:  A-C: 1.74538  A-G: 4.57097  A-T: 1.84074  C-G: 1.00898  C-T: 5.34250  G-T: 1.00000
Base frequencies:  A: 0.250  C: 0.207  G: 0.264  T: 0.279
Gamma shape alpha: 0.457
Parameters optimization took 3 rounds (0.048 sec)
Computing ML distances based on estimated model parameters... 0.002 sec
Computing BIONJ tree...
0.002 seconds
Log-likelihood of BIONJ tree: -10903.555
--------------------------------------------------------------------
|             INITIALIZING CANDIDATE TREE SET                      |
--------------------------------------------------------------------
Generating 99 parsimony trees... 0.094 second
Computing log-likelihood of 99 initial trees ... 0.444 seconds
Current best score: -10903.555

Do NNI search on 20 best initial trees
Estimate model parameters (epsilon = 0.100)
BETTER TREE FOUND at iteration 1: -10902.323
Iteration 10 / LogL: -10902.357 / Time: 0h:0m:0s
Iteration 20 / LogL: -10902.899 / Time: 0h:0m:1s
Finish initializing candidate tree set (1)
Current best tree score: -10902.323 / CPU time: 1.132
Number of iterations: 20
--------------------------------------------------------------------
|               OPTIMIZING CANDIDATE TREE SET                      |
--------------------------------------------------------------------
Iteration 30 / LogL: -10904.133 / Time: 0h:0m:1s (0h:0m:3s left)
UPDATE BEST LOG-LIKELIHOOD: -10902.323
Iteration 40 / LogL: -10902.325 / Time: 0h:0m:1s (0h:0m:3s left)
Iteration 50 / LogL: -10902.327 / Time: 0h:0m:2s (0h:0m:2s left)
Iteration 60 / LogL: -10902.347 / Time: 0h:0m:2s (0h:0m:1s left)
Iteration 70 / LogL: -10903.722 / Time: 0h:0m:3s (0h:0m:1s left)
Iteration 80 / LogL: -10902.540 / Time: 0h:0m:3s (0h:0m:0s left)
Iteration 90 / LogL: -10902.445 / Time: 0h:0m:3s (0h:0m:0s left)
Iteration 100 / LogL: -10902.368 / Time: 0h:0m:4s (0h:0m:0s left)
TREE SEARCH COMPLETED AFTER 102 ITERATIONS / Time: 0h:0m:4s

--------------------------------------------------------------------
|                    FINALIZING TREE SEARCH                        |
--------------------------------------------------------------------
Performs final model parameters optimization
Estimate model parameters (epsilon = 0.010)
1. Initial log-likelihood: -10902.323
Optimal log-likelihood: -10902.322
Rate parameters:  A-C: 1.73360  A-G: 4.56693  A-T: 1.83206  C-G: 0.98719  C-T: 5.35607  G-T: 1.00000
Base frequencies:  A: 0.250  C: 0.207  G: 0.264  T: 0.279
Gamma shape alpha: 0.457
Parameters optimization took 1 rounds (0.005 sec)
BEST SCORE FOUND : -10902.322

Testing tree branches by SH-like aLRT with 1000 replicates...
0.102 sec.
Total tree length: 1.460

Total number of iterations: 102
CPU time used for tree search: 5.352 sec (0h:0m:5s)
Wall-clock time used for tree search: 4.301 sec (0h:0m:4s)
Total CPU time used: 5.836 sec (0h:0m:5s)
Total wall-clock time used: 4.476 sec (0h:0m:4s)

Analysis results written to: 
  IQ-TREE report:                cluster2276rr.1to1ortho.fa.aln-cln_gene660.fa.iqtree
  Maximum-likelihood tree:       cluster2276rr.1to1ortho.fa.aln-cln_gene660.fa.treefile
  Likelihood distances:          cluster2276rr.1to1ortho.fa.aln-cln_gene660.fa.mldist
  Screen log file:               cluster2276rr.1to1ortho.fa.aln-cln_gene660.fa.log

Date and Time: Mon Nov 25 10:01:19 2019
