IQ-TREE multicore version 1.6.11 for Mac OS X 64-bit built Jul 12 2019
Developed by Bui Quang Minh, Nguyen Lam Tung, Olga Chernomor,
Heiko Schmidt, Dominik Schrempf, Michael Woodhams.

Host:    slpc437 (AVX2, FMA3, 16 GB RAM)
Command: iqtree -s cluster3650rr.1to1ortho.fa.aln-cln_gene911.fa -nt 4 -m GTR+G -alrt 1000
Seed:    899191 (Using SPRNG - Scalable Parallel Random Number Generator)
Time:    Mon Nov 25 10:33:46 2019
Kernel:  AVX+FMA - 4 threads (6 CPU cores detected)

Reading alignment file cluster3650rr.1to1ortho.fa.aln-cln_gene911.fa ... Fasta format detected
Alignment most likely contains DNA/RNA sequences
Alignment has 13 sequences with 1632 columns, 687 distinct patterns
504 parsimony-informative, 303 singleton sites, 825 constant sites
           Gap/Ambiguity  Composition  p-value
   1  DrolusSFB   13.30%    passed     60.13%
   2  Dino         0.49%    passed     18.07%
   3  MJM3360     21.14%    passed     98.38%
   4  DrobinSFB   21.14%    passed     91.42%
   5  Neam         0.12%    passed     70.85%
   6  RuprSFB     18.75%    passed     98.26%
   7  Retr        19.73%    passed     92.29%
   8  Beta        19.67%    passed      9.99%
   9  Spol        65.69%    passed     14.12%
  10  MJM1652      0.37%    passed     75.65%
  11  NepSFB       0.12%    passed     64.94%
  12  WPYJ        19.55%    passed     80.48%
  13  MJM2940     13.85%    passed     51.59%
WARNING: 1 sequences contain more than 50% gaps/ambiguity
****  TOTAL       16.45%  0 sequences failed composition chi2 test (p-value<5%; df=3)

Create initial parsimony tree by phylogenetic likelihood library (PLL)... 0.001 seconds

NOTE: 1 MB RAM (0 GB) is required!
Estimate model parameters (epsilon = 0.100)
1. Initial log-likelihood: -9622.554
2. Current log-likelihood: -9259.202
3. Current log-likelihood: -9255.839
Optimal log-likelihood: -9255.804
Rate parameters:  A-C: 1.50849  A-G: 4.37653  A-T: 1.43750  C-G: 1.35495  C-T: 5.15585  G-T: 1.00000
Base frequencies:  A: 0.283  C: 0.181  G: 0.268  T: 0.268
Gamma shape alpha: 0.523
Parameters optimization took 3 rounds (0.041 sec)
Computing ML distances based on estimated model parameters... 0.001 sec
Computing BIONJ tree...
0.002 seconds
Log-likelihood of BIONJ tree: -9267.097
--------------------------------------------------------------------
|             INITIALIZING CANDIDATE TREE SET                      |
--------------------------------------------------------------------
Generating 98 parsimony trees... 0.098 second
Computing log-likelihood of 97 initial trees ... 0.447 seconds
Current best score: -9255.804

Do NNI search on 20 best initial trees
Estimate model parameters (epsilon = 0.100)
BETTER TREE FOUND at iteration 1: -9255.804
Iteration 10 / LogL: -9255.883 / Time: 0h:0m:0s
Iteration 20 / LogL: -9255.827 / Time: 0h:0m:1s
Finish initializing candidate tree set (1)
Current best tree score: -9255.804 / CPU time: 1.089
Number of iterations: 20
--------------------------------------------------------------------
|               OPTIMIZING CANDIDATE TREE SET                      |
--------------------------------------------------------------------
Iteration 30 / LogL: -9255.816 / Time: 0h:0m:1s (0h:0m:3s left)
Iteration 40 / LogL: -9255.811 / Time: 0h:0m:2s (0h:0m:3s left)
Iteration 50 / LogL: -9255.842 / Time: 0h:0m:2s (0h:0m:2s left)
Iteration 60 / LogL: -9256.041 / Time: 0h:0m:2s (0h:0m:1s left)
Iteration 70 / LogL: -9255.811 / Time: 0h:0m:3s (0h:0m:1s left)
UPDATE BEST LOG-LIKELIHOOD: -9255.803
Iteration 80 / LogL: -9255.848 / Time: 0h:0m:3s (0h:0m:0s left)
Iteration 90 / LogL: -9256.246 / Time: 0h:0m:4s (0h:0m:0s left)
Iteration 100 / LogL: -9255.817 / Time: 0h:0m:4s (0h:0m:0s left)
TREE SEARCH COMPLETED AFTER 102 ITERATIONS / Time: 0h:0m:4s

--------------------------------------------------------------------
|                    FINALIZING TREE SEARCH                        |
--------------------------------------------------------------------
Performs final model parameters optimization
Estimate model parameters (epsilon = 0.010)
1. Initial log-likelihood: -9255.803
Optimal log-likelihood: -9255.803
Rate parameters:  A-C: 1.50796  A-G: 4.37889  A-T: 1.43940  C-G: 1.35385  C-T: 5.16033  G-T: 1.00000
Base frequencies:  A: 0.283  C: 0.181  G: 0.268  T: 0.268
Gamma shape alpha: 0.523
Parameters optimization took 1 rounds (0.005 sec)
BEST SCORE FOUND : -9255.803

Testing tree branches by SH-like aLRT with 1000 replicates...
0.096 sec.
Total tree length: 1.638

Total number of iterations: 102
CPU time used for tree search: 5.314 sec (0h:0m:5s)
Wall-clock time used for tree search: 4.474 sec (0h:0m:4s)
Total CPU time used: 5.754 sec (0h:0m:5s)
Total wall-clock time used: 4.637 sec (0h:0m:4s)

Analysis results written to: 
  IQ-TREE report:                cluster3650rr.1to1ortho.fa.aln-cln_gene911.fa.iqtree
  Maximum-likelihood tree:       cluster3650rr.1to1ortho.fa.aln-cln_gene911.fa.treefile
  Likelihood distances:          cluster3650rr.1to1ortho.fa.aln-cln_gene911.fa.mldist
  Screen log file:               cluster3650rr.1to1ortho.fa.aln-cln_gene911.fa.log

Date and Time: Mon Nov 25 10:33:51 2019
