IQ-TREE multicore version 1.6.11 for Mac OS X 64-bit built Jul 12 2019
Developed by Bui Quang Minh, Nguyen Lam Tung, Olga Chernomor,
Heiko Schmidt, Dominik Schrempf, Michael Woodhams.

Host:    slpc437 (AVX2, FMA3, 16 GB RAM)
Command: iqtree -s cluster3248rr.1to1ortho.fa.aln-cln_gene490.fa -nt 4 -m GTR+G -alrt 1000
Seed:    994817 (Using SPRNG - Scalable Parallel Random Number Generator)
Time:    Mon Nov 25 10:25:05 2019
Kernel:  AVX+FMA - 4 threads (6 CPU cores detected)

Reading alignment file cluster3248rr.1to1ortho.fa.aln-cln_gene490.fa ... Fasta format detected
Alignment most likely contains DNA/RNA sequences
Alignment has 13 sequences with 2592 columns, 1194 distinct patterns
967 parsimony-informative, 395 singleton sites, 1230 constant sites
           Gap/Ambiguity  Composition  p-value
   1  DrolusSFB    0.23%    passed     94.62%
   2  Dino         0.12%    passed     74.79%
   3  MJM3360      0.35%    passed     82.03%
   4  DrobinSFB    0.23%    passed     65.50%
   5  Neam        17.13%    passed     90.19%
   6  RuprSFB      0.08%    passed     90.67%
   7  Retr        46.45%    passed     82.80%
   8  Beta         0.12%    passed     68.93%
   9  Spol         0.12%    passed     40.74%
  10  MJM1652      0.12%    passed     90.57%
  11  NepSFB      23.50%    passed     86.57%
  12  WPYJ        37.23%    passed     91.33%
  13  MJM2940      0.12%    passed     77.92%
****  TOTAL        9.67%  0 sequences failed composition chi2 test (p-value<5%; df=3)

Create initial parsimony tree by phylogenetic likelihood library (PLL)... 0.001 seconds

NOTE: 2 MB RAM (0 GB) is required!
Estimate model parameters (epsilon = 0.100)
1. Initial log-likelihood: -17296.727
2. Current log-likelihood: -16536.075
3. Current log-likelihood: -16531.157
Optimal log-likelihood: -16531.098
Rate parameters:  A-C: 1.33640  A-G: 4.61555  A-T: 1.51537  C-G: 1.00684  C-T: 5.74779  G-T: 1.00000
Base frequencies:  A: 0.269  C: 0.202  G: 0.248  T: 0.281
Gamma shape alpha: 0.563
Parameters optimization took 3 rounds (0.049 sec)
Computing ML distances based on estimated model parameters... 0.002 sec
Computing BIONJ tree...
0.002 seconds
Log-likelihood of BIONJ tree: -16536.614
--------------------------------------------------------------------
|             INITIALIZING CANDIDATE TREE SET                      |
--------------------------------------------------------------------
Generating 98 parsimony trees... 0.121 second
Computing log-likelihood of 97 initial trees ... 0.507 seconds
Current best score: -16531.098

Do NNI search on 20 best initial trees
Estimate model parameters (epsilon = 0.100)
BETTER TREE FOUND at iteration 1: -16531.097
Iteration 10 / LogL: -16531.142 / Time: 0h:0m:0s
Iteration 20 / LogL: -16532.421 / Time: 0h:0m:1s
Finish initializing candidate tree set (1)
Current best tree score: -16531.097 / CPU time: 1.323
Number of iterations: 20
--------------------------------------------------------------------
|               OPTIMIZING CANDIDATE TREE SET                      |
--------------------------------------------------------------------
Iteration 30 / LogL: -16531.298 / Time: 0h:0m:1s (0h:0m:4s left)
Iteration 40 / LogL: -16531.182 / Time: 0h:0m:2s (0h:0m:3s left)
UPDATE BEST LOG-LIKELIHOOD: -16531.097
Iteration 50 / LogL: -16531.333 / Time: 0h:0m:2s (0h:0m:2s left)
Iteration 60 / LogL: -16531.292 / Time: 0h:0m:3s (0h:0m:2s left)
Iteration 70 / LogL: -16531.127 / Time: 0h:0m:3s (0h:0m:1s left)
Iteration 80 / LogL: -16531.237 / Time: 0h:0m:4s (0h:0m:1s left)
Iteration 90 / LogL: -16532.035 / Time: 0h:0m:4s (0h:0m:0s left)
Iteration 100 / LogL: -16532.448 / Time: 0h:0m:4s (0h:0m:0s left)
TREE SEARCH COMPLETED AFTER 102 ITERATIONS / Time: 0h:0m:4s

--------------------------------------------------------------------
|                    FINALIZING TREE SEARCH                        |
--------------------------------------------------------------------
Performs final model parameters optimization
Estimate model parameters (epsilon = 0.010)
1. Initial log-likelihood: -16531.097
Optimal log-likelihood: -16531.097
Rate parameters:  A-C: 1.33714  A-G: 4.61684  A-T: 1.51510  C-G: 1.00617  C-T: 5.74677  G-T: 1.00000
Base frequencies:  A: 0.269  C: 0.202  G: 0.248  T: 0.281
Gamma shape alpha: 0.563
Parameters optimization took 1 rounds (0.007 sec)
BEST SCORE FOUND : -16531.097

Testing tree branches by SH-like aLRT with 1000 replicates...
0.141 sec.
Total tree length: 1.661

Total number of iterations: 102
CPU time used for tree search: 7.125 sec (0h:0m:7s)
Wall-clock time used for tree search: 4.882 sec (0h:0m:4s)
Total CPU time used: 7.792 sec (0h:0m:7s)
Total wall-clock time used: 5.099 sec (0h:0m:5s)

Analysis results written to: 
  IQ-TREE report:                cluster3248rr.1to1ortho.fa.aln-cln_gene490.fa.iqtree
  Maximum-likelihood tree:       cluster3248rr.1to1ortho.fa.aln-cln_gene490.fa.treefile
  Likelihood distances:          cluster3248rr.1to1ortho.fa.aln-cln_gene490.fa.mldist
  Screen log file:               cluster3248rr.1to1ortho.fa.aln-cln_gene490.fa.log

Date and Time: Mon Nov 25 10:25:11 2019
