IQ-TREE multicore version 1.6.11 for Mac OS X 64-bit built Jul 12 2019
Developed by Bui Quang Minh, Nguyen Lam Tung, Olga Chernomor,
Heiko Schmidt, Dominik Schrempf, Michael Woodhams.

Host:    slpc437 (AVX2, FMA3, 16 GB RAM)
Command: iqtree -s cluster4483rr.1to1ortho.fa.aln-cln_gene1142.fa -nt 4 -m GTR+G -alrt 1000
Seed:    729603 (Using SPRNG - Scalable Parallel Random Number Generator)
Time:    Mon Nov 25 10:53:12 2019
Kernel:  AVX+FMA - 4 threads (6 CPU cores detected)

Reading alignment file cluster4483rr.1to1ortho.fa.aln-cln_gene1142.fa ... Fasta format detected
Alignment most likely contains DNA/RNA sequences
Alignment has 13 sequences with 1491 columns, 711 distinct patterns
560 parsimony-informative, 195 singleton sites, 736 constant sites
           Gap/Ambiguity  Composition  p-value
   1  DrolusSFB   10.40%    passed     29.71%
   2  Dino         0.00%    passed     46.81%
   3  MJM3360     11.33%    passed     39.47%
   4  DrobinSFB   10.13%    passed     19.43%
   5  Neam         0.00%    passed     63.53%
   6  RuprSFB      9.52%    passed     80.42%
   7  Retr        28.71%    passed     38.22%
   8  Beta         1.21%    failed      0.91%
   9  Spol         0.94%    passed      5.51%
  10  MJM1652      0.20%    passed      9.77%
  11  NepSFB       0.00%    passed     61.87%
  12  WPYJ         8.38%    passed     68.44%
  13  MJM2940      9.66%    passed     69.51%
****  TOTAL        6.96%  1 sequences failed composition chi2 test (p-value<5%; df=3)

Create initial parsimony tree by phylogenetic likelihood library (PLL)... 0.001 seconds

NOTE: 1 MB RAM (0 GB) is required!
Estimate model parameters (epsilon = 0.100)
1. Initial log-likelihood: -10337.631
2. Current log-likelihood: -9974.545
3. Current log-likelihood: -9971.635
Optimal log-likelihood: -9971.573
Rate parameters:  A-C: 2.12373  A-G: 4.13840  A-T: 1.55856  C-G: 1.65262  C-T: 5.53992  G-T: 1.00000
Base frequencies:  A: 0.243  C: 0.205  G: 0.266  T: 0.286
Gamma shape alpha: 0.442
Parameters optimization took 3 rounds (0.040 sec)
Computing ML distances based on estimated model parameters... 0.001 sec
Computing BIONJ tree...
0.002 seconds
Log-likelihood of BIONJ tree: -9968.816
--------------------------------------------------------------------
|             INITIALIZING CANDIDATE TREE SET                      |
--------------------------------------------------------------------
Generating 98 parsimony trees... 0.085 second
Computing log-likelihood of 97 initial trees ... 0.432 seconds
Current best score: -9968.816

Do NNI search on 20 best initial trees
Estimate model parameters (epsilon = 0.100)
BETTER TREE FOUND at iteration 1: -9968.762
Iteration 10 / LogL: -9968.810 / Time: 0h:0m:0s
Iteration 20 / LogL: -9968.791 / Time: 0h:0m:1s
Finish initializing candidate tree set (1)
Current best tree score: -9968.762 / CPU time: 1.241
Number of iterations: 20
--------------------------------------------------------------------
|               OPTIMIZING CANDIDATE TREE SET                      |
--------------------------------------------------------------------
UPDATE BEST LOG-LIKELIHOOD: -9968.762
Iteration 30 / LogL: -9969.363 / Time: 0h:0m:1s (0h:0m:4s left)
Iteration 40 / LogL: -9968.848 / Time: 0h:0m:1s (0h:0m:3s left)
Iteration 50 / LogL: -9969.013 / Time: 0h:0m:2s (0h:0m:2s left)
Iteration 60 / LogL: -9969.823 / Time: 0h:0m:2s (0h:0m:1s left)
Iteration 70 / LogL: -9968.995 / Time: 0h:0m:3s (0h:0m:1s left)
Iteration 80 / LogL: -9969.089 / Time: 0h:0m:3s (0h:0m:0s left)
Iteration 90 / LogL: -9968.770 / Time: 0h:0m:4s (0h:0m:0s left)
Iteration 100 / LogL: -9968.864 / Time: 0h:0m:4s (0h:0m:0s left)
TREE SEARCH COMPLETED AFTER 102 ITERATIONS / Time: 0h:0m:4s

--------------------------------------------------------------------
|                    FINALIZING TREE SEARCH                        |
--------------------------------------------------------------------
Performs final model parameters optimization
Estimate model parameters (epsilon = 0.010)
1. Initial log-likelihood: -9968.762
Optimal log-likelihood: -9968.762
Rate parameters:  A-C: 2.10349  A-G: 4.11738  A-T: 1.55534  C-G: 1.60548  C-T: 5.57871  G-T: 1.00000
Base frequencies:  A: 0.243  C: 0.205  G: 0.266  T: 0.286
Gamma shape alpha: 0.440
Parameters optimization took 1 rounds (0.005 sec)
BEST SCORE FOUND : -9968.762

Testing tree branches by SH-like aLRT with 1000 replicates...
0.089 sec.
Total tree length: 1.826

Total number of iterations: 102
CPU time used for tree search: 5.403 sec (0h:0m:5s)
Wall-clock time used for tree search: 4.473 sec (0h:0m:4s)
Total CPU time used: 5.816 sec (0h:0m:5s)
Total wall-clock time used: 4.627 sec (0h:0m:4s)

Analysis results written to: 
  IQ-TREE report:                cluster4483rr.1to1ortho.fa.aln-cln_gene1142.fa.iqtree
  Maximum-likelihood tree:       cluster4483rr.1to1ortho.fa.aln-cln_gene1142.fa.treefile
  Likelihood distances:          cluster4483rr.1to1ortho.fa.aln-cln_gene1142.fa.mldist
  Screen log file:               cluster4483rr.1to1ortho.fa.aln-cln_gene1142.fa.log

Date and Time: Mon Nov 25 10:53:17 2019
