IQ-TREE multicore version 1.6.11 for Mac OS X 64-bit built Jul 12 2019
Developed by Bui Quang Minh, Nguyen Lam Tung, Olga Chernomor,
Heiko Schmidt, Dominik Schrempf, Michael Woodhams.

Host:    slpc437 (AVX2, FMA3, 16 GB RAM)
Command: iqtree -s cluster2927rr.1to1ortho.fa.aln-cln_gene1214.fa -nt 4 -m GTR+G -alrt 1000
Seed:    483477 (Using SPRNG - Scalable Parallel Random Number Generator)
Time:    Mon Nov 25 10:17:36 2019
Kernel:  AVX+FMA - 4 threads (6 CPU cores detected)

Reading alignment file cluster2927rr.1to1ortho.fa.aln-cln_gene1214.fa ... Fasta format detected
Alignment most likely contains DNA/RNA sequences
Alignment has 13 sequences with 3444 columns, 1716 distinct patterns
1273 parsimony-informative, 594 singleton sites, 1577 constant sites
           Gap/Ambiguity  Composition  p-value
   1  DrolusSFB    6.45%    passed     78.74%
   2  Dino         1.07%    passed     76.54%
   3  MJM3360     21.60%    passed     92.37%
   4  DrobinSFB    2.61%    passed     68.42%
   5  Neam         1.74%    passed     70.35%
   6  RuprSFB     42.10%    passed     39.14%
   7  Retr        51.95%    failed      1.35%
   8  Beta         2.09%    passed     94.90%
   9  Spol         2.00%    passed     88.24%
  10  MJM1652      0.17%    passed     56.41%
  11  NepSFB       0.35%    passed     90.34%
  12  WPYJ        35.66%    passed     60.40%
  13  MJM2940      2.03%    passed     92.95%
WARNING: 1 sequences contain more than 50% gaps/ambiguity
****  TOTAL       13.06%  1 sequences failed composition chi2 test (p-value<5%; df=3)

Create initial parsimony tree by phylogenetic likelihood library (PLL)... 0.002 seconds

NOTE: 2 MB RAM (0 GB) is required!
Estimate model parameters (epsilon = 0.100)
1. Initial log-likelihood: -22823.022
2. Current log-likelihood: -22012.279
3. Current log-likelihood: -22004.295
Optimal log-likelihood: -22004.187
Rate parameters:  A-C: 1.98757  A-G: 4.92344  A-T: 1.62944  C-G: 1.81892  C-T: 5.74479  G-T: 1.00000
Base frequencies:  A: 0.263  C: 0.191  G: 0.244  T: 0.302
Gamma shape alpha: 0.584
Parameters optimization took 3 rounds (0.062 sec)
Computing ML distances based on estimated model parameters... 0.002 sec
Computing BIONJ tree...
0.002 seconds
Log-likelihood of BIONJ tree: -22003.419
--------------------------------------------------------------------
|             INITIALIZING CANDIDATE TREE SET                      |
--------------------------------------------------------------------
Generating 98 parsimony trees... 0.167 second
Computing log-likelihood of 97 initial trees ... 0.566 seconds
Current best score: -22003.419

Do NNI search on 20 best initial trees
Estimate model parameters (epsilon = 0.100)
BETTER TREE FOUND at iteration 1: -22003.409
Iteration 10 / LogL: -22004.340 / Time: 0h:0m:1s
Iteration 20 / LogL: -22003.413 / Time: 0h:0m:1s
Finish initializing candidate tree set (1)
Current best tree score: -22003.409 / CPU time: 1.597
Number of iterations: 20
--------------------------------------------------------------------
|               OPTIMIZING CANDIDATE TREE SET                      |
--------------------------------------------------------------------
Iteration 30 / LogL: -22003.413 / Time: 0h:0m:2s (0h:0m:5s left)
Iteration 40 / LogL: -22003.412 / Time: 0h:0m:2s (0h:0m:4s left)
Iteration 50 / LogL: -22003.437 / Time: 0h:0m:3s (0h:0m:3s left)
Iteration 60 / LogL: -22003.415 / Time: 0h:0m:4s (0h:0m:2s left)
Iteration 70 / LogL: -22006.821 / Time: 0h:0m:4s (0h:0m:2s left)
Iteration 80 / LogL: -22003.422 / Time: 0h:0m:5s (0h:0m:1s left)
Iteration 90 / LogL: -22003.684 / Time: 0h:0m:6s (0h:0m:0s left)
Iteration 100 / LogL: -22026.846 / Time: 0h:0m:6s (0h:0m:0s left)
TREE SEARCH COMPLETED AFTER 102 ITERATIONS / Time: 0h:0m:6s

--------------------------------------------------------------------
|                    FINALIZING TREE SEARCH                        |
--------------------------------------------------------------------
Performs final model parameters optimization
Estimate model parameters (epsilon = 0.010)
1. Initial log-likelihood: -22003.409
Optimal log-likelihood: -22003.409
Rate parameters:  A-C: 1.98206  A-G: 4.92634  A-T: 1.62820  C-G: 1.80261  C-T: 5.74726  G-T: 1.00000
Base frequencies:  A: 0.263  C: 0.191  G: 0.244  T: 0.302
Gamma shape alpha: 0.584
Parameters optimization took 1 rounds (0.008 sec)
BEST SCORE FOUND : -22003.409

Testing tree branches by SH-like aLRT with 1000 replicates...
0.183 sec.
Total tree length: 1.807

Total number of iterations: 102
CPU time used for tree search: 11.259 sec (0h:0m:11s)
Wall-clock time used for tree search: 6.560 sec (0h:0m:6s)
Total CPU time used: 12.163 sec (0h:0m:12s)
Total wall-clock time used: 6.840 sec (0h:0m:6s)

Analysis results written to: 
  IQ-TREE report:                cluster2927rr.1to1ortho.fa.aln-cln_gene1214.fa.iqtree
  Maximum-likelihood tree:       cluster2927rr.1to1ortho.fa.aln-cln_gene1214.fa.treefile
  Likelihood distances:          cluster2927rr.1to1ortho.fa.aln-cln_gene1214.fa.mldist
  Screen log file:               cluster2927rr.1to1ortho.fa.aln-cln_gene1214.fa.log

Date and Time: Mon Nov 25 10:17:43 2019
