IQ-TREE multicore version 1.6.11 for Mac OS X 64-bit built Jul 12 2019
Developed by Bui Quang Minh, Nguyen Lam Tung, Olga Chernomor,
Heiko Schmidt, Dominik Schrempf, Michael Woodhams.

Host:    slpc437 (AVX2, FMA3, 16 GB RAM)
Command: iqtree -s cluster2821rr.1to1ortho.fa.aln-cln_gene1091.fa -nt 4 -m GTR+G -alrt 1000
Seed:    397687 (Using SPRNG - Scalable Parallel Random Number Generator)
Time:    Mon Nov 25 10:14:25 2019
Kernel:  AVX+FMA - 4 threads (6 CPU cores detected)

Reading alignment file cluster2821rr.1to1ortho.fa.aln-cln_gene1091.fa ... Fasta format detected
Alignment most likely contains DNA/RNA sequences
Alignment has 13 sequences with 1449 columns, 820 distinct patterns
637 parsimony-informative, 228 singleton sites, 584 constant sites
           Gap/Ambiguity  Composition  p-value
   1  DrolusSFB    1.59%    passed     83.90%
   2  Dino         0.41%    passed     88.53%
   3  MJM3360     24.84%    passed     73.78%
   4  DrobinSFB   13.66%    passed     28.10%
   5  Neam         0.00%    passed     68.50%
   6  RuprSFB     21.39%    passed     31.71%
   7  Retr        16.63%    passed     88.36%
   8  Beta         2.07%    passed     50.83%
   9  Spol         2.90%    passed     36.50%
  10  MJM1652      0.41%    passed     54.55%
  11  NepSFB       0.00%    passed     70.15%
  12  WPYJ        20.22%    passed     83.03%
  13  MJM2940      1.17%    passed     85.60%
****  TOTAL        8.10%  0 sequences failed composition chi2 test (p-value<5%; df=3)

Create initial parsimony tree by phylogenetic likelihood library (PLL)... 0.001 seconds

NOTE: 1 MB RAM (0 GB) is required!
Estimate model parameters (epsilon = 0.100)
1. Initial log-likelihood: -10758.733
2. Current log-likelihood: -10380.224
3. Current log-likelihood: -10377.023
Optimal log-likelihood: -10376.969
Rate parameters:  A-C: 1.55678  A-G: 4.43570  A-T: 1.65157  C-G: 1.63196  C-T: 5.54926  G-T: 1.00000
Base frequencies:  A: 0.250  C: 0.191  G: 0.253  T: 0.306
Gamma shape alpha: 0.691
Parameters optimization took 3 rounds (0.052 sec)
Computing ML distances based on estimated model parameters... 0.002 sec
Computing BIONJ tree...
0.002 seconds
Log-likelihood of BIONJ tree: -10375.927
--------------------------------------------------------------------
|             INITIALIZING CANDIDATE TREE SET                      |
--------------------------------------------------------------------
Generating 98 parsimony trees... 0.093 second
Computing log-likelihood of 98 initial trees ... 0.469 seconds
Current best score: -10375.927

Do NNI search on 20 best initial trees
Estimate model parameters (epsilon = 0.100)
BETTER TREE FOUND at iteration 1: -10373.663
Iteration 10 / LogL: -10373.715 / Time: 0h:0m:0s
Iteration 20 / LogL: -10373.672 / Time: 0h:0m:1s
Finish initializing candidate tree set (1)
Current best tree score: -10373.663 / CPU time: 1.184
Number of iterations: 20
--------------------------------------------------------------------
|               OPTIMIZING CANDIDATE TREE SET                      |
--------------------------------------------------------------------
UPDATE BEST LOG-LIKELIHOOD: -10373.663
Iteration 30 / LogL: -10373.666 / Time: 0h:0m:1s (0h:0m:3s left)
Iteration 40 / LogL: -10373.754 / Time: 0h:0m:2s (0h:0m:3s left)
Iteration 50 / LogL: -10373.669 / Time: 0h:0m:2s (0h:0m:2s left)
UPDATE BEST LOG-LIKELIHOOD: -10373.663
Iteration 60 / LogL: -10399.460 / Time: 0h:0m:2s (0h:0m:1s left)
Iteration 70 / LogL: -10374.629 / Time: 0h:0m:3s (0h:0m:1s left)
Iteration 80 / LogL: -10373.672 / Time: 0h:0m:3s (0h:0m:0s left)
Iteration 90 / LogL: -10375.398 / Time: 0h:0m:4s (0h:0m:0s left)
Iteration 100 / LogL: -10373.702 / Time: 0h:0m:4s (0h:0m:0s left)
TREE SEARCH COMPLETED AFTER 102 ITERATIONS / Time: 0h:0m:4s

--------------------------------------------------------------------
|                    FINALIZING TREE SEARCH                        |
--------------------------------------------------------------------
Performs final model parameters optimization
Estimate model parameters (epsilon = 0.010)
1. Initial log-likelihood: -10373.663
Optimal log-likelihood: -10373.662
Rate parameters:  A-C: 1.54453  A-G: 4.42265  A-T: 1.64514  C-G: 1.61790  C-T: 5.55800  G-T: 1.00000
Base frequencies:  A: 0.250  C: 0.191  G: 0.253  T: 0.306
Gamma shape alpha: 0.685
Parameters optimization took 1 rounds (0.005 sec)
BEST SCORE FOUND : -10373.662

Testing tree branches by SH-like aLRT with 1000 replicates...
0.087 sec.
Total tree length: 2.110

Total number of iterations: 102
CPU time used for tree search: 5.641 sec (0h:0m:5s)
Wall-clock time used for tree search: 4.483 sec (0h:0m:4s)
Total CPU time used: 6.087 sec (0h:0m:6s)
Total wall-clock time used: 4.647 sec (0h:0m:4s)

Analysis results written to: 
  IQ-TREE report:                cluster2821rr.1to1ortho.fa.aln-cln_gene1091.fa.iqtree
  Maximum-likelihood tree:       cluster2821rr.1to1ortho.fa.aln-cln_gene1091.fa.treefile
  Likelihood distances:          cluster2821rr.1to1ortho.fa.aln-cln_gene1091.fa.mldist
  Screen log file:               cluster2821rr.1to1ortho.fa.aln-cln_gene1091.fa.log

Date and Time: Mon Nov 25 10:14:30 2019
