IQ-TREE multicore version 1.6.11 for Mac OS X 64-bit built Jul 12 2019
Developed by Bui Quang Minh, Nguyen Lam Tung, Olga Chernomor,
Heiko Schmidt, Dominik Schrempf, Michael Woodhams.

Host:    slpc437 (AVX2, FMA3, 16 GB RAM)
Command: iqtree -s cluster4873rr.1to1ortho.fa.aln-cln_gene476.fa -nt 4 -m GTR+G -alrt 1000
Seed:    716705 (Using SPRNG - Scalable Parallel Random Number Generator)
Time:    Mon Nov 25 11:00:04 2019
Kernel:  AVX+FMA - 4 threads (6 CPU cores detected)

Reading alignment file cluster4873rr.1to1ortho.fa.aln-cln_gene476.fa ... Fasta format detected
Alignment most likely contains DNA/RNA sequences
Alignment has 13 sequences with 1787 columns, 824 distinct patterns
639 parsimony-informative, 221 singleton sites, 927 constant sites
           Gap/Ambiguity  Composition  p-value
   1  DrolusSFB    3.30%    passed     99.78%
   2  Dino         2.63%    passed     75.99%
   3  MJM3360      4.25%    passed     89.89%
   4  DrobinSFB    2.74%    passed     55.61%
   5  Neam         1.12%    passed     94.80%
   6  RuprSFB      4.70%    passed     94.35%
   7  Retr         3.13%    passed     11.70%
   8  Beta         1.62%    passed     86.42%
   9  Spol         1.29%    passed     97.81%
  10  MJM1652      3.30%    passed     81.60%
  11  NepSFB       1.12%    passed     94.33%
  12  WPYJ        32.23%    passed     43.12%
  13  MJM2940      2.29%    passed     93.95%
****  TOTAL        4.90%  0 sequences failed composition chi2 test (p-value<5%; df=3)

Create initial parsimony tree by phylogenetic likelihood library (PLL)... 0.001 seconds

NOTE: 1 MB RAM (0 GB) is required!
Estimate model parameters (epsilon = 0.100)
1. Initial log-likelihood: -11940.390
2. Current log-likelihood: -11387.731
3. Current log-likelihood: -11382.767
4. Current log-likelihood: -11382.640
Optimal log-likelihood: -11382.637
Rate parameters:  A-C: 2.43916  A-G: 6.79633  A-T: 1.80330  C-G: 2.18644  C-T: 7.78080  G-T: 1.00000
Base frequencies:  A: 0.278  C: 0.201  G: 0.224  T: 0.296
Gamma shape alpha: 0.396
Parameters optimization took 4 rounds (0.048 sec)
Computing ML distances based on estimated model parameters... 0.002 sec
Computing BIONJ tree...
0.002 seconds
Log-likelihood of BIONJ tree: -11382.844
--------------------------------------------------------------------
|             INITIALIZING CANDIDATE TREE SET                      |
--------------------------------------------------------------------
Generating 98 parsimony trees... 0.097 second
Computing log-likelihood of 96 initial trees ... 0.443 seconds
Current best score: -11382.637

Do NNI search on 20 best initial trees
Estimate model parameters (epsilon = 0.100)
BETTER TREE FOUND at iteration 1: -11382.637
Iteration 10 / LogL: -11384.599 / Time: 0h:0m:0s
Iteration 20 / LogL: -11382.711 / Time: 0h:0m:1s
Finish initializing candidate tree set (2)
Current best tree score: -11382.637 / CPU time: 1.102
Number of iterations: 20
--------------------------------------------------------------------
|               OPTIMIZING CANDIDATE TREE SET                      |
--------------------------------------------------------------------
Iteration 30 / LogL: -11382.938 / Time: 0h:0m:1s (0h:0m:3s left)
Iteration 40 / LogL: -11382.638 / Time: 0h:0m:1s (0h:0m:3s left)
Iteration 50 / LogL: -11382.662 / Time: 0h:0m:2s (0h:0m:2s left)
Iteration 60 / LogL: -11382.677 / Time: 0h:0m:2s (0h:0m:1s left)
Iteration 70 / LogL: -11382.642 / Time: 0h:0m:3s (0h:0m:1s left)
Iteration 80 / LogL: -11382.716 / Time: 0h:0m:3s (0h:0m:0s left)
Iteration 90 / LogL: -11382.800 / Time: 0h:0m:4s (0h:0m:0s left)
Iteration 100 / LogL: -11382.640 / Time: 0h:0m:4s (0h:0m:0s left)
TREE SEARCH COMPLETED AFTER 102 ITERATIONS / Time: 0h:0m:4s

--------------------------------------------------------------------
|                    FINALIZING TREE SEARCH                        |
--------------------------------------------------------------------
Performs final model parameters optimization
Estimate model parameters (epsilon = 0.010)
1. Initial log-likelihood: -11382.637
Optimal log-likelihood: -11382.637
Rate parameters:  A-C: 2.44212  A-G: 6.79758  A-T: 1.80190  C-G: 2.19312  C-T: 7.78195  G-T: 1.00000
Base frequencies:  A: 0.278  C: 0.201  G: 0.224  T: 0.296
Gamma shape alpha: 0.396
Parameters optimization took 1 rounds (0.005 sec)
BEST SCORE FOUND : -11382.637

Testing tree branches by SH-like aLRT with 1000 replicates...
0.104 sec.
Total tree length: 1.703

Total number of iterations: 102
CPU time used for tree search: 5.817 sec (0h:0m:5s)
Wall-clock time used for tree search: 4.576 sec (0h:0m:4s)
Total CPU time used: 6.308 sec (0h:0m:6s)
Total wall-clock time used: 4.753 sec (0h:0m:4s)

Analysis results written to: 
  IQ-TREE report:                cluster4873rr.1to1ortho.fa.aln-cln_gene476.fa.iqtree
  Maximum-likelihood tree:       cluster4873rr.1to1ortho.fa.aln-cln_gene476.fa.treefile
  Likelihood distances:          cluster4873rr.1to1ortho.fa.aln-cln_gene476.fa.mldist
  Screen log file:               cluster4873rr.1to1ortho.fa.aln-cln_gene476.fa.log

Date and Time: Mon Nov 25 11:00:09 2019
