IQ-TREE multicore version 1.6.11 for Mac OS X 64-bit built Jul 12 2019
Developed by Bui Quang Minh, Nguyen Lam Tung, Olga Chernomor,
Heiko Schmidt, Dominik Schrempf, Michael Woodhams.

Host:    slpc437 (AVX2, FMA3, 16 GB RAM)
Command: iqtree -s cluster5410rr.1to1ortho.fa.aln-cln_gene1015.fa -nt 4 -m GTR+G -alrt 1000
Seed:    509332 (Using SPRNG - Scalable Parallel Random Number Generator)
Time:    Mon Nov 25 11:07:32 2019
Kernel:  AVX+FMA - 4 threads (6 CPU cores detected)

Reading alignment file cluster5410rr.1to1ortho.fa.aln-cln_gene1015.fa ... Fasta format detected
Alignment most likely contains DNA/RNA sequences
Alignment has 13 sequences with 1451 columns, 828 distinct patterns
572 parsimony-informative, 270 singleton sites, 609 constant sites
           Gap/Ambiguity  Composition  p-value
   1  DrolusSFB    2.07%    passed     70.34%
   2  Dino         3.58%    passed     75.91%
   3  MJM3360     48.86%    passed     85.54%
   4  DrobinSFB    3.58%    passed     98.59%
   5  Neam         1.17%    passed     85.95%
   6  RuprSFB     27.64%    passed     81.24%
   7  Retr         7.24%    passed     86.04%
   8  Beta         5.03%    passed     72.17%
   9  Spol         2.14%    passed     76.65%
  10  MJM1652      4.89%    passed     66.22%
  11  NepSFB      17.92%    passed     67.86%
  12  WPYJ         8.13%    passed     77.46%
  13  MJM2940      2.48%    passed     78.41%
****  TOTAL       10.36%  0 sequences failed composition chi2 test (p-value<5%; df=3)

Create initial parsimony tree by phylogenetic likelihood library (PLL)... 0.001 seconds

NOTE: 1 MB RAM (0 GB) is required!
Estimate model parameters (epsilon = 0.100)
1. Initial log-likelihood: -10319.692
2. Current log-likelihood: -9941.352
3. Current log-likelihood: -9938.593
Optimal log-likelihood: -9938.548
Rate parameters:  A-C: 1.82179  A-G: 3.44286  A-T: 1.53912  C-G: 0.86959  C-T: 6.13932  G-T: 1.00000
Base frequencies:  A: 0.323  C: 0.165  G: 0.277  T: 0.235
Gamma shape alpha: 0.652
Parameters optimization took 3 rounds (0.041 sec)
Computing ML distances based on estimated model parameters... 0.002 sec
Computing BIONJ tree...
0.002 seconds
Log-likelihood of BIONJ tree: -9937.217
--------------------------------------------------------------------
|             INITIALIZING CANDIDATE TREE SET                      |
--------------------------------------------------------------------
Generating 98 parsimony trees... 0.095 second
Computing log-likelihood of 98 initial trees ... 0.464 seconds
Current best score: -9937.217

Do NNI search on 20 best initial trees
Estimate model parameters (epsilon = 0.100)
BETTER TREE FOUND at iteration 1: -9937.206
Iteration 10 / LogL: -9937.231 / Time: 0h:0m:0s
Iteration 20 / LogL: -9937.320 / Time: 0h:0m:1s
Finish initializing candidate tree set (1)
Current best tree score: -9937.206 / CPU time: 1.101
Number of iterations: 20
--------------------------------------------------------------------
|               OPTIMIZING CANDIDATE TREE SET                      |
--------------------------------------------------------------------
Iteration 30 / LogL: -9939.432 / Time: 0h:0m:1s (0h:0m:3s left)
Iteration 40 / LogL: -9937.370 / Time: 0h:0m:1s (0h:0m:3s left)
Iteration 50 / LogL: -9937.229 / Time: 0h:0m:2s (0h:0m:2s left)
Iteration 60 / LogL: -9937.267 / Time: 0h:0m:2s (0h:0m:1s left)
Iteration 70 / LogL: -9937.290 / Time: 0h:0m:3s (0h:0m:1s left)
Iteration 80 / LogL: -9937.339 / Time: 0h:0m:3s (0h:0m:0s left)
Iteration 90 / LogL: -9937.226 / Time: 0h:0m:4s (0h:0m:0s left)
Iteration 100 / LogL: -9937.249 / Time: 0h:0m:4s (0h:0m:0s left)
TREE SEARCH COMPLETED AFTER 102 ITERATIONS / Time: 0h:0m:4s

--------------------------------------------------------------------
|                    FINALIZING TREE SEARCH                        |
--------------------------------------------------------------------
Performs final model parameters optimization
Estimate model parameters (epsilon = 0.010)
1. Initial log-likelihood: -9937.206
Optimal log-likelihood: -9937.205
Rate parameters:  A-C: 1.80605  A-G: 3.45794  A-T: 1.53719  C-G: 0.86590  C-T: 6.14331  G-T: 1.00000
Base frequencies:  A: 0.323  C: 0.165  G: 0.277  T: 0.235
Gamma shape alpha: 0.651
Parameters optimization took 1 rounds (0.006 sec)
BEST SCORE FOUND : -9937.205

Testing tree branches by SH-like aLRT with 1000 replicates...
0.089 sec.
Total tree length: 1.956

Total number of iterations: 102
CPU time used for tree search: 5.756 sec (0h:0m:5s)
Wall-clock time used for tree search: 4.549 sec (0h:0m:4s)
Total CPU time used: 6.178 sec (0h:0m:6s)
Total wall-clock time used: 4.705 sec (0h:0m:4s)

Analysis results written to: 
  IQ-TREE report:                cluster5410rr.1to1ortho.fa.aln-cln_gene1015.fa.iqtree
  Maximum-likelihood tree:       cluster5410rr.1to1ortho.fa.aln-cln_gene1015.fa.treefile
  Likelihood distances:          cluster5410rr.1to1ortho.fa.aln-cln_gene1015.fa.mldist
  Screen log file:               cluster5410rr.1to1ortho.fa.aln-cln_gene1015.fa.log

Date and Time: Mon Nov 25 11:07:37 2019
