IQ-TREE multicore version 1.6.11 for Mac OS X 64-bit built Jul 12 2019
Developed by Bui Quang Minh, Nguyen Lam Tung, Olga Chernomor,
Heiko Schmidt, Dominik Schrempf, Michael Woodhams.

Host:    slpc437 (AVX2, FMA3, 16 GB RAM)
Command: iqtree -s cluster4042rr.1to1ortho.fa.aln-cln_gene563.fa -nt 4 -m GTR+G -alrt 1000
Seed:    290563 (Using SPRNG - Scalable Parallel Random Number Generator)
Time:    Mon Nov 25 10:43:47 2019
Kernel:  AVX+FMA - 4 threads (6 CPU cores detected)

Reading alignment file cluster4042rr.1to1ortho.fa.aln-cln_gene563.fa ... Fasta format detected
Alignment most likely contains DNA/RNA sequences
Alignment has 13 sequences with 2750 columns, 1224 distinct patterns
895 parsimony-informative, 431 singleton sites, 1424 constant sites
           Gap/Ambiguity  Composition  p-value
   1  DrolusSFB    0.51%    passed     63.00%
   2  Dino        25.31%    passed     90.33%
   3  MJM3360      8.80%    passed     78.93%
   4  DrobinSFB    6.91%    passed     27.34%
   5  Neam        42.33%    passed     13.19%
   6  RuprSFB      8.51%    passed     95.32%
   7  Retr        46.73%    passed     57.99%
   8  Beta         0.58%    passed     84.61%
   9  Spol         0.69%    passed     66.85%
  10  MJM1652      6.91%    passed     94.68%
  11  NepSFB       7.16%    passed     85.76%
  12  WPYJ        63.05%    passed     99.64%
  13  MJM2940      0.25%    passed     98.13%
WARNING: 1 sequences contain more than 50% gaps/ambiguity
****  TOTAL       16.75%  0 sequences failed composition chi2 test (p-value<5%; df=3)

Create initial parsimony tree by phylogenetic likelihood library (PLL)... 0.001 seconds

NOTE: 2 MB RAM (0 GB) is required!
Estimate model parameters (epsilon = 0.100)
1. Initial log-likelihood: -16876.569
2. Current log-likelihood: -16151.837
3. Current log-likelihood: -16144.677
4. Current log-likelihood: -16144.495
Optimal log-likelihood: -16144.485
Rate parameters:  A-C: 1.89269  A-G: 4.65804  A-T: 1.96298  C-G: 1.21787  C-T: 7.11942  G-T: 1.00000
Base frequencies:  A: 0.287  C: 0.187  G: 0.250  T: 0.275
Gamma shape alpha: 0.443
Parameters optimization took 4 rounds (0.057 sec)
Computing ML distances based on estimated model parameters... 0.002 sec
Computing BIONJ tree...
0.002 seconds
Log-likelihood of BIONJ tree: -16144.484
--------------------------------------------------------------------
|             INITIALIZING CANDIDATE TREE SET                      |
--------------------------------------------------------------------
Generating 99 parsimony trees... 0.125 second
Computing log-likelihood of 99 initial trees ... 0.533 seconds
Current best score: -16144.484

Do NNI search on 20 best initial trees
Estimate model parameters (epsilon = 0.100)
BETTER TREE FOUND at iteration 1: -16144.481
Iteration 10 / LogL: -16145.052 / Time: 0h:0m:1s
Iteration 20 / LogL: -16145.167 / Time: 0h:0m:1s
Finish initializing candidate tree set (1)
Current best tree score: -16144.481 / CPU time: 1.417
Number of iterations: 20
--------------------------------------------------------------------
|               OPTIMIZING CANDIDATE TREE SET                      |
--------------------------------------------------------------------
Iteration 30 / LogL: -16149.190 / Time: 0h:0m:2s (0h:0m:4s left)
Iteration 40 / LogL: -16144.640 / Time: 0h:0m:2s (0h:0m:3s left)
Iteration 50 / LogL: -16144.507 / Time: 0h:0m:3s (0h:0m:3s left)
Iteration 60 / LogL: -16144.588 / Time: 0h:0m:3s (0h:0m:2s left)
Iteration 70 / LogL: -16144.518 / Time: 0h:0m:3s (0h:0m:1s left)
Iteration 80 / LogL: -16144.558 / Time: 0h:0m:4s (0h:0m:1s left)
Iteration 90 / LogL: -16150.781 / Time: 0h:0m:5s (0h:0m:0s left)
Iteration 100 / LogL: -16144.512 / Time: 0h:0m:5s (0h:0m:0s left)
TREE SEARCH COMPLETED AFTER 102 ITERATIONS / Time: 0h:0m:5s

--------------------------------------------------------------------
|                    FINALIZING TREE SEARCH                        |
--------------------------------------------------------------------
Performs final model parameters optimization
Estimate model parameters (epsilon = 0.010)
1. Initial log-likelihood: -16144.481
Optimal log-likelihood: -16144.481
Rate parameters:  A-C: 1.90154  A-G: 4.66793  A-T: 1.95670  C-G: 1.22081  C-T: 7.12105  G-T: 1.00000
Base frequencies:  A: 0.287  C: 0.187  G: 0.250  T: 0.275
Gamma shape alpha: 0.443
Parameters optimization took 1 rounds (0.006 sec)
BEST SCORE FOUND : -16144.481

Testing tree branches by SH-like aLRT with 1000 replicates...
0.148 sec.
Total tree length: 1.631

Total number of iterations: 102
CPU time used for tree search: 8.294 sec (0h:0m:8s)
Wall-clock time used for tree search: 5.605 sec (0h:0m:5s)
Total CPU time used: 9.012 sec (0h:0m:9s)
Total wall-clock time used: 5.839 sec (0h:0m:5s)

Analysis results written to: 
  IQ-TREE report:                cluster4042rr.1to1ortho.fa.aln-cln_gene563.fa.iqtree
  Maximum-likelihood tree:       cluster4042rr.1to1ortho.fa.aln-cln_gene563.fa.treefile
  Likelihood distances:          cluster4042rr.1to1ortho.fa.aln-cln_gene563.fa.mldist
  Screen log file:               cluster4042rr.1to1ortho.fa.aln-cln_gene563.fa.log

Date and Time: Mon Nov 25 10:43:53 2019
