IQ-TREE multicore version 1.6.11 for Mac OS X 64-bit built Jul 12 2019
Developed by Bui Quang Minh, Nguyen Lam Tung, Olga Chernomor,
Heiko Schmidt, Dominik Schrempf, Michael Woodhams.

Host:    slpc437 (AVX2, FMA3, 16 GB RAM)
Command: iqtree -s cluster4401rr.1to1ortho.fa.aln-cln_gene115.fa -nt 4 -m GTR+G -alrt 1000
Seed:    980300 (Using SPRNG - Scalable Parallel Random Number Generator)
Time:    Mon Nov 25 10:51:22 2019
Kernel:  AVX+FMA - 4 threads (6 CPU cores detected)

Reading alignment file cluster4401rr.1to1ortho.fa.aln-cln_gene115.fa ... Fasta format detected
Alignment most likely contains DNA/RNA sequences
Alignment has 13 sequences with 1134 columns, 544 distinct patterns
362 parsimony-informative, 212 singleton sites, 560 constant sites
           Gap/Ambiguity  Composition  p-value
   1  DrolusSFB   16.14%    passed     98.97%
   2  Dino         3.62%    passed     56.55%
   3  MJM3360     24.16%    passed     42.76%
   4  DrobinSFB   21.16%    passed     63.08%
   5  Neam         1.94%    passed     57.50%
   6  RuprSFB     28.57%    passed     37.01%
   7  Retr        21.87%    passed     67.47%
   8  Beta         1.94%    passed     57.48%
   9  Spol         1.94%    passed     41.87%
  10  MJM1652      3.62%    passed     44.79%
  11  NepSFB       1.94%    passed     44.99%
  12  WPYJ        18.43%    passed     69.86%
  13  MJM2940     16.14%    passed     71.11%
****  TOTAL       12.42%  0 sequences failed composition chi2 test (p-value<5%; df=3)

Create initial parsimony tree by phylogenetic likelihood library (PLL)... 0.001 seconds

NOTE: 0 MB RAM (0 GB) is required!
Estimate model parameters (epsilon = 0.100)
1. Initial log-likelihood: -6871.265
2. Current log-likelihood: -6570.261
3. Current log-likelihood: -6566.587
Optimal log-likelihood: -6566.538
Rate parameters:  A-C: 3.40048  A-G: 7.29049  A-T: 3.09463  C-G: 2.57370  C-T: 11.05016  G-T: 1.00000
Base frequencies:  A: 0.262  C: 0.186  G: 0.268  T: 0.284
Gamma shape alpha: 0.531
Parameters optimization took 3 rounds (0.038 sec)
Computing ML distances based on estimated model parameters... 0.001 sec
Computing BIONJ tree...
0.002 seconds
Log-likelihood of BIONJ tree: -6563.313
--------------------------------------------------------------------
|             INITIALIZING CANDIDATE TREE SET                      |
--------------------------------------------------------------------
Generating 98 parsimony trees... 0.077 second
Computing log-likelihood of 98 initial trees ... 0.427 seconds
Current best score: -6562.027

Do NNI search on 20 best initial trees
Estimate model parameters (epsilon = 0.100)
BETTER TREE FOUND at iteration 1: -6561.959
Iteration 10 / LogL: -6562.053 / Time: 0h:0m:0s
Iteration 20 / LogL: -6562.468 / Time: 0h:0m:1s
Finish initializing candidate tree set (1)
Current best tree score: -6561.959 / CPU time: 1.020
Number of iterations: 20
--------------------------------------------------------------------
|               OPTIMIZING CANDIDATE TREE SET                      |
--------------------------------------------------------------------
Iteration 30 / LogL: -6561.984 / Time: 0h:0m:1s (0h:0m:3s left)
Iteration 40 / LogL: -6562.037 / Time: 0h:0m:1s (0h:0m:2s left)
Iteration 50 / LogL: -6561.962 / Time: 0h:0m:2s (0h:0m:2s left)
Iteration 60 / LogL: -6562.079 / Time: 0h:0m:2s (0h:0m:1s left)
Iteration 70 / LogL: -6561.979 / Time: 0h:0m:2s (0h:0m:1s left)
Iteration 80 / LogL: -6561.971 / Time: 0h:0m:3s (0h:0m:0s left)
Iteration 90 / LogL: -6562.064 / Time: 0h:0m:3s (0h:0m:0s left)
Iteration 100 / LogL: -6561.969 / Time: 0h:0m:4s (0h:0m:0s left)
TREE SEARCH COMPLETED AFTER 102 ITERATIONS / Time: 0h:0m:4s

--------------------------------------------------------------------
|                    FINALIZING TREE SEARCH                        |
--------------------------------------------------------------------
Performs final model parameters optimization
Estimate model parameters (epsilon = 0.010)
1. Initial log-likelihood: -6561.959
Optimal log-likelihood: -6561.957
Rate parameters:  A-C: 3.36006  A-G: 7.31590  A-T: 3.08693  C-G: 2.62170  C-T: 11.06274  G-T: 1.00000
Base frequencies:  A: 0.262  C: 0.186  G: 0.268  T: 0.284
Gamma shape alpha: 0.528
Parameters optimization took 1 rounds (0.005 sec)
BEST SCORE FOUND : -6561.957

Testing tree branches by SH-like aLRT with 1000 replicates...
0.073 sec.
Total tree length: 1.654

Total number of iterations: 102
CPU time used for tree search: 4.407 sec (0h:0m:4s)
Wall-clock time used for tree search: 4.055 sec (0h:0m:4s)
Total CPU time used: 4.738 sec (0h:0m:4s)
Total wall-clock time used: 4.190 sec (0h:0m:4s)

Analysis results written to: 
  IQ-TREE report:                cluster4401rr.1to1ortho.fa.aln-cln_gene115.fa.iqtree
  Maximum-likelihood tree:       cluster4401rr.1to1ortho.fa.aln-cln_gene115.fa.treefile
  Likelihood distances:          cluster4401rr.1to1ortho.fa.aln-cln_gene115.fa.mldist
  Screen log file:               cluster4401rr.1to1ortho.fa.aln-cln_gene115.fa.log

Date and Time: Mon Nov 25 10:51:27 2019
