IQ-TREE multicore version 1.6.11 for Mac OS X 64-bit built Jul 12 2019
Developed by Bui Quang Minh, Nguyen Lam Tung, Olga Chernomor,
Heiko Schmidt, Dominik Schrempf, Michael Woodhams.

Host:    slpc437 (AVX2, FMA3, 16 GB RAM)
Command: iqtree -s cluster3509rr.1to1ortho.fa.aln-cln_gene209.fa -nt 4 -m GTR+G -alrt 1000
Seed:    422059 (Using SPRNG - Scalable Parallel Random Number Generator)
Time:    Mon Nov 25 10:31:47 2019
Kernel:  AVX+FMA - 4 threads (6 CPU cores detected)

Reading alignment file cluster3509rr.1to1ortho.fa.aln-cln_gene209.fa ... Fasta format detected
Alignment most likely contains DNA/RNA sequences
Alignment has 13 sequences with 2967 columns, 1270 distinct patterns
1094 parsimony-informative, 474 singleton sites, 1399 constant sites
           Gap/Ambiguity  Composition  p-value
   1  DrolusSFB    0.10%    passed     54.62%
   2  Dino         0.40%    passed     18.89%
   3  MJM3360      7.45%    passed     74.01%
   4  DrobinSFB    6.61%    passed     64.91%
   5  Neam         0.10%    passed     98.69%
   6  RuprSFB      6.44%    passed     85.29%
   7  Retr         5.29%    passed     11.33%
   8  Beta         0.71%    passed     98.06%
   9  Spol         0.61%    passed     57.71%
  10  MJM1652      0.30%    passed     64.28%
  11  NepSFB       0.10%    passed     99.93%
  12  WPYJ         5.70%    passed     76.65%
  13  MJM2940      0.10%    passed     96.07%
****  TOTAL        2.61%  0 sequences failed composition chi2 test (p-value<5%; df=3)

Create initial parsimony tree by phylogenetic likelihood library (PLL)... 0.001 seconds

NOTE: 2 MB RAM (0 GB) is required!
Estimate model parameters (epsilon = 0.100)
1. Initial log-likelihood: -20678.244
2. Current log-likelihood: -19886.809
3. Current log-likelihood: -19882.607
Optimal log-likelihood: -19882.536
Rate parameters:  A-C: 2.14034  A-G: 4.97593  A-T: 1.83934  C-G: 1.63247  C-T: 6.89596  G-T: 1.00000
Base frequencies:  A: 0.290  C: 0.177  G: 0.262  T: 0.271
Gamma shape alpha: 0.505
Parameters optimization took 3 rounds (0.054 sec)
Computing ML distances based on estimated model parameters... 0.002 sec
Computing BIONJ tree...
0.002 seconds
Log-likelihood of BIONJ tree: -19882.536
--------------------------------------------------------------------
|             INITIALIZING CANDIDATE TREE SET                      |
--------------------------------------------------------------------
Generating 99 parsimony trees... 0.133 second
Computing log-likelihood of 99 initial trees ... 0.516 seconds
Current best score: -19882.536

Do NNI search on 20 best initial trees
Estimate model parameters (epsilon = 0.100)
BETTER TREE FOUND at iteration 1: -19882.535
Iteration 10 / LogL: -19882.580 / Time: 0h:0m:1s
Iteration 20 / LogL: -19882.575 / Time: 0h:0m:1s
Finish initializing candidate tree set (1)
Current best tree score: -19882.535 / CPU time: 1.357
Number of iterations: 20
--------------------------------------------------------------------
|               OPTIMIZING CANDIDATE TREE SET                      |
--------------------------------------------------------------------
Iteration 30 / LogL: -19884.476 / Time: 0h:0m:1s (0h:0m:4s left)
Iteration 40 / LogL: -19882.550 / Time: 0h:0m:2s (0h:0m:3s left)
Iteration 50 / LogL: -19882.598 / Time: 0h:0m:2s (0h:0m:2s left)
Iteration 60 / LogL: -19882.551 / Time: 0h:0m:3s (0h:0m:2s left)
Iteration 70 / LogL: -19884.584 / Time: 0h:0m:3s (0h:0m:1s left)
Iteration 80 / LogL: -19882.595 / Time: 0h:0m:4s (0h:0m:1s left)
Iteration 90 / LogL: -19882.546 / Time: 0h:0m:4s (0h:0m:0s left)
Iteration 100 / LogL: -19884.113 / Time: 0h:0m:4s (0h:0m:0s left)
TREE SEARCH COMPLETED AFTER 102 ITERATIONS / Time: 0h:0m:5s

--------------------------------------------------------------------
|                    FINALIZING TREE SEARCH                        |
--------------------------------------------------------------------
Performs final model parameters optimization
Estimate model parameters (epsilon = 0.010)
1. Initial log-likelihood: -19882.535
Optimal log-likelihood: -19882.535
Rate parameters:  A-C: 2.14021  A-G: 4.97523  A-T: 1.83943  C-G: 1.63093  C-T: 6.90037  G-T: 1.00000
Base frequencies:  A: 0.290  C: 0.177  G: 0.262  T: 0.271
Gamma shape alpha: 0.505
Parameters optimization took 1 rounds (0.007 sec)
BEST SCORE FOUND : -19882.535

Testing tree branches by SH-like aLRT with 1000 replicates...
0.158 sec.
Total tree length: 1.710

Total number of iterations: 102
CPU time used for tree search: 7.596 sec (0h:0m:7s)
Wall-clock time used for tree search: 5.031 sec (0h:0m:5s)
Total CPU time used: 8.345 sec (0h:0m:8s)
Total wall-clock time used: 5.271 sec (0h:0m:5s)

Analysis results written to: 
  IQ-TREE report:                cluster3509rr.1to1ortho.fa.aln-cln_gene209.fa.iqtree
  Maximum-likelihood tree:       cluster3509rr.1to1ortho.fa.aln-cln_gene209.fa.treefile
  Likelihood distances:          cluster3509rr.1to1ortho.fa.aln-cln_gene209.fa.mldist
  Screen log file:               cluster3509rr.1to1ortho.fa.aln-cln_gene209.fa.log

Date and Time: Mon Nov 25 10:31:52 2019
