IQ-TREE multicore version 1.6.11 for Mac OS X 64-bit built Jul 12 2019
Developed by Bui Quang Minh, Nguyen Lam Tung, Olga Chernomor,
Heiko Schmidt, Dominik Schrempf, Michael Woodhams.

Host:    slpc437 (AVX2, FMA3, 16 GB RAM)
Command: iqtree -s cluster1119rr.1to1ortho.fa.aln-cln_gene1136.fa -nt 4 -m GTR+G -alrt 1000
Seed:    918051 (Using SPRNG - Scalable Parallel Random Number Generator)
Time:    Mon Nov 25 09:37:01 2019
Kernel:  AVX+FMA - 4 threads (6 CPU cores detected)

Reading alignment file cluster1119rr.1to1ortho.fa.aln-cln_gene1136.fa ... Fasta format detected
Alignment most likely contains DNA/RNA sequences
Alignment has 13 sequences with 4007 columns, 1833 distinct patterns
1554 parsimony-informative, 618 singleton sites, 1835 constant sites
           Gap/Ambiguity  Composition  p-value
   1  DrolusSFB    8.46%    passed     96.83%
   2  Dino         0.17%    passed     78.71%
   3  MJM3360      4.47%    passed     95.52%
   4  DrobinSFB   26.00%    passed     99.50%
   5  Neam         0.00%    passed     91.69%
   6  RuprSFB      4.64%    passed     60.89%
   7  Retr        43.90%    passed     50.23%
   8  Beta         2.30%    passed     93.55%
   9  Spol         2.60%    passed     86.77%
  10  MJM1652      0.17%    passed     96.54%
  11  NepSFB       0.00%    passed     95.39%
  12  WPYJ        46.17%    passed     42.79%
  13  MJM2940      3.37%    passed     99.47%
****  TOTAL       10.94%  0 sequences failed composition chi2 test (p-value<5%; df=3)

Create initial parsimony tree by phylogenetic likelihood library (PLL)... 0.002 seconds

NOTE: 3 MB RAM (0 GB) is required!
Estimate model parameters (epsilon = 0.100)
1. Initial log-likelihood: -27078.735
2. Current log-likelihood: -26156.957
3. Current log-likelihood: -26102.539
4. Current log-likelihood: -26102.335
Optimal log-likelihood: -26102.328
Rate parameters:  A-C: 1.46378  A-G: 4.12262  A-T: 1.57229  C-G: 1.27987  C-T: 5.32277  G-T: 1.00000
Base frequencies:  A: 0.290  C: 0.189  G: 0.250  T: 0.271
Gamma shape alpha: 0.623
Parameters optimization took 4 rounds (0.077 sec)
Computing ML distances based on estimated model parameters... 0.003 sec
Computing BIONJ tree...
0.002 seconds
Log-likelihood of BIONJ tree: -26109.398
--------------------------------------------------------------------
|             INITIALIZING CANDIDATE TREE SET                      |
--------------------------------------------------------------------
Generating 98 parsimony trees... 0.184 second
Computing log-likelihood of 98 initial trees ... 0.582 seconds
Current best score: -26102.328

Do NNI search on 20 best initial trees
Estimate model parameters (epsilon = 0.100)
BETTER TREE FOUND at iteration 1: -26102.326
Iteration 10 / LogL: -26102.329 / Time: 0h:0m:1s
Iteration 20 / LogL: -26103.946 / Time: 0h:0m:1s
Finish initializing candidate tree set (1)
Current best tree score: -26102.326 / CPU time: 1.452
Number of iterations: 20
--------------------------------------------------------------------
|               OPTIMIZING CANDIDATE TREE SET                      |
--------------------------------------------------------------------
Iteration 30 / LogL: -26106.469 / Time: 0h:0m:2s (0h:0m:4s left)
Iteration 40 / LogL: -26102.571 / Time: 0h:0m:2s (0h:0m:3s left)
Iteration 50 / LogL: -26102.452 / Time: 0h:0m:3s (0h:0m:3s left)
Iteration 60 / LogL: -26102.420 / Time: 0h:0m:3s (0h:0m:2s left)
Iteration 70 / LogL: -26103.846 / Time: 0h:0m:4s (0h:0m:1s left)
Iteration 80 / LogL: -26102.338 / Time: 0h:0m:4s (0h:0m:1s left)
Iteration 90 / LogL: -26102.365 / Time: 0h:0m:5s (0h:0m:0s left)
Iteration 100 / LogL: -26102.450 / Time: 0h:0m:5s (0h:0m:0s left)
TREE SEARCH COMPLETED AFTER 102 ITERATIONS / Time: 0h:0m:5s

--------------------------------------------------------------------
|                    FINALIZING TREE SEARCH                        |
--------------------------------------------------------------------
Performs final model parameters optimization
Estimate model parameters (epsilon = 0.010)
1. Initial log-likelihood: -26102.326
Optimal log-likelihood: -26102.324
Rate parameters:  A-C: 1.46318  A-G: 4.12004  A-T: 1.57365  C-G: 1.27856  C-T: 5.31605  G-T: 1.00000
Base frequencies:  A: 0.290  C: 0.189  G: 0.250  T: 0.271
Gamma shape alpha: 0.623
Parameters optimization took 1 rounds (0.008 sec)
BEST SCORE FOUND : -26102.324

Testing tree branches by SH-like aLRT with 1000 replicates...
0.209 sec.
Total tree length: 1.777

Total number of iterations: 102
CPU time used for tree search: 10.423 sec (0h:0m:10s)
Wall-clock time used for tree search: 5.885 sec (0h:0m:5s)
Total CPU time used: 11.472 sec (0h:0m:11s)
Total wall-clock time used: 6.205 sec (0h:0m:6s)

Analysis results written to: 
  IQ-TREE report:                cluster1119rr.1to1ortho.fa.aln-cln_gene1136.fa.iqtree
  Maximum-likelihood tree:       cluster1119rr.1to1ortho.fa.aln-cln_gene1136.fa.treefile
  Likelihood distances:          cluster1119rr.1to1ortho.fa.aln-cln_gene1136.fa.mldist
  Screen log file:               cluster1119rr.1to1ortho.fa.aln-cln_gene1136.fa.log

Date and Time: Mon Nov 25 09:37:08 2019
