IQ-TREE multicore version 1.6.11 for Mac OS X 64-bit built Jul 12 2019
Developed by Bui Quang Minh, Nguyen Lam Tung, Olga Chernomor,
Heiko Schmidt, Dominik Schrempf, Michael Woodhams.

Host:    slpc437 (AVX2, FMA3, 16 GB RAM)
Command: iqtree -s cluster2938rr.1to1ortho.fa.aln-cln_gene106.fa -nt 4 -m GTR+G -alrt 1000
Seed:    231442 (Using SPRNG - Scalable Parallel Random Number Generator)
Time:    Mon Nov 25 10:17:57 2019
Kernel:  AVX+FMA - 4 threads (6 CPU cores detected)

Reading alignment file cluster2938rr.1to1ortho.fa.aln-cln_gene106.fa ... Fasta format detected
Alignment most likely contains DNA/RNA sequences
Alignment has 13 sequences with 2308 columns, 919 distinct patterns
699 parsimony-informative, 378 singleton sites, 1231 constant sites
           Gap/Ambiguity  Composition  p-value
   1  DrolusSFB    0.00%    passed     71.96%
   2  Dino         0.65%    passed     82.79%
   3  MJM3360     18.50%    passed     99.02%
   4  DrobinSFB   18.98%    passed     97.79%
   5  Neam        37.48%    passed     91.56%
   6  RuprSFB     18.11%    passed     64.12%
   7  Retr        18.98%    passed     83.65%
   8  Beta        18.67%    passed     68.44%
   9  Spol        18.59%    passed     91.05%
  10  MJM1652      1.26%    passed     51.37%
  11  NepSFB       0.17%    passed     94.26%
  12  WPYJ        42.55%    passed     57.24%
  13  MJM2940      0.00%    passed     87.24%
****  TOTAL       14.92%  0 sequences failed composition chi2 test (p-value<5%; df=3)

Create initial parsimony tree by phylogenetic likelihood library (PLL)... 0.001 seconds

NOTE: 1 MB RAM (0 GB) is required!
Estimate model parameters (epsilon = 0.100)
1. Initial log-likelihood: -13456.028
2. Current log-likelihood: -12823.506
3. Current log-likelihood: -12817.442
Optimal log-likelihood: -12817.353
Rate parameters:  A-C: 2.57228  A-G: 5.90560  A-T: 1.73780  C-G: 1.93872  C-T: 8.47934  G-T: 1.00000
Base frequencies:  A: 0.289  C: 0.176  G: 0.259  T: 0.277
Gamma shape alpha: 0.447
Parameters optimization took 3 rounds (0.049 sec)
Computing ML distances based on estimated model parameters... 0.002 sec
Computing BIONJ tree...
0.002 seconds
Log-likelihood of BIONJ tree: -12842.628
--------------------------------------------------------------------
|             INITIALIZING CANDIDATE TREE SET                      |
--------------------------------------------------------------------
Generating 98 parsimony trees... 0.112 second
Computing log-likelihood of 98 initial trees ... 0.478 seconds
Current best score: -12817.353

Do NNI search on 20 best initial trees
Estimate model parameters (epsilon = 0.100)
BETTER TREE FOUND at iteration 1: -12816.492
Iteration 10 / LogL: -12816.502 / Time: 0h:0m:0s
Iteration 20 / LogL: -12816.548 / Time: 0h:0m:1s
Finish initializing candidate tree set (1)
Current best tree score: -12816.492 / CPU time: 1.271
Number of iterations: 20
--------------------------------------------------------------------
|               OPTIMIZING CANDIDATE TREE SET                      |
--------------------------------------------------------------------
Iteration 30 / LogL: -12816.512 / Time: 0h:0m:1s (0h:0m:4s left)
Iteration 40 / LogL: -12816.701 / Time: 0h:0m:2s (0h:0m:3s left)
Iteration 50 / LogL: -12816.519 / Time: 0h:0m:2s (0h:0m:2s left)
Iteration 60 / LogL: -12816.870 / Time: 0h:0m:3s (0h:0m:2s left)
Iteration 70 / LogL: -12816.571 / Time: 0h:0m:3s (0h:0m:1s left)
Iteration 80 / LogL: -12816.538 / Time: 0h:0m:4s (0h:0m:1s left)
Iteration 90 / LogL: -12816.561 / Time: 0h:0m:4s (0h:0m:0s left)
Iteration 100 / LogL: -12816.502 / Time: 0h:0m:5s (0h:0m:0s left)
TREE SEARCH COMPLETED AFTER 102 ITERATIONS / Time: 0h:0m:5s

--------------------------------------------------------------------
|                    FINALIZING TREE SEARCH                        |
--------------------------------------------------------------------
Performs final model parameters optimization
Estimate model parameters (epsilon = 0.010)
1. Initial log-likelihood: -12816.492
Optimal log-likelihood: -12816.492
Rate parameters:  A-C: 2.58382  A-G: 5.90812  A-T: 1.74279  C-G: 1.94457  C-T: 8.48422  G-T: 1.00000
Base frequencies:  A: 0.289  C: 0.176  G: 0.259  T: 0.277
Gamma shape alpha: 0.447
Parameters optimization took 1 rounds (0.005 sec)
BEST SCORE FOUND : -12816.492

Testing tree branches by SH-like aLRT with 1000 replicates...
0.124 sec.
Total tree length: 1.504

Total number of iterations: 102
CPU time used for tree search: 6.677 sec (0h:0m:6s)
Wall-clock time used for tree search: 5.027 sec (0h:0m:5s)
Total CPU time used: 7.271 sec (0h:0m:7s)
Total wall-clock time used: 5.228 sec (0h:0m:5s)

Analysis results written to: 
  IQ-TREE report:                cluster2938rr.1to1ortho.fa.aln-cln_gene106.fa.iqtree
  Maximum-likelihood tree:       cluster2938rr.1to1ortho.fa.aln-cln_gene106.fa.treefile
  Likelihood distances:          cluster2938rr.1to1ortho.fa.aln-cln_gene106.fa.mldist
  Screen log file:               cluster2938rr.1to1ortho.fa.aln-cln_gene106.fa.log

Date and Time: Mon Nov 25 10:18:02 2019
