IQ-TREE multicore version 1.6.11 for Mac OS X 64-bit built Jul 12 2019
Developed by Bui Quang Minh, Nguyen Lam Tung, Olga Chernomor,
Heiko Schmidt, Dominik Schrempf, Michael Woodhams.

Host:    slpc437 (AVX2, FMA3, 16 GB RAM)
Command: iqtree -s cluster3162rr.1to1ortho.fa.aln-cln_gene651.fa -nt 4 -m GTR+G -alrt 1000
Seed:    625309 (Using SPRNG - Scalable Parallel Random Number Generator)
Time:    Mon Nov 25 10:22:42 2019
Kernel:  AVX+FMA - 4 threads (6 CPU cores detected)

Reading alignment file cluster3162rr.1to1ortho.fa.aln-cln_gene651.fa ... Fasta format detected
Alignment most likely contains DNA/RNA sequences
Alignment has 13 sequences with 510 columns, 215 distinct patterns
159 parsimony-informative, 44 singleton sites, 307 constant sites
           Gap/Ambiguity  Composition  p-value
   1  DrolusSFB    0.00%    passed     74.17%
   2  Dino         0.00%    passed     40.83%
   3  MJM3360     41.96%    passed     98.91%
   4  DrobinSFB    0.00%    passed     20.22%
   5  Neam         0.00%    passed     99.85%
   6  RuprSFB     44.31%    passed     57.55%
   7  Retr        14.90%    passed     34.31%
   8  Beta         0.39%    passed     21.80%
   9  Spol         0.39%    passed     61.99%
  10  MJM1652      0.00%    passed     22.56%
  11  NepSFB       0.00%    passed     98.85%
  12  WPYJ         1.37%    passed     78.47%
  13  MJM2940      0.20%    passed     77.56%
****  TOTAL        7.96%  0 sequences failed composition chi2 test (p-value<5%; df=3)

Create initial parsimony tree by phylogenetic likelihood library (PLL)... 0.000 seconds

NOTE: 0 MB RAM (0 GB) is required!
WARNING: Number of threads seems too high for short alignments. Use -nt AUTO to determine best number of threads.
Estimate model parameters (epsilon = 0.100)
1. Initial log-likelihood: -2970.913
2. Current log-likelihood: -2799.111
3. Current log-likelihood: -2796.245
Optimal log-likelihood: -2796.184
Rate parameters:  A-C: 1.05540  A-G: 4.37944  A-T: 1.11095  C-G: 1.01509  C-T: 5.18401  G-T: 1.00000
Base frequencies:  A: 0.268  C: 0.229  G: 0.220  T: 0.283
Gamma shape alpha: 0.265
Parameters optimization took 3 rounds (0.030 sec)
Computing ML distances based on estimated model parameters... 0.001 sec
Computing BIONJ tree...
0.002 seconds
Log-likelihood of BIONJ tree: -2796.183
--------------------------------------------------------------------
|             INITIALIZING CANDIDATE TREE SET                      |
--------------------------------------------------------------------
Generating 98 parsimony trees... 0.059 second
Computing log-likelihood of 98 initial trees ... 0.396 seconds
Current best score: -2796.183

Do NNI search on 20 best initial trees
Estimate model parameters (epsilon = 0.100)
BETTER TREE FOUND at iteration 1: -2796.182
UPDATE BEST LOG-LIKELIHOOD: -2796.182
UPDATE BEST LOG-LIKELIHOOD: -2796.182
Iteration 10 / LogL: -2796.182 / Time: 0h:0m:0s
UPDATE BEST LOG-LIKELIHOOD: -2796.182
UPDATE BEST LOG-LIKELIHOOD: -2796.182
Iteration 20 / LogL: -2796.182 / Time: 0h:0m:1s
Finish initializing candidate tree set (3)
Current best tree score: -2796.182 / CPU time: 1.206
Number of iterations: 20
--------------------------------------------------------------------
|               OPTIMIZING CANDIDATE TREE SET                      |
--------------------------------------------------------------------
Iteration 30 / LogL: -2796.182 / Time: 0h:0m:1s (0h:0m:4s left)
UPDATE BEST LOG-LIKELIHOOD: -2796.182
Iteration 40 / LogL: -2796.182 / Time: 0h:0m:2s (0h:0m:3s left)
Iteration 50 / LogL: -2796.645 / Time: 0h:0m:2s (0h:0m:2s left)
Iteration 60 / LogL: -2796.182 / Time: 0h:0m:3s (0h:0m:2s left)
Iteration 70 / LogL: -2832.187 / Time: 0h:0m:3s (0h:0m:1s left)
Iteration 80 / LogL: -2796.182 / Time: 0h:0m:4s (0h:0m:1s left)
Iteration 90 / LogL: -2796.182 / Time: 0h:0m:4s (0h:0m:0s left)
Iteration 100 / LogL: -2796.182 / Time: 0h:0m:4s (0h:0m:0s left)
TREE SEARCH COMPLETED AFTER 102 ITERATIONS / Time: 0h:0m:5s

--------------------------------------------------------------------
|                    FINALIZING TREE SEARCH                        |
--------------------------------------------------------------------
Performs final model parameters optimization
Estimate model parameters (epsilon = 0.010)
1. Initial log-likelihood: -2796.182
Optimal log-likelihood: -2796.182
Rate parameters:  A-C: 1.06026  A-G: 4.38989  A-T: 1.11335  C-G: 1.01306  C-T: 5.18841  G-T: 1.00000
Base frequencies:  A: 0.268  C: 0.229  G: 0.220  T: 0.283
Gamma shape alpha: 0.266
Parameters optimization took 1 rounds (0.003 sec)
BEST SCORE FOUND : -2796.182

Testing tree branches by SH-like aLRT with 1000 replicates...
0.036 sec.
Total tree length: 1.452

Total number of iterations: 102
CPU time used for tree search: 4.169 sec (0h:0m:4s)
Wall-clock time used for tree search: 5.005 sec (0h:0m:5s)
Total CPU time used: 4.337 sec (0h:0m:4s)
Total wall-clock time used: 5.092 sec (0h:0m:5s)

Analysis results written to: 
  IQ-TREE report:                cluster3162rr.1to1ortho.fa.aln-cln_gene651.fa.iqtree
  Maximum-likelihood tree:       cluster3162rr.1to1ortho.fa.aln-cln_gene651.fa.treefile
  Likelihood distances:          cluster3162rr.1to1ortho.fa.aln-cln_gene651.fa.mldist
  Screen log file:               cluster3162rr.1to1ortho.fa.aln-cln_gene651.fa.log

Date and Time: Mon Nov 25 10:22:47 2019
