IQ-TREE multicore version 1.6.11 for Mac OS X 64-bit built Jul 12 2019
Developed by Bui Quang Minh, Nguyen Lam Tung, Olga Chernomor,
Heiko Schmidt, Dominik Schrempf, Michael Woodhams.

Host:    slpc437 (AVX2, FMA3, 16 GB RAM)
Command: iqtree -s cluster2947rr.1to1ortho.fa.aln-cln_gene1043.fa -nt 4 -m GTR+G -alrt 1000
Seed:    264790 (Using SPRNG - Scalable Parallel Random Number Generator)
Time:    Mon Nov 25 10:18:14 2019
Kernel:  AVX+FMA - 4 threads (6 CPU cores detected)

Reading alignment file cluster2947rr.1to1ortho.fa.aln-cln_gene1043.fa ... Fasta format detected
Alignment most likely contains DNA/RNA sequences
Alignment has 13 sequences with 816 columns, 411 distinct patterns
316 parsimony-informative, 112 singleton sites, 388 constant sites
           Gap/Ambiguity  Composition  p-value
   1  DrolusSFB    1.47%    passed     77.09%
   2  Dino         0.00%    passed     54.35%
   3  MJM3360      8.82%    passed     97.73%
   4  DrobinSFB    0.00%    passed     33.11%
   5  Neam         0.37%    passed     95.27%
   6  RuprSFB     16.54%    passed     87.20%
   7  Retr         0.37%    passed     85.55%
   8  Beta         1.23%    passed     25.12%
   9  Spol         1.10%    passed      6.26%
  10  MJM1652      0.00%    passed     98.38%
  11  NepSFB       0.37%    passed     92.70%
  12  WPYJ         0.74%    passed     70.97%
  13  MJM2940      1.10%    passed     89.52%
****  TOTAL        2.47%  0 sequences failed composition chi2 test (p-value<5%; df=3)

Create initial parsimony tree by phylogenetic likelihood library (PLL)... 0.001 seconds

NOTE: 0 MB RAM (0 GB) is required!
Estimate model parameters (epsilon = 0.100)
1. Initial log-likelihood: -5576.201
2. Current log-likelihood: -5375.758
3. Current log-likelihood: -5374.740
Optimal log-likelihood: -5374.729
Rate parameters:  A-C: 0.70861  A-G: 2.42062  A-T: 0.63280  C-G: 0.55783  C-T: 2.88512  G-T: 1.00000
Base frequencies:  A: 0.289  C: 0.231  G: 0.235  T: 0.245
Gamma shape alpha: 0.567
Parameters optimization took 3 rounds (0.028 sec)
Computing ML distances based on estimated model parameters... 0.001 sec
Computing BIONJ tree...
0.002 seconds
Log-likelihood of BIONJ tree: -5374.747
--------------------------------------------------------------------
|             INITIALIZING CANDIDATE TREE SET                      |
--------------------------------------------------------------------
Generating 98 parsimony trees... 0.070 second
Computing log-likelihood of 98 initial trees ... 0.400 seconds
Current best score: -5374.729

Do NNI search on 20 best initial trees
Estimate model parameters (epsilon = 0.100)
BETTER TREE FOUND at iteration 1: -5374.316
Iteration 10 / LogL: -5374.318 / Time: 0h:0m:0s
Iteration 20 / LogL: -5374.317 / Time: 0h:0m:1s
Finish initializing candidate tree set (1)
Current best tree score: -5374.316 / CPU time: 1.058
Number of iterations: 20
--------------------------------------------------------------------
|               OPTIMIZING CANDIDATE TREE SET                      |
--------------------------------------------------------------------
Iteration 30 / LogL: -5374.324 / Time: 0h:0m:1s (0h:0m:3s left)
Iteration 40 / LogL: -5374.317 / Time: 0h:0m:1s (0h:0m:2s left)
Iteration 50 / LogL: -5374.317 / Time: 0h:0m:2s (0h:0m:2s left)
UPDATE BEST LOG-LIKELIHOOD: -5374.316
Iteration 60 / LogL: -5374.724 / Time: 0h:0m:2s (0h:0m:1s left)
Iteration 70 / LogL: -5374.333 / Time: 0h:0m:2s (0h:0m:1s left)
Iteration 80 / LogL: -5374.346 / Time: 0h:0m:3s (0h:0m:0s left)
Iteration 90 / LogL: -5374.325 / Time: 0h:0m:3s (0h:0m:0s left)
Iteration 100 / LogL: -5374.319 / Time: 0h:0m:4s (0h:0m:0s left)
TREE SEARCH COMPLETED AFTER 102 ITERATIONS / Time: 0h:0m:4s

--------------------------------------------------------------------
|                    FINALIZING TREE SEARCH                        |
--------------------------------------------------------------------
Performs final model parameters optimization
Estimate model parameters (epsilon = 0.010)
1. Initial log-likelihood: -5374.316
Optimal log-likelihood: -5374.316
Rate parameters:  A-C: 0.70576  A-G: 2.42054  A-T: 0.63453  C-G: 0.56423  C-T: 2.88812  G-T: 1.00000
Base frequencies:  A: 0.289  C: 0.231  G: 0.235  T: 0.245
Gamma shape alpha: 0.565
Parameters optimization took 1 rounds (0.004 sec)
BEST SCORE FOUND : -5374.316

Testing tree branches by SH-like aLRT with 1000 replicates...
0.058 sec.
Total tree length: 1.530

Total number of iterations: 102
CPU time used for tree search: 4.119 sec (0h:0m:4s)
Wall-clock time used for tree search: 4.172 sec (0h:0m:4s)
Total CPU time used: 4.362 sec (0h:0m:4s)
Total wall-clock time used: 4.280 sec (0h:0m:4s)

Analysis results written to: 
  IQ-TREE report:                cluster2947rr.1to1ortho.fa.aln-cln_gene1043.fa.iqtree
  Maximum-likelihood tree:       cluster2947rr.1to1ortho.fa.aln-cln_gene1043.fa.treefile
  Likelihood distances:          cluster2947rr.1to1ortho.fa.aln-cln_gene1043.fa.mldist
  Screen log file:               cluster2947rr.1to1ortho.fa.aln-cln_gene1043.fa.log

Date and Time: Mon Nov 25 10:18:18 2019
