IQ-TREE multicore version 1.6.11 for Mac OS X 64-bit built Jul 12 2019
Developed by Bui Quang Minh, Nguyen Lam Tung, Olga Chernomor,
Heiko Schmidt, Dominik Schrempf, Michael Woodhams.

Host:    slpc437 (AVX2, FMA3, 16 GB RAM)
Command: iqtree -s cluster722rr.1to1ortho.fa.aln-cln_gene1059.fa -nt 4 -m GTR+G -alrt 1000
Seed:    843663 (Using SPRNG - Scalable Parallel Random Number Generator)
Time:    Mon Nov 25 11:12:22 2019
Kernel:  AVX+FMA - 4 threads (6 CPU cores detected)

Reading alignment file cluster722rr.1to1ortho.fa.aln-cln_gene1059.fa ... Fasta format detected
Alignment most likely contains DNA/RNA sequences
Alignment has 13 sequences with 2124 columns, 936 distinct patterns
618 parsimony-informative, 404 singleton sites, 1102 constant sites
           Gap/Ambiguity  Composition  p-value
   1  DrolusSFB    0.28%    passed     70.83%
   2  Dino        48.59%    passed     64.58%
   3  MJM3360      7.02%    passed     42.44%
   4  DrobinSFB    1.69%    passed     61.35%
   5  Neam        51.98%    passed     63.34%
   6  RuprSFB      7.11%    passed     57.97%
   7  Retr        86.49%    passed     55.99%
   8  Beta         4.43%    passed     92.43%
   9  Spol         4.43%    passed     86.67%
  10  MJM1652      0.14%    passed     18.42%
  11  NepSFB       1.65%    passed     65.98%
  12  WPYJ        14.17%    passed     80.44%
  13  MJM2940     47.18%    passed     77.15%
WARNING: 2 sequences contain more than 50% gaps/ambiguity
****  TOTAL       21.16%  0 sequences failed composition chi2 test (p-value<5%; df=3)

Create initial parsimony tree by phylogenetic likelihood library (PLL)... 0.001 seconds

NOTE: 1 MB RAM (0 GB) is required!
Estimate model parameters (epsilon = 0.100)
1. Initial log-likelihood: -12585.146
2. Current log-likelihood: -11923.825
3. Current log-likelihood: -11915.655
4. Current log-likelihood: -11915.050
Optimal log-likelihood: -11914.934
Rate parameters:  A-C: 1.63672  A-G: 3.99122  A-T: 1.67847  C-G: 1.20775  C-T: 6.84161  G-T: 1.00000
Base frequencies:  A: 0.286  C: 0.186  G: 0.268  T: 0.259
Gamma shape alpha: 0.444
Parameters optimization took 4 rounds (0.052 sec)
Computing ML distances based on estimated model parameters... 0.002 sec
Computing BIONJ tree...
0.002 seconds
Log-likelihood of BIONJ tree: -11923.081
--------------------------------------------------------------------
|             INITIALIZING CANDIDATE TREE SET                      |
--------------------------------------------------------------------
Generating 98 parsimony trees... 0.104 second
Computing log-likelihood of 97 initial trees ... 0.506 seconds
Current best score: -11913.766

Do NNI search on 20 best initial trees
Estimate model parameters (epsilon = 0.100)
BETTER TREE FOUND at iteration 1: -11910.732
Iteration 10 / LogL: -11910.757 / Time: 0h:0m:0s
Iteration 20 / LogL: -11910.815 / Time: 0h:0m:1s
Finish initializing candidate tree set (1)
Current best tree score: -11910.732 / CPU time: 1.216
Number of iterations: 20
--------------------------------------------------------------------
|               OPTIMIZING CANDIDATE TREE SET                      |
--------------------------------------------------------------------
Iteration 30 / LogL: -11910.787 / Time: 0h:0m:1s (0h:0m:4s left)
Iteration 40 / LogL: -11910.831 / Time: 0h:0m:2s (0h:0m:3s left)
Iteration 50 / LogL: -11910.989 / Time: 0h:0m:2s (0h:0m:2s left)
Iteration 60 / LogL: -11910.843 / Time: 0h:0m:3s (0h:0m:2s left)
Iteration 70 / LogL: -11910.788 / Time: 0h:0m:3s (0h:0m:1s left)
Iteration 80 / LogL: -11910.757 / Time: 0h:0m:3s (0h:0m:1s left)
Iteration 90 / LogL: -11910.961 / Time: 0h:0m:4s (0h:0m:0s left)
Iteration 100 / LogL: -11910.773 / Time: 0h:0m:4s (0h:0m:0s left)
TREE SEARCH COMPLETED AFTER 102 ITERATIONS / Time: 0h:0m:4s

--------------------------------------------------------------------
|                    FINALIZING TREE SEARCH                        |
--------------------------------------------------------------------
Performs final model parameters optimization
Estimate model parameters (epsilon = 0.010)
1. Initial log-likelihood: -11910.732
2. Current log-likelihood: -11910.711
Optimal log-likelihood: -11910.710
Rate parameters:  A-C: 1.69318  A-G: 4.10411  A-T: 1.72199  C-G: 1.23713  C-T: 7.03529  G-T: 1.00000
Base frequencies:  A: 0.286  C: 0.186  G: 0.268  T: 0.259
Gamma shape alpha: 0.444
Parameters optimization took 2 rounds (0.013 sec)
BEST SCORE FOUND : -11910.710

Testing tree branches by SH-like aLRT with 1000 replicates...
0.118 sec.
Total tree length: 1.794

Total number of iterations: 102
CPU time used for tree search: 6.436 sec (0h:0m:6s)
Wall-clock time used for tree search: 4.784 sec (0h:0m:4s)
Total CPU time used: 7.030 sec (0h:0m:7s)
Total wall-clock time used: 4.992 sec (0h:0m:4s)

Analysis results written to: 
  IQ-TREE report:                cluster722rr.1to1ortho.fa.aln-cln_gene1059.fa.iqtree
  Maximum-likelihood tree:       cluster722rr.1to1ortho.fa.aln-cln_gene1059.fa.treefile
  Likelihood distances:          cluster722rr.1to1ortho.fa.aln-cln_gene1059.fa.mldist
  Screen log file:               cluster722rr.1to1ortho.fa.aln-cln_gene1059.fa.log

Date and Time: Mon Nov 25 11:12:27 2019
