IQ-TREE multicore version 1.6.11 for Mac OS X 64-bit built Jul 12 2019
Developed by Bui Quang Minh, Nguyen Lam Tung, Olga Chernomor,
Heiko Schmidt, Dominik Schrempf, Michael Woodhams.

Host:    slpc437 (AVX2, FMA3, 16 GB RAM)
Command: iqtree -s cluster2189rr.1to1ortho.fa.aln-cln_gene707.fa -nt 4 -m GTR+G -alrt 1000
Seed:    219842 (Using SPRNG - Scalable Parallel Random Number Generator)
Time:    Mon Nov 25 09:58:53 2019
Kernel:  AVX+FMA - 4 threads (6 CPU cores detected)

Reading alignment file cluster2189rr.1to1ortho.fa.aln-cln_gene707.fa ... Fasta format detected
Alignment most likely contains DNA/RNA sequences
Alignment has 13 sequences with 2436 columns, 1413 distinct patterns
1085 parsimony-informative, 500 singleton sites, 851 constant sites
           Gap/Ambiguity  Composition  p-value
   1  DrolusSFB    2.59%    passed     90.25%
   2  Dino         0.41%    passed     95.18%
   3  MJM3360      2.50%    passed     88.09%
   4  DrobinSFB    1.60%    failed      3.17%
   5  Neam         0.12%    passed     94.14%
   6  RuprSFB      2.01%    passed     82.09%
   7  Retr        45.44%    passed     53.11%
   8  Beta         0.37%    passed     93.69%
   9  Spol         0.62%    passed     79.93%
  10  MJM1652      1.15%    passed     98.76%
  11  NepSFB       0.12%    passed     95.90%
  12  WPYJ        61.58%    passed     64.71%
  13  MJM2940      0.78%    passed     79.81%
WARNING: 1 sequences contain more than 50% gaps/ambiguity
****  TOTAL        9.18%  1 sequences failed composition chi2 test (p-value<5%; df=3)

Create initial parsimony tree by phylogenetic likelihood library (PLL)... 0.001 seconds

NOTE: 2 MB RAM (0 GB) is required!
Estimate model parameters (epsilon = 0.100)
1. Initial log-likelihood: -19218.651
2. Current log-likelihood: -18628.648
3. Current log-likelihood: -18625.672
Optimal log-likelihood: -18625.613
Rate parameters:  A-C: 1.67402  A-G: 4.58957  A-T: 1.58434  C-G: 1.61953  C-T: 4.05955  G-T: 1.00000
Base frequencies:  A: 0.257  C: 0.197  G: 0.241  T: 0.306
Gamma shape alpha: 0.868
Parameters optimization took 3 rounds (0.053 sec)
Computing ML distances based on estimated model parameters... 0.002 sec
Computing BIONJ tree...
0.002 seconds
Log-likelihood of BIONJ tree: -18625.613
--------------------------------------------------------------------
|             INITIALIZING CANDIDATE TREE SET                      |
--------------------------------------------------------------------
Generating 99 parsimony trees... 0.128 second
Computing log-likelihood of 99 initial trees ... 0.553 seconds
Current best score: -18625.613

Do NNI search on 20 best initial trees
Estimate model parameters (epsilon = 0.100)
BETTER TREE FOUND at iteration 1: -18625.611
Iteration 10 / LogL: -18625.848 / Time: 0h:0m:1s
Iteration 20 / LogL: -18625.634 / Time: 0h:0m:1s
Finish initializing candidate tree set (1)
Current best tree score: -18625.611 / CPU time: 1.372
Number of iterations: 20
--------------------------------------------------------------------
|               OPTIMIZING CANDIDATE TREE SET                      |
--------------------------------------------------------------------
Iteration 30 / LogL: -18625.648 / Time: 0h:0m:1s (0h:0m:4s left)
UPDATE BEST LOG-LIKELIHOOD: -18625.611
Iteration 40 / LogL: -18632.318 / Time: 0h:0m:2s (0h:0m:3s left)
Iteration 50 / LogL: -18626.172 / Time: 0h:0m:2s (0h:0m:3s left)
Iteration 60 / LogL: -18625.692 / Time: 0h:0m:3s (0h:0m:2s left)
UPDATE BEST LOG-LIKELIHOOD: -18625.611
Iteration 70 / LogL: -18626.024 / Time: 0h:0m:3s (0h:0m:1s left)
Iteration 80 / LogL: -18637.369 / Time: 0h:0m:4s (0h:0m:1s left)
Iteration 90 / LogL: -18625.659 / Time: 0h:0m:4s (0h:0m:0s left)
Iteration 100 / LogL: -18625.730 / Time: 0h:0m:5s (0h:0m:0s left)
TREE SEARCH COMPLETED AFTER 102 ITERATIONS / Time: 0h:0m:5s

--------------------------------------------------------------------
|                    FINALIZING TREE SEARCH                        |
--------------------------------------------------------------------
Performs final model parameters optimization
Estimate model parameters (epsilon = 0.010)
1. Initial log-likelihood: -18625.611
Optimal log-likelihood: -18625.611
Rate parameters:  A-C: 1.67731  A-G: 4.58135  A-T: 1.58329  C-G: 1.61806  C-T: 4.06102  G-T: 1.00000
Base frequencies:  A: 0.257  C: 0.197  G: 0.241  T: 0.306
Gamma shape alpha: 0.868
Parameters optimization took 1 rounds (0.007 sec)
BEST SCORE FOUND : -18625.611

Testing tree branches by SH-like aLRT with 1000 replicates...
0.139 sec.
Total tree length: 2.280

Total number of iterations: 102
CPU time used for tree search: 8.591 sec (0h:0m:8s)
Wall-clock time used for tree search: 5.449 sec (0h:0m:5s)
Total CPU time used: 9.269 sec (0h:0m:9s)
Total wall-clock time used: 5.671 sec (0h:0m:5s)

Analysis results written to: 
  IQ-TREE report:                cluster2189rr.1to1ortho.fa.aln-cln_gene707.fa.iqtree
  Maximum-likelihood tree:       cluster2189rr.1to1ortho.fa.aln-cln_gene707.fa.treefile
  Likelihood distances:          cluster2189rr.1to1ortho.fa.aln-cln_gene707.fa.mldist
  Screen log file:               cluster2189rr.1to1ortho.fa.aln-cln_gene707.fa.log

Date and Time: Mon Nov 25 09:58:58 2019
