IQ-TREE multicore version 1.6.11 for Mac OS X 64-bit built Jul 12 2019
Developed by Bui Quang Minh, Nguyen Lam Tung, Olga Chernomor,
Heiko Schmidt, Dominik Schrempf, Michael Woodhams.

Host:    slpc437 (AVX2, FMA3, 16 GB RAM)
Command: iqtree -s cluster2426rr.1to1ortho.fa.aln-cln_gene769.fa -nt 4 -m GTR+G -alrt 1000
Seed:    576102 (Using SPRNG - Scalable Parallel Random Number Generator)
Time:    Mon Nov 25 10:03:37 2019
Kernel:  AVX+FMA - 4 threads (6 CPU cores detected)

Reading alignment file cluster2426rr.1to1ortho.fa.aln-cln_gene769.fa ... Fasta format detected
Alignment most likely contains DNA/RNA sequences
Alignment has 13 sequences with 1122 columns, 571 distinct patterns
400 parsimony-informative, 177 singleton sites, 545 constant sites
           Gap/Ambiguity  Composition  p-value
   1  DrolusSFB    0.53%    passed     86.91%
   2  Dino         1.69%    passed     88.38%
   3  MJM3360     30.30%    passed     10.58%
   4  DrobinSFB    1.69%    passed     88.68%
   5  Neam         0.27%    passed     86.27%
   6  RuprSFB      0.62%    passed     99.45%
   7  Retr         0.89%    passed     76.12%
   8  Beta         0.27%    passed     76.82%
   9  Spol        42.25%    failed      3.47%
  10  MJM1652      8.02%    passed     85.77%
  11  NepSFB       0.27%    passed     68.66%
  12  WPYJ         3.83%    passed     99.08%
  13  MJM2940      0.53%    passed     91.82%
****  TOTAL        7.01%  1 sequences failed composition chi2 test (p-value<5%; df=3)

Create initial parsimony tree by phylogenetic likelihood library (PLL)... 0.001 seconds

NOTE: 0 MB RAM (0 GB) is required!
Estimate model parameters (epsilon = 0.100)
1. Initial log-likelihood: -7640.909
2. Current log-likelihood: -7273.233
3. Current log-likelihood: -7270.401
Optimal log-likelihood: -7270.303
Rate parameters:  A-C: 1.16823  A-G: 3.34796  A-T: 1.13633  C-G: 1.32324  C-T: 7.36886  G-T: 1.00000
Base frequencies:  A: 0.324  C: 0.198  G: 0.249  T: 0.228
Gamma shape alpha: 0.484
Parameters optimization took 3 rounds (0.068 sec)
Computing ML distances based on estimated model parameters... 0.001 sec
Computing BIONJ tree...
0.003 seconds
Log-likelihood of BIONJ tree: -7270.283
--------------------------------------------------------------------
|             INITIALIZING CANDIDATE TREE SET                      |
--------------------------------------------------------------------
Generating 98 parsimony trees... 0.086 second
Computing log-likelihood of 98 initial trees ... 0.426 seconds
Current best score: -7270.283

Do NNI search on 20 best initial trees
Estimate model parameters (epsilon = 0.100)
BETTER TREE FOUND at iteration 1: -7269.148
Iteration 10 / LogL: -7269.254 / Time: 0h:0m:0s
Iteration 20 / LogL: -7270.352 / Time: 0h:0m:1s
Finish initializing candidate tree set (2)
Current best tree score: -7269.148 / CPU time: 1.054
Number of iterations: 20
--------------------------------------------------------------------
|               OPTIMIZING CANDIDATE TREE SET                      |
--------------------------------------------------------------------
Iteration 30 / LogL: -7269.150 / Time: 0h:0m:1s (0h:0m:3s left)
Iteration 40 / LogL: -7270.359 / Time: 0h:0m:1s (0h:0m:3s left)
Iteration 50 / LogL: -7269.315 / Time: 0h:0m:2s (0h:0m:2s left)
Iteration 60 / LogL: -7271.028 / Time: 0h:0m:2s (0h:0m:1s left)
Iteration 70 / LogL: -7269.166 / Time: 0h:0m:3s (0h:0m:1s left)
Iteration 80 / LogL: -7270.559 / Time: 0h:0m:3s (0h:0m:0s left)
Iteration 90 / LogL: -7294.609 / Time: 0h:0m:3s (0h:0m:0s left)
Iteration 100 / LogL: -7269.183 / Time: 0h:0m:4s (0h:0m:0s left)
TREE SEARCH COMPLETED AFTER 102 ITERATIONS / Time: 0h:0m:4s

--------------------------------------------------------------------
|                    FINALIZING TREE SEARCH                        |
--------------------------------------------------------------------
Performs final model parameters optimization
Estimate model parameters (epsilon = 0.010)
1. Initial log-likelihood: -7269.148
Optimal log-likelihood: -7269.147
Rate parameters:  A-C: 1.15220  A-G: 3.32647  A-T: 1.15916  C-G: 1.35529  C-T: 7.38806  G-T: 1.00000
Base frequencies:  A: 0.324  C: 0.198  G: 0.249  T: 0.228
Gamma shape alpha: 0.489
Parameters optimization took 1 rounds (0.005 sec)
BEST SCORE FOUND : -7269.147

Testing tree branches by SH-like aLRT with 1000 replicates...
0.070 sec.
Total tree length: 1.735

Total number of iterations: 102
CPU time used for tree search: 4.626 sec (0h:0m:4s)
Wall-clock time used for tree search: 4.161 sec (0h:0m:4s)
Total CPU time used: 5.026 sec (0h:0m:5s)
Total wall-clock time used: 4.325 sec (0h:0m:4s)

Analysis results written to: 
  IQ-TREE report:                cluster2426rr.1to1ortho.fa.aln-cln_gene769.fa.iqtree
  Maximum-likelihood tree:       cluster2426rr.1to1ortho.fa.aln-cln_gene769.fa.treefile
  Likelihood distances:          cluster2426rr.1to1ortho.fa.aln-cln_gene769.fa.mldist
  Screen log file:               cluster2426rr.1to1ortho.fa.aln-cln_gene769.fa.log

Date and Time: Mon Nov 25 10:03:41 2019
