IQ-TREE multicore version 1.6.11 for Mac OS X 64-bit built Jul 12 2019
Developed by Bui Quang Minh, Nguyen Lam Tung, Olga Chernomor,
Heiko Schmidt, Dominik Schrempf, Michael Woodhams.

Host:    slpc437 (AVX2, FMA3, 16 GB RAM)
Command: iqtree -s cluster5035rr.1to1ortho.fa.aln-cln_gene1112.fa -nt 4 -m GTR+G -alrt 1000
Seed:    376358 (Using SPRNG - Scalable Parallel Random Number Generator)
Time:    Mon Nov 25 11:04:07 2019
Kernel:  AVX+FMA - 4 threads (6 CPU cores detected)

Reading alignment file cluster5035rr.1to1ortho.fa.aln-cln_gene1112.fa ... Fasta format detected
Alignment most likely contains DNA/RNA sequences
Alignment has 13 sequences with 1242 columns, 523 distinct patterns
415 parsimony-informative, 141 singleton sites, 686 constant sites
           Gap/Ambiguity  Composition  p-value
   1  DrolusSFB    0.32%    passed     95.94%
   2  Dino         0.24%    passed     99.84%
   3  MJM3360      0.00%    passed     11.83%
   4  DrobinSFB    0.32%    passed     83.60%
   5  Neam        22.46%    passed     89.32%
   6  RuprSFB      3.22%    passed     99.73%
   7  Retr         1.05%    passed     95.76%
   8  Beta         0.00%    passed     83.88%
   9  Spol         0.00%    passed     46.14%
  10  MJM1652      0.48%    passed     97.83%
  11  NepSFB       0.24%    passed     61.81%
  12  WPYJ         1.05%    passed     99.25%
  13  MJM2940      0.24%    passed     96.91%
****  TOTAL        2.28%  0 sequences failed composition chi2 test (p-value<5%; df=3)

Create initial parsimony tree by phylogenetic likelihood library (PLL)... 0.001 seconds

NOTE: 0 MB RAM (0 GB) is required!
Estimate model parameters (epsilon = 0.100)
1. Initial log-likelihood: -8131.137
2. Current log-likelihood: -7788.284
3. Current log-likelihood: -7785.652
Optimal log-likelihood: -7785.597
Rate parameters:  A-C: 2.19280  A-G: 5.63861  A-T: 1.88831  C-G: 1.42997  C-T: 5.03402  G-T: 1.00000
Base frequencies:  A: 0.197  C: 0.229  G: 0.243  T: 0.332
Gamma shape alpha: 0.339
Parameters optimization took 3 rounds (0.032 sec)
Computing ML distances based on estimated model parameters... 0.001 sec
Computing BIONJ tree...
0.002 seconds
Log-likelihood of BIONJ tree: -7790.152
--------------------------------------------------------------------
|             INITIALIZING CANDIDATE TREE SET                      |
--------------------------------------------------------------------
Generating 98 parsimony trees... 0.073 second
Computing log-likelihood of 97 initial trees ... 0.412 seconds
Current best score: -7785.597

Do NNI search on 20 best initial trees
Estimate model parameters (epsilon = 0.100)
BETTER TREE FOUND at iteration 1: -7785.596
Iteration 10 / LogL: -7785.942 / Time: 0h:0m:0s
Iteration 20 / LogL: -7785.635 / Time: 0h:0m:1s
Finish initializing candidate tree set (1)
Current best tree score: -7785.596 / CPU time: 0.958
Number of iterations: 20
--------------------------------------------------------------------
|               OPTIMIZING CANDIDATE TREE SET                      |
--------------------------------------------------------------------
Iteration 30 / LogL: -7785.612 / Time: 0h:0m:1s (0h:0m:3s left)
Iteration 40 / LogL: -7785.602 / Time: 0h:0m:1s (0h:0m:2s left)
Iteration 50 / LogL: -7785.617 / Time: 0h:0m:2s (0h:0m:2s left)
Iteration 60 / LogL: -7785.629 / Time: 0h:0m:2s (0h:0m:1s left)
Iteration 70 / LogL: -7785.622 / Time: 0h:0m:2s (0h:0m:1s left)
Iteration 80 / LogL: -7785.625 / Time: 0h:0m:3s (0h:0m:0s left)
Iteration 90 / LogL: -7785.622 / Time: 0h:0m:3s (0h:0m:0s left)
Iteration 100 / LogL: -7785.831 / Time: 0h:0m:3s (0h:0m:0s left)
TREE SEARCH COMPLETED AFTER 102 ITERATIONS / Time: 0h:0m:4s

--------------------------------------------------------------------
|                    FINALIZING TREE SEARCH                        |
--------------------------------------------------------------------
Performs final model parameters optimization
Estimate model parameters (epsilon = 0.010)
1. Initial log-likelihood: -7785.596
Optimal log-likelihood: -7785.595
Rate parameters:  A-C: 2.18506  A-G: 5.63784  A-T: 1.88923  C-G: 1.43166  C-T: 5.03760  G-T: 1.00000
Base frequencies:  A: 0.197  C: 0.229  G: 0.243  T: 0.332
Gamma shape alpha: 0.340
Parameters optimization took 1 rounds (0.005 sec)
BEST SCORE FOUND : -7785.595

Testing tree branches by SH-like aLRT with 1000 replicates...
0.077 sec.
Total tree length: 1.505

Total number of iterations: 102
CPU time used for tree search: 4.281 sec (0h:0m:4s)
Wall-clock time used for tree search: 3.993 sec (0h:0m:3s)
Total CPU time used: 4.615 sec (0h:0m:4s)
Total wall-clock time used: 4.125 sec (0h:0m:4s)

Analysis results written to: 
  IQ-TREE report:                cluster5035rr.1to1ortho.fa.aln-cln_gene1112.fa.iqtree
  Maximum-likelihood tree:       cluster5035rr.1to1ortho.fa.aln-cln_gene1112.fa.treefile
  Likelihood distances:          cluster5035rr.1to1ortho.fa.aln-cln_gene1112.fa.mldist
  Screen log file:               cluster5035rr.1to1ortho.fa.aln-cln_gene1112.fa.log

Date and Time: Mon Nov 25 11:04:11 2019
