IQ-TREE multicore version 1.6.11 for Mac OS X 64-bit built Jul 12 2019
Developed by Bui Quang Minh, Nguyen Lam Tung, Olga Chernomor,
Heiko Schmidt, Dominik Schrempf, Michael Woodhams.

Host:    slpc437 (AVX2, FMA3, 16 GB RAM)
Command: iqtree -s cluster3300rr.1to1ortho.fa.aln-cln_gene972.fa -nt 4 -m GTR+G -alrt 1000
Seed:    401338 (Using SPRNG - Scalable Parallel Random Number Generator)
Time:    Mon Nov 25 10:26:27 2019
Kernel:  AVX+FMA - 4 threads (6 CPU cores detected)

Reading alignment file cluster3300rr.1to1ortho.fa.aln-cln_gene972.fa ... Fasta format detected
Alignment most likely contains DNA/RNA sequences
Alignment has 13 sequences with 2900 columns, 1492 distinct patterns
1120 parsimony-informative, 556 singleton sites, 1224 constant sites
           Gap/Ambiguity  Composition  p-value
   1  DrolusSFB    2.24%    passed     80.93%
   2  Dino         2.62%    passed     77.38%
   3  MJM3360      1.41%    passed     34.58%
   4  DrobinSFB    2.76%    passed     88.01%
   5  Neam        18.17%    passed     87.90%
   6  RuprSFB      1.31%    passed     86.42%
   7  Retr        44.90%    passed     87.61%
   8  Beta         1.76%    passed     92.96%
   9  Spol         2.79%    passed     93.21%
  10  MJM1652      3.38%    passed     64.96%
  11  NepSFB       0.48%    passed     92.91%
  12  WPYJ        45.07%    passed     69.01%
  13  MJM2940     39.00%    passed     12.98%
****  TOTAL       12.76%  0 sequences failed composition chi2 test (p-value<5%; df=3)

Create initial parsimony tree by phylogenetic likelihood library (PLL)... 0.001 seconds

NOTE: 2 MB RAM (0 GB) is required!
Estimate model parameters (epsilon = 0.100)
1. Initial log-likelihood: -19694.874
2. Current log-likelihood: -18993.803
3. Current log-likelihood: -18991.878
Optimal log-likelihood: -18991.873
Rate parameters:  A-C: 1.37374  A-G: 3.80898  A-T: 1.73319  C-G: 1.02409  C-T: 5.05343  G-T: 1.00000
Base frequencies:  A: 0.269  C: 0.196  G: 0.267  T: 0.268
Gamma shape alpha: 0.839
Parameters optimization took 3 rounds (0.053 sec)
Computing ML distances based on estimated model parameters... 0.002 sec
Computing BIONJ tree...
0.002 seconds
Log-likelihood of BIONJ tree: -18991.873
--------------------------------------------------------------------
|             INITIALIZING CANDIDATE TREE SET                      |
--------------------------------------------------------------------
Generating 99 parsimony trees... 0.136 second
Computing log-likelihood of 97 initial trees ... 0.545 seconds
Current best score: -18991.873

Do NNI search on 20 best initial trees
Estimate model parameters (epsilon = 0.100)
BETTER TREE FOUND at iteration 1: -18991.872
Iteration 10 / LogL: -18991.887 / Time: 0h:0m:1s
Iteration 20 / LogL: -18992.094 / Time: 0h:0m:1s
Finish initializing candidate tree set (1)
Current best tree score: -18991.872 / CPU time: 1.343
Number of iterations: 20
--------------------------------------------------------------------
|               OPTIMIZING CANDIDATE TREE SET                      |
--------------------------------------------------------------------
Iteration 30 / LogL: -18992.297 / Time: 0h:0m:1s (0h:0m:4s left)
Iteration 40 / LogL: -18992.075 / Time: 0h:0m:2s (0h:0m:3s left)
Iteration 50 / LogL: -18992.167 / Time: 0h:0m:2s (0h:0m:2s left)
Iteration 60 / LogL: -18992.022 / Time: 0h:0m:3s (0h:0m:2s left)
Iteration 70 / LogL: -18992.733 / Time: 0h:0m:3s (0h:0m:1s left)
Iteration 80 / LogL: -18992.205 / Time: 0h:0m:4s (0h:0m:1s left)
Iteration 90 / LogL: -18992.794 / Time: 0h:0m:4s (0h:0m:0s left)
Iteration 100 / LogL: -18991.942 / Time: 0h:0m:4s (0h:0m:0s left)
TREE SEARCH COMPLETED AFTER 102 ITERATIONS / Time: 0h:0m:5s

--------------------------------------------------------------------
|                    FINALIZING TREE SEARCH                        |
--------------------------------------------------------------------
Performs final model parameters optimization
Estimate model parameters (epsilon = 0.010)
1. Initial log-likelihood: -18991.872
Optimal log-likelihood: -18991.872
Rate parameters:  A-C: 1.37351  A-G: 3.80916  A-T: 1.73280  C-G: 1.02406  C-T: 5.05210  G-T: 1.00000
Base frequencies:  A: 0.269  C: 0.196  G: 0.267  T: 0.268
Gamma shape alpha: 0.839
Parameters optimization took 1 rounds (0.009 sec)
BEST SCORE FOUND : -18991.872

Testing tree branches by SH-like aLRT with 1000 replicates...
0.158 sec.
Total tree length: 1.686

Total number of iterations: 102
CPU time used for tree search: 8.098 sec (0h:0m:8s)
Wall-clock time used for tree search: 5.016 sec (0h:0m:5s)
Total CPU time used: 8.862 sec (0h:0m:8s)
Total wall-clock time used: 5.258 sec (0h:0m:5s)

Analysis results written to: 
  IQ-TREE report:                cluster3300rr.1to1ortho.fa.aln-cln_gene972.fa.iqtree
  Maximum-likelihood tree:       cluster3300rr.1to1ortho.fa.aln-cln_gene972.fa.treefile
  Likelihood distances:          cluster3300rr.1to1ortho.fa.aln-cln_gene972.fa.mldist
  Screen log file:               cluster3300rr.1to1ortho.fa.aln-cln_gene972.fa.log

Date and Time: Mon Nov 25 10:26:32 2019
