IQ-TREE multicore version 1.6.11 for Mac OS X 64-bit built Jul 12 2019
Developed by Bui Quang Minh, Nguyen Lam Tung, Olga Chernomor,
Heiko Schmidt, Dominik Schrempf, Michael Woodhams.

Host:    slpc437 (AVX2, FMA3, 16 GB RAM)
Command: iqtree -s cluster3749rr.1to1ortho.fa.aln-cln_gene314.fa -nt 4 -m GTR+G -alrt 1000
Seed:    555080 (Using SPRNG - Scalable Parallel Random Number Generator)
Time:    Mon Nov 25 10:35:58 2019
Kernel:  AVX+FMA - 4 threads (6 CPU cores detected)

Reading alignment file cluster3749rr.1to1ortho.fa.aln-cln_gene314.fa ... Fasta format detected
Alignment most likely contains DNA/RNA sequences
Alignment has 13 sequences with 1515 columns, 709 distinct patterns
546 parsimony-informative, 210 singleton sites, 759 constant sites
           Gap/Ambiguity  Composition  p-value
   1  DrolusSFB   11.75%    failed      0.09%
   2  Dino         4.55%    passed     59.84%
   3  MJM3360     12.21%    passed     49.80%
   4  DrobinSFB   12.48%    failed      4.94%
   5  Neam         0.00%    passed     47.90%
   6  RuprSFB     10.10%    passed     90.46%
   7  Retr         4.62%    passed     21.45%
   8  Beta         0.79%    passed     14.76%
   9  Spol         1.91%    failed      0.75%
  10  MJM1652      4.55%    failed      0.79%
  11  NepSFB       0.00%    passed     38.32%
  12  WPYJ         4.62%    passed     91.34%
  13  MJM2940      0.07%    passed     99.29%
****  TOTAL        5.20%  4 sequences failed composition chi2 test (p-value<5%; df=3)

Create initial parsimony tree by phylogenetic likelihood library (PLL)... 0.001 seconds

NOTE: 1 MB RAM (0 GB) is required!
Estimate model parameters (epsilon = 0.100)
1. Initial log-likelihood: -10504.422
2. Current log-likelihood: -10029.221
3. Current log-likelihood: -10022.824
4. Current log-likelihood: -10022.613
Optimal log-likelihood: -10022.602
Rate parameters:  A-C: 2.20986  A-G: 5.05646  A-T: 1.32155  C-G: 1.42876  C-T: 6.20689  G-T: 1.00000
Base frequencies:  A: 0.265  C: 0.188  G: 0.261  T: 0.286
Gamma shape alpha: 0.398
Parameters optimization took 4 rounds (0.053 sec)
Computing ML distances based on estimated model parameters... 0.001 sec
Computing BIONJ tree...
0.002 seconds
Log-likelihood of BIONJ tree: -10016.721
--------------------------------------------------------------------
|             INITIALIZING CANDIDATE TREE SET                      |
--------------------------------------------------------------------
Generating 98 parsimony trees... 0.094 second
Computing log-likelihood of 98 initial trees ... 0.439 seconds
Current best score: -10016.721

Do NNI search on 20 best initial trees
Estimate model parameters (epsilon = 0.100)
BETTER TREE FOUND at iteration 1: -10015.327
Iteration 10 / LogL: -10018.997 / Time: 0h:0m:0s
Iteration 20 / LogL: -10015.373 / Time: 0h:0m:1s
Finish initializing candidate tree set (3)
Current best tree score: -10015.327 / CPU time: 1.267
Number of iterations: 20
--------------------------------------------------------------------
|               OPTIMIZING CANDIDATE TREE SET                      |
--------------------------------------------------------------------
Iteration 30 / LogL: -10015.995 / Time: 0h:0m:1s (0h:0m:4s left)
Iteration 40 / LogL: -10015.364 / Time: 0h:0m:2s (0h:0m:3s left)
Iteration 50 / LogL: -10015.351 / Time: 0h:0m:2s (0h:0m:2s left)
Iteration 60 / LogL: -10015.547 / Time: 0h:0m:3s (0h:0m:2s left)
Iteration 70 / LogL: -10015.355 / Time: 0h:0m:3s (0h:0m:1s left)
Iteration 80 / LogL: -10015.409 / Time: 0h:0m:3s (0h:0m:1s left)
Iteration 90 / LogL: -10017.673 / Time: 0h:0m:4s (0h:0m:0s left)
Iteration 100 / LogL: -10015.378 / Time: 0h:0m:4s (0h:0m:0s left)
TREE SEARCH COMPLETED AFTER 102 ITERATIONS / Time: 0h:0m:4s

--------------------------------------------------------------------
|                    FINALIZING TREE SEARCH                        |
--------------------------------------------------------------------
Performs final model parameters optimization
Estimate model parameters (epsilon = 0.010)
1. Initial log-likelihood: -10015.327
Optimal log-likelihood: -10015.322
Rate parameters:  A-C: 2.18874  A-G: 5.11782  A-T: 1.29667  C-G: 1.43445  C-T: 6.20785  G-T: 1.00000
Base frequencies:  A: 0.265  C: 0.188  G: 0.261  T: 0.286
Gamma shape alpha: 0.398
Parameters optimization took 1 rounds (0.005 sec)
BEST SCORE FOUND : -10015.322

Testing tree branches by SH-like aLRT with 1000 replicates...
0.090 sec.
Total tree length: 1.891

Total number of iterations: 102
CPU time used for tree search: 5.736 sec (0h:0m:5s)
Wall-clock time used for tree search: 4.737 sec (0h:0m:4s)
Total CPU time used: 6.184 sec (0h:0m:6s)
Total wall-clock time used: 4.906 sec (0h:0m:4s)

Analysis results written to: 
  IQ-TREE report:                cluster3749rr.1to1ortho.fa.aln-cln_gene314.fa.iqtree
  Maximum-likelihood tree:       cluster3749rr.1to1ortho.fa.aln-cln_gene314.fa.treefile
  Likelihood distances:          cluster3749rr.1to1ortho.fa.aln-cln_gene314.fa.mldist
  Screen log file:               cluster3749rr.1to1ortho.fa.aln-cln_gene314.fa.log

Date and Time: Mon Nov 25 10:36:03 2019
