IQ-TREE multicore version 1.6.11 for Mac OS X 64-bit built Jul 12 2019
Developed by Bui Quang Minh, Nguyen Lam Tung, Olga Chernomor,
Heiko Schmidt, Dominik Schrempf, Michael Woodhams.

Host:    slpc437 (AVX2, FMA3, 16 GB RAM)
Command: iqtree -s cluster4246rr.1to1ortho.fa.aln-cln_gene774.fa -nt 4 -m GTR+G -alrt 1000
Seed:    930604 (Using SPRNG - Scalable Parallel Random Number Generator)
Time:    Mon Nov 25 10:47:18 2019
Kernel:  AVX+FMA - 4 threads (6 CPU cores detected)

Reading alignment file cluster4246rr.1to1ortho.fa.aln-cln_gene774.fa ... Fasta format detected
Alignment most likely contains DNA/RNA sequences
Alignment has 13 sequences with 1272 columns, 589 distinct patterns
429 parsimony-informative, 179 singleton sites, 664 constant sites
           Gap/Ambiguity  Composition  p-value
   1  DrolusSFB    9.43%    passed     70.89%
   2  Dino         1.42%    passed     60.32%
   3  MJM3360     15.72%    passed     92.37%
   4  DrobinSFB   14.70%    passed     61.78%
   5  Neam         0.00%    passed     90.44%
   6  RuprSFB     12.97%    passed     95.67%
   7  Retr         8.18%    passed     82.39%
   8  Beta        15.41%    passed     60.51%
   9  Spol        15.72%    passed     53.10%
  10  MJM1652      0.71%    passed     60.02%
  11  NepSFB       0.00%    passed     93.59%
  12  WPYJ        32.78%    passed     72.29%
  13  MJM2940      0.71%    passed     72.57%
****  TOTAL        9.83%  0 sequences failed composition chi2 test (p-value<5%; df=3)

Create initial parsimony tree by phylogenetic likelihood library (PLL)... 0.001 seconds

NOTE: 1 MB RAM (0 GB) is required!
Estimate model parameters (epsilon = 0.100)
1. Initial log-likelihood: -7814.299
2. Current log-likelihood: -7543.355
3. Current log-likelihood: -7541.716
Optimal log-likelihood: -7541.683
Rate parameters:  A-C: 1.99682  A-G: 4.13160  A-T: 2.29349  C-G: 1.32065  C-T: 6.78212  G-T: 1.00000
Base frequencies:  A: 0.279  C: 0.193  G: 0.257  T: 0.271
Gamma shape alpha: 0.475
Parameters optimization took 3 rounds (0.034 sec)
Computing ML distances based on estimated model parameters... 0.001 sec
Computing BIONJ tree...
0.002 seconds
Log-likelihood of BIONJ tree: -7543.321
--------------------------------------------------------------------
|             INITIALIZING CANDIDATE TREE SET                      |
--------------------------------------------------------------------
Generating 98 parsimony trees... 0.075 second
Computing log-likelihood of 97 initial trees ... 0.418 seconds
Current best score: -7541.683

Do NNI search on 20 best initial trees
Estimate model parameters (epsilon = 0.100)
BETTER TREE FOUND at iteration 1: -7541.682
Iteration 10 / LogL: -7541.713 / Time: 0h:0m:0s
Iteration 20 / LogL: -7541.858 / Time: 0h:0m:1s
Finish initializing candidate tree set (1)
Current best tree score: -7541.682 / CPU time: 1.020
Number of iterations: 20
--------------------------------------------------------------------
|               OPTIMIZING CANDIDATE TREE SET                      |
--------------------------------------------------------------------
UPDATE BEST LOG-LIKELIHOOD: -7541.682
Iteration 30 / LogL: -7542.613 / Time: 0h:0m:1s (0h:0m:3s left)
Iteration 40 / LogL: -7542.086 / Time: 0h:0m:1s (0h:0m:2s left)
Iteration 50 / LogL: -7541.730 / Time: 0h:0m:2s (0h:0m:2s left)
Iteration 60 / LogL: -7541.696 / Time: 0h:0m:2s (0h:0m:1s left)
Iteration 70 / LogL: -7544.904 / Time: 0h:0m:2s (0h:0m:1s left)
Iteration 80 / LogL: -7541.920 / Time: 0h:0m:3s (0h:0m:0s left)
Iteration 90 / LogL: -7541.693 / Time: 0h:0m:3s (0h:0m:0s left)
Iteration 100 / LogL: -7541.773 / Time: 0h:0m:3s (0h:0m:0s left)
TREE SEARCH COMPLETED AFTER 102 ITERATIONS / Time: 0h:0m:4s

--------------------------------------------------------------------
|                    FINALIZING TREE SEARCH                        |
--------------------------------------------------------------------
Performs final model parameters optimization
Estimate model parameters (epsilon = 0.010)
1. Initial log-likelihood: -7541.682
Optimal log-likelihood: -7541.681
Rate parameters:  A-C: 2.00165  A-G: 4.13772  A-T: 2.29830  C-G: 1.32165  C-T: 6.79424  G-T: 1.00000
Base frequencies:  A: 0.279  C: 0.193  G: 0.257  T: 0.271
Gamma shape alpha: 0.476
Parameters optimization took 1 rounds (0.005 sec)
BEST SCORE FOUND : -7541.681

Testing tree branches by SH-like aLRT with 1000 replicates...
0.079 sec.
Total tree length: 1.455

Total number of iterations: 102
CPU time used for tree search: 4.480 sec (0h:0m:4s)
Wall-clock time used for tree search: 3.999 sec (0h:0m:3s)
Total CPU time used: 4.832 sec (0h:0m:4s)
Total wall-clock time used: 4.136 sec (0h:0m:4s)

Analysis results written to: 
  IQ-TREE report:                cluster4246rr.1to1ortho.fa.aln-cln_gene774.fa.iqtree
  Maximum-likelihood tree:       cluster4246rr.1to1ortho.fa.aln-cln_gene774.fa.treefile
  Likelihood distances:          cluster4246rr.1to1ortho.fa.aln-cln_gene774.fa.mldist
  Screen log file:               cluster4246rr.1to1ortho.fa.aln-cln_gene774.fa.log

Date and Time: Mon Nov 25 10:47:23 2019
