IQ-TREE multicore version 1.6.11 for Mac OS X 64-bit built Jul 12 2019
Developed by Bui Quang Minh, Nguyen Lam Tung, Olga Chernomor,
Heiko Schmidt, Dominik Schrempf, Michael Woodhams.

Host:    slpc437 (AVX2, FMA3, 16 GB RAM)
Command: iqtree -s cluster1889rr.1to1ortho.fa.aln-cln_gene604.fa -nt 4 -m GTR+G -alrt 1000
Seed:    218476 (Using SPRNG - Scalable Parallel Random Number Generator)
Time:    Mon Nov 25 09:51:23 2019
Kernel:  AVX+FMA - 4 threads (6 CPU cores detected)

Reading alignment file cluster1889rr.1to1ortho.fa.aln-cln_gene604.fa ... Fasta format detected
Alignment most likely contains DNA/RNA sequences
Alignment has 13 sequences with 1741 columns, 733 distinct patterns
573 parsimony-informative, 252 singleton sites, 916 constant sites
           Gap/Ambiguity  Composition  p-value
   1  DrolusSFB    0.23%    passed     98.35%
   2  Dino         1.26%    passed     76.40%
   3  MJM3360     17.29%    passed     44.75%
   4  DrobinSFB   17.35%    passed      6.36%
   5  Neam         0.23%    passed     56.64%
   6  RuprSFB     17.29%    passed     89.86%
   7  Retr        30.84%    passed     32.76%
   8  Beta        17.29%    passed     64.62%
   9  Spol        17.46%    passed      8.54%
  10  MJM1652      1.95%    passed     18.03%
  11  NepSFB       0.23%    passed     51.93%
  12  WPYJ        16.94%    passed     82.79%
  13  MJM2940      0.23%    passed     29.74%
****  TOTAL       10.66%  0 sequences failed composition chi2 test (p-value<5%; df=3)

Create initial parsimony tree by phylogenetic likelihood library (PLL)... 0.001 seconds

NOTE: 1 MB RAM (0 GB) is required!
Estimate model parameters (epsilon = 0.100)
1. Initial log-likelihood: -11047.980
2. Current log-likelihood: -10522.163
3. Current log-likelihood: -10512.931
4. Current log-likelihood: -10512.551
Optimal log-likelihood: -10512.531
Rate parameters:  A-C: 2.06006  A-G: 4.54798  A-T: 1.06186  C-G: 1.53916  C-T: 6.47658  G-T: 1.00000
Base frequencies:  A: 0.265  C: 0.194  G: 0.262  T: 0.279
Gamma shape alpha: 0.362
Parameters optimization took 4 rounds (0.055 sec)
Computing ML distances based on estimated model parameters... 0.001 sec
Computing BIONJ tree...
0.003 seconds
Log-likelihood of BIONJ tree: -10520.664
--------------------------------------------------------------------
|             INITIALIZING CANDIDATE TREE SET                      |
--------------------------------------------------------------------
Generating 98 parsimony trees... 0.100 second
Computing log-likelihood of 98 initial trees ... 0.461 seconds
Current best score: -10510.738

Do NNI search on 20 best initial trees
Estimate model parameters (epsilon = 0.100)
BETTER TREE FOUND at iteration 1: -10508.539
Iteration 10 / LogL: -10508.706 / Time: 0h:0m:0s
Iteration 20 / LogL: -10508.576 / Time: 0h:0m:1s
Finish initializing candidate tree set (2)
Current best tree score: -10508.539 / CPU time: 1.312
Number of iterations: 20
--------------------------------------------------------------------
|               OPTIMIZING CANDIDATE TREE SET                      |
--------------------------------------------------------------------
Iteration 30 / LogL: -10509.821 / Time: 0h:0m:1s (0h:0m:4s left)
Iteration 40 / LogL: -10511.792 / Time: 0h:0m:2s (0h:0m:3s left)
Iteration 50 / LogL: -10508.555 / Time: 0h:0m:2s (0h:0m:2s left)
Iteration 60 / LogL: -10508.546 / Time: 0h:0m:2s (0h:0m:2s left)
UPDATE BEST LOG-LIKELIHOOD: -10508.538
Iteration 70 / LogL: -10508.538 / Time: 0h:0m:3s (0h:0m:1s left)
Iteration 80 / LogL: -10509.957 / Time: 0h:0m:3s (0h:0m:0s left)
Iteration 90 / LogL: -10508.541 / Time: 0h:0m:4s (0h:0m:0s left)
Iteration 100 / LogL: -10509.960 / Time: 0h:0m:4s (0h:0m:0s left)
TREE SEARCH COMPLETED AFTER 102 ITERATIONS / Time: 0h:0m:4s

--------------------------------------------------------------------
|                    FINALIZING TREE SEARCH                        |
--------------------------------------------------------------------
Performs final model parameters optimization
Estimate model parameters (epsilon = 0.010)
1. Initial log-likelihood: -10508.538
Optimal log-likelihood: -10508.535
Rate parameters:  A-C: 2.03992  A-G: 4.56748  A-T: 1.05952  C-G: 1.54097  C-T: 6.48002  G-T: 1.00000
Base frequencies:  A: 0.265  C: 0.194  G: 0.262  T: 0.279
Gamma shape alpha: 0.363
Parameters optimization took 1 rounds (0.005 sec)
BEST SCORE FOUND : -10508.535

Testing tree branches by SH-like aLRT with 1000 replicates...
0.097 sec.
Total tree length: 1.913

Total number of iterations: 102
CPU time used for tree search: 5.431 sec (0h:0m:5s)
Wall-clock time used for tree search: 4.611 sec (0h:0m:4s)
Total CPU time used: 5.917 sec (0h:0m:5s)
Total wall-clock time used: 4.791 sec (0h:0m:4s)

Analysis results written to: 
  IQ-TREE report:                cluster1889rr.1to1ortho.fa.aln-cln_gene604.fa.iqtree
  Maximum-likelihood tree:       cluster1889rr.1to1ortho.fa.aln-cln_gene604.fa.treefile
  Likelihood distances:          cluster1889rr.1to1ortho.fa.aln-cln_gene604.fa.mldist
  Screen log file:               cluster1889rr.1to1ortho.fa.aln-cln_gene604.fa.log

Date and Time: Mon Nov 25 09:51:28 2019
