IQ-TREE multicore version 1.6.11 for Mac OS X 64-bit built Jul 12 2019
Developed by Bui Quang Minh, Nguyen Lam Tung, Olga Chernomor,
Heiko Schmidt, Dominik Schrempf, Michael Woodhams.

Host:    slpc437 (AVX2, FMA3, 16 GB RAM)
Command: iqtree -s cluster396rr.1to1ortho.fa.aln-cln_gene746.fa -nt 4 -m GTR+G -alrt 1000
Seed:    951124 (Using SPRNG - Scalable Parallel Random Number Generator)
Time:    Mon Nov 25 10:42:08 2019
Kernel:  AVX+FMA - 4 threads (6 CPU cores detected)

Reading alignment file cluster396rr.1to1ortho.fa.aln-cln_gene746.fa ... Fasta format detected
Alignment most likely contains DNA/RNA sequences
Alignment has 13 sequences with 1491 columns, 865 distinct patterns
592 parsimony-informative, 282 singleton sites, 617 constant sites
           Gap/Ambiguity  Composition  p-value
   1  DrolusSFB    9.79%    passed     60.05%
   2  Dino         2.41%    passed     80.04%
   3  MJM3360     15.63%    passed     64.12%
   4  DrobinSFB   10.26%    passed     90.32%
   5  Neam        26.22%    passed     96.38%
   6  RuprSFB      5.43%    passed      6.89%
   7  Retr        10.80%    passed     83.22%
   8  Beta        11.87%    passed     38.34%
   9  Spol        22.47%    passed      6.44%
  10  MJM1652     30.58%    passed     38.20%
  11  NepSFB       2.15%    passed     71.03%
  12  WPYJ        35.35%    passed     74.29%
  13  MJM2940      8.32%    passed     60.36%
****  TOTAL       14.71%  0 sequences failed composition chi2 test (p-value<5%; df=3)

Create initial parsimony tree by phylogenetic likelihood library (PLL)... 0.009 seconds

NOTE: 1 MB RAM (0 GB) is required!
Estimate model parameters (epsilon = 0.100)
1. Initial log-likelihood: -10666.185
2. Current log-likelihood: -10266.123
3. Current log-likelihood: -10263.778
Optimal log-likelihood: -10263.742
Rate parameters:  A-C: 1.88671  A-G: 4.65354  A-T: 1.90347  C-G: 1.50430  C-T: 5.99443  G-T: 1.00000
Base frequencies:  A: 0.271  C: 0.200  G: 0.265  T: 0.265
Gamma shape alpha: 0.688
Parameters optimization took 3 rounds (0.047 sec)
Computing ML distances based on estimated model parameters... 0.002 sec
Computing BIONJ tree...
0.004 seconds
Log-likelihood of BIONJ tree: -10272.327
--------------------------------------------------------------------
|             INITIALIZING CANDIDATE TREE SET                      |
--------------------------------------------------------------------
Generating 98 parsimony trees... 0.097 second
Computing log-likelihood of 97 initial trees ... 0.486 seconds
Current best score: -10263.742

Do NNI search on 20 best initial trees
Estimate model parameters (epsilon = 0.100)
BETTER TREE FOUND at iteration 1: -10261.817
Iteration 10 / LogL: -10261.948 / Time: 0h:0m:0s
Iteration 20 / LogL: -10262.312 / Time: 0h:0m:1s
Finish initializing candidate tree set (2)
Current best tree score: -10261.817 / CPU time: 1.261
Number of iterations: 20
--------------------------------------------------------------------
|               OPTIMIZING CANDIDATE TREE SET                      |
--------------------------------------------------------------------
Iteration 30 / LogL: -10261.839 / Time: 0h:0m:1s (0h:0m:4s left)
Iteration 40 / LogL: -10262.181 / Time: 0h:0m:2s (0h:0m:3s left)
Iteration 50 / LogL: -10261.849 / Time: 0h:0m:2s (0h:0m:2s left)
Iteration 60 / LogL: -10262.076 / Time: 0h:0m:3s (0h:0m:2s left)
Iteration 70 / LogL: -10262.195 / Time: 0h:0m:3s (0h:0m:1s left)
Iteration 80 / LogL: -10261.818 / Time: 0h:0m:3s (0h:0m:1s left)
Iteration 90 / LogL: -10261.818 / Time: 0h:0m:4s (0h:0m:0s left)
Iteration 100 / LogL: -10262.693 / Time: 0h:0m:4s (0h:0m:0s left)
TREE SEARCH COMPLETED AFTER 102 ITERATIONS / Time: 0h:0m:4s

--------------------------------------------------------------------
|                    FINALIZING TREE SEARCH                        |
--------------------------------------------------------------------
Performs final model parameters optimization
Estimate model parameters (epsilon = 0.010)
1. Initial log-likelihood: -10261.817
Optimal log-likelihood: -10261.817
Rate parameters:  A-C: 1.86381  A-G: 4.65262  A-T: 1.88890  C-G: 1.50111  C-T: 5.99962  G-T: 1.00000
Base frequencies:  A: 0.271  C: 0.200  G: 0.265  T: 0.265
Gamma shape alpha: 0.689
Parameters optimization took 1 rounds (0.005 sec)
BEST SCORE FOUND : -10261.817

Testing tree branches by SH-like aLRT with 1000 replicates...
0.091 sec.
Total tree length: 2.093

Total number of iterations: 102
CPU time used for tree search: 6.217 sec (0h:0m:6s)
Wall-clock time used for tree search: 4.833 sec (0h:0m:4s)
Total CPU time used: 6.657 sec (0h:0m:6s)
Total wall-clock time used: 5.012 sec (0h:0m:5s)

Analysis results written to: 
  IQ-TREE report:                cluster396rr.1to1ortho.fa.aln-cln_gene746.fa.iqtree
  Maximum-likelihood tree:       cluster396rr.1to1ortho.fa.aln-cln_gene746.fa.treefile
  Likelihood distances:          cluster396rr.1to1ortho.fa.aln-cln_gene746.fa.mldist
  Screen log file:               cluster396rr.1to1ortho.fa.aln-cln_gene746.fa.log

Date and Time: Mon Nov 25 10:42:13 2019
