IQ-TREE multicore version 1.6.11 for Mac OS X 64-bit built Jul 12 2019
Developed by Bui Quang Minh, Nguyen Lam Tung, Olga Chernomor,
Heiko Schmidt, Dominik Schrempf, Michael Woodhams.

Host:    slpc437 (AVX2, FMA3, 16 GB RAM)
Command: iqtree -s cluster2647rr.1to1ortho.fa.aln-cln_gene1050.fa -nt 4 -m GTR+G -alrt 1000
Seed:    910853 (Using SPRNG - Scalable Parallel Random Number Generator)
Time:    Mon Nov 25 10:10:37 2019
Kernel:  AVX+FMA - 4 threads (6 CPU cores detected)

Reading alignment file cluster2647rr.1to1ortho.fa.aln-cln_gene1050.fa ... Fasta format detected
Alignment most likely contains DNA/RNA sequences
Alignment has 13 sequences with 1113 columns, 483 distinct patterns
340 parsimony-informative, 173 singleton sites, 600 constant sites
           Gap/Ambiguity  Composition  p-value
   1  DrolusSFB    0.00%    passed     99.21%
   2  Dino         0.00%    passed     99.72%
   3  MJM3360      2.61%    passed     82.96%
   4  DrobinSFB    0.00%    passed     31.30%
   5  Neam         0.27%    passed     94.93%
   6  RuprSFB      0.27%    passed     72.75%
   7  Retr        25.61%    passed     91.00%
   8  Beta         0.00%    passed     96.70%
   9  Spol         0.27%    passed     97.00%
  10  MJM1652      0.00%    passed     46.58%
  11  NepSFB       0.27%    passed     98.77%
  12  WPYJ        31.00%    passed     98.66%
  13  MJM2940      0.18%    passed     78.51%
****  TOTAL        4.65%  0 sequences failed composition chi2 test (p-value<5%; df=3)

Create initial parsimony tree by phylogenetic likelihood library (PLL)... 0.001 seconds

NOTE: 0 MB RAM (0 GB) is required!
Estimate model parameters (epsilon = 0.100)
1. Initial log-likelihood: -6750.920
2. Current log-likelihood: -6493.041
3. Current log-likelihood: -6491.385
Optimal log-likelihood: -6491.370
Rate parameters:  A-C: 1.01077  A-G: 3.62417  A-T: 1.84669  C-G: 0.89339  C-T: 5.50842  G-T: 1.00000
Base frequencies:  A: 0.310  C: 0.192  G: 0.266  T: 0.232
Gamma shape alpha: 0.455
Parameters optimization took 3 rounds (0.030 sec)
Computing ML distances based on estimated model parameters... 0.001 sec
Computing BIONJ tree...
0.002 seconds
Log-likelihood of BIONJ tree: -6493.329
--------------------------------------------------------------------
|             INITIALIZING CANDIDATE TREE SET                      |
--------------------------------------------------------------------
Generating 98 parsimony trees... 0.071 second
Computing log-likelihood of 97 initial trees ... 0.404 seconds
Current best score: -6491.370

Do NNI search on 20 best initial trees
Estimate model parameters (epsilon = 0.100)
BETTER TREE FOUND at iteration 1: -6491.369
Iteration 10 / LogL: -6491.770 / Time: 0h:0m:0s
Iteration 20 / LogL: -6491.393 / Time: 0h:0m:1s
Finish initializing candidate tree set (1)
Current best tree score: -6491.369 / CPU time: 0.978
Number of iterations: 20
--------------------------------------------------------------------
|               OPTIMIZING CANDIDATE TREE SET                      |
--------------------------------------------------------------------
Iteration 30 / LogL: -6491.853 / Time: 0h:0m:1s (0h:0m:3s left)
Iteration 40 / LogL: -6491.495 / Time: 0h:0m:1s (0h:0m:2s left)
Iteration 50 / LogL: -6491.402 / Time: 0h:0m:2s (0h:0m:2s left)
Iteration 60 / LogL: -6491.394 / Time: 0h:0m:2s (0h:0m:1s left)
Iteration 70 / LogL: -6491.477 / Time: 0h:0m:2s (0h:0m:1s left)
Iteration 80 / LogL: -6491.370 / Time: 0h:0m:3s (0h:0m:0s left)
Iteration 90 / LogL: -6491.403 / Time: 0h:0m:3s (0h:0m:0s left)
Iteration 100 / LogL: -6491.374 / Time: 0h:0m:3s (0h:0m:0s left)
TREE SEARCH COMPLETED AFTER 102 ITERATIONS / Time: 0h:0m:4s

--------------------------------------------------------------------
|                    FINALIZING TREE SEARCH                        |
--------------------------------------------------------------------
Performs final model parameters optimization
Estimate model parameters (epsilon = 0.010)
1. Initial log-likelihood: -6491.369
Optimal log-likelihood: -6491.369
Rate parameters:  A-C: 1.01154  A-G: 3.62776  A-T: 1.84608  C-G: 0.89343  C-T: 5.50412  G-T: 1.00000
Base frequencies:  A: 0.310  C: 0.192  G: 0.266  T: 0.232
Gamma shape alpha: 0.456
Parameters optimization took 1 rounds (0.004 sec)
BEST SCORE FOUND : -6491.369

Testing tree branches by SH-like aLRT with 1000 replicates...
0.067 sec.
Total tree length: 1.298

Total number of iterations: 102
CPU time used for tree search: 4.161 sec (0h:0m:4s)
Wall-clock time used for tree search: 4.000 sec (0h:0m:3s)
Total CPU time used: 4.464 sec (0h:0m:4s)
Total wall-clock time used: 4.120 sec (0h:0m:4s)

Analysis results written to: 
  IQ-TREE report:                cluster2647rr.1to1ortho.fa.aln-cln_gene1050.fa.iqtree
  Maximum-likelihood tree:       cluster2647rr.1to1ortho.fa.aln-cln_gene1050.fa.treefile
  Likelihood distances:          cluster2647rr.1to1ortho.fa.aln-cln_gene1050.fa.mldist
  Screen log file:               cluster2647rr.1to1ortho.fa.aln-cln_gene1050.fa.log

Date and Time: Mon Nov 25 10:10:42 2019
