IQ-TREE multicore version 1.6.11 for Mac OS X 64-bit built Jul 12 2019
Developed by Bui Quang Minh, Nguyen Lam Tung, Olga Chernomor,
Heiko Schmidt, Dominik Schrempf, Michael Woodhams.

Host:    slpc437 (AVX2, FMA3, 16 GB RAM)
Command: iqtree -s cluster4374rr.1to1ortho.fa.aln-cln_gene342.fa -nt 4 -m GTR+G -alrt 1000
Seed:    415267 (Using SPRNG - Scalable Parallel Random Number Generator)
Time:    Mon Nov 25 10:50:29 2019
Kernel:  AVX+FMA - 4 threads (6 CPU cores detected)

Reading alignment file cluster4374rr.1to1ortho.fa.aln-cln_gene342.fa ... Fasta format detected
Alignment most likely contains DNA/RNA sequences
Alignment has 13 sequences with 786 columns, 385 distinct patterns
271 parsimony-informative, 128 singleton sites, 387 constant sites
           Gap/Ambiguity  Composition  p-value
   1  DrolusSFB    0.00%    passed     82.69%
   2  Dino         0.00%    passed     91.57%
   3  MJM3360      6.49%    passed     73.54%
   4  DrobinSFB    0.00%    passed     98.99%
   5  Neam         0.00%    passed     81.14%
   6  RuprSFB      3.44%    passed     99.31%
   7  Retr        50.76%    passed     81.67%
   8  Beta         0.64%    passed     91.53%
   9  Spol         0.64%    passed     78.60%
  10  MJM1652      0.00%    passed     84.54%
  11  NepSFB       0.00%    passed     66.62%
  12  WPYJ         1.65%    passed     14.56%
  13  MJM2940      0.00%    passed     90.12%
WARNING: 1 sequences contain more than 50% gaps/ambiguity
****  TOTAL        4.89%  0 sequences failed composition chi2 test (p-value<5%; df=3)

Create initial parsimony tree by phylogenetic likelihood library (PLL)... 0.001 seconds

NOTE: 0 MB RAM (0 GB) is required!
WARNING: Number of threads seems too high for short alignments. Use -nt AUTO to determine best number of threads.
Estimate model parameters (epsilon = 0.100)
1. Initial log-likelihood: -5226.523
2. Current log-likelihood: -5013.728
3. Current log-likelihood: -5011.558
Optimal log-likelihood: -5011.529
Rate parameters:  A-C: 0.93994  A-G: 3.76366  A-T: 0.77612  C-G: 1.28782  C-T: 3.89841  G-T: 1.00000
Base frequencies:  A: 0.303  C: 0.203  G: 0.216  T: 0.279
Gamma shape alpha: 0.487
Parameters optimization took 3 rounds (0.029 sec)
Computing ML distances based on estimated model parameters... 0.001 sec
Computing BIONJ tree...
0.002 seconds
Log-likelihood of BIONJ tree: -5013.419
--------------------------------------------------------------------
|             INITIALIZING CANDIDATE TREE SET                      |
--------------------------------------------------------------------
Generating 98 parsimony trees... 0.071 second
Computing log-likelihood of 98 initial trees ... 0.401 seconds
Current best score: -5011.529

Do NNI search on 20 best initial trees
Estimate model parameters (epsilon = 0.100)
BETTER TREE FOUND at iteration 1: -5009.347
Estimate model parameters (epsilon = 0.100)
BETTER TREE FOUND at iteration 3: -5006.659
Iteration 10 / LogL: -5006.668 / Time: 0h:0m:0s
Iteration 20 / LogL: -5009.432 / Time: 0h:0m:1s
Finish initializing candidate tree set (3)
Current best tree score: -5006.659 / CPU time: 1.071
Number of iterations: 20
--------------------------------------------------------------------
|               OPTIMIZING CANDIDATE TREE SET                      |
--------------------------------------------------------------------
Iteration 30 / LogL: -5010.200 / Time: 0h:0m:1s (0h:0m:3s left)
Iteration 40 / LogL: -5006.668 / Time: 0h:0m:1s (0h:0m:3s left)
UPDATE BEST LOG-LIKELIHOOD: -5006.659
Iteration 50 / LogL: -5010.242 / Time: 0h:0m:2s (0h:0m:2s left)
Iteration 60 / LogL: -5006.674 / Time: 0h:0m:2s (0h:0m:2s left)
Iteration 70 / LogL: -5009.441 / Time: 0h:0m:3s (0h:0m:1s left)
Iteration 80 / LogL: -5006.669 / Time: 0h:0m:3s (0h:0m:1s left)
Iteration 90 / LogL: -5006.669 / Time: 0h:0m:4s (0h:0m:0s left)
Iteration 100 / LogL: -5009.411 / Time: 0h:0m:4s (0h:0m:0s left)
TREE SEARCH COMPLETED AFTER 104 ITERATIONS / Time: 0h:0m:4s

--------------------------------------------------------------------
|                    FINALIZING TREE SEARCH                        |
--------------------------------------------------------------------
Performs final model parameters optimization
Estimate model parameters (epsilon = 0.010)
1. Initial log-likelihood: -5006.659
Optimal log-likelihood: -5006.658
Rate parameters:  A-C: 0.98533  A-G: 4.02951  A-T: 0.84827  C-G: 1.37600  C-T: 4.18938  G-T: 1.00000
Base frequencies:  A: 0.303  C: 0.203  G: 0.216  T: 0.279
Gamma shape alpha: 0.488
Parameters optimization took 1 rounds (0.004 sec)
BEST SCORE FOUND : -5006.658

Testing tree branches by SH-like aLRT with 1000 replicates...
0.057 sec.
Total tree length: 1.601

Total number of iterations: 104
CPU time used for tree search: 4.653 sec (0h:0m:4s)
Wall-clock time used for tree search: 4.806 sec (0h:0m:4s)
Total CPU time used: 4.892 sec (0h:0m:4s)
Total wall-clock time used: 4.915 sec (0h:0m:4s)

Analysis results written to: 
  IQ-TREE report:                cluster4374rr.1to1ortho.fa.aln-cln_gene342.fa.iqtree
  Maximum-likelihood tree:       cluster4374rr.1to1ortho.fa.aln-cln_gene342.fa.treefile
  Likelihood distances:          cluster4374rr.1to1ortho.fa.aln-cln_gene342.fa.mldist
  Screen log file:               cluster4374rr.1to1ortho.fa.aln-cln_gene342.fa.log

Date and Time: Mon Nov 25 10:50:34 2019
