IQ-TREE multicore version 1.6.11 for Mac OS X 64-bit built Jul 12 2019
Developed by Bui Quang Minh, Nguyen Lam Tung, Olga Chernomor,
Heiko Schmidt, Dominik Schrempf, Michael Woodhams.

Host:    slpc437 (AVX2, FMA3, 16 GB RAM)
Command: iqtree -s cluster900rr.1to1ortho.fa.aln-cln_gene501.fa -nt 4 -m GTR+G -alrt 1000
Seed:    656668 (Using SPRNG - Scalable Parallel Random Number Generator)
Time:    Mon Nov 25 11:14:09 2019
Kernel:  AVX+FMA - 4 threads (6 CPU cores detected)

Reading alignment file cluster900rr.1to1ortho.fa.aln-cln_gene501.fa ... Fasta format detected
Alignment most likely contains DNA/RNA sequences
Alignment has 13 sequences with 1525 columns, 823 distinct patterns
616 parsimony-informative, 267 singleton sites, 642 constant sites
           Gap/Ambiguity  Composition  p-value
   1  DrolusSFB    0.92%    passed     78.99%
   2  Dino         7.61%    passed     25.02%
   3  MJM3360      3.08%    passed     77.70%
   4  DrobinSFB   45.57%    passed     71.84%
   5  Neam         0.00%    passed     66.90%
   6  RuprSFB      0.39%    passed     86.63%
   7  Retr        40.85%    passed     96.42%
   8  Beta         0.00%    passed     89.74%
   9  Spol         0.00%    passed     66.83%
  10  MJM1652      8.13%    passed     91.66%
  11  NepSFB       9.70%    passed     53.09%
  12  WPYJ         8.92%    passed     80.38%
  13  MJM2940      0.52%    passed     93.27%
****  TOTAL        9.67%  0 sequences failed composition chi2 test (p-value<5%; df=3)

Create initial parsimony tree by phylogenetic likelihood library (PLL)... 0.001 seconds

NOTE: 1 MB RAM (0 GB) is required!
Estimate model parameters (epsilon = 0.100)
1. Initial log-likelihood: -10844.388
2. Current log-likelihood: -10452.698
3. Current log-likelihood: -10450.337
Optimal log-likelihood: -10450.318
Rate parameters:  A-C: 2.09832  A-G: 5.38018  A-T: 1.71882  C-G: 1.76145  C-T: 6.33980  G-T: 1.00000
Base frequencies:  A: 0.277  C: 0.192  G: 0.239  T: 0.292
Gamma shape alpha: 0.729
Parameters optimization took 3 rounds (0.040 sec)
Computing ML distances based on estimated model parameters... 0.002 sec
Computing BIONJ tree...
0.002 seconds
Log-likelihood of BIONJ tree: -10450.741
--------------------------------------------------------------------
|             INITIALIZING CANDIDATE TREE SET                      |
--------------------------------------------------------------------
Generating 98 parsimony trees... 0.101 second
Computing log-likelihood of 96 initial trees ... 0.449 seconds
Current best score: -10450.110

Do NNI search on 20 best initial trees
Estimate model parameters (epsilon = 0.100)
BETTER TREE FOUND at iteration 1: -10448.145
Iteration 10 / LogL: -10448.147 / Time: 0h:0m:0s
Iteration 20 / LogL: -10448.150 / Time: 0h:0m:1s
Finish initializing candidate tree set (1)
Current best tree score: -10448.145 / CPU time: 1.201
Number of iterations: 20
--------------------------------------------------------------------
|               OPTIMIZING CANDIDATE TREE SET                      |
--------------------------------------------------------------------
Iteration 30 / LogL: -10448.146 / Time: 0h:0m:1s (0h:0m:4s left)
Iteration 40 / LogL: -10466.506 / Time: 0h:0m:2s (0h:0m:3s left)
Iteration 50 / LogL: -10448.145 / Time: 0h:0m:2s (0h:0m:2s left)
Iteration 60 / LogL: -10448.204 / Time: 0h:0m:3s (0h:0m:2s left)
Iteration 70 / LogL: -10448.166 / Time: 0h:0m:3s (0h:0m:1s left)
Iteration 80 / LogL: -10448.180 / Time: 0h:0m:4s (0h:0m:1s left)
Iteration 90 / LogL: -10448.162 / Time: 0h:0m:4s (0h:0m:0s left)
Iteration 100 / LogL: -10448.158 / Time: 0h:0m:5s (0h:0m:0s left)
TREE SEARCH COMPLETED AFTER 102 ITERATIONS / Time: 0h:0m:5s

--------------------------------------------------------------------
|                    FINALIZING TREE SEARCH                        |
--------------------------------------------------------------------
Performs final model parameters optimization
Estimate model parameters (epsilon = 0.010)
1. Initial log-likelihood: -10448.145
Optimal log-likelihood: -10448.145
Rate parameters:  A-C: 2.10722  A-G: 5.37056  A-T: 1.71609  C-G: 1.75015  C-T: 6.35238  G-T: 1.00000
Base frequencies:  A: 0.277  C: 0.192  G: 0.239  T: 0.292
Gamma shape alpha: 0.729
Parameters optimization took 1 rounds (0.005 sec)
BEST SCORE FOUND : -10448.145

Testing tree branches by SH-like aLRT with 1000 replicates...
0.093 sec.
Total tree length: 1.788

Total number of iterations: 102
CPU time used for tree search: 6.849 sec (0h:0m:6s)
Wall-clock time used for tree search: 5.410 sec (0h:0m:5s)
Total CPU time used: 7.279 sec (0h:0m:7s)
Total wall-clock time used: 5.567 sec (0h:0m:5s)

Analysis results written to: 
  IQ-TREE report:                cluster900rr.1to1ortho.fa.aln-cln_gene501.fa.iqtree
  Maximum-likelihood tree:       cluster900rr.1to1ortho.fa.aln-cln_gene501.fa.treefile
  Likelihood distances:          cluster900rr.1to1ortho.fa.aln-cln_gene501.fa.mldist
  Screen log file:               cluster900rr.1to1ortho.fa.aln-cln_gene501.fa.log

Date and Time: Mon Nov 25 11:14:15 2019
