IQ-TREE multicore version 1.6.11 for Mac OS X 64-bit built Jul 12 2019
Developed by Bui Quang Minh, Nguyen Lam Tung, Olga Chernomor,
Heiko Schmidt, Dominik Schrempf, Michael Woodhams.

Host:    slpc437 (AVX2, FMA3, 16 GB RAM)
Command: iqtree -s cluster3271rr.1to1ortho.fa.aln-cln_gene77.fa -nt 4 -m GTR+G -alrt 1000
Seed:    19414 (Using SPRNG - Scalable Parallel Random Number Generator)
Time:    Mon Nov 25 10:25:36 2019
Kernel:  AVX+FMA - 4 threads (6 CPU cores detected)

Reading alignment file cluster3271rr.1to1ortho.fa.aln-cln_gene77.fa ... Fasta format detected
Alignment most likely contains DNA/RNA sequences
Alignment has 13 sequences with 546 columns, 209 distinct patterns
149 parsimony-informative, 60 singleton sites, 337 constant sites
           Gap/Ambiguity  Composition  p-value
   1  DrolusSFB    0.00%    passed     98.42%
   2  Dino         0.00%    passed     98.88%
   3  MJM3360      6.04%    passed     94.96%
   4  DrobinSFB    0.00%    passed     98.81%
   5  Neam         0.00%    passed     99.37%
   6  RuprSFB      0.00%    passed     86.96%
   7  Retr         0.00%    passed     86.39%
   8  Beta         0.00%    passed     93.69%
   9  Spol         0.00%    passed     84.30%
  10  MJM1652      0.00%    passed     67.09%
  11  NepSFB       0.00%    passed     99.88%
  12  WPYJ         0.55%    passed     89.66%
  13  MJM2940      0.00%    passed     63.85%
****  TOTAL        0.51%  0 sequences failed composition chi2 test (p-value<5%; df=3)

Create initial parsimony tree by phylogenetic likelihood library (PLL)... 0.001 seconds

NOTE: 0 MB RAM (0 GB) is required!
WARNING: Number of threads seems too high for short alignments. Use -nt AUTO to determine best number of threads.
Estimate model parameters (epsilon = 0.100)
1. Initial log-likelihood: -3274.174
2. Current log-likelihood: -3098.197
3. Current log-likelihood: -3095.367
Optimal log-likelihood: -3095.303
Rate parameters:  A-C: 1.59803  A-G: 5.00508  A-T: 1.65492  C-G: 1.00620  C-T: 6.21540  G-T: 1.00000
Base frequencies:  A: 0.300  C: 0.196  G: 0.228  T: 0.276
Gamma shape alpha: 0.221
Parameters optimization took 3 rounds (0.027 sec)
Computing ML distances based on estimated model parameters... 0.001 sec
Computing BIONJ tree...
0.002 seconds
Log-likelihood of BIONJ tree: -3095.199
--------------------------------------------------------------------
|             INITIALIZING CANDIDATE TREE SET                      |
--------------------------------------------------------------------
Generating 98 parsimony trees... 0.060 second
Computing log-likelihood of 97 initial trees ... 0.371 seconds
Current best score: -3095.199

Do NNI search on 20 best initial trees
Estimate model parameters (epsilon = 0.100)
BETTER TREE FOUND at iteration 1: -3093.187
Iteration 10 / LogL: -3093.201 / Time: 0h:0m:0s
Iteration 20 / LogL: -3093.575 / Time: 0h:0m:1s
Finish initializing candidate tree set (1)
Current best tree score: -3093.187 / CPU time: 0.957
Number of iterations: 20
--------------------------------------------------------------------
|               OPTIMIZING CANDIDATE TREE SET                      |
--------------------------------------------------------------------
Iteration 30 / LogL: -3093.273 / Time: 0h:0m:1s (0h:0m:3s left)
Iteration 40 / LogL: -3093.221 / Time: 0h:0m:1s (0h:0m:2s left)
Iteration 50 / LogL: -3093.648 / Time: 0h:0m:1s (0h:0m:2s left)
Iteration 60 / LogL: -3097.321 / Time: 0h:0m:2s (0h:0m:1s left)
Iteration 70 / LogL: -3093.197 / Time: 0h:0m:2s (0h:0m:1s left)
Iteration 80 / LogL: -3093.248 / Time: 0h:0m:2s (0h:0m:0s left)
Iteration 90 / LogL: -3093.192 / Time: 0h:0m:3s (0h:0m:0s left)
Iteration 100 / LogL: -3093.199 / Time: 0h:0m:3s (0h:0m:0s left)
TREE SEARCH COMPLETED AFTER 102 ITERATIONS / Time: 0h:0m:3s

--------------------------------------------------------------------
|                    FINALIZING TREE SEARCH                        |
--------------------------------------------------------------------
Performs final model parameters optimization
Estimate model parameters (epsilon = 0.010)
1. Initial log-likelihood: -3093.187
Optimal log-likelihood: -3093.187
Rate parameters:  A-C: 1.55896  A-G: 4.89977  A-T: 1.68184  C-G: 1.00623  C-T: 6.31825  G-T: 1.00000
Base frequencies:  A: 0.300  C: 0.196  G: 0.228  T: 0.276
Gamma shape alpha: 0.221
Parameters optimization took 1 rounds (0.004 sec)
BEST SCORE FOUND : -3093.187

Testing tree branches by SH-like aLRT with 1000 replicates...
0.039 sec.
Total tree length: 1.258

Total number of iterations: 102
CPU time used for tree search: 3.047 sec (0h:0m:3s)
Wall-clock time used for tree search: 3.687 sec (0h:0m:3s)
Total CPU time used: 3.219 sec (0h:0m:3s)
Total wall-clock time used: 3.775 sec (0h:0m:3s)

Analysis results written to: 
  IQ-TREE report:                cluster3271rr.1to1ortho.fa.aln-cln_gene77.fa.iqtree
  Maximum-likelihood tree:       cluster3271rr.1to1ortho.fa.aln-cln_gene77.fa.treefile
  Likelihood distances:          cluster3271rr.1to1ortho.fa.aln-cln_gene77.fa.mldist
  Screen log file:               cluster3271rr.1to1ortho.fa.aln-cln_gene77.fa.log

Date and Time: Mon Nov 25 10:25:39 2019
