IQ-TREE multicore version 1.6.11 for Mac OS X 64-bit built Jul 12 2019
Developed by Bui Quang Minh, Nguyen Lam Tung, Olga Chernomor,
Heiko Schmidt, Dominik Schrempf, Michael Woodhams.

Host:    slpc437 (AVX2, FMA3, 16 GB RAM)
Command: iqtree -s cluster3725rr.1to1ortho.fa.aln-cln_gene338.fa -nt 4 -m GTR+G -alrt 1000
Seed:    491375 (Using SPRNG - Scalable Parallel Random Number Generator)
Time:    Mon Nov 25 10:35:35 2019
Kernel:  AVX+FMA - 4 threads (6 CPU cores detected)

Reading alignment file cluster3725rr.1to1ortho.fa.aln-cln_gene338.fa ... Fasta format detected
Alignment most likely contains DNA/RNA sequences
Alignment has 13 sequences with 1056 columns, 350 distinct patterns
290 parsimony-informative, 95 singleton sites, 671 constant sites
           Gap/Ambiguity  Composition  p-value
   1  DrolusSFB    0.00%    passed     89.42%
   2  Dino         0.00%    passed     89.03%
   3  MJM3360      0.00%    passed     81.97%
   4  DrobinSFB    0.00%    passed     21.49%
   5  Neam         0.00%    passed     89.17%
   6  RuprSFB      0.00%    passed     41.33%
   7  Retr         0.00%    passed     79.50%
   8  Beta         0.00%    passed     86.16%
   9  Spol         0.00%    passed     34.93%
  10  MJM1652      0.00%    passed     69.69%
  11  NepSFB       0.00%    passed     93.64%
  12  WPYJ         1.99%    passed     96.95%
  13  MJM2940      0.00%    passed     94.71%
****  TOTAL        0.15%  0 sequences failed composition chi2 test (p-value<5%; df=3)

Create initial parsimony tree by phylogenetic likelihood library (PLL)... 0.001 seconds

NOTE: 0 MB RAM (0 GB) is required!
WARNING: Number of threads seems too high for short alignments. Use -nt AUTO to determine best number of threads.
Estimate model parameters (epsilon = 0.100)
1. Initial log-likelihood: -5904.012
2. Current log-likelihood: -5519.992
3. Current log-likelihood: -5515.744
Optimal log-likelihood: -5515.659
Rate parameters:  A-C: 1.34006  A-G: 3.91758  A-T: 1.19406  C-G: 0.96875  C-T: 7.72506  G-T: 1.00000
Base frequencies:  A: 0.276  C: 0.197  G: 0.238  T: 0.289
Gamma shape alpha: 0.241
Parameters optimization took 3 rounds (0.039 sec)
Computing ML distances based on estimated model parameters... 0.001 sec
Computing BIONJ tree...
0.002 seconds
Log-likelihood of BIONJ tree: -5516.963
--------------------------------------------------------------------
|             INITIALIZING CANDIDATE TREE SET                      |
--------------------------------------------------------------------
Generating 98 parsimony trees... 0.067 second
Computing log-likelihood of 97 initial trees ... 0.390 seconds
Current best score: -5515.659

Do NNI search on 20 best initial trees
Estimate model parameters (epsilon = 0.100)
BETTER TREE FOUND at iteration 1: -5515.600
Iteration 10 / LogL: -5515.699 / Time: 0h:0m:0s
Iteration 20 / LogL: -5515.616 / Time: 0h:0m:1s
Finish initializing candidate tree set (2)
Current best tree score: -5515.600 / CPU time: 0.975
Number of iterations: 20
--------------------------------------------------------------------
|               OPTIMIZING CANDIDATE TREE SET                      |
--------------------------------------------------------------------
Iteration 30 / LogL: -5515.696 / Time: 0h:0m:1s (0h:0m:3s left)
Iteration 40 / LogL: -5515.737 / Time: 0h:0m:1s (0h:0m:2s left)
Iteration 50 / LogL: -5515.655 / Time: 0h:0m:2s (0h:0m:2s left)
Iteration 60 / LogL: -5515.601 / Time: 0h:0m:2s (0h:0m:1s left)
Iteration 70 / LogL: -5515.601 / Time: 0h:0m:2s (0h:0m:1s left)
UPDATE BEST LOG-LIKELIHOOD: -5515.600
Iteration 80 / LogL: -5515.661 / Time: 0h:0m:3s (0h:0m:0s left)
Iteration 90 / LogL: -5515.608 / Time: 0h:0m:3s (0h:0m:0s left)
Iteration 100 / LogL: -5515.684 / Time: 0h:0m:4s (0h:0m:0s left)
TREE SEARCH COMPLETED AFTER 102 ITERATIONS / Time: 0h:0m:4s

--------------------------------------------------------------------
|                    FINALIZING TREE SEARCH                        |
--------------------------------------------------------------------
Performs final model parameters optimization
Estimate model parameters (epsilon = 0.010)
1. Initial log-likelihood: -5515.600
Optimal log-likelihood: -5515.600
Rate parameters:  A-C: 1.34294  A-G: 3.92283  A-T: 1.20331  C-G: 0.95555  C-T: 7.79373  G-T: 1.00000
Base frequencies:  A: 0.276  C: 0.197  G: 0.238  T: 0.289
Gamma shape alpha: 0.242
Parameters optimization took 1 rounds (0.004 sec)
BEST SCORE FOUND : -5515.600

Testing tree branches by SH-like aLRT with 1000 replicates...
0.067 sec.
Total tree length: 1.194

Total number of iterations: 102
CPU time used for tree search: 3.867 sec (0h:0m:3s)
Wall-clock time used for tree search: 4.092 sec (0h:0m:4s)
Total CPU time used: 4.165 sec (0h:0m:4s)
Total wall-clock time used: 4.220 sec (0h:0m:4s)

Analysis results written to: 
  IQ-TREE report:                cluster3725rr.1to1ortho.fa.aln-cln_gene338.fa.iqtree
  Maximum-likelihood tree:       cluster3725rr.1to1ortho.fa.aln-cln_gene338.fa.treefile
  Likelihood distances:          cluster3725rr.1to1ortho.fa.aln-cln_gene338.fa.mldist
  Screen log file:               cluster3725rr.1to1ortho.fa.aln-cln_gene338.fa.log

Date and Time: Mon Nov 25 10:35:39 2019
