IQ-TREE multicore version 1.6.11 for Mac OS X 64-bit built Jul 12 2019
Developed by Bui Quang Minh, Nguyen Lam Tung, Olga Chernomor,
Heiko Schmidt, Dominik Schrempf, Michael Woodhams.

Host:    slpc437 (AVX2, FMA3, 16 GB RAM)
Command: iqtree -s cluster1925rr.1to1ortho.fa.aln-cln_gene227.fa -nt 4 -m GTR+G -alrt 1000
Seed:    581741 (Using SPRNG - Scalable Parallel Random Number Generator)
Time:    Mon Nov 25 09:52:16 2019
Kernel:  AVX+FMA - 4 threads (6 CPU cores detected)

Reading alignment file cluster1925rr.1to1ortho.fa.aln-cln_gene227.fa ... Fasta format detected
Alignment most likely contains DNA/RNA sequences
Alignment has 13 sequences with 1053 columns, 441 distinct patterns
335 parsimony-informative, 133 singleton sites, 585 constant sites
           Gap/Ambiguity  Composition  p-value
   1  DrolusSFB    1.80%    passed     99.32%
   2  Dino         0.00%    passed     99.47%
   3  MJM3360     14.53%    passed     91.62%
   4  DrobinSFB    0.00%    passed     87.05%
   5  Neam         0.00%    passed     84.16%
   6  RuprSFB      0.19%    passed     92.42%
   7  Retr         1.42%    passed     65.48%
   8  Beta         1.42%    passed     58.41%
   9  Spol         2.28%    passed     90.94%
  10  MJM1652      0.57%    passed     79.19%
  11  NepSFB       0.00%    passed     79.35%
  12  WPYJ         1.71%    passed     92.54%
  13  MJM2940      0.00%    passed     99.61%
****  TOTAL        1.84%  0 sequences failed composition chi2 test (p-value<5%; df=3)

Create initial parsimony tree by phylogenetic likelihood library (PLL)... 0.001 seconds

NOTE: 0 MB RAM (0 GB) is required!
Estimate model parameters (epsilon = 0.100)
1. Initial log-likelihood: -6762.368
2. Current log-likelihood: -6426.774
3. Current log-likelihood: -6422.193
Optimal log-likelihood: -6422.096
Rate parameters:  A-C: 2.38029  A-G: 5.40849  A-T: 2.66667  C-G: 2.09186  C-T: 10.42043  G-T: 1.00000
Base frequencies:  A: 0.261  C: 0.193  G: 0.278  T: 0.268
Gamma shape alpha: 0.337
Parameters optimization took 3 rounds (0.035 sec)
Computing ML distances based on estimated model parameters... 0.001 sec
Computing BIONJ tree...
0.002 seconds
Log-likelihood of BIONJ tree: -6421.613
--------------------------------------------------------------------
|             INITIALIZING CANDIDATE TREE SET                      |
--------------------------------------------------------------------
Generating 98 parsimony trees... 0.070 second
Computing log-likelihood of 98 initial trees ... 0.397 seconds
Current best score: -6421.613

Do NNI search on 20 best initial trees
Estimate model parameters (epsilon = 0.100)
BETTER TREE FOUND at iteration 1: -6421.574
Iteration 10 / LogL: -6421.869 / Time: 0h:0m:0s
Iteration 20 / LogL: -6421.654 / Time: 0h:0m:1s
Finish initializing candidate tree set (1)
Current best tree score: -6421.574 / CPU time: 0.972
Number of iterations: 20
--------------------------------------------------------------------
|               OPTIMIZING CANDIDATE TREE SET                      |
--------------------------------------------------------------------
Iteration 30 / LogL: -6421.719 / Time: 0h:0m:1s (0h:0m:3s left)
UPDATE BEST LOG-LIKELIHOOD: -6421.574
Iteration 40 / LogL: -6421.605 / Time: 0h:0m:1s (0h:0m:2s left)
Iteration 50 / LogL: -6421.684 / Time: 0h:0m:2s (0h:0m:2s left)
Iteration 60 / LogL: -6422.281 / Time: 0h:0m:2s (0h:0m:1s left)
Iteration 70 / LogL: -6421.680 / Time: 0h:0m:2s (0h:0m:1s left)
Iteration 80 / LogL: -6421.615 / Time: 0h:0m:3s (0h:0m:0s left)
Iteration 90 / LogL: -6421.582 / Time: 0h:0m:3s (0h:0m:0s left)
Iteration 100 / LogL: -6421.838 / Time: 0h:0m:4s (0h:0m:0s left)
TREE SEARCH COMPLETED AFTER 102 ITERATIONS / Time: 0h:0m:4s

--------------------------------------------------------------------
|                    FINALIZING TREE SEARCH                        |
--------------------------------------------------------------------
Performs final model parameters optimization
Estimate model parameters (epsilon = 0.010)
1. Initial log-likelihood: -6421.574
Optimal log-likelihood: -6421.572
Rate parameters:  A-C: 2.32612  A-G: 5.39566  A-T: 2.66458  C-G: 2.04171  C-T: 10.45397  G-T: 1.00000
Base frequencies:  A: 0.261  C: 0.193  G: 0.278  T: 0.268
Gamma shape alpha: 0.339
Parameters optimization took 1 rounds (0.004 sec)
BEST SCORE FOUND : -6421.572

Testing tree branches by SH-like aLRT with 1000 replicates...
0.067 sec.
Total tree length: 1.540

Total number of iterations: 102
CPU time used for tree search: 4.106 sec (0h:0m:4s)
Wall-clock time used for tree search: 4.053 sec (0h:0m:4s)
Total CPU time used: 4.405 sec (0h:0m:4s)
Total wall-clock time used: 4.179 sec (0h:0m:4s)

Analysis results written to: 
  IQ-TREE report:                cluster1925rr.1to1ortho.fa.aln-cln_gene227.fa.iqtree
  Maximum-likelihood tree:       cluster1925rr.1to1ortho.fa.aln-cln_gene227.fa.treefile
  Likelihood distances:          cluster1925rr.1to1ortho.fa.aln-cln_gene227.fa.mldist
  Screen log file:               cluster1925rr.1to1ortho.fa.aln-cln_gene227.fa.log

Date and Time: Mon Nov 25 09:52:20 2019
