IQ-TREE multicore version 1.6.11 for Mac OS X 64-bit built Jul 12 2019
Developed by Bui Quang Minh, Nguyen Lam Tung, Olga Chernomor,
Heiko Schmidt, Dominik Schrempf, Michael Woodhams.

Host:    slpc437 (AVX2, FMA3, 16 GB RAM)
Command: iqtree -s cluster4920rr.1to1ortho.fa.aln-cln_gene412.fa -nt 4 -m GTR+G -alrt 1000
Seed:    463913 (Using SPRNG - Scalable Parallel Random Number Generator)
Time:    Mon Nov 25 11:01:25 2019
Kernel:  AVX+FMA - 4 threads (6 CPU cores detected)

Reading alignment file cluster4920rr.1to1ortho.fa.aln-cln_gene412.fa ... Fasta format detected
Alignment most likely contains DNA/RNA sequences
Alignment has 13 sequences with 1338 columns, 543 distinct patterns
399 parsimony-informative, 174 singleton sites, 765 constant sites
           Gap/Ambiguity  Composition  p-value
   1  DrolusSFB    0.00%    passed     98.87%
   2  Dino         0.00%    passed     64.09%
   3  MJM3360      0.00%    passed     97.36%
   4  DrobinSFB    2.02%    passed     98.65%
   5  Neam         0.00%    passed     92.68%
   6  RuprSFB      0.45%    passed     78.76%
   7  Retr         0.22%    passed     57.33%
   8  Beta         0.00%    passed     76.52%
   9  Spol         9.42%    passed     64.78%
  10  MJM1652      0.00%    passed     79.50%
  11  NepSFB       0.00%    passed     97.24%
  12  WPYJ        44.39%    passed     95.41%
  13  MJM2940      0.00%    passed     97.10%
****  TOTAL        4.35%  0 sequences failed composition chi2 test (p-value<5%; df=3)

Create initial parsimony tree by phylogenetic likelihood library (PLL)... 0.001 seconds

NOTE: 0 MB RAM (0 GB) is required!
Estimate model parameters (epsilon = 0.100)
1. Initial log-likelihood: -7849.333
2. Current log-likelihood: -7498.550
3. Current log-likelihood: -7495.235
Optimal log-likelihood: -7495.192
Rate parameters:  A-C: 1.31497  A-G: 3.76503  A-T: 1.86915  C-G: 0.98501  C-T: 6.78850  G-T: 1.00000
Base frequencies:  A: 0.285  C: 0.191  G: 0.252  T: 0.271
Gamma shape alpha: 0.371
Parameters optimization took 3 rounds (0.036 sec)
Computing ML distances based on estimated model parameters... 0.001 sec
Computing BIONJ tree...
0.002 seconds
Log-likelihood of BIONJ tree: -7495.191
--------------------------------------------------------------------
|             INITIALIZING CANDIDATE TREE SET                      |
--------------------------------------------------------------------
Generating 99 parsimony trees... 0.077 second
Computing log-likelihood of 99 initial trees ... 0.421 seconds
Current best score: -7495.191

Do NNI search on 20 best initial trees
Estimate model parameters (epsilon = 0.100)
BETTER TREE FOUND at iteration 1: -7493.778
Iteration 10 / LogL: -7493.828 / Time: 0h:0m:0s
Iteration 20 / LogL: -7493.982 / Time: 0h:0m:1s
Finish initializing candidate tree set (2)
Current best tree score: -7493.778 / CPU time: 0.992
Number of iterations: 20
--------------------------------------------------------------------
|               OPTIMIZING CANDIDATE TREE SET                      |
--------------------------------------------------------------------
Iteration 30 / LogL: -7493.782 / Time: 0h:0m:1s (0h:0m:3s left)
Iteration 40 / LogL: -7493.778 / Time: 0h:0m:1s (0h:0m:2s left)
Iteration 50 / LogL: -7493.779 / Time: 0h:0m:2s (0h:0m:2s left)
Iteration 60 / LogL: -7493.780 / Time: 0h:0m:2s (0h:0m:1s left)
Iteration 70 / LogL: -7493.811 / Time: 0h:0m:3s (0h:0m:1s left)
Iteration 80 / LogL: -7493.802 / Time: 0h:0m:3s (0h:0m:0s left)
Iteration 90 / LogL: -7497.888 / Time: 0h:0m:3s (0h:0m:0s left)
Iteration 100 / LogL: -7493.830 / Time: 0h:0m:4s (0h:0m:0s left)
TREE SEARCH COMPLETED AFTER 102 ITERATIONS / Time: 0h:0m:4s

--------------------------------------------------------------------
|                    FINALIZING TREE SEARCH                        |
--------------------------------------------------------------------
Performs final model parameters optimization
Estimate model parameters (epsilon = 0.010)
1. Initial log-likelihood: -7493.778
Optimal log-likelihood: -7493.776
Rate parameters:  A-C: 1.31026  A-G: 3.76625  A-T: 1.88373  C-G: 0.98521  C-T: 6.84317  G-T: 1.00000
Base frequencies:  A: 0.285  C: 0.191  G: 0.252  T: 0.271
Gamma shape alpha: 0.371
Parameters optimization took 1 rounds (0.005 sec)
BEST SCORE FOUND : -7493.776

Testing tree branches by SH-like aLRT with 1000 replicates...
0.081 sec.
Total tree length: 1.241

Total number of iterations: 102
CPU time used for tree search: 4.741 sec (0h:0m:4s)
Wall-clock time used for tree search: 4.349 sec (0h:0m:4s)
Total CPU time used: 5.101 sec (0h:0m:5s)
Total wall-clock time used: 4.489 sec (0h:0m:4s)

Analysis results written to: 
  IQ-TREE report:                cluster4920rr.1to1ortho.fa.aln-cln_gene412.fa.iqtree
  Maximum-likelihood tree:       cluster4920rr.1to1ortho.fa.aln-cln_gene412.fa.treefile
  Likelihood distances:          cluster4920rr.1to1ortho.fa.aln-cln_gene412.fa.mldist
  Screen log file:               cluster4920rr.1to1ortho.fa.aln-cln_gene412.fa.log

Date and Time: Mon Nov 25 11:01:29 2019
