IQ-TREE multicore version 1.6.11 for Mac OS X 64-bit built Jul 12 2019
Developed by Bui Quang Minh, Nguyen Lam Tung, Olga Chernomor,
Heiko Schmidt, Dominik Schrempf, Michael Woodhams.

Host:    slpc437 (AVX2, FMA3, 16 GB RAM)
Command: iqtree -s cluster5570rr.1to1ortho.fa.aln-cln_gene844.fa -nt 4 -m GTR+G -alrt 1000
Seed:    115131 (Using SPRNG - Scalable Parallel Random Number Generator)
Time:    Mon Nov 25 11:10:00 2019
Kernel:  AVX+FMA - 4 threads (6 CPU cores detected)

Reading alignment file cluster5570rr.1to1ortho.fa.aln-cln_gene844.fa ... Fasta format detected
Alignment most likely contains DNA/RNA sequences
Alignment has 13 sequences with 1231 columns, 621 distinct patterns
412 parsimony-informative, 212 singleton sites, 607 constant sites
           Gap/Ambiguity  Composition  p-value
   1  DrolusSFB   28.76%    passed     89.47%
   2  Dino         3.49%    passed     97.47%
   3  MJM3360     38.34%    passed     29.06%
   4  DrobinSFB    7.80%    passed     69.27%
   5  Neam         0.00%    passed     93.40%
   6  RuprSFB      9.42%    passed     72.07%
   7  Retr         3.33%    passed     59.15%
   8  Beta        38.67%    passed     28.05%
   9  Spol         4.55%    passed     79.91%
  10  MJM1652      4.39%    passed     95.45%
  11  NepSFB       0.00%    passed     95.12%
  12  WPYJ        30.63%    passed     99.29%
  13  MJM2940      0.00%    passed     89.67%
****  TOTAL       13.03%  0 sequences failed composition chi2 test (p-value<5%; df=3)

Create initial parsimony tree by phylogenetic likelihood library (PLL)... 0.001 seconds

NOTE: 1 MB RAM (0 GB) is required!
Estimate model parameters (epsilon = 0.100)
1. Initial log-likelihood: -7698.530
2. Current log-likelihood: -7405.259
3. Current log-likelihood: -7402.549
Optimal log-likelihood: -7402.527
Rate parameters:  A-C: 1.18440  A-G: 4.45664  A-T: 2.31901  C-G: 1.65722  C-T: 5.45190  G-T: 1.00000
Base frequencies:  A: 0.263  C: 0.214  G: 0.223  T: 0.300
Gamma shape alpha: 0.493
Parameters optimization took 3 rounds (0.037 sec)
Computing ML distances based on estimated model parameters... 0.001 sec
Computing BIONJ tree...
0.002 seconds
Log-likelihood of BIONJ tree: -7402.526
--------------------------------------------------------------------
|             INITIALIZING CANDIDATE TREE SET                      |
--------------------------------------------------------------------
Generating 99 parsimony trees... 0.091 second
Computing log-likelihood of 98 initial trees ... 0.441 seconds
Current best score: -7402.526

Do NNI search on 20 best initial trees
Estimate model parameters (epsilon = 0.100)
BETTER TREE FOUND at iteration 1: -7402.526
Iteration 10 / LogL: -7402.621 / Time: 0h:0m:0s
Iteration 20 / LogL: -7402.530 / Time: 0h:0m:1s
Finish initializing candidate tree set (1)
Current best tree score: -7402.526 / CPU time: 1.037
Number of iterations: 20
--------------------------------------------------------------------
|               OPTIMIZING CANDIDATE TREE SET                      |
--------------------------------------------------------------------
Iteration 30 / LogL: -7402.543 / Time: 0h:0m:1s (0h:0m:3s left)
Iteration 40 / LogL: -7403.474 / Time: 0h:0m:1s (0h:0m:2s left)
Iteration 50 / LogL: -7402.534 / Time: 0h:0m:2s (0h:0m:2s left)
Iteration 60 / LogL: -7402.569 / Time: 0h:0m:2s (0h:0m:1s left)
Iteration 70 / LogL: -7402.566 / Time: 0h:0m:2s (0h:0m:1s left)
Iteration 80 / LogL: -7403.018 / Time: 0h:0m:3s (0h:0m:0s left)
Iteration 90 / LogL: -7403.041 / Time: 0h:0m:3s (0h:0m:0s left)
UPDATE BEST LOG-LIKELIHOOD: -7402.526
Iteration 100 / LogL: -7402.934 / Time: 0h:0m:4s (0h:0m:0s left)
TREE SEARCH COMPLETED AFTER 102 ITERATIONS / Time: 0h:0m:4s

--------------------------------------------------------------------
|                    FINALIZING TREE SEARCH                        |
--------------------------------------------------------------------
Performs final model parameters optimization
Estimate model parameters (epsilon = 0.010)
1. Initial log-likelihood: -7402.526
Optimal log-likelihood: -7402.526
Rate parameters:  A-C: 1.18588  A-G: 4.45676  A-T: 2.31926  C-G: 1.65664  C-T: 5.45568  G-T: 1.00000
Base frequencies:  A: 0.263  C: 0.214  G: 0.223  T: 0.300
Gamma shape alpha: 0.493
Parameters optimization took 1 rounds (0.004 sec)
BEST SCORE FOUND : -7402.526

Testing tree branches by SH-like aLRT with 1000 replicates...
0.078 sec.
Total tree length: 1.719

Total number of iterations: 102
CPU time used for tree search: 4.704 sec (0h:0m:4s)
Wall-clock time used for tree search: 4.114 sec (0h:0m:4s)
Total CPU time used: 5.060 sec (0h:0m:5s)
Total wall-clock time used: 4.254 sec (0h:0m:4s)

Analysis results written to: 
  IQ-TREE report:                cluster5570rr.1to1ortho.fa.aln-cln_gene844.fa.iqtree
  Maximum-likelihood tree:       cluster5570rr.1to1ortho.fa.aln-cln_gene844.fa.treefile
  Likelihood distances:          cluster5570rr.1to1ortho.fa.aln-cln_gene844.fa.mldist
  Screen log file:               cluster5570rr.1to1ortho.fa.aln-cln_gene844.fa.log

Date and Time: Mon Nov 25 11:10:04 2019
