IQ-TREE multicore version 1.6.11 for Mac OS X 64-bit built Jul 12 2019
Developed by Bui Quang Minh, Nguyen Lam Tung, Olga Chernomor,
Heiko Schmidt, Dominik Schrempf, Michael Woodhams.

Host:    slpc437 (AVX2, FMA3, 16 GB RAM)
Command: iqtree -s cluster3837rr.1to1ortho.fa.aln-cln_gene779.fa -nt 4 -m GTR+G -alrt 1000
Seed:    430946 (Using SPRNG - Scalable Parallel Random Number Generator)
Time:    Mon Nov 25 10:38:20 2019
Kernel:  AVX+FMA - 4 threads (6 CPU cores detected)

Reading alignment file cluster3837rr.1to1ortho.fa.aln-cln_gene779.fa ... Fasta format detected
Alignment most likely contains DNA/RNA sequences
Alignment has 13 sequences with 1668 columns, 793 distinct patterns
603 parsimony-informative, 234 singleton sites, 831 constant sites
           Gap/Ambiguity  Composition  p-value
   1  DrolusSFB   11.69%    passed     10.53%
   2  Dino        30.34%    passed     35.31%
   3  MJM3360     13.25%    passed     97.10%
   4  DrobinSFB   11.93%    passed      7.88%
   5  Neam         0.36%    passed     23.25%
   6  RuprSFB     18.71%    passed     15.44%
   7  Retr         2.16%    passed     75.57%
   8  Beta         2.94%    passed     29.41%
   9  Spol         2.94%    passed     36.85%
  10  MJM1652      9.05%    passed     85.01%
  11  NepSFB       0.42%    passed     23.33%
  12  WPYJ         3.48%    passed     44.10%
  13  MJM2940      8.87%    passed     81.38%
****  TOTAL        8.93%  0 sequences failed composition chi2 test (p-value<5%; df=3)

Create initial parsimony tree by phylogenetic likelihood library (PLL)... 0.001 seconds

NOTE: 1 MB RAM (0 GB) is required!
Estimate model parameters (epsilon = 0.100)
1. Initial log-likelihood: -10874.465
2. Current log-likelihood: -10415.522
3. Current log-likelihood: -10412.291
Optimal log-likelihood: -10412.236
Rate parameters:  A-C: 1.51390  A-G: 4.18810  A-T: 1.74694  C-G: 0.96620  C-T: 5.71543  G-T: 1.00000
Base frequencies:  A: 0.264  C: 0.215  G: 0.249  T: 0.272
Gamma shape alpha: 0.462
Parameters optimization took 3 rounds (0.081 sec)
Computing ML distances based on estimated model parameters... 0.002 sec
Computing BIONJ tree...
0.002 seconds
Log-likelihood of BIONJ tree: -10421.897
--------------------------------------------------------------------
|             INITIALIZING CANDIDATE TREE SET                      |
--------------------------------------------------------------------
Generating 98 parsimony trees... 0.094 second
Computing log-likelihood of 98 initial trees ... 0.457 seconds
Current best score: -10412.236

Do NNI search on 20 best initial trees
Estimate model parameters (epsilon = 0.100)
BETTER TREE FOUND at iteration 1: -10408.778
Iteration 10 / LogL: -10408.781 / Time: 0h:0m:0s
Iteration 20 / LogL: -10408.822 / Time: 0h:0m:1s
Finish initializing candidate tree set (2)
Current best tree score: -10408.778 / CPU time: 1.173
Number of iterations: 20
--------------------------------------------------------------------
|               OPTIMIZING CANDIDATE TREE SET                      |
--------------------------------------------------------------------
Iteration 30 / LogL: -10408.807 / Time: 0h:0m:1s (0h:0m:4s left)
Iteration 40 / LogL: -10408.968 / Time: 0h:0m:2s (0h:0m:3s left)
Iteration 50 / LogL: -10409.794 / Time: 0h:0m:2s (0h:0m:2s left)
UPDATE BEST LOG-LIKELIHOOD: -10408.777
Iteration 60 / LogL: -10421.919 / Time: 0h:0m:3s (0h:0m:2s left)
Iteration 70 / LogL: -10408.785 / Time: 0h:0m:3s (0h:0m:1s left)
Iteration 80 / LogL: -10408.803 / Time: 0h:0m:4s (0h:0m:1s left)
Iteration 90 / LogL: -10408.892 / Time: 0h:0m:4s (0h:0m:0s left)
Iteration 100 / LogL: -10422.113 / Time: 0h:0m:4s (0h:0m:0s left)
TREE SEARCH COMPLETED AFTER 102 ITERATIONS / Time: 0h:0m:4s

--------------------------------------------------------------------
|                    FINALIZING TREE SEARCH                        |
--------------------------------------------------------------------
Performs final model parameters optimization
Estimate model parameters (epsilon = 0.010)
1. Initial log-likelihood: -10408.777
Optimal log-likelihood: -10408.776
Rate parameters:  A-C: 1.49024  A-G: 4.18355  A-T: 1.72376  C-G: 0.94762  C-T: 5.73991  G-T: 1.00000
Base frequencies:  A: 0.264  C: 0.215  G: 0.249  T: 0.272
Gamma shape alpha: 0.461
Parameters optimization took 1 rounds (0.006 sec)
BEST SCORE FOUND : -10408.776

Testing tree branches by SH-like aLRT with 1000 replicates...
0.099 sec.
Total tree length: 1.707

Total number of iterations: 102
CPU time used for tree search: 6.135 sec (0h:0m:6s)
Wall-clock time used for tree search: 4.892 sec (0h:0m:4s)
Total CPU time used: 6.692 sec (0h:0m:6s)
Total wall-clock time used: 5.099 sec (0h:0m:5s)

Analysis results written to: 
  IQ-TREE report:                cluster3837rr.1to1ortho.fa.aln-cln_gene779.fa.iqtree
  Maximum-likelihood tree:       cluster3837rr.1to1ortho.fa.aln-cln_gene779.fa.treefile
  Likelihood distances:          cluster3837rr.1to1ortho.fa.aln-cln_gene779.fa.mldist
  Screen log file:               cluster3837rr.1to1ortho.fa.aln-cln_gene779.fa.log

Date and Time: Mon Nov 25 10:38:25 2019
