IQ-TREE multicore version 1.6.11 for Mac OS X 64-bit built Jul 12 2019
Developed by Bui Quang Minh, Nguyen Lam Tung, Olga Chernomor,
Heiko Schmidt, Dominik Schrempf, Michael Woodhams.

Host:    slpc437 (AVX2, FMA3, 16 GB RAM)
Command: iqtree -s cluster2027rr.1to1ortho.fa.aln-cln_gene479.fa -nt 4 -m GTR+G -alrt 1000
Seed:    371624 (Using SPRNG - Scalable Parallel Random Number Generator)
Time:    Mon Nov 25 09:54:16 2019
Kernel:  AVX+FMA - 4 threads (6 CPU cores detected)

Reading alignment file cluster2027rr.1to1ortho.fa.aln-cln_gene479.fa ... Fasta format detected
Alignment most likely contains DNA/RNA sequences
Alignment has 13 sequences with 1708 columns, 716 distinct patterns
617 parsimony-informative, 258 singleton sites, 833 constant sites
           Gap/Ambiguity  Composition  p-value
   1  DrolusSFB    7.14%    passed     73.73%
   2  Dino         0.18%    passed     52.29%
   3  MJM3360      7.90%    passed     71.57%
   4  DrobinSFB    7.79%    passed     54.14%
   5  Neam         0.94%    passed     95.20%
   6  RuprSFB      6.38%    passed     61.75%
   7  Retr        14.11%    passed     94.93%
   8  Beta         6.21%    passed     84.26%
   9  Spol         6.21%    passed     93.78%
  10  MJM1652      0.41%    passed     63.52%
  11  NepSFB       0.94%    passed     94.87%
  12  WPYJ         6.38%    passed     68.57%
  13  MJM2940      7.38%    passed     40.80%
****  TOTAL        5.54%  0 sequences failed composition chi2 test (p-value<5%; df=3)

Create initial parsimony tree by phylogenetic likelihood library (PLL)... 0.001 seconds

NOTE: 1 MB RAM (0 GB) is required!
Estimate model parameters (epsilon = 0.100)
1. Initial log-likelihood: -11229.370
2. Current log-likelihood: -10844.341
3. Current log-likelihood: -10841.640
Optimal log-likelihood: -10841.607
Rate parameters:  A-C: 1.56997  A-G: 4.16279  A-T: 1.52825  C-G: 1.61281  C-T: 5.78872  G-T: 1.00000
Base frequencies:  A: 0.284  C: 0.176  G: 0.262  T: 0.278
Gamma shape alpha: 0.506
Parameters optimization took 3 rounds (0.052 sec)
Computing ML distances based on estimated model parameters... 0.001 sec
Computing BIONJ tree...
0.002 seconds
Log-likelihood of BIONJ tree: -10839.394
--------------------------------------------------------------------
|             INITIALIZING CANDIDATE TREE SET                      |
--------------------------------------------------------------------
Generating 98 parsimony trees... 0.098 second
Computing log-likelihood of 98 initial trees ... 0.433 seconds
Current best score: -10839.394

Do NNI search on 20 best initial trees
Estimate model parameters (epsilon = 0.100)
BETTER TREE FOUND at iteration 1: -10839.384
Iteration 10 / LogL: -10839.437 / Time: 0h:0m:0s
Iteration 20 / LogL: -10839.408 / Time: 0h:0m:1s
Finish initializing candidate tree set (1)
Current best tree score: -10839.384 / CPU time: 1.150
Number of iterations: 20
--------------------------------------------------------------------
|               OPTIMIZING CANDIDATE TREE SET                      |
--------------------------------------------------------------------
Iteration 30 / LogL: -10840.184 / Time: 0h:0m:1s (0h:0m:3s left)
Iteration 40 / LogL: -10839.389 / Time: 0h:0m:2s (0h:0m:3s left)
UPDATE BEST LOG-LIKELIHOOD: -10839.384
Iteration 50 / LogL: -10839.399 / Time: 0h:0m:2s (0h:0m:2s left)
Iteration 60 / LogL: -10839.454 / Time: 0h:0m:2s (0h:0m:1s left)
Iteration 70 / LogL: -10839.403 / Time: 0h:0m:3s (0h:0m:1s left)
UPDATE BEST LOG-LIKELIHOOD: -10839.384
Iteration 80 / LogL: -10839.414 / Time: 0h:0m:3s (0h:0m:0s left)
Iteration 90 / LogL: -10839.417 / Time: 0h:0m:3s (0h:0m:0s left)
Iteration 100 / LogL: -10839.440 / Time: 0h:0m:4s (0h:0m:0s left)
TREE SEARCH COMPLETED AFTER 102 ITERATIONS / Time: 0h:0m:4s

--------------------------------------------------------------------
|                    FINALIZING TREE SEARCH                        |
--------------------------------------------------------------------
Performs final model parameters optimization
Estimate model parameters (epsilon = 0.010)
1. Initial log-likelihood: -10839.384
Optimal log-likelihood: -10839.383
Rate parameters:  A-C: 1.56086  A-G: 4.15900  A-T: 1.54438  C-G: 1.61574  C-T: 5.79175  G-T: 1.00000
Base frequencies:  A: 0.284  C: 0.176  G: 0.262  T: 0.278
Gamma shape alpha: 0.506
Parameters optimization took 1 rounds (0.005 sec)
BEST SCORE FOUND : -10839.383

Testing tree branches by SH-like aLRT with 1000 replicates...
0.109 sec.
Total tree length: 1.599

Total number of iterations: 102
CPU time used for tree search: 5.297 sec (0h:0m:5s)
Wall-clock time used for tree search: 4.422 sec (0h:0m:4s)
Total CPU time used: 5.778 sec (0h:0m:5s)
Total wall-clock time used: 4.608 sec (0h:0m:4s)

Analysis results written to: 
  IQ-TREE report:                cluster2027rr.1to1ortho.fa.aln-cln_gene479.fa.iqtree
  Maximum-likelihood tree:       cluster2027rr.1to1ortho.fa.aln-cln_gene479.fa.treefile
  Likelihood distances:          cluster2027rr.1to1ortho.fa.aln-cln_gene479.fa.mldist
  Screen log file:               cluster2027rr.1to1ortho.fa.aln-cln_gene479.fa.log

Date and Time: Mon Nov 25 09:54:20 2019
