IQ-TREE multicore version 1.6.11 for Mac OS X 64-bit built Jul 12 2019
Developed by Bui Quang Minh, Nguyen Lam Tung, Olga Chernomor,
Heiko Schmidt, Dominik Schrempf, Michael Woodhams.

Host:    slpc437 (AVX2, FMA3, 16 GB RAM)
Command: iqtree -s cluster672rr.1to1ortho.fa.aln-cln_gene218.fa -nt 4 -m GTR+G -alrt 1000
Seed:    373134 (Using SPRNG - Scalable Parallel Random Number Generator)
Time:    Mon Nov 25 11:11:54 2019
Kernel:  AVX+FMA - 4 threads (6 CPU cores detected)

Reading alignment file cluster672rr.1to1ortho.fa.aln-cln_gene218.fa ... Fasta format detected
Alignment most likely contains DNA/RNA sequences
Alignment has 13 sequences with 973 columns, 489 distinct patterns
337 parsimony-informative, 136 singleton sites, 500 constant sites
           Gap/Ambiguity  Composition  p-value
   1  DrolusSFB    3.49%    passed     76.38%
   2  Dino         1.64%    passed     81.53%
   3  MJM3360      4.42%    passed     81.19%
   4  DrobinSFB    2.36%    passed     86.22%
   5  Neam         0.41%    passed     87.18%
   6  RuprSFB      1.03%    passed     65.28%
   7  Retr         8.12%    passed     60.73%
   8  Beta         5.86%    passed     85.45%
   9  Spol         5.86%    passed     80.91%
  10  MJM1652      2.36%    passed     61.69%
  11  NepSFB       0.41%    passed     92.59%
  12  WPYJ        61.15%    passed      5.61%
  13  MJM2940      3.49%    passed     78.37%
WARNING: 1 sequences contain more than 50% gaps/ambiguity
****  TOTAL        7.74%  0 sequences failed composition chi2 test (p-value<5%; df=3)

Create initial parsimony tree by phylogenetic likelihood library (PLL)... 0.001 seconds

NOTE: 0 MB RAM (0 GB) is required!
Estimate model parameters (epsilon = 0.100)
1. Initial log-likelihood: -6313.146
2. Current log-likelihood: -6066.658
3. Current log-likelihood: -6063.653
Optimal log-likelihood: -6063.609
Rate parameters:  A-C: 1.26314  A-G: 3.39280  A-T: 0.98293  C-G: 0.82905  C-T: 4.09808  G-T: 1.00000
Base frequencies:  A: 0.254  C: 0.207  G: 0.232  T: 0.307
Gamma shape alpha: 0.428
Parameters optimization took 3 rounds (0.031 sec)
Computing ML distances based on estimated model parameters... 0.001 sec
Computing BIONJ tree...
0.003 seconds
Log-likelihood of BIONJ tree: -6074.216
--------------------------------------------------------------------
|             INITIALIZING CANDIDATE TREE SET                      |
--------------------------------------------------------------------
Generating 98 parsimony trees... 0.076 second
Computing log-likelihood of 98 initial trees ... 0.417 seconds
Current best score: -6063.609

Do NNI search on 20 best initial trees
Estimate model parameters (epsilon = 0.100)
BETTER TREE FOUND at iteration 1: -6063.608
Iteration 10 / LogL: -6063.624 / Time: 0h:0m:0s
Iteration 20 / LogL: -6064.030 / Time: 0h:0m:1s
Finish initializing candidate tree set (4)
Current best tree score: -6063.608 / CPU time: 1.049
Number of iterations: 20
--------------------------------------------------------------------
|               OPTIMIZING CANDIDATE TREE SET                      |
--------------------------------------------------------------------
UPDATE BEST LOG-LIKELIHOOD: -6063.608
Iteration 30 / LogL: -6092.312 / Time: 0h:0m:1s (0h:0m:3s left)
Iteration 40 / LogL: -6063.669 / Time: 0h:0m:2s (0h:0m:3s left)
Iteration 50 / LogL: -6063.656 / Time: 0h:0m:2s (0h:0m:2s left)
Iteration 60 / LogL: -6070.470 / Time: 0h:0m:2s (0h:0m:2s left)
Iteration 70 / LogL: -6091.393 / Time: 0h:0m:3s (0h:0m:1s left)
Iteration 80 / LogL: -6091.400 / Time: 0h:0m:3s (0h:0m:1s left)
Iteration 90 / LogL: -6063.655 / Time: 0h:0m:4s (0h:0m:0s left)
Iteration 100 / LogL: -6063.613 / Time: 0h:0m:4s (0h:0m:0s left)
TREE SEARCH COMPLETED AFTER 102 ITERATIONS / Time: 0h:0m:4s

--------------------------------------------------------------------
|                    FINALIZING TREE SEARCH                        |
--------------------------------------------------------------------
Performs final model parameters optimization
Estimate model parameters (epsilon = 0.010)
1. Initial log-likelihood: -6063.608
Optimal log-likelihood: -6063.607
Rate parameters:  A-C: 1.26164  A-G: 3.39846  A-T: 0.98694  C-G: 0.83236  C-T: 4.10627  G-T: 1.00000
Base frequencies:  A: 0.254  C: 0.207  G: 0.232  T: 0.307
Gamma shape alpha: 0.428
Parameters optimization took 1 rounds (0.004 sec)
BEST SCORE FOUND : -6063.607

Testing tree branches by SH-like aLRT with 1000 replicates...
0.062 sec.
Total tree length: 1.619

Total number of iterations: 102
CPU time used for tree search: 5.094 sec (0h:0m:5s)
Wall-clock time used for tree search: 4.860 sec (0h:0m:4s)
Total CPU time used: 5.376 sec (0h:0m:5s)
Total wall-clock time used: 4.978 sec (0h:0m:4s)

Analysis results written to: 
  IQ-TREE report:                cluster672rr.1to1ortho.fa.aln-cln_gene218.fa.iqtree
  Maximum-likelihood tree:       cluster672rr.1to1ortho.fa.aln-cln_gene218.fa.treefile
  Likelihood distances:          cluster672rr.1to1ortho.fa.aln-cln_gene218.fa.mldist
  Screen log file:               cluster672rr.1to1ortho.fa.aln-cln_gene218.fa.log

Date and Time: Mon Nov 25 11:11:59 2019
