IQ-TREE multicore version 1.6.11 for Mac OS X 64-bit built Jul 12 2019
Developed by Bui Quang Minh, Nguyen Lam Tung, Olga Chernomor,
Heiko Schmidt, Dominik Schrempf, Michael Woodhams.

Host:    slpc437 (AVX2, FMA3, 16 GB RAM)
Command: iqtree -s cluster575rr.1to1ortho.fa.aln-cln_gene669.fa -nt 4 -m GTR+G -alrt 1000
Seed:    927378 (Using SPRNG - Scalable Parallel Random Number Generator)
Time:    Mon Nov 25 11:10:49 2019
Kernel:  AVX+FMA - 4 threads (6 CPU cores detected)

Reading alignment file cluster575rr.1to1ortho.fa.aln-cln_gene669.fa ... Fasta format detected
Alignment most likely contains DNA/RNA sequences
Alignment has 13 sequences with 2794 columns, 1395 distinct patterns
1048 parsimony-informative, 484 singleton sites, 1262 constant sites
           Gap/Ambiguity  Composition  p-value
   1  DrolusSFB    0.25%    passed      8.20%
   2  Dino         0.25%    passed     42.41%
   3  MJM3360     21.44%    passed     58.46%
   4  DrobinSFB    0.68%    passed     38.62%
   5  Neam         1.18%    passed     99.52%
   6  RuprSFB      6.12%    passed     68.00%
   7  Retr        62.63%    passed     93.60%
   8  Beta         0.32%    passed     82.47%
   9  Spol         0.32%    passed     43.21%
  10  MJM1652      0.86%    passed     65.64%
  11  NepSFB       1.18%    passed     93.71%
  12  WPYJ        63.96%    failed      2.36%
  13  MJM2940      0.25%    passed     81.24%
WARNING: 2 sequences contain more than 50% gaps/ambiguity
****  TOTAL       12.27%  1 sequences failed composition chi2 test (p-value<5%; df=3)

Create initial parsimony tree by phylogenetic likelihood library (PLL)... 0.001 seconds

NOTE: 2 MB RAM (0 GB) is required!
Estimate model parameters (epsilon = 0.100)
1. Initial log-likelihood: -18725.949
2. Current log-likelihood: -18158.161
3. Current log-likelihood: -18155.381
Optimal log-likelihood: -18155.335
Rate parameters:  A-C: 2.56394  A-G: 5.28736  A-T: 2.16515  C-G: 1.94400  C-T: 6.41804  G-T: 1.00000
Base frequencies:  A: 0.278  C: 0.196  G: 0.242  T: 0.283
Gamma shape alpha: 0.639
Parameters optimization took 3 rounds (0.057 sec)
Computing ML distances based on estimated model parameters... 0.002 sec
Computing BIONJ tree...
0.002 seconds
Log-likelihood of BIONJ tree: -18153.601
--------------------------------------------------------------------
|             INITIALIZING CANDIDATE TREE SET                      |
--------------------------------------------------------------------
Generating 98 parsimony trees... 0.131 second
Computing log-likelihood of 96 initial trees ... 0.514 seconds
Current best score: -18153.601

Do NNI search on 20 best initial trees
Estimate model parameters (epsilon = 0.100)
BETTER TREE FOUND at iteration 1: -18153.590
Iteration 10 / LogL: -18153.598 / Time: 0h:0m:1s
Iteration 20 / LogL: -18153.735 / Time: 0h:0m:1s
Finish initializing candidate tree set (1)
Current best tree score: -18153.590 / CPU time: 1.361
Number of iterations: 20
--------------------------------------------------------------------
|               OPTIMIZING CANDIDATE TREE SET                      |
--------------------------------------------------------------------
Iteration 30 / LogL: -18153.603 / Time: 0h:0m:1s (0h:0m:4s left)
Iteration 40 / LogL: -18154.119 / Time: 0h:0m:2s (0h:0m:3s left)
Iteration 50 / LogL: -18155.969 / Time: 0h:0m:2s (0h:0m:2s left)
Iteration 60 / LogL: -18153.627 / Time: 0h:0m:3s (0h:0m:2s left)
UPDATE BEST LOG-LIKELIHOOD: -18153.590
Iteration 70 / LogL: -18153.768 / Time: 0h:0m:3s (0h:0m:1s left)
Iteration 80 / LogL: -18153.613 / Time: 0h:0m:4s (0h:0m:1s left)
Iteration 90 / LogL: -18153.648 / Time: 0h:0m:4s (0h:0m:0s left)
Iteration 100 / LogL: -18153.789 / Time: 0h:0m:4s (0h:0m:0s left)
TREE SEARCH COMPLETED AFTER 102 ITERATIONS / Time: 0h:0m:5s

--------------------------------------------------------------------
|                    FINALIZING TREE SEARCH                        |
--------------------------------------------------------------------
Performs final model parameters optimization
Estimate model parameters (epsilon = 0.010)
1. Initial log-likelihood: -18153.590
Optimal log-likelihood: -18153.590
Rate parameters:  A-C: 2.56699  A-G: 5.29112  A-T: 2.15797  C-G: 1.92363  C-T: 6.41704  G-T: 1.00000
Base frequencies:  A: 0.278  C: 0.196  G: 0.242  T: 0.283
Gamma shape alpha: 0.638
Parameters optimization took 1 rounds (0.007 sec)
BEST SCORE FOUND : -18153.590

Testing tree branches by SH-like aLRT with 1000 replicates...
0.153 sec.
Total tree length: 1.738

Total number of iterations: 102
CPU time used for tree search: 7.778 sec (0h:0m:7s)
Wall-clock time used for tree search: 4.961 sec (0h:0m:4s)
Total CPU time used: 8.522 sec (0h:0m:8s)
Total wall-clock time used: 5.201 sec (0h:0m:5s)

Analysis results written to: 
  IQ-TREE report:                cluster575rr.1to1ortho.fa.aln-cln_gene669.fa.iqtree
  Maximum-likelihood tree:       cluster575rr.1to1ortho.fa.aln-cln_gene669.fa.treefile
  Likelihood distances:          cluster575rr.1to1ortho.fa.aln-cln_gene669.fa.mldist
  Screen log file:               cluster575rr.1to1ortho.fa.aln-cln_gene669.fa.log

Date and Time: Mon Nov 25 11:10:55 2019
