IQ-TREE multicore version 1.6.11 for Mac OS X 64-bit built Jul 12 2019
Developed by Bui Quang Minh, Nguyen Lam Tung, Olga Chernomor,
Heiko Schmidt, Dominik Schrempf, Michael Woodhams.

Host:    slpc437 (AVX2, FMA3, 16 GB RAM)
Command: iqtree -s cluster4217rr.1to1ortho.fa.aln-cln_gene486.fa -nt 4 -m GTR+G -alrt 1000
Seed:    372595 (Using SPRNG - Scalable Parallel Random Number Generator)
Time:    Mon Nov 25 10:46:22 2019
Kernel:  AVX+FMA - 4 threads (6 CPU cores detected)

Reading alignment file cluster4217rr.1to1ortho.fa.aln-cln_gene486.fa ... Fasta format detected
Alignment most likely contains DNA/RNA sequences
Alignment has 13 sequences with 1704 columns, 986 distinct patterns
727 parsimony-informative, 299 singleton sites, 678 constant sites
           Gap/Ambiguity  Composition  p-value
   1  DrolusSFB    1.41%    passed     24.66%
   2  Dino         2.58%    passed     98.75%
   3  MJM3360      9.92%    passed     41.29%
   4  DrobinSFB    2.29%    passed     23.53%
   5  Neam         2.35%    passed     87.69%
   6  RuprSFB      8.57%    passed     76.17%
   7  Retr        10.92%    passed     93.30%
   8  Beta         1.88%    passed     92.64%
   9  Spol         1.58%    passed     98.80%
  10  MJM1652      3.70%    passed     95.29%
  11  NepSFB       2.35%    passed     99.74%
  12  WPYJ        33.80%    passed     94.90%
  13  MJM2940      0.53%    passed     77.69%
****  TOTAL        6.30%  0 sequences failed composition chi2 test (p-value<5%; df=3)

Create initial parsimony tree by phylogenetic likelihood library (PLL)... 0.001 seconds

NOTE: 1 MB RAM (0 GB) is required!
Estimate model parameters (epsilon = 0.100)
1. Initial log-likelihood: -12603.506
2. Current log-likelihood: -12249.883
3. Current log-likelihood: -12248.479
Optimal log-likelihood: -12248.460
Rate parameters:  A-C: 1.30716  A-G: 3.58587  A-T: 1.49847  C-G: 1.48857  C-T: 4.69337  G-T: 1.00000
Base frequencies:  A: 0.299  C: 0.199  G: 0.239  T: 0.263
Gamma shape alpha: 0.786
Parameters optimization took 3 rounds (0.054 sec)
Computing ML distances based on estimated model parameters... 0.002 sec
Computing BIONJ tree...
0.002 seconds
Log-likelihood of BIONJ tree: -12248.460
--------------------------------------------------------------------
|             INITIALIZING CANDIDATE TREE SET                      |
--------------------------------------------------------------------
Generating 99 parsimony trees... 0.110 second
Computing log-likelihood of 99 initial trees ... 0.480 seconds
Current best score: -12248.460

Do NNI search on 20 best initial trees
Estimate model parameters (epsilon = 0.100)
BETTER TREE FOUND at iteration 1: -12247.087
Iteration 10 / LogL: -12247.100 / Time: 0h:0m:0s
Iteration 20 / LogL: -12247.088 / Time: 0h:0m:1s
Finish initializing candidate tree set (1)
Current best tree score: -12247.087 / CPU time: 1.295
Number of iterations: 20
--------------------------------------------------------------------
|               OPTIMIZING CANDIDATE TREE SET                      |
--------------------------------------------------------------------
Iteration 30 / LogL: -12247.792 / Time: 0h:0m:1s (0h:0m:4s left)
Iteration 40 / LogL: -12247.107 / Time: 0h:0m:2s (0h:0m:3s left)
Iteration 50 / LogL: -12247.217 / Time: 0h:0m:2s (0h:0m:2s left)
Iteration 60 / LogL: -12248.453 / Time: 0h:0m:2s (0h:0m:2s left)
Iteration 70 / LogL: -12278.680 / Time: 0h:0m:3s (0h:0m:1s left)
Iteration 80 / LogL: -12247.107 / Time: 0h:0m:3s (0h:0m:1s left)
Iteration 90 / LogL: -12247.097 / Time: 0h:0m:4s (0h:0m:0s left)
Iteration 100 / LogL: -12247.098 / Time: 0h:0m:4s (0h:0m:0s left)
TREE SEARCH COMPLETED AFTER 102 ITERATIONS / Time: 0h:0m:4s

--------------------------------------------------------------------
|                    FINALIZING TREE SEARCH                        |
--------------------------------------------------------------------
Performs final model parameters optimization
Estimate model parameters (epsilon = 0.010)
1. Initial log-likelihood: -12247.087
Optimal log-likelihood: -12247.087
Rate parameters:  A-C: 1.31121  A-G: 3.57975  A-T: 1.49247  C-G: 1.48531  C-T: 4.69785  G-T: 1.00000
Base frequencies:  A: 0.299  C: 0.199  G: 0.239  T: 0.263
Gamma shape alpha: 0.787
Parameters optimization took 1 rounds (0.006 sec)
BEST SCORE FOUND : -12247.087

Testing tree branches by SH-like aLRT with 1000 replicates...
0.101 sec.
Total tree length: 1.853

Total number of iterations: 102
CPU time used for tree search: 6.571 sec (0h:0m:6s)
Wall-clock time used for tree search: 4.842 sec (0h:0m:4s)
Total CPU time used: 7.085 sec (0h:0m:7s)
Total wall-clock time used: 5.022 sec (0h:0m:5s)

Analysis results written to: 
  IQ-TREE report:                cluster4217rr.1to1ortho.fa.aln-cln_gene486.fa.iqtree
  Maximum-likelihood tree:       cluster4217rr.1to1ortho.fa.aln-cln_gene486.fa.treefile
  Likelihood distances:          cluster4217rr.1to1ortho.fa.aln-cln_gene486.fa.mldist
  Screen log file:               cluster4217rr.1to1ortho.fa.aln-cln_gene486.fa.log

Date and Time: Mon Nov 25 10:46:27 2019
