IQ-TREE multicore version 1.6.11 for Mac OS X 64-bit built Jul 12 2019
Developed by Bui Quang Minh, Nguyen Lam Tung, Olga Chernomor,
Heiko Schmidt, Dominik Schrempf, Michael Woodhams.

Host:    slpc437 (AVX2, FMA3, 16 GB RAM)
Command: iqtree -s cluster1786rr.1to1ortho.fa.aln-cln_gene824.fa -nt 4 -m GTR+G -alrt 1000
Seed:    856811 (Using SPRNG - Scalable Parallel Random Number Generator)
Time:    Mon Nov 25 09:49:09 2019
Kernel:  AVX+FMA - 4 threads (6 CPU cores detected)

Reading alignment file cluster1786rr.1to1ortho.fa.aln-cln_gene824.fa ... Fasta format detected
Alignment most likely contains DNA/RNA sequences
Alignment has 13 sequences with 1713 columns, 750 distinct patterns
550 parsimony-informative, 255 singleton sites, 908 constant sites
           Gap/Ambiguity  Composition  p-value
   1  DrolusSFB    0.64%    passed     63.90%
   2  Dino         0.18%    passed     87.04%
   3  MJM3360     10.33%    passed     62.01%
   4  DrobinSFB   14.07%    passed     36.90%
   5  Neam         0.18%    passed     97.72%
   6  RuprSFB     10.16%    passed     55.80%
   7  Retr        12.96%    passed     77.87%
   8  Beta         2.28%    passed     55.89%
   9  Spol         2.28%    passed     56.42%
  10  MJM1652      0.00%    passed     77.87%
  11  NepSFB       0.18%    passed     94.49%
  12  WPYJ        16.29%    passed     57.34%
  13  MJM2940      0.35%    passed     69.47%
****  TOTAL        5.38%  0 sequences failed composition chi2 test (p-value<5%; df=3)

Create initial parsimony tree by phylogenetic likelihood library (PLL)... 0.001 seconds

NOTE: 1 MB RAM (0 GB) is required!
Estimate model parameters (epsilon = 0.100)
1. Initial log-likelihood: -10705.159
2. Current log-likelihood: -10274.919
3. Current log-likelihood: -10270.713
Optimal log-likelihood: -10270.654
Rate parameters:  A-C: 2.60956  A-G: 5.21905  A-T: 2.50877  C-G: 2.08049  C-T: 8.78026  G-T: 1.00000
Base frequencies:  A: 0.278  C: 0.201  G: 0.249  T: 0.272
Gamma shape alpha: 0.408
Parameters optimization took 3 rounds (0.040 sec)
Computing ML distances based on estimated model parameters... 0.001 sec
Computing BIONJ tree...
0.002 seconds
Log-likelihood of BIONJ tree: -10265.139
--------------------------------------------------------------------
|             INITIALIZING CANDIDATE TREE SET                      |
--------------------------------------------------------------------
Generating 98 parsimony trees... 0.098 second
Computing log-likelihood of 97 initial trees ... 0.434 seconds
Current best score: -10265.139

Do NNI search on 20 best initial trees
Estimate model parameters (epsilon = 0.100)
BETTER TREE FOUND at iteration 1: -10263.452
Iteration 10 / LogL: -10263.483 / Time: 0h:0m:0s
Iteration 20 / LogL: -10263.492 / Time: 0h:0m:1s
Finish initializing candidate tree set (1)
Current best tree score: -10263.452 / CPU time: 1.200
Number of iterations: 20
--------------------------------------------------------------------
|               OPTIMIZING CANDIDATE TREE SET                      |
--------------------------------------------------------------------
Iteration 30 / LogL: -10263.549 / Time: 0h:0m:1s (0h:0m:4s left)
Iteration 40 / LogL: -10263.605 / Time: 0h:0m:2s (0h:0m:3s left)
Iteration 50 / LogL: -10263.687 / Time: 0h:0m:2s (0h:0m:2s left)
Iteration 60 / LogL: -10263.473 / Time: 0h:0m:2s (0h:0m:2s left)
Iteration 70 / LogL: -10263.454 / Time: 0h:0m:3s (0h:0m:1s left)
Iteration 80 / LogL: -10263.495 / Time: 0h:0m:3s (0h:0m:0s left)
Iteration 90 / LogL: -10263.463 / Time: 0h:0m:4s (0h:0m:0s left)
Iteration 100 / LogL: -10263.486 / Time: 0h:0m:4s (0h:0m:0s left)
TREE SEARCH COMPLETED AFTER 102 ITERATIONS / Time: 0h:0m:4s

--------------------------------------------------------------------
|                    FINALIZING TREE SEARCH                        |
--------------------------------------------------------------------
Performs final model parameters optimization
Estimate model parameters (epsilon = 0.010)
1. Initial log-likelihood: -10263.452
Optimal log-likelihood: -10263.450
Rate parameters:  A-C: 2.58573  A-G: 5.23832  A-T: 2.50630  C-G: 2.05117  C-T: 8.80611  G-T: 1.00000
Base frequencies:  A: 0.278  C: 0.201  G: 0.249  T: 0.272
Gamma shape alpha: 0.409
Parameters optimization took 1 rounds (0.005 sec)
BEST SCORE FOUND : -10263.450

Testing tree branches by SH-like aLRT with 1000 replicates...
0.099 sec.
Total tree length: 1.496

Total number of iterations: 102
CPU time used for tree search: 5.575 sec (0h:0m:5s)
Wall-clock time used for tree search: 4.528 sec (0h:0m:4s)
Total CPU time used: 6.032 sec (0h:0m:6s)
Total wall-clock time used: 4.694 sec (0h:0m:4s)

Analysis results written to: 
  IQ-TREE report:                cluster1786rr.1to1ortho.fa.aln-cln_gene824.fa.iqtree
  Maximum-likelihood tree:       cluster1786rr.1to1ortho.fa.aln-cln_gene824.fa.treefile
  Likelihood distances:          cluster1786rr.1to1ortho.fa.aln-cln_gene824.fa.mldist
  Screen log file:               cluster1786rr.1to1ortho.fa.aln-cln_gene824.fa.log

Date and Time: Mon Nov 25 09:49:14 2019
