IQ-TREE multicore version 1.6.11 for Mac OS X 64-bit built Jul 12 2019
Developed by Bui Quang Minh, Nguyen Lam Tung, Olga Chernomor,
Heiko Schmidt, Dominik Schrempf, Michael Woodhams.

Host:    slpc437 (AVX2, FMA3, 16 GB RAM)
Command: iqtree -s cluster1019rr.1to1ortho.fa.aln-cln_gene241.fa -nt 4 -m GTR+G -alrt 1000
Seed:    687254 (Using SPRNG - Scalable Parallel Random Number Generator)
Time:    Mon Nov 25 09:35:47 2019
Kernel:  AVX+FMA - 4 threads (6 CPU cores detected)

Reading alignment file cluster1019rr.1to1ortho.fa.aln-cln_gene241.fa ... Fasta format detected
Alignment most likely contains DNA/RNA sequences
Alignment has 13 sequences with 1170 columns, 440 distinct patterns
322 parsimony-informative, 126 singleton sites, 722 constant sites
           Gap/Ambiguity  Composition  p-value
   1  DrolusSFB    0.00%    passed     86.46%
   2  Dino         0.00%    passed     93.42%
   3  MJM3360      0.00%    passed     90.77%
   4  DrobinSFB    0.00%    passed     79.42%
   5  Neam         0.00%    passed     96.49%
   6  RuprSFB      0.00%    passed     70.98%
   7  Retr        46.58%    passed     84.10%
   8  Beta         0.00%    passed     89.31%
   9  Spol         0.00%    passed     97.20%
  10  MJM1652      0.00%    passed     98.70%
  11  NepSFB       0.00%    passed     97.02%
  12  WPYJ        59.83%    passed     23.69%
  13  MJM2940      0.00%    passed     96.30%
WARNING: 1 sequences contain more than 50% gaps/ambiguity
****  TOTAL        8.19%  0 sequences failed composition chi2 test (p-value<5%; df=3)

Create initial parsimony tree by phylogenetic likelihood library (PLL)... 0.001 seconds

NOTE: 0 MB RAM (0 GB) is required!
Estimate model parameters (epsilon = 0.100)
1. Initial log-likelihood: -6296.316
2. Current log-likelihood: -5949.427
3. Current log-likelihood: -5946.753
Optimal log-likelihood: -5946.728
Rate parameters:  A-C: 2.16207  A-G: 4.87236  A-T: 1.48643  C-G: 1.18371  C-T: 8.98592  G-T: 1.00000
Base frequencies:  A: 0.291  C: 0.177  G: 0.254  T: 0.277
Gamma shape alpha: 0.306
Parameters optimization took 3 rounds (0.032 sec)
Computing ML distances based on estimated model parameters... 0.001 sec
Computing BIONJ tree...
0.002 seconds
Log-likelihood of BIONJ tree: -5944.177
--------------------------------------------------------------------
|             INITIALIZING CANDIDATE TREE SET                      |
--------------------------------------------------------------------
Generating 98 parsimony trees... 0.074 second
Computing log-likelihood of 98 initial trees ... 0.408 seconds
Current best score: -5944.177

Do NNI search on 20 best initial trees
Estimate model parameters (epsilon = 0.100)
BETTER TREE FOUND at iteration 1: -5944.173
Estimate model parameters (epsilon = 0.100)
BETTER TREE FOUND at iteration 4: -5942.743
Iteration 10 / LogL: -5944.201 / Time: 0h:0m:0s
Iteration 20 / LogL: -5944.223 / Time: 0h:0m:1s
Finish initializing candidate tree set (3)
Current best tree score: -5942.743 / CPU time: 1.182
Number of iterations: 20
--------------------------------------------------------------------
|               OPTIMIZING CANDIDATE TREE SET                      |
--------------------------------------------------------------------
Iteration 30 / LogL: -5944.208 / Time: 0h:0m:1s (0h:0m:4s left)
UPDATE BEST LOG-LIKELIHOOD: -5942.742
Iteration 40 / LogL: -5948.386 / Time: 0h:0m:1s (0h:0m:3s left)
Iteration 50 / LogL: -5942.754 / Time: 0h:0m:2s (0h:0m:2s left)
Iteration 60 / LogL: -5942.759 / Time: 0h:0m:2s (0h:0m:2s left)
Iteration 70 / LogL: -5944.192 / Time: 0h:0m:3s (0h:0m:1s left)
Iteration 80 / LogL: -5951.048 / Time: 0h:0m:3s (0h:0m:1s left)
Iteration 90 / LogL: -5944.826 / Time: 0h:0m:4s (0h:0m:0s left)
Iteration 100 / LogL: -5951.113 / Time: 0h:0m:4s (0h:0m:0s left)
TREE SEARCH COMPLETED AFTER 105 ITERATIONS / Time: 0h:0m:4s

--------------------------------------------------------------------
|                    FINALIZING TREE SEARCH                        |
--------------------------------------------------------------------
Performs final model parameters optimization
Estimate model parameters (epsilon = 0.010)
1. Initial log-likelihood: -5942.742
Optimal log-likelihood: -5942.740
Rate parameters:  A-C: 2.15935  A-G: 4.92267  A-T: 1.50497  C-G: 1.24502  C-T: 9.21510  G-T: 1.00000
Base frequencies:  A: 0.291  C: 0.177  G: 0.254  T: 0.277
Gamma shape alpha: 0.307
Parameters optimization took 1 rounds (0.005 sec)
BEST SCORE FOUND : -5942.740

Testing tree branches by SH-like aLRT with 1000 replicates...
0.073 sec.
Total tree length: 1.124

Total number of iterations: 105
CPU time used for tree search: 4.609 sec (0h:0m:4s)
Wall-clock time used for tree search: 4.562 sec (0h:0m:4s)
Total CPU time used: 4.931 sec (0h:0m:4s)
Total wall-clock time used: 4.695 sec (0h:0m:4s)

Analysis results written to: 
  IQ-TREE report:                cluster1019rr.1to1ortho.fa.aln-cln_gene241.fa.iqtree
  Maximum-likelihood tree:       cluster1019rr.1to1ortho.fa.aln-cln_gene241.fa.treefile
  Likelihood distances:          cluster1019rr.1to1ortho.fa.aln-cln_gene241.fa.mldist
  Screen log file:               cluster1019rr.1to1ortho.fa.aln-cln_gene241.fa.log

Date and Time: Mon Nov 25 09:35:52 2019
