IQ-TREE multicore version 1.6.11 for Mac OS X 64-bit built Jul 12 2019
Developed by Bui Quang Minh, Nguyen Lam Tung, Olga Chernomor,
Heiko Schmidt, Dominik Schrempf, Michael Woodhams.

Host:    slpc437 (AVX2, FMA3, 16 GB RAM)
Command: iqtree -s cluster5417rr.1to1ortho.fa.aln-cln_gene1108.fa -nt 4 -m GTR+G -alrt 1000
Seed:    150512 (Using SPRNG - Scalable Parallel Random Number Generator)
Time:    Mon Nov 25 11:07:47 2019
Kernel:  AVX+FMA - 4 threads (6 CPU cores detected)

Reading alignment file cluster5417rr.1to1ortho.fa.aln-cln_gene1108.fa ... Fasta format detected
Alignment most likely contains DNA/RNA sequences
Alignment has 13 sequences with 2154 columns, 1019 distinct patterns
766 parsimony-informative, 299 singleton sites, 1089 constant sites
           Gap/Ambiguity  Composition  p-value
   1  DrolusSFB    1.44%    passed     99.20%
   2  Dino         1.81%    passed      7.24%
   3  MJM3360     15.78%    failed      2.84%
   4  DrobinSFB   40.95%    passed     37.39%
   5  Neam         0.70%    passed     63.28%
   6  RuprSFB     16.71%    failed      3.15%
   7  Retr         2.79%    passed     86.63%
   8  Beta         0.51%    failed      4.88%
   9  Spol         0.93%    failed      4.71%
  10  MJM1652      1.76%    passed     23.06%
  11  NepSFB       0.70%    passed     80.37%
  12  WPYJ         3.06%    passed     42.79%
  13  MJM2940     32.64%    passed     98.10%
****  TOTAL        9.21%  4 sequences failed composition chi2 test (p-value<5%; df=3)

Create initial parsimony tree by phylogenetic likelihood library (PLL)... 0.001 seconds

NOTE: 1 MB RAM (0 GB) is required!
Estimate model parameters (epsilon = 0.100)
1. Initial log-likelihood: -14125.876
2. Current log-likelihood: -13498.046
3. Current log-likelihood: -13492.083
4. Current log-likelihood: -13491.976
Optimal log-likelihood: -13491.949
Rate parameters:  A-C: 1.99846  A-G: 3.77792  A-T: 1.23232  C-G: 1.52555  C-T: 7.33470  G-T: 1.00000
Base frequencies:  A: 0.309  C: 0.171  G: 0.267  T: 0.253
Gamma shape alpha: 0.449
Parameters optimization took 4 rounds (0.051 sec)
Computing ML distances based on estimated model parameters... 0.002 sec
Computing BIONJ tree...
0.002 seconds
Log-likelihood of BIONJ tree: -13484.899
--------------------------------------------------------------------
|             INITIALIZING CANDIDATE TREE SET                      |
--------------------------------------------------------------------
Generating 98 parsimony trees... 0.111 second
Computing log-likelihood of 97 initial trees ... 0.471 seconds
Current best score: -13484.899

Do NNI search on 20 best initial trees
Estimate model parameters (epsilon = 0.100)
BETTER TREE FOUND at iteration 1: -13483.110
Iteration 10 / LogL: -13483.267 / Time: 0h:0m:1s
Iteration 20 / LogL: -13483.114 / Time: 0h:0m:1s
Finish initializing candidate tree set (2)
Current best tree score: -13483.110 / CPU time: 1.475
Number of iterations: 20
--------------------------------------------------------------------
|               OPTIMIZING CANDIDATE TREE SET                      |
--------------------------------------------------------------------
Iteration 30 / LogL: -13483.273 / Time: 0h:0m:2s (0h:0m:5s left)
Iteration 40 / LogL: -13483.536 / Time: 0h:0m:2s (0h:0m:4s left)
Iteration 50 / LogL: -13483.283 / Time: 0h:0m:3s (0h:0m:3s left)
Iteration 60 / LogL: -13483.481 / Time: 0h:0m:3s (0h:0m:2s left)
Iteration 70 / LogL: -13483.168 / Time: 0h:0m:4s (0h:0m:1s left)
Iteration 80 / LogL: -13483.125 / Time: 0h:0m:4s (0h:0m:1s left)
Iteration 90 / LogL: -13483.121 / Time: 0h:0m:4s (0h:0m:0s left)
Iteration 100 / LogL: -13483.261 / Time: 0h:0m:5s (0h:0m:0s left)
TREE SEARCH COMPLETED AFTER 102 ITERATIONS / Time: 0h:0m:5s

--------------------------------------------------------------------
|                    FINALIZING TREE SEARCH                        |
--------------------------------------------------------------------
Performs final model parameters optimization
Estimate model parameters (epsilon = 0.010)
1. Initial log-likelihood: -13483.110
Optimal log-likelihood: -13483.106
Rate parameters:  A-C: 1.99368  A-G: 3.78716  A-T: 1.22166  C-G: 1.55030  C-T: 7.33632  G-T: 1.00000
Base frequencies:  A: 0.309  C: 0.171  G: 0.267  T: 0.253
Gamma shape alpha: 0.448
Parameters optimization took 1 rounds (0.006 sec)
BEST SCORE FOUND : -13483.106

Testing tree branches by SH-like aLRT with 1000 replicates...
0.119 sec.
Total tree length: 1.676

Total number of iterations: 102
CPU time used for tree search: 7.618 sec (0h:0m:7s)
Wall-clock time used for tree search: 5.487 sec (0h:0m:5s)
Total CPU time used: 8.196 sec (0h:0m:8s)
Total wall-clock time used: 5.684 sec (0h:0m:5s)

Analysis results written to: 
  IQ-TREE report:                cluster5417rr.1to1ortho.fa.aln-cln_gene1108.fa.iqtree
  Maximum-likelihood tree:       cluster5417rr.1to1ortho.fa.aln-cln_gene1108.fa.treefile
  Likelihood distances:          cluster5417rr.1to1ortho.fa.aln-cln_gene1108.fa.mldist
  Screen log file:               cluster5417rr.1to1ortho.fa.aln-cln_gene1108.fa.log

Date and Time: Mon Nov 25 11:07:52 2019
