IQ-TREE multicore version 1.6.11 for Mac OS X 64-bit built Jul 12 2019
Developed by Bui Quang Minh, Nguyen Lam Tung, Olga Chernomor,
Heiko Schmidt, Dominik Schrempf, Michael Woodhams.

Host:    slpc437 (AVX2, FMA3, 16 GB RAM)
Command: iqtree -s cluster3053rr.1to1ortho.fa.aln-cln_gene1087.fa -nt 4 -m GTR+G -alrt 1000
Seed:    145220 (Using SPRNG - Scalable Parallel Random Number Generator)
Time:    Mon Nov 25 10:21:22 2019
Kernel:  AVX+FMA - 4 threads (6 CPU cores detected)

Reading alignment file cluster3053rr.1to1ortho.fa.aln-cln_gene1087.fa ... Fasta format detected
Alignment most likely contains DNA/RNA sequences
Alignment has 13 sequences with 854 columns, 441 distinct patterns
297 parsimony-informative, 153 singleton sites, 404 constant sites
           Gap/Ambiguity  Composition  p-value
   1  DrolusSFB    0.94%    passed     91.58%
   2  Dino         0.00%    passed     37.86%
   3  MJM3360     10.30%    passed     78.34%
   4  DrobinSFB    0.94%    passed     66.08%
   5  Neam         0.00%    passed     92.36%
   6  RuprSFB      3.86%    passed     91.08%
   7  Retr         5.85%    passed     91.22%
   8  Beta         3.16%    passed     61.38%
   9  Spol         4.68%    passed     57.69%
  10  MJM1652      3.75%    passed     77.97%
  11  NepSFB      10.77%    passed     83.10%
  12  WPYJ         8.78%    passed     74.34%
  13  MJM2940      0.47%    passed     64.04%
****  TOTAL        4.12%  0 sequences failed composition chi2 test (p-value<5%; df=3)

Create initial parsimony tree by phylogenetic likelihood library (PLL)... 0.001 seconds

NOTE: 0 MB RAM (0 GB) is required!
Estimate model parameters (epsilon = 0.100)
1. Initial log-likelihood: -5822.457
2. Current log-likelihood: -5553.647
3. Current log-likelihood: -5550.821
Optimal log-likelihood: -5550.792
Rate parameters:  A-C: 1.58853  A-G: 4.57728  A-T: 1.31737  C-G: 1.26098  C-T: 6.41664  G-T: 1.00000
Base frequencies:  A: 0.284  C: 0.198  G: 0.241  T: 0.277
Gamma shape alpha: 0.547
Parameters optimization took 3 rounds (0.032 sec)
Computing ML distances based on estimated model parameters... 0.001 sec
Computing BIONJ tree...
0.002 seconds
Log-likelihood of BIONJ tree: -5550.792
--------------------------------------------------------------------
|             INITIALIZING CANDIDATE TREE SET                      |
--------------------------------------------------------------------
Generating 99 parsimony trees... 0.072 second
Computing log-likelihood of 98 initial trees ... 0.412 seconds
Current best score: -5550.792

Do NNI search on 20 best initial trees
Estimate model parameters (epsilon = 0.100)
BETTER TREE FOUND at iteration 1: -5550.276
Iteration 10 / LogL: -5550.314 / Time: 0h:0m:0s
Iteration 20 / LogL: -5550.458 / Time: 0h:0m:1s
Finish initializing candidate tree set (2)
Current best tree score: -5550.276 / CPU time: 1.102
Number of iterations: 20
--------------------------------------------------------------------
|               OPTIMIZING CANDIDATE TREE SET                      |
--------------------------------------------------------------------
Iteration 30 / LogL: -5550.312 / Time: 0h:0m:1s (0h:0m:3s left)
Iteration 40 / LogL: -5550.315 / Time: 0h:0m:1s (0h:0m:2s left)
Iteration 50 / LogL: -5550.301 / Time: 0h:0m:2s (0h:0m:2s left)
Iteration 60 / LogL: -5550.300 / Time: 0h:0m:2s (0h:0m:1s left)
Iteration 70 / LogL: -5550.317 / Time: 0h:0m:3s (0h:0m:1s left)
Iteration 80 / LogL: -5551.025 / Time: 0h:0m:3s (0h:0m:0s left)
Iteration 90 / LogL: -5550.329 / Time: 0h:0m:3s (0h:0m:0s left)
Iteration 100 / LogL: -5550.294 / Time: 0h:0m:4s (0h:0m:0s left)
TREE SEARCH COMPLETED AFTER 102 ITERATIONS / Time: 0h:0m:4s

--------------------------------------------------------------------
|                    FINALIZING TREE SEARCH                        |
--------------------------------------------------------------------
Performs final model parameters optimization
Estimate model parameters (epsilon = 0.010)
1. Initial log-likelihood: -5550.276
Optimal log-likelihood: -5550.275
Rate parameters:  A-C: 1.55745  A-G: 4.57766  A-T: 1.32426  C-G: 1.25975  C-T: 6.42602  G-T: 1.00000
Base frequencies:  A: 0.284  C: 0.198  G: 0.241  T: 0.277
Gamma shape alpha: 0.543
Parameters optimization took 1 rounds (0.004 sec)
BEST SCORE FOUND : -5550.275

Testing tree branches by SH-like aLRT with 1000 replicates...
0.061 sec.
Total tree length: 1.611

Total number of iterations: 102
CPU time used for tree search: 4.350 sec (0h:0m:4s)
Wall-clock time used for tree search: 4.323 sec (0h:0m:4s)
Total CPU time used: 4.613 sec (0h:0m:4s)
Total wall-clock time used: 4.440 sec (0h:0m:4s)

Analysis results written to: 
  IQ-TREE report:                cluster3053rr.1to1ortho.fa.aln-cln_gene1087.fa.iqtree
  Maximum-likelihood tree:       cluster3053rr.1to1ortho.fa.aln-cln_gene1087.fa.treefile
  Likelihood distances:          cluster3053rr.1to1ortho.fa.aln-cln_gene1087.fa.mldist
  Screen log file:               cluster3053rr.1to1ortho.fa.aln-cln_gene1087.fa.log

Date and Time: Mon Nov 25 10:21:26 2019
