IQ-TREE multicore version 1.6.11 for Mac OS X 64-bit built Jul 12 2019
Developed by Bui Quang Minh, Nguyen Lam Tung, Olga Chernomor,
Heiko Schmidt, Dominik Schrempf, Michael Woodhams.

Host:    slpc437 (AVX2, FMA3, 16 GB RAM)
Command: iqtree -s cluster2835rr.1to1ortho.fa.aln-cln_gene128.fa -nt 4 -m GTR+G -alrt 1000
Seed:    948920 (Using SPRNG - Scalable Parallel Random Number Generator)
Time:    Mon Nov 25 10:15:07 2019
Kernel:  AVX+FMA - 4 threads (6 CPU cores detected)

Reading alignment file cluster2835rr.1to1ortho.fa.aln-cln_gene128.fa ... Fasta format detected
Alignment most likely contains DNA/RNA sequences
Alignment has 13 sequences with 1233 columns, 584 distinct patterns
411 parsimony-informative, 187 singleton sites, 635 constant sites
           Gap/Ambiguity  Composition  p-value
   1  DrolusSFB    0.00%    passed     99.90%
   2  Dino         0.08%    passed     91.37%
   3  MJM3360      0.73%    passed     50.37%
   4  DrobinSFB    0.24%    passed     96.25%
   5  Neam         0.00%    passed     94.49%
   6  RuprSFB      2.68%    passed     74.82%
   7  Retr        11.92%    passed     50.62%
   8  Beta        52.31%    passed     22.89%
   9  Spol         0.24%    passed     64.99%
  10  MJM1652      0.00%    passed     53.46%
  11  NepSFB       0.00%    passed     93.52%
  12  WPYJ         0.65%    passed     46.52%
  13  MJM2940      0.00%    passed     96.04%
WARNING: 1 sequences contain more than 50% gaps/ambiguity
****  TOTAL        5.30%  0 sequences failed composition chi2 test (p-value<5%; df=3)

Create initial parsimony tree by phylogenetic likelihood library (PLL)... 0.001 seconds

NOTE: 0 MB RAM (0 GB) is required!
Estimate model parameters (epsilon = 0.100)
1. Initial log-likelihood: -8202.985
2. Current log-likelihood: -7936.611
3. Current log-likelihood: -7934.366
Optimal log-likelihood: -7934.333
Rate parameters:  A-C: 3.00035  A-G: 6.09437  A-T: 2.20710  C-G: 2.12748  C-T: 5.50800  G-T: 1.00000
Base frequencies:  A: 0.221  C: 0.217  G: 0.236  T: 0.326
Gamma shape alpha: 0.431
Parameters optimization took 3 rounds (0.037 sec)
Computing ML distances based on estimated model parameters... 0.001 sec
Computing BIONJ tree...
0.002 seconds
Log-likelihood of BIONJ tree: -7935.308
--------------------------------------------------------------------
|             INITIALIZING CANDIDATE TREE SET                      |
--------------------------------------------------------------------
Generating 98 parsimony trees... 0.083 second
Computing log-likelihood of 97 initial trees ... 0.419 seconds
Current best score: -7934.333

Do NNI search on 20 best initial trees
Estimate model parameters (epsilon = 0.100)
BETTER TREE FOUND at iteration 1: -7931.454
Estimate model parameters (epsilon = 0.100)
BETTER TREE FOUND at iteration 4: -7931.387
Iteration 10 / LogL: -7931.816 / Time: 0h:0m:0s
Iteration 20 / LogL: -7931.476 / Time: 0h:0m:1s
Finish initializing candidate tree set (2)
Current best tree score: -7931.387 / CPU time: 1.147
Number of iterations: 20
--------------------------------------------------------------------
|               OPTIMIZING CANDIDATE TREE SET                      |
--------------------------------------------------------------------
Iteration 30 / LogL: -7932.986 / Time: 0h:0m:1s (0h:0m:4s left)
UPDATE BEST LOG-LIKELIHOOD: -7931.386
Iteration 40 / LogL: -7931.386 / Time: 0h:0m:2s (0h:0m:3s left)
Iteration 50 / LogL: -7931.473 / Time: 0h:0m:2s (0h:0m:2s left)
Iteration 60 / LogL: -7931.407 / Time: 0h:0m:2s (0h:0m:2s left)
Iteration 70 / LogL: -7931.387 / Time: 0h:0m:3s (0h:0m:1s left)
Iteration 80 / LogL: -7931.687 / Time: 0h:0m:3s (0h:0m:1s left)
Iteration 90 / LogL: -7931.400 / Time: 0h:0m:4s (0h:0m:0s left)
Iteration 100 / LogL: -7931.390 / Time: 0h:0m:4s (0h:0m:0s left)
TREE SEARCH COMPLETED AFTER 105 ITERATIONS / Time: 0h:0m:4s

--------------------------------------------------------------------
|                    FINALIZING TREE SEARCH                        |
--------------------------------------------------------------------
Performs final model parameters optimization
Estimate model parameters (epsilon = 0.010)
1. Initial log-likelihood: -7931.386
Optimal log-likelihood: -7931.385
Rate parameters:  A-C: 3.00081  A-G: 6.04207  A-T: 2.16373  C-G: 2.12201  C-T: 5.53630  G-T: 1.00000
Base frequencies:  A: 0.221  C: 0.217  G: 0.236  T: 0.326
Gamma shape alpha: 0.428
Parameters optimization took 1 rounds (0.005 sec)
BEST SCORE FOUND : -7931.385

Testing tree branches by SH-like aLRT with 1000 replicates...
0.078 sec.
Total tree length: 1.596

Total number of iterations: 105
CPU time used for tree search: 5.157 sec (0h:0m:5s)
Wall-clock time used for tree search: 4.614 sec (0h:0m:4s)
Total CPU time used: 5.509 sec (0h:0m:5s)
Total wall-clock time used: 4.752 sec (0h:0m:4s)

Analysis results written to: 
  IQ-TREE report:                cluster2835rr.1to1ortho.fa.aln-cln_gene128.fa.iqtree
  Maximum-likelihood tree:       cluster2835rr.1to1ortho.fa.aln-cln_gene128.fa.treefile
  Likelihood distances:          cluster2835rr.1to1ortho.fa.aln-cln_gene128.fa.mldist
  Screen log file:               cluster2835rr.1to1ortho.fa.aln-cln_gene128.fa.log

Date and Time: Mon Nov 25 10:15:12 2019
