IQ-TREE multicore version 1.6.11 for Mac OS X 64-bit built Jul 12 2019
Developed by Bui Quang Minh, Nguyen Lam Tung, Olga Chernomor,
Heiko Schmidt, Dominik Schrempf, Michael Woodhams.

Host:    slpc437 (AVX2, FMA3, 16 GB RAM)
Command: iqtree -s cluster4512rr.1to1ortho.fa.aln-cln_gene841.fa -nt 4 -m GTR+G -alrt 1000
Seed:    478685 (Using SPRNG - Scalable Parallel Random Number Generator)
Time:    Mon Nov 25 10:53:58 2019
Kernel:  AVX+FMA - 4 threads (6 CPU cores detected)

Reading alignment file cluster4512rr.1to1ortho.fa.aln-cln_gene841.fa ... Fasta format detected
Alignment most likely contains DNA/RNA sequences
Alignment has 13 sequences with 2197 columns, 910 distinct patterns
667 parsimony-informative, 315 singleton sites, 1215 constant sites
           Gap/Ambiguity  Composition  p-value
   1  DrolusSFB   11.38%    passed     78.04%
   2  Dino         6.87%    passed     90.26%
   3  MJM3360      0.36%    passed     54.36%
   4  DrobinSFB    0.18%    passed     45.49%
   5  Neam        27.54%    passed     57.76%
   6  RuprSFB      4.10%    passed     96.42%
   7  Retr         0.64%    passed     80.90%
   8  Beta         2.55%    passed      7.16%
   9  Spol         0.59%    passed     71.18%
  10  MJM1652      0.18%    passed     50.54%
  11  NepSFB       0.27%    passed     95.29%
  12  WPYJ        66.27%    passed      6.38%
  13  MJM2940      0.14%    passed     92.20%
WARNING: 1 sequences contain more than 50% gaps/ambiguity
****  TOTAL        9.31%  0 sequences failed composition chi2 test (p-value<5%; df=3)

Create initial parsimony tree by phylogenetic likelihood library (PLL)... 0.001 seconds

NOTE: 1 MB RAM (0 GB) is required!
Estimate model parameters (epsilon = 0.100)
1. Initial log-likelihood: -13359.177
2. Current log-likelihood: -12798.014
3. Current log-likelihood: -12792.868
Optimal log-likelihood: -12792.801
Rate parameters:  A-C: 1.36562  A-G: 3.46500  A-T: 1.46553  C-G: 1.01541  C-T: 5.25086  G-T: 1.00000
Base frequencies:  A: 0.289  C: 0.204  G: 0.249  T: 0.259
Gamma shape alpha: 0.370
Parameters optimization took 3 rounds (0.042 sec)
Computing ML distances based on estimated model parameters... 0.002 sec
Computing BIONJ tree...
0.002 seconds
Log-likelihood of BIONJ tree: -12789.898
--------------------------------------------------------------------
|             INITIALIZING CANDIDATE TREE SET                      |
--------------------------------------------------------------------
Generating 98 parsimony trees... 0.108 second
Computing log-likelihood of 97 initial trees ... 0.480 seconds
Current best score: -12789.898

Do NNI search on 20 best initial trees
Estimate model parameters (epsilon = 0.100)
BETTER TREE FOUND at iteration 1: -12789.895
Iteration 10 / LogL: -12789.994 / Time: 0h:0m:0s
Iteration 20 / LogL: -12789.937 / Time: 0h:0m:1s
Finish initializing candidate tree set (1)
Current best tree score: -12789.895 / CPU time: 1.216
Number of iterations: 20
--------------------------------------------------------------------
|               OPTIMIZING CANDIDATE TREE SET                      |
--------------------------------------------------------------------
UPDATE BEST LOG-LIKELIHOOD: -12789.895
Iteration 30 / LogL: -12789.899 / Time: 0h:0m:1s (0h:0m:4s left)
UPDATE BEST LOG-LIKELIHOOD: -12789.895
UPDATE BEST LOG-LIKELIHOOD: -12789.895
Iteration 40 / LogL: -12791.520 / Time: 0h:0m:2s (0h:0m:3s left)
Iteration 50 / LogL: -12790.184 / Time: 0h:0m:2s (0h:0m:2s left)
Iteration 60 / LogL: -12790.251 / Time: 0h:0m:2s (0h:0m:1s left)
Iteration 70 / LogL: -12791.501 / Time: 0h:0m:3s (0h:0m:1s left)
Iteration 80 / LogL: -12789.908 / Time: 0h:0m:3s (0h:0m:0s left)
Iteration 90 / LogL: -12789.922 / Time: 0h:0m:4s (0h:0m:0s left)
Iteration 100 / LogL: -12789.999 / Time: 0h:0m:4s (0h:0m:0s left)
TREE SEARCH COMPLETED AFTER 102 ITERATIONS / Time: 0h:0m:4s

--------------------------------------------------------------------
|                    FINALIZING TREE SEARCH                        |
--------------------------------------------------------------------
Performs final model parameters optimization
Estimate model parameters (epsilon = 0.010)
1. Initial log-likelihood: -12789.895
Optimal log-likelihood: -12789.895
Rate parameters:  A-C: 1.36726  A-G: 3.46536  A-T: 1.46541  C-G: 1.01579  C-T: 5.25952  G-T: 1.00000
Base frequencies:  A: 0.289  C: 0.204  G: 0.249  T: 0.259
Gamma shape alpha: 0.372
Parameters optimization took 1 rounds (0.005 sec)
BEST SCORE FOUND : -12789.895

Testing tree branches by SH-like aLRT with 1000 replicates...
0.122 sec.
Total tree length: 1.412

Total number of iterations: 102
CPU time used for tree search: 5.960 sec (0h:0m:5s)
Wall-clock time used for tree search: 4.517 sec (0h:0m:4s)
Total CPU time used: 6.515 sec (0h:0m:6s)
Total wall-clock time used: 4.707 sec (0h:0m:4s)

Analysis results written to: 
  IQ-TREE report:                cluster4512rr.1to1ortho.fa.aln-cln_gene841.fa.iqtree
  Maximum-likelihood tree:       cluster4512rr.1to1ortho.fa.aln-cln_gene841.fa.treefile
  Likelihood distances:          cluster4512rr.1to1ortho.fa.aln-cln_gene841.fa.mldist
  Screen log file:               cluster4512rr.1to1ortho.fa.aln-cln_gene841.fa.log

Date and Time: Mon Nov 25 10:54:03 2019
