IQ-TREE multicore version 1.6.11 for Mac OS X 64-bit built Jul 12 2019
Developed by Bui Quang Minh, Nguyen Lam Tung, Olga Chernomor,
Heiko Schmidt, Dominik Schrempf, Michael Woodhams.

Host:    slpc437 (AVX2, FMA3, 16 GB RAM)
Command: iqtree -s cluster3367rr.1to1ortho.fa.aln-cln_gene760.fa -nt 4 -m GTR+G -alrt 1000
Seed:    160167 (Using SPRNG - Scalable Parallel Random Number Generator)
Time:    Mon Nov 25 10:28:43 2019
Kernel:  AVX+FMA - 4 threads (6 CPU cores detected)

Reading alignment file cluster3367rr.1to1ortho.fa.aln-cln_gene760.fa ... Fasta format detected
Alignment most likely contains DNA/RNA sequences
Alignment has 13 sequences with 1923 columns, 948 distinct patterns
733 parsimony-informative, 311 singleton sites, 879 constant sites
           Gap/Ambiguity  Composition  p-value
   1  DrolusSFB    1.09%    passed     73.59%
   2  Dino        10.30%    passed     90.39%
   3  MJM3360     12.79%    passed     77.32%
   4  DrobinSFB   12.64%    passed     80.91%
   5  Neam         0.16%    passed     65.37%
   6  RuprSFB     11.34%    passed     84.16%
   7  Retr        60.06%    passed     11.91%
   8  Beta         3.80%    passed     27.12%
   9  Spol         4.52%    passed     48.35%
  10  MJM1652     10.76%    passed     77.04%
  11  NepSFB       0.16%    passed     84.68%
  12  WPYJ        12.53%    passed     95.72%
  13  MJM2940      1.09%    passed     92.92%
WARNING: 1 sequences contain more than 50% gaps/ambiguity
****  TOTAL       10.86%  0 sequences failed composition chi2 test (p-value<5%; df=3)

Create initial parsimony tree by phylogenetic likelihood library (PLL)... 0.001 seconds

NOTE: 1 MB RAM (0 GB) is required!
Estimate model parameters (epsilon = 0.100)
1. Initial log-likelihood: -13101.653
2. Current log-likelihood: -12626.614
3. Current log-likelihood: -12622.440
Optimal log-likelihood: -12622.379
Rate parameters:  A-C: 1.04982  A-G: 3.16673  A-T: 1.10014  C-G: 0.81787  C-T: 4.06136  G-T: 1.00000
Base frequencies:  A: 0.302  C: 0.212  G: 0.262  T: 0.224
Gamma shape alpha: 0.546
Parameters optimization took 3 rounds (0.043 sec)
Computing ML distances based on estimated model parameters... 0.002 sec
Computing BIONJ tree...
0.002 seconds
Log-likelihood of BIONJ tree: -12629.884
--------------------------------------------------------------------
|             INITIALIZING CANDIDATE TREE SET                      |
--------------------------------------------------------------------
Generating 98 parsimony trees... 0.104 second
Computing log-likelihood of 97 initial trees ... 0.471 seconds
Current best score: -12622.379

Do NNI search on 20 best initial trees
Estimate model parameters (epsilon = 0.100)
BETTER TREE FOUND at iteration 1: -12622.210
Iteration 10 / LogL: -12622.221 / Time: 0h:0m:0s
Iteration 20 / LogL: -12622.457 / Time: 0h:0m:1s
Finish initializing candidate tree set (2)
Current best tree score: -12622.210 / CPU time: 1.317
Number of iterations: 20
--------------------------------------------------------------------
|               OPTIMIZING CANDIDATE TREE SET                      |
--------------------------------------------------------------------
Iteration 30 / LogL: -12623.661 / Time: 0h:0m:1s (0h:0m:4s left)
Iteration 40 / LogL: -12622.227 / Time: 0h:0m:2s (0h:0m:3s left)
Iteration 50 / LogL: -12622.243 / Time: 0h:0m:2s (0h:0m:2s left)
Iteration 60 / LogL: -12622.450 / Time: 0h:0m:3s (0h:0m:2s left)
Iteration 70 / LogL: -12622.384 / Time: 0h:0m:3s (0h:0m:1s left)
Iteration 80 / LogL: -12622.215 / Time: 0h:0m:4s (0h:0m:1s left)
Iteration 90 / LogL: -12622.226 / Time: 0h:0m:4s (0h:0m:0s left)
Iteration 100 / LogL: -12622.238 / Time: 0h:0m:4s (0h:0m:0s left)
TREE SEARCH COMPLETED AFTER 102 ITERATIONS / Time: 0h:0m:5s

--------------------------------------------------------------------
|                    FINALIZING TREE SEARCH                        |
--------------------------------------------------------------------
Performs final model parameters optimization
Estimate model parameters (epsilon = 0.010)
1. Initial log-likelihood: -12622.210
Optimal log-likelihood: -12622.210
Rate parameters:  A-C: 1.05017  A-G: 3.16706  A-T: 1.10193  C-G: 0.81817  C-T: 4.06358  G-T: 1.00000
Base frequencies:  A: 0.302  C: 0.212  G: 0.262  T: 0.224
Gamma shape alpha: 0.545
Parameters optimization took 1 rounds (0.006 sec)
BEST SCORE FOUND : -12622.210

Testing tree branches by SH-like aLRT with 1000 replicates...
0.112 sec.
Total tree length: 1.890

Total number of iterations: 102
CPU time used for tree search: 6.668 sec (0h:0m:6s)
Wall-clock time used for tree search: 4.993 sec (0h:0m:4s)
Total CPU time used: 7.188 sec (0h:0m:7s)
Total wall-clock time used: 5.175 sec (0h:0m:5s)

Analysis results written to: 
  IQ-TREE report:                cluster3367rr.1to1ortho.fa.aln-cln_gene760.fa.iqtree
  Maximum-likelihood tree:       cluster3367rr.1to1ortho.fa.aln-cln_gene760.fa.treefile
  Likelihood distances:          cluster3367rr.1to1ortho.fa.aln-cln_gene760.fa.mldist
  Screen log file:               cluster3367rr.1to1ortho.fa.aln-cln_gene760.fa.log

Date and Time: Mon Nov 25 10:28:48 2019
