IQ-TREE multicore version 1.6.11 for Mac OS X 64-bit built Jul 12 2019
Developed by Bui Quang Minh, Nguyen Lam Tung, Olga Chernomor,
Heiko Schmidt, Dominik Schrempf, Michael Woodhams.

Host:    slpc437 (AVX2, FMA3, 16 GB RAM)
Command: iqtree -s cluster3028rr.1to1ortho.fa.aln-cln_gene1030.fa -nt 4 -m GTR+G -alrt 1000
Seed:    582891 (Using SPRNG - Scalable Parallel Random Number Generator)
Time:    Mon Nov 25 10:20:32 2019
Kernel:  AVX+FMA - 4 threads (6 CPU cores detected)

Reading alignment file cluster3028rr.1to1ortho.fa.aln-cln_gene1030.fa ... Fasta format detected
Alignment most likely contains DNA/RNA sequences
Alignment has 13 sequences with 1152 columns, 579 distinct patterns
431 parsimony-informative, 192 singleton sites, 529 constant sites
           Gap/Ambiguity  Composition  p-value
   1  DrolusSFB    0.69%    passed     90.79%
   2  Dino        16.23%    passed     94.88%
   3  MJM3360      4.34%    passed     62.13%
   4  DrobinSFB    2.08%    passed     94.01%
   5  Neam         0.00%    passed     86.21%
   6  RuprSFB      3.65%    passed     89.04%
   7  Retr         3.04%    passed     75.68%
   8  Beta         1.04%    passed     46.33%
   9  Spol         0.00%    passed     99.91%
  10  MJM1652      0.00%    passed     90.00%
  11  NepSFB       0.00%    passed     77.26%
  12  WPYJ         3.04%    passed     72.28%
  13  MJM2940      1.48%    passed     91.89%
****  TOTAL        2.74%  0 sequences failed composition chi2 test (p-value<5%; df=3)

Create initial parsimony tree by phylogenetic likelihood library (PLL)... 0.001 seconds

NOTE: 0 MB RAM (0 GB) is required!
Estimate model parameters (epsilon = 0.100)
1. Initial log-likelihood: -8141.940
2. Current log-likelihood: -7845.964
3. Current log-likelihood: -7844.376
Optimal log-likelihood: -7844.345
Rate parameters:  A-C: 2.08931  A-G: 5.05515  A-T: 2.00644  C-G: 1.68136  C-T: 7.00193  G-T: 1.00000
Base frequencies:  A: 0.307  C: 0.179  G: 0.255  T: 0.259
Gamma shape alpha: 0.541
Parameters optimization took 3 rounds (0.033 sec)
Computing ML distances based on estimated model parameters... 0.001 sec
Computing BIONJ tree...
0.002 seconds
Log-likelihood of BIONJ tree: -7845.189
--------------------------------------------------------------------
|             INITIALIZING CANDIDATE TREE SET                      |
--------------------------------------------------------------------
Generating 98 parsimony trees... 0.082 second
Computing log-likelihood of 98 initial trees ... 0.416 seconds
Current best score: -7844.345

Do NNI search on 20 best initial trees
Estimate model parameters (epsilon = 0.100)
BETTER TREE FOUND at iteration 1: -7844.341
Iteration 10 / LogL: -7844.366 / Time: 0h:0m:0s
Iteration 20 / LogL: -7844.342 / Time: 0h:0m:1s
Finish initializing candidate tree set (1)
Current best tree score: -7844.341 / CPU time: 1.022
Number of iterations: 20
--------------------------------------------------------------------
|               OPTIMIZING CANDIDATE TREE SET                      |
--------------------------------------------------------------------
Iteration 30 / LogL: -7844.412 / Time: 0h:0m:1s (0h:0m:3s left)
Iteration 40 / LogL: -7844.399 / Time: 0h:0m:1s (0h:0m:2s left)
Iteration 50 / LogL: -7844.642 / Time: 0h:0m:2s (0h:0m:2s left)
Iteration 60 / LogL: -7859.761 / Time: 0h:0m:2s (0h:0m:1s left)
Iteration 70 / LogL: -7844.342 / Time: 0h:0m:2s (0h:0m:1s left)
Iteration 80 / LogL: -7844.343 / Time: 0h:0m:3s (0h:0m:0s left)
Iteration 90 / LogL: -7844.358 / Time: 0h:0m:3s (0h:0m:0s left)
Iteration 100 / LogL: -7844.898 / Time: 0h:0m:4s (0h:0m:0s left)
TREE SEARCH COMPLETED AFTER 102 ITERATIONS / Time: 0h:0m:4s

--------------------------------------------------------------------
|                    FINALIZING TREE SEARCH                        |
--------------------------------------------------------------------
Performs final model parameters optimization
Estimate model parameters (epsilon = 0.010)
1. Initial log-likelihood: -7844.341
Optimal log-likelihood: -7844.340
Rate parameters:  A-C: 2.06758  A-G: 5.00044  A-T: 1.99384  C-G: 1.65906  C-T: 6.94883  G-T: 1.00000
Base frequencies:  A: 0.307  C: 0.179  G: 0.255  T: 0.259
Gamma shape alpha: 0.542
Parameters optimization took 1 rounds (0.004 sec)
BEST SCORE FOUND : -7844.340

Testing tree branches by SH-like aLRT with 1000 replicates...
0.072 sec.
Total tree length: 1.733

Total number of iterations: 102
CPU time used for tree search: 4.600 sec (0h:0m:4s)
Wall-clock time used for tree search: 4.119 sec (0h:0m:4s)
Total CPU time used: 4.927 sec (0h:0m:4s)
Total wall-clock time used: 4.247 sec (0h:0m:4s)

Analysis results written to: 
  IQ-TREE report:                cluster3028rr.1to1ortho.fa.aln-cln_gene1030.fa.iqtree
  Maximum-likelihood tree:       cluster3028rr.1to1ortho.fa.aln-cln_gene1030.fa.treefile
  Likelihood distances:          cluster3028rr.1to1ortho.fa.aln-cln_gene1030.fa.mldist
  Screen log file:               cluster3028rr.1to1ortho.fa.aln-cln_gene1030.fa.log

Date and Time: Mon Nov 25 10:20:36 2019
