IQ-TREE multicore version 1.6.11 for Mac OS X 64-bit built Jul 12 2019
Developed by Bui Quang Minh, Nguyen Lam Tung, Olga Chernomor,
Heiko Schmidt, Dominik Schrempf, Michael Woodhams.

Host:    slpc437 (AVX2, FMA3, 16 GB RAM)
Command: iqtree -s cluster2556rr.1to1ortho.fa.aln-cln_gene1127.fa -nt 4 -m GTR+G -alrt 1000
Seed:    892555 (Using SPRNG - Scalable Parallel Random Number Generator)
Time:    Mon Nov 25 10:07:42 2019
Kernel:  AVX+FMA - 4 threads (6 CPU cores detected)

Reading alignment file cluster2556rr.1to1ortho.fa.aln-cln_gene1127.fa ... Fasta format detected
Alignment most likely contains DNA/RNA sequences
Alignment has 13 sequences with 2841 columns, 1533 distinct patterns
1107 parsimony-informative, 581 singleton sites, 1153 constant sites
           Gap/Ambiguity  Composition  p-value
   1  DrolusSFB   17.49%    passed     57.06%
   2  Dino         0.21%    passed     72.06%
   3  MJM3360     19.85%    passed     96.82%
   4  DrobinSFB   12.81%    passed     36.45%
   5  Neam         0.21%    passed     92.92%
   6  RuprSFB     19.85%    passed     29.52%
   7  Retr        41.85%    passed     97.73%
   8  Beta         0.63%    passed     25.13%
   9  Spol        25.48%    passed     15.28%
  10  MJM1652      0.21%    passed     70.82%
  11  NepSFB      46.04%    passed     22.90%
  12  WPYJ        70.15%    passed     80.00%
  13  MJM2940     17.18%    passed     65.94%
WARNING: 1 sequences contain more than 50% gaps/ambiguity
****  TOTAL       20.92%  0 sequences failed composition chi2 test (p-value<5%; df=3)

Create initial parsimony tree by phylogenetic likelihood library (PLL)... 0.002 seconds

NOTE: 2 MB RAM (0 GB) is required!
Estimate model parameters (epsilon = 0.100)
1. Initial log-likelihood: -19395.046
2. Current log-likelihood: -18606.340
3. Current log-likelihood: -18601.168
Optimal log-likelihood: -18601.089
Rate parameters:  A-C: 1.78503  A-G: 4.82183  A-T: 1.50022  C-G: 1.71053  C-T: 5.07604  G-T: 1.00000
Base frequencies:  A: 0.273  C: 0.193  G: 0.242  T: 0.293
Gamma shape alpha: 0.730
Parameters optimization took 3 rounds (0.059 sec)
Computing ML distances based on estimated model parameters... 0.002 sec
Computing BIONJ tree...
0.002 seconds
Log-likelihood of BIONJ tree: -18603.667
--------------------------------------------------------------------
|             INITIALIZING CANDIDATE TREE SET                      |
--------------------------------------------------------------------
Generating 98 parsimony trees... 0.151 second
Computing log-likelihood of 97 initial trees ... 0.567 seconds
Current best score: -18601.089

Do NNI search on 20 best initial trees
Estimate model parameters (epsilon = 0.100)
BETTER TREE FOUND at iteration 1: -18598.168
Iteration 10 / LogL: -18601.616 / Time: 0h:0m:1s
Iteration 20 / LogL: -18598.331 / Time: 0h:0m:1s
Finish initializing candidate tree set (2)
Current best tree score: -18598.168 / CPU time: 1.495
Number of iterations: 20
--------------------------------------------------------------------
|               OPTIMIZING CANDIDATE TREE SET                      |
--------------------------------------------------------------------
Iteration 30 / LogL: -18598.179 / Time: 0h:0m:2s (0h:0m:5s left)
Iteration 40 / LogL: -18598.473 / Time: 0h:0m:2s (0h:0m:4s left)
Iteration 50 / LogL: -18598.181 / Time: 0h:0m:3s (0h:0m:3s left)
Iteration 60 / LogL: -18598.190 / Time: 0h:0m:3s (0h:0m:2s left)
Iteration 70 / LogL: -18598.172 / Time: 0h:0m:4s (0h:0m:2s left)
Iteration 80 / LogL: -18626.957 / Time: 0h:0m:5s (0h:0m:1s left)
Iteration 90 / LogL: -18598.193 / Time: 0h:0m:5s (0h:0m:0s left)
Iteration 100 / LogL: -18598.201 / Time: 0h:0m:6s (0h:0m:0s left)
TREE SEARCH COMPLETED AFTER 102 ITERATIONS / Time: 0h:0m:6s

--------------------------------------------------------------------
|                    FINALIZING TREE SEARCH                        |
--------------------------------------------------------------------
Performs final model parameters optimization
Estimate model parameters (epsilon = 0.010)
1. Initial log-likelihood: -18598.168
Optimal log-likelihood: -18598.168
Rate parameters:  A-C: 1.77407  A-G: 4.81947  A-T: 1.50018  C-G: 1.70765  C-T: 5.07734  G-T: 1.00000
Base frequencies:  A: 0.273  C: 0.193  G: 0.242  T: 0.293
Gamma shape alpha: 0.728
Parameters optimization took 1 rounds (0.008 sec)
BEST SCORE FOUND : -18598.168

Testing tree branches by SH-like aLRT with 1000 replicates...
0.157 sec.
Total tree length: 2.143

Total number of iterations: 102
CPU time used for tree search: 10.579 sec (0h:0m:10s)
Wall-clock time used for tree search: 6.465 sec (0h:0m:6s)
Total CPU time used: 11.358 sec (0h:0m:11s)
Total wall-clock time used: 6.717 sec (0h:0m:6s)

Analysis results written to: 
  IQ-TREE report:                cluster2556rr.1to1ortho.fa.aln-cln_gene1127.fa.iqtree
  Maximum-likelihood tree:       cluster2556rr.1to1ortho.fa.aln-cln_gene1127.fa.treefile
  Likelihood distances:          cluster2556rr.1to1ortho.fa.aln-cln_gene1127.fa.mldist
  Screen log file:               cluster2556rr.1to1ortho.fa.aln-cln_gene1127.fa.log

Date and Time: Mon Nov 25 10:07:49 2019
