IQ-TREE multicore version 1.6.11 for Mac OS X 64-bit built Jul 12 2019
Developed by Bui Quang Minh, Nguyen Lam Tung, Olga Chernomor,
Heiko Schmidt, Dominik Schrempf, Michael Woodhams.

Host:    slpc437 (AVX2, FMA3, 16 GB RAM)
Command: iqtree -s cluster3787rr.1to1ortho.fa.aln-cln_gene56.fa -nt 4 -m GTR+G -alrt 1000
Seed:    813856 (Using SPRNG - Scalable Parallel Random Number Generator)
Time:    Mon Nov 25 10:37:02 2019
Kernel:  AVX+FMA - 4 threads (6 CPU cores detected)

Reading alignment file cluster3787rr.1to1ortho.fa.aln-cln_gene56.fa ... Fasta format detected
Alignment most likely contains DNA/RNA sequences
Alignment has 13 sequences with 1393 columns, 604 distinct patterns
453 parsimony-informative, 181 singleton sites, 759 constant sites
           Gap/Ambiguity  Composition  p-value
   1  DrolusSFB    1.72%    passed     53.34%
   2  Dino         2.08%    passed     94.50%
   3  MJM3360      6.17%    passed     13.37%
   4  DrobinSFB    2.80%    passed     98.13%
   5  Neam         0.00%    passed     89.82%
   6  RuprSFB      7.18%    passed     91.64%
   7  Retr         7.32%    passed     51.00%
   8  Beta         6.32%    passed     57.09%
   9  Spol         6.32%    passed     66.62%
  10  MJM1652      0.22%    passed     91.48%
  11  NepSFB       0.00%    passed     71.55%
  12  WPYJ        42.07%    passed     80.78%
  13  MJM2940      1.72%    passed     99.13%
****  TOTAL        6.46%  0 sequences failed composition chi2 test (p-value<5%; df=3)

Create initial parsimony tree by phylogenetic likelihood library (PLL)... 0.001 seconds

NOTE: 1 MB RAM (0 GB) is required!
Estimate model parameters (epsilon = 0.100)
1. Initial log-likelihood: -8821.906
2. Current log-likelihood: -8367.388
3. Current log-likelihood: -8360.782
4. Current log-likelihood: -8360.651
Optimal log-likelihood: -8360.645
Rate parameters:  A-C: 2.56183  A-G: 10.05006  A-T: 3.70708  C-G: 2.85322  C-T: 11.19050  G-T: 1.00000
Base frequencies:  A: 0.235  C: 0.240  G: 0.231  T: 0.293
Gamma shape alpha: 0.339
Parameters optimization took 4 rounds (0.049 sec)
Computing ML distances based on estimated model parameters... 0.001 sec
Computing BIONJ tree...
0.002 seconds
Log-likelihood of BIONJ tree: -8362.436
--------------------------------------------------------------------
|             INITIALIZING CANDIDATE TREE SET                      |
--------------------------------------------------------------------
Generating 98 parsimony trees... 0.084 second
Computing log-likelihood of 97 initial trees ... 0.425 seconds
Current best score: -8360.072

Do NNI search on 20 best initial trees
Estimate model parameters (epsilon = 0.100)
BETTER TREE FOUND at iteration 1: -8359.975
Iteration 10 / LogL: -8360.122 / Time: 0h:0m:0s
Iteration 20 / LogL: -8359.977 / Time: 0h:0m:1s
Finish initializing candidate tree set (2)
Current best tree score: -8359.975 / CPU time: 1.066
Number of iterations: 20
--------------------------------------------------------------------
|               OPTIMIZING CANDIDATE TREE SET                      |
--------------------------------------------------------------------
Iteration 30 / LogL: -8359.978 / Time: 0h:0m:1s (0h:0m:3s left)
Iteration 40 / LogL: -8360.790 / Time: 0h:0m:1s (0h:0m:3s left)
Iteration 50 / LogL: -8361.084 / Time: 0h:0m:2s (0h:0m:2s left)
Iteration 60 / LogL: -8360.804 / Time: 0h:0m:2s (0h:0m:2s left)
Iteration 70 / LogL: -8360.796 / Time: 0h:0m:3s (0h:0m:1s left)
Iteration 80 / LogL: -8360.793 / Time: 0h:0m:3s (0h:0m:1s left)
Iteration 90 / LogL: -8359.989 / Time: 0h:0m:4s (0h:0m:0s left)
Iteration 100 / LogL: -8360.800 / Time: 0h:0m:4s (0h:0m:0s left)
TREE SEARCH COMPLETED AFTER 102 ITERATIONS / Time: 0h:0m:4s

--------------------------------------------------------------------
|                    FINALIZING TREE SEARCH                        |
--------------------------------------------------------------------
Performs final model parameters optimization
Estimate model parameters (epsilon = 0.010)
1. Initial log-likelihood: -8359.975
Optimal log-likelihood: -8359.973
Rate parameters:  A-C: 2.62077  A-G: 10.38305  A-T: 3.79316  C-G: 2.93016  C-T: 11.48846  G-T: 1.00000
Base frequencies:  A: 0.235  C: 0.240  G: 0.231  T: 0.293
Gamma shape alpha: 0.339
Parameters optimization took 1 rounds (0.005 sec)
BEST SCORE FOUND : -8359.973

Testing tree branches by SH-like aLRT with 1000 replicates...
0.081 sec.
Total tree length: 1.647

Total number of iterations: 102
CPU time used for tree search: 5.246 sec (0h:0m:5s)
Wall-clock time used for tree search: 4.627 sec (0h:0m:4s)
Total CPU time used: 5.647 sec (0h:0m:5s)
Total wall-clock time used: 4.781 sec (0h:0m:4s)

Analysis results written to: 
  IQ-TREE report:                cluster3787rr.1to1ortho.fa.aln-cln_gene56.fa.iqtree
  Maximum-likelihood tree:       cluster3787rr.1to1ortho.fa.aln-cln_gene56.fa.treefile
  Likelihood distances:          cluster3787rr.1to1ortho.fa.aln-cln_gene56.fa.mldist
  Screen log file:               cluster3787rr.1to1ortho.fa.aln-cln_gene56.fa.log

Date and Time: Mon Nov 25 10:37:07 2019
