IQ-TREE multicore version 1.6.11 for Mac OS X 64-bit built Jul 12 2019
Developed by Bui Quang Minh, Nguyen Lam Tung, Olga Chernomor,
Heiko Schmidt, Dominik Schrempf, Michael Woodhams.

Host:    slpc437 (AVX2, FMA3, 16 GB RAM)
Command: iqtree -s cluster2829rr.1to1ortho.fa.aln-cln_gene102.fa -nt 4 -m GTR+G -alrt 1000
Seed:    525480 (Using SPRNG - Scalable Parallel Random Number Generator)
Time:    Mon Nov 25 10:14:42 2019
Kernel:  AVX+FMA - 4 threads (6 CPU cores detected)

Reading alignment file cluster2829rr.1to1ortho.fa.aln-cln_gene102.fa ... Fasta format detected
Alignment most likely contains DNA/RNA sequences
Alignment has 13 sequences with 1734 columns, 726 distinct patterns
574 parsimony-informative, 222 singleton sites, 938 constant sites
           Gap/Ambiguity  Composition  p-value
   1  DrolusSFB    0.35%    passed     92.65%
   2  Dino         0.00%    passed     47.55%
   3  MJM3360      6.98%    passed     15.33%
   4  DrobinSFB    0.17%    passed     78.23%
   5  Neam         0.35%    passed     96.36%
   6  RuprSFB     15.92%    passed     58.64%
   7  Retr        23.88%    passed     12.59%
   8  Beta         0.23%    passed     50.98%
   9  Spol         0.52%    passed     77.13%
  10  MJM1652      0.17%    passed     80.37%
  11  NepSFB       0.35%    passed     81.72%
  12  WPYJ        23.88%    passed     65.55%
  13  MJM2940      0.17%    passed     97.54%
****  TOTAL        5.61%  0 sequences failed composition chi2 test (p-value<5%; df=3)

Create initial parsimony tree by phylogenetic likelihood library (PLL)... 0.001 seconds

NOTE: 1 MB RAM (0 GB) is required!
Estimate model parameters (epsilon = 0.100)
1. Initial log-likelihood: -10836.962
2. Current log-likelihood: -10371.898
3. Current log-likelihood: -10367.409
Optimal log-likelihood: -10367.334
Rate parameters:  A-C: 1.55877  A-G: 4.30114  A-T: 1.53106  C-G: 1.10154  C-T: 5.97562  G-T: 1.00000
Base frequencies:  A: 0.279  C: 0.207  G: 0.242  T: 0.272
Gamma shape alpha: 0.388
Parameters optimization took 3 rounds (0.039 sec)
Computing ML distances based on estimated model parameters... 0.002 sec
Computing BIONJ tree...
0.002 seconds
Log-likelihood of BIONJ tree: -10372.355
--------------------------------------------------------------------
|             INITIALIZING CANDIDATE TREE SET                      |
--------------------------------------------------------------------
Generating 98 parsimony trees... 0.084 second
Computing log-likelihood of 98 initial trees ... 0.445 seconds
Current best score: -10365.539

Do NNI search on 20 best initial trees
Estimate model parameters (epsilon = 0.100)
BETTER TREE FOUND at iteration 1: -10365.474
Iteration 10 / LogL: -10365.737 / Time: 0h:0m:0s
Iteration 20 / LogL: -10365.487 / Time: 0h:0m:1s
Finish initializing candidate tree set (1)
Current best tree score: -10365.474 / CPU time: 1.094
Number of iterations: 20
--------------------------------------------------------------------
|               OPTIMIZING CANDIDATE TREE SET                      |
--------------------------------------------------------------------
UPDATE BEST LOG-LIKELIHOOD: -10365.474
Iteration 30 / LogL: -10365.521 / Time: 0h:0m:1s (0h:0m:3s left)
Iteration 40 / LogL: -10366.328 / Time: 0h:0m:1s (0h:0m:3s left)
Iteration 50 / LogL: -10365.878 / Time: 0h:0m:2s (0h:0m:2s left)
Iteration 60 / LogL: -10365.556 / Time: 0h:0m:2s (0h:0m:1s left)
Iteration 70 / LogL: -10365.485 / Time: 0h:0m:3s (0h:0m:1s left)
Iteration 80 / LogL: -10365.555 / Time: 0h:0m:3s (0h:0m:0s left)
Iteration 90 / LogL: -10365.498 / Time: 0h:0m:3s (0h:0m:0s left)
Iteration 100 / LogL: -10365.551 / Time: 0h:0m:4s (0h:0m:0s left)
TREE SEARCH COMPLETED AFTER 102 ITERATIONS / Time: 0h:0m:4s

--------------------------------------------------------------------
|                    FINALIZING TREE SEARCH                        |
--------------------------------------------------------------------
Performs final model parameters optimization
Estimate model parameters (epsilon = 0.010)
1. Initial log-likelihood: -10365.474
Optimal log-likelihood: -10365.473
Rate parameters:  A-C: 1.56242  A-G: 4.30130  A-T: 1.53800  C-G: 1.08983  C-T: 5.99250  G-T: 1.00000
Base frequencies:  A: 0.279  C: 0.207  G: 0.242  T: 0.272
Gamma shape alpha: 0.389
Parameters optimization took 1 rounds (0.005 sec)
BEST SCORE FOUND : -10365.473

Testing tree branches by SH-like aLRT with 1000 replicates...
0.101 sec.
Total tree length: 1.493

Total number of iterations: 102
CPU time used for tree search: 5.220 sec (0h:0m:5s)
Wall-clock time used for tree search: 4.287 sec (0h:0m:4s)
Total CPU time used: 5.674 sec (0h:0m:5s)
Total wall-clock time used: 4.452 sec (0h:0m:4s)

Analysis results written to: 
  IQ-TREE report:                cluster2829rr.1to1ortho.fa.aln-cln_gene102.fa.iqtree
  Maximum-likelihood tree:       cluster2829rr.1to1ortho.fa.aln-cln_gene102.fa.treefile
  Likelihood distances:          cluster2829rr.1to1ortho.fa.aln-cln_gene102.fa.mldist
  Screen log file:               cluster2829rr.1to1ortho.fa.aln-cln_gene102.fa.log

Date and Time: Mon Nov 25 10:14:46 2019
