IQ-TREE multicore version 1.6.11 for Mac OS X 64-bit built Jul 12 2019
Developed by Bui Quang Minh, Nguyen Lam Tung, Olga Chernomor,
Heiko Schmidt, Dominik Schrempf, Michael Woodhams.

Host:    slpc437 (AVX2, FMA3, 16 GB RAM)
Command: iqtree -s cluster1406rr.1to1ortho.fa.aln-cln_gene839.fa -nt 4 -m GTR+G -alrt 1000
Seed:    27097 (Using SPRNG - Scalable Parallel Random Number Generator)
Time:    Mon Nov 25 09:41:55 2019
Kernel:  AVX+FMA - 4 threads (6 CPU cores detected)

Reading alignment file cluster1406rr.1to1ortho.fa.aln-cln_gene839.fa ... Fasta format detected
Alignment most likely contains DNA/RNA sequences
Alignment has 13 sequences with 1388 columns, 698 distinct patterns
512 parsimony-informative, 239 singleton sites, 637 constant sites
           Gap/Ambiguity  Composition  p-value
   1  DrolusSFB    2.23%    passed     23.95%
   2  Dino         1.22%    passed     21.00%
   3  MJM3360     25.22%    passed     30.68%
   4  DrobinSFB   25.22%    passed     55.21%
   5  Neam        10.66%    passed     67.99%
   6  RuprSFB     25.14%    passed     31.37%
   7  Retr        25.29%    passed      7.28%
   8  Beta         6.27%    passed     31.50%
   9  Spol         6.77%    passed     99.91%
  10  MJM1652      0.94%    passed     16.77%
  11  NepSFB       2.45%    passed     52.30%
  12  WPYJ        25.50%    passed     22.51%
  13  MJM2940      1.66%    passed     65.11%
****  TOTAL       12.20%  0 sequences failed composition chi2 test (p-value<5%; df=3)

Create initial parsimony tree by phylogenetic likelihood library (PLL)... 0.001 seconds

NOTE: 1 MB RAM (0 GB) is required!
Estimate model parameters (epsilon = 0.100)
1. Initial log-likelihood: -9138.748
2. Current log-likelihood: -8752.547
3. Current log-likelihood: -8749.074
Optimal log-likelihood: -8749.031
Rate parameters:  A-C: 1.86790  A-G: 5.01264  A-T: 1.55716  C-G: 1.61908  C-T: 6.41960  G-T: 1.00000
Base frequencies:  A: 0.266  C: 0.204  G: 0.243  T: 0.287
Gamma shape alpha: 0.561
Parameters optimization took 3 rounds (0.046 sec)
Computing ML distances based on estimated model parameters... 0.001 sec
Computing BIONJ tree...
0.002 seconds
Log-likelihood of BIONJ tree: -8755.740
--------------------------------------------------------------------
|             INITIALIZING CANDIDATE TREE SET                      |
--------------------------------------------------------------------
Generating 98 parsimony trees... 0.080 second
Computing log-likelihood of 98 initial trees ... 0.453 seconds
Current best score: -8749.031

Do NNI search on 20 best initial trees
Estimate model parameters (epsilon = 0.100)
BETTER TREE FOUND at iteration 1: -8749.030
Iteration 10 / LogL: -8749.102 / Time: 0h:0m:0s
Iteration 20 / LogL: -8749.053 / Time: 0h:0m:1s
Finish initializing candidate tree set (2)
Current best tree score: -8749.030 / CPU time: 1.073
Number of iterations: 20
--------------------------------------------------------------------
|               OPTIMIZING CANDIDATE TREE SET                      |
--------------------------------------------------------------------
Iteration 30 / LogL: -8749.193 / Time: 0h:0m:1s (0h:0m:3s left)
Iteration 40 / LogL: -8749.127 / Time: 0h:0m:1s (0h:0m:2s left)
Iteration 50 / LogL: -8749.313 / Time: 0h:0m:2s (0h:0m:2s left)
Iteration 60 / LogL: -8749.146 / Time: 0h:0m:2s (0h:0m:1s left)
Iteration 70 / LogL: -8749.151 / Time: 0h:0m:3s (0h:0m:1s left)
Iteration 80 / LogL: -8749.072 / Time: 0h:0m:3s (0h:0m:0s left)
UPDATE BEST LOG-LIKELIHOOD: -8749.030
Iteration 90 / LogL: -8749.277 / Time: 0h:0m:3s (0h:0m:0s left)
Iteration 100 / LogL: -8749.035 / Time: 0h:0m:4s (0h:0m:0s left)
TREE SEARCH COMPLETED AFTER 102 ITERATIONS / Time: 0h:0m:4s

--------------------------------------------------------------------
|                    FINALIZING TREE SEARCH                        |
--------------------------------------------------------------------
Performs final model parameters optimization
Estimate model parameters (epsilon = 0.010)
1. Initial log-likelihood: -8749.030
Optimal log-likelihood: -8749.030
Rate parameters:  A-C: 1.86816  A-G: 5.01578  A-T: 1.55854  C-G: 1.61681  C-T: 6.42518  G-T: 1.00000
Base frequencies:  A: 0.266  C: 0.204  G: 0.243  T: 0.287
Gamma shape alpha: 0.561
Parameters optimization took 1 rounds (0.005 sec)
BEST SCORE FOUND : -8749.030

Testing tree branches by SH-like aLRT with 1000 replicates...
0.083 sec.
Total tree length: 1.816

Total number of iterations: 102
CPU time used for tree search: 5.253 sec (0h:0m:5s)
Wall-clock time used for tree search: 4.403 sec (0h:0m:4s)
Total CPU time used: 5.662 sec (0h:0m:5s)
Total wall-clock time used: 4.558 sec (0h:0m:4s)

Analysis results written to: 
  IQ-TREE report:                cluster1406rr.1to1ortho.fa.aln-cln_gene839.fa.iqtree
  Maximum-likelihood tree:       cluster1406rr.1to1ortho.fa.aln-cln_gene839.fa.treefile
  Likelihood distances:          cluster1406rr.1to1ortho.fa.aln-cln_gene839.fa.mldist
  Screen log file:               cluster1406rr.1to1ortho.fa.aln-cln_gene839.fa.log

Date and Time: Mon Nov 25 09:41:59 2019
