IQ-TREE multicore version 1.6.11 for Mac OS X 64-bit built Jul 12 2019
Developed by Bui Quang Minh, Nguyen Lam Tung, Olga Chernomor,
Heiko Schmidt, Dominik Schrempf, Michael Woodhams.

Host:    slpc437 (AVX2, FMA3, 16 GB RAM)
Command: iqtree -s cluster3820rr.1to1ortho.fa.aln-cln_gene1121.fa -nt 4 -m GTR+G -alrt 1000
Seed:    577989 (Using SPRNG - Scalable Parallel Random Number Generator)
Time:    Mon Nov 25 10:37:40 2019
Kernel:  AVX+FMA - 4 threads (6 CPU cores detected)

Reading alignment file cluster3820rr.1to1ortho.fa.aln-cln_gene1121.fa ... Fasta format detected
Alignment most likely contains DNA/RNA sequences
Alignment has 13 sequences with 1710 columns, 725 distinct patterns
610 parsimony-informative, 213 singleton sites, 887 constant sites
           Gap/Ambiguity  Composition  p-value
   1  DrolusSFB    0.70%    passed     84.67%
   2  Dino         0.35%    passed     99.54%
   3  MJM3360      4.68%    passed     89.57%
   4  DrobinSFB    0.00%    passed     97.03%
   5  Neam         0.00%    passed     97.48%
   6  RuprSFB      5.09%    passed     61.33%
   7  Retr         0.35%    passed     99.88%
   8  Beta         0.70%    passed     36.03%
   9  Spol         0.70%    passed     84.77%
  10  MJM1652      1.70%    passed     99.48%
  11  NepSFB       0.00%    passed     99.59%
  12  WPYJ         0.35%    passed     94.56%
  13  MJM2940      0.00%    passed     99.73%
****  TOTAL        1.12%  0 sequences failed composition chi2 test (p-value<5%; df=3)

Create initial parsimony tree by phylogenetic likelihood library (PLL)... 0.001 seconds

NOTE: 1 MB RAM (0 GB) is required!
Estimate model parameters (epsilon = 0.100)
1. Initial log-likelihood: -11163.555
2. Current log-likelihood: -10742.720
3. Current log-likelihood: -10739.690
Optimal log-likelihood: -10739.637
Rate parameters:  A-C: 2.41794  A-G: 5.68084  A-T: 2.04977  C-G: 1.54216  C-T: 6.82863  G-T: 1.00000
Base frequencies:  A: 0.270  C: 0.202  G: 0.244  T: 0.283
Gamma shape alpha: 0.449
Parameters optimization took 3 rounds (0.048 sec)
Computing ML distances based on estimated model parameters... 0.001 sec
Computing BIONJ tree...
0.002 seconds
Log-likelihood of BIONJ tree: -10749.573
--------------------------------------------------------------------
|             INITIALIZING CANDIDATE TREE SET                      |
--------------------------------------------------------------------
Generating 98 parsimony trees... 0.103 second
Computing log-likelihood of 96 initial trees ... 0.426 seconds
Current best score: -10739.637

Do NNI search on 20 best initial trees
Estimate model parameters (epsilon = 0.100)
BETTER TREE FOUND at iteration 1: -10739.636
Iteration 10 / LogL: -10747.568 / Time: 0h:0m:0s
Iteration 20 / LogL: -10739.808 / Time: 0h:0m:1s
Finish initializing candidate tree set (2)
Current best tree score: -10739.636 / CPU time: 1.050
Number of iterations: 20
--------------------------------------------------------------------
|               OPTIMIZING CANDIDATE TREE SET                      |
--------------------------------------------------------------------
Iteration 30 / LogL: -10747.545 / Time: 0h:0m:1s (0h:0m:3s left)
Iteration 40 / LogL: -10747.798 / Time: 0h:0m:1s (0h:0m:2s left)
Iteration 50 / LogL: -10739.863 / Time: 0h:0m:2s (0h:0m:2s left)
Iteration 60 / LogL: -10739.843 / Time: 0h:0m:2s (0h:0m:1s left)
Iteration 70 / LogL: -10747.532 / Time: 0h:0m:3s (0h:0m:1s left)
Iteration 80 / LogL: -10747.583 / Time: 0h:0m:3s (0h:0m:0s left)
Iteration 90 / LogL: -10739.815 / Time: 0h:0m:3s (0h:0m:0s left)
Iteration 100 / LogL: -10748.449 / Time: 0h:0m:4s (0h:0m:0s left)
TREE SEARCH COMPLETED AFTER 102 ITERATIONS / Time: 0h:0m:4s

--------------------------------------------------------------------
|                    FINALIZING TREE SEARCH                        |
--------------------------------------------------------------------
Performs final model parameters optimization
Estimate model parameters (epsilon = 0.010)
1. Initial log-likelihood: -10739.636
Optimal log-likelihood: -10739.636
Rate parameters:  A-C: 2.41897  A-G: 5.68168  A-T: 2.05076  C-G: 1.54167  C-T: 6.83279  G-T: 1.00000
Base frequencies:  A: 0.270  C: 0.202  G: 0.244  T: 0.283
Gamma shape alpha: 0.450
Parameters optimization took 1 rounds (0.005 sec)
BEST SCORE FOUND : -10739.636

Testing tree branches by SH-like aLRT with 1000 replicates...
0.098 sec.
Total tree length: 1.419

Total number of iterations: 102
CPU time used for tree search: 5.114 sec (0h:0m:5s)
Wall-clock time used for tree search: 4.233 sec (0h:0m:4s)
Total CPU time used: 5.586 sec (0h:0m:5s)
Total wall-clock time used: 4.404 sec (0h:0m:4s)

Analysis results written to: 
  IQ-TREE report:                cluster3820rr.1to1ortho.fa.aln-cln_gene1121.fa.iqtree
  Maximum-likelihood tree:       cluster3820rr.1to1ortho.fa.aln-cln_gene1121.fa.treefile
  Likelihood distances:          cluster3820rr.1to1ortho.fa.aln-cln_gene1121.fa.mldist
  Screen log file:               cluster3820rr.1to1ortho.fa.aln-cln_gene1121.fa.log

Date and Time: Mon Nov 25 10:37:44 2019
