IQ-TREE multicore version 1.6.11 for Mac OS X 64-bit built Jul 12 2019
Developed by Bui Quang Minh, Nguyen Lam Tung, Olga Chernomor,
Heiko Schmidt, Dominik Schrempf, Michael Woodhams.

Host:    slpc437 (AVX2, FMA3, 16 GB RAM)
Command: iqtree -s cluster4432rr.1to1ortho.fa.aln-cln_gene43.fa -nt 4 -m GTR+G -alrt 1000
Seed:    191521 (Using SPRNG - Scalable Parallel Random Number Generator)
Time:    Mon Nov 25 10:51:50 2019
Kernel:  AVX+FMA - 4 threads (6 CPU cores detected)

Reading alignment file cluster4432rr.1to1ortho.fa.aln-cln_gene43.fa ... Fasta format detected
Alignment most likely contains DNA/RNA sequences
Alignment has 13 sequences with 1074 columns, 573 distinct patterns
364 parsimony-informative, 187 singleton sites, 523 constant sites
           Gap/Ambiguity  Composition  p-value
   1  DrolusSFB    0.28%    passed     45.99%
   2  Dino         2.70%    passed     47.82%
   3  MJM3360     29.89%    passed     11.72%
   4  DrobinSFB    6.33%    passed     67.37%
   5  Neam         0.84%    passed     86.95%
   6  RuprSFB     32.77%    passed     24.84%
   7  Retr        32.87%    passed      8.77%
   8  Beta        14.90%    passed     64.31%
   9  Spol        34.26%    passed      7.71%
  10  MJM1652      2.70%    passed     35.02%
  11  NepSFB       0.84%    passed     88.26%
  12  WPYJ        22.07%    passed     60.29%
  13  MJM2940      0.28%    passed     90.17%
****  TOTAL       13.90%  0 sequences failed composition chi2 test (p-value<5%; df=3)

Create initial parsimony tree by phylogenetic likelihood library (PLL)... 0.001 seconds

NOTE: 0 MB RAM (0 GB) is required!
Estimate model parameters (epsilon = 0.100)
1. Initial log-likelihood: -6769.929
2. Current log-likelihood: -6563.464
3. Current log-likelihood: -6561.777
Optimal log-likelihood: -6561.762
Rate parameters:  A-C: 1.81305  A-G: 4.17322  A-T: 1.29768  C-G: 1.52328  C-T: 4.01536  G-T: 1.00000
Base frequencies:  A: 0.223  C: 0.209  G: 0.245  T: 0.323
Gamma shape alpha: 0.536
Parameters optimization took 3 rounds (0.032 sec)
Computing ML distances based on estimated model parameters... 0.001 sec
Computing BIONJ tree...
0.002 seconds
Log-likelihood of BIONJ tree: -6569.957
--------------------------------------------------------------------
|             INITIALIZING CANDIDATE TREE SET                      |
--------------------------------------------------------------------
Generating 98 parsimony trees... 0.075 second
Computing log-likelihood of 97 initial trees ... 0.424 seconds
Current best score: -6561.751

Do NNI search on 20 best initial trees
Estimate model parameters (epsilon = 0.100)
BETTER TREE FOUND at iteration 1: -6561.728
Iteration 10 / LogL: -6561.819 / Time: 0h:0m:0s
Iteration 20 / LogL: -6561.793 / Time: 0h:0m:1s
Finish initializing candidate tree set (2)
Current best tree score: -6561.728 / CPU time: 1.046
Number of iterations: 20
--------------------------------------------------------------------
|               OPTIMIZING CANDIDATE TREE SET                      |
--------------------------------------------------------------------
Iteration 30 / LogL: -6561.934 / Time: 0h:0m:1s (0h:0m:3s left)
Iteration 40 / LogL: -6561.733 / Time: 0h:0m:1s (0h:0m:2s left)
Iteration 50 / LogL: -6562.112 / Time: 0h:0m:2s (0h:0m:2s left)
Iteration 60 / LogL: -6561.735 / Time: 0h:0m:2s (0h:0m:1s left)
Iteration 70 / LogL: -6561.743 / Time: 0h:0m:2s (0h:0m:1s left)
Iteration 80 / LogL: -6561.867 / Time: 0h:0m:3s (0h:0m:0s left)
Iteration 90 / LogL: -6561.771 / Time: 0h:0m:3s (0h:0m:0s left)
Iteration 100 / LogL: -6561.789 / Time: 0h:0m:4s (0h:0m:0s left)
TREE SEARCH COMPLETED AFTER 102 ITERATIONS / Time: 0h:0m:4s

--------------------------------------------------------------------
|                    FINALIZING TREE SEARCH                        |
--------------------------------------------------------------------
Performs final model parameters optimization
Estimate model parameters (epsilon = 0.010)
1. Initial log-likelihood: -6561.728
Optimal log-likelihood: -6561.727
Rate parameters:  A-C: 1.79730  A-G: 4.17994  A-T: 1.29761  C-G: 1.53182  C-T: 4.02723  G-T: 1.00000
Base frequencies:  A: 0.223  C: 0.209  G: 0.245  T: 0.323
Gamma shape alpha: 0.536
Parameters optimization took 1 rounds (0.005 sec)
BEST SCORE FOUND : -6561.727

Testing tree branches by SH-like aLRT with 1000 replicates...
0.071 sec.
Total tree length: 1.710

Total number of iterations: 102
CPU time used for tree search: 4.515 sec (0h:0m:4s)
Wall-clock time used for tree search: 4.048 sec (0h:0m:4s)
Total CPU time used: 4.829 sec (0h:0m:4s)
Total wall-clock time used: 4.177 sec (0h:0m:4s)

Analysis results written to: 
  IQ-TREE report:                cluster4432rr.1to1ortho.fa.aln-cln_gene43.fa.iqtree
  Maximum-likelihood tree:       cluster4432rr.1to1ortho.fa.aln-cln_gene43.fa.treefile
  Likelihood distances:          cluster4432rr.1to1ortho.fa.aln-cln_gene43.fa.mldist
  Screen log file:               cluster4432rr.1to1ortho.fa.aln-cln_gene43.fa.log

Date and Time: Mon Nov 25 10:51:54 2019
