IQ-TREE multicore version 1.6.11 for Mac OS X 64-bit built Jul 12 2019
Developed by Bui Quang Minh, Nguyen Lam Tung, Olga Chernomor,
Heiko Schmidt, Dominik Schrempf, Michael Woodhams.

Host:    slpc437 (AVX2, FMA3, 16 GB RAM)
Command: iqtree -s cluster2046rr.1to1ortho.fa.aln-cln_gene582.fa -nt 4 -m GTR+G -alrt 1000
Seed:    83711 (Using SPRNG - Scalable Parallel Random Number Generator)
Time:    Mon Nov 25 09:55:00 2019
Kernel:  AVX+FMA - 4 threads (6 CPU cores detected)

Reading alignment file cluster2046rr.1to1ortho.fa.aln-cln_gene582.fa ... Fasta format detected
Alignment most likely contains DNA/RNA sequences
Alignment has 13 sequences with 3075 columns, 1234 distinct patterns
934 parsimony-informative, 400 singleton sites, 1741 constant sites
           Gap/Ambiguity  Composition  p-value
   1  DrolusSFB   42.34%    passed     97.44%
   2  Dino         2.93%    passed     66.62%
   3  MJM3360      6.70%    passed     59.84%
   4  DrobinSFB   32.59%    passed     76.85%
   5  Neam         0.10%    passed     92.23%
   6  RuprSFB      6.86%    passed     86.88%
   7  Retr        46.67%    passed     82.53%
   8  Beta         3.12%    passed     63.84%
   9  Spol         3.12%    passed     66.77%
  10  MJM1652      3.06%    passed     10.17%
  11  NepSFB       0.10%    passed     87.86%
  12  WPYJ        54.96%    passed     86.81%
  13  MJM2940      0.07%    passed     28.76%
WARNING: 1 sequences contain more than 50% gaps/ambiguity
****  TOTAL       15.58%  0 sequences failed composition chi2 test (p-value<5%; df=3)

Create initial parsimony tree by phylogenetic likelihood library (PLL)... 0.001 seconds

NOTE: 2 MB RAM (0 GB) is required!
Estimate model parameters (epsilon = 0.100)
1. Initial log-likelihood: -17643.549
2. Current log-likelihood: -16870.662
3. Current log-likelihood: -16864.198
4. Current log-likelihood: -16864.045
Optimal log-likelihood: -16864.041
Rate parameters:  A-C: 1.76290  A-G: 3.56046  A-T: 1.23598  C-G: 1.11909  C-T: 5.64898  G-T: 1.00000
Base frequencies:  A: 0.282  C: 0.191  G: 0.260  T: 0.267
Gamma shape alpha: 0.365
Parameters optimization took 4 rounds (0.058 sec)
Computing ML distances based on estimated model parameters... 0.002 sec
Computing BIONJ tree...
0.003 seconds
Log-likelihood of BIONJ tree: -16869.615
--------------------------------------------------------------------
|             INITIALIZING CANDIDATE TREE SET                      |
--------------------------------------------------------------------
Generating 98 parsimony trees... 0.135 second
Computing log-likelihood of 98 initial trees ... 0.513 seconds
Current best score: -16864.041

Do NNI search on 20 best initial trees
Estimate model parameters (epsilon = 0.100)
BETTER TREE FOUND at iteration 1: -16861.913
Iteration 10 / LogL: -16861.919 / Time: 0h:0m:1s
Iteration 20 / LogL: -16861.948 / Time: 0h:0m:1s
Finish initializing candidate tree set (1)
Current best tree score: -16861.913 / CPU time: 1.460
Number of iterations: 20
--------------------------------------------------------------------
|               OPTIMIZING CANDIDATE TREE SET                      |
--------------------------------------------------------------------
Iteration 30 / LogL: -16864.730 / Time: 0h:0m:2s (0h:0m:4s left)
Iteration 40 / LogL: -16861.921 / Time: 0h:0m:2s (0h:0m:3s left)
Iteration 50 / LogL: -16861.984 / Time: 0h:0m:2s (0h:0m:2s left)
Iteration 60 / LogL: -16862.104 / Time: 0h:0m:3s (0h:0m:2s left)
Iteration 70 / LogL: -16865.169 / Time: 0h:0m:3s (0h:0m:1s left)
Iteration 80 / LogL: -16861.941 / Time: 0h:0m:4s (0h:0m:1s left)
Iteration 90 / LogL: -16864.648 / Time: 0h:0m:4s (0h:0m:0s left)
Iteration 100 / LogL: -16861.925 / Time: 0h:0m:4s (0h:0m:0s left)
TREE SEARCH COMPLETED AFTER 102 ITERATIONS / Time: 0h:0m:5s

--------------------------------------------------------------------
|                    FINALIZING TREE SEARCH                        |
--------------------------------------------------------------------
Performs final model parameters optimization
Estimate model parameters (epsilon = 0.010)
1. Initial log-likelihood: -16861.913
Optimal log-likelihood: -16861.911
Rate parameters:  A-C: 1.75947  A-G: 3.55241  A-T: 1.23071  C-G: 1.11453  C-T: 5.65663  G-T: 1.00000
Base frequencies:  A: 0.282  C: 0.191  G: 0.260  T: 0.267
Gamma shape alpha: 0.365
Parameters optimization took 1 rounds (0.007 sec)
BEST SCORE FOUND : -16861.911

Testing tree branches by SH-like aLRT with 1000 replicates...
0.162 sec.
Total tree length: 1.475

Total number of iterations: 102
CPU time used for tree search: 7.445 sec (0h:0m:7s)
Wall-clock time used for tree search: 4.980 sec (0h:0m:4s)
Total CPU time used: 8.223 sec (0h:0m:8s)
Total wall-clock time used: 5.231 sec (0h:0m:5s)

Analysis results written to: 
  IQ-TREE report:                cluster2046rr.1to1ortho.fa.aln-cln_gene582.fa.iqtree
  Maximum-likelihood tree:       cluster2046rr.1to1ortho.fa.aln-cln_gene582.fa.treefile
  Likelihood distances:          cluster2046rr.1to1ortho.fa.aln-cln_gene582.fa.mldist
  Screen log file:               cluster2046rr.1to1ortho.fa.aln-cln_gene582.fa.log

Date and Time: Mon Nov 25 09:55:05 2019
