IQ-TREE multicore version 1.6.11 for Mac OS X 64-bit built Jul 12 2019
Developed by Bui Quang Minh, Nguyen Lam Tung, Olga Chernomor,
Heiko Schmidt, Dominik Schrempf, Michael Woodhams.

Host:    slpc437 (AVX2, FMA3, 16 GB RAM)
Command: iqtree -s cluster2845rr.1to1ortho.fa.aln-cln_gene26.fa -nt 4 -m GTR+G -alrt 1000
Seed:    478391 (Using SPRNG - Scalable Parallel Random Number Generator)
Time:    Mon Nov 25 10:15:26 2019
Kernel:  AVX+FMA - 4 threads (6 CPU cores detected)

Reading alignment file cluster2845rr.1to1ortho.fa.aln-cln_gene26.fa ... Fasta format detected
Alignment most likely contains DNA/RNA sequences
Alignment has 13 sequences with 585 columns, 221 distinct patterns
161 parsimony-informative, 61 singleton sites, 363 constant sites
           Gap/Ambiguity  Composition  p-value
   1  DrolusSFB    0.34%    passed     98.43%
   2  Dino         0.51%    passed     69.46%
   3  MJM3360      0.00%    passed     83.38%
   4  DrobinSFB    0.51%    passed     98.41%
   5  Neam         0.00%    passed     90.31%
   6  RuprSFB      0.00%    passed     63.03%
   7  Retr         0.00%    passed     95.72%
   8  Beta         0.00%    passed     89.34%
   9  Spol         0.00%    passed     74.94%
  10  MJM1652      0.51%    passed     78.44%
  11  NepSFB       0.00%    passed     92.68%
  12  WPYJ        23.59%    passed     86.10%
  13  MJM2940      0.00%    passed     97.32%
****  TOTAL        1.96%  0 sequences failed composition chi2 test (p-value<5%; df=3)

Create initial parsimony tree by phylogenetic likelihood library (PLL)... 0.000 seconds

NOTE: 0 MB RAM (0 GB) is required!
WARNING: Number of threads seems too high for short alignments. Use -nt AUTO to determine best number of threads.
Estimate model parameters (epsilon = 0.100)
1. Initial log-likelihood: -3279.793
2. Current log-likelihood: -3101.532
3. Current log-likelihood: -3099.011
Optimal log-likelihood: -3098.967
Rate parameters:  A-C: 2.80458  A-G: 8.18796  A-T: 3.22931  C-G: 2.39174  C-T: 12.80640  G-T: 1.00000
Base frequencies:  A: 0.285  C: 0.171  G: 0.285  T: 0.258
Gamma shape alpha: 0.274
Parameters optimization took 3 rounds (0.026 sec)
Computing ML distances based on estimated model parameters... 0.001 sec
Computing BIONJ tree...
0.002 seconds
Log-likelihood of BIONJ tree: -3097.588
--------------------------------------------------------------------
|             INITIALIZING CANDIDATE TREE SET                      |
--------------------------------------------------------------------
Generating 98 parsimony trees... 0.058 second
Computing log-likelihood of 98 initial trees ... 0.371 seconds
Current best score: -3097.519

Do NNI search on 20 best initial trees
Estimate model parameters (epsilon = 0.100)
BETTER TREE FOUND at iteration 1: -3096.601
Iteration 10 / LogL: -3096.602 / Time: 0h:0m:0s
Iteration 20 / LogL: -3096.603 / Time: 0h:0m:1s
Finish initializing candidate tree set (1)
Current best tree score: -3096.601 / CPU time: 0.997
Number of iterations: 20
--------------------------------------------------------------------
|               OPTIMIZING CANDIDATE TREE SET                      |
--------------------------------------------------------------------
Iteration 30 / LogL: -3096.611 / Time: 0h:0m:1s (0h:0m:3s left)
UPDATE BEST LOG-LIKELIHOOD: -3096.601
Iteration 40 / LogL: -3096.644 / Time: 0h:0m:1s (0h:0m:2s left)
Iteration 50 / LogL: -3096.658 / Time: 0h:0m:2s (0h:0m:2s left)
Iteration 60 / LogL: -3096.606 / Time: 0h:0m:2s (0h:0m:1s left)
Iteration 70 / LogL: -3096.602 / Time: 0h:0m:2s (0h:0m:1s left)
Iteration 80 / LogL: -3096.682 / Time: 0h:0m:3s (0h:0m:0s left)
Iteration 90 / LogL: -3096.626 / Time: 0h:0m:3s (0h:0m:0s left)
Iteration 100 / LogL: -3096.613 / Time: 0h:0m:3s (0h:0m:0s left)
TREE SEARCH COMPLETED AFTER 102 ITERATIONS / Time: 0h:0m:3s

--------------------------------------------------------------------
|                    FINALIZING TREE SEARCH                        |
--------------------------------------------------------------------
Performs final model parameters optimization
Estimate model parameters (epsilon = 0.010)
1. Initial log-likelihood: -3096.601
Optimal log-likelihood: -3096.599
Rate parameters:  A-C: 3.05982  A-G: 8.93021  A-T: 3.53310  C-G: 2.46435  C-T: 13.68161  G-T: 1.00000
Base frequencies:  A: 0.285  C: 0.171  G: 0.285  T: 0.258
Gamma shape alpha: 0.276
Parameters optimization took 1 rounds (0.004 sec)
BEST SCORE FOUND : -3096.599

Testing tree branches by SH-like aLRT with 1000 replicates...
0.041 sec.
Total tree length: 1.185

Total number of iterations: 102
CPU time used for tree search: 3.311 sec (0h:0m:3s)
Wall-clock time used for tree search: 3.947 sec (0h:0m:3s)
Total CPU time used: 3.489 sec (0h:0m:3s)
Total wall-clock time used: 4.036 sec (0h:0m:4s)

Analysis results written to: 
  IQ-TREE report:                cluster2845rr.1to1ortho.fa.aln-cln_gene26.fa.iqtree
  Maximum-likelihood tree:       cluster2845rr.1to1ortho.fa.aln-cln_gene26.fa.treefile
  Likelihood distances:          cluster2845rr.1to1ortho.fa.aln-cln_gene26.fa.mldist
  Screen log file:               cluster2845rr.1to1ortho.fa.aln-cln_gene26.fa.log

Date and Time: Mon Nov 25 10:15:30 2019
