IQ-TREE multicore version 1.6.11 for Mac OS X 64-bit built Jul 12 2019
Developed by Bui Quang Minh, Nguyen Lam Tung, Olga Chernomor,
Heiko Schmidt, Dominik Schrempf, Michael Woodhams.

Host:    slpc437 (AVX2, FMA3, 16 GB RAM)
Command: iqtree -s cluster2648rr.1to1ortho.fa.aln-cln_gene745.fa -nt 4 -m GTR+G -alrt 1000
Seed:    46343 (Using SPRNG - Scalable Parallel Random Number Generator)
Time:    Mon Nov 25 10:10:42 2019
Kernel:  AVX+FMA - 4 threads (6 CPU cores detected)

Reading alignment file cluster2648rr.1to1ortho.fa.aln-cln_gene745.fa ... Fasta format detected
Alignment most likely contains DNA/RNA sequences
Alignment has 13 sequences with 1242 columns, 578 distinct patterns
418 parsimony-informative, 199 singleton sites, 625 constant sites
           Gap/Ambiguity  Composition  p-value
   1  DrolusSFB    0.16%    passed     94.17%
   2  Dino         0.00%    passed     67.40%
   3  MJM3360      3.14%    passed     97.81%
   4  DrobinSFB    2.66%    passed     47.68%
   5  Neam         0.00%    passed     90.04%
   6  RuprSFB      7.41%    passed     49.80%
   7  Retr        41.47%    passed     92.33%
   8  Beta         0.97%    passed     39.36%
   9  Spol         0.48%    passed     57.02%
  10  MJM1652      0.00%    passed     84.52%
  11  NepSFB       0.00%    passed     97.96%
  12  WPYJ        42.27%    passed     95.16%
  13  MJM2940      0.00%    passed     71.19%
****  TOTAL        7.58%  0 sequences failed composition chi2 test (p-value<5%; df=3)

Create initial parsimony tree by phylogenetic likelihood library (PLL)... 0.001 seconds

NOTE: 0 MB RAM (0 GB) is required!
Estimate model parameters (epsilon = 0.100)
1. Initial log-likelihood: -7861.055
2. Current log-likelihood: -7535.056
3. Current log-likelihood: -7533.214
Optimal log-likelihood: -7533.200
Rate parameters:  A-C: 1.77592  A-G: 3.99291  A-T: 1.03598  C-G: 1.09060  C-T: 5.41628  G-T: 1.00000
Base frequencies:  A: 0.291  C: 0.195  G: 0.230  T: 0.284
Gamma shape alpha: 0.530
Parameters optimization took 3 rounds (0.046 sec)
Computing ML distances based on estimated model parameters... 0.001 sec
Computing BIONJ tree...
0.002 seconds
Log-likelihood of BIONJ tree: -7533.200
--------------------------------------------------------------------
|             INITIALIZING CANDIDATE TREE SET                      |
--------------------------------------------------------------------
Generating 99 parsimony trees... 0.082 second
Computing log-likelihood of 99 initial trees ... 0.428 seconds
Current best score: -7533.200

Do NNI search on 20 best initial trees
Estimate model parameters (epsilon = 0.100)
BETTER TREE FOUND at iteration 1: -7532.188
Iteration 10 / LogL: -7532.203 / Time: 0h:0m:0s
Iteration 20 / LogL: -7532.207 / Time: 0h:0m:1s
Finish initializing candidate tree set (2)
Current best tree score: -7532.188 / CPU time: 1.176
Number of iterations: 20
--------------------------------------------------------------------
|               OPTIMIZING CANDIDATE TREE SET                      |
--------------------------------------------------------------------
Iteration 30 / LogL: -7532.202 / Time: 0h:0m:1s (0h:0m:4s left)
Iteration 40 / LogL: -7533.238 / Time: 0h:0m:2s (0h:0m:3s left)
Iteration 50 / LogL: -7532.328 / Time: 0h:0m:2s (0h:0m:2s left)
Iteration 60 / LogL: -7532.207 / Time: 0h:0m:2s (0h:0m:1s left)
Iteration 70 / LogL: -7532.450 / Time: 0h:0m:3s (0h:0m:1s left)
Iteration 80 / LogL: -7532.245 / Time: 0h:0m:3s (0h:0m:0s left)
Iteration 90 / LogL: -7532.224 / Time: 0h:0m:4s (0h:0m:0s left)
Iteration 100 / LogL: -7532.391 / Time: 0h:0m:4s (0h:0m:0s left)
TREE SEARCH COMPLETED AFTER 102 ITERATIONS / Time: 0h:0m:4s

--------------------------------------------------------------------
|                    FINALIZING TREE SEARCH                        |
--------------------------------------------------------------------
Performs final model parameters optimization
Estimate model parameters (epsilon = 0.010)
1. Initial log-likelihood: -7532.188
Optimal log-likelihood: -7532.187
Rate parameters:  A-C: 1.78633  A-G: 3.97258  A-T: 1.04198  C-G: 1.10050  C-T: 5.45672  G-T: 1.00000
Base frequencies:  A: 0.291  C: 0.195  G: 0.230  T: 0.284
Gamma shape alpha: 0.528
Parameters optimization took 1 rounds (0.005 sec)
BEST SCORE FOUND : -7532.187

Testing tree branches by SH-like aLRT with 1000 replicates...
0.075 sec.
Total tree length: 1.467

Total number of iterations: 102
CPU time used for tree search: 5.154 sec (0h:0m:5s)
Wall-clock time used for tree search: 4.650 sec (0h:0m:4s)
Total CPU time used: 5.522 sec (0h:0m:5s)
Total wall-clock time used: 4.793 sec (0h:0m:4s)

Analysis results written to: 
  IQ-TREE report:                cluster2648rr.1to1ortho.fa.aln-cln_gene745.fa.iqtree
  Maximum-likelihood tree:       cluster2648rr.1to1ortho.fa.aln-cln_gene745.fa.treefile
  Likelihood distances:          cluster2648rr.1to1ortho.fa.aln-cln_gene745.fa.mldist
  Screen log file:               cluster2648rr.1to1ortho.fa.aln-cln_gene745.fa.log

Date and Time: Mon Nov 25 10:10:46 2019
