IQ-TREE multicore version 1.6.11 for Mac OS X 64-bit built Jul 12 2019
Developed by Bui Quang Minh, Nguyen Lam Tung, Olga Chernomor,
Heiko Schmidt, Dominik Schrempf, Michael Woodhams.

Host:    slpc437 (AVX2, FMA3, 16 GB RAM)
Command: iqtree -s cluster4216rr.1to1ortho.fa.aln-cln_gene54.fa -nt 4 -m GTR+G -alrt 1000
Seed:    234108 (Using SPRNG - Scalable Parallel Random Number Generator)
Time:    Mon Nov 25 10:46:16 2019
Kernel:  AVX+FMA - 4 threads (6 CPU cores detected)

Reading alignment file cluster4216rr.1to1ortho.fa.aln-cln_gene54.fa ... Fasta format detected
Alignment most likely contains DNA/RNA sequences
Alignment has 13 sequences with 2951 columns, 1442 distinct patterns
989 parsimony-informative, 538 singleton sites, 1424 constant sites
           Gap/Ambiguity  Composition  p-value
   1  DrolusSFB    0.68%    passed     20.82%
   2  Dino         6.91%    passed     61.53%
   3  MJM3360      2.85%    passed     35.74%
   4  DrobinSFB    9.45%    passed     50.46%
   5  Neam        43.31%    passed     88.69%
   6  RuprSFB     36.16%    passed     19.29%
   7  Retr        51.07%    passed     90.84%
   8  Beta         0.95%    passed     14.79%
   9  Spol         0.88%    passed     58.32%
  10  MJM1652     17.76%    passed     15.71%
  11  NepSFB       0.75%    passed     55.73%
  12  WPYJ        32.43%    passed     72.34%
  13  MJM2940      0.51%    passed     88.08%
WARNING: 1 sequences contain more than 50% gaps/ambiguity
****  TOTAL       15.67%  0 sequences failed composition chi2 test (p-value<5%; df=3)

Create initial parsimony tree by phylogenetic likelihood library (PLL)... 0.001 seconds

NOTE: 2 MB RAM (0 GB) is required!
Estimate model parameters (epsilon = 0.100)
1. Initial log-likelihood: -18781.853
2. Current log-likelihood: -18014.064
3. Current log-likelihood: -18010.316
Optimal log-likelihood: -18010.283
Rate parameters:  A-C: 1.06344  A-G: 3.84913  A-T: 1.45673  C-G: 1.04953  C-T: 4.47081  G-T: 1.00000
Base frequencies:  A: 0.279  C: 0.205  G: 0.243  T: 0.273
Gamma shape alpha: 0.566
Parameters optimization took 3 rounds (0.052 sec)
Computing ML distances based on estimated model parameters... 0.002 sec
Computing BIONJ tree...
0.002 seconds
Log-likelihood of BIONJ tree: -18013.878
--------------------------------------------------------------------
|             INITIALIZING CANDIDATE TREE SET                      |
--------------------------------------------------------------------
Generating 98 parsimony trees... 0.145 second
Computing log-likelihood of 98 initial trees ... 0.554 seconds
Current best score: -18010.283

Do NNI search on 20 best initial trees
Estimate model parameters (epsilon = 0.100)
BETTER TREE FOUND at iteration 1: -18009.577
Iteration 10 / LogL: -18009.620 / Time: 0h:0m:1s
Iteration 20 / LogL: -18009.600 / Time: 0h:0m:1s
Finish initializing candidate tree set (2)
Current best tree score: -18009.577 / CPU time: 1.595
Number of iterations: 20
--------------------------------------------------------------------
|               OPTIMIZING CANDIDATE TREE SET                      |
--------------------------------------------------------------------
Iteration 30 / LogL: -18009.580 / Time: 0h:0m:2s (0h:0m:5s left)
Iteration 40 / LogL: -18009.662 / Time: 0h:0m:2s (0h:0m:4s left)
Iteration 50 / LogL: -18009.601 / Time: 0h:0m:3s (0h:0m:3s left)
Iteration 60 / LogL: -18010.276 / Time: 0h:0m:3s (0h:0m:2s left)
Iteration 70 / LogL: -18009.612 / Time: 0h:0m:4s (0h:0m:1s left)
Iteration 80 / LogL: -18009.582 / Time: 0h:0m:4s (0h:0m:1s left)
Iteration 90 / LogL: -18010.154 / Time: 0h:0m:5s (0h:0m:0s left)
Iteration 100 / LogL: -18009.581 / Time: 0h:0m:5s (0h:0m:0s left)
TREE SEARCH COMPLETED AFTER 102 ITERATIONS / Time: 0h:0m:5s

--------------------------------------------------------------------
|                    FINALIZING TREE SEARCH                        |
--------------------------------------------------------------------
Performs final model parameters optimization
Estimate model parameters (epsilon = 0.010)
1. Initial log-likelihood: -18009.577
Optimal log-likelihood: -18009.575
Rate parameters:  A-C: 1.06961  A-G: 3.85648  A-T: 1.44221  C-G: 1.04302  C-T: 4.47188  G-T: 1.00000
Base frequencies:  A: 0.279  C: 0.205  G: 0.243  T: 0.273
Gamma shape alpha: 0.565
Parameters optimization took 1 rounds (0.007 sec)
BEST SCORE FOUND : -18009.575

Testing tree branches by SH-like aLRT with 1000 replicates...
0.160 sec.
Total tree length: 1.642

Total number of iterations: 102
CPU time used for tree search: 9.361 sec (0h:0m:9s)
Wall-clock time used for tree search: 5.879 sec (0h:0m:5s)
Total CPU time used: 10.121 sec (0h:0m:10s)
Total wall-clock time used: 6.120 sec (0h:0m:6s)

Analysis results written to: 
  IQ-TREE report:                cluster4216rr.1to1ortho.fa.aln-cln_gene54.fa.iqtree
  Maximum-likelihood tree:       cluster4216rr.1to1ortho.fa.aln-cln_gene54.fa.treefile
  Likelihood distances:          cluster4216rr.1to1ortho.fa.aln-cln_gene54.fa.mldist
  Screen log file:               cluster4216rr.1to1ortho.fa.aln-cln_gene54.fa.log

Date and Time: Mon Nov 25 10:46:22 2019
