IQ-TREE multicore version 1.6.11 for Mac OS X 64-bit built Jul 12 2019
Developed by Bui Quang Minh, Nguyen Lam Tung, Olga Chernomor,
Heiko Schmidt, Dominik Schrempf, Michael Woodhams.

Host:    slpc437 (AVX2, FMA3, 16 GB RAM)
Command: iqtree -s cluster2593rr.1to1ortho.fa.aln-cln_gene855.fa -nt 4 -m GTR+G -alrt 1000
Seed:    150676 (Using SPRNG - Scalable Parallel Random Number Generator)
Time:    Mon Nov 25 10:08:58 2019
Kernel:  AVX+FMA - 4 threads (6 CPU cores detected)

Reading alignment file cluster2593rr.1to1ortho.fa.aln-cln_gene855.fa ... Fasta format detected
Alignment most likely contains DNA/RNA sequences
Alignment has 13 sequences with 1695 columns, 818 distinct patterns
600 parsimony-informative, 297 singleton sites, 798 constant sites
           Gap/Ambiguity  Composition  p-value
   1  DrolusSFB    0.35%    passed     89.39%
   2  Dino        25.60%    passed     85.49%
   3  MJM3360      1.24%    passed     46.15%
   4  DrobinSFB    1.95%    failed      4.86%
   5  Neam         0.35%    passed     83.89%
   6  RuprSFB      2.83%    passed     95.49%
   7  Retr         2.89%    passed     69.94%
   8  Beta         2.71%    passed     82.99%
   9  Spol         2.48%    passed     71.84%
  10  MJM1652      0.94%    passed     57.57%
  11  NepSFB       0.35%    passed     85.88%
  12  WPYJ        26.37%    passed     83.26%
  13  MJM2940      0.71%    passed     93.17%
****  TOTAL        5.29%  1 sequences failed composition chi2 test (p-value<5%; df=3)

Create initial parsimony tree by phylogenetic likelihood library (PLL)... 0.001 seconds

NOTE: 1 MB RAM (0 GB) is required!
Estimate model parameters (epsilon = 0.100)
1. Initial log-likelihood: -11475.068
2. Current log-likelihood: -11006.110
3. Current log-likelihood: -11001.198
Optimal log-likelihood: -11001.130
Rate parameters:  A-C: 1.69889  A-G: 6.03495  A-T: 1.49183  C-G: 1.52001  C-T: 5.33308  G-T: 1.00000
Base frequencies:  A: 0.259  C: 0.212  G: 0.233  T: 0.296
Gamma shape alpha: 0.523
Parameters optimization took 3 rounds (0.042 sec)
Computing ML distances based on estimated model parameters... 0.002 sec
Computing BIONJ tree...
0.002 seconds
Log-likelihood of BIONJ tree: -11001.130
--------------------------------------------------------------------
|             INITIALIZING CANDIDATE TREE SET                      |
--------------------------------------------------------------------
Generating 99 parsimony trees... 0.096 second
Computing log-likelihood of 99 initial trees ... 0.464 seconds
Current best score: -11001.130

Do NNI search on 20 best initial trees
Estimate model parameters (epsilon = 0.100)
BETTER TREE FOUND at iteration 1: -10998.833
Iteration 10 / LogL: -10998.839 / Time: 0h:0m:0s
Iteration 20 / LogL: -10999.817 / Time: 0h:0m:1s
Finish initializing candidate tree set (1)
Current best tree score: -10998.833 / CPU time: 1.149
Number of iterations: 20
--------------------------------------------------------------------
|               OPTIMIZING CANDIDATE TREE SET                      |
--------------------------------------------------------------------
UPDATE BEST LOG-LIKELIHOOD: -10998.833
Iteration 30 / LogL: -10998.833 / Time: 0h:0m:1s (0h:0m:3s left)
Iteration 40 / LogL: -10998.846 / Time: 0h:0m:1s (0h:0m:3s left)
Iteration 50 / LogL: -10998.956 / Time: 0h:0m:2s (0h:0m:2s left)
Iteration 60 / LogL: -10998.940 / Time: 0h:0m:2s (0h:0m:1s left)
UPDATE BEST LOG-LIKELIHOOD: -10998.833
Iteration 70 / LogL: -10998.866 / Time: 0h:0m:3s (0h:0m:1s left)
Iteration 80 / LogL: -10998.867 / Time: 0h:0m:3s (0h:0m:0s left)
Iteration 90 / LogL: -10998.884 / Time: 0h:0m:4s (0h:0m:0s left)
Iteration 100 / LogL: -11000.436 / Time: 0h:0m:4s (0h:0m:0s left)
TREE SEARCH COMPLETED AFTER 102 ITERATIONS / Time: 0h:0m:4s

--------------------------------------------------------------------
|                    FINALIZING TREE SEARCH                        |
--------------------------------------------------------------------
Performs final model parameters optimization
Estimate model parameters (epsilon = 0.010)
1. Initial log-likelihood: -10998.833
Optimal log-likelihood: -10998.829
Rate parameters:  A-C: 1.69387  A-G: 6.06353  A-T: 1.47570  C-G: 1.54373  C-T: 5.32303  G-T: 1.00000
Base frequencies:  A: 0.259  C: 0.212  G: 0.233  T: 0.296
Gamma shape alpha: 0.522
Parameters optimization took 1 rounds (0.006 sec)
BEST SCORE FOUND : -10998.829

Testing tree branches by SH-like aLRT with 1000 replicates...
0.100 sec.
Total tree length: 1.694

Total number of iterations: 102
CPU time used for tree search: 5.639 sec (0h:0m:5s)
Wall-clock time used for tree search: 4.473 sec (0h:0m:4s)
Total CPU time used: 6.106 sec (0h:0m:6s)
Total wall-clock time used: 4.643 sec (0h:0m:4s)

Analysis results written to: 
  IQ-TREE report:                cluster2593rr.1to1ortho.fa.aln-cln_gene855.fa.iqtree
  Maximum-likelihood tree:       cluster2593rr.1to1ortho.fa.aln-cln_gene855.fa.treefile
  Likelihood distances:          cluster2593rr.1to1ortho.fa.aln-cln_gene855.fa.mldist
  Screen log file:               cluster2593rr.1to1ortho.fa.aln-cln_gene855.fa.log

Date and Time: Mon Nov 25 10:09:02 2019
