IQ-TREE multicore version 1.6.11 for Mac OS X 64-bit built Jul 12 2019
Developed by Bui Quang Minh, Nguyen Lam Tung, Olga Chernomor,
Heiko Schmidt, Dominik Schrempf, Michael Woodhams.

Host:    slpc437 (AVX2, FMA3, 16 GB RAM)
Command: iqtree -s cluster1054rr.1to1ortho.fa.aln-cln_gene696.fa -nt 4 -m GTR+G -alrt 1000
Seed:    304005 (Using SPRNG - Scalable Parallel Random Number Generator)
Time:    Mon Nov 25 09:36:17 2019
Kernel:  AVX+FMA - 4 threads (6 CPU cores detected)

Reading alignment file cluster1054rr.1to1ortho.fa.aln-cln_gene696.fa ... Fasta format detected
Alignment most likely contains DNA/RNA sequences
Alignment has 13 sequences with 2901 columns, 1507 distinct patterns
1181 parsimony-informative, 561 singleton sites, 1159 constant sites
           Gap/Ambiguity  Composition  p-value
   1  DrolusSFB    8.76%    passed     75.61%
   2  Dino         1.14%    passed     83.45%
   3  MJM3360      9.03%    passed     97.63%
   4  DrobinSFB    0.59%    passed     11.09%
   5  Neam         3.69%    passed     99.98%
   6  RuprSFB      9.13%    passed     57.99%
   7  Retr        10.44%    passed     94.60%
   8  Beta         1.03%    passed     57.94%
   9  Spol         1.48%    passed     71.33%
  10  MJM1652      6.65%    passed     91.16%
  11  NepSFB      20.65%    passed     99.95%
  12  WPYJ        38.57%    passed     74.55%
  13  MJM2940      8.76%    passed     98.59%
****  TOTAL        9.22%  0 sequences failed composition chi2 test (p-value<5%; df=3)

Create initial parsimony tree by phylogenetic likelihood library (PLL)... 0.002 seconds

NOTE: 2 MB RAM (0 GB) is required!
Estimate model parameters (epsilon = 0.100)
1. Initial log-likelihood: -20858.642
2. Current log-likelihood: -20032.351
3. Current log-likelihood: -20028.690
Optimal log-likelihood: -20028.674
Rate parameters:  A-C: 1.57443  A-G: 4.53851  A-T: 1.23032  C-G: 1.38044  C-T: 4.90248  G-T: 1.00000
Base frequencies:  A: 0.305  C: 0.183  G: 0.240  T: 0.272
Gamma shape alpha: 0.795
Parameters optimization took 3 rounds (0.056 sec)
Computing ML distances based on estimated model parameters... 0.002 sec
Computing BIONJ tree...
0.002 seconds
Log-likelihood of BIONJ tree: -20023.767
--------------------------------------------------------------------
|             INITIALIZING CANDIDATE TREE SET                      |
--------------------------------------------------------------------
Generating 98 parsimony trees... 0.144 second
Computing log-likelihood of 98 initial trees ... 0.548 seconds
Current best score: -20023.767

Do NNI search on 20 best initial trees
Estimate model parameters (epsilon = 0.100)
BETTER TREE FOUND at iteration 1: -20023.761
Iteration 10 / LogL: -20028.848 / Time: 0h:0m:1s
Iteration 20 / LogL: -20023.794 / Time: 0h:0m:1s
Finish initializing candidate tree set (1)
Current best tree score: -20023.761 / CPU time: 1.420
Number of iterations: 20
--------------------------------------------------------------------
|               OPTIMIZING CANDIDATE TREE SET                      |
--------------------------------------------------------------------
Iteration 30 / LogL: -20023.763 / Time: 0h:0m:1s (0h:0m:4s left)
Iteration 40 / LogL: -20023.848 / Time: 0h:0m:2s (0h:0m:3s left)
Iteration 50 / LogL: -20023.824 / Time: 0h:0m:2s (0h:0m:2s left)
Iteration 60 / LogL: -20023.786 / Time: 0h:0m:3s (0h:0m:2s left)
Iteration 70 / LogL: -20023.994 / Time: 0h:0m:3s (0h:0m:1s left)
Iteration 80 / LogL: -20025.202 / Time: 0h:0m:4s (0h:0m:1s left)
Iteration 90 / LogL: -20025.006 / Time: 0h:0m:4s (0h:0m:0s left)
Iteration 100 / LogL: -20024.135 / Time: 0h:0m:5s (0h:0m:0s left)
TREE SEARCH COMPLETED AFTER 102 ITERATIONS / Time: 0h:0m:5s

--------------------------------------------------------------------
|                    FINALIZING TREE SEARCH                        |
--------------------------------------------------------------------
Performs final model parameters optimization
Estimate model parameters (epsilon = 0.010)
1. Initial log-likelihood: -20023.761
Optimal log-likelihood: -20023.760
Rate parameters:  A-C: 1.57336  A-G: 4.54394  A-T: 1.23113  C-G: 1.37019  C-T: 4.90774  G-T: 1.00000
Base frequencies:  A: 0.305  C: 0.183  G: 0.240  T: 0.272
Gamma shape alpha: 0.794
Parameters optimization took 1 rounds (0.007 sec)
BEST SCORE FOUND : -20023.760

Testing tree branches by SH-like aLRT with 1000 replicates...
0.158 sec.
Total tree length: 1.872

Total number of iterations: 102
CPU time used for tree search: 8.534 sec (0h:0m:8s)
Wall-clock time used for tree search: 5.266 sec (0h:0m:5s)
Total CPU time used: 9.307 sec (0h:0m:9s)
Total wall-clock time used: 5.512 sec (0h:0m:5s)

Analysis results written to: 
  IQ-TREE report:                cluster1054rr.1to1ortho.fa.aln-cln_gene696.fa.iqtree
  Maximum-likelihood tree:       cluster1054rr.1to1ortho.fa.aln-cln_gene696.fa.treefile
  Likelihood distances:          cluster1054rr.1to1ortho.fa.aln-cln_gene696.fa.mldist
  Screen log file:               cluster1054rr.1to1ortho.fa.aln-cln_gene696.fa.log

Date and Time: Mon Nov 25 09:36:22 2019
