IQ-TREE multicore version 1.6.11 for Mac OS X 64-bit built Jul 12 2019
Developed by Bui Quang Minh, Nguyen Lam Tung, Olga Chernomor,
Heiko Schmidt, Dominik Schrempf, Michael Woodhams.

Host:    slpc437 (AVX2, FMA3, 16 GB RAM)
Command: iqtree -s cluster2956rr.1to1ortho.fa.aln-cln_gene103.fa -nt 4 -m GTR+G -alrt 1000
Seed:    370771 (Using SPRNG - Scalable Parallel Random Number Generator)
Time:    Mon Nov 25 10:18:32 2019
Kernel:  AVX+FMA - 4 threads (6 CPU cores detected)

Reading alignment file cluster2956rr.1to1ortho.fa.aln-cln_gene103.fa ... Fasta format detected
Alignment most likely contains DNA/RNA sequences
Alignment has 13 sequences with 1458 columns, 571 distinct patterns
429 parsimony-informative, 191 singleton sites, 838 constant sites
           Gap/Ambiguity  Composition  p-value
   1  DrolusSFB   43.07%    passed     30.41%
   2  Dino         0.48%    passed     95.26%
   3  MJM3360      0.27%    passed     99.79%
   4  DrobinSFB    0.21%    passed     70.76%
   5  Neam         0.00%    passed     98.19%
   6  RuprSFB      0.07%    passed     88.54%
   7  Retr         0.00%    passed     93.19%
   8  Beta         0.00%    passed     86.22%
   9  Spol         0.00%    passed     99.07%
  10  MJM1652      0.00%    passed     79.91%
  11  NepSFB       0.00%    passed     97.33%
  12  WPYJ         0.82%    passed     75.76%
  13  MJM2940      0.00%    passed     99.19%
****  TOTAL        3.46%  0 sequences failed composition chi2 test (p-value<5%; df=3)

Create initial parsimony tree by phylogenetic likelihood library (PLL)... 0.001 seconds

NOTE: 0 MB RAM (0 GB) is required!
Estimate model parameters (epsilon = 0.100)
1. Initial log-likelihood: -8792.941
2. Current log-likelihood: -8389.469
3. Current log-likelihood: -8385.775
Optimal log-likelihood: -8385.714
Rate parameters:  A-C: 1.38396  A-G: 4.02974  A-T: 1.75340  C-G: 0.69856  C-T: 5.42135  G-T: 1.00000
Base frequencies:  A: 0.294  C: 0.185  G: 0.251  T: 0.270
Gamma shape alpha: 0.330
Parameters optimization took 3 rounds (0.035 sec)
Computing ML distances based on estimated model parameters... 0.001 sec
Computing BIONJ tree...
0.002 seconds
Log-likelihood of BIONJ tree: -8384.770
--------------------------------------------------------------------
|             INITIALIZING CANDIDATE TREE SET                      |
--------------------------------------------------------------------
Generating 98 parsimony trees... 0.084 second
Computing log-likelihood of 96 initial trees ... 0.414 seconds
Current best score: -8384.770

Do NNI search on 20 best initial trees
Estimate model parameters (epsilon = 0.100)
BETTER TREE FOUND at iteration 1: -8384.763
Iteration 10 / LogL: -8384.772 / Time: 0h:0m:0s
Iteration 20 / LogL: -8385.495 / Time: 0h:0m:1s
Finish initializing candidate tree set (1)
Current best tree score: -8384.763 / CPU time: 1.128
Number of iterations: 20
--------------------------------------------------------------------
|               OPTIMIZING CANDIDATE TREE SET                      |
--------------------------------------------------------------------
Iteration 30 / LogL: -8384.811 / Time: 0h:0m:1s (0h:0m:3s left)
Iteration 40 / LogL: -8384.772 / Time: 0h:0m:1s (0h:0m:2s left)
Iteration 50 / LogL: -8384.872 / Time: 0h:0m:2s (0h:0m:2s left)
Iteration 60 / LogL: -8384.801 / Time: 0h:0m:2s (0h:0m:1s left)
Iteration 70 / LogL: -8384.765 / Time: 0h:0m:3s (0h:0m:1s left)
Iteration 80 / LogL: -8384.949 / Time: 0h:0m:3s (0h:0m:0s left)
Iteration 90 / LogL: -8384.873 / Time: 0h:0m:3s (0h:0m:0s left)
Iteration 100 / LogL: -8384.776 / Time: 0h:0m:4s (0h:0m:0s left)
TREE SEARCH COMPLETED AFTER 102 ITERATIONS / Time: 0h:0m:4s

--------------------------------------------------------------------
|                    FINALIZING TREE SEARCH                        |
--------------------------------------------------------------------
Performs final model parameters optimization
Estimate model parameters (epsilon = 0.010)
1. Initial log-likelihood: -8384.763
Optimal log-likelihood: -8384.761
Rate parameters:  A-C: 1.37772  A-G: 4.03448  A-T: 1.76854  C-G: 0.70777  C-T: 5.44800  G-T: 1.00000
Base frequencies:  A: 0.294  C: 0.185  G: 0.251  T: 0.270
Gamma shape alpha: 0.331
Parameters optimization took 1 rounds (0.005 sec)
BEST SCORE FOUND : -8384.761

Testing tree branches by SH-like aLRT with 1000 replicates...
0.088 sec.
Total tree length: 1.362

Total number of iterations: 102
CPU time used for tree search: 4.734 sec (0h:0m:4s)
Wall-clock time used for tree search: 4.268 sec (0h:0m:4s)
Total CPU time used: 5.119 sec (0h:0m:5s)
Total wall-clock time used: 4.416 sec (0h:0m:4s)

Analysis results written to: 
  IQ-TREE report:                cluster2956rr.1to1ortho.fa.aln-cln_gene103.fa.iqtree
  Maximum-likelihood tree:       cluster2956rr.1to1ortho.fa.aln-cln_gene103.fa.treefile
  Likelihood distances:          cluster2956rr.1to1ortho.fa.aln-cln_gene103.fa.mldist
  Screen log file:               cluster2956rr.1to1ortho.fa.aln-cln_gene103.fa.log

Date and Time: Mon Nov 25 10:18:36 2019
