IQ-TREE multicore version 1.6.11 for Mac OS X 64-bit built Jul 12 2019
Developed by Bui Quang Minh, Nguyen Lam Tung, Olga Chernomor,
Heiko Schmidt, Dominik Schrempf, Michael Woodhams.

Host:    slpc437 (AVX2, FMA3, 16 GB RAM)
Command: iqtree -s cluster4010rr.1to1ortho.fa.aln-cln_gene1172.fa -nt 4 -m GTR+G -alrt 1000
Seed:    209487 (Using SPRNG - Scalable Parallel Random Number Generator)
Time:    Mon Nov 25 10:42:58 2019
Kernel:  AVX+FMA - 4 threads (6 CPU cores detected)

Reading alignment file cluster4010rr.1to1ortho.fa.aln-cln_gene1172.fa ... Fasta format detected
Alignment most likely contains DNA/RNA sequences
Alignment has 13 sequences with 396 columns, 159 distinct patterns
134 parsimony-informative, 22 singleton sites, 240 constant sites
           Gap/Ambiguity  Composition  p-value
   1  DrolusSFB    0.00%    passed     60.86%
   2  Dino         0.00%    passed     50.28%
   3  MJM3360      2.78%    passed     53.50%
   4  DrobinSFB    0.00%    passed     80.80%
   5  Neam         0.00%    passed     94.53%
   6  RuprSFB      2.78%    passed     72.07%
   7  Retr         1.77%    passed     37.89%
   8  Beta         0.00%    passed     85.19%
   9  Spol         0.00%    passed     99.17%
  10  MJM1652      0.00%    passed     85.63%
  11  NepSFB       0.00%    passed     94.46%
  12  WPYJ         1.77%    passed     62.69%
  13  MJM2940      0.25%    passed     97.20%
****  TOTAL        0.72%  0 sequences failed composition chi2 test (p-value<5%; df=3)

Create initial parsimony tree by phylogenetic likelihood library (PLL)... 0.000 seconds

NOTE: 0 MB RAM (0 GB) is required!
WARNING: Number of threads seems too high for short alignments. Use -nt AUTO to determine best number of threads.
Estimate model parameters (epsilon = 0.100)
1. Initial log-likelihood: -2316.939
2. Current log-likelihood: -2198.802
3. Current log-likelihood: -2197.344
Optimal log-likelihood: -2197.330
Rate parameters:  A-C: 1.35759  A-G: 4.09589  A-T: 3.42148  C-G: 1.63972  C-T: 10.00792  G-T: 1.00000
Base frequencies:  A: 0.268  C: 0.200  G: 0.309  T: 0.223
Gamma shape alpha: 0.321
Parameters optimization took 3 rounds (0.026 sec)
Computing ML distances based on estimated model parameters... 0.001 sec
Computing BIONJ tree...
0.002 seconds
Log-likelihood of BIONJ tree: -2191.393
--------------------------------------------------------------------
|             INITIALIZING CANDIDATE TREE SET                      |
--------------------------------------------------------------------
Generating 98 parsimony trees... 0.050 second
Computing log-likelihood of 97 initial trees ... 0.366 seconds
Current best score: -2189.754

Do NNI search on 20 best initial trees
Estimate model parameters (epsilon = 0.100)
BETTER TREE FOUND at iteration 1: -2189.269
Iteration 10 / LogL: -2189.270 / Time: 0h:0m:0s
Iteration 20 / LogL: -2189.274 / Time: 0h:0m:1s
Finish initializing candidate tree set (4)
Current best tree score: -2189.269 / CPU time: 0.996
Number of iterations: 20
--------------------------------------------------------------------
|               OPTIMIZING CANDIDATE TREE SET                      |
--------------------------------------------------------------------
Iteration 30 / LogL: -2197.369 / Time: 0h:0m:1s (0h:0m:3s left)
Iteration 40 / LogL: -2198.172 / Time: 0h:0m:1s (0h:0m:2s left)
Iteration 50 / LogL: -2189.277 / Time: 0h:0m:2s (0h:0m:2s left)
Iteration 60 / LogL: -2189.275 / Time: 0h:0m:2s (0h:0m:1s left)
Iteration 70 / LogL: -2195.391 / Time: 0h:0m:3s (0h:0m:1s left)
Iteration 80 / LogL: -2189.271 / Time: 0h:0m:3s (0h:0m:0s left)
Iteration 90 / LogL: -2189.269 / Time: 0h:0m:3s (0h:0m:0s left)
Iteration 100 / LogL: -2195.749 / Time: 0h:0m:4s (0h:0m:0s left)
TREE SEARCH COMPLETED AFTER 102 ITERATIONS / Time: 0h:0m:4s

--------------------------------------------------------------------
|                    FINALIZING TREE SEARCH                        |
--------------------------------------------------------------------
Performs final model parameters optimization
Estimate model parameters (epsilon = 0.010)
1. Initial log-likelihood: -2189.269
Optimal log-likelihood: -2189.267
Rate parameters:  A-C: 1.29459  A-G: 4.18757  A-T: 3.36953  C-G: 1.61464  C-T: 9.96521  G-T: 1.00000
Base frequencies:  A: 0.268  C: 0.200  G: 0.309  T: 0.223
Gamma shape alpha: 0.314
Parameters optimization took 1 rounds (0.004 sec)
BEST SCORE FOUND : -2189.267

Testing tree branches by SH-like aLRT with 1000 replicates...
0.030 sec.
Total tree length: 1.232

Total number of iterations: 102
CPU time used for tree search: 3.399 sec (0h:0m:3s)
Wall-clock time used for tree search: 4.358 sec (0h:0m:4s)
Total CPU time used: 3.536 sec (0h:0m:3s)
Total wall-clock time used: 4.436 sec (0h:0m:4s)

Analysis results written to: 
  IQ-TREE report:                cluster4010rr.1to1ortho.fa.aln-cln_gene1172.fa.iqtree
  Maximum-likelihood tree:       cluster4010rr.1to1ortho.fa.aln-cln_gene1172.fa.treefile
  Likelihood distances:          cluster4010rr.1to1ortho.fa.aln-cln_gene1172.fa.mldist
  Screen log file:               cluster4010rr.1to1ortho.fa.aln-cln_gene1172.fa.log

Date and Time: Mon Nov 25 10:43:02 2019
