IQ-TREE multicore version 1.6.11 for Mac OS X 64-bit built Jul 12 2019
Developed by Bui Quang Minh, Nguyen Lam Tung, Olga Chernomor,
Heiko Schmidt, Dominik Schrempf, Michael Woodhams.

Host:    slpc437 (AVX2, FMA3, 16 GB RAM)
Command: iqtree -s cluster1638rr.1to1ortho.fa.aln-cln_gene373.fa -nt 4 -m GTR+G -alrt 1000
Seed:    89661 (Using SPRNG - Scalable Parallel Random Number Generator)
Time:    Mon Nov 25 09:46:44 2019
Kernel:  AVX+FMA - 4 threads (6 CPU cores detected)

Reading alignment file cluster1638rr.1to1ortho.fa.aln-cln_gene373.fa ... Fasta format detected
Alignment most likely contains DNA/RNA sequences
Alignment has 13 sequences with 3628 columns, 1503 distinct patterns
1107 parsimony-informative, 625 singleton sites, 1896 constant sites
           Gap/Ambiguity  Composition  p-value
   1  DrolusSFB   44.60%    passed     64.04%
   2  Dino         1.07%    passed     89.78%
   3  MJM3360      1.27%    passed     93.37%
   4  DrobinSFB    2.73%    passed     24.39%
   5  Neam         0.41%    passed     98.87%
   6  RuprSFB      0.22%    passed     89.51%
   7  Retr        57.33%    passed     96.55%
   8  Beta         2.07%    passed     57.12%
   9  Spol         2.07%    passed     82.94%
  10  MJM1652     22.44%    passed     38.99%
  11  NepSFB       4.36%    passed     93.30%
  12  WPYJ        67.50%    passed     95.47%
  13  MJM2940      1.30%    passed     96.44%
WARNING: 2 sequences contain more than 50% gaps/ambiguity
****  TOTAL       15.95%  0 sequences failed composition chi2 test (p-value<5%; df=3)

Create initial parsimony tree by phylogenetic likelihood library (PLL)... 0.001 seconds

NOTE: 2 MB RAM (0 GB) is required!
Estimate model parameters (epsilon = 0.100)
1. Initial log-likelihood: -21706.933
2. Current log-likelihood: -20855.285
3. Current log-likelihood: -20851.032
Optimal log-likelihood: -20850.997
Rate parameters:  A-C: 1.66533  A-G: 4.34773  A-T: 2.02303  C-G: 0.97552  C-T: 4.79269  G-T: 1.00000
Base frequencies:  A: 0.245  C: 0.219  G: 0.253  T: 0.283
Gamma shape alpha: 0.493
Parameters optimization took 3 rounds (0.056 sec)
Computing ML distances based on estimated model parameters... 0.002 sec
Computing BIONJ tree...
0.002 seconds
Log-likelihood of BIONJ tree: -20852.466
--------------------------------------------------------------------
|             INITIALIZING CANDIDATE TREE SET                      |
--------------------------------------------------------------------
Generating 98 parsimony trees... 0.150 second
Computing log-likelihood of 97 initial trees ... 0.556 seconds
Current best score: -20850.997

Do NNI search on 20 best initial trees
Estimate model parameters (epsilon = 0.100)
BETTER TREE FOUND at iteration 1: -20850.997
Iteration 10 / LogL: -20852.219 / Time: 0h:0m:1s
Iteration 20 / LogL: -20851.165 / Time: 0h:0m:1s
Finish initializing candidate tree set (1)
Current best tree score: -20850.997 / CPU time: 1.452
Number of iterations: 20
--------------------------------------------------------------------
|               OPTIMIZING CANDIDATE TREE SET                      |
--------------------------------------------------------------------
UPDATE BEST LOG-LIKELIHOOD: -20850.997
Iteration 30 / LogL: -20851.007 / Time: 0h:0m:1s (0h:0m:4s left)
Iteration 40 / LogL: -20851.006 / Time: 0h:0m:2s (0h:0m:3s left)
Iteration 50 / LogL: -20850.999 / Time: 0h:0m:2s (0h:0m:3s left)
Iteration 60 / LogL: -20851.075 / Time: 0h:0m:3s (0h:0m:2s left)
Iteration 70 / LogL: -20851.135 / Time: 0h:0m:3s (0h:0m:1s left)
Iteration 80 / LogL: -20851.070 / Time: 0h:0m:4s (0h:0m:1s left)
Iteration 90 / LogL: -20851.134 / Time: 0h:0m:5s (0h:0m:0s left)
Iteration 100 / LogL: -20851.070 / Time: 0h:0m:5s (0h:0m:0s left)
TREE SEARCH COMPLETED AFTER 102 ITERATIONS / Time: 0h:0m:5s

--------------------------------------------------------------------
|                    FINALIZING TREE SEARCH                        |
--------------------------------------------------------------------
Performs final model parameters optimization
Estimate model parameters (epsilon = 0.010)
1. Initial log-likelihood: -20850.997
Optimal log-likelihood: -20850.997
Rate parameters:  A-C: 1.66652  A-G: 4.35010  A-T: 2.02467  C-G: 0.97506  C-T: 4.79763  G-T: 1.00000
Base frequencies:  A: 0.245  C: 0.219  G: 0.253  T: 0.283
Gamma shape alpha: 0.493
Parameters optimization took 1 rounds (0.007 sec)
BEST SCORE FOUND : -20850.997

Testing tree branches by SH-like aLRT with 1000 replicates...
0.187 sec.
Total tree length: 1.534

Total number of iterations: 102
CPU time used for tree search: 9.138 sec (0h:0m:9s)
Wall-clock time used for tree search: 5.617 sec (0h:0m:5s)
Total CPU time used: 10.026 sec (0h:0m:10s)
Total wall-clock time used: 5.888 sec (0h:0m:5s)

Analysis results written to: 
  IQ-TREE report:                cluster1638rr.1to1ortho.fa.aln-cln_gene373.fa.iqtree
  Maximum-likelihood tree:       cluster1638rr.1to1ortho.fa.aln-cln_gene373.fa.treefile
  Likelihood distances:          cluster1638rr.1to1ortho.fa.aln-cln_gene373.fa.mldist
  Screen log file:               cluster1638rr.1to1ortho.fa.aln-cln_gene373.fa.log

Date and Time: Mon Nov 25 09:46:49 2019
