IQ-TREE multicore version 1.6.11 for Mac OS X 64-bit built Jul 12 2019
Developed by Bui Quang Minh, Nguyen Lam Tung, Olga Chernomor,
Heiko Schmidt, Dominik Schrempf, Michael Woodhams.

Host:    slpc437 (AVX2, FMA3, 16 GB RAM)
Command: iqtree -s cluster1034rr.1to1ortho.fa.aln-cln_gene1231.fa -nt 4 -m GTR+G -alrt 1000
Seed:    863955 (Using SPRNG - Scalable Parallel Random Number Generator)
Time:    Mon Nov 25 09:36:07 2019
Kernel:  AVX+FMA - 4 threads (6 CPU cores detected)

Reading alignment file cluster1034rr.1to1ortho.fa.aln-cln_gene1231.fa ... Fasta format detected
Alignment most likely contains DNA/RNA sequences
Alignment has 13 sequences with 1300 columns, 619 distinct patterns
433 parsimony-informative, 197 singleton sites, 669 constant sites
           Gap/Ambiguity  Composition  p-value
   1  DrolusSFB   24.23%    passed     85.90%
   2  Dino         0.69%    passed     98.48%
   3  MJM3360      0.77%    passed     68.04%
   4  DrobinSFB    0.69%    passed     53.49%
   5  Neam         0.54%    passed     97.10%
   6  RuprSFB     43.38%    passed     43.46%
   7  Retr         1.23%    passed     99.18%
   8  Beta         1.46%    passed     35.19%
   9  Spol         2.38%    passed     98.59%
  10  MJM1652     48.23%    passed     45.87%
  11  NepSFB       0.54%    passed     99.29%
  12  WPYJ         1.00%    passed     92.50%
  13  MJM2940      1.00%    passed     87.68%
****  TOTAL        9.70%  0 sequences failed composition chi2 test (p-value<5%; df=3)

Create initial parsimony tree by phylogenetic likelihood library (PLL)... 0.001 seconds

NOTE: 1 MB RAM (0 GB) is required!
Estimate model parameters (epsilon = 0.100)
1. Initial log-likelihood: -8333.522
2. Current log-likelihood: -7933.740
3. Current log-likelihood: -7930.253
Optimal log-likelihood: -7930.185
Rate parameters:  A-C: 1.61589  A-G: 4.16275  A-T: 1.06677  C-G: 1.06822  C-T: 5.64017  G-T: 1.00000
Base frequencies:  A: 0.292  C: 0.203  G: 0.233  T: 0.272
Gamma shape alpha: 0.432
Parameters optimization took 3 rounds (0.072 sec)
Computing ML distances based on estimated model parameters... 0.001 sec
Computing BIONJ tree...
0.002 seconds
Log-likelihood of BIONJ tree: -7928.956
--------------------------------------------------------------------
|             INITIALIZING CANDIDATE TREE SET                      |
--------------------------------------------------------------------
Generating 98 parsimony trees... 0.083 second
Computing log-likelihood of 96 initial trees ... 0.421 seconds
Current best score: -7928.956

Do NNI search on 20 best initial trees
Estimate model parameters (epsilon = 0.100)
BETTER TREE FOUND at iteration 1: -7927.417
Iteration 10 / LogL: -7927.431 / Time: 0h:0m:0s
Iteration 20 / LogL: -7927.428 / Time: 0h:0m:1s
Finish initializing candidate tree set (1)
Current best tree score: -7927.417 / CPU time: 1.108
Number of iterations: 20
--------------------------------------------------------------------
|               OPTIMIZING CANDIDATE TREE SET                      |
--------------------------------------------------------------------
Iteration 30 / LogL: -7927.419 / Time: 0h:0m:1s (0h:0m:3s left)
Iteration 40 / LogL: -7927.767 / Time: 0h:0m:2s (0h:0m:3s left)
Iteration 50 / LogL: -7927.637 / Time: 0h:0m:2s (0h:0m:2s left)
Iteration 60 / LogL: -7927.427 / Time: 0h:0m:2s (0h:0m:1s left)
Iteration 70 / LogL: -7927.421 / Time: 0h:0m:3s (0h:0m:1s left)
Iteration 80 / LogL: -7927.558 / Time: 0h:0m:3s (0h:0m:0s left)
Iteration 90 / LogL: -7927.418 / Time: 0h:0m:4s (0h:0m:0s left)
Iteration 100 / LogL: -7927.461 / Time: 0h:0m:4s (0h:0m:0s left)
TREE SEARCH COMPLETED AFTER 102 ITERATIONS / Time: 0h:0m:4s

--------------------------------------------------------------------
|                    FINALIZING TREE SEARCH                        |
--------------------------------------------------------------------
Performs final model parameters optimization
Estimate model parameters (epsilon = 0.010)
1. Initial log-likelihood: -7927.417
Optimal log-likelihood: -7927.415
Rate parameters:  A-C: 1.58577  A-G: 4.18328  A-T: 1.07435  C-G: 1.05643  C-T: 5.64469  G-T: 1.00000
Base frequencies:  A: 0.292  C: 0.203  G: 0.233  T: 0.272
Gamma shape alpha: 0.432
Parameters optimization took 1 rounds (0.005 sec)
BEST SCORE FOUND : -7927.415

Testing tree branches by SH-like aLRT with 1000 replicates...
0.081 sec.
Total tree length: 1.634

Total number of iterations: 102
CPU time used for tree search: 5.089 sec (0h:0m:5s)
Wall-clock time used for tree search: 4.440 sec (0h:0m:4s)
Total CPU time used: 5.539 sec (0h:0m:5s)
Total wall-clock time used: 4.619 sec (0h:0m:4s)

Analysis results written to: 
  IQ-TREE report:                cluster1034rr.1to1ortho.fa.aln-cln_gene1231.fa.iqtree
  Maximum-likelihood tree:       cluster1034rr.1to1ortho.fa.aln-cln_gene1231.fa.treefile
  Likelihood distances:          cluster1034rr.1to1ortho.fa.aln-cln_gene1231.fa.mldist
  Screen log file:               cluster1034rr.1to1ortho.fa.aln-cln_gene1231.fa.log

Date and Time: Mon Nov 25 09:36:12 2019
