IQ-TREE multicore version 1.6.11 for Mac OS X 64-bit built Jul 12 2019
Developed by Bui Quang Minh, Nguyen Lam Tung, Olga Chernomor,
Heiko Schmidt, Dominik Schrempf, Michael Woodhams.

Host:    slpc437 (AVX2, FMA3, 16 GB RAM)
Command: iqtree -s cluster3816rr.1to1ortho.fa.aln-cln_gene1054.fa -nt 4 -m GTR+G -alrt 1000
Seed:    188952 (Using SPRNG - Scalable Parallel Random Number Generator)
Time:    Mon Nov 25 10:37:32 2019
Kernel:  AVX+FMA - 4 threads (6 CPU cores detected)

Reading alignment file cluster3816rr.1to1ortho.fa.aln-cln_gene1054.fa ... Fasta format detected
Alignment most likely contains DNA/RNA sequences
Alignment has 13 sequences with 624 columns, 228 distinct patterns
166 parsimony-informative, 60 singleton sites, 398 constant sites
           Gap/Ambiguity  Composition  p-value
   1  DrolusSFB    0.00%    passed     79.13%
   2  Dino         0.00%    passed     99.68%
   3  MJM3360      0.00%    passed     80.11%
   4  DrobinSFB    0.00%    passed     41.58%
   5  Neam         0.00%    passed     98.69%
   6  RuprSFB      0.00%    passed     96.93%
   7  Retr         0.00%    passed     92.14%
   8  Beta         0.00%    passed     85.71%
   9  Spol         0.00%    passed     92.52%
  10  MJM1652      0.00%    passed     99.70%
  11  NepSFB       0.00%    passed     99.80%
  12  WPYJ        18.27%    passed     97.59%
  13  MJM2940      0.00%    passed     88.49%
****  TOTAL        1.41%  0 sequences failed composition chi2 test (p-value<5%; df=3)

Create initial parsimony tree by phylogenetic likelihood library (PLL)... 0.000 seconds

NOTE: 0 MB RAM (0 GB) is required!
WARNING: Number of threads seems too high for short alignments. Use -nt AUTO to determine best number of threads.
Estimate model parameters (epsilon = 0.100)
1. Initial log-likelihood: -3510.443
2. Current log-likelihood: -3317.588
3. Current log-likelihood: -3314.169
Optimal log-likelihood: -3314.140
Rate parameters:  A-C: 1.94687  A-G: 5.54561  A-T: 1.91313  C-G: 1.43368  C-T: 7.93227  G-T: 1.00000
Base frequencies:  A: 0.298  C: 0.196  G: 0.239  T: 0.267
Gamma shape alpha: 0.223
Parameters optimization took 3 rounds (0.029 sec)
Computing ML distances based on estimated model parameters... 0.001 sec
Computing BIONJ tree...
0.002 seconds
Log-likelihood of BIONJ tree: -3316.673
--------------------------------------------------------------------
|             INITIALIZING CANDIDATE TREE SET                      |
--------------------------------------------------------------------
Generating 98 parsimony trees... 0.060 second
Computing log-likelihood of 98 initial trees ... 0.376 seconds
Current best score: -3314.140

Do NNI search on 20 best initial trees
Estimate model parameters (epsilon = 0.100)
BETTER TREE FOUND at iteration 1: -3314.139
Iteration 10 / LogL: -3315.441 / Time: 0h:0m:0s
Iteration 20 / LogL: -3314.146 / Time: 0h:0m:0s
Finish initializing candidate tree set (2)
Current best tree score: -3314.139 / CPU time: 0.872
Number of iterations: 20
--------------------------------------------------------------------
|               OPTIMIZING CANDIDATE TREE SET                      |
--------------------------------------------------------------------
Iteration 30 / LogL: -3315.747 / Time: 0h:0m:1s (0h:0m:2s left)
Iteration 40 / LogL: -3315.450 / Time: 0h:0m:1s (0h:0m:2s left)
Iteration 50 / LogL: -3315.443 / Time: 0h:0m:1s (0h:0m:1s left)
Iteration 60 / LogL: -3315.860 / Time: 0h:0m:2s (0h:0m:1s left)
Iteration 70 / LogL: -3315.445 / Time: 0h:0m:2s (0h:0m:1s left)
Iteration 80 / LogL: -3314.330 / Time: 0h:0m:2s (0h:0m:0s left)
Iteration 90 / LogL: -3314.144 / Time: 0h:0m:3s (0h:0m:0s left)
Iteration 100 / LogL: -3315.439 / Time: 0h:0m:3s (0h:0m:0s left)
TREE SEARCH COMPLETED AFTER 102 ITERATIONS / Time: 0h:0m:3s

--------------------------------------------------------------------
|                    FINALIZING TREE SEARCH                        |
--------------------------------------------------------------------
Performs final model parameters optimization
Estimate model parameters (epsilon = 0.010)
1. Initial log-likelihood: -3314.139
Optimal log-likelihood: -3314.138
Rate parameters:  A-C: 1.95630  A-G: 5.56060  A-T: 1.91399  C-G: 1.43761  C-T: 7.94081  G-T: 1.00000
Base frequencies:  A: 0.298  C: 0.196  G: 0.239  T: 0.267
Gamma shape alpha: 0.223
Parameters optimization took 1 rounds (0.003 sec)
BEST SCORE FOUND : -3314.138

Testing tree branches by SH-like aLRT with 1000 replicates...
0.043 sec.
Total tree length: 1.099

Total number of iterations: 102
CPU time used for tree search: 3.008 sec (0h:0m:3s)
Wall-clock time used for tree search: 3.576 sec (0h:0m:3s)
Total CPU time used: 3.195 sec (0h:0m:3s)
Total wall-clock time used: 3.668 sec (0h:0m:3s)

Analysis results written to: 
  IQ-TREE report:                cluster3816rr.1to1ortho.fa.aln-cln_gene1054.fa.iqtree
  Maximum-likelihood tree:       cluster3816rr.1to1ortho.fa.aln-cln_gene1054.fa.treefile
  Likelihood distances:          cluster3816rr.1to1ortho.fa.aln-cln_gene1054.fa.mldist
  Screen log file:               cluster3816rr.1to1ortho.fa.aln-cln_gene1054.fa.log

Date and Time: Mon Nov 25 10:37:35 2019
