IQ-TREE multicore version 1.6.11 for Mac OS X 64-bit built Jul 12 2019
Developed by Bui Quang Minh, Nguyen Lam Tung, Olga Chernomor,
Heiko Schmidt, Dominik Schrempf, Michael Woodhams.

Host:    slpc437 (AVX2, FMA3, 16 GB RAM)
Command: iqtree -s cluster5342rr.1to1ortho.fa.aln-cln_gene713.fa -nt 4 -m GTR+G -alrt 1000
Seed:    586350 (Using SPRNG - Scalable Parallel Random Number Generator)
Time:    Mon Nov 25 11:06:30 2019
Kernel:  AVX+FMA - 4 threads (6 CPU cores detected)

Reading alignment file cluster5342rr.1to1ortho.fa.aln-cln_gene713.fa ... Fasta format detected
Alignment most likely contains DNA/RNA sequences
Alignment has 13 sequences with 1143 columns, 566 distinct patterns
437 parsimony-informative, 180 singleton sites, 526 constant sites
           Gap/Ambiguity  Composition  p-value
   1  DrolusSFB    0.00%    passed     73.11%
   2  Dino         0.00%    passed     28.56%
   3  MJM3360     21.00%    passed     70.51%
   4  DrobinSFB   18.64%    passed     91.46%
   5  Neam         0.79%    passed     74.79%
   6  RuprSFB     18.81%    passed     69.08%
   7  Retr         3.24%    passed     70.02%
   8  Beta         2.10%    passed     71.14%
   9  Spol         1.05%    passed     91.72%
  10  MJM1652      0.00%    passed     78.28%
  11  NepSFB       0.79%    passed     85.30%
  12  WPYJ         2.97%    passed     75.90%
  13  MJM2940      0.00%    passed     89.66%
****  TOTAL        5.34%  0 sequences failed composition chi2 test (p-value<5%; df=3)

Create initial parsimony tree by phylogenetic likelihood library (PLL)... 0.001 seconds

NOTE: 0 MB RAM (0 GB) is required!
Estimate model parameters (epsilon = 0.100)
1. Initial log-likelihood: -7792.913
2. Current log-likelihood: -7548.135
3. Current log-likelihood: -7545.602
Optimal log-likelihood: -7545.576
Rate parameters:  A-C: 2.17791  A-G: 4.55028  A-T: 1.87784  C-G: 1.45569  C-T: 4.97232  G-T: 1.00000
Base frequencies:  A: 0.247  C: 0.212  G: 0.254  T: 0.287
Gamma shape alpha: 0.545
Parameters optimization took 3 rounds (0.034 sec)
Computing ML distances based on estimated model parameters... 0.001 sec
Computing BIONJ tree...
0.002 seconds
Log-likelihood of BIONJ tree: -7558.089
--------------------------------------------------------------------
|             INITIALIZING CANDIDATE TREE SET                      |
--------------------------------------------------------------------
Generating 98 parsimony trees... 0.082 second
Computing log-likelihood of 96 initial trees ... 0.422 seconds
Current best score: -7545.576

Do NNI search on 20 best initial trees
Estimate model parameters (epsilon = 0.100)
BETTER TREE FOUND at iteration 1: -7545.576
Iteration 10 / LogL: -7545.683 / Time: 0h:0m:0s
Iteration 20 / LogL: -7545.588 / Time: 0h:0m:1s
Finish initializing candidate tree set (3)
Current best tree score: -7545.576 / CPU time: 1.085
Number of iterations: 20
--------------------------------------------------------------------
|               OPTIMIZING CANDIDATE TREE SET                      |
--------------------------------------------------------------------
Iteration 30 / LogL: -7545.763 / Time: 0h:0m:1s (0h:0m:3s left)
Iteration 40 / LogL: -7546.670 / Time: 0h:0m:2s (0h:0m:3s left)
Iteration 50 / LogL: -7546.677 / Time: 0h:0m:2s (0h:0m:2s left)
Iteration 60 / LogL: -7545.801 / Time: 0h:0m:2s (0h:0m:1s left)
Iteration 70 / LogL: -7546.777 / Time: 0h:0m:3s (0h:0m:1s left)
Iteration 80 / LogL: -7546.784 / Time: 0h:0m:3s (0h:0m:0s left)
Iteration 90 / LogL: -7546.675 / Time: 0h:0m:3s (0h:0m:0s left)
Iteration 100 / LogL: -7545.911 / Time: 0h:0m:4s (0h:0m:0s left)
TREE SEARCH COMPLETED AFTER 102 ITERATIONS / Time: 0h:0m:4s

--------------------------------------------------------------------
|                    FINALIZING TREE SEARCH                        |
--------------------------------------------------------------------
Performs final model parameters optimization
Estimate model parameters (epsilon = 0.010)
1. Initial log-likelihood: -7545.576
Optimal log-likelihood: -7545.575
Rate parameters:  A-C: 2.17353  A-G: 4.55197  A-T: 1.87667  C-G: 1.45370  C-T: 4.96389  G-T: 1.00000
Base frequencies:  A: 0.247  C: 0.212  G: 0.254  T: 0.287
Gamma shape alpha: 0.545
Parameters optimization took 1 rounds (0.005 sec)
BEST SCORE FOUND : -7545.575

Testing tree branches by SH-like aLRT with 1000 replicates...
0.074 sec.
Total tree length: 1.712

Total number of iterations: 102
CPU time used for tree search: 4.783 sec (0h:0m:4s)
Wall-clock time used for tree search: 4.347 sec (0h:0m:4s)
Total CPU time used: 5.112 sec (0h:0m:5s)
Total wall-clock time used: 4.481 sec (0h:0m:4s)

Analysis results written to: 
  IQ-TREE report:                cluster5342rr.1to1ortho.fa.aln-cln_gene713.fa.iqtree
  Maximum-likelihood tree:       cluster5342rr.1to1ortho.fa.aln-cln_gene713.fa.treefile
  Likelihood distances:          cluster5342rr.1to1ortho.fa.aln-cln_gene713.fa.mldist
  Screen log file:               cluster5342rr.1to1ortho.fa.aln-cln_gene713.fa.log

Date and Time: Mon Nov 25 11:06:35 2019
