IQ-TREE multicore version 1.6.11 for Mac OS X 64-bit built Jul 12 2019
Developed by Bui Quang Minh, Nguyen Lam Tung, Olga Chernomor,
Heiko Schmidt, Dominik Schrempf, Michael Woodhams.

Host:    slpc437 (AVX2, FMA3, 16 GB RAM)
Command: iqtree -s cluster3976rr.1to1ortho.fa.aln-cln_gene1134.fa -nt 4 -m GTR+G -alrt 1000
Seed:    979962 (Using SPRNG - Scalable Parallel Random Number Generator)
Time:    Mon Nov 25 10:42:13 2019
Kernel:  AVX+FMA - 4 threads (6 CPU cores detected)

Reading alignment file cluster3976rr.1to1ortho.fa.aln-cln_gene1134.fa ... Fasta format detected
Alignment most likely contains DNA/RNA sequences
Alignment has 13 sequences with 2208 columns, 871 distinct patterns
650 parsimony-informative, 252 singleton sites, 1306 constant sites
           Gap/Ambiguity  Composition  p-value
   1  DrolusSFB   44.34%    passed      6.12%
   2  Dino         0.00%    passed     78.18%
   3  MJM3360      2.54%    passed      7.29%
   4  DrobinSFB    3.40%    passed     42.90%
   5  Neam         0.00%    passed     87.48%
   6  RuprSFB      3.26%    passed     70.30%
   7  Retr        21.33%    passed     20.60%
   8  Beta         1.09%    passed     11.05%
   9  Spol         1.09%    passed     36.94%
  10  MJM1652      0.00%    passed     31.61%
  11  NepSFB       0.00%    passed     93.39%
  12  WPYJ        42.26%    failed      1.13%
  13  MJM2940      2.08%    passed     96.43%
****  TOTAL        9.34%  1 sequences failed composition chi2 test (p-value<5%; df=3)

Create initial parsimony tree by phylogenetic likelihood library (PLL)... 0.001 seconds

NOTE: 1 MB RAM (0 GB) is required!
Estimate model parameters (epsilon = 0.100)
1. Initial log-likelihood: -12711.677
2. Current log-likelihood: -12122.183
3. Current log-likelihood: -12113.751
4. Current log-likelihood: -12113.621
Optimal log-likelihood: -12113.616
Rate parameters:  A-C: 1.72484  A-G: 4.31285  A-T: 1.51526  C-G: 1.27529  C-T: 5.51951  G-T: 1.00000
Base frequencies:  A: 0.229  C: 0.198  G: 0.242  T: 0.331
Gamma shape alpha: 0.308
Parameters optimization took 4 rounds (0.048 sec)
Computing ML distances based on estimated model parameters... 0.002 sec
Computing BIONJ tree...
0.002 seconds
Log-likelihood of BIONJ tree: -12112.289
--------------------------------------------------------------------
|             INITIALIZING CANDIDATE TREE SET                      |
--------------------------------------------------------------------
Generating 98 parsimony trees... 0.097 second
Computing log-likelihood of 96 initial trees ... 0.460 seconds
Current best score: -12110.610

Do NNI search on 20 best initial trees
Estimate model parameters (epsilon = 0.100)
BETTER TREE FOUND at iteration 1: -12108.462
Iteration 10 / LogL: -12108.545 / Time: 0h:0m:0s
Iteration 20 / LogL: -12108.466 / Time: 0h:0m:1s
Finish initializing candidate tree set (1)
Current best tree score: -12108.462 / CPU time: 1.292
Number of iterations: 20
--------------------------------------------------------------------
|               OPTIMIZING CANDIDATE TREE SET                      |
--------------------------------------------------------------------
UPDATE BEST LOG-LIKELIHOOD: -12108.462
Iteration 30 / LogL: -12108.926 / Time: 0h:0m:1s (0h:0m:4s left)
Iteration 40 / LogL: -12108.483 / Time: 0h:0m:2s (0h:0m:3s left)
Iteration 50 / LogL: -12108.476 / Time: 0h:0m:2s (0h:0m:2s left)
Iteration 60 / LogL: -12108.586 / Time: 0h:0m:3s (0h:0m:2s left)
Iteration 70 / LogL: -12108.630 / Time: 0h:0m:3s (0h:0m:1s left)
Iteration 80 / LogL: -12108.495 / Time: 0h:0m:3s (0h:0m:1s left)
Iteration 90 / LogL: -12110.812 / Time: 0h:0m:4s (0h:0m:0s left)
Iteration 100 / LogL: -12108.801 / Time: 0h:0m:4s (0h:0m:0s left)
TREE SEARCH COMPLETED AFTER 102 ITERATIONS / Time: 0h:0m:4s

--------------------------------------------------------------------
|                    FINALIZING TREE SEARCH                        |
--------------------------------------------------------------------
Performs final model parameters optimization
Estimate model parameters (epsilon = 0.010)
1. Initial log-likelihood: -12108.462
Optimal log-likelihood: -12108.455
Rate parameters:  A-C: 1.74475  A-G: 4.33581  A-T: 1.52234  C-G: 1.26482  C-T: 5.57710  G-T: 1.00000
Base frequencies:  A: 0.229  C: 0.198  G: 0.242  T: 0.331
Gamma shape alpha: 0.307
Parameters optimization took 1 rounds (0.006 sec)
BEST SCORE FOUND : -12108.455

Testing tree branches by SH-like aLRT with 1000 replicates...
0.121 sec.
Total tree length: 1.460

Total number of iterations: 102
CPU time used for tree search: 6.412 sec (0h:0m:6s)
Wall-clock time used for tree search: 4.918 sec (0h:0m:4s)
Total CPU time used: 6.979 sec (0h:0m:6s)
Total wall-clock time used: 5.114 sec (0h:0m:5s)

Analysis results written to: 
  IQ-TREE report:                cluster3976rr.1to1ortho.fa.aln-cln_gene1134.fa.iqtree
  Maximum-likelihood tree:       cluster3976rr.1to1ortho.fa.aln-cln_gene1134.fa.treefile
  Likelihood distances:          cluster3976rr.1to1ortho.fa.aln-cln_gene1134.fa.mldist
  Screen log file:               cluster3976rr.1to1ortho.fa.aln-cln_gene1134.fa.log

Date and Time: Mon Nov 25 10:42:19 2019
