IQ-TREE multicore version 1.6.11 for Mac OS X 64-bit built Jul 12 2019
Developed by Bui Quang Minh, Nguyen Lam Tung, Olga Chernomor,
Heiko Schmidt, Dominik Schrempf, Michael Woodhams.

Host:    slpc437 (AVX2, FMA3, 16 GB RAM)
Command: iqtree -s cluster2051rr.1to1ortho.fa.aln-cln_gene351.fa -nt 4 -m GTR+G -alrt 1000
Seed:    199371 (Using SPRNG - Scalable Parallel Random Number Generator)
Time:    Mon Nov 25 09:55:10 2019
Kernel:  AVX+FMA - 4 threads (6 CPU cores detected)

Reading alignment file cluster2051rr.1to1ortho.fa.aln-cln_gene351.fa ... Fasta format detected
Alignment most likely contains DNA/RNA sequences
Alignment has 13 sequences with 1425 columns, 561 distinct patterns
448 parsimony-informative, 198 singleton sites, 779 constant sites
           Gap/Ambiguity  Composition  p-value
   1  DrolusSFB    1.26%    passed     40.99%
   2  Dino         1.68%    passed     87.66%
   3  MJM3360      1.96%    passed     60.99%
   4  DrobinSFB    1.68%    passed     69.50%
   5  Neam         6.11%    passed     79.44%
   6  RuprSFB      0.84%    passed     94.25%
   7  Retr         1.82%    passed     94.67%
   8  Beta         0.98%    passed     96.90%
   9  Spol         0.84%    passed     75.66%
  10  MJM1652      1.68%    passed     80.67%
  11  NepSFB       1.68%    passed     92.44%
  12  WPYJ         1.68%    passed     94.25%
  13  MJM2940      0.84%    passed     92.16%
****  TOTAL        1.78%  0 sequences failed composition chi2 test (p-value<5%; df=3)

Create initial parsimony tree by phylogenetic likelihood library (PLL)... 0.001 seconds

NOTE: 0 MB RAM (0 GB) is required!
Estimate model parameters (epsilon = 0.100)
1. Initial log-likelihood: -9152.104
2. Current log-likelihood: -8650.894
3. Current log-likelihood: -8640.918
4. Current log-likelihood: -8640.659
Optimal log-likelihood: -8640.646
Rate parameters:  A-C: 1.39407  A-G: 3.63805  A-T: 0.94358  C-G: 0.88488  C-T: 6.02639  G-T: 1.00000
Base frequencies:  A: 0.300  C: 0.191  G: 0.232  T: 0.277
Gamma shape alpha: 0.321
Parameters optimization took 4 rounds (0.041 sec)
Computing ML distances based on estimated model parameters... 0.001 sec
Computing BIONJ tree...
0.002 seconds
Log-likelihood of BIONJ tree: -8638.218
--------------------------------------------------------------------
|             INITIALIZING CANDIDATE TREE SET                      |
--------------------------------------------------------------------
Generating 98 parsimony trees... 0.086 second
Computing log-likelihood of 98 initial trees ... 0.436 seconds
Current best score: -8633.392

Do NNI search on 20 best initial trees
Estimate model parameters (epsilon = 0.100)
BETTER TREE FOUND at iteration 1: -8633.284
Estimate model parameters (epsilon = 0.100)
BETTER TREE FOUND at iteration 3: -8632.431
Iteration 10 / LogL: -8633.460 / Time: 0h:0m:0s
Iteration 20 / LogL: -8636.938 / Time: 0h:0m:1s
Finish initializing candidate tree set (5)
Current best tree score: -8632.431 / CPU time: 1.209
Number of iterations: 20
--------------------------------------------------------------------
|               OPTIMIZING CANDIDATE TREE SET                      |
--------------------------------------------------------------------
Iteration 30 / LogL: -8633.440 / Time: 0h:0m:1s (0h:0m:4s left)
Iteration 40 / LogL: -8636.972 / Time: 0h:0m:2s (0h:0m:3s left)
Iteration 50 / LogL: -8634.877 / Time: 0h:0m:2s (0h:0m:2s left)
Iteration 60 / LogL: -8634.871 / Time: 0h:0m:2s (0h:0m:2s left)
Iteration 70 / LogL: -8635.933 / Time: 0h:0m:3s (0h:0m:1s left)
Iteration 80 / LogL: -8636.087 / Time: 0h:0m:3s (0h:0m:1s left)
Iteration 90 / LogL: -8633.444 / Time: 0h:0m:4s (0h:0m:0s left)
Iteration 100 / LogL: -8632.501 / Time: 0h:0m:4s (0h:0m:0s left)
TREE SEARCH COMPLETED AFTER 104 ITERATIONS / Time: 0h:0m:4s

--------------------------------------------------------------------
|                    FINALIZING TREE SEARCH                        |
--------------------------------------------------------------------
Performs final model parameters optimization
Estimate model parameters (epsilon = 0.010)
1. Initial log-likelihood: -8632.431
Optimal log-likelihood: -8632.429
Rate parameters:  A-C: 1.35165  A-G: 3.58911  A-T: 0.92800  C-G: 0.87320  C-T: 5.92035  G-T: 1.00000
Base frequencies:  A: 0.300  C: 0.191  G: 0.232  T: 0.277
Gamma shape alpha: 0.324
Parameters optimization took 1 rounds (0.005 sec)
BEST SCORE FOUND : -8632.429

Testing tree branches by SH-like aLRT with 1000 replicates...
0.084 sec.
Total tree length: 1.726

Total number of iterations: 104
CPU time used for tree search: 5.274 sec (0h:0m:5s)
Wall-clock time used for tree search: 4.721 sec (0h:0m:4s)
Total CPU time used: 5.663 sec (0h:0m:5s)
Total wall-clock time used: 4.873 sec (0h:0m:4s)

Analysis results written to: 
  IQ-TREE report:                cluster2051rr.1to1ortho.fa.aln-cln_gene351.fa.iqtree
  Maximum-likelihood tree:       cluster2051rr.1to1ortho.fa.aln-cln_gene351.fa.treefile
  Likelihood distances:          cluster2051rr.1to1ortho.fa.aln-cln_gene351.fa.mldist
  Screen log file:               cluster2051rr.1to1ortho.fa.aln-cln_gene351.fa.log

Date and Time: Mon Nov 25 09:55:15 2019
