IQ-TREE multicore version 1.6.11 for Mac OS X 64-bit built Jul 12 2019
Developed by Bui Quang Minh, Nguyen Lam Tung, Olga Chernomor,
Heiko Schmidt, Dominik Schrempf, Michael Woodhams.

Host:    slpc437 (AVX2, FMA3, 16 GB RAM)
Command: iqtree -s cluster3776rr.1to1ortho.fa.aln-cln_gene921.fa -nt 4 -m GTR+G -alrt 1000
Seed:    883043 (Using SPRNG - Scalable Parallel Random Number Generator)
Time:    Mon Nov 25 10:36:39 2019
Kernel:  AVX+FMA - 4 threads (6 CPU cores detected)

Reading alignment file cluster3776rr.1to1ortho.fa.aln-cln_gene921.fa ... Fasta format detected
Alignment most likely contains DNA/RNA sequences
Alignment has 13 sequences with 612 columns, 278 distinct patterns
182 parsimony-informative, 82 singleton sites, 348 constant sites
           Gap/Ambiguity  Composition  p-value
   1  DrolusSFB    0.00%    passed     94.63%
   2  Dino        39.54%    passed     78.70%
   3  MJM3360      0.33%    passed     88.15%
   4  DrobinSFB    4.41%    passed     77.41%
   5  Neam         0.00%    passed     94.12%
   6  RuprSFB      0.00%    passed     67.13%
   7  Retr         6.54%    passed     96.35%
   8  Beta         0.00%    passed     77.68%
   9  Spol         0.00%    passed     78.47%
  10  MJM1652      0.00%    passed     89.94%
  11  NepSFB       0.00%    passed     98.77%
  12  WPYJ        13.40%    passed     67.32%
  13  MJM2940      0.00%    passed     66.00%
****  TOTAL        4.94%  0 sequences failed composition chi2 test (p-value<5%; df=3)

Create initial parsimony tree by phylogenetic likelihood library (PLL)... 0.000 seconds

NOTE: 0 MB RAM (0 GB) is required!
WARNING: Number of threads seems too high for short alignments. Use -nt AUTO to determine best number of threads.
Estimate model parameters (epsilon = 0.100)
1. Initial log-likelihood: -3664.449
2. Current log-likelihood: -3486.557
3. Current log-likelihood: -3484.614
Optimal log-likelihood: -3484.525
Rate parameters:  A-C: 1.82135  A-G: 3.42239  A-T: 0.95033  C-G: 0.85518  C-T: 6.73847  G-T: 1.00000
Base frequencies:  A: 0.324  C: 0.169  G: 0.298  T: 0.209
Gamma shape alpha: 0.349
Parameters optimization took 3 rounds (0.034 sec)
Computing ML distances based on estimated model parameters... 0.001 sec
Computing BIONJ tree...
0.002 seconds
Log-likelihood of BIONJ tree: -3484.520
--------------------------------------------------------------------
|             INITIALIZING CANDIDATE TREE SET                      |
--------------------------------------------------------------------
Generating 99 parsimony trees... 0.062 second
Computing log-likelihood of 99 initial trees ... 0.398 seconds
Current best score: -3484.520

Do NNI search on 20 best initial trees
Estimate model parameters (epsilon = 0.100)
BETTER TREE FOUND at iteration 1: -3484.519
Iteration 10 / LogL: -3484.578 / Time: 0h:0m:0s
Iteration 20 / LogL: -3484.562 / Time: 0h:0m:1s
Finish initializing candidate tree set (1)
Current best tree score: -3484.519 / CPU time: 0.977
Number of iterations: 20
--------------------------------------------------------------------
|               OPTIMIZING CANDIDATE TREE SET                      |
--------------------------------------------------------------------
Iteration 30 / LogL: -3484.587 / Time: 0h:0m:1s (0h:0m:3s left)
Iteration 40 / LogL: -3484.661 / Time: 0h:0m:1s (0h:0m:2s left)
Iteration 50 / LogL: -3484.652 / Time: 0h:0m:2s (0h:0m:2s left)
Iteration 60 / LogL: -3484.564 / Time: 0h:0m:2s (0h:0m:1s left)
Iteration 70 / LogL: -3484.555 / Time: 0h:0m:2s (0h:0m:1s left)
Iteration 80 / LogL: -3484.537 / Time: 0h:0m:3s (0h:0m:0s left)
Iteration 90 / LogL: -3484.711 / Time: 0h:0m:3s (0h:0m:0s left)
Iteration 100 / LogL: -3484.672 / Time: 0h:0m:3s (0h:0m:0s left)
TREE SEARCH COMPLETED AFTER 102 ITERATIONS / Time: 0h:0m:3s

--------------------------------------------------------------------
|                    FINALIZING TREE SEARCH                        |
--------------------------------------------------------------------
Performs final model parameters optimization
Estimate model parameters (epsilon = 0.010)
1. Initial log-likelihood: -3484.519
Optimal log-likelihood: -3484.519
Rate parameters:  A-C: 1.82298  A-G: 3.41657  A-T: 0.94853  C-G: 0.85193  C-T: 6.74697  G-T: 1.00000
Base frequencies:  A: 0.324  C: 0.169  G: 0.298  T: 0.209
Gamma shape alpha: 0.349
Parameters optimization took 1 rounds (0.004 sec)
BEST SCORE FOUND : -3484.519

Testing tree branches by SH-like aLRT with 1000 replicates...
0.043 sec.
Total tree length: 1.386

Total number of iterations: 102
CPU time used for tree search: 3.223 sec (0h:0m:3s)
Wall-clock time used for tree search: 3.674 sec (0h:0m:3s)
Total CPU time used: 3.427 sec (0h:0m:3s)
Total wall-clock time used: 3.776 sec (0h:0m:3s)

Analysis results written to: 
  IQ-TREE report:                cluster3776rr.1to1ortho.fa.aln-cln_gene921.fa.iqtree
  Maximum-likelihood tree:       cluster3776rr.1to1ortho.fa.aln-cln_gene921.fa.treefile
  Likelihood distances:          cluster3776rr.1to1ortho.fa.aln-cln_gene921.fa.mldist
  Screen log file:               cluster3776rr.1to1ortho.fa.aln-cln_gene921.fa.log

Date and Time: Mon Nov 25 10:36:43 2019
