IQ-TREE multicore version 1.6.11 for Mac OS X 64-bit built Jul 12 2019
Developed by Bui Quang Minh, Nguyen Lam Tung, Olga Chernomor,
Heiko Schmidt, Dominik Schrempf, Michael Woodhams.

Host:    slpc437 (AVX2, FMA3, 16 GB RAM)
Command: iqtree -s cluster178rr.1to1ortho.fa.aln-cln_gene661.fa -nt 4 -m GTR+G -alrt 1000
Seed:    62731 (Using SPRNG - Scalable Parallel Random Number Generator)
Time:    Mon Nov 25 09:49:19 2019
Kernel:  AVX+FMA - 4 threads (6 CPU cores detected)

Reading alignment file cluster178rr.1to1ortho.fa.aln-cln_gene661.fa ... Fasta format detected
Alignment most likely contains DNA/RNA sequences
Alignment has 13 sequences with 780 columns, 364 distinct patterns
277 parsimony-informative, 143 singleton sites, 360 constant sites
           Gap/Ambiguity  Composition  p-value
   1  DrolusSFB    0.00%    passed     68.97%
   2  Dino         0.00%    passed     90.40%
   3  MJM3360      0.26%    passed     75.96%
   4  DrobinSFB    0.00%    passed     80.22%
   5  Neam         0.00%    passed     97.47%
   6  RuprSFB      0.00%    passed     98.71%
   7  Retr         0.00%    passed     91.96%
   8  Beta         0.26%    passed     52.75%
   9  Spol         0.26%    passed     81.87%
  10  MJM1652      0.00%    passed     65.07%
  11  NepSFB       0.00%    passed     95.40%
  12  WPYJ         3.46%    passed     95.21%
  13  MJM2940      0.00%    passed     99.00%
****  TOTAL        0.33%  0 sequences failed composition chi2 test (p-value<5%; df=3)

Create initial parsimony tree by phylogenetic likelihood library (PLL)... 0.001 seconds

NOTE: 0 MB RAM (0 GB) is required!
WARNING: Number of threads seems too high for short alignments. Use -nt AUTO to determine best number of threads.
Estimate model parameters (epsilon = 0.100)
1. Initial log-likelihood: -5405.342
2. Current log-likelihood: -5213.268
3. Current log-likelihood: -5212.358
Optimal log-likelihood: -5212.344
Rate parameters:  A-C: 1.29401  A-G: 3.57225  A-T: 1.29833  C-G: 1.07309  C-T: 4.85585  G-T: 1.00000
Base frequencies:  A: 0.296  C: 0.200  G: 0.254  T: 0.250
Gamma shape alpha: 0.575
Parameters optimization took 3 rounds (0.033 sec)
Computing ML distances based on estimated model parameters... 0.001 sec
Computing BIONJ tree...
0.002 seconds
Log-likelihood of BIONJ tree: -5212.969
--------------------------------------------------------------------
|             INITIALIZING CANDIDATE TREE SET                      |
--------------------------------------------------------------------
Generating 98 parsimony trees... 0.071 second
Computing log-likelihood of 98 initial trees ... 0.386 seconds
Current best score: -5212.344

Do NNI search on 20 best initial trees
Estimate model parameters (epsilon = 0.100)
BETTER TREE FOUND at iteration 1: -5212.344
Estimate model parameters (epsilon = 0.100)
BETTER TREE FOUND at iteration 2: -5212.066
Iteration 10 / LogL: -5212.356 / Time: 0h:0m:0s
Iteration 20 / LogL: -5212.177 / Time: 0h:0m:1s
Finish initializing candidate tree set (2)
Current best tree score: -5212.066 / CPU time: 0.959
Number of iterations: 20
--------------------------------------------------------------------
|               OPTIMIZING CANDIDATE TREE SET                      |
--------------------------------------------------------------------
Iteration 30 / LogL: -5212.134 / Time: 0h:0m:1s (0h:0m:3s left)
Iteration 40 / LogL: -5212.096 / Time: 0h:0m:1s (0h:0m:2s left)
Iteration 50 / LogL: -5212.368 / Time: 0h:0m:2s (0h:0m:2s left)
Iteration 60 / LogL: -5212.096 / Time: 0h:0m:2s (0h:0m:1s left)
Iteration 70 / LogL: -5212.069 / Time: 0h:0m:2s (0h:0m:1s left)
Iteration 80 / LogL: -5212.076 / Time: 0h:0m:3s (0h:0m:0s left)
Iteration 90 / LogL: -5212.368 / Time: 0h:0m:3s (0h:0m:0s left)
Iteration 100 / LogL: -5212.357 / Time: 0h:0m:3s (0h:0m:0s left)
TREE SEARCH COMPLETED AFTER 103 ITERATIONS / Time: 0h:0m:3s

--------------------------------------------------------------------
|                    FINALIZING TREE SEARCH                        |
--------------------------------------------------------------------
Performs final model parameters optimization
Estimate model parameters (epsilon = 0.010)
1. Initial log-likelihood: -5212.066
Optimal log-likelihood: -5212.066
Rate parameters:  A-C: 1.30824  A-G: 3.60111  A-T: 1.30291  C-G: 1.07418  C-T: 4.82982  G-T: 1.00000
Base frequencies:  A: 0.296  C: 0.200  G: 0.254  T: 0.250
Gamma shape alpha: 0.577
Parameters optimization took 1 rounds (0.004 sec)
BEST SCORE FOUND : -5212.066

Testing tree branches by SH-like aLRT with 1000 replicates...
0.055 sec.
Total tree length: 1.556

Total number of iterations: 103
CPU time used for tree search: 3.678 sec (0h:0m:3s)
Wall-clock time used for tree search: 3.875 sec (0h:0m:3s)
Total CPU time used: 3.920 sec (0h:0m:3s)
Total wall-clock time used: 3.985 sec (0h:0m:3s)

Analysis results written to: 
  IQ-TREE report:                cluster178rr.1to1ortho.fa.aln-cln_gene661.fa.iqtree
  Maximum-likelihood tree:       cluster178rr.1to1ortho.fa.aln-cln_gene661.fa.treefile
  Likelihood distances:          cluster178rr.1to1ortho.fa.aln-cln_gene661.fa.mldist
  Screen log file:               cluster178rr.1to1ortho.fa.aln-cln_gene661.fa.log

Date and Time: Mon Nov 25 09:49:23 2019
