IQ-TREE multicore version 1.6.11 for Mac OS X 64-bit built Jul 12 2019
Developed by Bui Quang Minh, Nguyen Lam Tung, Olga Chernomor,
Heiko Schmidt, Dominik Schrempf, Michael Woodhams.

Host:    slpc437 (AVX2, FMA3, 16 GB RAM)
Command: iqtree -s cluster1730rr.1to1ortho.fa.aln-cln_gene370.fa -nt 4 -m GTR+G -alrt 1000
Seed:    489865 (Using SPRNG - Scalable Parallel Random Number Generator)
Time:    Mon Nov 25 09:48:10 2019
Kernel:  AVX+FMA - 4 threads (6 CPU cores detected)

Reading alignment file cluster1730rr.1to1ortho.fa.aln-cln_gene370.fa ... Fasta format detected
Alignment most likely contains DNA/RNA sequences
Alignment has 13 sequences with 3823 columns, 1801 distinct patterns
1337 parsimony-informative, 599 singleton sites, 1887 constant sites
           Gap/Ambiguity  Composition  p-value
   1  DrolusSFB    4.11%    passed     95.19%
   2  Dino         0.42%    passed     86.69%
   3  MJM3360     15.67%    passed     38.55%
   4  DrobinSFB    2.46%    passed     67.73%
   5  Neam        49.70%    passed     14.74%
   6  RuprSFB     13.44%    passed     91.99%
   7  Retr        43.97%    passed     58.52%
   8  Beta        11.30%    passed     32.24%
   9  Spol         5.57%    passed     67.81%
  10  MJM1652      0.50%    passed     32.52%
  11  NepSFB       0.16%    passed     52.21%
  12  WPYJ        65.97%    passed     97.81%
  13  MJM2940      0.65%    passed     66.76%
WARNING: 1 sequences contain more than 50% gaps/ambiguity
****  TOTAL       16.46%  0 sequences failed composition chi2 test (p-value<5%; df=3)

Create initial parsimony tree by phylogenetic likelihood library (PLL)... 0.002 seconds

NOTE: 3 MB RAM (0 GB) is required!
Estimate model parameters (epsilon = 0.100)
1. Initial log-likelihood: -24867.593
2. Current log-likelihood: -23737.775
3. Current log-likelihood: -23724.980
4. Current log-likelihood: -23724.649
Optimal log-likelihood: -23724.633
Rate parameters:  A-C: 1.57607  A-G: 4.37924  A-T: 1.52137  C-G: 1.11697  C-T: 5.83457  G-T: 1.00000
Base frequencies:  A: 0.290  C: 0.196  G: 0.261  T: 0.253
Gamma shape alpha: 0.438
Parameters optimization took 4 rounds (0.073 sec)
Computing ML distances based on estimated model parameters... 0.003 sec
Computing BIONJ tree...
0.003 seconds
Log-likelihood of BIONJ tree: -23719.769
--------------------------------------------------------------------
|             INITIALIZING CANDIDATE TREE SET                      |
--------------------------------------------------------------------
Generating 98 parsimony trees... 0.175 second
Computing log-likelihood of 98 initial trees ... 0.596 seconds
Current best score: -23719.769

Do NNI search on 20 best initial trees
Estimate model parameters (epsilon = 0.100)
BETTER TREE FOUND at iteration 1: -23719.753
Iteration 10 / LogL: -23723.380 / Time: 0h:0m:1s
Iteration 20 / LogL: -23724.829 / Time: 0h:0m:1s
Finish initializing candidate tree set (1)
Current best tree score: -23719.753 / CPU time: 1.602
Number of iterations: 20
--------------------------------------------------------------------
|               OPTIMIZING CANDIDATE TREE SET                      |
--------------------------------------------------------------------
Iteration 30 / LogL: -23719.800 / Time: 0h:0m:2s (0h:0m:5s left)
Iteration 40 / LogL: -23719.874 / Time: 0h:0m:2s (0h:0m:4s left)
UPDATE BEST LOG-LIKELIHOOD: -23719.753
Iteration 50 / LogL: -23721.282 / Time: 0h:0m:3s (0h:0m:3s left)
Iteration 60 / LogL: -23722.632 / Time: 0h:0m:3s (0h:0m:2s left)
Iteration 70 / LogL: -23719.783 / Time: 0h:0m:4s (0h:0m:1s left)
Iteration 80 / LogL: -23720.369 / Time: 0h:0m:4s (0h:0m:1s left)
UPDATE BEST LOG-LIKELIHOOD: -23719.753
Iteration 90 / LogL: -23719.799 / Time: 0h:0m:5s (0h:0m:0s left)
Iteration 100 / LogL: -23720.092 / Time: 0h:0m:5s (0h:0m:0s left)
TREE SEARCH COMPLETED AFTER 102 ITERATIONS / Time: 0h:0m:5s

--------------------------------------------------------------------
|                    FINALIZING TREE SEARCH                        |
--------------------------------------------------------------------
Performs final model parameters optimization
Estimate model parameters (epsilon = 0.010)
1. Initial log-likelihood: -23719.753
Optimal log-likelihood: -23719.751
Rate parameters:  A-C: 1.57706  A-G: 4.38898  A-T: 1.51050  C-G: 1.10932  C-T: 5.83801  G-T: 1.00000
Base frequencies:  A: 0.290  C: 0.196  G: 0.261  T: 0.253
Gamma shape alpha: 0.437
Parameters optimization took 1 rounds (0.008 sec)
BEST SCORE FOUND : -23719.751

Testing tree branches by SH-like aLRT with 1000 replicates...
0.200 sec.
Total tree length: 1.842

Total number of iterations: 102
CPU time used for tree search: 10.320 sec (0h:0m:10s)
Wall-clock time used for tree search: 5.860 sec (0h:0m:5s)
Total CPU time used: 11.329 sec (0h:0m:11s)
Total wall-clock time used: 6.171 sec (0h:0m:6s)

Analysis results written to: 
  IQ-TREE report:                cluster1730rr.1to1ortho.fa.aln-cln_gene370.fa.iqtree
  Maximum-likelihood tree:       cluster1730rr.1to1ortho.fa.aln-cln_gene370.fa.treefile
  Likelihood distances:          cluster1730rr.1to1ortho.fa.aln-cln_gene370.fa.mldist
  Screen log file:               cluster1730rr.1to1ortho.fa.aln-cln_gene370.fa.log

Date and Time: Mon Nov 25 09:48:16 2019
