IQ-TREE multicore version 1.6.11 for Mac OS X 64-bit built Jul 12 2019
Developed by Bui Quang Minh, Nguyen Lam Tung, Olga Chernomor,
Heiko Schmidt, Dominik Schrempf, Michael Woodhams.

Host:    slpc437 (AVX2, FMA3, 16 GB RAM)
Command: iqtree -s cluster2623rr.1to1ortho.fa.aln-cln_gene881.fa -nt 4 -m GTR+G -alrt 1000
Seed:    399418 (Using SPRNG - Scalable Parallel Random Number Generator)
Time:    Mon Nov 25 10:10:10 2019
Kernel:  AVX+FMA - 4 threads (6 CPU cores detected)

Reading alignment file cluster2623rr.1to1ortho.fa.aln-cln_gene881.fa ... Fasta format detected
Alignment most likely contains DNA/RNA sequences
Alignment has 13 sequences with 1566 columns, 657 distinct patterns
502 parsimony-informative, 225 singleton sites, 839 constant sites
           Gap/Ambiguity  Composition  p-value
   1  DrolusSFB    0.64%    passed     70.59%
   2  Dino         1.85%    passed     98.59%
   3  MJM3360     11.56%    passed     61.38%
   4  DrobinSFB   12.01%    passed     77.26%
   5  Neam         0.13%    passed     95.10%
   6  RuprSFB     10.60%    passed     96.24%
   7  Retr        11.17%    passed     62.26%
   8  Beta         0.64%    passed     86.34%
   9  Spol         0.57%    passed     30.78%
  10  MJM1652      2.04%    passed     88.22%
  11  NepSFB       0.13%    passed     93.46%
  12  WPYJ        12.26%    passed     89.96%
  13  MJM2940      0.57%    passed     74.17%
****  TOTAL        4.94%  0 sequences failed composition chi2 test (p-value<5%; df=3)

Create initial parsimony tree by phylogenetic likelihood library (PLL)... 0.001 seconds

NOTE: 1 MB RAM (0 GB) is required!
Estimate model parameters (epsilon = 0.100)
1. Initial log-likelihood: -9751.548
2. Current log-likelihood: -9365.758
3. Current log-likelihood: -9362.818
Optimal log-likelihood: -9362.780
Rate parameters:  A-C: 1.98029  A-G: 5.34061  A-T: 2.05822  C-G: 1.35757  C-T: 6.17647  G-T: 1.00000
Base frequencies:  A: 0.270  C: 0.207  G: 0.245  T: 0.278
Gamma shape alpha: 0.411
Parameters optimization took 3 rounds (0.036 sec)
Computing ML distances based on estimated model parameters... 0.001 sec
Computing BIONJ tree...
0.002 seconds
Log-likelihood of BIONJ tree: -9367.807
--------------------------------------------------------------------
|             INITIALIZING CANDIDATE TREE SET                      |
--------------------------------------------------------------------
Generating 98 parsimony trees... 0.086 second
Computing log-likelihood of 98 initial trees ... 0.428 seconds
Current best score: -9362.247

Do NNI search on 20 best initial trees
Estimate model parameters (epsilon = 0.100)
BETTER TREE FOUND at iteration 1: -9362.204
Iteration 10 / LogL: -9362.206 / Time: 0h:0m:0s
Iteration 20 / LogL: -9362.214 / Time: 0h:0m:1s
Finish initializing candidate tree set (1)
Current best tree score: -9362.204 / CPU time: 1.050
Number of iterations: 20
--------------------------------------------------------------------
|               OPTIMIZING CANDIDATE TREE SET                      |
--------------------------------------------------------------------
Iteration 30 / LogL: -9362.257 / Time: 0h:0m:1s (0h:0m:3s left)
Iteration 40 / LogL: -9362.212 / Time: 0h:0m:1s (0h:0m:2s left)
Iteration 50 / LogL: -9362.258 / Time: 0h:0m:2s (0h:0m:2s left)
Iteration 60 / LogL: -9362.286 / Time: 0h:0m:2s (0h:0m:1s left)
Iteration 70 / LogL: -9362.877 / Time: 0h:0m:2s (0h:0m:1s left)
Iteration 80 / LogL: -9362.281 / Time: 0h:0m:3s (0h:0m:0s left)
Iteration 90 / LogL: -9362.788 / Time: 0h:0m:3s (0h:0m:0s left)
Iteration 100 / LogL: -9362.207 / Time: 0h:0m:4s (0h:0m:0s left)
TREE SEARCH COMPLETED AFTER 102 ITERATIONS / Time: 0h:0m:4s

--------------------------------------------------------------------
|                    FINALIZING TREE SEARCH                        |
--------------------------------------------------------------------
Performs final model parameters optimization
Estimate model parameters (epsilon = 0.010)
1. Initial log-likelihood: -9362.204
Optimal log-likelihood: -9362.203
Rate parameters:  A-C: 1.99696  A-G: 5.32424  A-T: 2.05801  C-G: 1.34791  C-T: 6.19119  G-T: 1.00000
Base frequencies:  A: 0.270  C: 0.207  G: 0.245  T: 0.278
Gamma shape alpha: 0.412
Parameters optimization took 1 rounds (0.005 sec)
BEST SCORE FOUND : -9362.203

Testing tree branches by SH-like aLRT with 1000 replicates...
0.091 sec.
Total tree length: 1.407

Total number of iterations: 102
CPU time used for tree search: 4.877 sec (0h:0m:4s)
Wall-clock time used for tree search: 4.172 sec (0h:0m:4s)
Total CPU time used: 5.289 sec (0h:0m:5s)
Total wall-clock time used: 4.323 sec (0h:0m:4s)

Analysis results written to: 
  IQ-TREE report:                cluster2623rr.1to1ortho.fa.aln-cln_gene881.fa.iqtree
  Maximum-likelihood tree:       cluster2623rr.1to1ortho.fa.aln-cln_gene881.fa.treefile
  Likelihood distances:          cluster2623rr.1to1ortho.fa.aln-cln_gene881.fa.mldist
  Screen log file:               cluster2623rr.1to1ortho.fa.aln-cln_gene881.fa.log

Date and Time: Mon Nov 25 10:10:14 2019
