IQ-TREE multicore version 1.6.11 for Mac OS X 64-bit built Jul 12 2019
Developed by Bui Quang Minh, Nguyen Lam Tung, Olga Chernomor,
Heiko Schmidt, Dominik Schrempf, Michael Woodhams.

Host:    slpc437 (AVX2, FMA3, 16 GB RAM)
Command: iqtree -s cluster1633rr.1to1ortho.fa.aln-cln_gene100.fa -nt 4 -m GTR+G -alrt 1000
Seed:    393861 (Using SPRNG - Scalable Parallel Random Number Generator)
Time:    Mon Nov 25 09:46:34 2019
Kernel:  AVX+FMA - 4 threads (6 CPU cores detected)

Reading alignment file cluster1633rr.1to1ortho.fa.aln-cln_gene100.fa ... Fasta format detected
Alignment most likely contains DNA/RNA sequences
Alignment has 13 sequences with 1380 columns, 617 distinct patterns
425 parsimony-informative, 186 singleton sites, 769 constant sites
           Gap/Ambiguity  Composition  p-value
   1  DrolusSFB    6.74%    passed     85.93%
   2  Dino         5.43%    passed     42.43%
   3  MJM3360      8.70%    passed     73.10%
   4  DrobinSFB    6.59%    passed     95.28%
   5  Neam        11.30%    passed     87.19%
   6  RuprSFB      8.70%    passed     99.51%
   7  Retr        58.70%    passed     35.65%
   8  Beta        11.23%    passed     92.04%
   9  Spol        10.58%    passed     92.33%
  10  MJM1652      0.00%    passed     75.11%
  11  NepSFB       0.07%    passed     96.25%
  12  WPYJ        12.17%    passed     66.59%
  13  MJM2940      5.65%    passed     99.20%
WARNING: 1 sequences contain more than 50% gaps/ambiguity
****  TOTAL       11.22%  0 sequences failed composition chi2 test (p-value<5%; df=3)

Create initial parsimony tree by phylogenetic likelihood library (PLL)... 0.001 seconds

NOTE: 1 MB RAM (0 GB) is required!
Estimate model parameters (epsilon = 0.100)
1. Initial log-likelihood: -8059.369
2. Current log-likelihood: -7756.572
3. Current log-likelihood: -7753.485
Optimal log-likelihood: -7753.457
Rate parameters:  A-C: 1.99819  A-G: 5.26940  A-T: 2.59949  C-G: 1.47336  C-T: 6.36016  G-T: 1.00000
Base frequencies:  A: 0.273  C: 0.201  G: 0.259  T: 0.268
Gamma shape alpha: 0.385
Parameters optimization took 3 rounds (0.035 sec)
Computing ML distances based on estimated model parameters... 0.001 sec
Computing BIONJ tree...
0.002 seconds
Log-likelihood of BIONJ tree: -7753.639
--------------------------------------------------------------------
|             INITIALIZING CANDIDATE TREE SET                      |
--------------------------------------------------------------------
Generating 98 parsimony trees... 0.078 second
Computing log-likelihood of 95 initial trees ... 0.436 seconds
Current best score: -7753.457

Do NNI search on 20 best initial trees
Estimate model parameters (epsilon = 0.100)
BETTER TREE FOUND at iteration 1: -7751.951
Iteration 10 / LogL: -7757.227 / Time: 0h:0m:0s
Iteration 20 / LogL: -7751.951 / Time: 0h:0m:1s
Finish initializing candidate tree set (2)
Current best tree score: -7751.951 / CPU time: 1.171
Number of iterations: 20
--------------------------------------------------------------------
|               OPTIMIZING CANDIDATE TREE SET                      |
--------------------------------------------------------------------
Iteration 30 / LogL: -7751.999 / Time: 0h:0m:1s (0h:0m:3s left)
Iteration 40 / LogL: -7757.305 / Time: 0h:0m:1s (0h:0m:3s left)
Iteration 50 / LogL: -7752.094 / Time: 0h:0m:2s (0h:0m:2s left)
Iteration 60 / LogL: -7751.973 / Time: 0h:0m:2s (0h:0m:1s left)
Iteration 70 / LogL: -7757.275 / Time: 0h:0m:3s (0h:0m:1s left)
Iteration 80 / LogL: -7757.210 / Time: 0h:0m:3s (0h:0m:0s left)
Iteration 90 / LogL: -7752.923 / Time: 0h:0m:3s (0h:0m:0s left)
Iteration 100 / LogL: -7758.359 / Time: 0h:0m:4s (0h:0m:0s left)
TREE SEARCH COMPLETED AFTER 102 ITERATIONS / Time: 0h:0m:4s

--------------------------------------------------------------------
|                    FINALIZING TREE SEARCH                        |
--------------------------------------------------------------------
Performs final model parameters optimization
Estimate model parameters (epsilon = 0.010)
1. Initial log-likelihood: -7751.951
Optimal log-likelihood: -7751.950
Rate parameters:  A-C: 2.00566  A-G: 5.28311  A-T: 2.59258  C-G: 1.46325  C-T: 6.36338  G-T: 1.00000
Base frequencies:  A: 0.273  C: 0.201  G: 0.259  T: 0.268
Gamma shape alpha: 0.383
Parameters optimization took 1 rounds (0.005 sec)
BEST SCORE FOUND : -7751.950

Testing tree branches by SH-like aLRT with 1000 replicates...
0.085 sec.
Total tree length: 1.396

Total number of iterations: 102
CPU time used for tree search: 4.900 sec (0h:0m:4s)
Wall-clock time used for tree search: 4.275 sec (0h:0m:4s)
Total CPU time used: 5.275 sec (0h:0m:5s)
Total wall-clock time used: 4.418 sec (0h:0m:4s)

Analysis results written to: 
  IQ-TREE report:                cluster1633rr.1to1ortho.fa.aln-cln_gene100.fa.iqtree
  Maximum-likelihood tree:       cluster1633rr.1to1ortho.fa.aln-cln_gene100.fa.treefile
  Likelihood distances:          cluster1633rr.1to1ortho.fa.aln-cln_gene100.fa.mldist
  Screen log file:               cluster1633rr.1to1ortho.fa.aln-cln_gene100.fa.log

Date and Time: Mon Nov 25 09:46:38 2019
