IQ-TREE multicore version 1.6.11 for Mac OS X 64-bit built Jul 12 2019
Developed by Bui Quang Minh, Nguyen Lam Tung, Olga Chernomor,
Heiko Schmidt, Dominik Schrempf, Michael Woodhams.

Host:    slpc437 (AVX2, FMA3, 16 GB RAM)
Command: iqtree -s cluster3433rr.1to1ortho.fa.aln-cln_gene722.fa -nt 4 -m GTR+G -alrt 1000
Seed:    201643 (Using SPRNG - Scalable Parallel Random Number Generator)
Time:    Mon Nov 25 10:30:23 2019
Kernel:  AVX+FMA - 4 threads (6 CPU cores detected)

Reading alignment file cluster3433rr.1to1ortho.fa.aln-cln_gene722.fa ... Fasta format detected
Alignment most likely contains DNA/RNA sequences
Alignment has 13 sequences with 657 columns, 328 distinct patterns
234 parsimony-informative, 107 singleton sites, 316 constant sites
           Gap/Ambiguity  Composition  p-value
   1  DrolusSFB    0.00%    passed     99.44%
   2  Dino         1.37%    passed     78.93%
   3  MJM3360      4.26%    passed     77.16%
   4  DrobinSFB    1.37%    passed     70.51%
   5  Neam         0.15%    passed     95.12%
   6  RuprSFB      0.00%    passed     72.37%
   7  Retr         0.00%    passed     82.37%
   8  Beta         2.44%    passed     95.55%
   9  Spol         3.20%    passed     81.23%
  10  MJM1652      0.30%    passed     75.52%
  11  NepSFB       0.00%    passed     92.73%
  12  WPYJ         1.98%    passed     80.83%
  13  MJM2940      0.00%    passed     38.81%
****  TOTAL        1.16%  0 sequences failed composition chi2 test (p-value<5%; df=3)

Create initial parsimony tree by phylogenetic likelihood library (PLL)... 0.001 seconds

NOTE: 0 MB RAM (0 GB) is required!
WARNING: Number of threads seems too high for short alignments. Use -nt AUTO to determine best number of threads.
Estimate model parameters (epsilon = 0.100)
1. Initial log-likelihood: -4599.767
2. Current log-likelihood: -4392.158
3. Current log-likelihood: -4390.337
Optimal log-likelihood: -4390.287
Rate parameters:  A-C: 1.35134  A-G: 4.27755  A-T: 0.92410  C-G: 1.63880  C-T: 5.74754  G-T: 1.00000
Base frequencies:  A: 0.316  C: 0.168  G: 0.251  T: 0.264
Gamma shape alpha: 0.472
Parameters optimization took 3 rounds (0.027 sec)
Computing ML distances based on estimated model parameters... 0.001 sec
Computing BIONJ tree...
0.002 seconds
Log-likelihood of BIONJ tree: -4388.907
--------------------------------------------------------------------
|             INITIALIZING CANDIDATE TREE SET                      |
--------------------------------------------------------------------
Generating 98 parsimony trees... 0.067 second
Computing log-likelihood of 98 initial trees ... 0.387 seconds
Current best score: -4388.907

Do NNI search on 20 best initial trees
Estimate model parameters (epsilon = 0.100)
BETTER TREE FOUND at iteration 1: -4388.027
Iteration 10 / LogL: -4388.033 / Time: 0h:0m:0s
Iteration 20 / LogL: -4388.043 / Time: 0h:0m:1s
Finish initializing candidate tree set (1)
Current best tree score: -4388.027 / CPU time: 1.001
Number of iterations: 20
--------------------------------------------------------------------
|               OPTIMIZING CANDIDATE TREE SET                      |
--------------------------------------------------------------------
Iteration 30 / LogL: -4388.031 / Time: 0h:0m:1s (0h:0m:3s left)
Iteration 40 / LogL: -4388.336 / Time: 0h:0m:1s (0h:0m:2s left)
Iteration 50 / LogL: -4388.037 / Time: 0h:0m:2s (0h:0m:2s left)
Iteration 60 / LogL: -4388.038 / Time: 0h:0m:2s (0h:0m:1s left)
Iteration 70 / LogL: -4388.102 / Time: 0h:0m:2s (0h:0m:1s left)
Iteration 80 / LogL: -4388.036 / Time: 0h:0m:3s (0h:0m:0s left)
Iteration 90 / LogL: -4388.030 / Time: 0h:0m:3s (0h:0m:0s left)
UPDATE BEST LOG-LIKELIHOOD: -4388.027
Iteration 100 / LogL: -4388.031 / Time: 0h:0m:3s (0h:0m:0s left)
TREE SEARCH COMPLETED AFTER 102 ITERATIONS / Time: 0h:0m:3s

--------------------------------------------------------------------
|                    FINALIZING TREE SEARCH                        |
--------------------------------------------------------------------
Performs final model parameters optimization
Estimate model parameters (epsilon = 0.010)
1. Initial log-likelihood: -4388.027
Optimal log-likelihood: -4388.024
Rate parameters:  A-C: 1.33498  A-G: 4.31228  A-T: 0.93402  C-G: 1.67792  C-T: 5.72906  G-T: 1.00000
Base frequencies:  A: 0.316  C: 0.168  G: 0.251  T: 0.264
Gamma shape alpha: 0.474
Parameters optimization took 1 rounds (0.004 sec)
BEST SCORE FOUND : -4388.024

Testing tree branches by SH-like aLRT with 1000 replicates...
0.048 sec.
Total tree length: 1.741

Total number of iterations: 102
CPU time used for tree search: 3.610 sec (0h:0m:3s)
Wall-clock time used for tree search: 3.932 sec (0h:0m:3s)
Total CPU time used: 3.815 sec (0h:0m:3s)
Total wall-clock time used: 4.029 sec (0h:0m:4s)

Analysis results written to: 
  IQ-TREE report:                cluster3433rr.1to1ortho.fa.aln-cln_gene722.fa.iqtree
  Maximum-likelihood tree:       cluster3433rr.1to1ortho.fa.aln-cln_gene722.fa.treefile
  Likelihood distances:          cluster3433rr.1to1ortho.fa.aln-cln_gene722.fa.mldist
  Screen log file:               cluster3433rr.1to1ortho.fa.aln-cln_gene722.fa.log

Date and Time: Mon Nov 25 10:30:27 2019
