IQ-TREE multicore version 1.6.11 for Mac OS X 64-bit built Jul 12 2019
Developed by Bui Quang Minh, Nguyen Lam Tung, Olga Chernomor,
Heiko Schmidt, Dominik Schrempf, Michael Woodhams.

Host:    slpc437 (AVX2, FMA3, 16 GB RAM)
Command: iqtree -s cluster3781rr.1to1ortho.fa.aln-cln_gene939.fa -nt 4 -m GTR+G -alrt 1000
Seed:    221468 (Using SPRNG - Scalable Parallel Random Number Generator)
Time:    Mon Nov 25 10:36:53 2019
Kernel:  AVX+FMA - 4 threads (6 CPU cores detected)

Reading alignment file cluster3781rr.1to1ortho.fa.aln-cln_gene939.fa ... Fasta format detected
Alignment most likely contains DNA/RNA sequences
Alignment has 13 sequences with 2094 columns, 996 distinct patterns
734 parsimony-informative, 345 singleton sites, 1015 constant sites
           Gap/Ambiguity  Composition  p-value
   1  DrolusSFB    5.92%    passed     93.50%
   2  Dino         1.53%    passed     34.77%
   3  MJM3360      5.40%    passed     96.10%
   4  DrobinSFB    0.62%    passed     46.13%
   5  Neam         0.14%    passed     79.23%
   6  RuprSFB      4.97%    passed     92.11%
   7  Retr         4.68%    passed     76.96%
   8  Beta        16.48%    passed     98.99%
   9  Spol         6.30%    passed     67.88%
  10  MJM1652      1.05%    passed     97.75%
  11  NepSFB       0.14%    passed     81.38%
  12  WPYJ        61.65%    passed     53.04%
  13  MJM2940      0.38%    passed     82.73%
WARNING: 1 sequences contain more than 50% gaps/ambiguity
****  TOTAL        8.40%  0 sequences failed composition chi2 test (p-value<5%; df=3)

Create initial parsimony tree by phylogenetic likelihood library (PLL)... 0.001 seconds

NOTE: 1 MB RAM (0 GB) is required!
Estimate model parameters (epsilon = 0.100)
1. Initial log-likelihood: -13906.598
2. Current log-likelihood: -13372.318
3. Current log-likelihood: -13368.363
Optimal log-likelihood: -13368.293
Rate parameters:  A-C: 2.00287  A-G: 4.85087  A-T: 1.97408  C-G: 1.65196  C-T: 6.99798  G-T: 1.00000
Base frequencies:  A: 0.274  C: 0.191  G: 0.248  T: 0.287
Gamma shape alpha: 0.505
Parameters optimization took 3 rounds (0.045 sec)
Computing ML distances based on estimated model parameters... 0.002 sec
Computing BIONJ tree...
0.004 seconds
Log-likelihood of BIONJ tree: -13374.473
--------------------------------------------------------------------
|             INITIALIZING CANDIDATE TREE SET                      |
--------------------------------------------------------------------
Generating 98 parsimony trees... 0.110 second
Computing log-likelihood of 97 initial trees ... 0.470 seconds
Current best score: -13368.293

Do NNI search on 20 best initial trees
Estimate model parameters (epsilon = 0.100)
BETTER TREE FOUND at iteration 1: -13368.044
Iteration 10 / LogL: -13368.083 / Time: 0h:0m:0s
Iteration 20 / LogL: -13368.071 / Time: 0h:0m:1s
Finish initializing candidate tree set (1)
Current best tree score: -13368.044 / CPU time: 1.217
Number of iterations: 20
--------------------------------------------------------------------
|               OPTIMIZING CANDIDATE TREE SET                      |
--------------------------------------------------------------------
Iteration 30 / LogL: -13368.244 / Time: 0h:0m:1s (0h:0m:4s left)
Iteration 40 / LogL: -13368.080 / Time: 0h:0m:2s (0h:0m:3s left)
Iteration 50 / LogL: -13368.114 / Time: 0h:0m:2s (0h:0m:2s left)
Iteration 60 / LogL: -13368.539 / Time: 0h:0m:3s (0h:0m:2s left)
Iteration 70 / LogL: -13368.246 / Time: 0h:0m:3s (0h:0m:1s left)
Iteration 80 / LogL: -13368.383 / Time: 0h:0m:3s (0h:0m:1s left)
Iteration 90 / LogL: -13368.061 / Time: 0h:0m:4s (0h:0m:0s left)
Iteration 100 / LogL: -13368.046 / Time: 0h:0m:4s (0h:0m:0s left)
TREE SEARCH COMPLETED AFTER 102 ITERATIONS / Time: 0h:0m:4s

--------------------------------------------------------------------
|                    FINALIZING TREE SEARCH                        |
--------------------------------------------------------------------
Performs final model parameters optimization
Estimate model parameters (epsilon = 0.010)
1. Initial log-likelihood: -13368.044
Optimal log-likelihood: -13368.042
Rate parameters:  A-C: 1.99745  A-G: 4.82410  A-T: 1.97651  C-G: 1.66199  C-T: 7.03242  G-T: 1.00000
Base frequencies:  A: 0.274  C: 0.191  G: 0.248  T: 0.287
Gamma shape alpha: 0.503
Parameters optimization took 1 rounds (0.006 sec)
BEST SCORE FOUND : -13368.042

Testing tree branches by SH-like aLRT with 1000 replicates...
0.117 sec.
Total tree length: 1.710

Total number of iterations: 102
CPU time used for tree search: 6.571 sec (0h:0m:6s)
Wall-clock time used for tree search: 4.789 sec (0h:0m:4s)
Total CPU time used: 7.129 sec (0h:0m:7s)
Total wall-clock time used: 4.982 sec (0h:0m:4s)

Analysis results written to: 
  IQ-TREE report:                cluster3781rr.1to1ortho.fa.aln-cln_gene939.fa.iqtree
  Maximum-likelihood tree:       cluster3781rr.1to1ortho.fa.aln-cln_gene939.fa.treefile
  Likelihood distances:          cluster3781rr.1to1ortho.fa.aln-cln_gene939.fa.mldist
  Screen log file:               cluster3781rr.1to1ortho.fa.aln-cln_gene939.fa.log

Date and Time: Mon Nov 25 10:36:58 2019
