IQ-TREE multicore version 1.6.11 for Mac OS X 64-bit built Jul 12 2019
Developed by Bui Quang Minh, Nguyen Lam Tung, Olga Chernomor,
Heiko Schmidt, Dominik Schrempf, Michael Woodhams.

Host:    slpc437 (AVX2, FMA3, 16 GB RAM)
Command: iqtree -s cluster3199rr.1to1ortho.fa.aln-cln_gene903.fa -nt 4 -m GTR+G -alrt 1000
Seed:    335753 (Using SPRNG - Scalable Parallel Random Number Generator)
Time:    Mon Nov 25 10:23:32 2019
Kernel:  AVX+FMA - 4 threads (6 CPU cores detected)

Reading alignment file cluster3199rr.1to1ortho.fa.aln-cln_gene903.fa ... Fasta format detected
Alignment most likely contains DNA/RNA sequences
Alignment has 13 sequences with 2943 columns, 1344 distinct patterns
1092 parsimony-informative, 451 singleton sites, 1400 constant sites
           Gap/Ambiguity  Composition  p-value
   1  DrolusSFB    0.41%    passed     90.46%
   2  Dino         1.63%    passed     99.64%
   3  MJM3360     21.37%    passed     76.68%
   4  DrobinSFB    1.63%    passed     54.23%
   5  Neam         0.31%    passed     86.06%
   6  RuprSFB     18.14%    passed     69.89%
   7  Retr        52.29%    passed     34.59%
   8  Beta         1.83%    passed     68.46%
   9  Spol         1.73%    passed     58.62%
  10  MJM1652      1.53%    passed     95.50%
  11  NepSFB       0.31%    passed     77.24%
  12  WPYJ        55.76%    passed     47.39%
  13  MJM2940      0.51%    passed     96.75%
WARNING: 2 sequences contain more than 50% gaps/ambiguity
****  TOTAL       12.11%  0 sequences failed composition chi2 test (p-value<5%; df=3)

Create initial parsimony tree by phylogenetic likelihood library (PLL)... 0.002 seconds

NOTE: 2 MB RAM (0 GB) is required!
Estimate model parameters (epsilon = 0.100)
1. Initial log-likelihood: -19027.729
2. Current log-likelihood: -18269.731
3. Current log-likelihood: -18262.578
Optimal log-likelihood: -18262.497
Rate parameters:  A-C: 1.91952  A-G: 5.44266  A-T: 1.64474  C-G: 1.99446  C-T: 6.14072  G-T: 1.00000
Base frequencies:  A: 0.289  C: 0.204  G: 0.235  T: 0.271
Gamma shape alpha: 0.546
Parameters optimization took 3 rounds (0.056 sec)
Computing ML distances based on estimated model parameters... 0.002 sec
Computing BIONJ tree...
0.002 seconds
Log-likelihood of BIONJ tree: -18262.953
--------------------------------------------------------------------
|             INITIALIZING CANDIDATE TREE SET                      |
--------------------------------------------------------------------
Generating 98 parsimony trees... 0.138 second
Computing log-likelihood of 97 initial trees ... 0.527 seconds
Current best score: -18262.497

Do NNI search on 20 best initial trees
Estimate model parameters (epsilon = 0.100)
BETTER TREE FOUND at iteration 1: -18262.495
Iteration 10 / LogL: -18262.527 / Time: 0h:0m:1s
Iteration 20 / LogL: -18262.500 / Time: 0h:0m:1s
Finish initializing candidate tree set (1)
Current best tree score: -18262.495 / CPU time: 1.518
Number of iterations: 20
--------------------------------------------------------------------
|               OPTIMIZING CANDIDATE TREE SET                      |
--------------------------------------------------------------------
Iteration 30 / LogL: -18262.501 / Time: 0h:0m:2s (0h:0m:5s left)
Iteration 40 / LogL: -18262.503 / Time: 0h:0m:2s (0h:0m:4s left)
Iteration 50 / LogL: -18262.508 / Time: 0h:0m:3s (0h:0m:3s left)
Iteration 60 / LogL: -18264.814 / Time: 0h:0m:3s (0h:0m:2s left)
Iteration 70 / LogL: -18263.074 / Time: 0h:0m:4s (0h:0m:1s left)
Iteration 80 / LogL: -18262.497 / Time: 0h:0m:4s (0h:0m:1s left)
Iteration 90 / LogL: -18262.737 / Time: 0h:0m:5s (0h:0m:0s left)
Iteration 100 / LogL: -18262.496 / Time: 0h:0m:5s (0h:0m:0s left)
TREE SEARCH COMPLETED AFTER 102 ITERATIONS / Time: 0h:0m:5s

--------------------------------------------------------------------
|                    FINALIZING TREE SEARCH                        |
--------------------------------------------------------------------
Performs final model parameters optimization
Estimate model parameters (epsilon = 0.010)
1. Initial log-likelihood: -18262.495
Optimal log-likelihood: -18262.495
Rate parameters:  A-C: 1.91870  A-G: 5.44676  A-T: 1.64553  C-G: 1.99540  C-T: 6.15230  G-T: 1.00000
Base frequencies:  A: 0.289  C: 0.204  G: 0.235  T: 0.271
Gamma shape alpha: 0.546
Parameters optimization took 1 rounds (0.007 sec)
BEST SCORE FOUND : -18262.495

Testing tree branches by SH-like aLRT with 1000 replicates...
0.158 sec.
Total tree length: 1.760

Total number of iterations: 102
CPU time used for tree search: 8.816 sec (0h:0m:8s)
Wall-clock time used for tree search: 5.671 sec (0h:0m:5s)
Total CPU time used: 9.581 sec (0h:0m:9s)
Total wall-clock time used: 5.916 sec (0h:0m:5s)

Analysis results written to: 
  IQ-TREE report:                cluster3199rr.1to1ortho.fa.aln-cln_gene903.fa.iqtree
  Maximum-likelihood tree:       cluster3199rr.1to1ortho.fa.aln-cln_gene903.fa.treefile
  Likelihood distances:          cluster3199rr.1to1ortho.fa.aln-cln_gene903.fa.mldist
  Screen log file:               cluster3199rr.1to1ortho.fa.aln-cln_gene903.fa.log

Date and Time: Mon Nov 25 10:23:38 2019
