IQ-TREE multicore version 1.6.11 for Mac OS X 64-bit built Jul 12 2019
Developed by Bui Quang Minh, Nguyen Lam Tung, Olga Chernomor,
Heiko Schmidt, Dominik Schrempf, Michael Woodhams.

Host:    slpc437 (AVX2, FMA3, 16 GB RAM)
Command: iqtree -s cluster1353rr.1to1ortho.fa.aln-cln_gene1216.fa -nt 4 -m GTR+G -alrt 1000
Seed:    433060 (Using SPRNG - Scalable Parallel Random Number Generator)
Time:    Mon Nov 25 09:41:09 2019
Kernel:  AVX+FMA - 4 threads (6 CPU cores detected)

Reading alignment file cluster1353rr.1to1ortho.fa.aln-cln_gene1216.fa ... Fasta format detected
Alignment most likely contains DNA/RNA sequences
Alignment has 13 sequences with 1878 columns, 1007 distinct patterns
698 parsimony-informative, 335 singleton sites, 845 constant sites
           Gap/Ambiguity  Composition  p-value
   1  DrolusSFB   18.37%    passed     79.78%
   2  Dino        37.17%    passed     58.70%
   3  MJM3360      2.24%    passed     78.38%
   4  DrobinSFB    0.27%    passed     75.09%
   5  Neam        66.35%    passed     91.12%
   6  RuprSFB      7.56%    passed     59.71%
   7  Retr        27.53%    passed     81.11%
   8  Beta         0.00%    passed     89.58%
   9  Spol         0.00%    passed     73.26%
  10  MJM1652      0.37%    passed     59.32%
  11  NepSFB       0.43%    passed     75.65%
  12  WPYJ         9.48%    passed     83.85%
  13  MJM2940      0.32%    passed     97.89%
WARNING: 1 sequences contain more than 50% gaps/ambiguity
****  TOTAL       13.08%  0 sequences failed composition chi2 test (p-value<5%; df=3)

Create initial parsimony tree by phylogenetic likelihood library (PLL)... 0.001 seconds

NOTE: 1 MB RAM (0 GB) is required!
Estimate model parameters (epsilon = 0.100)
1. Initial log-likelihood: -13276.016
2. Current log-likelihood: -12789.730
3. Current log-likelihood: -12785.871
Optimal log-likelihood: -12785.808
Rate parameters:  A-C: 1.73501  A-G: 4.12274  A-T: 1.80896  C-G: 1.78551  C-T: 6.26118  G-T: 1.00000
Base frequencies:  A: 0.310  C: 0.177  G: 0.252  T: 0.262
Gamma shape alpha: 0.545
Parameters optimization took 3 rounds (0.073 sec)
Computing ML distances based on estimated model parameters... 0.002 sec
Computing BIONJ tree...
0.002 seconds
Log-likelihood of BIONJ tree: -12785.807
--------------------------------------------------------------------
|             INITIALIZING CANDIDATE TREE SET                      |
--------------------------------------------------------------------
Generating 99 parsimony trees... 0.119 second
Computing log-likelihood of 98 initial trees ... 0.501 seconds
Current best score: -12785.807

Do NNI search on 20 best initial trees
Estimate model parameters (epsilon = 0.100)
BETTER TREE FOUND at iteration 1: -12785.806
Iteration 10 / LogL: -12785.846 / Time: 0h:0m:1s
Iteration 20 / LogL: -12785.812 / Time: 0h:0m:1s
Finish initializing candidate tree set (1)
Current best tree score: -12785.806 / CPU time: 1.309
Number of iterations: 20
--------------------------------------------------------------------
|               OPTIMIZING CANDIDATE TREE SET                      |
--------------------------------------------------------------------
Iteration 30 / LogL: -12785.836 / Time: 0h:0m:1s (0h:0m:4s left)
Iteration 40 / LogL: -12785.848 / Time: 0h:0m:2s (0h:0m:3s left)
Iteration 50 / LogL: -12786.158 / Time: 0h:0m:2s (0h:0m:2s left)
Iteration 60 / LogL: -12785.821 / Time: 0h:0m:3s (0h:0m:2s left)
Iteration 70 / LogL: -12785.813 / Time: 0h:0m:3s (0h:0m:1s left)
Iteration 80 / LogL: -12785.810 / Time: 0h:0m:4s (0h:0m:1s left)
Iteration 90 / LogL: -12785.832 / Time: 0h:0m:4s (0h:0m:0s left)
Iteration 100 / LogL: -12785.918 / Time: 0h:0m:5s (0h:0m:0s left)
TREE SEARCH COMPLETED AFTER 102 ITERATIONS / Time: 0h:0m:5s

--------------------------------------------------------------------
|                    FINALIZING TREE SEARCH                        |
--------------------------------------------------------------------
Performs final model parameters optimization
Estimate model parameters (epsilon = 0.010)
1. Initial log-likelihood: -12785.806
Optimal log-likelihood: -12785.806
Rate parameters:  A-C: 1.73503  A-G: 4.12313  A-T: 1.81083  C-G: 1.78564  C-T: 6.27038  G-T: 1.00000
Base frequencies:  A: 0.310  C: 0.177  G: 0.252  T: 0.262
Gamma shape alpha: 0.545
Parameters optimization took 1 rounds (0.006 sec)
BEST SCORE FOUND : -12785.806

Testing tree branches by SH-like aLRT with 1000 replicates...
0.110 sec.
Total tree length: 1.898

Total number of iterations: 102
CPU time used for tree search: 7.320 sec (0h:0m:7s)
Wall-clock time used for tree search: 5.309 sec (0h:0m:5s)
Total CPU time used: 7.920 sec (0h:0m:7s)
Total wall-clock time used: 5.520 sec (0h:0m:5s)

Analysis results written to: 
  IQ-TREE report:                cluster1353rr.1to1ortho.fa.aln-cln_gene1216.fa.iqtree
  Maximum-likelihood tree:       cluster1353rr.1to1ortho.fa.aln-cln_gene1216.fa.treefile
  Likelihood distances:          cluster1353rr.1to1ortho.fa.aln-cln_gene1216.fa.mldist
  Screen log file:               cluster1353rr.1to1ortho.fa.aln-cln_gene1216.fa.log

Date and Time: Mon Nov 25 09:41:14 2019
