IQ-TREE multicore version 1.6.11 for Mac OS X 64-bit built Jul 12 2019
Developed by Bui Quang Minh, Nguyen Lam Tung, Olga Chernomor,
Heiko Schmidt, Dominik Schrempf, Michael Woodhams.

Host:    slpc437 (AVX2, FMA3, 16 GB RAM)
Command: iqtree -s cluster2063rr.1to1ortho.fa.aln-cln_gene285.fa -nt 4 -m GTR+G -alrt 1000
Seed:    642448 (Using SPRNG - Scalable Parallel Random Number Generator)
Time:    Mon Nov 25 09:55:41 2019
Kernel:  AVX+FMA - 4 threads (6 CPU cores detected)

Reading alignment file cluster2063rr.1to1ortho.fa.aln-cln_gene285.fa ... Fasta format detected
Alignment most likely contains DNA/RNA sequences
Alignment has 13 sequences with 867 columns, 459 distinct patterns
345 parsimony-informative, 117 singleton sites, 405 constant sites
           Gap/Ambiguity  Composition  p-value
   1  DrolusSFB   15.11%    passed     98.29%
   2  Dino         1.38%    passed     97.83%
   3  MJM3360     18.69%    passed     79.66%
   4  DrobinSFB   10.15%    passed     87.80%
   5  Neam         0.00%    passed     84.41%
   6  RuprSFB     16.96%    passed     39.79%
   7  Retr        19.72%    passed     94.12%
   8  Beta         2.42%    passed     61.01%
   9  Spol         1.38%    passed     52.32%
  10  MJM1652      1.38%    passed     98.51%
  11  NepSFB       0.00%    passed     98.80%
  12  WPYJ        16.61%    passed     90.92%
  13  MJM2940      2.31%    passed     92.08%
****  TOTAL        8.16%  0 sequences failed composition chi2 test (p-value<5%; df=3)

Create initial parsimony tree by phylogenetic likelihood library (PLL)... 0.001 seconds

NOTE: 0 MB RAM (0 GB) is required!
Estimate model parameters (epsilon = 0.100)
1. Initial log-likelihood: -5864.270
2. Current log-likelihood: -5619.477
3. Current log-likelihood: -5616.800
Optimal log-likelihood: -5616.743
Rate parameters:  A-C: 1.02187  A-G: 3.27443  A-T: 0.98691  C-G: 0.93364  C-T: 4.75409  G-T: 1.00000
Base frequencies:  A: 0.322  C: 0.195  G: 0.225  T: 0.258
Gamma shape alpha: 0.512
Parameters optimization took 3 rounds (0.031 sec)
Computing ML distances based on estimated model parameters... 0.001 sec
Computing BIONJ tree...
0.002 seconds
Log-likelihood of BIONJ tree: -5616.743
--------------------------------------------------------------------
|             INITIALIZING CANDIDATE TREE SET                      |
--------------------------------------------------------------------
Generating 99 parsimony trees... 0.069 second
Computing log-likelihood of 98 initial trees ... 0.416 seconds
Current best score: -5616.743

Do NNI search on 20 best initial trees
Estimate model parameters (epsilon = 0.100)
BETTER TREE FOUND at iteration 1: -5616.741
Iteration 10 / LogL: -5616.800 / Time: 0h:0m:0s
Iteration 20 / LogL: -5616.775 / Time: 0h:0m:0s
Finish initializing candidate tree set (1)
Current best tree score: -5616.741 / CPU time: 0.947
Number of iterations: 20
--------------------------------------------------------------------
|               OPTIMIZING CANDIDATE TREE SET                      |
--------------------------------------------------------------------
Iteration 30 / LogL: -5616.744 / Time: 0h:0m:1s (0h:0m:3s left)
Iteration 40 / LogL: -5616.750 / Time: 0h:0m:1s (0h:0m:2s left)
Iteration 50 / LogL: -5616.793 / Time: 0h:0m:2s (0h:0m:2s left)
Iteration 60 / LogL: -5616.750 / Time: 0h:0m:2s (0h:0m:1s left)
UPDATE BEST LOG-LIKELIHOOD: -5616.741
Iteration 70 / LogL: -5616.741 / Time: 0h:0m:2s (0h:0m:1s left)
Iteration 80 / LogL: -5616.801 / Time: 0h:0m:3s (0h:0m:0s left)
Iteration 90 / LogL: -5616.924 / Time: 0h:0m:3s (0h:0m:0s left)
Iteration 100 / LogL: -5616.835 / Time: 0h:0m:3s (0h:0m:0s left)
TREE SEARCH COMPLETED AFTER 102 ITERATIONS / Time: 0h:0m:3s

--------------------------------------------------------------------
|                    FINALIZING TREE SEARCH                        |
--------------------------------------------------------------------
Performs final model parameters optimization
Estimate model parameters (epsilon = 0.010)
1. Initial log-likelihood: -5616.741
Optimal log-likelihood: -5616.741
Rate parameters:  A-C: 1.02016  A-G: 3.26566  A-T: 0.98573  C-G: 0.92688  C-T: 4.75290  G-T: 1.00000
Base frequencies:  A: 0.322  C: 0.195  G: 0.225  T: 0.258
Gamma shape alpha: 0.513
Parameters optimization took 1 rounds (0.004 sec)
BEST SCORE FOUND : -5616.741

Testing tree branches by SH-like aLRT with 1000 replicates...
0.057 sec.
Total tree length: 1.925

Total number of iterations: 102
CPU time used for tree search: 3.815 sec (0h:0m:3s)
Wall-clock time used for tree search: 3.739 sec (0h:0m:3s)
Total CPU time used: 4.076 sec (0h:0m:4s)
Total wall-clock time used: 3.852 sec (0h:0m:3s)

Analysis results written to: 
  IQ-TREE report:                cluster2063rr.1to1ortho.fa.aln-cln_gene285.fa.iqtree
  Maximum-likelihood tree:       cluster2063rr.1to1ortho.fa.aln-cln_gene285.fa.treefile
  Likelihood distances:          cluster2063rr.1to1ortho.fa.aln-cln_gene285.fa.mldist
  Screen log file:               cluster2063rr.1to1ortho.fa.aln-cln_gene285.fa.log

Date and Time: Mon Nov 25 09:55:45 2019
