IQ-TREE multicore version 1.6.11 for Mac OS X 64-bit built Jul 12 2019
Developed by Bui Quang Minh, Nguyen Lam Tung, Olga Chernomor,
Heiko Schmidt, Dominik Schrempf, Michael Woodhams.

Host:    slpc437 (AVX2, FMA3, 16 GB RAM)
Command: iqtree -s cluster2791rr.1to1ortho.fa.aln-cln_gene1211.fa -nt 4 -m GTR+G -alrt 1000
Seed:    593797 (Using SPRNG - Scalable Parallel Random Number Generator)
Time:    Mon Nov 25 10:13:21 2019
Kernel:  AVX+FMA - 4 threads (6 CPU cores detected)

Reading alignment file cluster2791rr.1to1ortho.fa.aln-cln_gene1211.fa ... Fasta format detected
Alignment most likely contains DNA/RNA sequences
Alignment has 13 sequences with 882 columns, 450 distinct patterns
335 parsimony-informative, 104 singleton sites, 443 constant sites
           Gap/Ambiguity  Composition  p-value
   1  DrolusSFB    1.02%    passed     74.85%
   2  Dino         2.49%    passed     26.86%
   3  MJM3360     18.14%    passed     78.38%
   4  DrobinSFB    2.72%    passed     15.93%
   5  Neam         4.54%    passed     86.05%
   6  RuprSFB      3.17%    passed     96.07%
   7  Retr         7.71%    passed     59.85%
   8  Beta         4.99%    passed     93.52%
   9  Spol         4.31%    passed     39.23%
  10  MJM1652      3.63%    passed     86.54%
  11  NepSFB       4.54%    passed     89.54%
  12  WPYJ         9.52%    passed     72.91%
  13  MJM2940      1.02%    passed     93.83%
****  TOTAL        5.22%  0 sequences failed composition chi2 test (p-value<5%; df=3)

Create initial parsimony tree by phylogenetic likelihood library (PLL)... 0.000 seconds

NOTE: 0 MB RAM (0 GB) is required!
Estimate model parameters (epsilon = 0.100)
1. Initial log-likelihood: -6053.198
2. Current log-likelihood: -5802.960
3. Current log-likelihood: -5801.068
Optimal log-likelihood: -5801.032
Rate parameters:  A-C: 2.05482  A-G: 4.23221  A-T: 0.93308  C-G: 1.00977  C-T: 4.22736  G-T: 1.00000
Base frequencies:  A: 0.258  C: 0.202  G: 0.260  T: 0.280
Gamma shape alpha: 0.448
Parameters optimization took 3 rounds (0.031 sec)
Computing ML distances based on estimated model parameters... 0.001 sec
Computing BIONJ tree...
0.002 seconds
Log-likelihood of BIONJ tree: -5800.689
--------------------------------------------------------------------
|             INITIALIZING CANDIDATE TREE SET                      |
--------------------------------------------------------------------
Generating 98 parsimony trees... 0.068 second
Computing log-likelihood of 98 initial trees ... 0.408 seconds
Current best score: -5800.689

Do NNI search on 20 best initial trees
Estimate model parameters (epsilon = 0.100)
BETTER TREE FOUND at iteration 1: -5800.686
Iteration 10 / LogL: -5800.701 / Time: 0h:0m:0s
Iteration 20 / LogL: -5800.696 / Time: 0h:0m:1s
Finish initializing candidate tree set (2)
Current best tree score: -5800.686 / CPU time: 0.968
Number of iterations: 20
--------------------------------------------------------------------
|               OPTIMIZING CANDIDATE TREE SET                      |
--------------------------------------------------------------------
Iteration 30 / LogL: -5810.963 / Time: 0h:0m:1s (0h:0m:3s left)
Iteration 40 / LogL: -5800.690 / Time: 0h:0m:1s (0h:0m:2s left)
Iteration 50 / LogL: -5800.693 / Time: 0h:0m:2s (0h:0m:2s left)
Iteration 60 / LogL: -5800.750 / Time: 0h:0m:2s (0h:0m:1s left)
Iteration 70 / LogL: -5811.026 / Time: 0h:0m:3s (0h:0m:1s left)
Iteration 80 / LogL: -5800.993 / Time: 0h:0m:3s (0h:0m:0s left)
Iteration 90 / LogL: -5800.734 / Time: 0h:0m:3s (0h:0m:0s left)
Iteration 100 / LogL: -5800.689 / Time: 0h:0m:4s (0h:0m:0s left)
TREE SEARCH COMPLETED AFTER 102 ITERATIONS / Time: 0h:0m:4s

--------------------------------------------------------------------
|                    FINALIZING TREE SEARCH                        |
--------------------------------------------------------------------
Performs final model parameters optimization
Estimate model parameters (epsilon = 0.010)
1. Initial log-likelihood: -5800.686
Optimal log-likelihood: -5800.686
Rate parameters:  A-C: 2.06298  A-G: 4.24960  A-T: 0.93562  C-G: 1.00544  C-T: 4.22415  G-T: 1.00000
Base frequencies:  A: 0.258  C: 0.202  G: 0.260  T: 0.280
Gamma shape alpha: 0.449
Parameters optimization took 1 rounds (0.004 sec)
BEST SCORE FOUND : -5800.686

Testing tree branches by SH-like aLRT with 1000 replicates...
0.062 sec.
Total tree length: 1.723

Total number of iterations: 102
CPU time used for tree search: 4.334 sec (0h:0m:4s)
Wall-clock time used for tree search: 4.247 sec (0h:0m:4s)
Total CPU time used: 4.602 sec (0h:0m:4s)
Total wall-clock time used: 4.363 sec (0h:0m:4s)

Analysis results written to: 
  IQ-TREE report:                cluster2791rr.1to1ortho.fa.aln-cln_gene1211.fa.iqtree
  Maximum-likelihood tree:       cluster2791rr.1to1ortho.fa.aln-cln_gene1211.fa.treefile
  Likelihood distances:          cluster2791rr.1to1ortho.fa.aln-cln_gene1211.fa.mldist
  Screen log file:               cluster2791rr.1to1ortho.fa.aln-cln_gene1211.fa.log

Date and Time: Mon Nov 25 10:13:25 2019
