IQ-TREE multicore version 1.6.11 for Mac OS X 64-bit built Jul 12 2019
Developed by Bui Quang Minh, Nguyen Lam Tung, Olga Chernomor,
Heiko Schmidt, Dominik Schrempf, Michael Woodhams.

Host:    slpc437 (AVX2, FMA3, 16 GB RAM)
Command: iqtree -s cluster2289rr.1to1ortho.fa.aln-cln_gene613.fa -nt 4 -m GTR+G -alrt 1000
Seed:    767827 (Using SPRNG - Scalable Parallel Random Number Generator)
Time:    Mon Nov 25 10:01:33 2019
Kernel:  AVX+FMA - 4 threads (6 CPU cores detected)

Reading alignment file cluster2289rr.1to1ortho.fa.aln-cln_gene613.fa ... Fasta format detected
Alignment most likely contains DNA/RNA sequences
Alignment has 13 sequences with 2513 columns, 1271 distinct patterns
940 parsimony-informative, 428 singleton sites, 1145 constant sites
           Gap/Ambiguity  Composition  p-value
   1  DrolusSFB    1.35%    passed     88.49%
   2  Dino         0.76%    passed     72.23%
   3  MJM3360      1.83%    passed      6.32%
   4  DrobinSFB    1.27%    passed     57.09%
   5  Neam        58.46%    passed     74.52%
   6  RuprSFB      1.91%    passed     67.37%
   7  Retr         7.48%    passed     98.30%
   8  Beta         0.16%    passed     32.04%
   9  Spol         0.16%    passed     35.24%
  10  MJM1652      1.23%    passed     74.49%
  11  NepSFB       6.01%    passed     79.23%
  12  WPYJ        36.85%    passed     81.83%
  13  MJM2940      1.35%    passed     67.76%
WARNING: 1 sequences contain more than 50% gaps/ambiguity
****  TOTAL        9.14%  0 sequences failed composition chi2 test (p-value<5%; df=3)

Create initial parsimony tree by phylogenetic likelihood library (PLL)... 0.001 seconds

NOTE: 2 MB RAM (0 GB) is required!
Estimate model parameters (epsilon = 0.100)
1. Initial log-likelihood: -18140.510
2. Current log-likelihood: -17440.695
3. Current log-likelihood: -17436.146
4. Current log-likelihood: -17436.034
Optimal log-likelihood: -17436.013
Rate parameters:  A-C: 2.13705  A-G: 5.64572  A-T: 2.05946  C-G: 2.08180  C-T: 7.09756  G-T: 1.00000
Base frequencies:  A: 0.272  C: 0.207  G: 0.244  T: 0.276
Gamma shape alpha: 0.525
Parameters optimization took 4 rounds (0.060 sec)
Computing ML distances based on estimated model parameters... 0.002 sec
Computing BIONJ tree...
0.002 seconds
Log-likelihood of BIONJ tree: -17436.013
--------------------------------------------------------------------
|             INITIALIZING CANDIDATE TREE SET                      |
--------------------------------------------------------------------
Generating 99 parsimony trees... 0.126 second
Computing log-likelihood of 99 initial trees ... 0.519 seconds
Current best score: -17436.013

Do NNI search on 20 best initial trees
Estimate model parameters (epsilon = 0.100)
BETTER TREE FOUND at iteration 1: -17436.012
Iteration 10 / LogL: -17436.063 / Time: 0h:0m:1s
Iteration 20 / LogL: -17438.062 / Time: 0h:0m:1s
Finish initializing candidate tree set (1)
Current best tree score: -17436.012 / CPU time: 1.246
Number of iterations: 20
--------------------------------------------------------------------
|               OPTIMIZING CANDIDATE TREE SET                      |
--------------------------------------------------------------------
Iteration 30 / LogL: -17436.230 / Time: 0h:0m:1s (0h:0m:4s left)
Iteration 40 / LogL: -17436.806 / Time: 0h:0m:2s (0h:0m:3s left)
Iteration 50 / LogL: -17436.345 / Time: 0h:0m:2s (0h:0m:2s left)
Iteration 60 / LogL: -17436.079 / Time: 0h:0m:3s (0h:0m:2s left)
Iteration 70 / LogL: -17436.085 / Time: 0h:0m:3s (0h:0m:1s left)
Iteration 80 / LogL: -17436.298 / Time: 0h:0m:3s (0h:0m:1s left)
Iteration 90 / LogL: -17436.069 / Time: 0h:0m:4s (0h:0m:0s left)
Iteration 100 / LogL: -17436.294 / Time: 0h:0m:4s (0h:0m:0s left)
TREE SEARCH COMPLETED AFTER 102 ITERATIONS / Time: 0h:0m:4s

--------------------------------------------------------------------
|                    FINALIZING TREE SEARCH                        |
--------------------------------------------------------------------
Performs final model parameters optimization
Estimate model parameters (epsilon = 0.010)
1. Initial log-likelihood: -17436.012
Optimal log-likelihood: -17436.011
Rate parameters:  A-C: 2.13654  A-G: 5.63658  A-T: 2.05706  C-G: 2.08240  C-T: 7.09788  G-T: 1.00000
Base frequencies:  A: 0.272  C: 0.207  G: 0.244  T: 0.276
Gamma shape alpha: 0.525
Parameters optimization took 1 rounds (0.007 sec)
BEST SCORE FOUND : -17436.011

Testing tree branches by SH-like aLRT with 1000 replicates...
0.138 sec.
Total tree length: 1.881

Total number of iterations: 102
CPU time used for tree search: 7.176 sec (0h:0m:7s)
Wall-clock time used for tree search: 4.733 sec (0h:0m:4s)
Total CPU time used: 7.869 sec (0h:0m:7s)
Total wall-clock time used: 4.962 sec (0h:0m:4s)

Analysis results written to: 
  IQ-TREE report:                cluster2289rr.1to1ortho.fa.aln-cln_gene613.fa.iqtree
  Maximum-likelihood tree:       cluster2289rr.1to1ortho.fa.aln-cln_gene613.fa.treefile
  Likelihood distances:          cluster2289rr.1to1ortho.fa.aln-cln_gene613.fa.mldist
  Screen log file:               cluster2289rr.1to1ortho.fa.aln-cln_gene613.fa.log

Date and Time: Mon Nov 25 10:01:38 2019
