IQ-TREE multicore version 1.6.11 for Mac OS X 64-bit built Jul 12 2019
Developed by Bui Quang Minh, Nguyen Lam Tung, Olga Chernomor,
Heiko Schmidt, Dominik Schrempf, Michael Woodhams.

Host:    slpc437 (AVX2, FMA3, 16 GB RAM)
Command: iqtree -s cluster4998rr.1to1ortho.fa.aln-cln_gene1205.fa -nt 4 -m GTR+G -alrt 1000
Seed:    824953 (Using SPRNG - Scalable Parallel Random Number Generator)
Time:    Mon Nov 25 11:03:16 2019
Kernel:  AVX+FMA - 4 threads (6 CPU cores detected)

Reading alignment file cluster4998rr.1to1ortho.fa.aln-cln_gene1205.fa ... Fasta format detected
Alignment most likely contains DNA/RNA sequences
Alignment has 13 sequences with 2150 columns, 1146 distinct patterns
833 parsimony-informative, 389 singleton sites, 928 constant sites
           Gap/Ambiguity  Composition  p-value
   1  DrolusSFB   12.98%    passed     74.48%
   2  Dino        36.42%    passed     59.81%
   3  MJM3360      1.12%    passed     75.99%
   4  DrobinSFB    1.49%    passed     36.43%
   5  Neam         1.07%    passed     80.76%
   6  RuprSFB      2.09%    passed     82.00%
   7  Retr        78.23%    passed     46.52%
   8  Beta         1.49%    passed     75.70%
   9  Spol         0.79%    passed     81.13%
  10  MJM1652      2.05%    passed     90.10%
  11  NepSFB       1.07%    passed     84.82%
  12  WPYJ        69.40%    passed     30.16%
  13  MJM2940      0.74%    passed     88.07%
WARNING: 2 sequences contain more than 50% gaps/ambiguity
****  TOTAL       16.07%  0 sequences failed composition chi2 test (p-value<5%; df=3)

Create initial parsimony tree by phylogenetic likelihood library (PLL)... 0.002 seconds

NOTE: 1 MB RAM (0 GB) is required!
Estimate model parameters (epsilon = 0.100)
1. Initial log-likelihood: -14289.876
2. Current log-likelihood: -13734.364
3. Current log-likelihood: -13728.227
Optimal log-likelihood: -13728.147
Rate parameters:  A-C: 1.54177  A-G: 4.15418  A-T: 1.45298  C-G: 1.37127  C-T: 5.56125  G-T: 1.00000
Base frequencies:  A: 0.289  C: 0.197  G: 0.246  T: 0.268
Gamma shape alpha: 0.672
Parameters optimization took 3 rounds (0.050 sec)
Computing ML distances based on estimated model parameters... 0.002 sec
Computing BIONJ tree...
0.002 seconds
Log-likelihood of BIONJ tree: -13728.200
--------------------------------------------------------------------
|             INITIALIZING CANDIDATE TREE SET                      |
--------------------------------------------------------------------
Generating 98 parsimony trees... 0.126 second
Computing log-likelihood of 97 initial trees ... 0.516 seconds
Current best score: -13728.147

Do NNI search on 20 best initial trees
Estimate model parameters (epsilon = 0.100)
BETTER TREE FOUND at iteration 1: -13727.840
Iteration 10 / LogL: -13729.102 / Time: 0h:0m:0s
Iteration 20 / LogL: -13727.857 / Time: 0h:0m:1s
Finish initializing candidate tree set (1)
Current best tree score: -13727.840 / CPU time: 1.282
Number of iterations: 20
--------------------------------------------------------------------
|               OPTIMIZING CANDIDATE TREE SET                      |
--------------------------------------------------------------------
Iteration 30 / LogL: -13727.847 / Time: 0h:0m:1s (0h:0m:4s left)
Iteration 40 / LogL: -13727.882 / Time: 0h:0m:2s (0h:0m:3s left)
Iteration 50 / LogL: -13727.906 / Time: 0h:0m:2s (0h:0m:2s left)
Iteration 60 / LogL: -13727.905 / Time: 0h:0m:3s (0h:0m:2s left)
Iteration 70 / LogL: -13740.708 / Time: 0h:0m:3s (0h:0m:1s left)
Iteration 80 / LogL: -13730.006 / Time: 0h:0m:4s (0h:0m:1s left)
Iteration 90 / LogL: -13740.107 / Time: 0h:0m:5s (0h:0m:0s left)
Iteration 100 / LogL: -13727.964 / Time: 0h:0m:5s (0h:0m:0s left)
TREE SEARCH COMPLETED AFTER 102 ITERATIONS / Time: 0h:0m:5s

--------------------------------------------------------------------
|                    FINALIZING TREE SEARCH                        |
--------------------------------------------------------------------
Performs final model parameters optimization
Estimate model parameters (epsilon = 0.010)
1. Initial log-likelihood: -13727.840
Optimal log-likelihood: -13727.840
Rate parameters:  A-C: 1.54063  A-G: 4.14872  A-T: 1.45254  C-G: 1.36476  C-T: 5.56249  G-T: 1.00000
Base frequencies:  A: 0.289  C: 0.197  G: 0.246  T: 0.268
Gamma shape alpha: 0.673
Parameters optimization took 1 rounds (0.007 sec)
BEST SCORE FOUND : -13727.840

Testing tree branches by SH-like aLRT with 1000 replicates...
0.121 sec.
Total tree length: 1.875

Total number of iterations: 102
CPU time used for tree search: 8.107 sec (0h:0m:8s)
Wall-clock time used for tree search: 5.625 sec (0h:0m:5s)
Total CPU time used: 8.700 sec (0h:0m:8s)
Total wall-clock time used: 5.826 sec (0h:0m:5s)

Analysis results written to: 
  IQ-TREE report:                cluster4998rr.1to1ortho.fa.aln-cln_gene1205.fa.iqtree
  Maximum-likelihood tree:       cluster4998rr.1to1ortho.fa.aln-cln_gene1205.fa.treefile
  Likelihood distances:          cluster4998rr.1to1ortho.fa.aln-cln_gene1205.fa.mldist
  Screen log file:               cluster4998rr.1to1ortho.fa.aln-cln_gene1205.fa.log

Date and Time: Mon Nov 25 11:03:22 2019
