IQ-TREE multicore version 1.6.11 for Mac OS X 64-bit built Jul 12 2019
Developed by Bui Quang Minh, Nguyen Lam Tung, Olga Chernomor,
Heiko Schmidt, Dominik Schrempf, Michael Woodhams.

Host:    slpc437 (AVX2, FMA3, 16 GB RAM)
Command: iqtree -s cluster4932rr.1to1ortho.fa.aln-cln_gene391.fa -nt 4 -m GTR+G -alrt 1000
Seed:    57682 (Using SPRNG - Scalable Parallel Random Number Generator)
Time:    Mon Nov 25 11:01:49 2019
Kernel:  AVX+FMA - 4 threads (6 CPU cores detected)

Reading alignment file cluster4932rr.1to1ortho.fa.aln-cln_gene391.fa ... Fasta format detected
Alignment most likely contains DNA/RNA sequences
Alignment has 13 sequences with 1665 columns, 706 distinct patterns
568 parsimony-informative, 241 singleton sites, 856 constant sites
           Gap/Ambiguity  Composition  p-value
   1  DrolusSFB    1.20%    passed     86.31%
   2  Dino         0.36%    passed     53.87%
   3  MJM3360      4.08%    passed     78.19%
   4  DrobinSFB    2.76%    passed     62.37%
   5  Neam         0.00%    passed     84.94%
   6  RuprSFB      4.20%    passed     91.46%
   7  Retr         2.34%    passed     90.58%
   8  Beta         0.00%    passed     13.84%
   9  Spol         0.00%    passed     25.32%
  10  MJM1652      1.14%    passed     93.71%
  11  NepSFB       0.00%    passed     78.59%
  12  WPYJ         2.34%    passed     72.26%
  13  MJM2940      0.00%    passed     99.01%
****  TOTAL        1.42%  0 sequences failed composition chi2 test (p-value<5%; df=3)

Create initial parsimony tree by phylogenetic likelihood library (PLL)... 0.001 seconds

NOTE: 1 MB RAM (0 GB) is required!
Estimate model parameters (epsilon = 0.100)
1. Initial log-likelihood: -11282.673
2. Current log-likelihood: -10870.976
3. Current log-likelihood: -10866.477
Optimal log-likelihood: -10866.397
Rate parameters:  A-C: 1.91498  A-G: 4.29505  A-T: 1.63144  C-G: 1.22001  C-T: 5.23067  G-T: 1.00000
Base frequencies:  A: 0.277  C: 0.207  G: 0.242  T: 0.274
Gamma shape alpha: 0.396
Parameters optimization took 3 rounds (0.039 sec)
Computing ML distances based on estimated model parameters... 0.001 sec
Computing BIONJ tree...
0.003 seconds
Log-likelihood of BIONJ tree: -10867.541
--------------------------------------------------------------------
|             INITIALIZING CANDIDATE TREE SET                      |
--------------------------------------------------------------------
Generating 98 parsimony trees... 0.096 second
Computing log-likelihood of 96 initial trees ... 0.429 seconds
Current best score: -10866.397

Do NNI search on 20 best initial trees
Estimate model parameters (epsilon = 0.100)
BETTER TREE FOUND at iteration 1: -10866.395
Iteration 10 / LogL: -10866.680 / Time: 0h:0m:0s
Iteration 20 / LogL: -10866.426 / Time: 0h:0m:1s
Finish initializing candidate tree set (3)
Current best tree score: -10866.395 / CPU time: 1.194
Number of iterations: 20
--------------------------------------------------------------------
|               OPTIMIZING CANDIDATE TREE SET                      |
--------------------------------------------------------------------
Iteration 30 / LogL: -10866.412 / Time: 0h:0m:1s (0h:0m:4s left)
Iteration 40 / LogL: -10866.428 / Time: 0h:0m:2s (0h:0m:3s left)
UPDATE BEST LOG-LIKELIHOOD: -10866.395
Iteration 50 / LogL: -10866.405 / Time: 0h:0m:2s (0h:0m:2s left)
Iteration 60 / LogL: -10866.436 / Time: 0h:0m:3s (0h:0m:2s left)
Iteration 70 / LogL: -10866.415 / Time: 0h:0m:3s (0h:0m:1s left)
Iteration 80 / LogL: -10875.113 / Time: 0h:0m:3s (0h:0m:1s left)
Iteration 90 / LogL: -10866.399 / Time: 0h:0m:4s (0h:0m:0s left)
Iteration 100 / LogL: -10866.398 / Time: 0h:0m:4s (0h:0m:0s left)
TREE SEARCH COMPLETED AFTER 102 ITERATIONS / Time: 0h:0m:4s

--------------------------------------------------------------------
|                    FINALIZING TREE SEARCH                        |
--------------------------------------------------------------------
Performs final model parameters optimization
Estimate model parameters (epsilon = 0.010)
1. Initial log-likelihood: -10866.395
Optimal log-likelihood: -10866.395
Rate parameters:  A-C: 1.91818  A-G: 4.29961  A-T: 1.63774  C-G: 1.22182  C-T: 5.24273  G-T: 1.00000
Base frequencies:  A: 0.277  C: 0.207  G: 0.242  T: 0.274
Gamma shape alpha: 0.397
Parameters optimization took 1 rounds (0.005 sec)
BEST SCORE FOUND : -10866.395

Testing tree branches by SH-like aLRT with 1000 replicates...
0.097 sec.
Total tree length: 1.637

Total number of iterations: 102
CPU time used for tree search: 5.845 sec (0h:0m:5s)
Wall-clock time used for tree search: 4.858 sec (0h:0m:4s)
Total CPU time used: 6.283 sec (0h:0m:6s)
Total wall-clock time used: 5.020 sec (0h:0m:5s)

Analysis results written to: 
  IQ-TREE report:                cluster4932rr.1to1ortho.fa.aln-cln_gene391.fa.iqtree
  Maximum-likelihood tree:       cluster4932rr.1to1ortho.fa.aln-cln_gene391.fa.treefile
  Likelihood distances:          cluster4932rr.1to1ortho.fa.aln-cln_gene391.fa.mldist
  Screen log file:               cluster4932rr.1to1ortho.fa.aln-cln_gene391.fa.log

Date and Time: Mon Nov 25 11:01:54 2019
