IQ-TREE multicore version 1.6.11 for Mac OS X 64-bit built Jul 12 2019
Developed by Bui Quang Minh, Nguyen Lam Tung, Olga Chernomor,
Heiko Schmidt, Dominik Schrempf, Michael Woodhams.

Host:    slpc437 (AVX2, FMA3, 16 GB RAM)
Command: iqtree -s cluster2052rr.1to1ortho.fa.aln-cln_gene1027.fa -nt 4 -m GTR+G -alrt 1000
Seed:    88565 (Using SPRNG - Scalable Parallel Random Number Generator)
Time:    Mon Nov 25 09:55:15 2019
Kernel:  AVX+FMA - 4 threads (6 CPU cores detected)

Reading alignment file cluster2052rr.1to1ortho.fa.aln-cln_gene1027.fa ... Fasta format detected
Alignment most likely contains DNA/RNA sequences
Alignment has 13 sequences with 777 columns, 373 distinct patterns
284 parsimony-informative, 117 singleton sites, 376 constant sites
           Gap/Ambiguity  Composition  p-value
   1  DrolusSFB    0.39%    passed     98.87%
   2  Dino         0.39%    passed     80.56%
   3  MJM3360      3.60%    passed     56.60%
   4  DrobinSFB    0.64%    passed     40.40%
   5  Neam         0.39%    passed     96.82%
   6  RuprSFB      0.00%    passed     96.27%
   7  Retr         0.26%    passed     81.11%
   8  Beta         0.00%    passed     90.60%
   9  Spol         0.00%    passed     96.26%
  10  MJM1652      0.39%    passed     96.94%
  11  NepSFB       0.39%    passed     91.90%
  12  WPYJ         1.16%    passed     53.32%
  13  MJM2940      0.39%    passed     91.12%
****  TOTAL        0.61%  0 sequences failed composition chi2 test (p-value<5%; df=3)

Create initial parsimony tree by phylogenetic likelihood library (PLL)... 0.001 seconds

NOTE: 0 MB RAM (0 GB) is required!
WARNING: Number of threads seems too high for short alignments. Use -nt AUTO to determine best number of threads.
Estimate model parameters (epsilon = 0.100)
1. Initial log-likelihood: -5510.197
2. Current log-likelihood: -5296.733
3. Current log-likelihood: -5294.784
Optimal log-likelihood: -5294.755
Rate parameters:  A-C: 2.23685  A-G: 4.83028  A-T: 1.69492  C-G: 1.93862  C-T: 7.49348  G-T: 1.00000
Base frequencies:  A: 0.291  C: 0.200  G: 0.252  T: 0.256
Gamma shape alpha: 0.468
Parameters optimization took 3 rounds (0.030 sec)
Computing ML distances based on estimated model parameters... 0.001 sec
Computing BIONJ tree...
0.002 seconds
Log-likelihood of BIONJ tree: -5294.575
--------------------------------------------------------------------
|             INITIALIZING CANDIDATE TREE SET                      |
--------------------------------------------------------------------
Generating 98 parsimony trees... 0.067 second
Computing log-likelihood of 98 initial trees ... 0.397 seconds
Current best score: -5292.630

Do NNI search on 20 best initial trees
Estimate model parameters (epsilon = 0.100)
BETTER TREE FOUND at iteration 1: -5292.533
Iteration 10 / LogL: -5292.537 / Time: 0h:0m:0s
Iteration 20 / LogL: -5292.831 / Time: 0h:0m:1s
Finish initializing candidate tree set (1)
Current best tree score: -5292.533 / CPU time: 1.152
Number of iterations: 20
--------------------------------------------------------------------
|               OPTIMIZING CANDIDATE TREE SET                      |
--------------------------------------------------------------------
Iteration 30 / LogL: -5292.536 / Time: 0h:0m:1s (0h:0m:3s left)
Iteration 40 / LogL: -5292.535 / Time: 0h:0m:1s (0h:0m:3s left)
Iteration 50 / LogL: -5292.536 / Time: 0h:0m:2s (0h:0m:2s left)
Iteration 60 / LogL: -5316.645 / Time: 0h:0m:2s (0h:0m:1s left)
Iteration 70 / LogL: -5292.543 / Time: 0h:0m:3s (0h:0m:1s left)
Iteration 80 / LogL: -5292.540 / Time: 0h:0m:3s (0h:0m:0s left)
Iteration 90 / LogL: -5292.540 / Time: 0h:0m:3s (0h:0m:0s left)
Iteration 100 / LogL: -5292.743 / Time: 0h:0m:4s (0h:0m:0s left)
TREE SEARCH COMPLETED AFTER 102 ITERATIONS / Time: 0h:0m:4s

--------------------------------------------------------------------
|                    FINALIZING TREE SEARCH                        |
--------------------------------------------------------------------
Performs final model parameters optimization
Estimate model parameters (epsilon = 0.010)
1. Initial log-likelihood: -5292.533
Optimal log-likelihood: -5292.531
Rate parameters:  A-C: 2.13556  A-G: 4.79623  A-T: 1.64411  C-G: 1.97341  C-T: 7.39296  G-T: 1.00000
Base frequencies:  A: 0.291  C: 0.200  G: 0.252  T: 0.256
Gamma shape alpha: 0.466
Parameters optimization took 1 rounds (0.005 sec)
BEST SCORE FOUND : -5292.531

Testing tree branches by SH-like aLRT with 1000 replicates...
0.056 sec.
Total tree length: 1.708

Total number of iterations: 102
CPU time used for tree search: 4.143 sec (0h:0m:4s)
Wall-clock time used for tree search: 4.316 sec (0h:0m:4s)
Total CPU time used: 4.380 sec (0h:0m:4s)
Total wall-clock time used: 4.424 sec (0h:0m:4s)

Analysis results written to: 
  IQ-TREE report:                cluster2052rr.1to1ortho.fa.aln-cln_gene1027.fa.iqtree
  Maximum-likelihood tree:       cluster2052rr.1to1ortho.fa.aln-cln_gene1027.fa.treefile
  Likelihood distances:          cluster2052rr.1to1ortho.fa.aln-cln_gene1027.fa.mldist
  Screen log file:               cluster2052rr.1to1ortho.fa.aln-cln_gene1027.fa.log

Date and Time: Mon Nov 25 09:55:19 2019
