IQ-TREE multicore version 1.6.11 for Mac OS X 64-bit built Jul 12 2019
Developed by Bui Quang Minh, Nguyen Lam Tung, Olga Chernomor,
Heiko Schmidt, Dominik Schrempf, Michael Woodhams.

Host:    slpc437 (AVX2, FMA3, 16 GB RAM)
Command: iqtree -s cluster3360rr.1to1ortho.fa.aln-cln_gene437.fa -nt 4 -m GTR+G -alrt 1000
Seed:    434200 (Using SPRNG - Scalable Parallel Random Number Generator)
Time:    Mon Nov 25 10:28:19 2019
Kernel:  AVX+FMA - 4 threads (6 CPU cores detected)

Reading alignment file cluster3360rr.1to1ortho.fa.aln-cln_gene437.fa ... Fasta format detected
Alignment most likely contains DNA/RNA sequences
Alignment has 13 sequences with 1692 columns, 918 distinct patterns
642 parsimony-informative, 325 singleton sites, 725 constant sites
           Gap/Ambiguity  Composition  p-value
   1  DrolusSFB    0.35%    passed     95.87%
   2  Dino        11.64%    passed     55.35%
   3  MJM3360     56.03%    passed     86.03%
   4  DrobinSFB   14.18%    passed     36.99%
   5  Neam         0.18%    passed     47.17%
   6  RuprSFB     10.58%    passed     68.42%
   7  Retr        42.91%    passed     14.44%
   8  Beta         9.34%    passed     89.13%
   9  Spol         9.16%    passed     63.13%
  10  MJM1652      9.52%    passed     64.69%
  11  NepSFB      21.81%    passed     71.40%
  12  WPYJ        25.77%    passed     42.79%
  13  MJM2940      0.18%    passed     72.33%
WARNING: 1 sequences contain more than 50% gaps/ambiguity
****  TOTAL       16.28%  0 sequences failed composition chi2 test (p-value<5%; df=3)

Create initial parsimony tree by phylogenetic likelihood library (PLL)... 0.001 seconds

NOTE: 1 MB RAM (0 GB) is required!
Estimate model parameters (epsilon = 0.100)
1. Initial log-likelihood: -11382.289
2. Current log-likelihood: -10986.346
3. Current log-likelihood: -10984.089
Optimal log-likelihood: -10984.068
Rate parameters:  A-C: 1.89815  A-G: 3.94671  A-T: 1.59247  C-G: 1.31471  C-T: 5.59377  G-T: 1.00000
Base frequencies:  A: 0.273  C: 0.192  G: 0.252  T: 0.283
Gamma shape alpha: 0.719
Parameters optimization took 3 rounds (0.047 sec)
Computing ML distances based on estimated model parameters... 0.002 sec
Computing BIONJ tree...
0.002 seconds
Log-likelihood of BIONJ tree: -10984.068
--------------------------------------------------------------------
|             INITIALIZING CANDIDATE TREE SET                      |
--------------------------------------------------------------------
Generating 99 parsimony trees... 0.105 second
Computing log-likelihood of 99 initial trees ... 0.490 seconds
Current best score: -10984.068

Do NNI search on 20 best initial trees
Estimate model parameters (epsilon = 0.100)
BETTER TREE FOUND at iteration 1: -10984.068
Iteration 10 / LogL: -10984.899 / Time: 0h:0m:0s
Iteration 20 / LogL: -10986.002 / Time: 0h:0m:1s
Finish initializing candidate tree set (1)
Current best tree score: -10984.068 / CPU time: 1.165
Number of iterations: 20
--------------------------------------------------------------------
|               OPTIMIZING CANDIDATE TREE SET                      |
--------------------------------------------------------------------
Iteration 30 / LogL: -10984.396 / Time: 0h:0m:1s (0h:0m:4s left)
Iteration 40 / LogL: -10984.678 / Time: 0h:0m:2s (0h:0m:3s left)
Iteration 50 / LogL: -10984.187 / Time: 0h:0m:2s (0h:0m:2s left)
Iteration 60 / LogL: -10984.193 / Time: 0h:0m:2s (0h:0m:1s left)
Iteration 70 / LogL: -10985.004 / Time: 0h:0m:3s (0h:0m:1s left)
Iteration 80 / LogL: -10984.083 / Time: 0h:0m:3s (0h:0m:0s left)
Iteration 90 / LogL: -10986.077 / Time: 0h:0m:4s (0h:0m:0s left)
Iteration 100 / LogL: -10984.108 / Time: 0h:0m:4s (0h:0m:0s left)
TREE SEARCH COMPLETED AFTER 102 ITERATIONS / Time: 0h:0m:4s

--------------------------------------------------------------------
|                    FINALIZING TREE SEARCH                        |
--------------------------------------------------------------------
Performs final model parameters optimization
Estimate model parameters (epsilon = 0.010)
1. Initial log-likelihood: -10984.068
Optimal log-likelihood: -10984.068
Rate parameters:  A-C: 1.89450  A-G: 3.94464  A-T: 1.59167  C-G: 1.31296  C-T: 5.59556  G-T: 1.00000
Base frequencies:  A: 0.273  C: 0.192  G: 0.252  T: 0.283
Gamma shape alpha: 0.718
Parameters optimization took 1 rounds (0.006 sec)
BEST SCORE FOUND : -10984.068

Testing tree branches by SH-like aLRT with 1000 replicates...
0.100 sec.
Total tree length: 1.924

Total number of iterations: 102
CPU time used for tree search: 5.833 sec (0h:0m:5s)
Wall-clock time used for tree search: 4.447 sec (0h:0m:4s)
Total CPU time used: 6.321 sec (0h:0m:6s)
Total wall-clock time used: 4.622 sec (0h:0m:4s)

Analysis results written to: 
  IQ-TREE report:                cluster3360rr.1to1ortho.fa.aln-cln_gene437.fa.iqtree
  Maximum-likelihood tree:       cluster3360rr.1to1ortho.fa.aln-cln_gene437.fa.treefile
  Likelihood distances:          cluster3360rr.1to1ortho.fa.aln-cln_gene437.fa.mldist
  Screen log file:               cluster3360rr.1to1ortho.fa.aln-cln_gene437.fa.log

Date and Time: Mon Nov 25 10:28:24 2019
