IQ-TREE multicore version 1.6.11 for Mac OS X 64-bit built Jul 12 2019
Developed by Bui Quang Minh, Nguyen Lam Tung, Olga Chernomor,
Heiko Schmidt, Dominik Schrempf, Michael Woodhams.

Host:    slpc437 (AVX2, FMA3, 16 GB RAM)
Command: iqtree -s cluster3222rr.1to1ortho.fa.aln-cln_gene1153.fa -nt 4 -m GTR+G -alrt 1000
Seed:    522648 (Using SPRNG - Scalable Parallel Random Number Generator)
Time:    Mon Nov 25 10:24:31 2019
Kernel:  AVX+FMA - 4 threads (6 CPU cores detected)

Reading alignment file cluster3222rr.1to1ortho.fa.aln-cln_gene1153.fa ... Fasta format detected
Alignment most likely contains DNA/RNA sequences
Alignment has 13 sequences with 2544 columns, 1519 distinct patterns
1072 parsimony-informative, 543 singleton sites, 929 constant sites
           Gap/Ambiguity  Composition  p-value
   1  DrolusSFB    1.65%    passed     57.53%
   2  Dino         2.00%    passed     95.06%
   3  MJM3360     39.82%    passed     66.04%
   4  DrobinSFB    2.75%    passed     33.19%
   5  Neam        34.59%    passed     34.04%
   6  RuprSFB      1.93%    passed     98.11%
   7  Retr        13.17%    passed     91.31%
   8  Beta        20.36%    passed     95.12%
   9  Spol        20.72%    passed     75.70%
  10  MJM1652      1.45%    passed     92.54%
  11  NepSFB       1.77%    passed     37.58%
  12  WPYJ        60.77%    passed     17.96%
  13  MJM2940      2.59%    passed     55.76%
WARNING: 1 sequences contain more than 50% gaps/ambiguity
****  TOTAL       15.66%  0 sequences failed composition chi2 test (p-value<5%; df=3)

Create initial parsimony tree by phylogenetic likelihood library (PLL)... 0.001 seconds

NOTE: 2 MB RAM (0 GB) is required!
Estimate model parameters (epsilon = 0.100)
1. Initial log-likelihood: -18955.173
2. Current log-likelihood: -18189.173
3. Current log-likelihood: -18184.575
Optimal log-likelihood: -18184.555
Rate parameters:  A-C: 1.51695  A-G: 3.80287  A-T: 1.20170  C-G: 1.76791  C-T: 5.54881  G-T: 1.00000
Base frequencies:  A: 0.325  C: 0.165  G: 0.252  T: 0.258
Gamma shape alpha: 0.870
Parameters optimization took 3 rounds (0.060 sec)
Computing ML distances based on estimated model parameters... 0.002 sec
Computing BIONJ tree...
0.002 seconds
Log-likelihood of BIONJ tree: -18182.281
--------------------------------------------------------------------
|             INITIALIZING CANDIDATE TREE SET                      |
--------------------------------------------------------------------
Generating 98 parsimony trees... 0.149 second
Computing log-likelihood of 98 initial trees ... 0.559 seconds
Current best score: -18182.281

Do NNI search on 20 best initial trees
Estimate model parameters (epsilon = 0.100)
BETTER TREE FOUND at iteration 1: -18181.479
Iteration 10 / LogL: -18181.481 / Time: 0h:0m:1s
Iteration 20 / LogL: -18181.515 / Time: 0h:0m:1s
Finish initializing candidate tree set (1)
Current best tree score: -18181.479 / CPU time: 1.544
Number of iterations: 20
--------------------------------------------------------------------
|               OPTIMIZING CANDIDATE TREE SET                      |
--------------------------------------------------------------------
Iteration 30 / LogL: -18181.491 / Time: 0h:0m:2s (0h:0m:5s left)
Iteration 40 / LogL: -18181.641 / Time: 0h:0m:2s (0h:0m:4s left)
Iteration 50 / LogL: -18181.491 / Time: 0h:0m:3s (0h:0m:3s left)
UPDATE BEST LOG-LIKELIHOOD: -18181.479
Iteration 60 / LogL: -18181.551 / Time: 0h:0m:3s (0h:0m:2s left)
Iteration 70 / LogL: -18181.483 / Time: 0h:0m:4s (0h:0m:1s left)
Iteration 80 / LogL: -18181.513 / Time: 0h:0m:4s (0h:0m:1s left)
UPDATE BEST LOG-LIKELIHOOD: -18181.479
Iteration 90 / LogL: -18181.496 / Time: 0h:0m:5s (0h:0m:0s left)
Iteration 100 / LogL: -18181.484 / Time: 0h:0m:5s (0h:0m:0s left)
TREE SEARCH COMPLETED AFTER 102 ITERATIONS / Time: 0h:0m:6s

--------------------------------------------------------------------
|                    FINALIZING TREE SEARCH                        |
--------------------------------------------------------------------
Performs final model parameters optimization
Estimate model parameters (epsilon = 0.010)
1. Initial log-likelihood: -18181.479
Optimal log-likelihood: -18181.477
Rate parameters:  A-C: 1.50713  A-G: 3.80741  A-T: 1.20685  C-G: 1.77382  C-T: 5.54717  G-T: 1.00000
Base frequencies:  A: 0.325  C: 0.165  G: 0.252  T: 0.258
Gamma shape alpha: 0.867
Parameters optimization took 1 rounds (0.007 sec)
BEST SCORE FOUND : -18181.477

Testing tree branches by SH-like aLRT with 1000 replicates...
0.143 sec.
Total tree length: 2.265

Total number of iterations: 102
CPU time used for tree search: 9.738 sec (0h:0m:9s)
Wall-clock time used for tree search: 5.951 sec (0h:0m:5s)
Total CPU time used: 10.461 sec (0h:0m:10s)
Total wall-clock time used: 6.184 sec (0h:0m:6s)

Analysis results written to: 
  IQ-TREE report:                cluster3222rr.1to1ortho.fa.aln-cln_gene1153.fa.iqtree
  Maximum-likelihood tree:       cluster3222rr.1to1ortho.fa.aln-cln_gene1153.fa.treefile
  Likelihood distances:          cluster3222rr.1to1ortho.fa.aln-cln_gene1153.fa.mldist
  Screen log file:               cluster3222rr.1to1ortho.fa.aln-cln_gene1153.fa.log

Date and Time: Mon Nov 25 10:24:37 2019
