IQ-TREE multicore version 1.6.11 for Mac OS X 64-bit built Jul 12 2019
Developed by Bui Quang Minh, Nguyen Lam Tung, Olga Chernomor,
Heiko Schmidt, Dominik Schrempf, Michael Woodhams.

Host:    slpc437 (AVX2, FMA3, 16 GB RAM)
Command: iqtree -s cluster2747rr.1to1ortho.fa.aln-cln_gene575.fa -nt 4 -m GTR+G -alrt 1000
Seed:    873469 (Using SPRNG - Scalable Parallel Random Number Generator)
Time:    Mon Nov 25 10:11:43 2019
Kernel:  AVX+FMA - 4 threads (6 CPU cores detected)

Reading alignment file cluster2747rr.1to1ortho.fa.aln-cln_gene575.fa ... Fasta format detected
Alignment most likely contains DNA/RNA sequences
Alignment has 13 sequences with 898 columns, 407 distinct patterns
270 parsimony-informative, 132 singleton sites, 495 constant sites
           Gap/Ambiguity  Composition  p-value
   1  DrolusSFB    0.00%    passed     99.73%
   2  Dino         2.12%    passed     95.51%
   3  MJM3360      3.45%    passed     76.25%
   4  DrobinSFB    0.78%    passed     60.77%
   5  Neam         0.00%    passed     95.58%
   6  RuprSFB      0.45%    passed     67.01%
   7  Retr        33.63%    passed     47.29%
   8  Beta         0.45%    passed     94.62%
   9  Spol         0.89%    passed     98.04%
  10  MJM1652     67.48%    passed     16.64%
  11  NepSFB       0.00%    passed     85.29%
  12  WPYJ        37.08%    passed     88.74%
  13  MJM2940      0.00%    passed     83.55%
WARNING: 1 sequences contain more than 50% gaps/ambiguity
****  TOTAL       11.26%  0 sequences failed composition chi2 test (p-value<5%; df=3)

Create initial parsimony tree by phylogenetic likelihood library (PLL)... 0.001 seconds

NOTE: 0 MB RAM (0 GB) is required!
Estimate model parameters (epsilon = 0.100)
1. Initial log-likelihood: -5357.813
2. Current log-likelihood: -5081.394
3. Current log-likelihood: -5078.503
Optimal log-likelihood: -5078.452
Rate parameters:  A-C: 2.10663  A-G: 5.76671  A-T: 1.63479  C-G: 1.50303  C-T: 8.28850  G-T: 1.00000
Base frequencies:  A: 0.271  C: 0.193  G: 0.249  T: 0.287
Gamma shape alpha: 0.408
Parameters optimization took 3 rounds (0.031 sec)
Computing ML distances based on estimated model parameters... 0.001 sec
Computing BIONJ tree...
0.002 seconds
Log-likelihood of BIONJ tree: -5078.535
--------------------------------------------------------------------
|             INITIALIZING CANDIDATE TREE SET                      |
--------------------------------------------------------------------
Generating 98 parsimony trees... 0.077 second
Computing log-likelihood of 97 initial trees ... 0.407 seconds
Current best score: -5078.452

Do NNI search on 20 best initial trees
Estimate model parameters (epsilon = 0.100)
BETTER TREE FOUND at iteration 1: -5078.451
Iteration 10 / LogL: -5078.544 / Time: 0h:0m:0s
Iteration 20 / LogL: -5078.472 / Time: 0h:0m:1s
Finish initializing candidate tree set (3)
Current best tree score: -5078.451 / CPU time: 1.054
Number of iterations: 20
--------------------------------------------------------------------
|               OPTIMIZING CANDIDATE TREE SET                      |
--------------------------------------------------------------------
Iteration 30 / LogL: -5078.471 / Time: 0h:0m:1s (0h:0m:3s left)
Iteration 40 / LogL: -5086.686 / Time: 0h:0m:1s (0h:0m:2s left)
Iteration 50 / LogL: -5078.546 / Time: 0h:0m:2s (0h:0m:2s left)
Iteration 60 / LogL: -5078.561 / Time: 0h:0m:2s (0h:0m:1s left)
Iteration 70 / LogL: -5078.545 / Time: 0h:0m:3s (0h:0m:1s left)
Iteration 80 / LogL: -5085.639 / Time: 0h:0m:3s (0h:0m:0s left)
Iteration 90 / LogL: -5085.767 / Time: 0h:0m:3s (0h:0m:0s left)
Iteration 100 / LogL: -5078.542 / Time: 0h:0m:4s (0h:0m:0s left)
TREE SEARCH COMPLETED AFTER 102 ITERATIONS / Time: 0h:0m:4s

--------------------------------------------------------------------
|                    FINALIZING TREE SEARCH                        |
--------------------------------------------------------------------
Performs final model parameters optimization
Estimate model parameters (epsilon = 0.010)
1. Initial log-likelihood: -5078.451
Optimal log-likelihood: -5078.451
Rate parameters:  A-C: 2.11091  A-G: 5.76494  A-T: 1.64344  C-G: 1.50851  C-T: 8.29759  G-T: 1.00000
Base frequencies:  A: 0.271  C: 0.193  G: 0.249  T: 0.287
Gamma shape alpha: 0.409
Parameters optimization took 1 rounds (0.004 sec)
BEST SCORE FOUND : -5078.451

Testing tree branches by SH-like aLRT with 1000 replicates...
0.059 sec.
Total tree length: 1.507

Total number of iterations: 102
CPU time used for tree search: 4.046 sec (0h:0m:4s)
Wall-clock time used for tree search: 4.117 sec (0h:0m:4s)
Total CPU time used: 4.311 sec (0h:0m:4s)
Total wall-clock time used: 4.234 sec (0h:0m:4s)

Analysis results written to: 
  IQ-TREE report:                cluster2747rr.1to1ortho.fa.aln-cln_gene575.fa.iqtree
  Maximum-likelihood tree:       cluster2747rr.1to1ortho.fa.aln-cln_gene575.fa.treefile
  Likelihood distances:          cluster2747rr.1to1ortho.fa.aln-cln_gene575.fa.mldist
  Screen log file:               cluster2747rr.1to1ortho.fa.aln-cln_gene575.fa.log

Date and Time: Mon Nov 25 10:11:48 2019
