IQ-TREE multicore version 1.6.11 for Mac OS X 64-bit built Jul 12 2019
Developed by Bui Quang Minh, Nguyen Lam Tung, Olga Chernomor,
Heiko Schmidt, Dominik Schrempf, Michael Woodhams.

Host:    slpc437 (AVX2, FMA3, 16 GB RAM)
Command: iqtree -s cluster1878rr.1to1ortho.fa.aln-cln_gene1088.fa -nt 4 -m GTR+G -alrt 1000
Seed:    347860 (Using SPRNG - Scalable Parallel Random Number Generator)
Time:    Mon Nov 25 09:50:59 2019
Kernel:  AVX+FMA - 4 threads (6 CPU cores detected)

Reading alignment file cluster1878rr.1to1ortho.fa.aln-cln_gene1088.fa ... Fasta format detected
Alignment most likely contains DNA/RNA sequences
Alignment has 13 sequences with 1413 columns, 713 distinct patterns
517 parsimony-informative, 209 singleton sites, 687 constant sites
           Gap/Ambiguity  Composition  p-value
   1  DrolusSFB    0.00%    passed     92.55%
   2  Dino         3.47%    passed     94.59%
   3  MJM3360      9.27%    passed     99.21%
   4  DrobinSFB    7.78%    passed     90.45%
   5  Neam         0.00%    passed     95.71%
   6  RuprSFB     10.90%    passed     76.39%
   7  Retr        56.69%    passed     68.81%
   8  Beta         0.42%    passed     99.58%
   9  Spol         0.71%    passed     98.42%
  10  MJM1652      3.47%    passed     99.00%
  11  NepSFB       0.00%    passed     98.24%
  12  WPYJ        36.31%    passed     80.26%
  13  MJM2940      0.07%    passed     74.92%
WARNING: 1 sequences contain more than 50% gaps/ambiguity
****  TOTAL        9.93%  0 sequences failed composition chi2 test (p-value<5%; df=3)

Create initial parsimony tree by phylogenetic likelihood library (PLL)... 0.001 seconds

NOTE: 1 MB RAM (0 GB) is required!
Estimate model parameters (epsilon = 0.100)
1. Initial log-likelihood: -9310.181
2. Current log-likelihood: -9026.131
3. Current log-likelihood: -9023.823
Optimal log-likelihood: -9023.789
Rate parameters:  A-C: 1.72006  A-G: 3.93386  A-T: 1.86329  C-G: 1.14255  C-T: 4.68313  G-T: 1.00000
Base frequencies:  A: 0.269  C: 0.201  G: 0.268  T: 0.262
Gamma shape alpha: 0.498
Parameters optimization took 3 rounds (0.037 sec)
Computing ML distances based on estimated model parameters... 0.001 sec
Computing BIONJ tree...
0.002 seconds
Log-likelihood of BIONJ tree: -9023.788
--------------------------------------------------------------------
|             INITIALIZING CANDIDATE TREE SET                      |
--------------------------------------------------------------------
Generating 99 parsimony trees... 0.092 second
Computing log-likelihood of 98 initial trees ... 0.450 seconds
Current best score: -9023.788

Do NNI search on 20 best initial trees
Estimate model parameters (epsilon = 0.100)
BETTER TREE FOUND at iteration 1: -9023.788
Iteration 10 / LogL: -9023.852 / Time: 0h:0m:0s
Iteration 20 / LogL: -9023.907 / Time: 0h:0m:1s
Finish initializing candidate tree set (2)
Current best tree score: -9023.788 / CPU time: 1.137
Number of iterations: 20
--------------------------------------------------------------------
|               OPTIMIZING CANDIDATE TREE SET                      |
--------------------------------------------------------------------
Iteration 30 / LogL: -9023.829 / Time: 0h:0m:1s (0h:0m:3s left)
Iteration 40 / LogL: -9024.158 / Time: 0h:0m:2s (0h:0m:3s left)
Iteration 50 / LogL: -9024.099 / Time: 0h:0m:2s (0h:0m:2s left)
Iteration 60 / LogL: -9023.988 / Time: 0h:0m:2s (0h:0m:2s left)
Iteration 70 / LogL: -9023.815 / Time: 0h:0m:3s (0h:0m:1s left)
Iteration 80 / LogL: -9023.792 / Time: 0h:0m:3s (0h:0m:0s left)
Iteration 90 / LogL: -9024.113 / Time: 0h:0m:4s (0h:0m:0s left)
Iteration 100 / LogL: -9023.801 / Time: 0h:0m:4s (0h:0m:0s left)
TREE SEARCH COMPLETED AFTER 102 ITERATIONS / Time: 0h:0m:4s

--------------------------------------------------------------------
|                    FINALIZING TREE SEARCH                        |
--------------------------------------------------------------------
Performs final model parameters optimization
Estimate model parameters (epsilon = 0.010)
1. Initial log-likelihood: -9023.788
Optimal log-likelihood: -9023.787
Rate parameters:  A-C: 1.71370  A-G: 3.92045  A-T: 1.85935  C-G: 1.14054  C-T: 4.67934  G-T: 1.00000
Base frequencies:  A: 0.269  C: 0.201  G: 0.268  T: 0.262
Gamma shape alpha: 0.499
Parameters optimization took 1 rounds (0.005 sec)
BEST SCORE FOUND : -9023.787

Testing tree branches by SH-like aLRT with 1000 replicates...
0.087 sec.
Total tree length: 1.712

Total number of iterations: 102
CPU time used for tree search: 5.483 sec (0h:0m:5s)
Wall-clock time used for tree search: 4.569 sec (0h:0m:4s)
Total CPU time used: 5.877 sec (0h:0m:5s)
Total wall-clock time used: 4.717 sec (0h:0m:4s)

Analysis results written to: 
  IQ-TREE report:                cluster1878rr.1to1ortho.fa.aln-cln_gene1088.fa.iqtree
  Maximum-likelihood tree:       cluster1878rr.1to1ortho.fa.aln-cln_gene1088.fa.treefile
  Likelihood distances:          cluster1878rr.1to1ortho.fa.aln-cln_gene1088.fa.mldist
  Screen log file:               cluster1878rr.1to1ortho.fa.aln-cln_gene1088.fa.log

Date and Time: Mon Nov 25 09:51:04 2019
