IQ-TREE multicore version 1.6.11 for Mac OS X 64-bit built Jul 12 2019
Developed by Bui Quang Minh, Nguyen Lam Tung, Olga Chernomor,
Heiko Schmidt, Dominik Schrempf, Michael Woodhams.

Host:    slpc437 (AVX2, FMA3, 16 GB RAM)
Command: iqtree -s cluster2390rr.1to1ortho.fa.aln-cln_gene1048.fa -nt 4 -m GTR+G -alrt 1000
Seed:    593826 (Using SPRNG - Scalable Parallel Random Number Generator)
Time:    Mon Nov 25 10:02:56 2019
Kernel:  AVX+FMA - 4 threads (6 CPU cores detected)

Reading alignment file cluster2390rr.1to1ortho.fa.aln-cln_gene1048.fa ... Fasta format detected
Alignment most likely contains DNA/RNA sequences
Alignment has 13 sequences with 762 columns, 342 distinct patterns
237 parsimony-informative, 121 singleton sites, 404 constant sites
           Gap/Ambiguity  Composition  p-value
   1  DrolusSFB    1.57%    passed     94.35%
   2  Dino         0.79%    passed     83.62%
   3  MJM3360      1.84%    passed     25.19%
   4  DrobinSFB    0.52%    passed     90.85%
   5  Neam         0.39%    passed     97.82%
   6  RuprSFB      1.84%    passed     97.74%
   7  Retr        48.03%    passed     50.61%
   8  Beta         0.39%    passed     79.14%
   9  Spol         0.39%    passed     86.44%
  10  MJM1652      1.97%    passed     94.57%
  11  NepSFB       0.39%    passed     93.96%
  12  WPYJ         2.10%    passed     87.89%
  13  MJM2940      0.39%    passed     93.74%
****  TOTAL        4.66%  0 sequences failed composition chi2 test (p-value<5%; df=3)

Create initial parsimony tree by phylogenetic likelihood library (PLL)... 0.001 seconds

NOTE: 0 MB RAM (0 GB) is required!
WARNING: Number of threads seems too high for short alignments. Use -nt AUTO to determine best number of threads.
Estimate model parameters (epsilon = 0.100)
1. Initial log-likelihood: -4711.159
2. Current log-likelihood: -4506.296
3. Current log-likelihood: -4504.815
Optimal log-likelihood: -4504.797
Rate parameters:  A-C: 2.34695  A-G: 3.37057  A-T: 1.31085  C-G: 0.84459  C-T: 7.11618  G-T: 1.00000
Base frequencies:  A: 0.294  C: 0.182  G: 0.274  T: 0.250
Gamma shape alpha: 0.460
Parameters optimization took 3 rounds (0.027 sec)
Computing ML distances based on estimated model parameters... 0.001 sec
Computing BIONJ tree...
0.002 seconds
Log-likelihood of BIONJ tree: -4504.797
--------------------------------------------------------------------
|             INITIALIZING CANDIDATE TREE SET                      |
--------------------------------------------------------------------
Generating 99 parsimony trees... 0.069 second
Computing log-likelihood of 99 initial trees ... 0.386 seconds
Current best score: -4504.797

Do NNI search on 20 best initial trees
Estimate model parameters (epsilon = 0.100)
BETTER TREE FOUND at iteration 1: -4504.797
Iteration 10 / LogL: -4504.863 / Time: 0h:0m:0s
Iteration 20 / LogL: -4504.800 / Time: 0h:0m:0s
Finish initializing candidate tree set (2)
Current best tree score: -4504.797 / CPU time: 0.890
Number of iterations: 20
--------------------------------------------------------------------
|               OPTIMIZING CANDIDATE TREE SET                      |
--------------------------------------------------------------------
Iteration 30 / LogL: -4504.806 / Time: 0h:0m:1s (0h:0m:3s left)
Iteration 40 / LogL: -4504.802 / Time: 0h:0m:1s (0h:0m:2s left)
Iteration 50 / LogL: -4504.830 / Time: 0h:0m:1s (0h:0m:1s left)
Iteration 60 / LogL: -4520.517 / Time: 0h:0m:2s (0h:0m:1s left)
Iteration 70 / LogL: -4504.811 / Time: 0h:0m:2s (0h:0m:1s left)
Iteration 80 / LogL: -4504.812 / Time: 0h:0m:3s (0h:0m:0s left)
Iteration 90 / LogL: -4504.846 / Time: 0h:0m:3s (0h:0m:0s left)
Iteration 100 / LogL: -4504.848 / Time: 0h:0m:3s (0h:0m:0s left)
TREE SEARCH COMPLETED AFTER 102 ITERATIONS / Time: 0h:0m:3s

--------------------------------------------------------------------
|                    FINALIZING TREE SEARCH                        |
--------------------------------------------------------------------
Performs final model parameters optimization
Estimate model parameters (epsilon = 0.010)
1. Initial log-likelihood: -4504.797
Optimal log-likelihood: -4504.797
Rate parameters:  A-C: 2.34672  A-G: 3.36714  A-T: 1.30965  C-G: 0.84501  C-T: 7.11862  G-T: 1.00000
Base frequencies:  A: 0.294  C: 0.182  G: 0.274  T: 0.250
Gamma shape alpha: 0.460
Parameters optimization took 1 rounds (0.004 sec)
BEST SCORE FOUND : -4504.797

Testing tree branches by SH-like aLRT with 1000 replicates...
0.053 sec.
Total tree length: 1.390

Total number of iterations: 102
CPU time used for tree search: 3.530 sec (0h:0m:3s)
Wall-clock time used for tree search: 3.780 sec (0h:0m:3s)
Total CPU time used: 3.751 sec (0h:0m:3s)
Total wall-clock time used: 3.881 sec (0h:0m:3s)

Analysis results written to: 
  IQ-TREE report:                cluster2390rr.1to1ortho.fa.aln-cln_gene1048.fa.iqtree
  Maximum-likelihood tree:       cluster2390rr.1to1ortho.fa.aln-cln_gene1048.fa.treefile
  Likelihood distances:          cluster2390rr.1to1ortho.fa.aln-cln_gene1048.fa.mldist
  Screen log file:               cluster2390rr.1to1ortho.fa.aln-cln_gene1048.fa.log

Date and Time: Mon Nov 25 10:03:00 2019
