IQ-TREE multicore version 1.6.11 for Mac OS X 64-bit built Jul 12 2019
Developed by Bui Quang Minh, Nguyen Lam Tung, Olga Chernomor,
Heiko Schmidt, Dominik Schrempf, Michael Woodhams.

Host:    slpc437 (AVX2, FMA3, 16 GB RAM)
Command: iqtree -s cluster2825rr.1to1ortho.fa.aln-cln_gene766.fa -nt 4 -m GTR+G -alrt 1000
Seed:    52823 (Using SPRNG - Scalable Parallel Random Number Generator)
Time:    Mon Nov 25 10:14:34 2019
Kernel:  AVX+FMA - 4 threads (6 CPU cores detected)

Reading alignment file cluster2825rr.1to1ortho.fa.aln-cln_gene766.fa ... Fasta format detected
Alignment most likely contains DNA/RNA sequences
Alignment has 13 sequences with 1314 columns, 598 distinct patterns
463 parsimony-informative, 170 singleton sites, 681 constant sites
           Gap/Ambiguity  Composition  p-value
   1  DrolusSFB    0.08%    passed     97.34%
   2  Dino         2.05%    passed     98.22%
   3  MJM3360      1.90%    passed     23.23%
   4  DrobinSFB    0.91%    passed     57.98%
   5  Neam         0.00%    passed     98.44%
   6  RuprSFB      0.99%    passed     11.89%
   7  Retr        29.68%    passed     64.35%
   8  Beta         0.00%    passed     81.04%
   9  Spol         0.00%    passed     79.46%
  10  MJM1652      0.53%    passed     93.69%
  11  NepSFB       0.00%    passed     96.17%
  12  WPYJ         1.45%    passed     87.31%
  13  MJM2940      0.00%    passed     79.51%
****  TOTAL        2.89%  0 sequences failed composition chi2 test (p-value<5%; df=3)

Create initial parsimony tree by phylogenetic likelihood library (PLL)... 0.001 seconds

NOTE: 1 MB RAM (0 GB) is required!
Estimate model parameters (epsilon = 0.100)
1. Initial log-likelihood: -8915.959
2. Current log-likelihood: -8443.321
3. Current log-likelihood: -8438.690
4. Current log-likelihood: -8438.499
Optimal log-likelihood: -8438.474
Rate parameters:  A-C: 1.23647  A-G: 4.16329  A-T: 1.37657  C-G: 1.40073  C-T: 8.04608  G-T: 1.00000
Base frequencies:  A: 0.300  C: 0.203  G: 0.232  T: 0.264
Gamma shape alpha: 0.384
Parameters optimization took 4 rounds (0.045 sec)
Computing ML distances based on estimated model parameters... 0.001 sec
Computing BIONJ tree...
0.002 seconds
Log-likelihood of BIONJ tree: -8438.474
--------------------------------------------------------------------
|             INITIALIZING CANDIDATE TREE SET                      |
--------------------------------------------------------------------
Generating 99 parsimony trees... 0.083 second
Computing log-likelihood of 99 initial trees ... 0.432 seconds
Current best score: -8438.474

Do NNI search on 20 best initial trees
Estimate model parameters (epsilon = 0.100)
BETTER TREE FOUND at iteration 1: -8438.471
Iteration 10 / LogL: -8438.514 / Time: 0h:0m:0s
Iteration 20 / LogL: -8438.613 / Time: 0h:0m:1s
Finish initializing candidate tree set (1)
Current best tree score: -8438.471 / CPU time: 1.058
Number of iterations: 20
--------------------------------------------------------------------
|               OPTIMIZING CANDIDATE TREE SET                      |
--------------------------------------------------------------------
Iteration 30 / LogL: -8438.691 / Time: 0h:0m:1s (0h:0m:3s left)
UPDATE BEST LOG-LIKELIHOOD: -8438.471
Iteration 40 / LogL: -8438.551 / Time: 0h:0m:1s (0h:0m:2s left)
Iteration 50 / LogL: -8438.526 / Time: 0h:0m:2s (0h:0m:2s left)
Iteration 60 / LogL: -8438.537 / Time: 0h:0m:2s (0h:0m:1s left)
Iteration 70 / LogL: -8439.546 / Time: 0h:0m:2s (0h:0m:1s left)
UPDATE BEST LOG-LIKELIHOOD: -8438.471
Iteration 80 / LogL: -8438.471 / Time: 0h:0m:3s (0h:0m:0s left)
Iteration 90 / LogL: -8438.521 / Time: 0h:0m:3s (0h:0m:0s left)
Iteration 100 / LogL: -8438.519 / Time: 0h:0m:4s (0h:0m:0s left)
TREE SEARCH COMPLETED AFTER 102 ITERATIONS / Time: 0h:0m:4s

--------------------------------------------------------------------
|                    FINALIZING TREE SEARCH                        |
--------------------------------------------------------------------
Performs final model parameters optimization
Estimate model parameters (epsilon = 0.010)
1. Initial log-likelihood: -8438.471
Optimal log-likelihood: -8438.471
Rate parameters:  A-C: 1.22776  A-G: 4.17062  A-T: 1.38146  C-G: 1.40106  C-T: 8.04527  G-T: 1.00000
Base frequencies:  A: 0.300  C: 0.203  G: 0.232  T: 0.264
Gamma shape alpha: 0.384
Parameters optimization took 1 rounds (0.005 sec)
BEST SCORE FOUND : -8438.471

Testing tree branches by SH-like aLRT with 1000 replicates...
0.081 sec.
Total tree length: 1.715

Total number of iterations: 102
CPU time used for tree search: 4.607 sec (0h:0m:4s)
Wall-clock time used for tree search: 4.080 sec (0h:0m:4s)
Total CPU time used: 4.989 sec (0h:0m:4s)
Total wall-clock time used: 4.230 sec (0h:0m:4s)

Analysis results written to: 
  IQ-TREE report:                cluster2825rr.1to1ortho.fa.aln-cln_gene766.fa.iqtree
  Maximum-likelihood tree:       cluster2825rr.1to1ortho.fa.aln-cln_gene766.fa.treefile
  Likelihood distances:          cluster2825rr.1to1ortho.fa.aln-cln_gene766.fa.mldist
  Screen log file:               cluster2825rr.1to1ortho.fa.aln-cln_gene766.fa.log

Date and Time: Mon Nov 25 10:14:38 2019
