IQ-TREE multicore version 1.6.11 for Mac OS X 64-bit built Jul 12 2019
Developed by Bui Quang Minh, Nguyen Lam Tung, Olga Chernomor,
Heiko Schmidt, Dominik Schrempf, Michael Woodhams.

Host:    slpc437 (AVX2, FMA3, 16 GB RAM)
Command: iqtree -s cluster5121rr.1to1ortho.fa.aln-cln_gene806.fa -nt 4 -m GTR+G -alrt 1000
Seed:    720671 (Using SPRNG - Scalable Parallel Random Number Generator)
Time:    Mon Nov 25 11:05:43 2019
Kernel:  AVX+FMA - 4 threads (6 CPU cores detected)

Reading alignment file cluster5121rr.1to1ortho.fa.aln-cln_gene806.fa ... Fasta format detected
Alignment most likely contains DNA/RNA sequences
Alignment has 13 sequences with 1973 columns, 960 distinct patterns
711 parsimony-informative, 327 singleton sites, 935 constant sites
           Gap/Ambiguity  Composition  p-value
   1  DrolusSFB   37.15%    passed     99.55%
   2  Dino         2.33%    passed     93.49%
   3  MJM3360      4.46%    passed     96.47%
   4  DrobinSFB    2.69%    passed     66.75%
   5  Neam         0.00%    passed     91.05%
   6  RuprSFB      1.32%    passed     47.07%
   7  Retr         4.36%    passed     94.40%
   8  Beta         3.35%    passed     87.10%
   9  Spol         3.35%    passed     63.17%
  10  MJM1652      2.33%    passed     89.85%
  11  NepSFB       0.00%    passed     95.27%
  12  WPYJ        46.22%    passed     65.85%
  13  MJM2940      0.20%    passed     86.81%
****  TOTAL        8.29%  0 sequences failed composition chi2 test (p-value<5%; df=3)

Create initial parsimony tree by phylogenetic likelihood library (PLL)... 0.001 seconds

NOTE: 1 MB RAM (0 GB) is required!
Estimate model parameters (epsilon = 0.100)
1. Initial log-likelihood: -13192.693
2. Current log-likelihood: -12719.702
3. Current log-likelihood: -12715.814
Optimal log-likelihood: -12715.770
Rate parameters:  A-C: 1.57905  A-G: 3.90519  A-T: 1.49535  C-G: 1.01510  C-T: 4.68989  G-T: 1.00000
Base frequencies:  A: 0.275  C: 0.199  G: 0.251  T: 0.276
Gamma shape alpha: 0.539
Parameters optimization took 3 rounds (0.043 sec)
Computing ML distances based on estimated model parameters... 0.002 sec
Computing BIONJ tree...
0.002 seconds
Log-likelihood of BIONJ tree: -12715.769
--------------------------------------------------------------------
|             INITIALIZING CANDIDATE TREE SET                      |
--------------------------------------------------------------------
Generating 99 parsimony trees... 0.108 second
Computing log-likelihood of 98 initial trees ... 0.477 seconds
Current best score: -12715.769

Do NNI search on 20 best initial trees
Estimate model parameters (epsilon = 0.100)
BETTER TREE FOUND at iteration 1: -12715.769
Iteration 10 / LogL: -12715.778 / Time: 0h:0m:0s
Iteration 20 / LogL: -12715.996 / Time: 0h:0m:1s
Finish initializing candidate tree set (1)
Current best tree score: -12715.769 / CPU time: 1.220
Number of iterations: 20
--------------------------------------------------------------------
|               OPTIMIZING CANDIDATE TREE SET                      |
--------------------------------------------------------------------
Iteration 30 / LogL: -12715.782 / Time: 0h:0m:1s (0h:0m:4s left)
Iteration 40 / LogL: -12717.006 / Time: 0h:0m:2s (0h:0m:3s left)
Iteration 50 / LogL: -12715.859 / Time: 0h:0m:2s (0h:0m:2s left)
Iteration 60 / LogL: -12715.860 / Time: 0h:0m:2s (0h:0m:2s left)
Iteration 70 / LogL: -12717.732 / Time: 0h:0m:3s (0h:0m:1s left)
Iteration 80 / LogL: -12716.289 / Time: 0h:0m:3s (0h:0m:0s left)
UPDATE BEST LOG-LIKELIHOOD: -12715.769
Iteration 90 / LogL: -12715.853 / Time: 0h:0m:4s (0h:0m:0s left)
Iteration 100 / LogL: -12717.141 / Time: 0h:0m:4s (0h:0m:0s left)
TREE SEARCH COMPLETED AFTER 102 ITERATIONS / Time: 0h:0m:4s

--------------------------------------------------------------------
|                    FINALIZING TREE SEARCH                        |
--------------------------------------------------------------------
Performs final model parameters optimization
Estimate model parameters (epsilon = 0.010)
1. Initial log-likelihood: -12715.769
Optimal log-likelihood: -12715.769
Rate parameters:  A-C: 1.57950  A-G: 3.90615  A-T: 1.49625  C-G: 1.01531  C-T: 4.69463  G-T: 1.00000
Base frequencies:  A: 0.275  C: 0.199  G: 0.251  T: 0.276
Gamma shape alpha: 0.539
Parameters optimization took 1 rounds (0.005 sec)
BEST SCORE FOUND : -12715.769

Testing tree branches by SH-like aLRT with 1000 replicates...
0.113 sec.
Total tree length: 1.721

Total number of iterations: 102
CPU time used for tree search: 6.192 sec (0h:0m:6s)
Wall-clock time used for tree search: 4.590 sec (0h:0m:4s)
Total CPU time used: 6.716 sec (0h:0m:6s)
Total wall-clock time used: 4.771 sec (0h:0m:4s)

Analysis results written to: 
  IQ-TREE report:                cluster5121rr.1to1ortho.fa.aln-cln_gene806.fa.iqtree
  Maximum-likelihood tree:       cluster5121rr.1to1ortho.fa.aln-cln_gene806.fa.treefile
  Likelihood distances:          cluster5121rr.1to1ortho.fa.aln-cln_gene806.fa.mldist
  Screen log file:               cluster5121rr.1to1ortho.fa.aln-cln_gene806.fa.log

Date and Time: Mon Nov 25 11:05:48 2019
