IQ-TREE multicore version 1.6.11 for Mac OS X 64-bit built Jul 12 2019
Developed by Bui Quang Minh, Nguyen Lam Tung, Olga Chernomor,
Heiko Schmidt, Dominik Schrempf, Michael Woodhams.

Host:    slpc437 (AVX2, FMA3, 16 GB RAM)
Command: iqtree -s cluster4007rr.1to1ortho.fa.aln-cln_gene505.fa -nt 4 -m GTR+G -alrt 1000
Seed:    940543 (Using SPRNG - Scalable Parallel Random Number Generator)
Time:    Mon Nov 25 10:42:52 2019
Kernel:  AVX+FMA - 4 threads (6 CPU cores detected)

Reading alignment file cluster4007rr.1to1ortho.fa.aln-cln_gene505.fa ... Fasta format detected
Alignment most likely contains DNA/RNA sequences
Alignment has 13 sequences with 1140 columns, 547 distinct patterns
378 parsimony-informative, 175 singleton sites, 587 constant sites
           Gap/Ambiguity  Composition  p-value
   1  DrolusSFB    2.89%    passed     65.07%
   2  Dino        43.51%    passed     96.78%
   3  MJM3360      1.23%    passed     99.34%
   4  DrobinSFB   31.93%    passed     82.83%
   5  Neam        31.93%    passed     28.76%
   6  RuprSFB      2.19%    passed     71.78%
   7  Retr         3.42%    passed     94.83%
   8  Beta         0.53%    passed     84.15%
   9  Spol         0.53%    passed     84.23%
  10  MJM1652      0.26%    passed     89.39%
  11  NepSFB       5.88%    passed     72.46%
  12  WPYJ         5.96%    passed     95.86%
  13  MJM2940      1.32%    passed     72.32%
****  TOTAL       10.12%  0 sequences failed composition chi2 test (p-value<5%; df=3)

Create initial parsimony tree by phylogenetic likelihood library (PLL)... 0.001 seconds

NOTE: 0 MB RAM (0 GB) is required!
Estimate model parameters (epsilon = 0.100)
1. Initial log-likelihood: -7018.518
2. Current log-likelihood: -6723.375
3. Current log-likelihood: -6720.926
Optimal log-likelihood: -6720.901
Rate parameters:  A-C: 2.51081  A-G: 6.51783  A-T: 2.22887  C-G: 1.92669  C-T: 8.03358  G-T: 1.00000
Base frequencies:  A: 0.282  C: 0.191  G: 0.238  T: 0.290
Gamma shape alpha: 0.478
Parameters optimization took 3 rounds (0.036 sec)
Computing ML distances based on estimated model parameters... 0.001 sec
Computing BIONJ tree...
0.002 seconds
Log-likelihood of BIONJ tree: -6725.128
--------------------------------------------------------------------
|             INITIALIZING CANDIDATE TREE SET                      |
--------------------------------------------------------------------
Generating 98 parsimony trees... 0.086 second
Computing log-likelihood of 98 initial trees ... 0.431 seconds
Current best score: -6720.635

Do NNI search on 20 best initial trees
Estimate model parameters (epsilon = 0.100)
BETTER TREE FOUND at iteration 1: -6720.507
Iteration 10 / LogL: -6720.639 / Time: 0h:0m:0s
Iteration 20 / LogL: -6720.509 / Time: 0h:0m:1s
Finish initializing candidate tree set (3)
Current best tree score: -6720.507 / CPU time: 1.053
Number of iterations: 20
--------------------------------------------------------------------
|               OPTIMIZING CANDIDATE TREE SET                      |
--------------------------------------------------------------------
Iteration 30 / LogL: -6720.516 / Time: 0h:0m:1s (0h:0m:3s left)
UPDATE BEST LOG-LIKELIHOOD: -6720.507
Iteration 40 / LogL: -6722.606 / Time: 0h:0m:2s (0h:0m:3s left)
Iteration 50 / LogL: -6720.519 / Time: 0h:0m:2s (0h:0m:2s left)
Iteration 60 / LogL: -6720.518 / Time: 0h:0m:3s (0h:0m:2s left)
Iteration 70 / LogL: -6754.561 / Time: 0h:0m:3s (0h:0m:1s left)
Iteration 80 / LogL: -6720.520 / Time: 0h:0m:4s (0h:0m:1s left)
Iteration 90 / LogL: -6720.512 / Time: 0h:0m:4s (0h:0m:0s left)
Iteration 100 / LogL: -6720.521 / Time: 0h:0m:5s (0h:0m:0s left)
TREE SEARCH COMPLETED AFTER 102 ITERATIONS / Time: 0h:0m:5s

--------------------------------------------------------------------
|                    FINALIZING TREE SEARCH                        |
--------------------------------------------------------------------
Performs final model parameters optimization
Estimate model parameters (epsilon = 0.010)
1. Initial log-likelihood: -6720.507
Optimal log-likelihood: -6720.506
Rate parameters:  A-C: 2.49954  A-G: 6.55094  A-T: 2.23104  C-G: 1.92714  C-T: 8.05501  G-T: 1.00000
Base frequencies:  A: 0.282  C: 0.191  G: 0.238  T: 0.290
Gamma shape alpha: 0.478
Parameters optimization took 1 rounds (0.004 sec)
BEST SCORE FOUND : -6720.506

Testing tree branches by SH-like aLRT with 1000 replicates...
0.071 sec.
Total tree length: 1.436

Total number of iterations: 102
CPU time used for tree search: 5.623 sec (0h:0m:5s)
Wall-clock time used for tree search: 5.121 sec (0h:0m:5s)
Total CPU time used: 5.950 sec (0h:0m:5s)
Total wall-clock time used: 5.252 sec (0h:0m:5s)

Analysis results written to: 
  IQ-TREE report:                cluster4007rr.1to1ortho.fa.aln-cln_gene505.fa.iqtree
  Maximum-likelihood tree:       cluster4007rr.1to1ortho.fa.aln-cln_gene505.fa.treefile
  Likelihood distances:          cluster4007rr.1to1ortho.fa.aln-cln_gene505.fa.mldist
  Screen log file:               cluster4007rr.1to1ortho.fa.aln-cln_gene505.fa.log

Date and Time: Mon Nov 25 10:42:58 2019
