IQ-TREE multicore version 1.6.11 for Mac OS X 64-bit built Jul 12 2019
Developed by Bui Quang Minh, Nguyen Lam Tung, Olga Chernomor,
Heiko Schmidt, Dominik Schrempf, Michael Woodhams.

Host:    slpc437 (AVX2, FMA3, 16 GB RAM)
Command: iqtree -s cluster5558rr.1to1ortho.fa.aln-cln_gene58.fa -nt 4 -m GTR+G -alrt 1000
Seed:    799118 (Using SPRNG - Scalable Parallel Random Number Generator)
Time:    Mon Nov 25 11:09:44 2019
Kernel:  AVX+FMA - 4 threads (6 CPU cores detected)

Reading alignment file cluster5558rr.1to1ortho.fa.aln-cln_gene58.fa ... Fasta format detected
Alignment most likely contains DNA/RNA sequences
Alignment has 13 sequences with 3615 columns, 1666 distinct patterns
1431 parsimony-informative, 557 singleton sites, 1627 constant sites
           Gap/Ambiguity  Composition  p-value
   1  DrolusSFB    0.39%    passed     89.94%
   2  Dino         0.33%    passed     91.07%
   3  MJM3360      0.00%    passed     78.54%
   4  DrobinSFB    0.41%    passed     28.65%
   5  Neam        21.60%    passed     37.19%
   6  RuprSFB      0.08%    passed     39.94%
   7  Retr        64.81%    passed     78.75%
   8  Beta         0.00%    passed     92.79%
   9  Spol         0.25%    passed     75.22%
  10  MJM1652      0.50%    passed     44.46%
  11  NepSFB       0.00%    passed     83.89%
  12  WPYJ         0.19%    passed     36.50%
  13  MJM2940      0.00%    passed     94.83%
WARNING: 1 sequences contain more than 50% gaps/ambiguity
****  TOTAL        6.81%  0 sequences failed composition chi2 test (p-value<5%; df=3)

Create initial parsimony tree by phylogenetic likelihood library (PLL)... 0.002 seconds

NOTE: 2 MB RAM (0 GB) is required!
Estimate model parameters (epsilon = 0.100)
1. Initial log-likelihood: -25382.407
2. Current log-likelihood: -24528.960
3. Current log-likelihood: -24524.323
Optimal log-likelihood: -24524.270
Rate parameters:  A-C: 1.75257  A-G: 3.81530  A-T: 1.28046  C-G: 1.24559  C-T: 5.41218  G-T: 1.00000
Base frequencies:  A: 0.341  C: 0.162  G: 0.253  T: 0.244
Gamma shape alpha: 0.585
Parameters optimization took 3 rounds (0.062 sec)
Computing ML distances based on estimated model parameters... 0.003 sec
Computing BIONJ tree...
0.002 seconds
Log-likelihood of BIONJ tree: -24523.000
--------------------------------------------------------------------
|             INITIALIZING CANDIDATE TREE SET                      |
--------------------------------------------------------------------
Generating 98 parsimony trees... 0.155 second
Computing log-likelihood of 97 initial trees ... 0.560 seconds
Current best score: -24523.000

Do NNI search on 20 best initial trees
Estimate model parameters (epsilon = 0.100)
BETTER TREE FOUND at iteration 1: -24522.988
Iteration 10 / LogL: -24523.002 / Time: 0h:0m:1s
Iteration 20 / LogL: -24522.994 / Time: 0h:0m:1s
Finish initializing candidate tree set (1)
Current best tree score: -24522.988 / CPU time: 1.571
Number of iterations: 20
--------------------------------------------------------------------
|               OPTIMIZING CANDIDATE TREE SET                      |
--------------------------------------------------------------------
UPDATE BEST LOG-LIKELIHOOD: -24522.988
Iteration 30 / LogL: -24522.988 / Time: 0h:0m:2s (0h:0m:5s left)
Iteration 40 / LogL: -24523.298 / Time: 0h:0m:2s (0h:0m:4s left)
Iteration 50 / LogL: -24523.591 / Time: 0h:0m:3s (0h:0m:3s left)
Iteration 60 / LogL: -24524.157 / Time: 0h:0m:3s (0h:0m:2s left)
Iteration 70 / LogL: -24523.505 / Time: 0h:0m:4s (0h:0m:1s left)
Iteration 80 / LogL: -24523.949 / Time: 0h:0m:4s (0h:0m:1s left)
Iteration 90 / LogL: -24523.007 / Time: 0h:0m:5s (0h:0m:0s left)
Iteration 100 / LogL: -24523.115 / Time: 0h:0m:5s (0h:0m:0s left)
TREE SEARCH COMPLETED AFTER 102 ITERATIONS / Time: 0h:0m:5s

--------------------------------------------------------------------
|                    FINALIZING TREE SEARCH                        |
--------------------------------------------------------------------
Performs final model parameters optimization
Estimate model parameters (epsilon = 0.010)
1. Initial log-likelihood: -24522.988
Optimal log-likelihood: -24522.987
Rate parameters:  A-C: 1.75712  A-G: 3.81932  A-T: 1.28040  C-G: 1.23137  C-T: 5.41608  G-T: 1.00000
Base frequencies:  A: 0.341  C: 0.162  G: 0.253  T: 0.244
Gamma shape alpha: 0.585
Parameters optimization took 1 rounds (0.007 sec)
BEST SCORE FOUND : -24522.987

Testing tree branches by SH-like aLRT with 1000 replicates...
0.189 sec.
Total tree length: 1.734

Total number of iterations: 102
CPU time used for tree search: 9.459 sec (0h:0m:9s)
Wall-clock time used for tree search: 5.618 sec (0h:0m:5s)
Total CPU time used: 10.380 sec (0h:0m:10s)
Total wall-clock time used: 5.901 sec (0h:0m:5s)

Analysis results written to: 
  IQ-TREE report:                cluster5558rr.1to1ortho.fa.aln-cln_gene58.fa.iqtree
  Maximum-likelihood tree:       cluster5558rr.1to1ortho.fa.aln-cln_gene58.fa.treefile
  Likelihood distances:          cluster5558rr.1to1ortho.fa.aln-cln_gene58.fa.mldist
  Screen log file:               cluster5558rr.1to1ortho.fa.aln-cln_gene58.fa.log

Date and Time: Mon Nov 25 11:09:50 2019
