IQ-TREE multicore version 1.6.11 for Mac OS X 64-bit built Jul 12 2019
Developed by Bui Quang Minh, Nguyen Lam Tung, Olga Chernomor,
Heiko Schmidt, Dominik Schrempf, Michael Woodhams.

Host:    slpc437 (AVX2, FMA3, 16 GB RAM)
Command: iqtree -s cluster899rr.1to1ortho.fa.aln-cln_gene965.fa -nt 4 -m GTR+G -alrt 1000
Seed:    663674 (Using SPRNG - Scalable Parallel Random Number Generator)
Time:    Mon Nov 25 11:14:04 2019
Kernel:  AVX+FMA - 4 threads (6 CPU cores detected)

Reading alignment file cluster899rr.1to1ortho.fa.aln-cln_gene965.fa ... Fasta format detected
Alignment most likely contains DNA/RNA sequences
Alignment has 13 sequences with 699 columns, 348 distinct patterns
227 parsimony-informative, 112 singleton sites, 360 constant sites
           Gap/Ambiguity  Composition  p-value
   1  DrolusSFB   16.31%    passed     68.21%
   2  Dino         0.00%    passed     42.46%
   3  MJM3360     29.47%    passed     72.06%
   4  DrobinSFB    2.15%    passed     27.05%
   5  Neam         0.00%    passed     50.45%
   6  RuprSFB     25.32%    passed     48.75%
   7  Retr        26.18%    passed     45.02%
   8  Beta        31.04%    passed     73.07%
   9  Spol        31.04%    passed     58.90%
  10  MJM1652      0.43%    passed     52.24%
  11  NepSFB      22.75%    passed     64.38%
  12  WPYJ        25.75%    passed     77.51%
  13  MJM2940     14.74%    passed     61.17%
****  TOTAL       17.32%  0 sequences failed composition chi2 test (p-value<5%; df=3)

Create initial parsimony tree by phylogenetic likelihood library (PLL)... 0.001 seconds

NOTE: 0 MB RAM (0 GB) is required!
WARNING: Number of threads seems too high for short alignments. Use -nt AUTO to determine best number of threads.
Estimate model parameters (epsilon = 0.100)
1. Initial log-likelihood: -4189.469
2. Current log-likelihood: -3996.661
3. Current log-likelihood: -3994.527
Optimal log-likelihood: -3994.476
Rate parameters:  A-C: 3.03072  A-G: 4.75019  A-T: 1.81275  C-G: 2.01500  C-T: 8.15793  G-T: 1.00000
Base frequencies:  A: 0.266  C: 0.193  G: 0.285  T: 0.256
Gamma shape alpha: 0.485
Parameters optimization took 3 rounds (0.034 sec)
Computing ML distances based on estimated model parameters... 0.001 sec
Computing BIONJ tree...
0.002 seconds
Log-likelihood of BIONJ tree: -3994.476
--------------------------------------------------------------------
|             INITIALIZING CANDIDATE TREE SET                      |
--------------------------------------------------------------------
Generating 99 parsimony trees... 0.064 second
Computing log-likelihood of 99 initial trees ... 0.418 seconds
Current best score: -3992.431

Do NNI search on 20 best initial trees
Estimate model parameters (epsilon = 0.100)
BETTER TREE FOUND at iteration 1: -3992.301
Iteration 10 / LogL: -3992.310 / Time: 0h:0m:0s
Iteration 20 / LogL: -3992.307 / Time: 0h:0m:1s
Finish initializing candidate tree set (1)
Current best tree score: -3992.301 / CPU time: 1.231
Number of iterations: 20
--------------------------------------------------------------------
|               OPTIMIZING CANDIDATE TREE SET                      |
--------------------------------------------------------------------
Iteration 30 / LogL: -3992.342 / Time: 0h:0m:1s (0h:0m:4s left)
Iteration 40 / LogL: -3992.314 / Time: 0h:0m:2s (0h:0m:3s left)
Iteration 50 / LogL: -3992.304 / Time: 0h:0m:2s (0h:0m:2s left)
Iteration 60 / LogL: -3992.309 / Time: 0h:0m:2s (0h:0m:2s left)
Iteration 70 / LogL: -3992.511 / Time: 0h:0m:3s (0h:0m:1s left)
Iteration 80 / LogL: -3992.309 / Time: 0h:0m:3s (0h:0m:1s left)
Iteration 90 / LogL: -3992.317 / Time: 0h:0m:4s (0h:0m:0s left)
Iteration 100 / LogL: -3992.307 / Time: 0h:0m:4s (0h:0m:0s left)
UPDATE BEST LOG-LIKELIHOOD: -3992.301
TREE SEARCH COMPLETED AFTER 102 ITERATIONS / Time: 0h:0m:4s

--------------------------------------------------------------------
|                    FINALIZING TREE SEARCH                        |
--------------------------------------------------------------------
Performs final model parameters optimization
Estimate model parameters (epsilon = 0.010)
1. Initial log-likelihood: -3992.301
2. Current log-likelihood: -3992.290
Optimal log-likelihood: -3992.289
Rate parameters:  A-C: 3.11346  A-G: 4.91486  A-T: 1.89732  C-G: 2.05769  C-T: 8.53005  G-T: 1.00000
Base frequencies:  A: 0.266  C: 0.193  G: 0.285  T: 0.256
Gamma shape alpha: 0.487
Parameters optimization took 2 rounds (0.009 sec)
BEST SCORE FOUND : -3992.289

Testing tree branches by SH-like aLRT with 1000 replicates...
0.049 sec.
Total tree length: 1.673

Total number of iterations: 102
CPU time used for tree search: 4.502 sec (0h:0m:4s)
Wall-clock time used for tree search: 4.842 sec (0h:0m:4s)
Total CPU time used: 4.735 sec (0h:0m:4s)
Total wall-clock time used: 4.953 sec (0h:0m:4s)

Analysis results written to: 
  IQ-TREE report:                cluster899rr.1to1ortho.fa.aln-cln_gene965.fa.iqtree
  Maximum-likelihood tree:       cluster899rr.1to1ortho.fa.aln-cln_gene965.fa.treefile
  Likelihood distances:          cluster899rr.1to1ortho.fa.aln-cln_gene965.fa.mldist
  Screen log file:               cluster899rr.1to1ortho.fa.aln-cln_gene965.fa.log

Date and Time: Mon Nov 25 11:14:09 2019
