IQ-TREE multicore version 1.6.11 for Mac OS X 64-bit built Jul 12 2019
Developed by Bui Quang Minh, Nguyen Lam Tung, Olga Chernomor,
Heiko Schmidt, Dominik Schrempf, Michael Woodhams.

Host:    slpc437 (AVX2, FMA3, 16 GB RAM)
Command: iqtree -s cluster1641rr.1to1ortho.fa.aln-cln_gene885.fa -nt 4 -m GTR+G -alrt 1000
Seed:    901036 (Using SPRNG - Scalable Parallel Random Number Generator)
Time:    Mon Nov 25 09:46:55 2019
Kernel:  AVX+FMA - 4 threads (6 CPU cores detected)

Reading alignment file cluster1641rr.1to1ortho.fa.aln-cln_gene885.fa ... Fasta format detected
Alignment most likely contains DNA/RNA sequences
Alignment has 13 sequences with 610 columns, 294 distinct patterns
189 parsimony-informative, 105 singleton sites, 316 constant sites
           Gap/Ambiguity  Composition  p-value
   1  DrolusSFB    0.00%    passed     99.95%
   2  Dino         2.46%    passed     75.57%
   3  MJM3360     31.97%    passed     89.05%
   4  DrobinSFB   30.16%    passed     42.75%
   5  Neam        31.15%    passed     99.72%
   6  RuprSFB     30.16%    passed     98.36%
   7  Retr        30.66%    passed     89.38%
   8  Beta         1.97%    passed     53.53%
   9  Spol         0.49%    passed     17.97%
  10  MJM1652     30.33%    passed     92.59%
  11  NepSFB      19.67%    passed     61.67%
  12  WPYJ        35.25%    passed     98.99%
  13  MJM2940      0.00%    passed     96.97%
****  TOTAL       18.79%  0 sequences failed composition chi2 test (p-value<5%; df=3)

Create initial parsimony tree by phylogenetic likelihood library (PLL)... 0.001 seconds

NOTE: 0 MB RAM (0 GB) is required!
WARNING: Number of threads seems too high for short alignments. Use -nt AUTO to determine best number of threads.
Estimate model parameters (epsilon = 0.100)
1. Initial log-likelihood: -3606.389
2. Current log-likelihood: -3425.253
3. Current log-likelihood: -3421.425
Optimal log-likelihood: -3421.361
Rate parameters:  A-C: 0.86705  A-G: 2.65317  A-T: 0.86538  C-G: 0.66709  C-T: 3.72071  G-T: 1.00000
Base frequencies:  A: 0.318  C: 0.194  G: 0.276  T: 0.212
Gamma shape alpha: 0.403
Parameters optimization took 3 rounds (0.028 sec)
Computing ML distances based on estimated model parameters... 0.001 sec
Computing BIONJ tree...
0.002 seconds
Log-likelihood of BIONJ tree: -3417.866
--------------------------------------------------------------------
|             INITIALIZING CANDIDATE TREE SET                      |
--------------------------------------------------------------------
Generating 98 parsimony trees... 0.072 second
Computing log-likelihood of 98 initial trees ... 0.435 seconds
Current best score: -3417.866

Do NNI search on 20 best initial trees
Estimate model parameters (epsilon = 0.100)
BETTER TREE FOUND at iteration 1: -3416.087
Iteration 10 / LogL: -3416.114 / Time: 0h:0m:0s
Iteration 20 / LogL: -3416.401 / Time: 0h:0m:1s
Finish initializing candidate tree set (2)
Current best tree score: -3416.087 / CPU time: 1.028
Number of iterations: 20
--------------------------------------------------------------------
|               OPTIMIZING CANDIDATE TREE SET                      |
--------------------------------------------------------------------
Iteration 30 / LogL: -3416.113 / Time: 0h:0m:1s (0h:0m:3s left)
Iteration 40 / LogL: -3416.139 / Time: 0h:0m:1s (0h:0m:2s left)
Iteration 50 / LogL: -3416.145 / Time: 0h:0m:2s (0h:0m:2s left)
Iteration 60 / LogL: -3416.124 / Time: 0h:0m:2s (0h:0m:1s left)
Iteration 70 / LogL: -3416.152 / Time: 0h:0m:3s (0h:0m:1s left)
Iteration 80 / LogL: -3416.176 / Time: 0h:0m:3s (0h:0m:0s left)
Iteration 90 / LogL: -3417.161 / Time: 0h:0m:3s (0h:0m:0s left)
Iteration 100 / LogL: -3416.211 / Time: 0h:0m:4s (0h:0m:0s left)
TREE SEARCH COMPLETED AFTER 102 ITERATIONS / Time: 0h:0m:4s

--------------------------------------------------------------------
|                    FINALIZING TREE SEARCH                        |
--------------------------------------------------------------------
Performs final model parameters optimization
Estimate model parameters (epsilon = 0.010)
1. Initial log-likelihood: -3416.087
Optimal log-likelihood: -3416.086
Rate parameters:  A-C: 0.88838  A-G: 2.77515  A-T: 0.90583  C-G: 0.68730  C-T: 3.88977  G-T: 1.00000
Base frequencies:  A: 0.318  C: 0.194  G: 0.276  T: 0.212
Gamma shape alpha: 0.407
Parameters optimization took 1 rounds (0.004 sec)
BEST SCORE FOUND : -3416.086

Testing tree branches by SH-like aLRT with 1000 replicates...
0.045 sec.
Total tree length: 1.789

Total number of iterations: 102
CPU time used for tree search: 3.825 sec (0h:0m:3s)
Wall-clock time used for tree search: 4.275 sec (0h:0m:4s)
Total CPU time used: 4.022 sec (0h:0m:4s)
Total wall-clock time used: 4.374 sec (0h:0m:4s)

Analysis results written to: 
  IQ-TREE report:                cluster1641rr.1to1ortho.fa.aln-cln_gene885.fa.iqtree
  Maximum-likelihood tree:       cluster1641rr.1to1ortho.fa.aln-cln_gene885.fa.treefile
  Likelihood distances:          cluster1641rr.1to1ortho.fa.aln-cln_gene885.fa.mldist
  Screen log file:               cluster1641rr.1to1ortho.fa.aln-cln_gene885.fa.log

Date and Time: Mon Nov 25 09:47:00 2019
