IQ-TREE multicore version 1.6.11 for Mac OS X 64-bit built Jul 12 2019
Developed by Bui Quang Minh, Nguyen Lam Tung, Olga Chernomor,
Heiko Schmidt, Dominik Schrempf, Michael Woodhams.

Host:    slpc437 (AVX2, FMA3, 16 GB RAM)
Command: iqtree -s cluster1953rr.1to1ortho.fa.aln-cln_gene719.fa -nt 4 -m GTR+G -alrt 1000
Seed:    338833 (Using SPRNG - Scalable Parallel Random Number Generator)
Time:    Mon Nov 25 09:53:07 2019
Kernel:  AVX+FMA - 4 threads (6 CPU cores detected)

Reading alignment file cluster1953rr.1to1ortho.fa.aln-cln_gene719.fa ... Fasta format detected
Alignment most likely contains DNA/RNA sequences
Alignment has 13 sequences with 3200 columns, 1535 distinct patterns
1143 parsimony-informative, 604 singleton sites, 1453 constant sites
           Gap/Ambiguity  Composition  p-value
   1  DrolusSFB    4.50%    passed     57.89%
   2  Dino         1.28%    passed     87.00%
   3  MJM3360      2.50%    passed     71.01%
   4  DrobinSFB    2.78%    passed     73.34%
   5  Neam         0.66%    passed     94.20%
   6  RuprSFB      5.00%    passed     98.36%
   7  Retr        61.66%    passed     18.98%
   8  Beta         4.66%    passed     80.61%
   9  Spol         4.94%    passed     92.18%
  10  MJM1652      2.88%    passed     63.80%
  11  NepSFB       0.66%    passed     85.98%
  12  WPYJ        50.00%    passed     74.58%
  13  MJM2940      1.47%    passed     44.34%
WARNING: 1 sequences contain more than 50% gaps/ambiguity
****  TOTAL       11.00%  0 sequences failed composition chi2 test (p-value<5%; df=3)

Create initial parsimony tree by phylogenetic likelihood library (PLL)... 0.001 seconds

NOTE: 2 MB RAM (0 GB) is required!
Estimate model parameters (epsilon = 0.100)
1. Initial log-likelihood: -21163.264
2. Current log-likelihood: -20384.659
3. Current log-likelihood: -20380.790
Optimal log-likelihood: -20380.754
Rate parameters:  A-C: 1.47612  A-G: 3.59038  A-T: 1.65240  C-G: 0.94175  C-T: 5.18443  G-T: 1.00000
Base frequencies:  A: 0.283  C: 0.194  G: 0.271  T: 0.253
Gamma shape alpha: 0.618
Parameters optimization took 3 rounds (0.059 sec)
Computing ML distances based on estimated model parameters... 0.002 sec
Computing BIONJ tree...
0.002 seconds
Log-likelihood of BIONJ tree: -20380.754
--------------------------------------------------------------------
|             INITIALIZING CANDIDATE TREE SET                      |
--------------------------------------------------------------------
Generating 99 parsimony trees... 0.148 second
Computing log-likelihood of 99 initial trees ... 0.554 seconds
Current best score: -20380.754

Do NNI search on 20 best initial trees
Estimate model parameters (epsilon = 0.100)
BETTER TREE FOUND at iteration 1: -20380.753
Iteration 10 / LogL: -20381.366 / Time: 0h:0m:1s
Iteration 20 / LogL: -20380.820 / Time: 0h:0m:1s
Finish initializing candidate tree set (1)
Current best tree score: -20380.753 / CPU time: 1.307
Number of iterations: 20
--------------------------------------------------------------------
|               OPTIMIZING CANDIDATE TREE SET                      |
--------------------------------------------------------------------
Iteration 30 / LogL: -20381.551 / Time: 0h:0m:1s (0h:0m:4s left)
UPDATE BEST LOG-LIKELIHOOD: -20380.753
Iteration 40 / LogL: -20380.802 / Time: 0h:0m:2s (0h:0m:3s left)
Iteration 50 / LogL: -20380.797 / Time: 0h:0m:2s (0h:0m:2s left)
Iteration 60 / LogL: -20380.835 / Time: 0h:0m:3s (0h:0m:2s left)
Iteration 70 / LogL: -20382.126 / Time: 0h:0m:3s (0h:0m:1s left)
Iteration 80 / LogL: -20380.800 / Time: 0h:0m:4s (0h:0m:1s left)
Iteration 90 / LogL: -20380.801 / Time: 0h:0m:4s (0h:0m:0s left)
Iteration 100 / LogL: -20380.785 / Time: 0h:0m:5s (0h:0m:0s left)
TREE SEARCH COMPLETED AFTER 102 ITERATIONS / Time: 0h:0m:5s

--------------------------------------------------------------------
|                    FINALIZING TREE SEARCH                        |
--------------------------------------------------------------------
Performs final model parameters optimization
Estimate model parameters (epsilon = 0.010)
1. Initial log-likelihood: -20380.753
Optimal log-likelihood: -20380.752
Rate parameters:  A-C: 1.47856  A-G: 3.59455  A-T: 1.65519  C-G: 0.94329  C-T: 5.19627  G-T: 1.00000
Base frequencies:  A: 0.283  C: 0.194  G: 0.271  T: 0.253
Gamma shape alpha: 0.618
Parameters optimization took 1 rounds (0.007 sec)
BEST SCORE FOUND : -20380.752

Testing tree branches by SH-like aLRT with 1000 replicates...
0.170 sec.
Total tree length: 1.741

Total number of iterations: 102
CPU time used for tree search: 8.864 sec (0h:0m:8s)
Wall-clock time used for tree search: 5.429 sec (0h:0m:5s)
Total CPU time used: 9.691 sec (0h:0m:9s)
Total wall-clock time used: 5.688 sec (0h:0m:5s)

Analysis results written to: 
  IQ-TREE report:                cluster1953rr.1to1ortho.fa.aln-cln_gene719.fa.iqtree
  Maximum-likelihood tree:       cluster1953rr.1to1ortho.fa.aln-cln_gene719.fa.treefile
  Likelihood distances:          cluster1953rr.1to1ortho.fa.aln-cln_gene719.fa.mldist
  Screen log file:               cluster1953rr.1to1ortho.fa.aln-cln_gene719.fa.log

Date and Time: Mon Nov 25 09:53:13 2019
