IQ-TREE multicore version 1.6.11 for Mac OS X 64-bit built Jul 12 2019
Developed by Bui Quang Minh, Nguyen Lam Tung, Olga Chernomor,
Heiko Schmidt, Dominik Schrempf, Michael Woodhams.

Host:    slpc437 (AVX2, FMA3, 16 GB RAM)
Command: iqtree -s cluster3297rr.1to1ortho.fa.aln-cln_gene614.fa -nt 4 -m GTR+G -alrt 1000
Seed:    550939 (Using SPRNG - Scalable Parallel Random Number Generator)
Time:    Mon Nov 25 10:26:17 2019
Kernel:  AVX+FMA - 4 threads (6 CPU cores detected)

Reading alignment file cluster3297rr.1to1ortho.fa.aln-cln_gene614.fa ... Fasta format detected
Alignment most likely contains DNA/RNA sequences
Alignment has 13 sequences with 774 columns, 375 distinct patterns
267 parsimony-informative, 115 singleton sites, 392 constant sites
           Gap/Ambiguity  Composition  p-value
   1  DrolusSFB    0.26%    passed     93.57%
   2  Dino         0.00%    passed     95.34%
   3  MJM3360      0.78%    passed     81.38%
   4  DrobinSFB    0.00%    passed     84.91%
   5  Neam         0.00%    passed     99.51%
   6  RuprSFB      1.29%    passed     74.83%
   7  Retr        32.69%    passed     96.44%
   8  Beta         1.94%    passed     94.96%
   9  Spol         1.94%    passed     84.93%
  10  MJM1652      0.00%    passed     97.01%
  11  NepSFB       0.00%    passed     97.13%
  12  WPYJ        52.71%    passed     41.93%
  13  MJM2940      0.00%    passed     97.82%
WARNING: 1 sequences contain more than 50% gaps/ambiguity
****  TOTAL        7.05%  0 sequences failed composition chi2 test (p-value<5%; df=3)

Create initial parsimony tree by phylogenetic likelihood library (PLL)... 0.001 seconds

NOTE: 0 MB RAM (0 GB) is required!
WARNING: Number of threads seems too high for short alignments. Use -nt AUTO to determine best number of threads.
Estimate model parameters (epsilon = 0.100)
1. Initial log-likelihood: -4925.426
2. Current log-likelihood: -4723.489
3. Current log-likelihood: -4721.540
Optimal log-likelihood: -4721.510
Rate parameters:  A-C: 1.89384  A-G: 4.44492  A-T: 1.47313  C-G: 1.69241  C-T: 7.53149  G-T: 1.00000
Base frequencies:  A: 0.280  C: 0.183  G: 0.245  T: 0.292
Gamma shape alpha: 0.524
Parameters optimization took 3 rounds (0.031 sec)
Computing ML distances based on estimated model parameters... 0.001 sec
Computing BIONJ tree...
0.002 seconds
Log-likelihood of BIONJ tree: -4721.510
--------------------------------------------------------------------
|             INITIALIZING CANDIDATE TREE SET                      |
--------------------------------------------------------------------
Generating 99 parsimony trees... 0.066 second
Computing log-likelihood of 99 initial trees ... 0.397 seconds
Current best score: -4721.510

Do NNI search on 20 best initial trees
Estimate model parameters (epsilon = 0.100)
BETTER TREE FOUND at iteration 1: -4721.390
Iteration 10 / LogL: -4721.396 / Time: 0h:0m:0s
Iteration 20 / LogL: -4721.555 / Time: 0h:0m:1s
Finish initializing candidate tree set (2)
Current best tree score: -4721.390 / CPU time: 0.971
Number of iterations: 20
--------------------------------------------------------------------
|               OPTIMIZING CANDIDATE TREE SET                      |
--------------------------------------------------------------------
Iteration 30 / LogL: -4721.391 / Time: 0h:0m:1s (0h:0m:3s left)
Iteration 40 / LogL: -4721.398 / Time: 0h:0m:1s (0h:0m:2s left)
Iteration 50 / LogL: -4721.455 / Time: 0h:0m:2s (0h:0m:2s left)
Iteration 60 / LogL: -4721.436 / Time: 0h:0m:2s (0h:0m:1s left)
Iteration 70 / LogL: -4721.469 / Time: 0h:0m:3s (0h:0m:1s left)
Iteration 80 / LogL: -4721.422 / Time: 0h:0m:3s (0h:0m:0s left)
Iteration 90 / LogL: -4721.424 / Time: 0h:0m:3s (0h:0m:0s left)
Iteration 100 / LogL: -4721.407 / Time: 0h:0m:4s (0h:0m:0s left)
TREE SEARCH COMPLETED AFTER 102 ITERATIONS / Time: 0h:0m:4s

--------------------------------------------------------------------
|                    FINALIZING TREE SEARCH                        |
--------------------------------------------------------------------
Performs final model parameters optimization
Estimate model parameters (epsilon = 0.010)
1. Initial log-likelihood: -4721.390
Optimal log-likelihood: -4721.390
Rate parameters:  A-C: 1.88548  A-G: 4.44686  A-T: 1.44535  C-G: 1.68569  C-T: 7.55210  G-T: 1.00000
Base frequencies:  A: 0.280  C: 0.183  G: 0.245  T: 0.292
Gamma shape alpha: 0.522
Parameters optimization took 1 rounds (0.004 sec)
BEST SCORE FOUND : -4721.390

Testing tree branches by SH-like aLRT with 1000 replicates...
0.057 sec.
Total tree length: 1.480

Total number of iterations: 102
CPU time used for tree search: 4.054 sec (0h:0m:4s)
Wall-clock time used for tree search: 4.252 sec (0h:0m:4s)
Total CPU time used: 4.294 sec (0h:0m:4s)
Total wall-clock time used: 4.363 sec (0h:0m:4s)

Analysis results written to: 
  IQ-TREE report:                cluster3297rr.1to1ortho.fa.aln-cln_gene614.fa.iqtree
  Maximum-likelihood tree:       cluster3297rr.1to1ortho.fa.aln-cln_gene614.fa.treefile
  Likelihood distances:          cluster3297rr.1to1ortho.fa.aln-cln_gene614.fa.mldist
  Screen log file:               cluster3297rr.1to1ortho.fa.aln-cln_gene614.fa.log

Date and Time: Mon Nov 25 10:26:21 2019
