IQ-TREE multicore version 1.6.11 for Mac OS X 64-bit built Jul 12 2019
Developed by Bui Quang Minh, Nguyen Lam Tung, Olga Chernomor,
Heiko Schmidt, Dominik Schrempf, Michael Woodhams.

Host:    slpc437 (AVX2, FMA3, 16 GB RAM)
Command: iqtree -s cluster3396rr.1to1ortho.fa.aln-cln_gene580.fa -nt 4 -m GTR+G -alrt 1000
Seed:    39230 (Using SPRNG - Scalable Parallel Random Number Generator)
Time:    Mon Nov 25 10:29:20 2019
Kernel:  AVX+FMA - 4 threads (6 CPU cores detected)

Reading alignment file cluster3396rr.1to1ortho.fa.aln-cln_gene580.fa ... Fasta format detected
Alignment most likely contains DNA/RNA sequences
Alignment has 13 sequences with 1158 columns, 529 distinct patterns
345 parsimony-informative, 189 singleton sites, 624 constant sites
           Gap/Ambiguity  Composition  p-value
   1  DrolusSFB    0.26%    passed     85.78%
   2  Dino         3.89%    passed     99.85%
   3  MJM3360      3.37%    passed     95.27%
   4  DrobinSFB    3.89%    passed     85.56%
   5  Neam         0.17%    passed     99.29%
   6  RuprSFB      0.00%    passed     97.68%
   7  Retr        22.80%    passed     75.18%
   8  Beta         3.80%    passed     70.92%
   9  Spol         3.80%    passed     66.50%
  10  MJM1652      1.30%    passed     90.69%
  11  NepSFB       0.00%    passed     99.71%
  12  WPYJ        48.70%    passed     26.29%
  13  MJM2940      3.02%    passed     86.43%
****  TOTAL        7.31%  0 sequences failed composition chi2 test (p-value<5%; df=3)

Create initial parsimony tree by phylogenetic likelihood library (PLL)... 0.001 seconds

NOTE: 0 MB RAM (0 GB) is required!
Estimate model parameters (epsilon = 0.100)
1. Initial log-likelihood: -6874.279
2. Current log-likelihood: -6655.893
3. Current log-likelihood: -6653.945
Optimal log-likelihood: -6653.921
Rate parameters:  A-C: 2.33997  A-G: 4.43480  A-T: 1.77544  C-G: 1.62881  C-T: 5.55859  G-T: 1.00000
Base frequencies:  A: 0.283  C: 0.176  G: 0.256  T: 0.286
Gamma shape alpha: 0.424
Parameters optimization took 3 rounds (0.033 sec)
Computing ML distances based on estimated model parameters... 0.001 sec
Computing BIONJ tree...
0.002 seconds
Log-likelihood of BIONJ tree: -6657.796
--------------------------------------------------------------------
|             INITIALIZING CANDIDATE TREE SET                      |
--------------------------------------------------------------------
Generating 98 parsimony trees... 0.077 second
Computing log-likelihood of 98 initial trees ... 0.411 seconds
Current best score: -6652.376

Do NNI search on 20 best initial trees
Estimate model parameters (epsilon = 0.100)
BETTER TREE FOUND at iteration 1: -6652.315
Iteration 10 / LogL: -6652.413 / Time: 0h:0m:0s
Iteration 20 / LogL: -6652.339 / Time: 0h:0m:1s
Finish initializing candidate tree set (1)
Current best tree score: -6652.315 / CPU time: 1.030
Number of iterations: 20
--------------------------------------------------------------------
|               OPTIMIZING CANDIDATE TREE SET                      |
--------------------------------------------------------------------
Iteration 30 / LogL: -6652.324 / Time: 0h:0m:1s (0h:0m:3s left)
Iteration 40 / LogL: -6653.120 / Time: 0h:0m:1s (0h:0m:2s left)
Iteration 50 / LogL: -6652.938 / Time: 0h:0m:2s (0h:0m:2s left)
UPDATE BEST LOG-LIKELIHOOD: -6652.315
Iteration 60 / LogL: -6652.670 / Time: 0h:0m:2s (0h:0m:1s left)
Iteration 70 / LogL: -6652.331 / Time: 0h:0m:2s (0h:0m:1s left)
Iteration 80 / LogL: -6652.408 / Time: 0h:0m:3s (0h:0m:0s left)
Iteration 90 / LogL: -6652.399 / Time: 0h:0m:3s (0h:0m:0s left)
Iteration 100 / LogL: -6652.336 / Time: 0h:0m:4s (0h:0m:0s left)
TREE SEARCH COMPLETED AFTER 102 ITERATIONS / Time: 0h:0m:4s

--------------------------------------------------------------------
|                    FINALIZING TREE SEARCH                        |
--------------------------------------------------------------------
Performs final model parameters optimization
Estimate model parameters (epsilon = 0.010)
1. Initial log-likelihood: -6652.315
Optimal log-likelihood: -6652.313
Rate parameters:  A-C: 2.30671  A-G: 4.44239  A-T: 1.76751  C-G: 1.62173  C-T: 5.57136  G-T: 1.00000
Base frequencies:  A: 0.283  C: 0.176  G: 0.256  T: 0.286
Gamma shape alpha: 0.424
Parameters optimization took 1 rounds (0.005 sec)
BEST SCORE FOUND : -6652.313

Testing tree branches by SH-like aLRT with 1000 replicates...
0.074 sec.
Total tree length: 1.346

Total number of iterations: 102
CPU time used for tree search: 4.368 sec (0h:0m:4s)
Wall-clock time used for tree search: 4.048 sec (0h:0m:4s)
Total CPU time used: 4.694 sec (0h:0m:4s)
Total wall-clock time used: 4.180 sec (0h:0m:4s)

Analysis results written to: 
  IQ-TREE report:                cluster3396rr.1to1ortho.fa.aln-cln_gene580.fa.iqtree
  Maximum-likelihood tree:       cluster3396rr.1to1ortho.fa.aln-cln_gene580.fa.treefile
  Likelihood distances:          cluster3396rr.1to1ortho.fa.aln-cln_gene580.fa.mldist
  Screen log file:               cluster3396rr.1to1ortho.fa.aln-cln_gene580.fa.log

Date and Time: Mon Nov 25 10:29:24 2019
