IQ-TREE multicore version 1.6.11 for Mac OS X 64-bit built Jul 12 2019
Developed by Bui Quang Minh, Nguyen Lam Tung, Olga Chernomor,
Heiko Schmidt, Dominik Schrempf, Michael Woodhams.

Host:    slpc437 (AVX2, FMA3, 16 GB RAM)
Command: iqtree -s cluster1095rr.1to1ortho.fa.aln-cln_gene689.fa -nt 4 -m GTR+G -alrt 1000
Seed:    924878 (Using SPRNG - Scalable Parallel Random Number Generator)
Time:    Mon Nov 25 09:36:33 2019
Kernel:  AVX+FMA - 4 threads (6 CPU cores detected)

Reading alignment file cluster1095rr.1to1ortho.fa.aln-cln_gene689.fa ... Fasta format detected
Alignment most likely contains DNA/RNA sequences
Alignment has 13 sequences with 1368 columns, 721 distinct patterns
502 parsimony-informative, 243 singleton sites, 623 constant sites
           Gap/Ambiguity  Composition  p-value
   1  DrolusSFB    0.80%    passed     87.11%
   2  Dino         0.00%    passed     68.53%
   3  MJM3360      3.80%    passed     82.52%
   4  DrobinSFB    0.00%    passed     87.41%
   5  Neam         0.00%    passed     96.95%
   6  RuprSFB      1.17%    passed     61.37%
   7  Retr         1.02%    passed     92.58%
   8  Beta        11.62%    passed     96.92%
   9  Spol        37.65%    passed     86.70%
  10  MJM1652      0.00%    passed     96.35%
  11  NepSFB       0.00%    passed     97.70%
  12  WPYJ        26.46%    passed     57.82%
  13  MJM2940      0.00%    passed     61.47%
****  TOTAL        6.35%  0 sequences failed composition chi2 test (p-value<5%; df=3)

Create initial parsimony tree by phylogenetic likelihood library (PLL)... 0.001 seconds

NOTE: 1 MB RAM (0 GB) is required!
Estimate model parameters (epsilon = 0.100)
1. Initial log-likelihood: -9364.753
2. Current log-likelihood: -9072.069
3. Current log-likelihood: -9069.355
Optimal log-likelihood: -9069.317
Rate parameters:  A-C: 1.42736  A-G: 4.43853  A-T: 1.43651  C-G: 1.56263  C-T: 4.13430  G-T: 1.00000
Base frequencies:  A: 0.235  C: 0.198  G: 0.223  T: 0.343
Gamma shape alpha: 0.578
Parameters optimization took 3 rounds (0.037 sec)
Computing ML distances based on estimated model parameters... 0.001 sec
Computing BIONJ tree...
0.002 seconds
Log-likelihood of BIONJ tree: -9071.698
--------------------------------------------------------------------
|             INITIALIZING CANDIDATE TREE SET                      |
--------------------------------------------------------------------
Generating 98 parsimony trees... 0.087 second
Computing log-likelihood of 98 initial trees ... 0.444 seconds
Current best score: -9069.317

Do NNI search on 20 best initial trees
Estimate model parameters (epsilon = 0.100)
BETTER TREE FOUND at iteration 1: -9069.316
Iteration 10 / LogL: -9069.510 / Time: 0h:0m:0s
Iteration 20 / LogL: -9069.558 / Time: 0h:0m:1s
Finish initializing candidate tree set (1)
Current best tree score: -9069.316 / CPU time: 1.121
Number of iterations: 20
--------------------------------------------------------------------
|               OPTIMIZING CANDIDATE TREE SET                      |
--------------------------------------------------------------------
Iteration 30 / LogL: -9069.363 / Time: 0h:0m:1s (0h:0m:3s left)
Iteration 40 / LogL: -9069.332 / Time: 0h:0m:2s (0h:0m:3s left)
Iteration 50 / LogL: -9069.346 / Time: 0h:0m:2s (0h:0m:2s left)
Iteration 60 / LogL: -9069.399 / Time: 0h:0m:2s (0h:0m:1s left)
Iteration 70 / LogL: -9069.340 / Time: 0h:0m:3s (0h:0m:1s left)
Iteration 80 / LogL: -9069.354 / Time: 0h:0m:3s (0h:0m:0s left)
Iteration 90 / LogL: -9070.129 / Time: 0h:0m:4s (0h:0m:0s left)
Iteration 100 / LogL: -9069.425 / Time: 0h:0m:4s (0h:0m:0s left)
TREE SEARCH COMPLETED AFTER 102 ITERATIONS / Time: 0h:0m:4s

--------------------------------------------------------------------
|                    FINALIZING TREE SEARCH                        |
--------------------------------------------------------------------
Performs final model parameters optimization
Estimate model parameters (epsilon = 0.010)
1. Initial log-likelihood: -9069.316
Optimal log-likelihood: -9069.316
Rate parameters:  A-C: 1.42723  A-G: 4.44153  A-T: 1.43806  C-G: 1.56262  C-T: 4.13784  G-T: 1.00000
Base frequencies:  A: 0.235  C: 0.198  G: 0.223  T: 0.343
Gamma shape alpha: 0.578
Parameters optimization took 1 rounds (0.005 sec)
BEST SCORE FOUND : -9069.316

Testing tree branches by SH-like aLRT with 1000 replicates...
0.083 sec.
Total tree length: 1.716

Total number of iterations: 102
CPU time used for tree search: 5.524 sec (0h:0m:5s)
Wall-clock time used for tree search: 4.579 sec (0h:0m:4s)
Total CPU time used: 5.911 sec (0h:0m:5s)
Total wall-clock time used: 4.724 sec (0h:0m:4s)

Analysis results written to: 
  IQ-TREE report:                cluster1095rr.1to1ortho.fa.aln-cln_gene689.fa.iqtree
  Maximum-likelihood tree:       cluster1095rr.1to1ortho.fa.aln-cln_gene689.fa.treefile
  Likelihood distances:          cluster1095rr.1to1ortho.fa.aln-cln_gene689.fa.mldist
  Screen log file:               cluster1095rr.1to1ortho.fa.aln-cln_gene689.fa.log

Date and Time: Mon Nov 25 09:36:38 2019
