IQ-TREE multicore version 1.6.11 for Mac OS X 64-bit built Jul 12 2019
Developed by Bui Quang Minh, Nguyen Lam Tung, Olga Chernomor,
Heiko Schmidt, Dominik Schrempf, Michael Woodhams.

Host:    slpc437 (AVX2, FMA3, 16 GB RAM)
Command: iqtree -s cluster3891rr.1to1ortho.fa.aln-cln_gene639.fa -nt 4 -m GTR+G -alrt 1000
Seed:    438295 (Using SPRNG - Scalable Parallel Random Number Generator)
Time:    Mon Nov 25 10:39:55 2019
Kernel:  AVX+FMA - 4 threads (6 CPU cores detected)

Reading alignment file cluster3891rr.1to1ortho.fa.aln-cln_gene639.fa ... Fasta format detected
Alignment most likely contains DNA/RNA sequences
Alignment has 13 sequences with 1608 columns, 591 distinct patterns
505 parsimony-informative, 142 singleton sites, 960 constant sites
           Gap/Ambiguity  Composition  p-value
   1  DrolusSFB    0.12%    passed     87.88%
   2  Dino         0.00%    passed     80.59%
   3  MJM3360      0.00%    passed     70.78%
   4  DrobinSFB    0.00%    passed     76.95%
   5  Neam         0.00%    passed     93.78%
   6  RuprSFB      0.00%    passed     75.60%
   7  Retr         0.12%    passed     75.11%
   8  Beta         0.00%    passed     58.39%
   9  Spol         0.00%    passed     57.61%
  10  MJM1652      0.12%    passed     94.75%
  11  NepSFB       0.00%    passed     85.88%
  12  WPYJ         6.34%    passed     81.48%
  13  MJM2940      0.00%    passed     39.91%
****  TOTAL        0.52%  0 sequences failed composition chi2 test (p-value<5%; df=3)

Create initial parsimony tree by phylogenetic likelihood library (PLL)... 0.001 seconds

NOTE: 1 MB RAM (0 GB) is required!
Estimate model parameters (epsilon = 0.100)
1. Initial log-likelihood: -9938.572
2. Current log-likelihood: -9366.990
3. Current log-likelihood: -9361.527
Optimal log-likelihood: -9361.462
Rate parameters:  A-C: 2.88840  A-G: 4.44296  A-T: 1.71838  C-G: 0.98501  C-T: 9.56078  G-T: 1.00000
Base frequencies:  A: 0.287  C: 0.183  G: 0.267  T: 0.262
Gamma shape alpha: 0.267
Parameters optimization took 3 rounds (0.037 sec)
Computing ML distances based on estimated model parameters... 0.001 sec
Computing BIONJ tree...
0.002 seconds
Log-likelihood of BIONJ tree: -9355.398
--------------------------------------------------------------------
|             INITIALIZING CANDIDATE TREE SET                      |
--------------------------------------------------------------------
Generating 98 parsimony trees... 0.085 second
Computing log-likelihood of 97 initial trees ... 0.404 seconds
Current best score: -9355.398

Do NNI search on 20 best initial trees
Estimate model parameters (epsilon = 0.100)
BETTER TREE FOUND at iteration 1: -9354.933
Iteration 10 / LogL: -9354.952 / Time: 0h:0m:0s
Iteration 20 / LogL: -9360.652 / Time: 0h:0m:1s
Finish initializing candidate tree set (3)
Current best tree score: -9354.933 / CPU time: 1.075
Number of iterations: 20
--------------------------------------------------------------------
|               OPTIMIZING CANDIDATE TREE SET                      |
--------------------------------------------------------------------
Iteration 30 / LogL: -9354.951 / Time: 0h:0m:1s (0h:0m:3s left)
Iteration 40 / LogL: -9354.939 / Time: 0h:0m:1s (0h:0m:2s left)
Iteration 50 / LogL: -9370.885 / Time: 0h:0m:2s (0h:0m:2s left)
Iteration 60 / LogL: -9355.229 / Time: 0h:0m:2s (0h:0m:1s left)
Iteration 70 / LogL: -9354.952 / Time: 0h:0m:3s (0h:0m:1s left)
Iteration 80 / LogL: -9354.939 / Time: 0h:0m:3s (0h:0m:0s left)
Iteration 90 / LogL: -9354.940 / Time: 0h:0m:3s (0h:0m:0s left)
Iteration 100 / LogL: -9354.939 / Time: 0h:0m:4s (0h:0m:0s left)
TREE SEARCH COMPLETED AFTER 102 ITERATIONS / Time: 0h:0m:4s

--------------------------------------------------------------------
|                    FINALIZING TREE SEARCH                        |
--------------------------------------------------------------------
Performs final model parameters optimization
Estimate model parameters (epsilon = 0.010)
1. Initial log-likelihood: -9354.933
Optimal log-likelihood: -9354.932
Rate parameters:  A-C: 2.99204  A-G: 4.67993  A-T: 1.80974  C-G: 0.98833  C-T: 9.99754  G-T: 1.00000
Base frequencies:  A: 0.287  C: 0.183  G: 0.267  T: 0.262
Gamma shape alpha: 0.268
Parameters optimization took 1 rounds (0.005 sec)
BEST SCORE FOUND : -9354.932

Testing tree branches by SH-like aLRT with 1000 replicates...
0.093 sec.
Total tree length: 1.303

Total number of iterations: 102
CPU time used for tree search: 5.035 sec (0h:0m:5s)
Wall-clock time used for tree search: 4.437 sec (0h:0m:4s)
Total CPU time used: 5.451 sec (0h:0m:5s)
Total wall-clock time used: 4.591 sec (0h:0m:4s)

Analysis results written to: 
  IQ-TREE report:                cluster3891rr.1to1ortho.fa.aln-cln_gene639.fa.iqtree
  Maximum-likelihood tree:       cluster3891rr.1to1ortho.fa.aln-cln_gene639.fa.treefile
  Likelihood distances:          cluster3891rr.1to1ortho.fa.aln-cln_gene639.fa.mldist
  Screen log file:               cluster3891rr.1to1ortho.fa.aln-cln_gene639.fa.log

Date and Time: Mon Nov 25 10:40:00 2019
