IQ-TREE multicore version 1.6.11 for Mac OS X 64-bit built Jul 12 2019
Developed by Bui Quang Minh, Nguyen Lam Tung, Olga Chernomor,
Heiko Schmidt, Dominik Schrempf, Michael Woodhams.

Host:    slpc437 (AVX2, FMA3, 16 GB RAM)
Command: iqtree -s cluster3888rr.1to1ortho.fa.aln-cln_gene51.fa -nt 4 -m GTR+G -alrt 1000
Seed:    893275 (Using SPRNG - Scalable Parallel Random Number Generator)
Time:    Mon Nov 25 10:39:39 2019
Kernel:  AVX+FMA - 4 threads (6 CPU cores detected)

Reading alignment file cluster3888rr.1to1ortho.fa.aln-cln_gene51.fa ... Fasta format detected
Alignment most likely contains DNA/RNA sequences
Alignment has 13 sequences with 2363 columns, 1060 distinct patterns
846 parsimony-informative, 313 singleton sites, 1204 constant sites
           Gap/Ambiguity  Composition  p-value
   1  DrolusSFB    0.00%    passed     77.11%
   2  Dino         0.47%    passed     97.39%
   3  MJM3360      8.84%    passed     54.29%
   4  DrobinSFB    0.47%    passed     83.23%
   5  Neam         0.00%    passed     57.63%
   6  RuprSFB      0.47%    passed     78.78%
   7  Retr         0.59%    passed     89.53%
   8  Beta         0.47%    passed     40.52%
   9  Spol        36.14%    passed     35.13%
  10  MJM1652      0.47%    passed     70.34%
  11  NepSFB       0.00%    passed     64.26%
  12  WPYJ        19.13%    passed     90.64%
  13  MJM2940      0.13%    passed     71.63%
****  TOTAL        5.17%  0 sequences failed composition chi2 test (p-value<5%; df=3)

Create initial parsimony tree by phylogenetic likelihood library (PLL)... 0.001 seconds

NOTE: 1 MB RAM (0 GB) is required!
Estimate model parameters (epsilon = 0.100)
1. Initial log-likelihood: -16181.480
2. Current log-likelihood: -15540.656
3. Current log-likelihood: -15535.627
Optimal log-likelihood: -15535.551
Rate parameters:  A-C: 1.81924  A-G: 4.92409  A-T: 1.71954  C-G: 1.45080  C-T: 5.43961  G-T: 1.00000
Base frequencies:  A: 0.241  C: 0.211  G: 0.231  T: 0.317
Gamma shape alpha: 0.410
Parameters optimization took 3 rounds (0.045 sec)
Computing ML distances based on estimated model parameters... 0.002 sec
Computing BIONJ tree...
0.002 seconds
Log-likelihood of BIONJ tree: -15536.497
--------------------------------------------------------------------
|             INITIALIZING CANDIDATE TREE SET                      |
--------------------------------------------------------------------
Generating 98 parsimony trees... 0.125 second
Computing log-likelihood of 96 initial trees ... 0.475 seconds
Current best score: -15535.551

Do NNI search on 20 best initial trees
Estimate model parameters (epsilon = 0.100)
BETTER TREE FOUND at iteration 1: -15535.216
Iteration 10 / LogL: -15535.266 / Time: 0h:0m:0s
Iteration 20 / LogL: -15535.321 / Time: 0h:0m:1s
Finish initializing candidate tree set (2)
Current best tree score: -15535.216 / CPU time: 1.283
Number of iterations: 20
--------------------------------------------------------------------
|               OPTIMIZING CANDIDATE TREE SET                      |
--------------------------------------------------------------------
Iteration 30 / LogL: -15535.220 / Time: 0h:0m:1s (0h:0m:4s left)
Iteration 40 / LogL: -15535.531 / Time: 0h:0m:2s (0h:0m:3s left)
Iteration 50 / LogL: -15539.447 / Time: 0h:0m:2s (0h:0m:2s left)
Iteration 60 / LogL: -15539.483 / Time: 0h:0m:3s (0h:0m:2s left)
Iteration 70 / LogL: -15537.920 / Time: 0h:0m:3s (0h:0m:1s left)
Iteration 80 / LogL: -15539.453 / Time: 0h:0m:4s (0h:0m:1s left)
Iteration 90 / LogL: -15535.229 / Time: 0h:0m:4s (0h:0m:0s left)
Iteration 100 / LogL: -15535.238 / Time: 0h:0m:5s (0h:0m:0s left)
TREE SEARCH COMPLETED AFTER 102 ITERATIONS / Time: 0h:0m:5s

--------------------------------------------------------------------
|                    FINALIZING TREE SEARCH                        |
--------------------------------------------------------------------
Performs final model parameters optimization
Estimate model parameters (epsilon = 0.010)
1. Initial log-likelihood: -15535.216
Optimal log-likelihood: -15535.216
Rate parameters:  A-C: 1.82727  A-G: 4.92597  A-T: 1.71353  C-G: 1.45028  C-T: 5.44210  G-T: 1.00000
Base frequencies:  A: 0.241  C: 0.211  G: 0.231  T: 0.317
Gamma shape alpha: 0.411
Parameters optimization took 1 rounds (0.007 sec)
BEST SCORE FOUND : -15535.216

Testing tree branches by SH-like aLRT with 1000 replicates...
0.132 sec.
Total tree length: 1.659

Total number of iterations: 102
CPU time used for tree search: 7.332 sec (0h:0m:7s)
Wall-clock time used for tree search: 5.249 sec (0h:0m:5s)
Total CPU time used: 7.944 sec (0h:0m:7s)
Total wall-clock time used: 5.454 sec (0h:0m:5s)

Analysis results written to: 
  IQ-TREE report:                cluster3888rr.1to1ortho.fa.aln-cln_gene51.fa.iqtree
  Maximum-likelihood tree:       cluster3888rr.1to1ortho.fa.aln-cln_gene51.fa.treefile
  Likelihood distances:          cluster3888rr.1to1ortho.fa.aln-cln_gene51.fa.mldist
  Screen log file:               cluster3888rr.1to1ortho.fa.aln-cln_gene51.fa.log

Date and Time: Mon Nov 25 10:39:45 2019
