IQ-TREE multicore version 1.6.11 for Mac OS X 64-bit built Jul 12 2019
Developed by Bui Quang Minh, Nguyen Lam Tung, Olga Chernomor,
Heiko Schmidt, Dominik Schrempf, Michael Woodhams.

Host:    slpc437 (AVX2, FMA3, 16 GB RAM)
Command: iqtree -s cluster4563rr.1to1ortho.fa.aln-cln_gene1196.fa -nt 4 -m GTR+G -alrt 1000
Seed:    996104 (Using SPRNG - Scalable Parallel Random Number Generator)
Time:    Mon Nov 25 10:55:20 2019
Kernel:  AVX+FMA - 4 threads (6 CPU cores detected)

Reading alignment file cluster4563rr.1to1ortho.fa.aln-cln_gene1196.fa ... Fasta format detected
Alignment most likely contains DNA/RNA sequences
Alignment has 13 sequences with 1974 columns, 943 distinct patterns
800 parsimony-informative, 301 singleton sites, 873 constant sites
           Gap/Ambiguity  Composition  p-value
   1  DrolusSFB    0.15%    passed     91.03%
   2  Dino         0.30%    passed     39.96%
   3  MJM3360      2.33%    passed     97.47%
   4  DrobinSFB    0.15%    passed     58.54%
   5  Neam         0.15%    passed     84.88%
   6  RuprSFB     10.69%    passed     37.84%
   7  Retr         0.91%    passed     71.50%
   8  Beta         0.15%    passed     43.23%
   9  Spol         0.15%    passed     36.49%
  10  MJM1652      0.05%    passed     38.31%
  11  NepSFB       0.15%    passed     95.60%
  12  WPYJ         0.76%    passed     48.49%
  13  MJM2940      0.15%    passed     90.40%
****  TOTAL        1.24%  0 sequences failed composition chi2 test (p-value<5%; df=3)

Create initial parsimony tree by phylogenetic likelihood library (PLL)... 0.001 seconds

NOTE: 1 MB RAM (0 GB) is required!
Estimate model parameters (epsilon = 0.100)
1. Initial log-likelihood: -14858.717
2. Current log-likelihood: -14312.716
3. Current log-likelihood: -14309.122
Optimal log-likelihood: -14309.056
Rate parameters:  A-C: 1.86125  A-G: 4.90717  A-T: 1.81342  C-G: 1.92651  C-T: 6.99320  G-T: 1.00000
Base frequencies:  A: 0.286  C: 0.194  G: 0.249  T: 0.271
Gamma shape alpha: 0.539
Parameters optimization took 3 rounds (0.044 sec)
Computing ML distances based on estimated model parameters... 0.002 sec
Computing BIONJ tree...
0.002 seconds
Log-likelihood of BIONJ tree: -14309.055
--------------------------------------------------------------------
|             INITIALIZING CANDIDATE TREE SET                      |
--------------------------------------------------------------------
Generating 99 parsimony trees... 0.109 second
Computing log-likelihood of 98 initial trees ... 0.462 seconds
Current best score: -14309.055

Do NNI search on 20 best initial trees
Estimate model parameters (epsilon = 0.100)
BETTER TREE FOUND at iteration 1: -14309.054
Iteration 10 / LogL: -14309.099 / Time: 0h:0m:0s
Iteration 20 / LogL: -14309.160 / Time: 0h:0m:1s
Finish initializing candidate tree set (1)
Current best tree score: -14309.054 / CPU time: 1.167
Number of iterations: 20
--------------------------------------------------------------------
|               OPTIMIZING CANDIDATE TREE SET                      |
--------------------------------------------------------------------
Iteration 30 / LogL: -14309.096 / Time: 0h:0m:1s (0h:0m:4s left)
Iteration 40 / LogL: -14309.068 / Time: 0h:0m:2s (0h:0m:3s left)
Iteration 50 / LogL: -14309.069 / Time: 0h:0m:2s (0h:0m:2s left)
UPDATE BEST LOG-LIKELIHOOD: -14309.054
Iteration 60 / LogL: -14309.797 / Time: 0h:0m:2s (0h:0m:2s left)
Iteration 70 / LogL: -14309.056 / Time: 0h:0m:3s (0h:0m:1s left)
Iteration 80 / LogL: -14309.063 / Time: 0h:0m:3s (0h:0m:1s left)
Iteration 90 / LogL: -14309.062 / Time: 0h:0m:4s (0h:0m:0s left)
Iteration 100 / LogL: -14309.058 / Time: 0h:0m:4s (0h:0m:0s left)
TREE SEARCH COMPLETED AFTER 102 ITERATIONS / Time: 0h:0m:4s

--------------------------------------------------------------------
|                    FINALIZING TREE SEARCH                        |
--------------------------------------------------------------------
Performs final model parameters optimization
Estimate model parameters (epsilon = 0.010)
1. Initial log-likelihood: -14309.054
Optimal log-likelihood: -14309.054
Rate parameters:  A-C: 1.86002  A-G: 4.90170  A-T: 1.81279  C-G: 1.92435  C-T: 7.00034  G-T: 1.00000
Base frequencies:  A: 0.286  C: 0.194  G: 0.249  T: 0.271
Gamma shape alpha: 0.539
Parameters optimization took 1 rounds (0.006 sec)
BEST SCORE FOUND : -14309.054

Testing tree branches by SH-like aLRT with 1000 replicates...
0.112 sec.
Total tree length: 1.910

Total number of iterations: 102
CPU time used for tree search: 6.199 sec (0h:0m:6s)
Wall-clock time used for tree search: 4.632 sec (0h:0m:4s)
Total CPU time used: 6.726 sec (0h:0m:6s)
Total wall-clock time used: 4.814 sec (0h:0m:4s)

Analysis results written to: 
  IQ-TREE report:                cluster4563rr.1to1ortho.fa.aln-cln_gene1196.fa.iqtree
  Maximum-likelihood tree:       cluster4563rr.1to1ortho.fa.aln-cln_gene1196.fa.treefile
  Likelihood distances:          cluster4563rr.1to1ortho.fa.aln-cln_gene1196.fa.mldist
  Screen log file:               cluster4563rr.1to1ortho.fa.aln-cln_gene1196.fa.log

Date and Time: Mon Nov 25 10:55:25 2019
