IQ-TREE multicore version 1.6.11 for Mac OS X 64-bit built Jul 12 2019
Developed by Bui Quang Minh, Nguyen Lam Tung, Olga Chernomor,
Heiko Schmidt, Dominik Schrempf, Michael Woodhams.

Host:    slpc437 (AVX2, FMA3, 16 GB RAM)
Command: iqtree -s cluster3646rr.1to1ortho.fa.aln-cln_gene784.fa -nt 4 -m GTR+G -alrt 1000
Seed:    975947 (Using SPRNG - Scalable Parallel Random Number Generator)
Time:    Mon Nov 25 10:33:32 2019
Kernel:  AVX+FMA - 4 threads (6 CPU cores detected)

Reading alignment file cluster3646rr.1to1ortho.fa.aln-cln_gene784.fa ... Fasta format detected
Alignment most likely contains DNA/RNA sequences
Alignment has 13 sequences with 1103 columns, 466 distinct patterns
346 parsimony-informative, 153 singleton sites, 604 constant sites
           Gap/Ambiguity  Composition  p-value
   1  DrolusSFB    5.44%    passed     23.42%
   2  Dino         0.54%    passed      7.83%
   3  MJM3360     12.15%    passed     45.29%
   4  DrobinSFB    8.79%    passed     90.88%
   5  Neam         0.54%    passed     80.78%
   6  RuprSFB     11.60%    passed     99.32%
   7  Retr        10.52%    passed     46.94%
   8  Beta        10.52%    passed     37.06%
   9  Spol        10.52%    passed     86.14%
  10  MJM1652      0.54%    passed     55.67%
  11  NepSFB       0.54%    passed     78.12%
  12  WPYJ        11.33%    passed     72.83%
  13  MJM2940      5.44%    passed     91.71%
****  TOTAL        6.81%  0 sequences failed composition chi2 test (p-value<5%; df=3)

Create initial parsimony tree by phylogenetic likelihood library (PLL)... 0.001 seconds

NOTE: 0 MB RAM (0 GB) is required!
Estimate model parameters (epsilon = 0.100)
1. Initial log-likelihood: -6839.448
2. Current log-likelihood: -6524.811
3. Current log-likelihood: -6521.950
Optimal log-likelihood: -6521.904
Rate parameters:  A-C: 2.84807  A-G: 5.52802  A-T: 2.26742  C-G: 2.16674  C-T: 9.75214  G-T: 1.00000
Base frequencies:  A: 0.271  C: 0.188  G: 0.276  T: 0.266
Gamma shape alpha: 0.379
Parameters optimization took 3 rounds (0.033 sec)
Computing ML distances based on estimated model parameters... 0.001 sec
Computing BIONJ tree...
0.002 seconds
Log-likelihood of BIONJ tree: -6525.555
--------------------------------------------------------------------
|             INITIALIZING CANDIDATE TREE SET                      |
--------------------------------------------------------------------
Generating 98 parsimony trees... 0.072 second
Computing log-likelihood of 95 initial trees ... 0.393 seconds
Current best score: -6521.904

Do NNI search on 20 best initial trees
Estimate model parameters (epsilon = 0.100)
BETTER TREE FOUND at iteration 1: -6521.903
Iteration 10 / LogL: -6521.987 / Time: 0h:0m:0s
Iteration 20 / LogL: -6521.930 / Time: 0h:0m:0s
Finish initializing candidate tree set (1)
Current best tree score: -6521.903 / CPU time: 0.909
Number of iterations: 20
--------------------------------------------------------------------
|               OPTIMIZING CANDIDATE TREE SET                      |
--------------------------------------------------------------------
Iteration 30 / LogL: -6522.186 / Time: 0h:0m:1s (0h:0m:3s left)
UPDATE BEST LOG-LIKELIHOOD: -6521.903
Iteration 40 / LogL: -6521.912 / Time: 0h:0m:1s (0h:0m:2s left)
Iteration 50 / LogL: -6521.923 / Time: 0h:0m:1s (0h:0m:2s left)
Iteration 60 / LogL: -6522.022 / Time: 0h:0m:2s (0h:0m:1s left)
Iteration 70 / LogL: -6521.942 / Time: 0h:0m:2s (0h:0m:1s left)
UPDATE BEST LOG-LIKELIHOOD: -6521.903
Iteration 80 / LogL: -6522.285 / Time: 0h:0m:2s (0h:0m:0s left)
UPDATE BEST LOG-LIKELIHOOD: -6521.903
Iteration 90 / LogL: -6522.072 / Time: 0h:0m:3s (0h:0m:0s left)
Iteration 100 / LogL: -6521.920 / Time: 0h:0m:3s (0h:0m:0s left)
TREE SEARCH COMPLETED AFTER 102 ITERATIONS / Time: 0h:0m:3s

--------------------------------------------------------------------
|                    FINALIZING TREE SEARCH                        |
--------------------------------------------------------------------
Performs final model parameters optimization
Estimate model parameters (epsilon = 0.010)
1. Initial log-likelihood: -6521.903
Optimal log-likelihood: -6521.903
Rate parameters:  A-C: 2.85141  A-G: 5.52758  A-T: 2.26733  C-G: 2.16907  C-T: 9.77553  G-T: 1.00000
Base frequencies:  A: 0.271  C: 0.188  G: 0.276  T: 0.266
Gamma shape alpha: 0.379
Parameters optimization took 1 rounds (0.004 sec)
BEST SCORE FOUND : -6521.903

Testing tree branches by SH-like aLRT with 1000 replicates...
0.072 sec.
Total tree length: 1.495

Total number of iterations: 102
CPU time used for tree search: 3.823 sec (0h:0m:3s)
Wall-clock time used for tree search: 3.717 sec (0h:0m:3s)
Total CPU time used: 4.132 sec (0h:0m:4s)
Total wall-clock time used: 3.844 sec (0h:0m:3s)

Analysis results written to: 
  IQ-TREE report:                cluster3646rr.1to1ortho.fa.aln-cln_gene784.fa.iqtree
  Maximum-likelihood tree:       cluster3646rr.1to1ortho.fa.aln-cln_gene784.fa.treefile
  Likelihood distances:          cluster3646rr.1to1ortho.fa.aln-cln_gene784.fa.mldist
  Screen log file:               cluster3646rr.1to1ortho.fa.aln-cln_gene784.fa.log

Date and Time: Mon Nov 25 10:33:36 2019
