IQ-TREE multicore version 1.6.11 for Mac OS X 64-bit built Jul 12 2019
Developed by Bui Quang Minh, Nguyen Lam Tung, Olga Chernomor,
Heiko Schmidt, Dominik Schrempf, Michael Woodhams.

Host:    slpc437 (AVX2, FMA3, 16 GB RAM)
Command: iqtree -s cluster3851rr.1to1ortho.fa.aln-cln_gene1074.fa -nt 4 -m GTR+G -alrt 1000
Seed:    152153 (Using SPRNG - Scalable Parallel Random Number Generator)
Time:    Mon Nov 25 10:38:38 2019
Kernel:  AVX+FMA - 4 threads (6 CPU cores detected)

Reading alignment file cluster3851rr.1to1ortho.fa.aln-cln_gene1074.fa ... Fasta format detected
Alignment most likely contains DNA/RNA sequences
Alignment has 13 sequences with 1791 columns, 919 distinct patterns
651 parsimony-informative, 337 singleton sites, 803 constant sites
           Gap/Ambiguity  Composition  p-value
   1  DrolusSFB    0.34%    passed     79.64%
   2  Dino         4.52%    passed     88.96%
   3  MJM3360     11.17%    passed     15.46%
   4  DrobinSFB    6.48%    passed     56.30%
   5  Neam         0.34%    passed     98.20%
   6  RuprSFB      6.98%    passed     56.45%
   7  Retr        62.03%    failed      0.25%
   8  Beta         6.31%    passed     73.82%
   9  Spol         6.76%    passed     44.93%
  10  MJM1652      4.69%    passed     99.15%
  11  NepSFB       0.00%    passed     99.98%
  12  WPYJ        42.60%    failed      4.96%
  13  MJM2940      0.50%    passed     84.63%
WARNING: 1 sequences contain more than 50% gaps/ambiguity
****  TOTAL       11.75%  2 sequences failed composition chi2 test (p-value<5%; df=3)

Create initial parsimony tree by phylogenetic likelihood library (PLL)... 0.001 seconds

NOTE: 1 MB RAM (0 GB) is required!
Estimate model parameters (epsilon = 0.100)
1. Initial log-likelihood: -12289.300
2. Current log-likelihood: -11860.255
3. Current log-likelihood: -11856.826
Optimal log-likelihood: -11856.775
Rate parameters:  A-C: 1.73778  A-G: 4.24075  A-T: 1.27888  C-G: 1.47286  C-T: 4.73802  G-T: 1.00000
Base frequencies:  A: 0.297  C: 0.195  G: 0.231  T: 0.277
Gamma shape alpha: 0.584
Parameters optimization took 3 rounds (0.042 sec)
Computing ML distances based on estimated model parameters... 0.002 sec
Computing BIONJ tree...
0.002 seconds
Log-likelihood of BIONJ tree: -11856.578
--------------------------------------------------------------------
|             INITIALIZING CANDIDATE TREE SET                      |
--------------------------------------------------------------------
Generating 98 parsimony trees... 0.114 second
Computing log-likelihood of 98 initial trees ... 0.481 seconds
Current best score: -11856.578

Do NNI search on 20 best initial trees
Estimate model parameters (epsilon = 0.100)
BETTER TREE FOUND at iteration 1: -11856.544
Estimate model parameters (epsilon = 0.100)
BETTER TREE FOUND at iteration 2: -11855.545
Iteration 10 / LogL: -11855.576 / Time: 0h:0m:0s
Iteration 20 / LogL: -11855.560 / Time: 0h:0m:1s
Finish initializing candidate tree set (3)
Current best tree score: -11855.545 / CPU time: 1.191
Number of iterations: 20
--------------------------------------------------------------------
|               OPTIMIZING CANDIDATE TREE SET                      |
--------------------------------------------------------------------
Iteration 30 / LogL: -11855.578 / Time: 0h:0m:1s (0h:0m:4s left)
Iteration 40 / LogL: -11855.557 / Time: 0h:0m:2s (0h:0m:3s left)
Iteration 50 / LogL: -11855.558 / Time: 0h:0m:2s (0h:0m:2s left)
Iteration 60 / LogL: -11855.570 / Time: 0h:0m:2s (0h:0m:2s left)
Iteration 70 / LogL: -11855.586 / Time: 0h:0m:3s (0h:0m:1s left)
Iteration 80 / LogL: -11855.776 / Time: 0h:0m:3s (0h:0m:1s left)
Iteration 90 / LogL: -11855.761 / Time: 0h:0m:4s (0h:0m:0s left)
Iteration 100 / LogL: -11855.697 / Time: 0h:0m:4s (0h:0m:0s left)
TREE SEARCH COMPLETED AFTER 103 ITERATIONS / Time: 0h:0m:4s

--------------------------------------------------------------------
|                    FINALIZING TREE SEARCH                        |
--------------------------------------------------------------------
Performs final model parameters optimization
Estimate model parameters (epsilon = 0.010)
1. Initial log-likelihood: -11855.545
Optimal log-likelihood: -11855.543
Rate parameters:  A-C: 1.74443  A-G: 4.25840  A-T: 1.26858  C-G: 1.46498  C-T: 4.73674  G-T: 1.00000
Base frequencies:  A: 0.297  C: 0.195  G: 0.231  T: 0.277
Gamma shape alpha: 0.583
Parameters optimization took 1 rounds (0.006 sec)
BEST SCORE FOUND : -11855.543

Testing tree branches by SH-like aLRT with 1000 replicates...
0.105 sec.
Total tree length: 1.932

Total number of iterations: 103
CPU time used for tree search: 6.467 sec (0h:0m:6s)
Wall-clock time used for tree search: 4.851 sec (0h:0m:4s)
Total CPU time used: 6.960 sec (0h:0m:6s)
Total wall-clock time used: 5.026 sec (0h:0m:5s)

Analysis results written to: 
  IQ-TREE report:                cluster3851rr.1to1ortho.fa.aln-cln_gene1074.fa.iqtree
  Maximum-likelihood tree:       cluster3851rr.1to1ortho.fa.aln-cln_gene1074.fa.treefile
  Likelihood distances:          cluster3851rr.1to1ortho.fa.aln-cln_gene1074.fa.mldist
  Screen log file:               cluster3851rr.1to1ortho.fa.aln-cln_gene1074.fa.log

Date and Time: Mon Nov 25 10:38:43 2019
