IQ-TREE multicore version 1.6.11 for Mac OS X 64-bit built Jul 12 2019
Developed by Bui Quang Minh, Nguyen Lam Tung, Olga Chernomor,
Heiko Schmidt, Dominik Schrempf, Michael Woodhams.

Host:    slpc437 (AVX2, FMA3, 16 GB RAM)
Command: iqtree -s cluster1396rr.1to1ortho.fa.aln-cln_gene545.fa -nt 4 -m GTR+G -alrt 1000
Seed:    287965 (Using SPRNG - Scalable Parallel Random Number Generator)
Time:    Mon Nov 25 09:41:46 2019
Kernel:  AVX+FMA - 4 threads (6 CPU cores detected)

Reading alignment file cluster1396rr.1to1ortho.fa.aln-cln_gene545.fa ... Fasta format detected
Alignment most likely contains DNA/RNA sequences
Alignment has 13 sequences with 1980 columns, 854 distinct patterns
654 parsimony-informative, 265 singleton sites, 1061 constant sites
           Gap/Ambiguity  Composition  p-value
   1  DrolusSFB    0.00%    passed     91.66%
   2  Dino         0.00%    passed     85.37%
   3  MJM3360      0.00%    passed     35.93%
   4  DrobinSFB    0.00%    passed     16.31%
   5  Neam         0.00%    passed     41.11%
   6  RuprSFB      0.00%    passed     97.07%
   7  Retr        39.24%    failed      0.59%
   8  Beta         0.00%    passed     41.28%
   9  Spol         0.00%    passed     24.79%
  10  MJM1652      0.00%    passed     98.66%
  11  NepSFB       0.00%    passed     87.11%
  12  WPYJ        15.15%    passed     99.98%
  13  MJM2940      0.00%    passed     65.84%
****  TOTAL        4.18%  1 sequences failed composition chi2 test (p-value<5%; df=3)

Create initial parsimony tree by phylogenetic likelihood library (PLL)... 0.001 seconds

NOTE: 1 MB RAM (0 GB) is required!
Estimate model parameters (epsilon = 0.100)
1. Initial log-likelihood: -13382.833
2. Current log-likelihood: -12731.078
3. Current log-likelihood: -12725.089
4. Current log-likelihood: -12724.942
Optimal log-likelihood: -12724.936
Rate parameters:  A-C: 2.17964  A-G: 6.22252  A-T: 1.89869  C-G: 1.57807  C-T: 6.85807  G-T: 1.00000
Base frequencies:  A: 0.234  C: 0.198  G: 0.242  T: 0.327
Gamma shape alpha: 0.353
Parameters optimization took 4 rounds (0.050 sec)
Computing ML distances based on estimated model parameters... 0.002 sec
Computing BIONJ tree...
0.002 seconds
Log-likelihood of BIONJ tree: -12728.336
--------------------------------------------------------------------
|             INITIALIZING CANDIDATE TREE SET                      |
--------------------------------------------------------------------
Generating 98 parsimony trees... 0.094 second
Computing log-likelihood of 98 initial trees ... 0.448 seconds
Current best score: -12724.936

Do NNI search on 20 best initial trees
Estimate model parameters (epsilon = 0.100)
BETTER TREE FOUND at iteration 1: -12724.936
Iteration 10 / LogL: -12725.138 / Time: 0h:0m:0s
Iteration 20 / LogL: -12725.042 / Time: 0h:0m:1s
Finish initializing candidate tree set (1)
Current best tree score: -12724.936 / CPU time: 1.043
Number of iterations: 20
--------------------------------------------------------------------
|               OPTIMIZING CANDIDATE TREE SET                      |
--------------------------------------------------------------------
Iteration 30 / LogL: -12725.010 / Time: 0h:0m:1s (0h:0m:3s left)
Iteration 40 / LogL: -12725.120 / Time: 0h:0m:1s (0h:0m:2s left)
Iteration 50 / LogL: -12724.947 / Time: 0h:0m:2s (0h:0m:2s left)
Iteration 60 / LogL: -12725.071 / Time: 0h:0m:2s (0h:0m:1s left)
Iteration 70 / LogL: -12724.966 / Time: 0h:0m:3s (0h:0m:1s left)
Iteration 80 / LogL: -12725.256 / Time: 0h:0m:3s (0h:0m:0s left)
Iteration 90 / LogL: -12725.091 / Time: 0h:0m:3s (0h:0m:0s left)
UPDATE BEST LOG-LIKELIHOOD: -12724.936
Iteration 100 / LogL: -12725.434 / Time: 0h:0m:4s (0h:0m:0s left)
TREE SEARCH COMPLETED AFTER 102 ITERATIONS / Time: 0h:0m:4s

--------------------------------------------------------------------
|                    FINALIZING TREE SEARCH                        |
--------------------------------------------------------------------
Performs final model parameters optimization
Estimate model parameters (epsilon = 0.010)
1. Initial log-likelihood: -12724.936
Optimal log-likelihood: -12724.936
Rate parameters:  A-C: 2.18172  A-G: 6.22366  A-T: 1.89962  C-G: 1.58060  C-T: 6.86505  G-T: 1.00000
Base frequencies:  A: 0.234  C: 0.198  G: 0.242  T: 0.327
Gamma shape alpha: 0.353
Parameters optimization took 1 rounds (0.005 sec)
BEST SCORE FOUND : -12724.936

Testing tree branches by SH-like aLRT with 1000 replicates...
0.112 sec.
Total tree length: 1.708

Total number of iterations: 102
CPU time used for tree search: 5.277 sec (0h:0m:5s)
Wall-clock time used for tree search: 4.062 sec (0h:0m:4s)
Total CPU time used: 5.810 sec (0h:0m:5s)
Total wall-clock time used: 4.250 sec (0h:0m:4s)

Analysis results written to: 
  IQ-TREE report:                cluster1396rr.1to1ortho.fa.aln-cln_gene545.fa.iqtree
  Maximum-likelihood tree:       cluster1396rr.1to1ortho.fa.aln-cln_gene545.fa.treefile
  Likelihood distances:          cluster1396rr.1to1ortho.fa.aln-cln_gene545.fa.mldist
  Screen log file:               cluster1396rr.1to1ortho.fa.aln-cln_gene545.fa.log

Date and Time: Mon Nov 25 09:41:50 2019
