IQ-TREE multicore version 1.6.11 for Mac OS X 64-bit built Jul 12 2019
Developed by Bui Quang Minh, Nguyen Lam Tung, Olga Chernomor,
Heiko Schmidt, Dominik Schrempf, Michael Woodhams.

Host:    slpc437 (AVX2, FMA3, 16 GB RAM)
Command: iqtree -s cluster2584rr.1to1ortho.fa.aln-cln_gene491.fa -nt 4 -m GTR+G -alrt 1000
Seed:    100105 (Using SPRNG - Scalable Parallel Random Number Generator)
Time:    Mon Nov 25 10:08:34 2019
Kernel:  AVX+FMA - 4 threads (6 CPU cores detected)

Reading alignment file cluster2584rr.1to1ortho.fa.aln-cln_gene491.fa ... Fasta format detected
Alignment most likely contains DNA/RNA sequences
Alignment has 13 sequences with 2683 columns, 1435 distinct patterns
1026 parsimony-informative, 499 singleton sites, 1158 constant sites
           Gap/Ambiguity  Composition  p-value
   1  DrolusSFB    2.39%    passed     63.02%
   2  Dino         1.98%    passed     72.53%
   3  MJM3360     15.10%    passed     81.24%
   4  DrobinSFB    3.21%    passed     26.84%
   5  Neam         1.94%    passed     99.18%
   6  RuprSFB     14.57%    passed     59.39%
   7  Retr        53.75%    passed     29.13%
   8  Beta         4.10%    passed     64.70%
   9  Spol         4.99%    passed     81.97%
  10  MJM1652     23.93%    passed     41.04%
  11  NepSFB       1.94%    passed     98.77%
  12  WPYJ         3.21%    passed     92.08%
  13  MJM2940      2.05%    passed     72.54%
WARNING: 1 sequences contain more than 50% gaps/ambiguity
****  TOTAL       10.24%  0 sequences failed composition chi2 test (p-value<5%; df=3)

Create initial parsimony tree by phylogenetic likelihood library (PLL)... 0.002 seconds

NOTE: 2 MB RAM (0 GB) is required!
Estimate model parameters (epsilon = 0.100)
1. Initial log-likelihood: -18531.811
2. Current log-likelihood: -17873.209
3. Current log-likelihood: -17869.016
Optimal log-likelihood: -17868.976
Rate parameters:  A-C: 1.40511  A-G: 3.64186  A-T: 1.38880  C-G: 1.38590  C-T: 5.41749  G-T: 1.00000
Base frequencies:  A: 0.289  C: 0.187  G: 0.250  T: 0.274
Gamma shape alpha: 0.655
Parameters optimization took 3 rounds (0.055 sec)
Computing ML distances based on estimated model parameters... 0.002 sec
Computing BIONJ tree...
0.003 seconds
Log-likelihood of BIONJ tree: -17868.976
--------------------------------------------------------------------
|             INITIALIZING CANDIDATE TREE SET                      |
--------------------------------------------------------------------
Generating 99 parsimony trees... 0.137 second
Computing log-likelihood of 99 initial trees ... 0.540 seconds
Current best score: -17868.976

Do NNI search on 20 best initial trees
Estimate model parameters (epsilon = 0.100)
BETTER TREE FOUND at iteration 1: -17868.395
Iteration 10 / LogL: -17868.638 / Time: 0h:0m:1s
Iteration 20 / LogL: -17868.416 / Time: 0h:0m:1s
Finish initializing candidate tree set (1)
Current best tree score: -17868.395 / CPU time: 1.475
Number of iterations: 20
--------------------------------------------------------------------
|               OPTIMIZING CANDIDATE TREE SET                      |
--------------------------------------------------------------------
Iteration 30 / LogL: -17868.525 / Time: 0h:0m:2s (0h:0m:5s left)
UPDATE BEST LOG-LIKELIHOOD: -17868.395
UPDATE BEST LOG-LIKELIHOOD: -17868.395
Iteration 40 / LogL: -17868.446 / Time: 0h:0m:2s (0h:0m:3s left)
Iteration 50 / LogL: -17879.316 / Time: 0h:0m:2s (0h:0m:3s left)
Iteration 60 / LogL: -17868.486 / Time: 0h:0m:3s (0h:0m:2s left)
Iteration 70 / LogL: -17868.427 / Time: 0h:0m:4s (0h:0m:1s left)
Iteration 80 / LogL: -17870.315 / Time: 0h:0m:4s (0h:0m:1s left)
Iteration 90 / LogL: -17868.480 / Time: 0h:0m:5s (0h:0m:0s left)
Iteration 100 / LogL: -17868.433 / Time: 0h:0m:5s (0h:0m:0s left)
TREE SEARCH COMPLETED AFTER 102 ITERATIONS / Time: 0h:0m:5s

--------------------------------------------------------------------
|                    FINALIZING TREE SEARCH                        |
--------------------------------------------------------------------
Performs final model parameters optimization
Estimate model parameters (epsilon = 0.010)
1. Initial log-likelihood: -17868.395
Optimal log-likelihood: -17868.394
Rate parameters:  A-C: 1.41104  A-G: 3.64099  A-T: 1.39232  C-G: 1.38965  C-T: 5.41996  G-T: 1.00000
Base frequencies:  A: 0.289  C: 0.187  G: 0.250  T: 0.274
Gamma shape alpha: 0.656
Parameters optimization took 1 rounds (0.007 sec)
BEST SCORE FOUND : -17868.394

Testing tree branches by SH-like aLRT with 1000 replicates...
0.153 sec.
Total tree length: 1.853

Total number of iterations: 102
CPU time used for tree search: 9.022 sec (0h:0m:9s)
Wall-clock time used for tree search: 5.669 sec (0h:0m:5s)
Total CPU time used: 9.752 sec (0h:0m:9s)
Total wall-clock time used: 5.910 sec (0h:0m:5s)

Analysis results written to: 
  IQ-TREE report:                cluster2584rr.1to1ortho.fa.aln-cln_gene491.fa.iqtree
  Maximum-likelihood tree:       cluster2584rr.1to1ortho.fa.aln-cln_gene491.fa.treefile
  Likelihood distances:          cluster2584rr.1to1ortho.fa.aln-cln_gene491.fa.mldist
  Screen log file:               cluster2584rr.1to1ortho.fa.aln-cln_gene491.fa.log

Date and Time: Mon Nov 25 10:08:40 2019
