IQ-TREE multicore version 1.6.11 for Mac OS X 64-bit built Jul 12 2019
Developed by Bui Quang Minh, Nguyen Lam Tung, Olga Chernomor,
Heiko Schmidt, Dominik Schrempf, Michael Woodhams.

Host:    slpc437 (AVX2, FMA3, 16 GB RAM)
Command: iqtree -s cluster4289rr.1to1ortho.fa.aln-cln_gene84.fa -nt 4 -m GTR+G -alrt 1000
Seed:    374439 (Using SPRNG - Scalable Parallel Random Number Generator)
Time:    Mon Nov 25 10:48:24 2019
Kernel:  AVX+FMA - 4 threads (6 CPU cores detected)

Reading alignment file cluster4289rr.1to1ortho.fa.aln-cln_gene84.fa ... Fasta format detected
Alignment most likely contains DNA/RNA sequences
Alignment has 13 sequences with 1405 columns, 637 distinct patterns
458 parsimony-informative, 170 singleton sites, 777 constant sites
           Gap/Ambiguity  Composition  p-value
   1  DrolusSFB    0.00%    passed     81.71%
   2  Dino         1.42%    passed     91.39%
   3  MJM3360     29.04%    passed     10.95%
   4  DrobinSFB    6.98%    passed     71.15%
   5  Neam         0.21%    passed     37.40%
   6  RuprSFB     18.22%    passed     58.86%
   7  Retr        33.38%    failed      0.73%
   8  Beta         5.12%    passed     61.27%
   9  Spol         4.48%    passed     53.08%
  10  MJM1652      3.84%    passed     62.15%
  11  NepSFB       0.21%    passed     42.37%
  12  WPYJ         8.61%    passed     41.95%
  13  MJM2940      0.21%    passed     86.37%
****  TOTAL        8.60%  1 sequences failed composition chi2 test (p-value<5%; df=3)

Create initial parsimony tree by phylogenetic likelihood library (PLL)... 0.001 seconds

NOTE: 1 MB RAM (0 GB) is required!
Estimate model parameters (epsilon = 0.100)
1. Initial log-likelihood: -8615.463
2. Current log-likelihood: -8211.469
3. Current log-likelihood: -8206.625
Optimal log-likelihood: -8206.571
Rate parameters:  A-C: 1.22506  A-G: 4.91774  A-T: 2.52898  C-G: 1.04927  C-T: 6.77936  G-T: 1.00000
Base frequencies:  A: 0.288  C: 0.236  G: 0.246  T: 0.230
Gamma shape alpha: 0.362
Parameters optimization took 3 rounds (0.039 sec)
Computing ML distances based on estimated model parameters... 0.001 sec
Computing BIONJ tree...
0.003 seconds
Log-likelihood of BIONJ tree: -8205.371
--------------------------------------------------------------------
|             INITIALIZING CANDIDATE TREE SET                      |
--------------------------------------------------------------------
Generating 98 parsimony trees... 0.090 second
Computing log-likelihood of 98 initial trees ... 0.429 seconds
Current best score: -8205.371

Do NNI search on 20 best initial trees
Estimate model parameters (epsilon = 0.100)
BETTER TREE FOUND at iteration 1: -8199.601
Iteration 10 / LogL: -8199.752 / Time: 0h:0m:0s
Iteration 20 / LogL: -8199.754 / Time: 0h:0m:1s
Finish initializing candidate tree set (1)
Current best tree score: -8199.601 / CPU time: 1.108
Number of iterations: 20
--------------------------------------------------------------------
|               OPTIMIZING CANDIDATE TREE SET                      |
--------------------------------------------------------------------
Iteration 30 / LogL: -8199.852 / Time: 0h:0m:1s (0h:0m:3s left)
Iteration 40 / LogL: -8200.631 / Time: 0h:0m:1s (0h:0m:2s left)
Iteration 50 / LogL: -8199.644 / Time: 0h:0m:2s (0h:0m:2s left)
UPDATE BEST LOG-LIKELIHOOD: -8199.601
Iteration 60 / LogL: -8199.698 / Time: 0h:0m:2s (0h:0m:1s left)
Iteration 70 / LogL: -8200.346 / Time: 0h:0m:2s (0h:0m:1s left)
Iteration 80 / LogL: -8199.642 / Time: 0h:0m:3s (0h:0m:0s left)
Iteration 90 / LogL: -8199.609 / Time: 0h:0m:3s (0h:0m:0s left)
Iteration 100 / LogL: -8199.648 / Time: 0h:0m:4s (0h:0m:0s left)
TREE SEARCH COMPLETED AFTER 102 ITERATIONS / Time: 0h:0m:4s

--------------------------------------------------------------------
|                    FINALIZING TREE SEARCH                        |
--------------------------------------------------------------------
Performs final model parameters optimization
Estimate model parameters (epsilon = 0.010)
1. Initial log-likelihood: -8199.601
2. Current log-likelihood: -8199.563
Optimal log-likelihood: -8199.561
Rate parameters:  A-C: 1.30087  A-G: 5.19190  A-T: 2.65632  C-G: 1.12461  C-T: 7.12120  G-T: 1.00000
Base frequencies:  A: 0.288  C: 0.236  G: 0.246  T: 0.230
Gamma shape alpha: 0.364
Parameters optimization took 2 rounds (0.010 sec)
BEST SCORE FOUND : -8199.561

Testing tree branches by SH-like aLRT with 1000 replicates...
0.085 sec.
Total tree length: 1.502

Total number of iterations: 102
CPU time used for tree search: 4.765 sec (0h:0m:4s)
Wall-clock time used for tree search: 4.114 sec (0h:0m:4s)
Total CPU time used: 5.166 sec (0h:0m:5s)
Total wall-clock time used: 4.268 sec (0h:0m:4s)

Analysis results written to: 
  IQ-TREE report:                cluster4289rr.1to1ortho.fa.aln-cln_gene84.fa.iqtree
  Maximum-likelihood tree:       cluster4289rr.1to1ortho.fa.aln-cln_gene84.fa.treefile
  Likelihood distances:          cluster4289rr.1to1ortho.fa.aln-cln_gene84.fa.mldist
  Screen log file:               cluster4289rr.1to1ortho.fa.aln-cln_gene84.fa.log

Date and Time: Mon Nov 25 10:48:28 2019
