IQ-TREE multicore version 1.6.11 for Mac OS X 64-bit built Jul 12 2019
Developed by Bui Quang Minh, Nguyen Lam Tung, Olga Chernomor,
Heiko Schmidt, Dominik Schrempf, Michael Woodhams.

Host:    slpc437 (AVX2, FMA3, 16 GB RAM)
Command: iqtree -s cluster1546rr.1to1ortho.fa.aln-cln_gene11.fa -nt 4 -m GTR+G -alrt 1000
Seed:    461619 (Using SPRNG - Scalable Parallel Random Number Generator)
Time:    Mon Nov 25 09:44:52 2019
Kernel:  AVX+FMA - 4 threads (6 CPU cores detected)

Reading alignment file cluster1546rr.1to1ortho.fa.aln-cln_gene11.fa ... Fasta format detected
Alignment most likely contains DNA/RNA sequences
Alignment has 13 sequences with 1185 columns, 619 distinct patterns
447 parsimony-informative, 199 singleton sites, 539 constant sites
           Gap/Ambiguity  Composition  p-value
   1  DrolusSFB    0.76%    passed     28.58%
   2  Dino        21.27%    passed     60.25%
   3  MJM3360      2.87%    passed     76.48%
   4  DrobinSFB    1.35%    passed     67.73%
   5  Neam         0.00%    passed     77.98%
   6  RuprSFB      1.01%    passed     99.10%
   7  Retr        31.31%    passed     62.22%
   8  Beta         1.10%    passed     41.19%
   9  Spol        21.27%    passed     44.63%
  10  MJM1652      0.51%    passed     74.52%
  11  NepSFB       0.00%    passed     82.34%
  12  WPYJ        62.53%    passed     24.37%
  13  MJM2940      0.59%    passed     99.30%
WARNING: 1 sequences contain more than 50% gaps/ambiguity
****  TOTAL       11.12%  0 sequences failed composition chi2 test (p-value<5%; df=3)

Create initial parsimony tree by phylogenetic likelihood library (PLL)... 0.001 seconds

NOTE: 1 MB RAM (0 GB) is required!
Estimate model parameters (epsilon = 0.100)
1. Initial log-likelihood: -8126.679
2. Current log-likelihood: -7829.788
3. Current log-likelihood: -7827.875
Optimal log-likelihood: -7827.856
Rate parameters:  A-C: 1.59718  A-G: 4.72863  A-T: 1.04329  C-G: 1.68321  C-T: 4.31891  G-T: 1.00000
Base frequencies:  A: 0.263  C: 0.202  G: 0.219  T: 0.317
Gamma shape alpha: 0.598
Parameters optimization took 3 rounds (0.035 sec)
Computing ML distances based on estimated model parameters... 0.001 sec
Computing BIONJ tree...
0.002 seconds
Log-likelihood of BIONJ tree: -7827.856
--------------------------------------------------------------------
|             INITIALIZING CANDIDATE TREE SET                      |
--------------------------------------------------------------------
Generating 99 parsimony trees... 0.089 second
Computing log-likelihood of 99 initial trees ... 0.438 seconds
Current best score: -7827.856

Do NNI search on 20 best initial trees
Estimate model parameters (epsilon = 0.100)
BETTER TREE FOUND at iteration 1: -7827.856
Iteration 10 / LogL: -7828.373 / Time: 0h:0m:0s
Iteration 20 / LogL: -7827.922 / Time: 0h:0m:1s
Finish initializing candidate tree set (2)
Current best tree score: -7827.856 / CPU time: 1.104
Number of iterations: 20
--------------------------------------------------------------------
|               OPTIMIZING CANDIDATE TREE SET                      |
--------------------------------------------------------------------
Iteration 30 / LogL: -7828.295 / Time: 0h:0m:1s (0h:0m:3s left)
Iteration 40 / LogL: -7828.215 / Time: 0h:0m:1s (0h:0m:2s left)
Iteration 50 / LogL: -7847.509 / Time: 0h:0m:2s (0h:0m:2s left)
Iteration 60 / LogL: -7828.361 / Time: 0h:0m:2s (0h:0m:1s left)
Iteration 70 / LogL: -7827.977 / Time: 0h:0m:3s (0h:0m:1s left)
Iteration 80 / LogL: -7847.722 / Time: 0h:0m:3s (0h:0m:0s left)
Iteration 90 / LogL: -7828.041 / Time: 0h:0m:3s (0h:0m:0s left)
Iteration 100 / LogL: -7847.423 / Time: 0h:0m:4s (0h:0m:0s left)
TREE SEARCH COMPLETED AFTER 102 ITERATIONS / Time: 0h:0m:4s

--------------------------------------------------------------------
|                    FINALIZING TREE SEARCH                        |
--------------------------------------------------------------------
Performs final model parameters optimization
Estimate model parameters (epsilon = 0.010)
1. Initial log-likelihood: -7827.856
Optimal log-likelihood: -7827.856
Rate parameters:  A-C: 1.59349  A-G: 4.72946  A-T: 1.04401  C-G: 1.67870  C-T: 4.31932  G-T: 1.00000
Base frequencies:  A: 0.263  C: 0.202  G: 0.219  T: 0.317
Gamma shape alpha: 0.598
Parameters optimization took 1 rounds (0.005 sec)
BEST SCORE FOUND : -7827.856

Testing tree branches by SH-like aLRT with 1000 replicates...
0.077 sec.
Total tree length: 1.816

Total number of iterations: 102
CPU time used for tree search: 5.088 sec (0h:0m:5s)
Wall-clock time used for tree search: 4.433 sec (0h:0m:4s)
Total CPU time used: 5.429 sec (0h:0m:5s)
Total wall-clock time used: 4.569 sec (0h:0m:4s)

Analysis results written to: 
  IQ-TREE report:                cluster1546rr.1to1ortho.fa.aln-cln_gene11.fa.iqtree
  Maximum-likelihood tree:       cluster1546rr.1to1ortho.fa.aln-cln_gene11.fa.treefile
  Likelihood distances:          cluster1546rr.1to1ortho.fa.aln-cln_gene11.fa.mldist
  Screen log file:               cluster1546rr.1to1ortho.fa.aln-cln_gene11.fa.log

Date and Time: Mon Nov 25 09:44:57 2019
