IQ-TREE multicore version 1.6.11 for Mac OS X 64-bit built Jul 12 2019
Developed by Bui Quang Minh, Nguyen Lam Tung, Olga Chernomor,
Heiko Schmidt, Dominik Schrempf, Michael Woodhams.

Host:    slpc437 (AVX2, FMA3, 16 GB RAM)
Command: iqtree -s cluster1643rr.1to1ortho.fa.aln-cln_gene945.fa -nt 4 -m GTR+G -alrt 1000
Seed:    621133 (Using SPRNG - Scalable Parallel Random Number Generator)
Time:    Mon Nov 25 09:47:05 2019
Kernel:  AVX+FMA - 4 threads (6 CPU cores detected)

Reading alignment file cluster1643rr.1to1ortho.fa.aln-cln_gene945.fa ... Fasta format detected
Alignment most likely contains DNA/RNA sequences
Alignment has 13 sequences with 2272 columns, 902 distinct patterns
686 parsimony-informative, 261 singleton sites, 1325 constant sites
           Gap/Ambiguity  Composition  p-value
   1  DrolusSFB    0.31%    passed     32.01%
   2  Dino         0.44%    passed     98.22%
   3  MJM3360      4.49%    passed     96.32%
   4  DrobinSFB    6.38%    passed     57.58%
   5  Neam         0.26%    passed     97.10%
   6  RuprSFB      5.02%    passed     63.06%
   7  Retr        39.88%    passed     66.36%
   8  Beta         0.44%    passed     76.70%
   9  Spol         0.44%    passed     92.99%
  10  MJM1652      0.13%    passed     76.60%
  11  NepSFB       0.26%    passed     97.26%
  12  WPYJ        36.53%    passed     39.78%
  13  MJM2940      0.00%    passed     96.80%
****  TOTAL        7.28%  0 sequences failed composition chi2 test (p-value<5%; df=3)

Create initial parsimony tree by phylogenetic likelihood library (PLL)... 0.001 seconds

NOTE: 1 MB RAM (0 GB) is required!
Estimate model parameters (epsilon = 0.100)
1. Initial log-likelihood: -13375.514
2. Current log-likelihood: -12699.650
3. Current log-likelihood: -12691.009
4. Current log-likelihood: -12690.880
Optimal log-likelihood: -12690.876
Rate parameters:  A-C: 1.66919  A-G: 5.30984  A-T: 1.69482  C-G: 1.34976  C-T: 6.85441  G-T: 1.00000
Base frequencies:  A: 0.281  C: 0.190  G: 0.257  T: 0.272
Gamma shape alpha: 0.305
Parameters optimization took 4 rounds (0.052 sec)
Computing ML distances based on estimated model parameters... 0.002 sec
Computing BIONJ tree...
0.002 seconds
Log-likelihood of BIONJ tree: -12690.876
--------------------------------------------------------------------
|             INITIALIZING CANDIDATE TREE SET                      |
--------------------------------------------------------------------
Generating 99 parsimony trees... 0.104 second
Computing log-likelihood of 99 initial trees ... 0.474 seconds
Current best score: -12690.876

Do NNI search on 20 best initial trees
Estimate model parameters (epsilon = 0.100)
BETTER TREE FOUND at iteration 1: -12685.259
Iteration 10 / LogL: -12685.279 / Time: 0h:0m:1s
Iteration 20 / LogL: -12685.270 / Time: 0h:0m:1s
Finish initializing candidate tree set (2)
Current best tree score: -12685.259 / CPU time: 1.632
Number of iterations: 20
--------------------------------------------------------------------
|               OPTIMIZING CANDIDATE TREE SET                      |
--------------------------------------------------------------------
Iteration 30 / LogL: -12690.087 / Time: 0h:0m:2s (0h:0m:5s left)
Iteration 40 / LogL: -12685.261 / Time: 0h:0m:2s (0h:0m:4s left)
UPDATE BEST LOG-LIKELIHOOD: -12685.259
Iteration 50 / LogL: -12685.276 / Time: 0h:0m:3s (0h:0m:3s left)
Iteration 60 / LogL: -12685.626 / Time: 0h:0m:3s (0h:0m:2s left)
Iteration 70 / LogL: -12685.464 / Time: 0h:0m:4s (0h:0m:1s left)
Iteration 80 / LogL: -12685.261 / Time: 0h:0m:4s (0h:0m:1s left)
Iteration 90 / LogL: -12685.463 / Time: 0h:0m:5s (0h:0m:0s left)
Iteration 100 / LogL: -12685.262 / Time: 0h:0m:5s (0h:0m:0s left)
TREE SEARCH COMPLETED AFTER 102 ITERATIONS / Time: 0h:0m:5s

--------------------------------------------------------------------
|                    FINALIZING TREE SEARCH                        |
--------------------------------------------------------------------
Performs final model parameters optimization
Estimate model parameters (epsilon = 0.010)
1. Initial log-likelihood: -12685.259
Optimal log-likelihood: -12685.253
Rate parameters:  A-C: 1.73455  A-G: 5.50935  A-T: 1.75637  C-G: 1.40107  C-T: 7.23006  G-T: 1.00000
Base frequencies:  A: 0.281  C: 0.190  G: 0.257  T: 0.272
Gamma shape alpha: 0.304
Parameters optimization took 1 rounds (0.006 sec)
BEST SCORE FOUND : -12685.253

Testing tree branches by SH-like aLRT with 1000 replicates...
0.128 sec.
Total tree length: 1.416

Total number of iterations: 102
CPU time used for tree search: 7.412 sec (0h:0m:7s)
Wall-clock time used for tree search: 5.627 sec (0h:0m:5s)
Total CPU time used: 8.008 sec (0h:0m:8s)
Total wall-clock time used: 5.834 sec (0h:0m:5s)

Analysis results written to: 
  IQ-TREE report:                cluster1643rr.1to1ortho.fa.aln-cln_gene945.fa.iqtree
  Maximum-likelihood tree:       cluster1643rr.1to1ortho.fa.aln-cln_gene945.fa.treefile
  Likelihood distances:          cluster1643rr.1to1ortho.fa.aln-cln_gene945.fa.mldist
  Screen log file:               cluster1643rr.1to1ortho.fa.aln-cln_gene945.fa.log

Date and Time: Mon Nov 25 09:47:11 2019
