IQ-TREE multicore version 1.6.11 for Mac OS X 64-bit built Jul 12 2019
Developed by Bui Quang Minh, Nguyen Lam Tung, Olga Chernomor,
Heiko Schmidt, Dominik Schrempf, Michael Woodhams.

Host:    slpc437 (AVX2, FMA3, 16 GB RAM)
Command: iqtree -s cluster2608rr.1to1ortho.fa.aln-cln_gene802.fa -nt 4 -m GTR+G -alrt 1000
Seed:    412454 (Using SPRNG - Scalable Parallel Random Number Generator)
Time:    Mon Nov 25 10:09:46 2019
Kernel:  AVX+FMA - 4 threads (6 CPU cores detected)

Reading alignment file cluster2608rr.1to1ortho.fa.aln-cln_gene802.fa ... Fasta format detected
Alignment most likely contains DNA/RNA sequences
Alignment has 13 sequences with 1194 columns, 436 distinct patterns
373 parsimony-informative, 134 singleton sites, 687 constant sites
           Gap/Ambiguity  Composition  p-value
   1  DrolusSFB    0.00%    passed     69.98%
   2  Dino         0.00%    passed     92.00%
   3  MJM3360      0.00%    passed     50.50%
   4  DrobinSFB    0.25%    passed     83.70%
   5  Neam         0.00%    passed     41.34%
   6  RuprSFB      0.00%    passed     94.79%
   7  Retr         0.25%    passed     96.63%
   8  Beta         0.00%    passed     79.81%
   9  Spol         0.00%    passed     84.34%
  10  MJM1652      0.00%    passed     63.05%
  11  NepSFB       0.00%    passed     45.04%
  12  WPYJ         0.84%    passed     97.16%
  13  MJM2940      0.00%    passed     90.24%
****  TOTAL        0.10%  0 sequences failed composition chi2 test (p-value<5%; df=3)

Create initial parsimony tree by phylogenetic likelihood library (PLL)... 0.001 seconds

NOTE: 0 MB RAM (0 GB) is required!
Estimate model parameters (epsilon = 0.100)
1. Initial log-likelihood: -7428.441
2. Current log-likelihood: -6996.897
3. Current log-likelihood: -6972.004
Optimal log-likelihood: -6971.900
Rate parameters:  A-C: 1.52173  A-G: 5.21268  A-T: 1.69805  C-G: 1.16766  C-T: 9.48166  G-T: 1.00000
Base frequencies:  A: 0.296  C: 0.189  G: 0.245  T: 0.269
Gamma shape alpha: 0.301
Parameters optimization took 3 rounds (0.052 sec)
Computing ML distances based on estimated model parameters... 0.001 sec
Computing BIONJ tree...
0.002 seconds
Log-likelihood of BIONJ tree: -6973.377
--------------------------------------------------------------------
|             INITIALIZING CANDIDATE TREE SET                      |
--------------------------------------------------------------------
Generating 98 parsimony trees... 0.079 second
Computing log-likelihood of 98 initial trees ... 0.407 seconds
Current best score: -6971.900

Do NNI search on 20 best initial trees
Estimate model parameters (epsilon = 0.100)
BETTER TREE FOUND at iteration 1: -6971.856
Iteration 10 / LogL: -6972.206 / Time: 0h:0m:0s
Estimate model parameters (epsilon = 0.100)
BETTER TREE FOUND at iteration 14: -6971.623
Iteration 20 / LogL: -6971.867 / Time: 0h:0m:1s
Finish initializing candidate tree set (2)
Current best tree score: -6971.623 / CPU time: 1.186
Number of iterations: 20
--------------------------------------------------------------------
|               OPTIMIZING CANDIDATE TREE SET                      |
--------------------------------------------------------------------
Iteration 30 / LogL: -6971.879 / Time: 0h:0m:1s (0h:0m:4s left)
Iteration 40 / LogL: -6971.860 / Time: 0h:0m:2s (0h:0m:4s left)
Iteration 50 / LogL: -6971.860 / Time: 0h:0m:2s (0h:0m:3s left)
Iteration 60 / LogL: -6971.861 / Time: 0h:0m:3s (0h:0m:2s left)
Iteration 70 / LogL: -6971.874 / Time: 0h:0m:3s (0h:0m:2s left)
Iteration 80 / LogL: -6971.884 / Time: 0h:0m:3s (0h:0m:1s left)
Iteration 90 / LogL: -6971.863 / Time: 0h:0m:4s (0h:0m:1s left)
Iteration 100 / LogL: -6971.862 / Time: 0h:0m:4s (0h:0m:0s left)
Iteration 110 / LogL: -6971.623 / Time: 0h:0m:5s (0h:0m:0s left)
UPDATE BEST LOG-LIKELIHOOD: -6971.623
TREE SEARCH COMPLETED AFTER 115 ITERATIONS / Time: 0h:0m:5s

--------------------------------------------------------------------
|                    FINALIZING TREE SEARCH                        |
--------------------------------------------------------------------
Performs final model parameters optimization
Estimate model parameters (epsilon = 0.010)
1. Initial log-likelihood: -6971.623
Optimal log-likelihood: -6971.622
Rate parameters:  A-C: 1.51273  A-G: 5.23040  A-T: 1.70346  C-G: 1.16126  C-T: 9.47382  G-T: 1.00000
Base frequencies:  A: 0.296  C: 0.189  G: 0.245  T: 0.269
Gamma shape alpha: 0.300
Parameters optimization took 1 rounds (0.004 sec)
BEST SCORE FOUND : -6971.622

Testing tree branches by SH-like aLRT with 1000 replicates...
0.073 sec.
Total tree length: 1.474

Total number of iterations: 115
CPU time used for tree search: 5.450 sec (0h:0m:5s)
Wall-clock time used for tree search: 5.442 sec (0h:0m:5s)
Total CPU time used: 5.809 sec (0h:0m:5s)
Total wall-clock time used: 5.590 sec (0h:0m:5s)

Analysis results written to: 
  IQ-TREE report:                cluster2608rr.1to1ortho.fa.aln-cln_gene802.fa.iqtree
  Maximum-likelihood tree:       cluster2608rr.1to1ortho.fa.aln-cln_gene802.fa.treefile
  Likelihood distances:          cluster2608rr.1to1ortho.fa.aln-cln_gene802.fa.mldist
  Screen log file:               cluster2608rr.1to1ortho.fa.aln-cln_gene802.fa.log

Date and Time: Mon Nov 25 10:09:52 2019
