IQ-TREE multicore version 1.6.11 for Mac OS X 64-bit built Jul 12 2019
Developed by Bui Quang Minh, Nguyen Lam Tung, Olga Chernomor,
Heiko Schmidt, Dominik Schrempf, Michael Woodhams.

Host:    slpc437 (AVX2, FMA3, 16 GB RAM)
Command: iqtree -s cluster2968rr.1to1ortho.fa.aln-cln_gene863.fa -nt 4 -m GTR+G -alrt 1000
Seed:    810240 (Using SPRNG - Scalable Parallel Random Number Generator)
Time:    Mon Nov 25 10:18:36 2019
Kernel:  AVX+FMA - 4 threads (6 CPU cores detected)

Reading alignment file cluster2968rr.1to1ortho.fa.aln-cln_gene863.fa ... Fasta format detected
Alignment most likely contains DNA/RNA sequences
Alignment has 13 sequences with 1566 columns, 760 distinct patterns
594 parsimony-informative, 302 singleton sites, 670 constant sites
           Gap/Ambiguity  Composition  p-value
   1  DrolusSFB   11.94%    passed     71.64%
   2  Dino         0.19%    passed      8.77%
   3  MJM3360     13.67%    passed     54.06%
   4  DrobinSFB   13.35%    passed      5.18%
   5  Neam         0.57%    passed     27.33%
   6  RuprSFB     18.58%    passed     87.14%
   7  Retr        11.24%    passed     53.14%
   8  Beta        12.45%    passed     38.56%
   9  Spol        11.69%    passed     75.12%
  10  MJM1652      2.30%    failed      1.84%
  11  NepSFB       0.57%    passed     24.64%
  12  WPYJ        13.86%    passed     60.42%
  13  MJM2940     10.86%    passed     51.77%
****  TOTAL        9.33%  1 sequences failed composition chi2 test (p-value<5%; df=3)

Create initial parsimony tree by phylogenetic likelihood library (PLL)... 0.001 seconds

NOTE: 1 MB RAM (0 GB) is required!
Estimate model parameters (epsilon = 0.100)
1. Initial log-likelihood: -10779.318
2. Current log-likelihood: -10425.303
3. Current log-likelihood: -10423.522
Optimal log-likelihood: -10423.503
Rate parameters:  A-C: 1.99882  A-G: 3.60868  A-T: 1.31899  C-G: 1.38347  C-T: 5.30739  G-T: 1.00000
Base frequencies:  A: 0.282  C: 0.171  G: 0.266  T: 0.281
Gamma shape alpha: 0.728
Parameters optimization took 3 rounds (0.040 sec)
Computing ML distances based on estimated model parameters... 0.001 sec
Computing BIONJ tree...
0.002 seconds
Log-likelihood of BIONJ tree: -10421.036
--------------------------------------------------------------------
|             INITIALIZING CANDIDATE TREE SET                      |
--------------------------------------------------------------------
Generating 98 parsimony trees... 0.094 second
Computing log-likelihood of 98 initial trees ... 0.459 seconds
Current best score: -10421.036

Do NNI search on 20 best initial trees
Estimate model parameters (epsilon = 0.100)
BETTER TREE FOUND at iteration 1: -10421.029
Iteration 10 / LogL: -10421.036 / Time: 0h:0m:0s
Iteration 20 / LogL: -10421.043 / Time: 0h:0m:1s
Finish initializing candidate tree set (1)
Current best tree score: -10421.029 / CPU time: 1.206
Number of iterations: 20
--------------------------------------------------------------------
|               OPTIMIZING CANDIDATE TREE SET                      |
--------------------------------------------------------------------
Iteration 30 / LogL: -10421.089 / Time: 0h:0m:1s (0h:0m:4s left)
Iteration 40 / LogL: -10421.068 / Time: 0h:0m:2s (0h:0m:3s left)
Iteration 50 / LogL: -10421.040 / Time: 0h:0m:2s (0h:0m:2s left)
Iteration 60 / LogL: -10421.051 / Time: 0h:0m:2s (0h:0m:1s left)
Iteration 70 / LogL: -10421.054 / Time: 0h:0m:3s (0h:0m:1s left)
Iteration 80 / LogL: -10421.040 / Time: 0h:0m:3s (0h:0m:0s left)
Iteration 90 / LogL: -10421.074 / Time: 0h:0m:4s (0h:0m:0s left)
Iteration 100 / LogL: -10421.041 / Time: 0h:0m:4s (0h:0m:0s left)
TREE SEARCH COMPLETED AFTER 102 ITERATIONS / Time: 0h:0m:4s

--------------------------------------------------------------------
|                    FINALIZING TREE SEARCH                        |
--------------------------------------------------------------------
Performs final model parameters optimization
Estimate model parameters (epsilon = 0.010)
1. Initial log-likelihood: -10421.029
Optimal log-likelihood: -10421.029
Rate parameters:  A-C: 1.99424  A-G: 3.60734  A-T: 1.30774  C-G: 1.37885  C-T: 5.27671  G-T: 1.00000
Base frequencies:  A: 0.282  C: 0.171  G: 0.266  T: 0.281
Gamma shape alpha: 0.729
Parameters optimization took 1 rounds (0.005 sec)
BEST SCORE FOUND : -10421.029

Testing tree branches by SH-like aLRT with 1000 replicates...
0.093 sec.
Total tree length: 1.812

Total number of iterations: 102
CPU time used for tree search: 5.608 sec (0h:0m:5s)
Wall-clock time used for tree search: 4.548 sec (0h:0m:4s)
Total CPU time used: 6.037 sec (0h:0m:6s)
Total wall-clock time used: 4.706 sec (0h:0m:4s)

Analysis results written to: 
  IQ-TREE report:                cluster2968rr.1to1ortho.fa.aln-cln_gene863.fa.iqtree
  Maximum-likelihood tree:       cluster2968rr.1to1ortho.fa.aln-cln_gene863.fa.treefile
  Likelihood distances:          cluster2968rr.1to1ortho.fa.aln-cln_gene863.fa.mldist
  Screen log file:               cluster2968rr.1to1ortho.fa.aln-cln_gene863.fa.log

Date and Time: Mon Nov 25 10:18:41 2019
