IQ-TREE multicore version 1.6.11 for Mac OS X 64-bit built Jul 12 2019
Developed by Bui Quang Minh, Nguyen Lam Tung, Olga Chernomor,
Heiko Schmidt, Dominik Schrempf, Michael Woodhams.

Host:    slpc437 (AVX2, FMA3, 16 GB RAM)
Command: iqtree -s cluster1834rr.1to1ortho.fa.aln-cln_gene1171.fa -nt 4 -m GTR+G -alrt 1000
Seed:    386080 (Using SPRNG - Scalable Parallel Random Number Generator)
Time:    Mon Nov 25 09:50:13 2019
Kernel:  AVX+FMA - 4 threads (6 CPU cores detected)

Reading alignment file cluster1834rr.1to1ortho.fa.aln-cln_gene1171.fa ... Fasta format detected
Alignment most likely contains DNA/RNA sequences
Alignment has 13 sequences with 1188 columns, 489 distinct patterns
381 parsimony-informative, 152 singleton sites, 655 constant sites
           Gap/Ambiguity  Composition  p-value
   1  DrolusSFB    1.01%    passed     97.12%
   2  Dino         0.00%    passed     78.14%
   3  MJM3360      4.21%    passed     91.73%
   4  DrobinSFB    0.08%    passed     62.90%
   5  Neam         0.00%    passed     90.77%
   6  RuprSFB      1.26%    passed     83.36%
   7  Retr         0.34%    passed     51.33%
   8  Beta         6.40%    passed     96.97%
   9  Spol         2.69%    passed     94.84%
  10  MJM1652      2.53%    passed     92.94%
  11  NepSFB       0.00%    passed     93.61%
  12  WPYJ         1.26%    passed     70.13%
  13  MJM2940      0.25%    passed     84.41%
****  TOTAL        1.54%  0 sequences failed composition chi2 test (p-value<5%; df=3)

Create initial parsimony tree by phylogenetic likelihood library (PLL)... 0.001 seconds

NOTE: 0 MB RAM (0 GB) is required!
Estimate model parameters (epsilon = 0.100)
1. Initial log-likelihood: -7519.003
2. Current log-likelihood: -7171.150
3. Current log-likelihood: -7167.865
Optimal log-likelihood: -7167.782
Rate parameters:  A-C: 1.41714  A-G: 3.83536  A-T: 1.64412  C-G: 1.28541  C-T: 7.50678  G-T: 1.00000
Base frequencies:  A: 0.308  C: 0.176  G: 0.260  T: 0.256
Gamma shape alpha: 0.363
Parameters optimization took 3 rounds (0.035 sec)
Computing ML distances based on estimated model parameters... 0.001 sec
Computing BIONJ tree...
0.002 seconds
Log-likelihood of BIONJ tree: -7167.781
--------------------------------------------------------------------
|             INITIALIZING CANDIDATE TREE SET                      |
--------------------------------------------------------------------
Generating 99 parsimony trees... 0.080 second
Computing log-likelihood of 99 initial trees ... 0.400 seconds
Current best score: -7167.781

Do NNI search on 20 best initial trees
Estimate model parameters (epsilon = 0.100)
BETTER TREE FOUND at iteration 1: -7167.780
Iteration 10 / LogL: -7167.940 / Time: 0h:0m:0s
Iteration 20 / LogL: -7167.842 / Time: 0h:0m:1s
Finish initializing candidate tree set (1)
Current best tree score: -7167.780 / CPU time: 0.967
Number of iterations: 20
--------------------------------------------------------------------
|               OPTIMIZING CANDIDATE TREE SET                      |
--------------------------------------------------------------------
Iteration 30 / LogL: -7167.911 / Time: 0h:0m:1s (0h:0m:3s left)
Iteration 40 / LogL: -7167.794 / Time: 0h:0m:1s (0h:0m:2s left)
Iteration 50 / LogL: -7167.929 / Time: 0h:0m:2s (0h:0m:2s left)
Iteration 60 / LogL: -7167.828 / Time: 0h:0m:2s (0h:0m:1s left)
Iteration 70 / LogL: -7171.039 / Time: 0h:0m:2s (0h:0m:1s left)
Iteration 80 / LogL: -7167.931 / Time: 0h:0m:3s (0h:0m:0s left)
Iteration 90 / LogL: -7167.824 / Time: 0h:0m:3s (0h:0m:0s left)
Iteration 100 / LogL: -7167.791 / Time: 0h:0m:3s (0h:0m:0s left)
TREE SEARCH COMPLETED AFTER 102 ITERATIONS / Time: 0h:0m:3s

--------------------------------------------------------------------
|                    FINALIZING TREE SEARCH                        |
--------------------------------------------------------------------
Performs final model parameters optimization
Estimate model parameters (epsilon = 0.010)
1. Initial log-likelihood: -7167.780
Optimal log-likelihood: -7167.780
Rate parameters:  A-C: 1.41528  A-G: 3.83053  A-T: 1.64546  C-G: 1.28162  C-T: 7.51443  G-T: 1.00000
Base frequencies:  A: 0.308  C: 0.176  G: 0.260  T: 0.256
Gamma shape alpha: 0.364
Parameters optimization took 1 rounds (0.004 sec)
BEST SCORE FOUND : -7167.780

Testing tree branches by SH-like aLRT with 1000 replicates...
0.073 sec.
Total tree length: 1.454

Total number of iterations: 102
CPU time used for tree search: 4.063 sec (0h:0m:4s)
Wall-clock time used for tree search: 3.863 sec (0h:0m:3s)
Total CPU time used: 4.388 sec (0h:0m:4s)
Total wall-clock time used: 3.993 sec (0h:0m:3s)

Analysis results written to: 
  IQ-TREE report:                cluster1834rr.1to1ortho.fa.aln-cln_gene1171.fa.iqtree
  Maximum-likelihood tree:       cluster1834rr.1to1ortho.fa.aln-cln_gene1171.fa.treefile
  Likelihood distances:          cluster1834rr.1to1ortho.fa.aln-cln_gene1171.fa.mldist
  Screen log file:               cluster1834rr.1to1ortho.fa.aln-cln_gene1171.fa.log

Date and Time: Mon Nov 25 09:50:17 2019
