IQ-TREE multicore version 1.6.11 for Mac OS X 64-bit built Jul 12 2019
Developed by Bui Quang Minh, Nguyen Lam Tung, Olga Chernomor,
Heiko Schmidt, Dominik Schrempf, Michael Woodhams.

Host:    slpc437 (AVX2, FMA3, 16 GB RAM)
Command: iqtree -s cluster3279rr.1to1ortho.fa.aln-cln_gene937.fa -nt 4 -m GTR+G -alrt 1000
Seed:    597473 (Using SPRNG - Scalable Parallel Random Number Generator)
Time:    Mon Nov 25 10:25:54 2019
Kernel:  AVX+FMA - 4 threads (6 CPU cores detected)

Reading alignment file cluster3279rr.1to1ortho.fa.aln-cln_gene937.fa ... Fasta format detected
Alignment most likely contains DNA/RNA sequences
Alignment has 13 sequences with 2017 columns, 858 distinct patterns
674 parsimony-informative, 278 singleton sites, 1065 constant sites
           Gap/Ambiguity  Composition  p-value
   1  DrolusSFB    0.79%    passed     44.02%
   2  Dino        12.69%    passed     95.64%
   3  MJM3360     13.09%    passed     88.66%
   4  DrobinSFB   19.53%    passed     63.57%
   5  Neam         0.89%    passed     84.57%
   6  RuprSFB     12.84%    passed     78.80%
   7  Retr         1.98%    passed     85.84%
   8  Beta         0.45%    passed     65.80%
   9  Spol         0.35%    passed     62.58%
  10  MJM1652     12.64%    passed     43.61%
  11  NepSFB       0.89%    passed     77.29%
  12  WPYJ         1.69%    passed     81.56%
  13  MJM2940     24.74%    passed     80.19%
****  TOTAL        7.89%  0 sequences failed composition chi2 test (p-value<5%; df=3)

Create initial parsimony tree by phylogenetic likelihood library (PLL)... 0.001 seconds

NOTE: 1 MB RAM (0 GB) is required!
Estimate model parameters (epsilon = 0.100)
1. Initial log-likelihood: -12386.393
2. Current log-likelihood: -11819.487
3. Current log-likelihood: -11815.214
Optimal log-likelihood: -11815.130
Rate parameters:  A-C: 1.87649  A-G: 4.75249  A-T: 1.52220  C-G: 1.44787  C-T: 7.51384  G-T: 1.00000
Base frequencies:  A: 0.297  C: 0.189  G: 0.247  T: 0.267
Gamma shape alpha: 0.418
Parameters optimization took 3 rounds (0.042 sec)
Computing ML distances based on estimated model parameters... 0.002 sec
Computing BIONJ tree...
0.002 seconds
Log-likelihood of BIONJ tree: -11827.965
--------------------------------------------------------------------
|             INITIALIZING CANDIDATE TREE SET                      |
--------------------------------------------------------------------
Generating 98 parsimony trees... 0.099 second
Computing log-likelihood of 98 initial trees ... 0.460 seconds
Current best score: -11815.130

Do NNI search on 20 best initial trees
Estimate model parameters (epsilon = 0.100)
BETTER TREE FOUND at iteration 1: -11815.128
Iteration 10 / LogL: -11815.144 / Time: 0h:0m:0s
Iteration 20 / LogL: -11815.137 / Time: 0h:0m:1s
Finish initializing candidate tree set (1)
Current best tree score: -11815.128 / CPU time: 1.152
Number of iterations: 20
--------------------------------------------------------------------
|               OPTIMIZING CANDIDATE TREE SET                      |
--------------------------------------------------------------------
Iteration 30 / LogL: -11815.148 / Time: 0h:0m:1s (0h:0m:3s left)
Iteration 40 / LogL: -11815.405 / Time: 0h:0m:2s (0h:0m:3s left)
Iteration 50 / LogL: -11815.144 / Time: 0h:0m:2s (0h:0m:2s left)
Iteration 60 / LogL: -11815.408 / Time: 0h:0m:2s (0h:0m:1s left)
Iteration 70 / LogL: -11815.588 / Time: 0h:0m:3s (0h:0m:1s left)
Iteration 80 / LogL: -11815.371 / Time: 0h:0m:3s (0h:0m:0s left)
Iteration 90 / LogL: -11815.224 / Time: 0h:0m:4s (0h:0m:0s left)
Iteration 100 / LogL: -11815.432 / Time: 0h:0m:4s (0h:0m:0s left)
TREE SEARCH COMPLETED AFTER 102 ITERATIONS / Time: 0h:0m:4s

--------------------------------------------------------------------
|                    FINALIZING TREE SEARCH                        |
--------------------------------------------------------------------
Performs final model parameters optimization
Estimate model parameters (epsilon = 0.010)
1. Initial log-likelihood: -11815.128
Optimal log-likelihood: -11815.127
Rate parameters:  A-C: 1.87280  A-G: 4.73653  A-T: 1.52008  C-G: 1.44423  C-T: 7.52619  G-T: 1.00000
Base frequencies:  A: 0.297  C: 0.189  G: 0.247  T: 0.267
Gamma shape alpha: 0.419
Parameters optimization took 1 rounds (0.005 sec)
BEST SCORE FOUND : -11815.127

Testing tree branches by SH-like aLRT with 1000 replicates...
0.111 sec.
Total tree length: 1.485

Total number of iterations: 102
CPU time used for tree search: 5.688 sec (0h:0m:5s)
Wall-clock time used for tree search: 4.413 sec (0h:0m:4s)
Total CPU time used: 6.209 sec (0h:0m:6s)
Total wall-clock time used: 4.593 sec (0h:0m:4s)

Analysis results written to: 
  IQ-TREE report:                cluster3279rr.1to1ortho.fa.aln-cln_gene937.fa.iqtree
  Maximum-likelihood tree:       cluster3279rr.1to1ortho.fa.aln-cln_gene937.fa.treefile
  Likelihood distances:          cluster3279rr.1to1ortho.fa.aln-cln_gene937.fa.mldist
  Screen log file:               cluster3279rr.1to1ortho.fa.aln-cln_gene937.fa.log

Date and Time: Mon Nov 25 10:25:59 2019
