IQ-TREE multicore version 1.6.11 for Mac OS X 64-bit built Jul 12 2019
Developed by Bui Quang Minh, Nguyen Lam Tung, Olga Chernomor,
Heiko Schmidt, Dominik Schrempf, Michael Woodhams.

Host:    slpc437 (AVX2, FMA3, 16 GB RAM)
Command: iqtree -s cluster1288rr.1to1ortho.fa.aln-cln_gene927.fa -nt 4 -m GTR+G -alrt 1000
Seed:    157743 (Using SPRNG - Scalable Parallel Random Number Generator)
Time:    Mon Nov 25 09:40:13 2019
Kernel:  AVX+FMA - 4 threads (6 CPU cores detected)

Reading alignment file cluster1288rr.1to1ortho.fa.aln-cln_gene927.fa ... Fasta format detected
Alignment most likely contains DNA/RNA sequences
Alignment has 13 sequences with 1350 columns, 642 distinct patterns
461 parsimony-informative, 203 singleton sites, 686 constant sites
           Gap/Ambiguity  Composition  p-value
   1  DrolusSFB    0.00%    passed     91.15%
   2  Dino         1.26%    passed     27.10%
   3  MJM3360     11.33%    passed     96.23%
   4  DrobinSFB    1.19%    passed     18.71%
   5  Neam         0.81%    passed     99.59%
   6  RuprSFB     10.59%    passed     76.86%
   7  Retr        65.78%    passed     92.82%
   8  Beta         0.00%    passed     50.80%
   9  Spol         0.00%    passed     47.13%
  10  MJM1652      1.04%    passed     67.38%
  11  NepSFB      32.44%    passed     52.90%
  12  WPYJ        74.52%    passed      6.99%
  13  MJM2940      0.00%    passed     82.75%
WARNING: 2 sequences contain more than 50% gaps/ambiguity
****  TOTAL       15.30%  0 sequences failed composition chi2 test (p-value<5%; df=3)

Create initial parsimony tree by phylogenetic likelihood library (PLL)... 0.001 seconds

NOTE: 1 MB RAM (0 GB) is required!
Estimate model parameters (epsilon = 0.100)
1. Initial log-likelihood: -8550.359
2. Current log-likelihood: -8183.818
3. Current log-likelihood: -8178.915
Optimal log-likelihood: -8178.815
Rate parameters:  A-C: 2.40746  A-G: 4.96660  A-T: 1.81566  C-G: 1.10078  C-T: 6.30201  G-T: 1.00000
Base frequencies:  A: 0.270  C: 0.183  G: 0.268  T: 0.279
Gamma shape alpha: 0.443
Parameters optimization took 3 rounds (0.040 sec)
Computing ML distances based on estimated model parameters... 0.001 sec
Computing BIONJ tree...
0.002 seconds
Log-likelihood of BIONJ tree: -8174.081
--------------------------------------------------------------------
|             INITIALIZING CANDIDATE TREE SET                      |
--------------------------------------------------------------------
Generating 98 parsimony trees... 0.087 second
Computing log-likelihood of 98 initial trees ... 0.443 seconds
Current best score: -8174.081

Do NNI search on 20 best initial trees
Estimate model parameters (epsilon = 0.100)
BETTER TREE FOUND at iteration 1: -8172.932
Iteration 10 / LogL: -8173.119 / Time: 0h:0m:0s
Iteration 20 / LogL: -8173.023 / Time: 0h:0m:1s
Finish initializing candidate tree set (2)
Current best tree score: -8172.932 / CPU time: 1.208
Number of iterations: 20
--------------------------------------------------------------------
|               OPTIMIZING CANDIDATE TREE SET                      |
--------------------------------------------------------------------
Iteration 30 / LogL: -8172.949 / Time: 0h:0m:1s (0h:0m:4s left)
Iteration 40 / LogL: -8175.074 / Time: 0h:0m:2s (0h:0m:3s left)
Iteration 50 / LogL: -8172.949 / Time: 0h:0m:2s (0h:0m:2s left)
Iteration 60 / LogL: -8173.095 / Time: 0h:0m:2s (0h:0m:2s left)
Iteration 70 / LogL: -8172.950 / Time: 0h:0m:3s (0h:0m:1s left)
Iteration 80 / LogL: -8173.156 / Time: 0h:0m:3s (0h:0m:1s left)
Iteration 90 / LogL: -8173.771 / Time: 0h:0m:4s (0h:0m:0s left)
Iteration 100 / LogL: -8173.138 / Time: 0h:0m:4s (0h:0m:0s left)
TREE SEARCH COMPLETED AFTER 102 ITERATIONS / Time: 0h:0m:4s

--------------------------------------------------------------------
|                    FINALIZING TREE SEARCH                        |
--------------------------------------------------------------------
Performs final model parameters optimization
Estimate model parameters (epsilon = 0.010)
1. Initial log-likelihood: -8172.932
Optimal log-likelihood: -8172.927
Rate parameters:  A-C: 2.36200  A-G: 4.96186  A-T: 1.82384  C-G: 1.09057  C-T: 6.33707  G-T: 1.00000
Base frequencies:  A: 0.270  C: 0.183  G: 0.268  T: 0.279
Gamma shape alpha: 0.446
Parameters optimization took 1 rounds (0.006 sec)
BEST SCORE FOUND : -8172.927

Testing tree branches by SH-like aLRT with 1000 replicates...
0.082 sec.
Total tree length: 1.739

Total number of iterations: 102
CPU time used for tree search: 5.602 sec (0h:0m:5s)
Wall-clock time used for tree search: 4.849 sec (0h:0m:4s)
Total CPU time used: 5.986 sec (0h:0m:5s)
Total wall-clock time used: 4.997 sec (0h:0m:4s)

Analysis results written to: 
  IQ-TREE report:                cluster1288rr.1to1ortho.fa.aln-cln_gene927.fa.iqtree
  Maximum-likelihood tree:       cluster1288rr.1to1ortho.fa.aln-cln_gene927.fa.treefile
  Likelihood distances:          cluster1288rr.1to1ortho.fa.aln-cln_gene927.fa.mldist
  Screen log file:               cluster1288rr.1to1ortho.fa.aln-cln_gene927.fa.log

Date and Time: Mon Nov 25 09:40:18 2019
