IQ-TREE multicore version 1.6.11 for Mac OS X 64-bit built Jul 12 2019
Developed by Bui Quang Minh, Nguyen Lam Tung, Olga Chernomor,
Heiko Schmidt, Dominik Schrempf, Michael Woodhams.

Host:    slpc437 (AVX2, FMA3, 16 GB RAM)
Command: iqtree -s cluster3852rr.1to1ortho.fa.aln-cln_gene1066.fa -nt 4 -m GTR+G -alrt 1000
Seed:    195055 (Using SPRNG - Scalable Parallel Random Number Generator)
Time:    Mon Nov 25 10:38:43 2019
Kernel:  AVX+FMA - 4 threads (6 CPU cores detected)

Reading alignment file cluster3852rr.1to1ortho.fa.aln-cln_gene1066.fa ... Fasta format detected
Alignment most likely contains DNA/RNA sequences
Alignment has 13 sequences with 1911 columns, 700 distinct patterns
565 parsimony-informative, 205 singleton sites, 1141 constant sites
           Gap/Ambiguity  Composition  p-value
   1  DrolusSFB    0.94%    passed     96.42%
   2  Dino         0.00%    passed     75.14%
   3  MJM3360      4.50%    passed     48.61%
   4  DrobinSFB    6.38%    passed     79.42%
   5  Neam         0.00%    passed     99.49%
   6  RuprSFB      4.60%    passed     97.94%
   7  Retr         1.05%    passed     97.44%
   8  Beta         3.24%    passed     46.38%
   9  Spol         3.51%    passed     86.90%
  10  MJM1652      0.31%    passed     99.93%
  11  NepSFB       0.00%    passed     98.74%
  12  WPYJ         1.10%    passed     79.84%
  13  MJM2940      0.78%    passed     98.15%
****  TOTAL        2.03%  0 sequences failed composition chi2 test (p-value<5%; df=3)

Create initial parsimony tree by phylogenetic likelihood library (PLL)... 0.001 seconds

NOTE: 1 MB RAM (0 GB) is required!
Estimate model parameters (epsilon = 0.100)
1. Initial log-likelihood: -11430.358
2. Current log-likelihood: -10821.908
3. Current log-likelihood: -10815.415
Optimal log-likelihood: -10815.303
Rate parameters:  A-C: 2.64084  A-G: 5.78824  A-T: 2.17940  C-G: 1.09746  C-T: 8.41646  G-T: 1.00000
Base frequencies:  A: 0.264  C: 0.202  G: 0.266  T: 0.269
Gamma shape alpha: 0.286
Parameters optimization took 3 rounds (0.046 sec)
Computing ML distances based on estimated model parameters... 0.001 sec
Computing BIONJ tree...
0.002 seconds
Log-likelihood of BIONJ tree: -10815.302
--------------------------------------------------------------------
|             INITIALIZING CANDIDATE TREE SET                      |
--------------------------------------------------------------------
Generating 99 parsimony trees... 0.092 second
Computing log-likelihood of 98 initial trees ... 0.436 seconds
Current best score: -10815.302

Do NNI search on 20 best initial trees
Estimate model parameters (epsilon = 0.100)
BETTER TREE FOUND at iteration 1: -10815.301
Iteration 10 / LogL: -10815.318 / Time: 0h:0m:0s
Iteration 20 / LogL: -10815.307 / Time: 0h:0m:1s
Finish initializing candidate tree set (2)
Current best tree score: -10815.301 / CPU time: 1.075
Number of iterations: 20
--------------------------------------------------------------------
|               OPTIMIZING CANDIDATE TREE SET                      |
--------------------------------------------------------------------
Iteration 30 / LogL: -10815.304 / Time: 0h:0m:1s (0h:0m:3s left)
Iteration 40 / LogL: -10815.306 / Time: 0h:0m:1s (0h:0m:2s left)
Iteration 50 / LogL: -10815.345 / Time: 0h:0m:2s (0h:0m:2s left)
Iteration 60 / LogL: -10815.302 / Time: 0h:0m:2s (0h:0m:1s left)
Iteration 70 / LogL: -10815.347 / Time: 0h:0m:3s (0h:0m:1s left)
Iteration 80 / LogL: -10815.302 / Time: 0h:0m:3s (0h:0m:0s left)
Iteration 90 / LogL: -10815.546 / Time: 0h:0m:3s (0h:0m:0s left)
Iteration 100 / LogL: -10815.310 / Time: 0h:0m:4s (0h:0m:0s left)
TREE SEARCH COMPLETED AFTER 102 ITERATIONS / Time: 0h:0m:4s

--------------------------------------------------------------------
|                    FINALIZING TREE SEARCH                        |
--------------------------------------------------------------------
Performs final model parameters optimization
Estimate model parameters (epsilon = 0.010)
1. Initial log-likelihood: -10815.301
Optimal log-likelihood: -10815.300
Rate parameters:  A-C: 2.64180  A-G: 5.79960  A-T: 2.18023  C-G: 1.09747  C-T: 8.41768  G-T: 1.00000
Base frequencies:  A: 0.264  C: 0.202  G: 0.266  T: 0.269
Gamma shape alpha: 0.287
Parameters optimization took 1 rounds (0.005 sec)
BEST SCORE FOUND : -10815.300

Testing tree branches by SH-like aLRT with 1000 replicates...
0.105 sec.
Total tree length: 1.279

Total number of iterations: 102
CPU time used for tree search: 5.312 sec (0h:0m:5s)
Wall-clock time used for tree search: 4.424 sec (0h:0m:4s)
Total CPU time used: 5.810 sec (0h:0m:5s)
Total wall-clock time used: 4.600 sec (0h:0m:4s)

Analysis results written to: 
  IQ-TREE report:                cluster3852rr.1to1ortho.fa.aln-cln_gene1066.fa.iqtree
  Maximum-likelihood tree:       cluster3852rr.1to1ortho.fa.aln-cln_gene1066.fa.treefile
  Likelihood distances:          cluster3852rr.1to1ortho.fa.aln-cln_gene1066.fa.mldist
  Screen log file:               cluster3852rr.1to1ortho.fa.aln-cln_gene1066.fa.log

Date and Time: Mon Nov 25 10:38:47 2019
