IQ-TREE multicore version 1.6.11 for Mac OS X 64-bit built Jul 12 2019
Developed by Bui Quang Minh, Nguyen Lam Tung, Olga Chernomor,
Heiko Schmidt, Dominik Schrempf, Michael Woodhams.

Host:    slpc437 (AVX2, FMA3, 16 GB RAM)
Command: iqtree -s cluster5359rr.1to1ortho.fa.aln-cln_gene1011.fa -nt 4 -m GTR+G -alrt 1000
Seed:    130096 (Using SPRNG - Scalable Parallel Random Number Generator)
Time:    Mon Nov 25 11:06:44 2019
Kernel:  AVX+FMA - 4 threads (6 CPU cores detected)

Reading alignment file cluster5359rr.1to1ortho.fa.aln-cln_gene1011.fa ... Fasta format detected
Alignment most likely contains DNA/RNA sequences
Alignment has 13 sequences with 1540 columns, 715 distinct patterns
521 parsimony-informative, 295 singleton sites, 724 constant sites
           Gap/Ambiguity  Composition  p-value
   1  DrolusSFB    0.00%    passed     76.80%
   2  Dino        46.49%    passed     11.80%
   3  MJM3360     44.74%    passed     33.93%
   4  DrobinSFB   35.13%    passed     86.13%
   5  Neam         0.32%    passed     11.20%
   6  RuprSFB     45.91%    passed     32.35%
   7  Retr        54.22%    passed     42.11%
   8  Beta         1.56%    passed     82.31%
   9  Spol         1.10%    passed     18.74%
  10  MJM1652     35.13%    passed     50.01%
  11  NepSFB       0.32%    failed      2.62%
  12  WPYJ        43.83%    passed     56.29%
  13  MJM2940      0.19%    passed     43.82%
WARNING: 1 sequences contain more than 50% gaps/ambiguity
****  TOTAL       23.77%  1 sequences failed composition chi2 test (p-value<5%; df=3)

Create initial parsimony tree by phylogenetic likelihood library (PLL)... 0.001 seconds

NOTE: 1 MB RAM (0 GB) is required!
Estimate model parameters (epsilon = 0.100)
1. Initial log-likelihood: -9335.509
2. Current log-likelihood: -8948.246
3. Current log-likelihood: -8945.179
Optimal log-likelihood: -8945.121
Rate parameters:  A-C: 1.90794  A-G: 3.43746  A-T: 1.94495  C-G: 1.51235  C-T: 7.76922  G-T: 1.00000
Base frequencies:  A: 0.300  C: 0.165  G: 0.313  T: 0.222
Gamma shape alpha: 0.636
Parameters optimization took 3 rounds (0.037 sec)
Computing ML distances based on estimated model parameters... 0.001 sec
Computing BIONJ tree...
0.002 seconds
Log-likelihood of BIONJ tree: -8945.119
--------------------------------------------------------------------
|             INITIALIZING CANDIDATE TREE SET                      |
--------------------------------------------------------------------
Generating 99 parsimony trees... 0.094 second
Computing log-likelihood of 98 initial trees ... 0.464 seconds
Current best score: -8944.447

Do NNI search on 20 best initial trees
Estimate model parameters (epsilon = 0.100)
BETTER TREE FOUND at iteration 1: -8944.278
Iteration 10 / LogL: -8944.301 / Time: 0h:0m:0s
Iteration 20 / LogL: -8944.311 / Time: 0h:0m:1s
Finish initializing candidate tree set (1)
Current best tree score: -8944.278 / CPU time: 1.130
Number of iterations: 20
--------------------------------------------------------------------
|               OPTIMIZING CANDIDATE TREE SET                      |
--------------------------------------------------------------------
Iteration 30 / LogL: -8944.299 / Time: 0h:0m:1s (0h:0m:3s left)
Iteration 40 / LogL: -8944.281 / Time: 0h:0m:1s (0h:0m:3s left)
Iteration 50 / LogL: -8944.285 / Time: 0h:0m:2s (0h:0m:2s left)
Iteration 60 / LogL: -8944.289 / Time: 0h:0m:2s (0h:0m:1s left)
Iteration 70 / LogL: -8944.687 / Time: 0h:0m:3s (0h:0m:1s left)
Iteration 80 / LogL: -8944.281 / Time: 0h:0m:3s (0h:0m:0s left)
UPDATE BEST LOG-LIKELIHOOD: -8944.278
Iteration 90 / LogL: -8944.366 / Time: 0h:0m:3s (0h:0m:0s left)
Iteration 100 / LogL: -8944.281 / Time: 0h:0m:4s (0h:0m:0s left)
TREE SEARCH COMPLETED AFTER 102 ITERATIONS / Time: 0h:0m:4s

--------------------------------------------------------------------
|                    FINALIZING TREE SEARCH                        |
--------------------------------------------------------------------
Performs final model parameters optimization
Estimate model parameters (epsilon = 0.010)
1. Initial log-likelihood: -8944.278
Optimal log-likelihood: -8944.278
Rate parameters:  A-C: 1.90260  A-G: 3.42426  A-T: 1.93303  C-G: 1.50249  C-T: 7.78188  G-T: 1.00000
Base frequencies:  A: 0.300  C: 0.165  G: 0.313  T: 0.222
Gamma shape alpha: 0.633
Parameters optimization took 1 rounds (0.005 sec)
BEST SCORE FOUND : -8944.278

Testing tree branches by SH-like aLRT with 1000 replicates...
0.090 sec.
Total tree length: 1.956

Total number of iterations: 102
CPU time used for tree search: 5.123 sec (0h:0m:5s)
Wall-clock time used for tree search: 4.251 sec (0h:0m:4s)
Total CPU time used: 5.537 sec (0h:0m:5s)
Total wall-clock time used: 4.405 sec (0h:0m:4s)

Analysis results written to: 
  IQ-TREE report:                cluster5359rr.1to1ortho.fa.aln-cln_gene1011.fa.iqtree
  Maximum-likelihood tree:       cluster5359rr.1to1ortho.fa.aln-cln_gene1011.fa.treefile
  Likelihood distances:          cluster5359rr.1to1ortho.fa.aln-cln_gene1011.fa.mldist
  Screen log file:               cluster5359rr.1to1ortho.fa.aln-cln_gene1011.fa.log

Date and Time: Mon Nov 25 11:06:48 2019
