IQ-TREE multicore version 1.6.11 for Mac OS X 64-bit built Jul 12 2019
Developed by Bui Quang Minh, Nguyen Lam Tung, Olga Chernomor,
Heiko Schmidt, Dominik Schrempf, Michael Woodhams.

Host:    slpc437 (AVX2, FMA3, 16 GB RAM)
Command: iqtree -s cluster3906rr.1to1ortho.fa.aln-cln_gene922.fa -nt 4 -m GTR+G -alrt 1000
Seed:    169694 (Using SPRNG - Scalable Parallel Random Number Generator)
Time:    Mon Nov 25 10:40:15 2019
Kernel:  AVX+FMA - 4 threads (6 CPU cores detected)

Reading alignment file cluster3906rr.1to1ortho.fa.aln-cln_gene922.fa ... Fasta format detected
Alignment most likely contains DNA/RNA sequences
Alignment has 13 sequences with 2400 columns, 1088 distinct patterns
927 parsimony-informative, 324 singleton sites, 1149 constant sites
           Gap/Ambiguity  Composition  p-value
   1  DrolusSFB    0.88%    passed     72.82%
   2  Dino         0.25%    passed     73.29%
   3  MJM3360      1.67%    passed     49.82%
   4  DrobinSFB    1.79%    passed     91.32%
   5  Neam         0.25%    passed     99.61%
   6  RuprSFB      1.71%    passed     93.44%
   7  Retr         7.83%    passed     98.86%
   8  Beta         0.88%    passed     61.47%
   9  Spol         0.88%    passed     60.83%
  10  MJM1652      0.25%    passed     99.84%
  11  NepSFB       0.25%    passed     98.98%
  12  WPYJ        33.88%    passed     35.53%
  13  MJM2940      0.88%    passed     66.11%
****  TOTAL        3.95%  0 sequences failed composition chi2 test (p-value<5%; df=3)

Create initial parsimony tree by phylogenetic likelihood library (PLL)... 0.001 seconds

NOTE: 1 MB RAM (0 GB) is required!
Estimate model parameters (epsilon = 0.100)
1. Initial log-likelihood: -16391.298
2. Current log-likelihood: -15732.528
3. Current log-likelihood: -15727.437
Optimal log-likelihood: -15727.340
Rate parameters:  A-C: 2.12553  A-G: 5.22125  A-T: 1.81230  C-G: 2.30302  C-T: 8.29741  G-T: 1.00000
Base frequencies:  A: 0.299  C: 0.183  G: 0.242  T: 0.277
Gamma shape alpha: 0.509
Parameters optimization took 3 rounds (0.050 sec)
Computing ML distances based on estimated model parameters... 0.002 sec
Computing BIONJ tree...
0.002 seconds
Log-likelihood of BIONJ tree: -15725.894
--------------------------------------------------------------------
|             INITIALIZING CANDIDATE TREE SET                      |
--------------------------------------------------------------------
Generating 98 parsimony trees... 0.110 second
Computing log-likelihood of 97 initial trees ... 0.480 seconds
Current best score: -15725.894

Do NNI search on 20 best initial trees
Estimate model parameters (epsilon = 0.100)
BETTER TREE FOUND at iteration 1: -15725.889
Iteration 10 / LogL: -15725.923 / Time: 0h:0m:0s
Iteration 20 / LogL: -15725.896 / Time: 0h:0m:1s
Finish initializing candidate tree set (1)
Current best tree score: -15725.889 / CPU time: 1.315
Number of iterations: 20
--------------------------------------------------------------------
|               OPTIMIZING CANDIDATE TREE SET                      |
--------------------------------------------------------------------
Iteration 30 / LogL: -15725.891 / Time: 0h:0m:1s (0h:0m:4s left)
Iteration 40 / LogL: -15725.918 / Time: 0h:0m:2s (0h:0m:3s left)
Iteration 50 / LogL: -15726.404 / Time: 0h:0m:2s (0h:0m:2s left)
Iteration 60 / LogL: -15725.932 / Time: 0h:0m:2s (0h:0m:2s left)
Iteration 70 / LogL: -15726.035 / Time: 0h:0m:3s (0h:0m:1s left)
Iteration 80 / LogL: -15725.945 / Time: 0h:0m:3s (0h:0m:1s left)
Iteration 90 / LogL: -15726.211 / Time: 0h:0m:4s (0h:0m:0s left)
Iteration 100 / LogL: -15730.727 / Time: 0h:0m:4s (0h:0m:0s left)
TREE SEARCH COMPLETED AFTER 102 ITERATIONS / Time: 0h:0m:4s

--------------------------------------------------------------------
|                    FINALIZING TREE SEARCH                        |
--------------------------------------------------------------------
Performs final model parameters optimization
Estimate model parameters (epsilon = 0.010)
1. Initial log-likelihood: -15725.889
Optimal log-likelihood: -15725.887
Rate parameters:  A-C: 2.12106  A-G: 5.22000  A-T: 1.80685  C-G: 2.28992  C-T: 8.30684  G-T: 1.00000
Base frequencies:  A: 0.299  C: 0.183  G: 0.242  T: 0.277
Gamma shape alpha: 0.508
Parameters optimization took 1 rounds (0.007 sec)
BEST SCORE FOUND : -15725.887

Testing tree branches by SH-like aLRT with 1000 replicates...
0.131 sec.
Total tree length: 1.677

Total number of iterations: 102
CPU time used for tree search: 6.835 sec (0h:0m:6s)
Wall-clock time used for tree search: 4.852 sec (0h:0m:4s)
Total CPU time used: 7.465 sec (0h:0m:7s)
Total wall-clock time used: 5.061 sec (0h:0m:5s)

Analysis results written to: 
  IQ-TREE report:                cluster3906rr.1to1ortho.fa.aln-cln_gene922.fa.iqtree
  Maximum-likelihood tree:       cluster3906rr.1to1ortho.fa.aln-cln_gene922.fa.treefile
  Likelihood distances:          cluster3906rr.1to1ortho.fa.aln-cln_gene922.fa.mldist
  Screen log file:               cluster3906rr.1to1ortho.fa.aln-cln_gene922.fa.log

Date and Time: Mon Nov 25 10:40:20 2019
