IQ-TREE multicore version 1.6.11 for Mac OS X 64-bit built Jul 12 2019
Developed by Bui Quang Minh, Nguyen Lam Tung, Olga Chernomor,
Heiko Schmidt, Dominik Schrempf, Michael Woodhams.

Host:    slpc437 (AVX2, FMA3, 16 GB RAM)
Command: iqtree -s cluster4907rr.1to1ortho.fa.aln-cln_gene367.fa -nt 4 -m GTR+G -alrt 1000
Seed:    643618 (Using SPRNG - Scalable Parallel Random Number Generator)
Time:    Mon Nov 25 11:00:51 2019
Kernel:  AVX+FMA - 4 threads (6 CPU cores detected)

Reading alignment file cluster4907rr.1to1ortho.fa.aln-cln_gene367.fa ... Fasta format detected
Alignment most likely contains DNA/RNA sequences
Alignment has 13 sequences with 1008 columns, 447 distinct patterns
362 parsimony-informative, 117 singleton sites, 529 constant sites
           Gap/Ambiguity  Composition  p-value
   1  DrolusSFB    0.00%    passed     66.48%
   2  Dino         0.60%    passed     95.79%
   3  MJM3360      0.89%    passed     77.68%
   4  DrobinSFB    0.60%    passed     29.83%
   5  Neam         0.60%    passed     99.86%
   6  RuprSFB      1.59%    passed     97.78%
   7  Retr         0.50%    passed     59.92%
   8  Beta         5.95%    passed     94.71%
   9  Spol         0.30%    passed     99.92%
  10  MJM1652      0.00%    passed     96.98%
  11  NepSFB       0.60%    passed     95.26%
  12  WPYJ         3.27%    passed     97.05%
  13  MJM2940      0.00%    passed     62.98%
****  TOTAL        1.14%  0 sequences failed composition chi2 test (p-value<5%; df=3)

Create initial parsimony tree by phylogenetic likelihood library (PLL)... 0.001 seconds

NOTE: 0 MB RAM (0 GB) is required!
Estimate model parameters (epsilon = 0.100)
1. Initial log-likelihood: -6873.799
2. Current log-likelihood: -6504.771
3. Current log-likelihood: -6500.764
Optimal log-likelihood: -6500.648
Rate parameters:  A-C: 1.54672  A-G: 4.03686  A-T: 1.28558  C-G: 0.96859  C-T: 7.83032  G-T: 1.00000
Base frequencies:  A: 0.309  C: 0.202  G: 0.249  T: 0.241
Gamma shape alpha: 0.381
Parameters optimization took 3 rounds (0.036 sec)
Computing ML distances based on estimated model parameters... 0.001 sec
Computing BIONJ tree...
0.002 seconds
Log-likelihood of BIONJ tree: -6494.567
--------------------------------------------------------------------
|             INITIALIZING CANDIDATE TREE SET                      |
--------------------------------------------------------------------
Generating 98 parsimony trees... 0.079 second
Computing log-likelihood of 96 initial trees ... 0.397 seconds
Current best score: -6494.567

Do NNI search on 20 best initial trees
Estimate model parameters (epsilon = 0.100)
BETTER TREE FOUND at iteration 1: -6494.540
Iteration 10 / LogL: -6494.691 / Time: 0h:0m:0s
Iteration 20 / LogL: -6510.480 / Time: 0h:0m:1s
Finish initializing candidate tree set (2)
Current best tree score: -6494.540 / CPU time: 1.047
Number of iterations: 20
--------------------------------------------------------------------
|               OPTIMIZING CANDIDATE TREE SET                      |
--------------------------------------------------------------------
Iteration 30 / LogL: -6494.572 / Time: 0h:0m:1s (0h:0m:3s left)
Iteration 40 / LogL: -6494.576 / Time: 0h:0m:1s (0h:0m:2s left)
Iteration 50 / LogL: -6494.584 / Time: 0h:0m:2s (0h:0m:2s left)
Iteration 60 / LogL: -6494.555 / Time: 0h:0m:2s (0h:0m:1s left)
UPDATE BEST LOG-LIKELIHOOD: -6494.540
Iteration 70 / LogL: -6494.566 / Time: 0h:0m:3s (0h:0m:1s left)
UPDATE BEST LOG-LIKELIHOOD: -6494.540
Iteration 80 / LogL: -6494.540 / Time: 0h:0m:3s (0h:0m:0s left)
Iteration 90 / LogL: -6494.710 / Time: 0h:0m:3s (0h:0m:0s left)
Iteration 100 / LogL: -6494.757 / Time: 0h:0m:4s (0h:0m:0s left)
TREE SEARCH COMPLETED AFTER 102 ITERATIONS / Time: 0h:0m:4s

--------------------------------------------------------------------
|                    FINALIZING TREE SEARCH                        |
--------------------------------------------------------------------
Performs final model parameters optimization
Estimate model parameters (epsilon = 0.010)
1. Initial log-likelihood: -6494.540
2. Current log-likelihood: -6494.523
Optimal log-likelihood: -6494.522
Rate parameters:  A-C: 1.58591  A-G: 4.18315  A-T: 1.30101  C-G: 0.99555  C-T: 8.11450  G-T: 1.00000
Base frequencies:  A: 0.309  C: 0.202  G: 0.249  T: 0.241
Gamma shape alpha: 0.380
Parameters optimization took 2 rounds (0.010 sec)
BEST SCORE FOUND : -6494.522

Testing tree branches by SH-like aLRT with 1000 replicates...
0.063 sec.
Total tree length: 1.673

Total number of iterations: 102
CPU time used for tree search: 4.414 sec (0h:0m:4s)
Wall-clock time used for tree search: 4.351 sec (0h:0m:4s)
Total CPU time used: 4.718 sec (0h:0m:4s)
Total wall-clock time used: 4.480 sec (0h:0m:4s)

Analysis results written to: 
  IQ-TREE report:                cluster4907rr.1to1ortho.fa.aln-cln_gene367.fa.iqtree
  Maximum-likelihood tree:       cluster4907rr.1to1ortho.fa.aln-cln_gene367.fa.treefile
  Likelihood distances:          cluster4907rr.1to1ortho.fa.aln-cln_gene367.fa.mldist
  Screen log file:               cluster4907rr.1to1ortho.fa.aln-cln_gene367.fa.log

Date and Time: Mon Nov 25 11:00:56 2019
