IQ-TREE multicore version 1.6.11 for Mac OS X 64-bit built Jul 12 2019
Developed by Bui Quang Minh, Nguyen Lam Tung, Olga Chernomor,
Heiko Schmidt, Dominik Schrempf, Michael Woodhams.

Host:    slpc437 (AVX2, FMA3, 16 GB RAM)
Command: iqtree -s cluster2106rr.1to1ortho.fa.aln-cln_gene1053.fa -nt 4 -m GTR+G -alrt 1000
Seed:    930957 (Using SPRNG - Scalable Parallel Random Number Generator)
Time:    Mon Nov 25 09:57:07 2019
Kernel:  AVX+FMA - 4 threads (6 CPU cores detected)

Reading alignment file cluster2106rr.1to1ortho.fa.aln-cln_gene1053.fa ... Fasta format detected
Alignment most likely contains DNA/RNA sequences
Alignment has 13 sequences with 1717 columns, 851 distinct patterns
629 parsimony-informative, 274 singleton sites, 814 constant sites
           Gap/Ambiguity  Composition  p-value
   1  DrolusSFB    4.43%    passed     75.87%
   2  Dino         0.58%    passed     72.71%
   3  MJM3360      6.46%    passed     35.37%
   4  DrobinSFB    5.30%    passed     46.62%
   5  Neam         0.52%    passed     97.06%
   6  RuprSFB      6.35%    passed     67.66%
   7  Retr         2.85%    passed     90.41%
   8  Beta         1.75%    passed     25.38%
   9  Spol         1.22%    passed     71.36%
  10  MJM1652      1.11%    passed     80.38%
  11  NepSFB      46.53%    passed     56.43%
  12  WPYJ         2.68%    passed     95.46%
  13  MJM2940      0.41%    passed     47.98%
****  TOTAL        6.17%  0 sequences failed composition chi2 test (p-value<5%; df=3)

Create initial parsimony tree by phylogenetic likelihood library (PLL)... 0.001 seconds

NOTE: 1 MB RAM (0 GB) is required!
Estimate model parameters (epsilon = 0.100)
1. Initial log-likelihood: -11961.466
2. Current log-likelihood: -11484.129
3. Current log-likelihood: -11480.127
Optimal log-likelihood: -11480.047
Rate parameters:  A-C: 1.81674  A-G: 3.96639  A-T: 1.61264  C-G: 1.02803  C-T: 6.35413  G-T: 1.00000
Base frequencies:  A: 0.291  C: 0.180  G: 0.268  T: 0.260
Gamma shape alpha: 0.512
Parameters optimization took 3 rounds (0.041 sec)
Computing ML distances based on estimated model parameters... 0.002 sec
Computing BIONJ tree...
0.002 seconds
Log-likelihood of BIONJ tree: -11474.186
--------------------------------------------------------------------
|             INITIALIZING CANDIDATE TREE SET                      |
--------------------------------------------------------------------
Generating 98 parsimony trees... 0.093 second
Computing log-likelihood of 98 initial trees ... 0.465 seconds
Current best score: -11474.186

Do NNI search on 20 best initial trees
Estimate model parameters (epsilon = 0.100)
BETTER TREE FOUND at iteration 1: -11474.182
Iteration 10 / LogL: -11474.312 / Time: 0h:0m:0s
Iteration 20 / LogL: -11474.454 / Time: 0h:0m:1s
Finish initializing candidate tree set (1)
Current best tree score: -11474.182 / CPU time: 1.194
Number of iterations: 20
--------------------------------------------------------------------
|               OPTIMIZING CANDIDATE TREE SET                      |
--------------------------------------------------------------------
Iteration 30 / LogL: -11474.490 / Time: 0h:0m:1s (0h:0m:3s left)
Iteration 40 / LogL: -11474.253 / Time: 0h:0m:1s (0h:0m:3s left)
Iteration 50 / LogL: -11474.599 / Time: 0h:0m:2s (0h:0m:2s left)
Iteration 60 / LogL: -11474.494 / Time: 0h:0m:2s (0h:0m:1s left)
Iteration 70 / LogL: -11474.283 / Time: 0h:0m:3s (0h:0m:1s left)
Iteration 80 / LogL: -11477.001 / Time: 0h:0m:3s (0h:0m:0s left)
Iteration 90 / LogL: -11474.192 / Time: 0h:0m:4s (0h:0m:0s left)
Iteration 100 / LogL: -11474.251 / Time: 0h:0m:4s (0h:0m:0s left)
TREE SEARCH COMPLETED AFTER 102 ITERATIONS / Time: 0h:0m:4s

--------------------------------------------------------------------
|                    FINALIZING TREE SEARCH                        |
--------------------------------------------------------------------
Performs final model parameters optimization
Estimate model parameters (epsilon = 0.010)
1. Initial log-likelihood: -11474.182
Optimal log-likelihood: -11474.181
Rate parameters:  A-C: 1.81186  A-G: 3.95758  A-T: 1.61305  C-G: 1.01996  C-T: 6.36296  G-T: 1.00000
Base frequencies:  A: 0.291  C: 0.180  G: 0.268  T: 0.260
Gamma shape alpha: 0.513
Parameters optimization took 1 rounds (0.006 sec)
BEST SCORE FOUND : -11474.181

Testing tree branches by SH-like aLRT with 1000 replicates...
0.099 sec.
Total tree length: 1.705

Total number of iterations: 102
CPU time used for tree search: 5.799 sec (0h:0m:5s)
Wall-clock time used for tree search: 4.523 sec (0h:0m:4s)
Total CPU time used: 6.267 sec (0h:0m:6s)
Total wall-clock time used: 4.690 sec (0h:0m:4s)

Analysis results written to: 
  IQ-TREE report:                cluster2106rr.1to1ortho.fa.aln-cln_gene1053.fa.iqtree
  Maximum-likelihood tree:       cluster2106rr.1to1ortho.fa.aln-cln_gene1053.fa.treefile
  Likelihood distances:          cluster2106rr.1to1ortho.fa.aln-cln_gene1053.fa.mldist
  Screen log file:               cluster2106rr.1to1ortho.fa.aln-cln_gene1053.fa.log

Date and Time: Mon Nov 25 09:57:12 2019
