IQ-TREE multicore version 1.6.11 for Mac OS X 64-bit built Jul 12 2019
Developed by Bui Quang Minh, Nguyen Lam Tung, Olga Chernomor,
Heiko Schmidt, Dominik Schrempf, Michael Woodhams.

Host:    slpc437 (AVX2, FMA3, 16 GB RAM)
Command: iqtree -s cluster1631rr.1to1ortho.fa.aln-cln_gene458.fa -nt 4 -m GTR+G -alrt 1000
Seed:    278650 (Using SPRNG - Scalable Parallel Random Number Generator)
Time:    Mon Nov 25 09:46:29 2019
Kernel:  AVX+FMA - 4 threads (6 CPU cores detected)

Reading alignment file cluster1631rr.1to1ortho.fa.aln-cln_gene458.fa ... Fasta format detected
Alignment most likely contains DNA/RNA sequences
Alignment has 13 sequences with 1692 columns, 775 distinct patterns
566 parsimony-informative, 261 singleton sites, 865 constant sites
           Gap/Ambiguity  Composition  p-value
   1  DrolusSFB    0.83%    passed     98.81%
   2  Dino         0.53%    passed     80.18%
   3  MJM3360      4.61%    passed     78.43%
   4  DrobinSFB    0.53%    passed     91.01%
   5  Neam         1.83%    passed     98.09%
   6  RuprSFB      5.20%    passed     80.52%
   7  Retr         1.18%    passed     98.34%
   8  Beta        16.31%    passed     76.90%
   9  Spol        13.30%    passed     83.14%
  10  MJM1652      0.77%    passed     93.10%
  11  NepSFB      10.99%    passed     82.55%
  12  WPYJ         1.48%    passed     92.58%
  13  MJM2940      0.83%    passed     94.09%
****  TOTAL        4.49%  0 sequences failed composition chi2 test (p-value<5%; df=3)

Create initial parsimony tree by phylogenetic likelihood library (PLL)... 0.001 seconds

NOTE: 1 MB RAM (0 GB) is required!
Estimate model parameters (epsilon = 0.100)
1. Initial log-likelihood: -11193.980
2. Current log-likelihood: -10717.001
3. Current log-likelihood: -10712.064
Optimal log-likelihood: -10711.981
Rate parameters:  A-C: 1.82882  A-G: 5.70437  A-T: 2.01219  C-G: 2.01719  C-T: 7.51216  G-T: 1.00000
Base frequencies:  A: 0.289  C: 0.186  G: 0.249  T: 0.276
Gamma shape alpha: 0.431
Parameters optimization took 3 rounds (0.040 sec)
Computing ML distances based on estimated model parameters... 0.002 sec
Computing BIONJ tree...
0.002 seconds
Log-likelihood of BIONJ tree: -10712.236
--------------------------------------------------------------------
|             INITIALIZING CANDIDATE TREE SET                      |
--------------------------------------------------------------------
Generating 98 parsimony trees... 0.097 second
Computing log-likelihood of 96 initial trees ... 0.434 seconds
Current best score: -10711.981

Do NNI search on 20 best initial trees
Estimate model parameters (epsilon = 0.100)
BETTER TREE FOUND at iteration 1: -10711.979
Iteration 10 / LogL: -10711.983 / Time: 0h:0m:0s
Iteration 20 / LogL: -10712.041 / Time: 0h:0m:1s
Finish initializing candidate tree set (2)
Current best tree score: -10711.979 / CPU time: 1.159
Number of iterations: 20
--------------------------------------------------------------------
|               OPTIMIZING CANDIDATE TREE SET                      |
--------------------------------------------------------------------
Iteration 30 / LogL: -10712.076 / Time: 0h:0m:1s (0h:0m:4s left)
Iteration 40 / LogL: -10711.989 / Time: 0h:0m:2s (0h:0m:3s left)
Iteration 50 / LogL: -10711.980 / Time: 0h:0m:2s (0h:0m:2s left)
Iteration 60 / LogL: -10712.304 / Time: 0h:0m:3s (0h:0m:2s left)
Iteration 70 / LogL: -10712.104 / Time: 0h:0m:3s (0h:0m:1s left)
Iteration 80 / LogL: -10712.282 / Time: 0h:0m:3s (0h:0m:1s left)
Iteration 90 / LogL: -10711.983 / Time: 0h:0m:4s (0h:0m:0s left)
Iteration 100 / LogL: -10711.982 / Time: 0h:0m:4s (0h:0m:0s left)
TREE SEARCH COMPLETED AFTER 102 ITERATIONS / Time: 0h:0m:4s

--------------------------------------------------------------------
|                    FINALIZING TREE SEARCH                        |
--------------------------------------------------------------------
Performs final model parameters optimization
Estimate model parameters (epsilon = 0.010)
1. Initial log-likelihood: -10711.979
Optimal log-likelihood: -10711.978
Rate parameters:  A-C: 1.82876  A-G: 5.71424  A-T: 2.01482  C-G: 2.02219  C-T: 7.52509  G-T: 1.00000
Base frequencies:  A: 0.289  C: 0.186  G: 0.249  T: 0.276
Gamma shape alpha: 0.431
Parameters optimization took 1 rounds (0.005 sec)
BEST SCORE FOUND : -10711.978

Testing tree branches by SH-like aLRT with 1000 replicates...
0.098 sec.
Total tree length: 1.626

Total number of iterations: 102
CPU time used for tree search: 6.098 sec (0h:0m:6s)
Wall-clock time used for tree search: 4.936 sec (0h:0m:4s)
Total CPU time used: 6.550 sec (0h:0m:6s)
Total wall-clock time used: 5.099 sec (0h:0m:5s)

Analysis results written to: 
  IQ-TREE report:                cluster1631rr.1to1ortho.fa.aln-cln_gene458.fa.iqtree
  Maximum-likelihood tree:       cluster1631rr.1to1ortho.fa.aln-cln_gene458.fa.treefile
  Likelihood distances:          cluster1631rr.1to1ortho.fa.aln-cln_gene458.fa.mldist
  Screen log file:               cluster1631rr.1to1ortho.fa.aln-cln_gene458.fa.log

Date and Time: Mon Nov 25 09:46:34 2019
