IQ-TREE multicore version 1.6.11 for Mac OS X 64-bit built Jul 12 2019
Developed by Bui Quang Minh, Nguyen Lam Tung, Olga Chernomor,
Heiko Schmidt, Dominik Schrempf, Michael Woodhams.

Host:    slpc437 (AVX2, FMA3, 16 GB RAM)
Command: iqtree -s cluster4241rr.1to1ortho.fa.aln-cln_gene35.fa -nt 4 -m GTR+G -alrt 1000
Seed:    899997 (Using SPRNG - Scalable Parallel Random Number Generator)
Time:    Mon Nov 25 10:47:07 2019
Kernel:  AVX+FMA - 4 threads (6 CPU cores detected)

Reading alignment file cluster4241rr.1to1ortho.fa.aln-cln_gene35.fa ... Fasta format detected
Alignment most likely contains DNA/RNA sequences
Alignment has 13 sequences with 3648 columns, 1307 distinct patterns
1085 parsimony-informative, 405 singleton sites, 2158 constant sites
           Gap/Ambiguity  Composition  p-value
   1  DrolusSFB   16.26%    passed     94.40%
   2  Dino         0.19%    failed      4.27%
   3  MJM3360      0.25%    passed     14.57%
   4  DrobinSFB    0.08%    passed      7.82%
   5  Neam        18.83%    passed     19.98%
   6  RuprSFB      0.16%    passed     66.44%
   7  Retr        48.46%    passed     84.76%
   8  Beta         0.66%    passed     18.43%
   9  Spol        17.93%    passed     31.10%
  10  MJM1652      0.08%    failed      1.57%
  11  NepSFB       0.00%    passed     14.59%
  12  WPYJ        37.99%    passed     95.01%
  13  MJM2940      0.08%    passed     35.03%
****  TOTAL       10.84%  2 sequences failed composition chi2 test (p-value<5%; df=3)

Create initial parsimony tree by phylogenetic likelihood library (PLL)... 0.001 seconds

NOTE: 2 MB RAM (0 GB) is required!
Estimate model parameters (epsilon = 0.100)
1. Initial log-likelihood: -21221.950
2. Current log-likelihood: -20076.709
3. Current log-likelihood: -20057.499
4. Current log-likelihood: -20056.906
Optimal log-likelihood: -20056.876
Rate parameters:  A-C: 1.55503  A-G: 4.29637  A-T: 1.44072  C-G: 1.02587  C-T: 6.28070  G-T: 1.00000
Base frequencies:  A: 0.255  C: 0.191  G: 0.262  T: 0.292
Gamma shape alpha: 0.288
Parameters optimization took 4 rounds (0.062 sec)
Computing ML distances based on estimated model parameters... 0.002 sec
Computing BIONJ tree...
0.002 seconds
Log-likelihood of BIONJ tree: -20058.215
--------------------------------------------------------------------
|             INITIALIZING CANDIDATE TREE SET                      |
--------------------------------------------------------------------
Generating 98 parsimony trees... 0.128 second
Computing log-likelihood of 98 initial trees ... 0.525 seconds
Current best score: -20056.876

Do NNI search on 20 best initial trees
Estimate model parameters (epsilon = 0.100)
BETTER TREE FOUND at iteration 1: -20046.233
Iteration 10 / LogL: -20046.249 / Time: 0h:0m:1s
Iteration 20 / LogL: -20046.267 / Time: 0h:0m:1s
Finish initializing candidate tree set (1)
Current best tree score: -20046.233 / CPU time: 1.393
Number of iterations: 20
--------------------------------------------------------------------
|               OPTIMIZING CANDIDATE TREE SET                      |
--------------------------------------------------------------------
Iteration 30 / LogL: -20046.461 / Time: 0h:0m:1s (0h:0m:4s left)
Iteration 40 / LogL: -20046.247 / Time: 0h:0m:2s (0h:0m:3s left)
UPDATE BEST LOG-LIKELIHOOD: -20046.233
Iteration 50 / LogL: -20046.408 / Time: 0h:0m:3s (0h:0m:3s left)
Iteration 60 / LogL: -20046.251 / Time: 0h:0m:3s (0h:0m:2s left)
Iteration 70 / LogL: -20046.455 / Time: 0h:0m:4s (0h:0m:1s left)
Iteration 80 / LogL: -20046.324 / Time: 0h:0m:4s (0h:0m:1s left)
Iteration 90 / LogL: -20046.654 / Time: 0h:0m:5s (0h:0m:0s left)
Iteration 100 / LogL: -20046.248 / Time: 0h:0m:5s (0h:0m:0s left)
TREE SEARCH COMPLETED AFTER 102 ITERATIONS / Time: 0h:0m:5s

--------------------------------------------------------------------
|                    FINALIZING TREE SEARCH                        |
--------------------------------------------------------------------
Performs final model parameters optimization
Estimate model parameters (epsilon = 0.010)
1. Initial log-likelihood: -20046.233
Optimal log-likelihood: -20046.230
Rate parameters:  A-C: 1.52912  A-G: 4.32670  A-T: 1.43462  C-G: 0.98649  C-T: 6.29723  G-T: 1.00000
Base frequencies:  A: 0.255  C: 0.191  G: 0.262  T: 0.292
Gamma shape alpha: 0.288
Parameters optimization took 1 rounds (0.007 sec)
BEST SCORE FOUND : -20046.230

Testing tree branches by SH-like aLRT with 1000 replicates...
0.187 sec.
Total tree length: 1.533

Total number of iterations: 102
CPU time used for tree search: 8.694 sec (0h:0m:8s)
Wall-clock time used for tree search: 5.653 sec (0h:0m:5s)
Total CPU time used: 9.582 sec (0h:0m:9s)
Total wall-clock time used: 5.932 sec (0h:0m:5s)

Analysis results written to: 
  IQ-TREE report:                cluster4241rr.1to1ortho.fa.aln-cln_gene35.fa.iqtree
  Maximum-likelihood tree:       cluster4241rr.1to1ortho.fa.aln-cln_gene35.fa.treefile
  Likelihood distances:          cluster4241rr.1to1ortho.fa.aln-cln_gene35.fa.mldist
  Screen log file:               cluster4241rr.1to1ortho.fa.aln-cln_gene35.fa.log

Date and Time: Mon Nov 25 10:47:13 2019
