IQ-TREE multicore version 1.6.11 for Mac OS X 64-bit built Jul 12 2019
Developed by Bui Quang Minh, Nguyen Lam Tung, Olga Chernomor,
Heiko Schmidt, Dominik Schrempf, Michael Woodhams.

Host:    slpc437 (AVX2, FMA3, 16 GB RAM)
Command: iqtree -s cluster2165rr.1to1ortho.fa.aln-cln_gene980.fa -nt 4 -m GTR+G -alrt 1000
Seed:    213194 (Using SPRNG - Scalable Parallel Random Number Generator)
Time:    Mon Nov 25 09:58:20 2019
Kernel:  AVX+FMA - 4 threads (6 CPU cores detected)

Reading alignment file cluster2165rr.1to1ortho.fa.aln-cln_gene980.fa ... Fasta format detected
Alignment most likely contains DNA/RNA sequences
Alignment has 13 sequences with 1477 columns, 764 distinct patterns
630 parsimony-informative, 211 singleton sites, 636 constant sites
           Gap/Ambiguity  Composition  p-value
   1  DrolusSFB    0.27%    passed     98.38%
   2  Dino         1.29%    passed     48.57%
   3  MJM3360      7.65%    passed     75.01%
   4  DrobinSFB    3.11%    passed     61.45%
   5  Neam         0.27%    passed     63.49%
   6  RuprSFB      3.66%    passed     96.26%
   7  Retr         4.13%    passed      9.93%
   8  Beta         2.57%    passed     11.18%
   9  Spol         2.17%    passed     28.57%
  10  MJM1652      1.62%    passed     38.47%
  11  NepSFB       0.27%    passed     43.06%
  12  WPYJ         7.65%    passed     94.79%
  13  MJM2940      0.27%    passed     75.05%
****  TOTAL        2.69%  0 sequences failed composition chi2 test (p-value<5%; df=3)

Create initial parsimony tree by phylogenetic likelihood library (PLL)... 0.001 seconds

NOTE: 1 MB RAM (0 GB) is required!
Estimate model parameters (epsilon = 0.100)
1. Initial log-likelihood: -11332.050
2. Current log-likelihood: -10946.950
3. Current log-likelihood: -10943.468
Optimal log-likelihood: -10943.368
Rate parameters:  A-C: 1.99930  A-G: 4.63162  A-T: 1.80997  C-G: 1.73378  C-T: 6.50368  G-T: 1.00000
Base frequencies:  A: 0.273  C: 0.211  G: 0.240  T: 0.277
Gamma shape alpha: 0.552
Parameters optimization took 3 rounds (0.046 sec)
Computing ML distances based on estimated model parameters... 0.002 sec
Computing BIONJ tree...
0.002 seconds
Log-likelihood of BIONJ tree: -10941.858
--------------------------------------------------------------------
|             INITIALIZING CANDIDATE TREE SET                      |
--------------------------------------------------------------------
Generating 98 parsimony trees... 0.101 second
Computing log-likelihood of 97 initial trees ... 0.438 seconds
Current best score: -10941.858

Do NNI search on 20 best initial trees
Estimate model parameters (epsilon = 0.100)
BETTER TREE FOUND at iteration 1: -10941.842
Iteration 10 / LogL: -10941.848 / Time: 0h:0m:0s
Iteration 20 / LogL: -10941.866 / Time: 0h:0m:1s
Finish initializing candidate tree set (2)
Current best tree score: -10941.842 / CPU time: 1.142
Number of iterations: 20
--------------------------------------------------------------------
|               OPTIMIZING CANDIDATE TREE SET                      |
--------------------------------------------------------------------
Iteration 30 / LogL: -10941.859 / Time: 0h:0m:1s (0h:0m:3s left)
Iteration 40 / LogL: -10951.432 / Time: 0h:0m:2s (0h:0m:3s left)
Iteration 50 / LogL: -10951.371 / Time: 0h:0m:2s (0h:0m:2s left)
Iteration 60 / LogL: -10951.828 / Time: 0h:0m:2s (0h:0m:1s left)
Iteration 70 / LogL: -10942.785 / Time: 0h:0m:3s (0h:0m:1s left)
Iteration 80 / LogL: -10952.290 / Time: 0h:0m:3s (0h:0m:0s left)
Iteration 90 / LogL: -10951.394 / Time: 0h:0m:3s (0h:0m:0s left)
Iteration 100 / LogL: -10941.917 / Time: 0h:0m:4s (0h:0m:0s left)
TREE SEARCH COMPLETED AFTER 102 ITERATIONS / Time: 0h:0m:4s

--------------------------------------------------------------------
|                    FINALIZING TREE SEARCH                        |
--------------------------------------------------------------------
Performs final model parameters optimization
Estimate model parameters (epsilon = 0.010)
1. Initial log-likelihood: -10941.842
Optimal log-likelihood: -10941.840
Rate parameters:  A-C: 2.01089  A-G: 4.61825  A-T: 1.80316  C-G: 1.70921  C-T: 6.52921  G-T: 1.00000
Base frequencies:  A: 0.273  C: 0.211  G: 0.240  T: 0.277
Gamma shape alpha: 0.552
Parameters optimization took 1 rounds (0.005 sec)
BEST SCORE FOUND : -10941.840

Testing tree branches by SH-like aLRT with 1000 replicates...
0.090 sec.
Total tree length: 2.033

Total number of iterations: 102
CPU time used for tree search: 5.417 sec (0h:0m:5s)
Wall-clock time used for tree search: 4.379 sec (0h:0m:4s)
Total CPU time used: 5.849 sec (0h:0m:5s)
Total wall-clock time used: 4.540 sec (0h:0m:4s)

Analysis results written to: 
  IQ-TREE report:                cluster2165rr.1to1ortho.fa.aln-cln_gene980.fa.iqtree
  Maximum-likelihood tree:       cluster2165rr.1to1ortho.fa.aln-cln_gene980.fa.treefile
  Likelihood distances:          cluster2165rr.1to1ortho.fa.aln-cln_gene980.fa.mldist
  Screen log file:               cluster2165rr.1to1ortho.fa.aln-cln_gene980.fa.log

Date and Time: Mon Nov 25 09:58:24 2019
