IQ-TREE multicore version 1.6.11 for Mac OS X 64-bit built Jul 12 2019
Developed by Bui Quang Minh, Nguyen Lam Tung, Olga Chernomor,
Heiko Schmidt, Dominik Schrempf, Michael Woodhams.

Host:    slpc437 (AVX2, FMA3, 16 GB RAM)
Command: iqtree -s cluster3527rr.1to1ortho.fa.aln-cln_gene708.fa -nt 4 -m GTR+G -alrt 1000
Seed:    648969 (Using SPRNG - Scalable Parallel Random Number Generator)
Time:    Mon Nov 25 10:32:19 2019
Kernel:  AVX+FMA - 4 threads (6 CPU cores detected)

Reading alignment file cluster3527rr.1to1ortho.fa.aln-cln_gene708.fa ... Fasta format detected
Alignment most likely contains DNA/RNA sequences
Alignment has 13 sequences with 1308 columns, 632 distinct patterns
466 parsimony-informative, 182 singleton sites, 660 constant sites
           Gap/Ambiguity  Composition  p-value
   1  DrolusSFB    0.00%    passed     79.04%
   2  Dino         1.61%    passed     63.81%
   3  MJM3360     15.52%    passed     72.44%
   4  DrobinSFB    0.54%    passed     22.73%
   5  Neam         0.23%    passed     45.50%
   6  RuprSFB     16.13%    passed     47.94%
   7  Retr         6.42%    passed     64.11%
   8  Beta         3.82%    failed      2.64%
   9  Spol         3.82%    passed     29.32%
  10  MJM1652      5.28%    passed     94.30%
  11  NepSFB       0.23%    passed     50.84%
  12  WPYJ        29.59%    passed      5.64%
  13  MJM2940      6.65%    passed     58.96%
****  TOTAL        6.91%  1 sequences failed composition chi2 test (p-value<5%; df=3)

Create initial parsimony tree by phylogenetic likelihood library (PLL)... 0.001 seconds

NOTE: 1 MB RAM (0 GB) is required!
Estimate model parameters (epsilon = 0.100)
1. Initial log-likelihood: -8777.163
2. Current log-likelihood: -8399.222
3. Current log-likelihood: -8396.406
Optimal log-likelihood: -8396.352
Rate parameters:  A-C: 1.77240  A-G: 4.42463  A-T: 1.44973  C-G: 1.59258  C-T: 6.25129  G-T: 1.00000
Base frequencies:  A: 0.269  C: 0.211  G: 0.249  T: 0.272
Gamma shape alpha: 0.439
Parameters optimization took 3 rounds (0.039 sec)
Computing ML distances based on estimated model parameters... 0.001 sec
Computing BIONJ tree...
0.002 seconds
Log-likelihood of BIONJ tree: -8403.528
--------------------------------------------------------------------
|             INITIALIZING CANDIDATE TREE SET                      |
--------------------------------------------------------------------
Generating 98 parsimony trees... 0.087 second
Computing log-likelihood of 98 initial trees ... 0.434 seconds
Current best score: -8393.519

Do NNI search on 20 best initial trees
Estimate model parameters (epsilon = 0.100)
BETTER TREE FOUND at iteration 1: -8393.464
Iteration 10 / LogL: -8393.468 / Time: 0h:0m:0s
Iteration 20 / LogL: -8393.658 / Time: 0h:0m:1s
Finish initializing candidate tree set (1)
Current best tree score: -8393.464 / CPU time: 1.062
Number of iterations: 20
--------------------------------------------------------------------
|               OPTIMIZING CANDIDATE TREE SET                      |
--------------------------------------------------------------------
UPDATE BEST LOG-LIKELIHOOD: -8393.464
Iteration 30 / LogL: -8393.656 / Time: 0h:0m:1s (0h:0m:3s left)
Iteration 40 / LogL: -8394.052 / Time: 0h:0m:1s (0h:0m:2s left)
Iteration 50 / LogL: -8393.563 / Time: 0h:0m:2s (0h:0m:2s left)
Iteration 60 / LogL: -8397.601 / Time: 0h:0m:2s (0h:0m:1s left)
Iteration 70 / LogL: -8415.388 / Time: 0h:0m:3s (0h:0m:1s left)
Iteration 80 / LogL: -8393.469 / Time: 0h:0m:3s (0h:0m:0s left)
Iteration 90 / LogL: -8393.601 / Time: 0h:0m:3s (0h:0m:0s left)
Iteration 100 / LogL: -8415.324 / Time: 0h:0m:4s (0h:0m:0s left)
TREE SEARCH COMPLETED AFTER 102 ITERATIONS / Time: 0h:0m:4s

--------------------------------------------------------------------
|                    FINALIZING TREE SEARCH                        |
--------------------------------------------------------------------
Performs final model parameters optimization
Estimate model parameters (epsilon = 0.010)
1. Initial log-likelihood: -8393.464
Optimal log-likelihood: -8393.460
Rate parameters:  A-C: 1.77486  A-G: 4.42845  A-T: 1.45284  C-G: 1.59256  C-T: 6.27218  G-T: 1.00000
Base frequencies:  A: 0.269  C: 0.211  G: 0.249  T: 0.272
Gamma shape alpha: 0.441
Parameters optimization took 1 rounds (0.005 sec)
BEST SCORE FOUND : -8393.460

Testing tree branches by SH-like aLRT with 1000 replicates...
0.082 sec.
Total tree length: 1.695

Total number of iterations: 102
CPU time used for tree search: 4.974 sec (0h:0m:4s)
Wall-clock time used for tree search: 4.330 sec (0h:0m:4s)
Total CPU time used: 5.350 sec (0h:0m:5s)
Total wall-clock time used: 4.476 sec (0h:0m:4s)

Analysis results written to: 
  IQ-TREE report:                cluster3527rr.1to1ortho.fa.aln-cln_gene708.fa.iqtree
  Maximum-likelihood tree:       cluster3527rr.1to1ortho.fa.aln-cln_gene708.fa.treefile
  Likelihood distances:          cluster3527rr.1to1ortho.fa.aln-cln_gene708.fa.mldist
  Screen log file:               cluster3527rr.1to1ortho.fa.aln-cln_gene708.fa.log

Date and Time: Mon Nov 25 10:32:24 2019
