IQ-TREE multicore version 1.6.11 for Mac OS X 64-bit built Jul 12 2019
Developed by Bui Quang Minh, Nguyen Lam Tung, Olga Chernomor,
Heiko Schmidt, Dominik Schrempf, Michael Woodhams.

Host:    slpc437 (AVX2, FMA3, 16 GB RAM)
Command: iqtree -s cluster5095rr.1to1ortho.fa.aln-cln_gene1085.fa -nt 4 -m GTR+G -alrt 1000
Seed:    852505 (Using SPRNG - Scalable Parallel Random Number Generator)
Time:    Mon Nov 25 11:05:14 2019
Kernel:  AVX+FMA - 4 threads (6 CPU cores detected)

Reading alignment file cluster5095rr.1to1ortho.fa.aln-cln_gene1085.fa ... Fasta format detected
Alignment most likely contains DNA/RNA sequences
Alignment has 13 sequences with 1572 columns, 712 distinct patterns
551 parsimony-informative, 204 singleton sites, 817 constant sites
           Gap/Ambiguity  Composition  p-value
   1  DrolusSFB    0.64%    passed     22.69%
   2  Dino         0.57%    passed     95.78%
   3  MJM3360      0.64%    failed      0.56%
   4  DrobinSFB    0.19%    passed     25.71%
   5  Neam         0.19%    passed     95.98%
   6  RuprSFB      0.45%    passed     86.95%
   7  Retr        13.23%    passed     64.36%
   8  Beta         0.70%    failed      4.15%
   9  Spol         0.00%    failed      4.05%
  10  MJM1652      0.19%    passed     75.27%
  11  NepSFB       0.19%    passed     94.25%
  12  WPYJ        45.61%    passed     70.94%
  13  MJM2940      0.19%    passed     67.30%
****  TOTAL        4.83%  3 sequences failed composition chi2 test (p-value<5%; df=3)

Create initial parsimony tree by phylogenetic likelihood library (PLL)... 0.001 seconds

NOTE: 1 MB RAM (0 GB) is required!
Estimate model parameters (epsilon = 0.100)
1. Initial log-likelihood: -10443.532
2. Current log-likelihood: -9975.748
3. Current log-likelihood: -9970.569
4. Current log-likelihood: -9970.468
Optimal log-likelihood: -9970.444
Rate parameters:  A-C: 2.32908  A-G: 4.53841  A-T: 1.87084  C-G: 1.46827  C-T: 7.54746  G-T: 1.00000
Base frequencies:  A: 0.267  C: 0.189  G: 0.277  T: 0.267
Gamma shape alpha: 0.388
Parameters optimization took 4 rounds (0.042 sec)
Computing ML distances based on estimated model parameters... 0.001 sec
Computing BIONJ tree...
0.002 seconds
Log-likelihood of BIONJ tree: -9971.739
--------------------------------------------------------------------
|             INITIALIZING CANDIDATE TREE SET                      |
--------------------------------------------------------------------
Generating 98 parsimony trees... 0.089 second
Computing log-likelihood of 98 initial trees ... 0.443 seconds
Current best score: -9970.444

Do NNI search on 20 best initial trees
Estimate model parameters (epsilon = 0.100)
BETTER TREE FOUND at iteration 1: -9969.566
Estimate model parameters (epsilon = 0.100)
BETTER TREE FOUND at iteration 2: -9969.294
Iteration 10 / LogL: -10004.588 / Time: 0h:0m:0s
Iteration 20 / LogL: -9969.640 / Time: 0h:0m:1s
Finish initializing candidate tree set (5)
Current best tree score: -9969.294 / CPU time: 1.303
Number of iterations: 20
--------------------------------------------------------------------
|               OPTIMIZING CANDIDATE TREE SET                      |
--------------------------------------------------------------------
Iteration 30 / LogL: -9972.410 / Time: 0h:0m:1s (0h:0m:4s left)
UPDATE BEST LOG-LIKELIHOOD: -9969.294
Iteration 40 / LogL: -9972.675 / Time: 0h:0m:2s (0h:0m:3s left)
Iteration 50 / LogL: -9970.194 / Time: 0h:0m:2s (0h:0m:2s left)
Iteration 60 / LogL: -9969.646 / Time: 0h:0m:3s (0h:0m:2s left)
Iteration 70 / LogL: -9969.641 / Time: 0h:0m:3s (0h:0m:1s left)
Iteration 80 / LogL: -9969.308 / Time: 0h:0m:4s (0h:0m:1s left)
UPDATE BEST LOG-LIKELIHOOD: -9969.294
Iteration 90 / LogL: -9971.688 / Time: 0h:0m:4s (0h:0m:0s left)
Iteration 100 / LogL: -9969.781 / Time: 0h:0m:5s (0h:0m:0s left)
TREE SEARCH COMPLETED AFTER 103 ITERATIONS / Time: 0h:0m:5s

--------------------------------------------------------------------
|                    FINALIZING TREE SEARCH                        |
--------------------------------------------------------------------
Performs final model parameters optimization
Estimate model parameters (epsilon = 0.010)
1. Initial log-likelihood: -9969.294
Optimal log-likelihood: -9969.294
Rate parameters:  A-C: 2.47056  A-G: 4.73000  A-T: 1.96858  C-G: 1.56203  C-T: 7.87761  G-T: 1.00000
Base frequencies:  A: 0.267  C: 0.189  G: 0.277  T: 0.267
Gamma shape alpha: 0.387
Parameters optimization took 1 rounds (0.005 sec)
BEST SCORE FOUND : -9969.294

Testing tree branches by SH-like aLRT with 1000 replicates...
0.094 sec.
Total tree length: 1.737

Total number of iterations: 103
CPU time used for tree search: 6.101 sec (0h:0m:6s)
Wall-clock time used for tree search: 5.078 sec (0h:0m:5s)
Total CPU time used: 6.531 sec (0h:0m:6s)
Total wall-clock time used: 5.238 sec (0h:0m:5s)

Analysis results written to: 
  IQ-TREE report:                cluster5095rr.1to1ortho.fa.aln-cln_gene1085.fa.iqtree
  Maximum-likelihood tree:       cluster5095rr.1to1ortho.fa.aln-cln_gene1085.fa.treefile
  Likelihood distances:          cluster5095rr.1to1ortho.fa.aln-cln_gene1085.fa.mldist
  Screen log file:               cluster5095rr.1to1ortho.fa.aln-cln_gene1085.fa.log

Date and Time: Mon Nov 25 11:05:20 2019
