IQ-TREE multicore version 1.6.11 for Mac OS X 64-bit built Jul 12 2019
Developed by Bui Quang Minh, Nguyen Lam Tung, Olga Chernomor,
Heiko Schmidt, Dominik Schrempf, Michael Woodhams.

Host:    slpc437 (AVX2, FMA3, 16 GB RAM)
Command: iqtree -s cluster2471rr.1to1ortho.fa.aln-cln_gene198.fa -nt 4 -m GTR+G -alrt 1000
Seed:    735977 (Using SPRNG - Scalable Parallel Random Number Generator)
Time:    Mon Nov 25 10:04:44 2019
Kernel:  AVX+FMA - 4 threads (6 CPU cores detected)

Reading alignment file cluster2471rr.1to1ortho.fa.aln-cln_gene198.fa ... Fasta format detected
Alignment most likely contains DNA/RNA sequences
Alignment has 13 sequences with 681 columns, 337 distinct patterns
239 parsimony-informative, 122 singleton sites, 320 constant sites
           Gap/Ambiguity  Composition  p-value
   1  DrolusSFB    2.06%    passed     98.39%
   2  Dino         0.15%    passed     88.78%
   3  MJM3360      0.29%    passed     83.86%
   4  DrobinSFB    0.15%    passed     83.54%
   5  Neam         0.00%    passed     93.57%
   6  RuprSFB      7.93%    passed     99.51%
   7  Retr         0.44%    passed     59.96%
   8  Beta         3.52%    passed     87.58%
   9  Spol         3.52%    passed     89.92%
  10  MJM1652      1.17%    passed     95.18%
  11  NepSFB       0.00%    passed     86.33%
  12  WPYJ         0.44%    passed     94.63%
  13  MJM2940      0.00%    passed     87.18%
****  TOTAL        1.51%  0 sequences failed composition chi2 test (p-value<5%; df=3)

Create initial parsimony tree by phylogenetic likelihood library (PLL)... 0.000 seconds

NOTE: 0 MB RAM (0 GB) is required!
WARNING: Number of threads seems too high for short alignments. Use -nt AUTO to determine best number of threads.
Estimate model parameters (epsilon = 0.100)
1. Initial log-likelihood: -4592.538
2. Current log-likelihood: -4425.562
3. Current log-likelihood: -4423.076
Optimal log-likelihood: -4423.051
Rate parameters:  A-C: 2.24530  A-G: 5.54904  A-T: 1.75937  C-G: 2.17167  C-T: 7.44414  G-T: 1.00000
Base frequencies:  A: 0.287  C: 0.190  G: 0.261  T: 0.262
Gamma shape alpha: 0.565
Parameters optimization took 3 rounds (0.031 sec)
Computing ML distances based on estimated model parameters... 0.001 sec
Computing BIONJ tree...
0.002 seconds
Log-likelihood of BIONJ tree: -4423.481
--------------------------------------------------------------------
|             INITIALIZING CANDIDATE TREE SET                      |
--------------------------------------------------------------------
Generating 98 parsimony trees... 0.066 second
Computing log-likelihood of 98 initial trees ... 0.397 seconds
Current best score: -4423.051

Do NNI search on 20 best initial trees
Estimate model parameters (epsilon = 0.100)
BETTER TREE FOUND at iteration 1: -4422.342
Iteration 10 / LogL: -4422.344 / Time: 0h:0m:0s
Iteration 20 / LogL: -4422.354 / Time: 0h:0m:1s
Finish initializing candidate tree set (2)
Current best tree score: -4422.342 / CPU time: 0.981
Number of iterations: 20
--------------------------------------------------------------------
|               OPTIMIZING CANDIDATE TREE SET                      |
--------------------------------------------------------------------
Iteration 30 / LogL: -4423.573 / Time: 0h:0m:1s (0h:0m:3s left)
Iteration 40 / LogL: -4422.860 / Time: 0h:0m:1s (0h:0m:3s left)
Iteration 50 / LogL: -4422.569 / Time: 0h:0m:2s (0h:0m:2s left)
Iteration 60 / LogL: -4422.362 / Time: 0h:0m:2s (0h:0m:2s left)
Iteration 70 / LogL: -4422.860 / Time: 0h:0m:3s (0h:0m:1s left)
Iteration 80 / LogL: -4422.860 / Time: 0h:0m:3s (0h:0m:1s left)
Iteration 90 / LogL: -4422.384 / Time: 0h:0m:4s (0h:0m:0s left)
Iteration 100 / LogL: -4422.356 / Time: 0h:0m:4s (0h:0m:0s left)
TREE SEARCH COMPLETED AFTER 102 ITERATIONS / Time: 0h:0m:4s

--------------------------------------------------------------------
|                    FINALIZING TREE SEARCH                        |
--------------------------------------------------------------------
Performs final model parameters optimization
Estimate model parameters (epsilon = 0.010)
1. Initial log-likelihood: -4422.342
Optimal log-likelihood: -4422.333
Rate parameters:  A-C: 2.27928  A-G: 5.72688  A-T: 1.81553  C-G: 2.15946  C-T: 7.59895  G-T: 1.00000
Base frequencies:  A: 0.287  C: 0.190  G: 0.261  T: 0.262
Gamma shape alpha: 0.568
Parameters optimization took 1 rounds (0.005 sec)
BEST SCORE FOUND : -4422.333

Testing tree branches by SH-like aLRT with 1000 replicates...
0.050 sec.
Total tree length: 1.554

Total number of iterations: 102
CPU time used for tree search: 4.560 sec (0h:0m:4s)
Wall-clock time used for tree search: 4.893 sec (0h:0m:4s)
Total CPU time used: 4.778 sec (0h:0m:4s)
Total wall-clock time used: 4.998 sec (0h:0m:4s)

Analysis results written to: 
  IQ-TREE report:                cluster2471rr.1to1ortho.fa.aln-cln_gene198.fa.iqtree
  Maximum-likelihood tree:       cluster2471rr.1to1ortho.fa.aln-cln_gene198.fa.treefile
  Likelihood distances:          cluster2471rr.1to1ortho.fa.aln-cln_gene198.fa.mldist
  Screen log file:               cluster2471rr.1to1ortho.fa.aln-cln_gene198.fa.log

Date and Time: Mon Nov 25 10:04:49 2019
