IQ-TREE multicore version 1.6.11 for Mac OS X 64-bit built Jul 12 2019
Developed by Bui Quang Minh, Nguyen Lam Tung, Olga Chernomor,
Heiko Schmidt, Dominik Schrempf, Michael Woodhams.

Host:    slpc437 (AVX2, FMA3, 16 GB RAM)
Command: iqtree -s cluster1201rr.1to1ortho.fa.aln-cln_gene875.fa -nt 4 -m GTR+G -alrt 1000
Seed:    571638 (Using SPRNG - Scalable Parallel Random Number Generator)
Time:    Mon Nov 25 09:38:49 2019
Kernel:  AVX+FMA - 4 threads (6 CPU cores detected)

Reading alignment file cluster1201rr.1to1ortho.fa.aln-cln_gene875.fa ... Fasta format detected
Alignment most likely contains DNA/RNA sequences
Alignment has 13 sequences with 1968 columns, 791 distinct patterns
636 parsimony-informative, 234 singleton sites, 1098 constant sites
           Gap/Ambiguity  Composition  p-value
   1  DrolusSFB    0.51%    passed     87.06%
   2  Dino         0.30%    passed     61.67%
   3  MJM3360      0.15%    failed      3.46%
   4  DrobinSFB    2.90%    passed      6.04%
   5  Neam         0.00%    passed     78.33%
   6  RuprSFB      0.71%    passed     44.13%
   7  Retr         1.27%    passed     20.56%
   8  Beta         0.15%    passed     15.64%
   9  Spol         0.00%    passed     12.66%
  10  MJM1652      0.30%    passed     95.91%
  11  NepSFB       0.15%    passed     84.47%
  12  WPYJ        49.39%    failed      3.94%
  13  MJM2940      0.00%    passed     19.97%
****  TOTAL        4.30%  2 sequences failed composition chi2 test (p-value<5%; df=3)

Create initial parsimony tree by phylogenetic likelihood library (PLL)... 0.001 seconds

NOTE: 1 MB RAM (0 GB) is required!
Estimate model parameters (epsilon = 0.100)
1. Initial log-likelihood: -12994.787
2. Current log-likelihood: -12380.853
3. Current log-likelihood: -12373.656
4. Current log-likelihood: -12373.452
Optimal log-likelihood: -12373.446
Rate parameters:  A-C: 2.11163  A-G: 4.85806  A-T: 1.49065  C-G: 1.36914  C-T: 5.46607  G-T: 1.00000
Base frequencies:  A: 0.208  C: 0.206  G: 0.253  T: 0.333
Gamma shape alpha: 0.307
Parameters optimization took 4 rounds (0.046 sec)
Computing ML distances based on estimated model parameters... 0.002 sec
Computing BIONJ tree...
0.002 seconds
Log-likelihood of BIONJ tree: -12370.534
--------------------------------------------------------------------
|             INITIALIZING CANDIDATE TREE SET                      |
--------------------------------------------------------------------
Generating 98 parsimony trees... 0.099 second
Computing log-likelihood of 96 initial trees ... 0.435 seconds
Current best score: -12370.534

Do NNI search on 20 best initial trees
Estimate model parameters (epsilon = 0.100)
BETTER TREE FOUND at iteration 1: -12370.525
Iteration 10 / LogL: -12370.542 / Time: 0h:0m:0s
Iteration 20 / LogL: -12371.175 / Time: 0h:0m:1s
Finish initializing candidate tree set (1)
Current best tree score: -12370.525 / CPU time: 1.133
Number of iterations: 20
--------------------------------------------------------------------
|               OPTIMIZING CANDIDATE TREE SET                      |
--------------------------------------------------------------------
Iteration 30 / LogL: -12371.354 / Time: 0h:0m:1s (0h:0m:3s left)
Iteration 40 / LogL: -12371.153 / Time: 0h:0m:1s (0h:0m:3s left)
Iteration 50 / LogL: -12371.438 / Time: 0h:0m:2s (0h:0m:2s left)
Iteration 60 / LogL: -12370.637 / Time: 0h:0m:2s (0h:0m:1s left)
UPDATE BEST LOG-LIKELIHOOD: -12370.525
Iteration 70 / LogL: -12371.385 / Time: 0h:0m:3s (0h:0m:1s left)
UPDATE BEST LOG-LIKELIHOOD: -12370.525
Iteration 80 / LogL: -12370.709 / Time: 0h:0m:3s (0h:0m:0s left)
Iteration 90 / LogL: -12372.280 / Time: 0h:0m:3s (0h:0m:0s left)
Iteration 100 / LogL: -12371.338 / Time: 0h:0m:4s (0h:0m:0s left)
TREE SEARCH COMPLETED AFTER 102 ITERATIONS / Time: 0h:0m:4s

--------------------------------------------------------------------
|                    FINALIZING TREE SEARCH                        |
--------------------------------------------------------------------
Performs final model parameters optimization
Estimate model parameters (epsilon = 0.010)
1. Initial log-likelihood: -12370.525
Optimal log-likelihood: -12370.523
Rate parameters:  A-C: 2.10398  A-G: 4.85592  A-T: 1.50323  C-G: 1.37248  C-T: 5.49015  G-T: 1.00000
Base frequencies:  A: 0.208  C: 0.206  G: 0.253  T: 0.333
Gamma shape alpha: 0.308
Parameters optimization took 1 rounds (0.005 sec)
BEST SCORE FOUND : -12370.523

Testing tree branches by SH-like aLRT with 1000 replicates...
0.111 sec.
Total tree length: 1.664

Total number of iterations: 102
CPU time used for tree search: 5.167 sec (0h:0m:5s)
Wall-clock time used for tree search: 4.108 sec (0h:0m:4s)
Total CPU time used: 5.680 sec (0h:0m:5s)
Total wall-clock time used: 4.289 sec (0h:0m:4s)

Analysis results written to: 
  IQ-TREE report:                cluster1201rr.1to1ortho.fa.aln-cln_gene875.fa.iqtree
  Maximum-likelihood tree:       cluster1201rr.1to1ortho.fa.aln-cln_gene875.fa.treefile
  Likelihood distances:          cluster1201rr.1to1ortho.fa.aln-cln_gene875.fa.mldist
  Screen log file:               cluster1201rr.1to1ortho.fa.aln-cln_gene875.fa.log

Date and Time: Mon Nov 25 09:38:53 2019
