IQ-TREE multicore version 1.6.11 for Mac OS X 64-bit built Jul 12 2019
Developed by Bui Quang Minh, Nguyen Lam Tung, Olga Chernomor,
Heiko Schmidt, Dominik Schrempf, Michael Woodhams.

Host:    slpc437 (AVX2, FMA3, 16 GB RAM)
Command: iqtree -s cluster1506rr.1to1ortho.fa.aln-cln_gene1220.fa -nt 4 -m GTR+G -alrt 1000
Seed:    653392 (Using SPRNG - Scalable Parallel Random Number Generator)
Time:    Mon Nov 25 09:43:51 2019
Kernel:  AVX+FMA - 4 threads (6 CPU cores detected)

Reading alignment file cluster1506rr.1to1ortho.fa.aln-cln_gene1220.fa ... Fasta format detected
Alignment most likely contains DNA/RNA sequences
Alignment has 13 sequences with 2274 columns, 1063 distinct patterns
817 parsimony-informative, 382 singleton sites, 1075 constant sites
           Gap/Ambiguity  Composition  p-value
   1  DrolusSFB    0.26%    passed     85.11%
   2  Dino         0.92%    passed     95.02%
   3  MJM3360      1.10%    passed     80.63%
   4  DrobinSFB    0.79%    passed     61.23%
   5  Neam         4.49%    passed     96.24%
   6  RuprSFB      0.53%    passed     35.93%
   7  Retr        48.02%    passed     35.66%
   8  Beta         0.26%    passed     90.77%
   9  Spol         0.26%    passed     54.34%
  10  MJM1652      0.79%    passed     80.82%
  11  NepSFB       4.49%    passed     95.67%
  12  WPYJ        40.50%    passed     58.01%
  13  MJM2940      0.26%    passed     94.86%
****  TOTAL        7.90%  0 sequences failed composition chi2 test (p-value<5%; df=3)

Create initial parsimony tree by phylogenetic likelihood library (PLL)... 0.001 seconds

NOTE: 1 MB RAM (0 GB) is required!
Estimate model parameters (epsilon = 0.100)
1. Initial log-likelihood: -15218.171
2. Current log-likelihood: -14683.532
3. Current log-likelihood: -14680.992
Optimal log-likelihood: -14680.957
Rate parameters:  A-C: 1.32852  A-G: 3.87062  A-T: 1.60586  C-G: 1.08325  C-T: 4.97489  G-T: 1.00000
Base frequencies:  A: 0.283  C: 0.198  G: 0.244  T: 0.275
Gamma shape alpha: 0.571
Parameters optimization took 3 rounds (0.047 sec)
Computing ML distances based on estimated model parameters... 0.002 sec
Computing BIONJ tree...
0.002 seconds
Log-likelihood of BIONJ tree: -14680.956
--------------------------------------------------------------------
|             INITIALIZING CANDIDATE TREE SET                      |
--------------------------------------------------------------------
Generating 99 parsimony trees... 0.112 second
Computing log-likelihood of 99 initial trees ... 0.493 seconds
Current best score: -14680.956

Do NNI search on 20 best initial trees
Estimate model parameters (epsilon = 0.100)
BETTER TREE FOUND at iteration 1: -14680.956
Iteration 10 / LogL: -14680.959 / Time: 0h:0m:0s
Iteration 20 / LogL: -14680.971 / Time: 0h:0m:1s
Finish initializing candidate tree set (1)
Current best tree score: -14680.956 / CPU time: 1.324
Number of iterations: 20
--------------------------------------------------------------------
|               OPTIMIZING CANDIDATE TREE SET                      |
--------------------------------------------------------------------
UPDATE BEST LOG-LIKELIHOOD: -14680.956
Iteration 30 / LogL: -14680.976 / Time: 0h:0m:1s (0h:0m:4s left)
Iteration 40 / LogL: -14680.999 / Time: 0h:0m:2s (0h:0m:3s left)
Iteration 50 / LogL: -14680.967 / Time: 0h:0m:2s (0h:0m:2s left)
Iteration 60 / LogL: -14681.103 / Time: 0h:0m:3s (0h:0m:2s left)
Iteration 70 / LogL: -14680.961 / Time: 0h:0m:3s (0h:0m:1s left)
Iteration 80 / LogL: -14681.054 / Time: 0h:0m:4s (0h:0m:1s left)
Iteration 90 / LogL: -14680.981 / Time: 0h:0m:4s (0h:0m:0s left)
Iteration 100 / LogL: -14680.979 / Time: 0h:0m:5s (0h:0m:0s left)
TREE SEARCH COMPLETED AFTER 102 ITERATIONS / Time: 0h:0m:5s

--------------------------------------------------------------------
|                    FINALIZING TREE SEARCH                        |
--------------------------------------------------------------------
Performs final model parameters optimization
Estimate model parameters (epsilon = 0.010)
1. Initial log-likelihood: -14680.956
Optimal log-likelihood: -14680.956
Rate parameters:  A-C: 1.32894  A-G: 3.87350  A-T: 1.60573  C-G: 1.08250  C-T: 4.96970  G-T: 1.00000
Base frequencies:  A: 0.283  C: 0.198  G: 0.244  T: 0.275
Gamma shape alpha: 0.571
Parameters optimization took 1 rounds (0.005 sec)
BEST SCORE FOUND : -14680.956

Testing tree branches by SH-like aLRT with 1000 replicates...
0.127 sec.
Total tree length: 1.622

Total number of iterations: 102
CPU time used for tree search: 7.445 sec (0h:0m:7s)
Wall-clock time used for tree search: 5.297 sec (0h:0m:5s)
Total CPU time used: 8.041 sec (0h:0m:8s)
Total wall-clock time used: 5.496 sec (0h:0m:5s)

Analysis results written to: 
  IQ-TREE report:                cluster1506rr.1to1ortho.fa.aln-cln_gene1220.fa.iqtree
  Maximum-likelihood tree:       cluster1506rr.1to1ortho.fa.aln-cln_gene1220.fa.treefile
  Likelihood distances:          cluster1506rr.1to1ortho.fa.aln-cln_gene1220.fa.mldist
  Screen log file:               cluster1506rr.1to1ortho.fa.aln-cln_gene1220.fa.log

Date and Time: Mon Nov 25 09:43:57 2019
