IQ-TREE multicore version 1.6.11 for Mac OS X 64-bit built Jul 12 2019
Developed by Bui Quang Minh, Nguyen Lam Tung, Olga Chernomor,
Heiko Schmidt, Dominik Schrempf, Michael Woodhams.

Host:    slpc437 (AVX2, FMA3, 16 GB RAM)
Command: iqtree -s cluster1222rr.1to1ortho.fa.aln-cln_gene1208.fa -nt 4 -m GTR+G -alrt 1000
Seed:    860126 (Using SPRNG - Scalable Parallel Random Number Generator)
Time:    Mon Nov 25 09:39:18 2019
Kernel:  AVX+FMA - 4 threads (6 CPU cores detected)

Reading alignment file cluster1222rr.1to1ortho.fa.aln-cln_gene1208.fa ... Fasta format detected
Alignment most likely contains DNA/RNA sequences
Alignment has 13 sequences with 1605 columns, 867 distinct patterns
589 parsimony-informative, 284 singleton sites, 732 constant sites
           Gap/Ambiguity  Composition  p-value
   1  DrolusSFB    4.05%    passed     65.80%
   2  Dino         9.35%    passed     93.08%
   3  MJM3360     49.47%    passed     51.18%
   4  DrobinSFB   26.54%    passed     33.85%
   5  Neam         0.06%    passed     55.88%
   6  RuprSFB      3.24%    passed     55.44%
   7  Retr        49.41%    passed     35.24%
   8  Beta        52.65%    passed     47.27%
   9  Spol         4.36%    passed     76.57%
  10  MJM1652      1.74%    passed     80.33%
  11  NepSFB       0.06%    passed     59.11%
  12  WPYJ        15.33%    passed     95.04%
  13  MJM2940     20.25%    passed     89.22%
WARNING: 1 sequences contain more than 50% gaps/ambiguity
****  TOTAL       18.19%  0 sequences failed composition chi2 test (p-value<5%; df=3)

Create initial parsimony tree by phylogenetic likelihood library (PLL)... 0.001 seconds

NOTE: 1 MB RAM (0 GB) is required!
Estimate model parameters (epsilon = 0.100)
1. Initial log-likelihood: -10609.009
2. Current log-likelihood: -10194.469
3. Current log-likelihood: -10192.538
Optimal log-likelihood: -10192.503
Rate parameters:  A-C: 1.41311  A-G: 4.18607  A-T: 1.40369  C-G: 1.40091  C-T: 4.96986  G-T: 1.00000
Base frequencies:  A: 0.259  C: 0.212  G: 0.235  T: 0.294
Gamma shape alpha: 0.652
Parameters optimization took 3 rounds (0.054 sec)
Computing ML distances based on estimated model parameters... 0.002 sec
Computing BIONJ tree...
0.002 seconds
Log-likelihood of BIONJ tree: -10197.565
--------------------------------------------------------------------
|             INITIALIZING CANDIDATE TREE SET                      |
--------------------------------------------------------------------
Generating 98 parsimony trees... 0.099 second
Computing log-likelihood of 98 initial trees ... 0.475 seconds
Current best score: -10192.503

Do NNI search on 20 best initial trees
Estimate model parameters (epsilon = 0.100)
BETTER TREE FOUND at iteration 1: -10192.502
Iteration 10 / LogL: -10192.558 / Time: 0h:0m:0s
Iteration 20 / LogL: -10192.588 / Time: 0h:0m:1s
Finish initializing candidate tree set (1)
Current best tree score: -10192.502 / CPU time: 1.224
Number of iterations: 20
--------------------------------------------------------------------
|               OPTIMIZING CANDIDATE TREE SET                      |
--------------------------------------------------------------------
Iteration 30 / LogL: -10192.616 / Time: 0h:0m:1s (0h:0m:4s left)
Iteration 40 / LogL: -10192.784 / Time: 0h:0m:2s (0h:0m:3s left)
Iteration 50 / LogL: -10192.572 / Time: 0h:0m:2s (0h:0m:2s left)
Iteration 60 / LogL: -10192.537 / Time: 0h:0m:2s (0h:0m:2s left)
Iteration 70 / LogL: -10192.515 / Time: 0h:0m:3s (0h:0m:1s left)
Iteration 80 / LogL: -10193.664 / Time: 0h:0m:3s (0h:0m:0s left)
Iteration 90 / LogL: -10192.557 / Time: 0h:0m:4s (0h:0m:0s left)
Iteration 100 / LogL: -10193.043 / Time: 0h:0m:4s (0h:0m:0s left)
TREE SEARCH COMPLETED AFTER 102 ITERATIONS / Time: 0h:0m:4s

--------------------------------------------------------------------
|                    FINALIZING TREE SEARCH                        |
--------------------------------------------------------------------
Performs final model parameters optimization
Estimate model parameters (epsilon = 0.010)
1. Initial log-likelihood: -10192.502
Optimal log-likelihood: -10192.502
Rate parameters:  A-C: 1.41311  A-G: 4.18086  A-T: 1.40290  C-G: 1.39616  C-T: 4.97105  G-T: 1.00000
Base frequencies:  A: 0.259  C: 0.212  G: 0.235  T: 0.294
Gamma shape alpha: 0.652
Parameters optimization took 1 rounds (0.005 sec)
BEST SCORE FOUND : -10192.502

Testing tree branches by SH-like aLRT with 1000 replicates...
0.097 sec.
Total tree length: 1.866

Total number of iterations: 102
CPU time used for tree search: 6.066 sec (0h:0m:6s)
Wall-clock time used for tree search: 4.663 sec (0h:0m:4s)
Total CPU time used: 6.553 sec (0h:0m:6s)
Total wall-clock time used: 4.840 sec (0h:0m:4s)

Analysis results written to: 
  IQ-TREE report:                cluster1222rr.1to1ortho.fa.aln-cln_gene1208.fa.iqtree
  Maximum-likelihood tree:       cluster1222rr.1to1ortho.fa.aln-cln_gene1208.fa.treefile
  Likelihood distances:          cluster1222rr.1to1ortho.fa.aln-cln_gene1208.fa.mldist
  Screen log file:               cluster1222rr.1to1ortho.fa.aln-cln_gene1208.fa.log

Date and Time: Mon Nov 25 09:39:23 2019
