IQ-TREE multicore version 1.6.11 for Mac OS X 64-bit built Jul 12 2019
Developed by Bui Quang Minh, Nguyen Lam Tung, Olga Chernomor,
Heiko Schmidt, Dominik Schrempf, Michael Woodhams.

Host:    slpc437 (AVX2, FMA3, 16 GB RAM)
Command: iqtree -s cluster1880rr.1to1ortho.fa.aln-cln_gene1024.fa -nt 4 -m GTR+G -alrt 1000
Seed:    80859 (Using SPRNG - Scalable Parallel Random Number Generator)
Time:    Mon Nov 25 09:51:04 2019
Kernel:  AVX+FMA - 4 threads (6 CPU cores detected)

Reading alignment file cluster1880rr.1to1ortho.fa.aln-cln_gene1024.fa ... Fasta format detected
Alignment most likely contains DNA/RNA sequences
Alignment has 13 sequences with 993 columns, 497 distinct patterns
372 parsimony-informative, 142 singleton sites, 479 constant sites
           Gap/Ambiguity  Composition  p-value
   1  DrolusSFB    0.00%    passed     63.19%
   2  Dino         0.91%    passed     78.51%
   3  MJM3360      1.01%    passed     43.08%
   4  DrobinSFB    0.91%    passed     76.16%
   5  Neam         0.00%    passed     55.04%
   6  RuprSFB      0.30%    passed     73.09%
   7  Retr        28.20%    passed     85.59%
   8  Beta        17.02%    passed     97.06%
   9  Spol         0.00%    passed     80.23%
  10  MJM1652      1.31%    passed     99.15%
  11  NepSFB       0.00%    passed     60.77%
  12  WPYJ         1.01%    passed     76.29%
  13  MJM2940      0.00%    passed     79.58%
****  TOTAL        3.90%  0 sequences failed composition chi2 test (p-value<5%; df=3)

Create initial parsimony tree by phylogenetic likelihood library (PLL)... 0.001 seconds

NOTE: 0 MB RAM (0 GB) is required!
Estimate model parameters (epsilon = 0.100)
1. Initial log-likelihood: -6901.497
2. Current log-likelihood: -6652.718
3. Current log-likelihood: -6650.974
Optimal log-likelihood: -6650.941
Rate parameters:  A-C: 2.02079  A-G: 5.21529  A-T: 1.88817  C-G: 1.21873  C-T: 5.01944  G-T: 1.00000
Base frequencies:  A: 0.251  C: 0.216  G: 0.252  T: 0.281
Gamma shape alpha: 0.484
Parameters optimization took 3 rounds (0.031 sec)
Computing ML distances based on estimated model parameters... 0.001 sec
Computing BIONJ tree...
0.002 seconds
Log-likelihood of BIONJ tree: -6655.722
--------------------------------------------------------------------
|             INITIALIZING CANDIDATE TREE SET                      |
--------------------------------------------------------------------
Generating 98 parsimony trees... 0.081 second
Computing log-likelihood of 95 initial trees ... 0.405 seconds
Current best score: -6650.941

Do NNI search on 20 best initial trees
Estimate model parameters (epsilon = 0.100)
BETTER TREE FOUND at iteration 1: -6650.941
Iteration 10 / LogL: -6650.948 / Time: 0h:0m:0s
Iteration 20 / LogL: -6651.064 / Time: 0h:0m:1s
Finish initializing candidate tree set (1)
Current best tree score: -6650.941 / CPU time: 0.989
Number of iterations: 20
--------------------------------------------------------------------
|               OPTIMIZING CANDIDATE TREE SET                      |
--------------------------------------------------------------------
Iteration 30 / LogL: -6650.943 / Time: 0h:0m:1s (0h:0m:3s left)
Iteration 40 / LogL: -6650.984 / Time: 0h:0m:1s (0h:0m:2s left)
Iteration 50 / LogL: -6650.962 / Time: 0h:0m:2s (0h:0m:2s left)
Iteration 60 / LogL: -6658.397 / Time: 0h:0m:2s (0h:0m:1s left)
Iteration 70 / LogL: -6658.370 / Time: 0h:0m:3s (0h:0m:1s left)
Iteration 80 / LogL: -6658.368 / Time: 0h:0m:3s (0h:0m:0s left)
Iteration 90 / LogL: -6650.948 / Time: 0h:0m:4s (0h:0m:0s left)
Iteration 100 / LogL: -6650.995 / Time: 0h:0m:4s (0h:0m:0s left)
TREE SEARCH COMPLETED AFTER 102 ITERATIONS / Time: 0h:0m:4s

--------------------------------------------------------------------
|                    FINALIZING TREE SEARCH                        |
--------------------------------------------------------------------
Performs final model parameters optimization
Estimate model parameters (epsilon = 0.010)
1. Initial log-likelihood: -6650.941
Optimal log-likelihood: -6650.941
Rate parameters:  A-C: 2.02058  A-G: 5.21870  A-T: 1.88849  C-G: 1.21895  C-T: 5.02272  G-T: 1.00000
Base frequencies:  A: 0.251  C: 0.216  G: 0.252  T: 0.281
Gamma shape alpha: 0.484
Parameters optimization took 1 rounds (0.004 sec)
BEST SCORE FOUND : -6650.941

Testing tree branches by SH-like aLRT with 1000 replicates...
0.067 sec.
Total tree length: 1.661

Total number of iterations: 102
CPU time used for tree search: 4.851 sec (0h:0m:4s)
Wall-clock time used for tree search: 4.640 sec (0h:0m:4s)
Total CPU time used: 5.140 sec (0h:0m:5s)
Total wall-clock time used: 4.761 sec (0h:0m:4s)

Analysis results written to: 
  IQ-TREE report:                cluster1880rr.1to1ortho.fa.aln-cln_gene1024.fa.iqtree
  Maximum-likelihood tree:       cluster1880rr.1to1ortho.fa.aln-cln_gene1024.fa.treefile
  Likelihood distances:          cluster1880rr.1to1ortho.fa.aln-cln_gene1024.fa.mldist
  Screen log file:               cluster1880rr.1to1ortho.fa.aln-cln_gene1024.fa.log

Date and Time: Mon Nov 25 09:51:08 2019
