IQ-TREE multicore version 1.6.11 for Mac OS X 64-bit built Jul 12 2019
Developed by Bui Quang Minh, Nguyen Lam Tung, Olga Chernomor,
Heiko Schmidt, Dominik Schrempf, Michael Woodhams.

Host:    slpc437 (AVX2, FMA3, 16 GB RAM)
Command: iqtree -s cluster2105rr.1to1ortho.fa.aln-cln_gene733.fa -nt 4 -m GTR+G -alrt 1000
Seed:    496393 (Using SPRNG - Scalable Parallel Random Number Generator)
Time:    Mon Nov 25 09:57:02 2019
Kernel:  AVX+FMA - 4 threads (6 CPU cores detected)

Reading alignment file cluster2105rr.1to1ortho.fa.aln-cln_gene733.fa ... Fasta format detected
Alignment most likely contains DNA/RNA sequences
Alignment has 13 sequences with 1434 columns, 588 distinct patterns
432 parsimony-informative, 198 singleton sites, 804 constant sites
           Gap/Ambiguity  Composition  p-value
   1  DrolusSFB    1.74%    passed     49.91%
   2  Dino         0.21%    passed     99.37%
   3  MJM3360      4.32%    passed     90.84%
   4  DrobinSFB    1.12%    passed     52.26%
   5  Neam         0.42%    passed     76.18%
   6  RuprSFB      0.49%    passed     80.42%
   7  Retr         1.81%    passed     81.90%
   8  Beta         0.00%    passed     81.18%
   9  Spol         0.00%    passed     82.80%
  10  MJM1652      1.26%    passed     91.69%
  11  NepSFB       0.42%    passed     77.81%
  12  WPYJ        43.03%    passed     69.77%
  13  MJM2940      0.42%    passed     87.88%
****  TOTAL        4.25%  0 sequences failed composition chi2 test (p-value<5%; df=3)

Create initial parsimony tree by phylogenetic likelihood library (PLL)... 0.001 seconds

NOTE: 0 MB RAM (0 GB) is required!
Estimate model parameters (epsilon = 0.100)
1. Initial log-likelihood: -8758.625
2. Current log-likelihood: -8362.184
3. Current log-likelihood: -8358.743
Optimal log-likelihood: -8358.697
Rate parameters:  A-C: 1.13476  A-G: 3.77200  A-T: 1.85507  C-G: 0.91774  C-T: 5.52103  G-T: 1.00000
Base frequencies:  A: 0.275  C: 0.200  G: 0.261  T: 0.264
Gamma shape alpha: 0.354
Parameters optimization took 3 rounds (0.035 sec)
Computing ML distances based on estimated model parameters... 0.001 sec
Computing BIONJ tree...
0.002 seconds
Log-likelihood of BIONJ tree: -8351.681
--------------------------------------------------------------------
|             INITIALIZING CANDIDATE TREE SET                      |
--------------------------------------------------------------------
Generating 98 parsimony trees... 0.091 second
Computing log-likelihood of 98 initial trees ... 0.417 seconds
Current best score: -8351.681

Do NNI search on 20 best initial trees
Estimate model parameters (epsilon = 0.100)
BETTER TREE FOUND at iteration 1: -8351.415
Iteration 10 / LogL: -8351.425 / Time: 0h:0m:0s
Iteration 20 / LogL: -8351.557 / Time: 0h:0m:1s
Finish initializing candidate tree set (3)
Current best tree score: -8351.415 / CPU time: 1.167
Number of iterations: 20
--------------------------------------------------------------------
|               OPTIMIZING CANDIDATE TREE SET                      |
--------------------------------------------------------------------
Iteration 30 / LogL: -8385.785 / Time: 0h:0m:1s (0h:0m:4s left)
Iteration 40 / LogL: -8351.417 / Time: 0h:0m:2s (0h:0m:3s left)
Iteration 50 / LogL: -8351.467 / Time: 0h:0m:2s (0h:0m:2s left)
Iteration 60 / LogL: -8351.432 / Time: 0h:0m:3s (0h:0m:2s left)
Iteration 70 / LogL: -8351.498 / Time: 0h:0m:3s (0h:0m:1s left)
Iteration 80 / LogL: -8351.480 / Time: 0h:0m:4s (0h:0m:1s left)
Iteration 90 / LogL: -8351.521 / Time: 0h:0m:4s (0h:0m:0s left)
Iteration 100 / LogL: -8370.327 / Time: 0h:0m:5s (0h:0m:0s left)
TREE SEARCH COMPLETED AFTER 102 ITERATIONS / Time: 0h:0m:5s

--------------------------------------------------------------------
|                    FINALIZING TREE SEARCH                        |
--------------------------------------------------------------------
Performs final model parameters optimization
Estimate model parameters (epsilon = 0.010)
1. Initial log-likelihood: -8351.415
Optimal log-likelihood: -8351.414
Rate parameters:  A-C: 1.12954  A-G: 3.78588  A-T: 1.84315  C-G: 0.90518  C-T: 5.52263  G-T: 1.00000
Base frequencies:  A: 0.275  C: 0.200  G: 0.261  T: 0.264
Gamma shape alpha: 0.355
Parameters optimization took 1 rounds (0.005 sec)
BEST SCORE FOUND : -8351.414

Testing tree branches by SH-like aLRT with 1000 replicates...
0.083 sec.
Total tree length: 1.442

Total number of iterations: 102
CPU time used for tree search: 5.908 sec (0h:0m:5s)
Wall-clock time used for tree search: 5.276 sec (0h:0m:5s)
Total CPU time used: 6.286 sec (0h:0m:6s)
Total wall-clock time used: 5.418 sec (0h:0m:5s)

Analysis results written to: 
  IQ-TREE report:                cluster2105rr.1to1ortho.fa.aln-cln_gene733.fa.iqtree
  Maximum-likelihood tree:       cluster2105rr.1to1ortho.fa.aln-cln_gene733.fa.treefile
  Likelihood distances:          cluster2105rr.1to1ortho.fa.aln-cln_gene733.fa.mldist
  Screen log file:               cluster2105rr.1to1ortho.fa.aln-cln_gene733.fa.log

Date and Time: Mon Nov 25 09:57:07 2019
