IQ-TREE multicore version 1.6.11 for Mac OS X 64-bit built Jul 12 2019
Developed by Bui Quang Minh, Nguyen Lam Tung, Olga Chernomor,
Heiko Schmidt, Dominik Schrempf, Michael Woodhams.

Host:    slpc437 (AVX2, FMA3, 16 GB RAM)
Command: iqtree -s cluster3883rr.1to1ortho.fa.aln-cln_gene1137.fa -nt 4 -m GTR+G -alrt 1000
Seed:    820083 (Using SPRNG - Scalable Parallel Random Number Generator)
Time:    Mon Nov 25 10:39:21 2019
Kernel:  AVX+FMA - 4 threads (6 CPU cores detected)

Reading alignment file cluster3883rr.1to1ortho.fa.aln-cln_gene1137.fa ... Fasta format detected
Alignment most likely contains DNA/RNA sequences
Alignment has 13 sequences with 978 columns, 457 distinct patterns
340 parsimony-informative, 131 singleton sites, 507 constant sites
           Gap/Ambiguity  Composition  p-value
   1  DrolusSFB    0.82%    passed     78.21%
   2  Dino         3.07%    passed     60.35%
   3  MJM3360      0.61%    passed     87.57%
   4  DrobinSFB    0.72%    passed     38.36%
   5  Neam         0.00%    passed     87.13%
   6  RuprSFB      1.23%    passed     95.57%
   7  Retr         5.01%    passed     97.45%
   8  Beta         0.72%    passed     72.97%
   9  Spol        43.05%    passed     74.39%
  10  MJM1652      0.31%    passed     55.46%
  11  NepSFB       0.00%    passed     89.03%
  12  WPYJ         4.09%    passed     58.88%
  13  MJM2940      1.02%    passed     58.89%
****  TOTAL        4.66%  0 sequences failed composition chi2 test (p-value<5%; df=3)

Create initial parsimony tree by phylogenetic likelihood library (PLL)... 0.001 seconds

NOTE: 0 MB RAM (0 GB) is required!
Estimate model parameters (epsilon = 0.100)
1. Initial log-likelihood: -6415.773
2. Current log-likelihood: -6106.129
3. Current log-likelihood: -6102.922
Optimal log-likelihood: -6102.867
Rate parameters:  A-C: 1.49485  A-G: 4.37199  A-T: 1.07416  C-G: 0.97257  C-T: 5.57332  G-T: 1.00000
Base frequencies:  A: 0.293  C: 0.210  G: 0.228  T: 0.269
Gamma shape alpha: 0.408
Parameters optimization took 3 rounds (0.035 sec)
Computing ML distances based on estimated model parameters... 0.001 sec
Computing BIONJ tree...
0.003 seconds
Log-likelihood of BIONJ tree: -6104.915
--------------------------------------------------------------------
|             INITIALIZING CANDIDATE TREE SET                      |
--------------------------------------------------------------------
Generating 98 parsimony trees... 0.075 second
Computing log-likelihood of 98 initial trees ... 0.405 seconds
Current best score: -6100.838

Do NNI search on 20 best initial trees
Estimate model parameters (epsilon = 0.100)
BETTER TREE FOUND at iteration 1: -6100.738
Iteration 10 / LogL: -6100.743 / Time: 0h:0m:0s
Iteration 20 / LogL: -6101.206 / Time: 0h:0m:1s
Finish initializing candidate tree set (1)
Current best tree score: -6100.738 / CPU time: 1.010
Number of iterations: 20
--------------------------------------------------------------------
|               OPTIMIZING CANDIDATE TREE SET                      |
--------------------------------------------------------------------
Iteration 30 / LogL: -6100.742 / Time: 0h:0m:1s (0h:0m:3s left)
UPDATE BEST LOG-LIKELIHOOD: -6100.738
Iteration 40 / LogL: -6100.812 / Time: 0h:0m:1s (0h:0m:2s left)
Iteration 50 / LogL: -6100.815 / Time: 0h:0m:2s (0h:0m:2s left)
Iteration 60 / LogL: -6102.207 / Time: 0h:0m:2s (0h:0m:1s left)
Iteration 70 / LogL: -6100.746 / Time: 0h:0m:2s (0h:0m:1s left)
Iteration 80 / LogL: -6100.976 / Time: 0h:0m:3s (0h:0m:0s left)
UPDATE BEST LOG-LIKELIHOOD: -6100.738
Iteration 90 / LogL: -6100.902 / Time: 0h:0m:3s (0h:0m:0s left)
UPDATE BEST LOG-LIKELIHOOD: -6100.738
Iteration 100 / LogL: -6100.775 / Time: 0h:0m:3s (0h:0m:0s left)
TREE SEARCH COMPLETED AFTER 102 ITERATIONS / Time: 0h:0m:3s

--------------------------------------------------------------------
|                    FINALIZING TREE SEARCH                        |
--------------------------------------------------------------------
Performs final model parameters optimization
Estimate model parameters (epsilon = 0.010)
1. Initial log-likelihood: -6100.738
Optimal log-likelihood: -6100.738
Rate parameters:  A-C: 1.47175  A-G: 4.37474  A-T: 1.07305  C-G: 0.96061  C-T: 5.57742  G-T: 1.00000
Base frequencies:  A: 0.293  C: 0.210  G: 0.228  T: 0.269
Gamma shape alpha: 0.410
Parameters optimization took 1 rounds (0.004 sec)
BEST SCORE FOUND : -6100.738

Testing tree branches by SH-like aLRT with 1000 replicates...
0.064 sec.
Total tree length: 1.581

Total number of iterations: 102
CPU time used for tree search: 3.893 sec (0h:0m:3s)
Wall-clock time used for tree search: 3.801 sec (0h:0m:3s)
Total CPU time used: 4.181 sec (0h:0m:4s)
Total wall-clock time used: 3.923 sec (0h:0m:3s)

Analysis results written to: 
  IQ-TREE report:                cluster3883rr.1to1ortho.fa.aln-cln_gene1137.fa.iqtree
  Maximum-likelihood tree:       cluster3883rr.1to1ortho.fa.aln-cln_gene1137.fa.treefile
  Likelihood distances:          cluster3883rr.1to1ortho.fa.aln-cln_gene1137.fa.mldist
  Screen log file:               cluster3883rr.1to1ortho.fa.aln-cln_gene1137.fa.log

Date and Time: Mon Nov 25 10:39:25 2019
