IQ-TREE multicore version 1.6.11 for Mac OS X 64-bit built Jul 12 2019
Developed by Bui Quang Minh, Nguyen Lam Tung, Olga Chernomor,
Heiko Schmidt, Dominik Schrempf, Michael Woodhams.

Host:    slpc437 (AVX2, FMA3, 16 GB RAM)
Command: iqtree -s cluster2607rr.1to1ortho.fa.aln-cln_gene1062.fa -nt 4 -m GTR+G -alrt 1000
Seed:    684259 (Using SPRNG - Scalable Parallel Random Number Generator)
Time:    Mon Nov 25 10:09:41 2019
Kernel:  AVX+FMA - 4 threads (6 CPU cores detected)

Reading alignment file cluster2607rr.1to1ortho.fa.aln-cln_gene1062.fa ... Fasta format detected
Alignment most likely contains DNA/RNA sequences
Alignment has 13 sequences with 1675 columns, 829 distinct patterns
634 parsimony-informative, 263 singleton sites, 778 constant sites
           Gap/Ambiguity  Composition  p-value
   1  DrolusSFB    1.37%    passed     84.12%
   2  Dino         9.01%    passed     60.69%
   3  MJM3360      2.93%    passed     84.38%
   4  DrobinSFB    3.46%    passed     59.34%
   5  Neam         1.85%    passed     98.55%
   6  RuprSFB      2.21%    passed     97.24%
   7  Retr        18.57%    passed     13.37%
   8  Beta         0.84%    passed     81.63%
   9  Spol         1.19%    passed     93.61%
  10  MJM1652      2.03%    passed     98.20%
  11  NepSFB       1.85%    passed     99.95%
  12  WPYJ         3.64%    passed     84.77%
  13  MJM2940      1.49%    passed     60.17%
****  TOTAL        3.88%  0 sequences failed composition chi2 test (p-value<5%; df=3)

Create initial parsimony tree by phylogenetic likelihood library (PLL)... 0.001 seconds

NOTE: 1 MB RAM (0 GB) is required!
Estimate model parameters (epsilon = 0.100)
1. Initial log-likelihood: -11504.543
2. Current log-likelihood: -11102.550
3. Current log-likelihood: -11099.675
Optimal log-likelihood: -11099.637
Rate parameters:  A-C: 1.57387  A-G: 3.27459  A-T: 1.34705  C-G: 1.07632  C-T: 5.89477  G-T: 1.00000
Base frequencies:  A: 0.303  C: 0.195  G: 0.247  T: 0.254
Gamma shape alpha: 0.581
Parameters optimization took 3 rounds (0.041 sec)
Computing ML distances based on estimated model parameters... 0.002 sec
Computing BIONJ tree...
0.002 seconds
Log-likelihood of BIONJ tree: -11102.938
--------------------------------------------------------------------
|             INITIALIZING CANDIDATE TREE SET                      |
--------------------------------------------------------------------
Generating 98 parsimony trees... 0.094 second
Computing log-likelihood of 97 initial trees ... 0.447 seconds
Current best score: -11099.637

Do NNI search on 20 best initial trees
Estimate model parameters (epsilon = 0.100)
BETTER TREE FOUND at iteration 1: -11099.636
Iteration 10 / LogL: -11100.593 / Time: 0h:0m:0s
Iteration 20 / LogL: -11099.919 / Time: 0h:0m:1s
Finish initializing candidate tree set (1)
Current best tree score: -11099.636 / CPU time: 1.172
Number of iterations: 20
--------------------------------------------------------------------
|               OPTIMIZING CANDIDATE TREE SET                      |
--------------------------------------------------------------------
Iteration 30 / LogL: -11100.520 / Time: 0h:0m:1s (0h:0m:3s left)
Iteration 40 / LogL: -11099.674 / Time: 0h:0m:2s (0h:0m:3s left)
Iteration 50 / LogL: -11099.730 / Time: 0h:0m:2s (0h:0m:2s left)
Iteration 60 / LogL: -11101.429 / Time: 0h:0m:2s (0h:0m:2s left)
Iteration 70 / LogL: -11099.733 / Time: 0h:0m:3s (0h:0m:1s left)
UPDATE BEST LOG-LIKELIHOOD: -11099.636
Iteration 80 / LogL: -11100.375 / Time: 0h:0m:3s (0h:0m:0s left)
UPDATE BEST LOG-LIKELIHOOD: -11099.636
Iteration 90 / LogL: -11099.636 / Time: 0h:0m:4s (0h:0m:0s left)
Iteration 100 / LogL: -11099.686 / Time: 0h:0m:4s (0h:0m:0s left)
TREE SEARCH COMPLETED AFTER 102 ITERATIONS / Time: 0h:0m:4s

--------------------------------------------------------------------
|                    FINALIZING TREE SEARCH                        |
--------------------------------------------------------------------
Performs final model parameters optimization
Estimate model parameters (epsilon = 0.010)
1. Initial log-likelihood: -11099.636
Optimal log-likelihood: -11099.636
Rate parameters:  A-C: 1.57371  A-G: 3.27085  A-T: 1.34670  C-G: 1.07572  C-T: 5.90148  G-T: 1.00000
Base frequencies:  A: 0.303  C: 0.195  G: 0.247  T: 0.254
Gamma shape alpha: 0.581
Parameters optimization took 1 rounds (0.005 sec)
BEST SCORE FOUND : -11099.636

Testing tree branches by SH-like aLRT with 1000 replicates...
0.100 sec.
Total tree length: 1.641

Total number of iterations: 102
CPU time used for tree search: 5.765 sec (0h:0m:5s)
Wall-clock time used for tree search: 4.545 sec (0h:0m:4s)
Total CPU time used: 6.225 sec (0h:0m:6s)
Total wall-clock time used: 4.711 sec (0h:0m:4s)

Analysis results written to: 
  IQ-TREE report:                cluster2607rr.1to1ortho.fa.aln-cln_gene1062.fa.iqtree
  Maximum-likelihood tree:       cluster2607rr.1to1ortho.fa.aln-cln_gene1062.fa.treefile
  Likelihood distances:          cluster2607rr.1to1ortho.fa.aln-cln_gene1062.fa.mldist
  Screen log file:               cluster2607rr.1to1ortho.fa.aln-cln_gene1062.fa.log

Date and Time: Mon Nov 25 10:09:46 2019
