IQ-TREE multicore version 1.6.11 for Mac OS X 64-bit built Jul 12 2019
Developed by Bui Quang Minh, Nguyen Lam Tung, Olga Chernomor,
Heiko Schmidt, Dominik Schrempf, Michael Woodhams.

Host:    slpc437 (AVX2, FMA3, 16 GB RAM)
Command: iqtree -s cluster5290rr.1to1ortho.fa.aln-cln_gene379.fa -nt 4 -m GTR+G -alrt 1000
Seed:    686416 (Using SPRNG - Scalable Parallel Random Number Generator)
Time:    Mon Nov 25 11:05:52 2019
Kernel:  AVX+FMA - 4 threads (6 CPU cores detected)

Reading alignment file cluster5290rr.1to1ortho.fa.aln-cln_gene379.fa ... Fasta format detected
Alignment most likely contains DNA/RNA sequences
Alignment has 13 sequences with 1812 columns, 698 distinct patterns
562 parsimony-informative, 238 singleton sites, 1011 constant sites
           Gap/Ambiguity  Composition  p-value
   1  DrolusSFB    0.17%    passed     98.49%
   2  Dino         1.99%    passed     77.46%
   3  MJM3360      3.09%    passed     83.96%
   4  DrobinSFB    2.59%    passed     88.83%
   5  Neam         0.00%    passed     99.23%
   6  RuprSFB      1.16%    passed     77.86%
   7  Retr         1.66%    passed     99.00%
   8  Beta         1.16%    passed     98.46%
   9  Spol         1.16%    passed     89.11%
  10  MJM1652      2.65%    passed     74.34%
  11  NepSFB       0.00%    passed     99.13%
  12  WPYJ         4.14%    passed     89.57%
  13  MJM2940      0.17%    passed     99.74%
****  TOTAL        1.53%  0 sequences failed composition chi2 test (p-value<5%; df=3)

Create initial parsimony tree by phylogenetic likelihood library (PLL)... 0.001 seconds

NOTE: 1 MB RAM (0 GB) is required!
Estimate model parameters (epsilon = 0.100)
1. Initial log-likelihood: -11182.210
2. Current log-likelihood: -10788.913
3. Current log-likelihood: -10786.009
Optimal log-likelihood: -10785.972
Rate parameters:  A-C: 2.11154  A-G: 4.27926  A-T: 1.73375  C-G: 1.61842  C-T: 6.09221  G-T: 1.00000
Base frequencies:  A: 0.269  C: 0.188  G: 0.264  T: 0.279
Gamma shape alpha: 0.378
Parameters optimization took 3 rounds (0.040 sec)
Computing ML distances based on estimated model parameters... 0.001 sec
Computing BIONJ tree...
0.002 seconds
Log-likelihood of BIONJ tree: -10785.972
--------------------------------------------------------------------
|             INITIALIZING CANDIDATE TREE SET                      |
--------------------------------------------------------------------
Generating 99 parsimony trees... 0.086 second
Computing log-likelihood of 99 initial trees ... 0.421 seconds
Current best score: -10783.528

Do NNI search on 20 best initial trees
Estimate model parameters (epsilon = 0.100)
BETTER TREE FOUND at iteration 1: -10779.940
Iteration 10 / LogL: -10779.959 / Time: 0h:0m:0s
Iteration 20 / LogL: -10780.038 / Time: 0h:0m:1s
Finish initializing candidate tree set (1)
Current best tree score: -10779.940 / CPU time: 1.083
Number of iterations: 20
--------------------------------------------------------------------
|               OPTIMIZING CANDIDATE TREE SET                      |
--------------------------------------------------------------------
Iteration 30 / LogL: -10780.101 / Time: 0h:0m:1s (0h:0m:3s left)
Iteration 40 / LogL: -10779.956 / Time: 0h:0m:1s (0h:0m:2s left)
Iteration 50 / LogL: -10779.984 / Time: 0h:0m:2s (0h:0m:2s left)
Iteration 60 / LogL: -10779.949 / Time: 0h:0m:2s (0h:0m:1s left)
Iteration 70 / LogL: -10780.079 / Time: 0h:0m:2s (0h:0m:1s left)
Iteration 80 / LogL: -10780.021 / Time: 0h:0m:3s (0h:0m:0s left)
Iteration 90 / LogL: -10780.013 / Time: 0h:0m:3s (0h:0m:0s left)
Iteration 100 / LogL: -10779.972 / Time: 0h:0m:4s (0h:0m:0s left)
TREE SEARCH COMPLETED AFTER 102 ITERATIONS / Time: 0h:0m:4s

--------------------------------------------------------------------
|                    FINALIZING TREE SEARCH                        |
--------------------------------------------------------------------
Performs final model parameters optimization
Estimate model parameters (epsilon = 0.010)
1. Initial log-likelihood: -10779.940
Optimal log-likelihood: -10779.938
Rate parameters:  A-C: 2.08421  A-G: 4.29203  A-T: 1.71771  C-G: 1.60458  C-T: 6.09706  G-T: 1.00000
Base frequencies:  A: 0.269  C: 0.188  G: 0.264  T: 0.279
Gamma shape alpha: 0.379
Parameters optimization took 1 rounds (0.005 sec)
BEST SCORE FOUND : -10779.938

Testing tree branches by SH-like aLRT with 1000 replicates...
0.103 sec.
Total tree length: 1.305

Total number of iterations: 102
CPU time used for tree search: 4.942 sec (0h:0m:4s)
Wall-clock time used for tree search: 4.132 sec (0h:0m:4s)
Total CPU time used: 5.407 sec (0h:0m:5s)
Total wall-clock time used: 4.299 sec (0h:0m:4s)

Analysis results written to: 
  IQ-TREE report:                cluster5290rr.1to1ortho.fa.aln-cln_gene379.fa.iqtree
  Maximum-likelihood tree:       cluster5290rr.1to1ortho.fa.aln-cln_gene379.fa.treefile
  Likelihood distances:          cluster5290rr.1to1ortho.fa.aln-cln_gene379.fa.mldist
  Screen log file:               cluster5290rr.1to1ortho.fa.aln-cln_gene379.fa.log

Date and Time: Mon Nov 25 11:05:57 2019
