IQ-TREE multicore version 1.6.11 for Mac OS X 64-bit built Jul 12 2019
Developed by Bui Quang Minh, Nguyen Lam Tung, Olga Chernomor,
Heiko Schmidt, Dominik Schrempf, Michael Woodhams.

Host:    slpc437 (AVX2, FMA3, 16 GB RAM)
Command: iqtree -s cluster3017rr.1to1ortho.fa.aln-cln_gene963.fa -nt 4 -m GTR+G -alrt 1000
Seed:    502007 (Using SPRNG - Scalable Parallel Random Number Generator)
Time:    Mon Nov 25 10:20:12 2019
Kernel:  AVX+FMA - 4 threads (6 CPU cores detected)

Reading alignment file cluster3017rr.1to1ortho.fa.aln-cln_gene963.fa ... Fasta format detected
Alignment most likely contains DNA/RNA sequences
Alignment has 13 sequences with 2789 columns, 1397 distinct patterns
1052 parsimony-informative, 523 singleton sites, 1214 constant sites
           Gap/Ambiguity  Composition  p-value
   1  DrolusSFB    2.01%    passed     40.73%
   2  Dino        41.70%    passed     62.03%
   3  MJM3360     46.32%    passed     92.49%
   4  DrobinSFB   45.50%    passed     70.16%
   5  Neam         0.18%    passed     83.24%
   6  RuprSFB      9.61%    passed     34.25%
   7  Retr        68.88%    passed     43.43%
   8  Beta         1.61%    passed     68.46%
   9  Spol         8.61%    passed     48.17%
  10  MJM1652      6.17%    passed     96.72%
  11  NepSFB       0.18%    passed     83.74%
  12  WPYJ        55.61%    passed     53.95%
  13  MJM2940     38.40%    passed     79.90%
WARNING: 2 sequences contain more than 50% gaps/ambiguity
****  TOTAL       24.98%  0 sequences failed composition chi2 test (p-value<5%; df=3)

Create initial parsimony tree by phylogenetic likelihood library (PLL)... 0.001 seconds

NOTE: 2 MB RAM (0 GB) is required!
Estimate model parameters (epsilon = 0.100)
1. Initial log-likelihood: -17655.041
2. Current log-likelihood: -16933.646
3. Current log-likelihood: -16930.052
Optimal log-likelihood: -16930.030
Rate parameters:  A-C: 1.29437  A-G: 3.91654  A-T: 1.23821  C-G: 1.45891  C-T: 4.65927  G-T: 1.00000
Base frequencies:  A: 0.278  C: 0.195  G: 0.247  T: 0.280
Gamma shape alpha: 0.830
Parameters optimization took 3 rounds (0.053 sec)
Computing ML distances based on estimated model parameters... 0.002 sec
Computing BIONJ tree...
0.002 seconds
Log-likelihood of BIONJ tree: -16930.030
--------------------------------------------------------------------
|             INITIALIZING CANDIDATE TREE SET                      |
--------------------------------------------------------------------
Generating 99 parsimony trees... 0.139 second
Computing log-likelihood of 99 initial trees ... 0.550 seconds
Current best score: -16930.030

Do NNI search on 20 best initial trees
Estimate model parameters (epsilon = 0.100)
BETTER TREE FOUND at iteration 1: -16930.030
Iteration 10 / LogL: -16930.059 / Time: 0h:0m:1s
Iteration 20 / LogL: -16930.087 / Time: 0h:0m:1s
Finish initializing candidate tree set (1)
Current best tree score: -16930.030 / CPU time: 1.336
Number of iterations: 20
--------------------------------------------------------------------
|               OPTIMIZING CANDIDATE TREE SET                      |
--------------------------------------------------------------------
Iteration 30 / LogL: -16931.546 / Time: 0h:0m:1s (0h:0m:4s left)
Iteration 40 / LogL: -16930.060 / Time: 0h:0m:2s (0h:0m:3s left)
Iteration 50 / LogL: -16934.751 / Time: 0h:0m:2s (0h:0m:3s left)
Iteration 60 / LogL: -16930.043 / Time: 0h:0m:3s (0h:0m:2s left)
Iteration 70 / LogL: -16930.573 / Time: 0h:0m:3s (0h:0m:1s left)
Iteration 80 / LogL: -16930.070 / Time: 0h:0m:4s (0h:0m:1s left)
Iteration 90 / LogL: -16930.080 / Time: 0h:0m:4s (0h:0m:0s left)
Iteration 100 / LogL: -16930.508 / Time: 0h:0m:5s (0h:0m:0s left)
TREE SEARCH COMPLETED AFTER 102 ITERATIONS / Time: 0h:0m:5s

--------------------------------------------------------------------
|                    FINALIZING TREE SEARCH                        |
--------------------------------------------------------------------
Performs final model parameters optimization
Estimate model parameters (epsilon = 0.010)
1. Initial log-likelihood: -16930.030
Optimal log-likelihood: -16930.030
Rate parameters:  A-C: 1.29349  A-G: 3.91709  A-T: 1.23671  C-G: 1.45919  C-T: 4.65830  G-T: 1.00000
Base frequencies:  A: 0.278  C: 0.195  G: 0.247  T: 0.280
Gamma shape alpha: 0.830
Parameters optimization took 1 rounds (0.007 sec)
BEST SCORE FOUND : -16930.030

Testing tree branches by SH-like aLRT with 1000 replicates...
0.151 sec.
Total tree length: 1.941

Total number of iterations: 102
CPU time used for tree search: 8.139 sec (0h:0m:8s)
Wall-clock time used for tree search: 5.157 sec (0h:0m:5s)
Total CPU time used: 8.869 sec (0h:0m:8s)
Total wall-clock time used: 5.390 sec (0h:0m:5s)

Analysis results written to: 
  IQ-TREE report:                cluster3017rr.1to1ortho.fa.aln-cln_gene963.fa.iqtree
  Maximum-likelihood tree:       cluster3017rr.1to1ortho.fa.aln-cln_gene963.fa.treefile
  Likelihood distances:          cluster3017rr.1to1ortho.fa.aln-cln_gene963.fa.mldist
  Screen log file:               cluster3017rr.1to1ortho.fa.aln-cln_gene963.fa.log

Date and Time: Mon Nov 25 10:20:17 2019
