IQ-TREE multicore version 1.6.11 for Mac OS X 64-bit built Jul 12 2019
Developed by Bui Quang Minh, Nguyen Lam Tung, Olga Chernomor,
Heiko Schmidt, Dominik Schrempf, Michael Woodhams.

Host:    slpc437 (AVX2, FMA3, 16 GB RAM)
Command: iqtree -s cluster5098rr.1to1ortho.fa.aln-cln_gene318.fa -nt 4 -m GTR+G -alrt 1000
Seed:    107422 (Using SPRNG - Scalable Parallel Random Number Generator)
Time:    Mon Nov 25 11:05:20 2019
Kernel:  AVX+FMA - 4 threads (6 CPU cores detected)

Reading alignment file cluster5098rr.1to1ortho.fa.aln-cln_gene318.fa ... Fasta format detected
Alignment most likely contains DNA/RNA sequences
Alignment has 13 sequences with 849 columns, 403 distinct patterns
291 parsimony-informative, 122 singleton sites, 436 constant sites
           Gap/Ambiguity  Composition  p-value
   1  DrolusSFB    0.00%    passed     79.22%
   2  Dino         0.12%    passed     93.02%
   3  MJM3360     18.14%    passed     52.09%
   4  DrobinSFB    9.89%    passed     82.38%
   5  Neam         0.00%    passed     81.91%
   6  RuprSFB     16.25%    passed     66.92%
   7  Retr        14.25%    passed     81.09%
   8  Beta        15.19%    passed     31.23%
   9  Spol        12.60%    passed     34.79%
  10  MJM1652      0.00%    passed     66.13%
  11  NepSFB       0.00%    passed     85.67%
  12  WPYJ        15.55%    passed     82.37%
  13  MJM2940      0.00%    passed     93.98%
****  TOTAL        7.85%  0 sequences failed composition chi2 test (p-value<5%; df=3)

Create initial parsimony tree by phylogenetic likelihood library (PLL)... 0.000 seconds

NOTE: 0 MB RAM (0 GB) is required!
Estimate model parameters (epsilon = 0.100)
1. Initial log-likelihood: -5356.897
2. Current log-likelihood: -5151.814
3. Current log-likelihood: -5149.615
Optimal log-likelihood: -5149.599
Rate parameters:  A-C: 1.99551  A-G: 5.29125  A-T: 2.24232  C-G: 1.91977  C-T: 7.33297  G-T: 1.00000
Base frequencies:  A: 0.249  C: 0.202  G: 0.275  T: 0.274
Gamma shape alpha: 0.472
Parameters optimization took 3 rounds (0.049 sec)
Computing ML distances based on estimated model parameters... 0.001 sec
Computing BIONJ tree...
0.002 seconds
Log-likelihood of BIONJ tree: -5148.129
--------------------------------------------------------------------
|             INITIALIZING CANDIDATE TREE SET                      |
--------------------------------------------------------------------
Generating 98 parsimony trees... 0.066 second
Computing log-likelihood of 96 initial trees ... 0.384 seconds
Current best score: -5148.129

Do NNI search on 20 best initial trees
Estimate model parameters (epsilon = 0.100)
BETTER TREE FOUND at iteration 1: -5147.080
Iteration 10 / LogL: -5147.120 / Time: 0h:0m:0s
Iteration 20 / LogL: -5147.101 / Time: 0h:0m:1s
Finish initializing candidate tree set (1)
Current best tree score: -5147.080 / CPU time: 1.027
Number of iterations: 20
--------------------------------------------------------------------
|               OPTIMIZING CANDIDATE TREE SET                      |
--------------------------------------------------------------------
Iteration 30 / LogL: -5147.116 / Time: 0h:0m:1s (0h:0m:3s left)
Iteration 40 / LogL: -5153.873 / Time: 0h:0m:1s (0h:0m:2s left)
Iteration 50 / LogL: -5153.821 / Time: 0h:0m:2s (0h:0m:2s left)
Iteration 60 / LogL: -5147.101 / Time: 0h:0m:2s (0h:0m:1s left)
Iteration 70 / LogL: -5147.082 / Time: 0h:0m:3s (0h:0m:1s left)
Iteration 80 / LogL: -5147.099 / Time: 0h:0m:3s (0h:0m:0s left)
Iteration 90 / LogL: -5153.821 / Time: 0h:0m:3s (0h:0m:0s left)
Iteration 100 / LogL: -5147.084 / Time: 0h:0m:4s (0h:0m:0s left)
TREE SEARCH COMPLETED AFTER 102 ITERATIONS / Time: 0h:0m:4s

--------------------------------------------------------------------
|                    FINALIZING TREE SEARCH                        |
--------------------------------------------------------------------
Performs final model parameters optimization
Estimate model parameters (epsilon = 0.010)
1. Initial log-likelihood: -5147.080
Optimal log-likelihood: -5147.078
Rate parameters:  A-C: 1.99922  A-G: 5.26724  A-T: 2.20618  C-G: 1.93429  C-T: 7.39788  G-T: 1.00000
Base frequencies:  A: 0.249  C: 0.202  G: 0.275  T: 0.274
Gamma shape alpha: 0.474
Parameters optimization took 1 rounds (0.004 sec)
BEST SCORE FOUND : -5147.078

Testing tree branches by SH-like aLRT with 1000 replicates...
0.056 sec.
Total tree length: 1.554

Total number of iterations: 102
CPU time used for tree search: 4.082 sec (0h:0m:4s)
Wall-clock time used for tree search: 4.185 sec (0h:0m:4s)
Total CPU time used: 4.372 sec (0h:0m:4s)
Total wall-clock time used: 4.315 sec (0h:0m:4s)

Analysis results written to: 
  IQ-TREE report:                cluster5098rr.1to1ortho.fa.aln-cln_gene318.fa.iqtree
  Maximum-likelihood tree:       cluster5098rr.1to1ortho.fa.aln-cln_gene318.fa.treefile
  Likelihood distances:          cluster5098rr.1to1ortho.fa.aln-cln_gene318.fa.mldist
  Screen log file:               cluster5098rr.1to1ortho.fa.aln-cln_gene318.fa.log

Date and Time: Mon Nov 25 11:05:24 2019
