IQ-TREE multicore version 1.6.11 for Mac OS X 64-bit built Jul 12 2019
Developed by Bui Quang Minh, Nguyen Lam Tung, Olga Chernomor,
Heiko Schmidt, Dominik Schrempf, Michael Woodhams.

Host:    slpc437 (AVX2, FMA3, 16 GB RAM)
Command: iqtree -s cluster4530rr.1to1ortho.fa.aln-cln_gene33.fa -nt 4 -m GTR+G -alrt 1000
Seed:    821084 (Using SPRNG - Scalable Parallel Random Number Generator)
Time:    Mon Nov 25 10:54:22 2019
Kernel:  AVX+FMA - 4 threads (6 CPU cores detected)

Reading alignment file cluster4530rr.1to1ortho.fa.aln-cln_gene33.fa ... Fasta format detected
Alignment most likely contains DNA/RNA sequences
Alignment has 13 sequences with 3643 columns, 1446 distinct patterns
1122 parsimony-informative, 482 singleton sites, 2038 constant sites
           Gap/Ambiguity  Composition  p-value
   1  DrolusSFB    2.50%    passed     85.80%
   2  Dino         1.56%    passed     54.94%
   3  MJM3360     12.24%    failed      4.12%
   4  DrobinSFB   21.00%    passed     12.21%
   5  Neam         1.59%    passed     95.57%
   6  RuprSFB      5.13%    passed     29.67%
   7  Retr        24.16%    failed      4.85%
   8  Beta         1.40%    passed     12.45%
   9  Spol         1.37%    passed      7.74%
  10  MJM1652     20.86%    passed      5.35%
  11  NepSFB       1.43%    passed     92.11%
  12  WPYJ        53.23%    failed      0.26%
  13  MJM2940      1.84%    passed     56.99%
WARNING: 1 sequences contain more than 50% gaps/ambiguity
****  TOTAL       11.41%  3 sequences failed composition chi2 test (p-value<5%; df=3)

Create initial parsimony tree by phylogenetic likelihood library (PLL)... 0.002 seconds

NOTE: 2 MB RAM (0 GB) is required!
Estimate model parameters (epsilon = 0.100)
1. Initial log-likelihood: -21424.036
2. Current log-likelihood: -20452.633
3. Current log-likelihood: -20440.412
4. Current log-likelihood: -20440.094
Optimal log-likelihood: -20440.071
Rate parameters:  A-C: 1.57201  A-G: 3.47019  A-T: 1.22122  C-G: 0.90826  C-T: 5.53324  G-T: 1.00000
Base frequencies:  A: 0.286  C: 0.182  G: 0.271  T: 0.260
Gamma shape alpha: 0.338
Parameters optimization took 4 rounds (0.064 sec)
Computing ML distances based on estimated model parameters... 0.002 sec
Computing BIONJ tree...
0.002 seconds
Log-likelihood of BIONJ tree: -20440.071
--------------------------------------------------------------------
|             INITIALIZING CANDIDATE TREE SET                      |
--------------------------------------------------------------------
Generating 99 parsimony trees... 0.141 second
Computing log-likelihood of 98 initial trees ... 0.537 seconds
Current best score: -20440.071

Do NNI search on 20 best initial trees
Estimate model parameters (epsilon = 0.100)
BETTER TREE FOUND at iteration 1: -20436.522
Iteration 10 / LogL: -20436.579 / Time: 0h:0m:1s
Iteration 20 / LogL: -20436.613 / Time: 0h:0m:1s
Finish initializing candidate tree set (1)
Current best tree score: -20436.522 / CPU time: 1.449
Number of iterations: 20
--------------------------------------------------------------------
|               OPTIMIZING CANDIDATE TREE SET                      |
--------------------------------------------------------------------
Iteration 30 / LogL: -20436.589 / Time: 0h:0m:2s (0h:0m:4s left)
Iteration 40 / LogL: -20436.573 / Time: 0h:0m:2s (0h:0m:3s left)
Iteration 50 / LogL: -20437.374 / Time: 0h:0m:2s (0h:0m:2s left)
Iteration 60 / LogL: -20436.534 / Time: 0h:0m:3s (0h:0m:2s left)
Iteration 70 / LogL: -20438.474 / Time: 0h:0m:3s (0h:0m:1s left)
Iteration 80 / LogL: -20437.880 / Time: 0h:0m:4s (0h:0m:1s left)
Iteration 90 / LogL: -20436.570 / Time: 0h:0m:4s (0h:0m:0s left)
Iteration 100 / LogL: -20436.562 / Time: 0h:0m:5s (0h:0m:0s left)
TREE SEARCH COMPLETED AFTER 102 ITERATIONS / Time: 0h:0m:5s

--------------------------------------------------------------------
|                    FINALIZING TREE SEARCH                        |
--------------------------------------------------------------------
Performs final model parameters optimization
Estimate model parameters (epsilon = 0.010)
1. Initial log-likelihood: -20436.522
2. Current log-likelihood: -20436.506
Optimal log-likelihood: -20436.501
Rate parameters:  A-C: 1.58769  A-G: 3.50404  A-T: 1.23414  C-G: 0.91366  C-T: 5.61964  G-T: 1.00000
Base frequencies:  A: 0.286  C: 0.182  G: 0.271  T: 0.260
Gamma shape alpha: 0.338
Parameters optimization took 2 rounds (0.015 sec)
BEST SCORE FOUND : -20436.501

Testing tree branches by SH-like aLRT with 1000 replicates...
0.187 sec.
Total tree length: 1.527

Total number of iterations: 102
CPU time used for tree search: 8.323 sec (0h:0m:8s)
Wall-clock time used for tree search: 5.212 sec (0h:0m:5s)
Total CPU time used: 9.248 sec (0h:0m:9s)
Total wall-clock time used: 5.503 sec (0h:0m:5s)

Analysis results written to: 
  IQ-TREE report:                cluster4530rr.1to1ortho.fa.aln-cln_gene33.fa.iqtree
  Maximum-likelihood tree:       cluster4530rr.1to1ortho.fa.aln-cln_gene33.fa.treefile
  Likelihood distances:          cluster4530rr.1to1ortho.fa.aln-cln_gene33.fa.mldist
  Screen log file:               cluster4530rr.1to1ortho.fa.aln-cln_gene33.fa.log

Date and Time: Mon Nov 25 10:54:28 2019
