IQ-TREE multicore version 1.6.11 for Mac OS X 64-bit built Jul 12 2019
Developed by Bui Quang Minh, Nguyen Lam Tung, Olga Chernomor,
Heiko Schmidt, Dominik Schrempf, Michael Woodhams.

Host:    slpc437 (AVX2, FMA3, 16 GB RAM)
Command: iqtree -s cluster4481rr.1to1ortho.fa.aln-cln_gene1105.fa -nt 4 -m GTR+G -alrt 1000
Seed:    432677 (Using SPRNG - Scalable Parallel Random Number Generator)
Time:    Mon Nov 25 10:53:08 2019
Kernel:  AVX+FMA - 4 threads (6 CPU cores detected)

Reading alignment file cluster4481rr.1to1ortho.fa.aln-cln_gene1105.fa ... Fasta format detected
Alignment most likely contains DNA/RNA sequences
Alignment has 13 sequences with 1710 columns, 741 distinct patterns
595 parsimony-informative, 219 singleton sites, 896 constant sites
           Gap/Ambiguity  Composition  p-value
   1  DrolusSFB    7.49%    passed     77.23%
   2  Dino         1.81%    passed     84.78%
   3  MJM3360     12.51%    passed     52.80%
   4  DrobinSFB   10.76%    passed     72.52%
   5  Neam         0.00%    passed     71.06%
   6  RuprSFB     10.06%    passed     77.53%
   7  Retr         4.44%    passed     97.67%
   8  Beta         0.00%    passed     69.61%
   9  Spol         0.00%    passed     95.25%
  10  MJM1652      1.99%    passed     85.88%
  11  NepSFB       0.00%    passed     74.17%
  12  WPYJ         6.20%    passed     79.17%
  13  MJM2940      0.82%    passed     94.41%
****  TOTAL        4.31%  0 sequences failed composition chi2 test (p-value<5%; df=3)

Create initial parsimony tree by phylogenetic likelihood library (PLL)... 0.001 seconds

NOTE: 1 MB RAM (0 GB) is required!
Estimate model parameters (epsilon = 0.100)
1. Initial log-likelihood: -10907.692
2. Current log-likelihood: -10450.597
3. Current log-likelihood: -10447.433
Optimal log-likelihood: -10447.363
Rate parameters:  A-C: 1.62806  A-G: 4.60791  A-T: 1.41650  C-G: 1.41071  C-T: 5.73763  G-T: 1.00000
Base frequencies:  A: 0.279  C: 0.188  G: 0.246  T: 0.287
Gamma shape alpha: 0.415
Parameters optimization took 3 rounds (0.036 sec)
Computing ML distances based on estimated model parameters... 0.001 sec
Computing BIONJ tree...
0.002 seconds
Log-likelihood of BIONJ tree: -10459.248
--------------------------------------------------------------------
|             INITIALIZING CANDIDATE TREE SET                      |
--------------------------------------------------------------------
Generating 98 parsimony trees... 0.088 second
Computing log-likelihood of 97 initial trees ... 0.433 seconds
Current best score: -10447.363

Do NNI search on 20 best initial trees
Estimate model parameters (epsilon = 0.100)
BETTER TREE FOUND at iteration 1: -10447.361
Iteration 10 / LogL: -10447.376 / Time: 0h:0m:0s
Iteration 20 / LogL: -10447.387 / Time: 0h:0m:1s
Finish initializing candidate tree set (2)
Current best tree score: -10447.361 / CPU time: 1.069
Number of iterations: 20
--------------------------------------------------------------------
|               OPTIMIZING CANDIDATE TREE SET                      |
--------------------------------------------------------------------
Iteration 30 / LogL: -10447.424 / Time: 0h:0m:1s (0h:0m:3s left)
Iteration 40 / LogL: -10447.367 / Time: 0h:0m:1s (0h:0m:2s left)
Iteration 50 / LogL: -10459.040 / Time: 0h:0m:2s (0h:0m:2s left)
Iteration 60 / LogL: -10458.945 / Time: 0h:0m:2s (0h:0m:1s left)
Iteration 70 / LogL: -10447.396 / Time: 0h:0m:2s (0h:0m:1s left)
Iteration 80 / LogL: -10447.376 / Time: 0h:0m:3s (0h:0m:0s left)
Iteration 90 / LogL: -10447.504 / Time: 0h:0m:3s (0h:0m:0s left)
Iteration 100 / LogL: -10447.375 / Time: 0h:0m:4s (0h:0m:0s left)
TREE SEARCH COMPLETED AFTER 102 ITERATIONS / Time: 0h:0m:4s

--------------------------------------------------------------------
|                    FINALIZING TREE SEARCH                        |
--------------------------------------------------------------------
Performs final model parameters optimization
Estimate model parameters (epsilon = 0.010)
1. Initial log-likelihood: -10447.361
Optimal log-likelihood: -10447.361
Rate parameters:  A-C: 1.63347  A-G: 4.61313  A-T: 1.41873  C-G: 1.41048  C-T: 5.74908  G-T: 1.00000
Base frequencies:  A: 0.279  C: 0.188  G: 0.246  T: 0.287
Gamma shape alpha: 0.415
Parameters optimization took 1 rounds (0.005 sec)
BEST SCORE FOUND : -10447.361

Testing tree branches by SH-like aLRT with 1000 replicates...
0.097 sec.
Total tree length: 1.477

Total number of iterations: 102
CPU time used for tree search: 5.018 sec (0h:0m:5s)
Wall-clock time used for tree search: 4.123 sec (0h:0m:4s)
Total CPU time used: 5.460 sec (0h:0m:5s)
Total wall-clock time used: 4.280 sec (0h:0m:4s)

Analysis results written to: 
  IQ-TREE report:                cluster4481rr.1to1ortho.fa.aln-cln_gene1105.fa.iqtree
  Maximum-likelihood tree:       cluster4481rr.1to1ortho.fa.aln-cln_gene1105.fa.treefile
  Likelihood distances:          cluster4481rr.1to1ortho.fa.aln-cln_gene1105.fa.mldist
  Screen log file:               cluster4481rr.1to1ortho.fa.aln-cln_gene1105.fa.log

Date and Time: Mon Nov 25 10:53:12 2019
