IQ-TREE multicore version 1.6.11 for Mac OS X 64-bit built Jul 12 2019
Developed by Bui Quang Minh, Nguyen Lam Tung, Olga Chernomor,
Heiko Schmidt, Dominik Schrempf, Michael Woodhams.

Host:    slpc437 (AVX2, FMA3, 16 GB RAM)
Command: iqtree -s cluster489rr.1to1ortho.fa.aln-cln_gene589.fa -nt 4 -m GTR+G -alrt 1000
Seed:    32244 (Using SPRNG - Scalable Parallel Random Number Generator)
Time:    Mon Nov 25 11:00:37 2019
Kernel:  AVX+FMA - 4 threads (6 CPU cores detected)

Reading alignment file cluster489rr.1to1ortho.fa.aln-cln_gene589.fa ... Fasta format detected
Alignment most likely contains DNA/RNA sequences
Alignment has 13 sequences with 2886 columns, 1247 distinct patterns
955 parsimony-informative, 441 singleton sites, 1490 constant sites
           Gap/Ambiguity  Composition  p-value
   1  DrolusSFB   29.35%    passed     88.66%
   2  Dino        47.09%    passed     92.65%
   3  MJM3360      0.35%    passed     94.87%
   4  DrobinSFB    0.14%    passed     53.97%
   5  Neam         0.00%    passed     87.61%
   6  RuprSFB      0.35%    passed     98.41%
   7  Retr        55.44%    passed     67.08%
   8  Beta         0.00%    passed     80.97%
   9  Spol         0.00%    passed     73.40%
  10  MJM1652      0.10%    passed     88.63%
  11  NepSFB       0.00%    passed     93.03%
  12  WPYJ        31.88%    passed     83.89%
  13  MJM2940      0.73%    passed     74.49%
WARNING: 1 sequences contain more than 50% gaps/ambiguity
****  TOTAL       12.72%  0 sequences failed composition chi2 test (p-value<5%; df=3)

Create initial parsimony tree by phylogenetic likelihood library (PLL)... 0.002 seconds

NOTE: 2 MB RAM (0 GB) is required!
Estimate model parameters (epsilon = 0.100)
1. Initial log-likelihood: -17833.539
2. Current log-likelihood: -17160.764
3. Current log-likelihood: -17154.473
Optimal log-likelihood: -17154.395
Rate parameters:  A-C: 1.31998  A-G: 4.33463  A-T: 1.46644  C-G: 0.97070  C-T: 4.35352  G-T: 1.00000
Base frequencies:  A: 0.257  C: 0.209  G: 0.237  T: 0.297
Gamma shape alpha: 0.466
Parameters optimization took 3 rounds (0.051 sec)
Computing ML distances based on estimated model parameters... 0.002 sec
WARNING: Some pairwise ML distances are too long (saturated)
Computing BIONJ tree...
0.002 seconds
Log-likelihood of BIONJ tree: -17152.089
--------------------------------------------------------------------
|             INITIALIZING CANDIDATE TREE SET                      |
--------------------------------------------------------------------
Generating 98 parsimony trees... 0.127 second
Computing log-likelihood of 97 initial trees ... 0.506 seconds
Current best score: -17152.089

Do NNI search on 20 best initial trees
Estimate model parameters (epsilon = 0.100)
BETTER TREE FOUND at iteration 1: -17148.371
Iteration 10 / LogL: -17148.379 / Time: 0h:0m:1s
Iteration 20 / LogL: -17148.451 / Time: 0h:0m:1s
Finish initializing candidate tree set (1)
Current best tree score: -17148.371 / CPU time: 1.392
Number of iterations: 20
--------------------------------------------------------------------
|               OPTIMIZING CANDIDATE TREE SET                      |
--------------------------------------------------------------------
UPDATE BEST LOG-LIKELIHOOD: -17148.371
Iteration 30 / LogL: -17148.696 / Time: 0h:0m:1s (0h:0m:4s left)
Iteration 40 / LogL: -17148.851 / Time: 0h:0m:2s (0h:0m:3s left)
Iteration 50 / LogL: -17148.375 / Time: 0h:0m:2s (0h:0m:3s left)
UPDATE BEST LOG-LIKELIHOOD: -17148.371
Iteration 60 / LogL: -17148.452 / Time: 0h:0m:3s (0h:0m:2s left)
Iteration 70 / LogL: -17148.567 / Time: 0h:0m:3s (0h:0m:1s left)
Iteration 80 / LogL: -17148.462 / Time: 0h:0m:4s (0h:0m:1s left)
Iteration 90 / LogL: -17148.583 / Time: 0h:0m:4s (0h:0m:0s left)
Iteration 100 / LogL: -17148.469 / Time: 0h:0m:5s (0h:0m:0s left)
TREE SEARCH COMPLETED AFTER 102 ITERATIONS / Time: 0h:0m:5s

--------------------------------------------------------------------
|                    FINALIZING TREE SEARCH                        |
--------------------------------------------------------------------
Performs final model parameters optimization
Estimate model parameters (epsilon = 0.010)
1. Initial log-likelihood: -17148.371
Optimal log-likelihood: -17148.368
Rate parameters:  A-C: 1.31623  A-G: 4.34990  A-T: 1.47353  C-G: 0.97249  C-T: 4.35639  G-T: 1.00000
Base frequencies:  A: 0.257  C: 0.209  G: 0.237  T: 0.297
Gamma shape alpha: 0.468
Parameters optimization took 1 rounds (0.007 sec)
BEST SCORE FOUND : -17148.368

Testing tree branches by SH-like aLRT with 1000 replicates...
0.153 sec.
Total tree length: 1.550

Total number of iterations: 102
CPU time used for tree search: 7.722 sec (0h:0m:7s)
Wall-clock time used for tree search: 5.273 sec (0h:0m:5s)
Total CPU time used: 8.454 sec (0h:0m:8s)
Total wall-clock time used: 5.509 sec (0h:0m:5s)

Analysis results written to: 
  IQ-TREE report:                cluster489rr.1to1ortho.fa.aln-cln_gene589.fa.iqtree
  Maximum-likelihood tree:       cluster489rr.1to1ortho.fa.aln-cln_gene589.fa.treefile
  Likelihood distances:          cluster489rr.1to1ortho.fa.aln-cln_gene589.fa.mldist
  Screen log file:               cluster489rr.1to1ortho.fa.aln-cln_gene589.fa.log

Date and Time: Mon Nov 25 11:00:42 2019
