IQ-TREE multicore version 1.6.11 for Mac OS X 64-bit built Jul 12 2019
Developed by Bui Quang Minh, Nguyen Lam Tung, Olga Chernomor,
Heiko Schmidt, Dominik Schrempf, Michael Woodhams.

Host:    slpc437 (AVX2, FMA3, 16 GB RAM)
Command: iqtree -s cluster1932rr.1to1ortho.fa.aln-cln_gene1095.fa -nt 4 -m GTR+G -alrt 1000
Seed:    845163 (Using SPRNG - Scalable Parallel Random Number Generator)
Time:    Mon Nov 25 09:52:33 2019
Kernel:  AVX+FMA - 4 threads (6 CPU cores detected)

Reading alignment file cluster1932rr.1to1ortho.fa.aln-cln_gene1095.fa ... Fasta format detected
Alignment most likely contains DNA/RNA sequences
Alignment has 13 sequences with 1818 columns, 947 distinct patterns
629 parsimony-informative, 378 singleton sites, 811 constant sites
           Gap/Ambiguity  Composition  p-value
   1  DrolusSFB    0.00%    passed     94.23%
   2  Dino        33.17%    passed     45.41%
   3  MJM3360      2.59%    passed     87.67%
   4  DrobinSFB    2.15%    passed     39.47%
   5  Neam         0.17%    passed     94.07%
   6  RuprSFB      4.79%    passed     90.34%
   7  Retr        62.93%    passed     41.42%
   8  Beta        20.79%    passed     63.59%
   9  Spol        21.89%    passed     63.93%
  10  MJM1652      0.11%    passed     98.27%
  11  NepSFB       0.17%    passed     95.75%
  12  WPYJ        24.09%    passed     75.52%
  13  MJM2940      0.66%    passed     88.63%
WARNING: 1 sequences contain more than 50% gaps/ambiguity
****  TOTAL       13.35%  0 sequences failed composition chi2 test (p-value<5%; df=3)

Create initial parsimony tree by phylogenetic likelihood library (PLL)... 0.001 seconds

NOTE: 1 MB RAM (0 GB) is required!
Estimate model parameters (epsilon = 0.100)
1. Initial log-likelihood: -11910.198
2. Current log-likelihood: -11514.633
3. Current log-likelihood: -11512.548
Optimal log-likelihood: -11512.535
Rate parameters:  A-C: 1.30246  A-G: 3.61718  A-T: 1.32119  C-G: 1.13210  C-T: 4.36548  G-T: 1.00000
Base frequencies:  A: 0.317  C: 0.195  G: 0.237  T: 0.251
Gamma shape alpha: 0.681
Parameters optimization took 3 rounds (0.057 sec)
Computing ML distances based on estimated model parameters... 0.002 sec
Computing BIONJ tree...
0.002 seconds
Log-likelihood of BIONJ tree: -11515.836
--------------------------------------------------------------------
|             INITIALIZING CANDIDATE TREE SET                      |
--------------------------------------------------------------------
Generating 98 parsimony trees... 0.097 second
Computing log-likelihood of 97 initial trees ... 0.473 seconds
Current best score: -11512.535

Do NNI search on 20 best initial trees
Estimate model parameters (epsilon = 0.100)
BETTER TREE FOUND at iteration 1: -11511.694
Iteration 10 / LogL: -11511.769 / Time: 0h:0m:0s
Iteration 20 / LogL: -11511.697 / Time: 0h:0m:1s
Finish initializing candidate tree set (1)
Current best tree score: -11511.694 / CPU time: 1.163
Number of iterations: 20
--------------------------------------------------------------------
|               OPTIMIZING CANDIDATE TREE SET                      |
--------------------------------------------------------------------
Iteration 30 / LogL: -11538.674 / Time: 0h:0m:1s (0h:0m:3s left)
UPDATE BEST LOG-LIKELIHOOD: -11511.694
Iteration 40 / LogL: -11511.711 / Time: 0h:0m:1s (0h:0m:3s left)
Iteration 50 / LogL: -11511.792 / Time: 0h:0m:2s (0h:0m:2s left)
Iteration 60 / LogL: -11511.706 / Time: 0h:0m:2s (0h:0m:1s left)
Iteration 70 / LogL: -11511.718 / Time: 0h:0m:3s (0h:0m:1s left)
Iteration 80 / LogL: -11511.787 / Time: 0h:0m:3s (0h:0m:0s left)
Iteration 90 / LogL: -11511.697 / Time: 0h:0m:4s (0h:0m:0s left)
Iteration 100 / LogL: -11512.031 / Time: 0h:0m:4s (0h:0m:0s left)
TREE SEARCH COMPLETED AFTER 102 ITERATIONS / Time: 0h:0m:4s

--------------------------------------------------------------------
|                    FINALIZING TREE SEARCH                        |
--------------------------------------------------------------------
Performs final model parameters optimization
Estimate model parameters (epsilon = 0.010)
1. Initial log-likelihood: -11511.694
Optimal log-likelihood: -11511.693
Rate parameters:  A-C: 1.30648  A-G: 3.62533  A-T: 1.32004  C-G: 1.13385  C-T: 4.36034  G-T: 1.00000
Base frequencies:  A: 0.317  C: 0.195  G: 0.237  T: 0.251
Gamma shape alpha: 0.681
Parameters optimization took 1 rounds (0.006 sec)
BEST SCORE FOUND : -11511.693

Testing tree branches by SH-like aLRT with 1000 replicates...
0.105 sec.
Total tree length: 1.708

Total number of iterations: 102
CPU time used for tree search: 5.986 sec (0h:0m:5s)
Wall-clock time used for tree search: 4.457 sec (0h:0m:4s)
Total CPU time used: 6.521 sec (0h:0m:6s)
Total wall-clock time used: 4.645 sec (0h:0m:4s)

Analysis results written to: 
  IQ-TREE report:                cluster1932rr.1to1ortho.fa.aln-cln_gene1095.fa.iqtree
  Maximum-likelihood tree:       cluster1932rr.1to1ortho.fa.aln-cln_gene1095.fa.treefile
  Likelihood distances:          cluster1932rr.1to1ortho.fa.aln-cln_gene1095.fa.mldist
  Screen log file:               cluster1932rr.1to1ortho.fa.aln-cln_gene1095.fa.log

Date and Time: Mon Nov 25 09:52:38 2019
