IQ-TREE multicore version 1.6.11 for Mac OS X 64-bit built Jul 12 2019
Developed by Bui Quang Minh, Nguyen Lam Tung, Olga Chernomor,
Heiko Schmidt, Dominik Schrempf, Michael Woodhams.

Host:    slpc437 (AVX2, FMA3, 16 GB RAM)
Command: iqtree -s cluster1469rr.1to1ortho.fa.aln-cln_gene352.fa -nt 4 -m GTR+G -alrt 1000
Seed:    941391 (Using SPRNG - Scalable Parallel Random Number Generator)
Time:    Mon Nov 25 09:43:01 2019
Kernel:  AVX+FMA - 4 threads (6 CPU cores detected)

Reading alignment file cluster1469rr.1to1ortho.fa.aln-cln_gene352.fa ... Fasta format detected
Alignment most likely contains DNA/RNA sequences
Alignment has 13 sequences with 2023 columns, 943 distinct patterns
653 parsimony-informative, 338 singleton sites, 1032 constant sites
           Gap/Ambiguity  Composition  p-value
   1  DrolusSFB   17.80%    passed     67.05%
   2  Dino         0.79%    passed     92.35%
   3  MJM3360      1.29%    passed     48.12%
   4  DrobinSFB    6.13%    passed     16.37%
   5  Neam         2.72%    passed     83.97%
   6  RuprSFB      1.14%    passed     69.88%
   7  Retr        70.39%    passed     45.73%
   8  Beta         0.64%    passed     79.31%
   9  Spol         0.94%    passed     94.49%
  10  MJM1652      0.64%    passed     83.71%
  11  NepSFB       0.35%    passed     85.03%
  12  WPYJ        60.70%    passed     65.50%
  13  MJM2940      0.15%    passed     95.86%
WARNING: 2 sequences contain more than 50% gaps/ambiguity
****  TOTAL       12.59%  0 sequences failed composition chi2 test (p-value<5%; df=3)

Create initial parsimony tree by phylogenetic likelihood library (PLL)... 0.001 seconds

NOTE: 1 MB RAM (0 GB) is required!
Estimate model parameters (epsilon = 0.100)
1. Initial log-likelihood: -12308.507
2. Current log-likelihood: -11864.205
3. Current log-likelihood: -11859.335
Optimal log-likelihood: -11859.258
Rate parameters:  A-C: 1.60737  A-G: 4.41314  A-T: 1.55421  C-G: 1.43537  C-T: 5.62068  G-T: 1.00000
Base frequencies:  A: 0.281  C: 0.206  G: 0.240  T: 0.273
Gamma shape alpha: 0.506
Parameters optimization took 3 rounds (0.043 sec)
Computing ML distances based on estimated model parameters... 0.002 sec
Computing BIONJ tree...
0.002 seconds
Log-likelihood of BIONJ tree: -11859.253
--------------------------------------------------------------------
|             INITIALIZING CANDIDATE TREE SET                      |
--------------------------------------------------------------------
Generating 99 parsimony trees... 0.109 second
Computing log-likelihood of 99 initial trees ... 0.488 seconds
Current best score: -11859.253

Do NNI search on 20 best initial trees
Estimate model parameters (epsilon = 0.100)
BETTER TREE FOUND at iteration 1: -11858.233
Iteration 10 / LogL: -11858.296 / Time: 0h:0m:1s
Iteration 20 / LogL: -11861.944 / Time: 0h:0m:1s
Finish initializing candidate tree set (1)
Current best tree score: -11858.233 / CPU time: 1.385
Number of iterations: 20
--------------------------------------------------------------------
|               OPTIMIZING CANDIDATE TREE SET                      |
--------------------------------------------------------------------
Iteration 30 / LogL: -11858.800 / Time: 0h:0m:1s (0h:0m:4s left)
Iteration 40 / LogL: -11858.410 / Time: 0h:0m:2s (0h:0m:3s left)
Iteration 50 / LogL: -11862.058 / Time: 0h:0m:2s (0h:0m:3s left)
Iteration 60 / LogL: -11858.304 / Time: 0h:0m:3s (0h:0m:2s left)
Iteration 70 / LogL: -11858.461 / Time: 0h:0m:3s (0h:0m:1s left)
Iteration 80 / LogL: -11868.066 / Time: 0h:0m:4s (0h:0m:1s left)
Iteration 90 / LogL: -11858.236 / Time: 0h:0m:4s (0h:0m:0s left)
Iteration 100 / LogL: -11858.262 / Time: 0h:0m:5s (0h:0m:0s left)
TREE SEARCH COMPLETED AFTER 102 ITERATIONS / Time: 0h:0m:5s

--------------------------------------------------------------------
|                    FINALIZING TREE SEARCH                        |
--------------------------------------------------------------------
Performs final model parameters optimization
Estimate model parameters (epsilon = 0.010)
1. Initial log-likelihood: -11858.233
Optimal log-likelihood: -11858.232
Rate parameters:  A-C: 1.60820  A-G: 4.41877  A-T: 1.55722  C-G: 1.42823  C-T: 5.61895  G-T: 1.00000
Base frequencies:  A: 0.281  C: 0.206  G: 0.240  T: 0.273
Gamma shape alpha: 0.506
Parameters optimization took 1 rounds (0.006 sec)
BEST SCORE FOUND : -11858.232

Testing tree branches by SH-like aLRT with 1000 replicates...
0.112 sec.
Total tree length: 1.551

Total number of iterations: 102
CPU time used for tree search: 7.349 sec (0h:0m:7s)
Wall-clock time used for tree search: 5.480 sec (0h:0m:5s)
Total CPU time used: 7.882 sec (0h:0m:7s)
Total wall-clock time used: 5.662 sec (0h:0m:5s)

Analysis results written to: 
  IQ-TREE report:                cluster1469rr.1to1ortho.fa.aln-cln_gene352.fa.iqtree
  Maximum-likelihood tree:       cluster1469rr.1to1ortho.fa.aln-cln_gene352.fa.treefile
  Likelihood distances:          cluster1469rr.1to1ortho.fa.aln-cln_gene352.fa.mldist
  Screen log file:               cluster1469rr.1to1ortho.fa.aln-cln_gene352.fa.log

Date and Time: Mon Nov 25 09:43:07 2019
