IQ-TREE multicore version 1.6.11 for Mac OS X 64-bit built Jul 12 2019
Developed by Bui Quang Minh, Nguyen Lam Tung, Olga Chernomor,
Heiko Schmidt, Dominik Schrempf, Michael Woodhams.

Host:    slpc437 (AVX2, FMA3, 16 GB RAM)
Command: iqtree -s cluster1814rr.1to1ortho.fa.aln-cln_gene597.fa -nt 4 -m GTR+G -alrt 1000
Seed:    426592 (Using SPRNG - Scalable Parallel Random Number Generator)
Time:    Mon Nov 25 09:49:47 2019
Kernel:  AVX+FMA - 4 threads (6 CPU cores detected)

Reading alignment file cluster1814rr.1to1ortho.fa.aln-cln_gene597.fa ... Fasta format detected
Alignment most likely contains DNA/RNA sequences
Alignment has 13 sequences with 1425 columns, 761 distinct patterns
521 parsimony-informative, 255 singleton sites, 649 constant sites
           Gap/Ambiguity  Composition  p-value
   1  DrolusSFB    0.07%    passed     91.99%
   2  Dino         3.09%    passed     96.05%
   3  MJM3360      6.88%    passed     96.80%
   4  DrobinSFB    1.33%    passed     68.03%
   5  Neam         4.56%    passed     88.88%
   6  RuprSFB      7.16%    passed     77.40%
   7  Retr        11.23%    passed     95.66%
   8  Beta         0.07%    passed     93.47%
   9  Spol         0.07%    passed     82.96%
  10  MJM1652      4.35%    passed     95.83%
  11  NepSFB      18.74%    passed     92.21%
  12  WPYJ        57.54%    passed     33.55%
  13  MJM2940      0.07%    passed     97.50%
WARNING: 1 sequences contain more than 50% gaps/ambiguity
****  TOTAL        8.86%  0 sequences failed composition chi2 test (p-value<5%; df=3)

Create initial parsimony tree by phylogenetic likelihood library (PLL)... 0.001 seconds

NOTE: 1 MB RAM (0 GB) is required!
Estimate model parameters (epsilon = 0.100)
1. Initial log-likelihood: -9544.974
2. Current log-likelihood: -9208.419
3. Current log-likelihood: -9206.841
Optimal log-likelihood: -9206.829
Rate parameters:  A-C: 1.64191  A-G: 4.95064  A-T: 2.04175  C-G: 1.83028  C-T: 5.99732  G-T: 1.00000
Base frequencies:  A: 0.294  C: 0.198  G: 0.235  T: 0.273
Gamma shape alpha: 0.648
Parameters optimization took 3 rounds (0.041 sec)
Computing ML distances based on estimated model parameters... 0.001 sec
Computing BIONJ tree...
0.002 seconds
Log-likelihood of BIONJ tree: -9206.811
--------------------------------------------------------------------
|             INITIALIZING CANDIDATE TREE SET                      |
--------------------------------------------------------------------
Generating 98 parsimony trees... 0.100 second
Computing log-likelihood of 98 initial trees ... 0.454 seconds
Current best score: -9206.811

Do NNI search on 20 best initial trees
Estimate model parameters (epsilon = 0.100)
BETTER TREE FOUND at iteration 1: -9206.806
Iteration 10 / LogL: -9206.812 / Time: 0h:0m:0s
Iteration 20 / LogL: -9206.848 / Time: 0h:0m:1s
Finish initializing candidate tree set (3)
Current best tree score: -9206.806 / CPU time: 1.193
Number of iterations: 20
--------------------------------------------------------------------
|               OPTIMIZING CANDIDATE TREE SET                      |
--------------------------------------------------------------------
Iteration 30 / LogL: -9206.810 / Time: 0h:0m:1s (0h:0m:4s left)
Iteration 40 / LogL: -9206.834 / Time: 0h:0m:2s (0h:0m:3s left)
Iteration 50 / LogL: -9210.716 / Time: 0h:0m:2s (0h:0m:2s left)
Iteration 60 / LogL: -9206.835 / Time: 0h:0m:3s (0h:0m:2s left)
Iteration 70 / LogL: -9206.896 / Time: 0h:0m:3s (0h:0m:1s left)
Iteration 80 / LogL: -9206.809 / Time: 0h:0m:4s (0h:0m:1s left)
Iteration 90 / LogL: -9206.932 / Time: 0h:0m:4s (0h:0m:0s left)
Iteration 100 / LogL: -9206.808 / Time: 0h:0m:4s (0h:0m:0s left)
TREE SEARCH COMPLETED AFTER 102 ITERATIONS / Time: 0h:0m:5s

--------------------------------------------------------------------
|                    FINALIZING TREE SEARCH                        |
--------------------------------------------------------------------
Performs final model parameters optimization
Estimate model parameters (epsilon = 0.010)
1. Initial log-likelihood: -9206.806
Optimal log-likelihood: -9206.805
Rate parameters:  A-C: 1.64310  A-G: 4.97063  A-T: 2.04634  C-G: 1.81792  C-T: 5.98902  G-T: 1.00000
Base frequencies:  A: 0.294  C: 0.198  G: 0.235  T: 0.273
Gamma shape alpha: 0.650
Parameters optimization took 1 rounds (0.005 sec)
BEST SCORE FOUND : -9206.805

Testing tree branches by SH-like aLRT with 1000 replicates...
0.087 sec.
Total tree length: 1.627

Total number of iterations: 102
CPU time used for tree search: 6.180 sec (0h:0m:6s)
Wall-clock time used for tree search: 5.002 sec (0h:0m:5s)
Total CPU time used: 6.588 sec (0h:0m:6s)
Total wall-clock time used: 5.155 sec (0h:0m:5s)

Analysis results written to: 
  IQ-TREE report:                cluster1814rr.1to1ortho.fa.aln-cln_gene597.fa.iqtree
  Maximum-likelihood tree:       cluster1814rr.1to1ortho.fa.aln-cln_gene597.fa.treefile
  Likelihood distances:          cluster1814rr.1to1ortho.fa.aln-cln_gene597.fa.mldist
  Screen log file:               cluster1814rr.1to1ortho.fa.aln-cln_gene597.fa.log

Date and Time: Mon Nov 25 09:49:52 2019
