IQ-TREE multicore version 1.6.11 for Mac OS X 64-bit built Jul 12 2019
Developed by Bui Quang Minh, Nguyen Lam Tung, Olga Chernomor,
Heiko Schmidt, Dominik Schrempf, Michael Woodhams.

Host:    slpc437 (AVX2, FMA3, 16 GB RAM)
Command: iqtree -s cluster2900rr.1to1ortho.fa.aln-cln_gene1003.fa -nt 4 -m GTR+G -alrt 1000
Seed:    157291 (Using SPRNG - Scalable Parallel Random Number Generator)
Time:    Mon Nov 25 10:16:52 2019
Kernel:  AVX+FMA - 4 threads (6 CPU cores detected)

Reading alignment file cluster2900rr.1to1ortho.fa.aln-cln_gene1003.fa ... Fasta format detected
Alignment most likely contains DNA/RNA sequences
Alignment has 13 sequences with 2970 columns, 1082 distinct patterns
910 parsimony-informative, 412 singleton sites, 1648 constant sites
           Gap/Ambiguity  Composition  p-value
   1  DrolusSFB    0.20%    passed     77.39%
   2  Dino         0.00%    passed     90.61%
   3  MJM3360      0.10%    passed     74.38%
   4  DrobinSFB    0.40%    passed     78.94%
   5  Neam         0.10%    passed     77.84%
   6  RuprSFB      0.20%    passed     71.66%
   7  Retr        55.49%    passed     76.65%
   8  Beta         0.37%    passed     69.13%
   9  Spol         0.37%    passed     78.53%
  10  MJM1652      0.10%    passed     98.20%
  11  NepSFB       0.17%    passed     84.91%
  12  WPYJ        77.68%    passed     48.62%
  13  MJM2940      0.03%    passed     85.21%
WARNING: 2 sequences contain more than 50% gaps/ambiguity
****  TOTAL       10.40%  0 sequences failed composition chi2 test (p-value<5%; df=3)

Create initial parsimony tree by phylogenetic likelihood library (PLL)... 0.001 seconds

NOTE: 1 MB RAM (0 GB) is required!
Estimate model parameters (epsilon = 0.100)
1. Initial log-likelihood: -17205.534
2. Current log-likelihood: -16401.511
3. Current log-likelihood: -16392.971
Optimal log-likelihood: -16392.870
Rate parameters:  A-C: 1.98532  A-G: 5.68193  A-T: 1.80731  C-G: 1.44301  C-T: 7.76844  G-T: 1.00000
Base frequencies:  A: 0.288  C: 0.178  G: 0.245  T: 0.288
Gamma shape alpha: 0.415
Parameters optimization took 3 rounds (0.052 sec)
Computing ML distances based on estimated model parameters... 0.002 sec
Computing BIONJ tree...
0.002 seconds
Log-likelihood of BIONJ tree: -16391.710
--------------------------------------------------------------------
|             INITIALIZING CANDIDATE TREE SET                      |
--------------------------------------------------------------------
Generating 98 parsimony trees... 0.127 second
Computing log-likelihood of 98 initial trees ... 0.482 seconds
Current best score: -16391.710

Do NNI search on 20 best initial trees
Estimate model parameters (epsilon = 0.100)
BETTER TREE FOUND at iteration 1: -16391.135
Iteration 10 / LogL: -16391.264 / Time: 0h:0m:1s
Iteration 20 / LogL: -16391.138 / Time: 0h:0m:1s
Finish initializing candidate tree set (2)
Current best tree score: -16391.135 / CPU time: 1.418
Number of iterations: 20
--------------------------------------------------------------------
|               OPTIMIZING CANDIDATE TREE SET                      |
--------------------------------------------------------------------
Iteration 30 / LogL: -16391.176 / Time: 0h:0m:2s (0h:0m:5s left)
Iteration 40 / LogL: -16391.201 / Time: 0h:0m:2s (0h:0m:3s left)
Iteration 50 / LogL: -16391.245 / Time: 0h:0m:3s (0h:0m:3s left)
Iteration 60 / LogL: -16391.190 / Time: 0h:0m:3s (0h:0m:2s left)
Iteration 70 / LogL: -16391.144 / Time: 0h:0m:4s (0h:0m:1s left)
Iteration 80 / LogL: -16398.519 / Time: 0h:0m:4s (0h:0m:1s left)
Iteration 90 / LogL: -16398.480 / Time: 0h:0m:5s (0h:0m:0s left)
Iteration 100 / LogL: -16391.574 / Time: 0h:0m:5s (0h:0m:0s left)
TREE SEARCH COMPLETED AFTER 102 ITERATIONS / Time: 0h:0m:6s

--------------------------------------------------------------------
|                    FINALIZING TREE SEARCH                        |
--------------------------------------------------------------------
Performs final model parameters optimization
Estimate model parameters (epsilon = 0.010)
1. Initial log-likelihood: -16391.135
Optimal log-likelihood: -16391.135
Rate parameters:  A-C: 1.99058  A-G: 5.67786  A-T: 1.80735  C-G: 1.42846  C-T: 7.77757  G-T: 1.00000
Base frequencies:  A: 0.288  C: 0.178  G: 0.245  T: 0.288
Gamma shape alpha: 0.416
Parameters optimization took 1 rounds (0.006 sec)
BEST SCORE FOUND : -16391.135

Testing tree branches by SH-like aLRT with 1000 replicates...
0.156 sec.
Total tree length: 1.412

Total number of iterations: 102
CPU time used for tree search: 8.427 sec (0h:0m:8s)
Wall-clock time used for tree search: 5.929 sec (0h:0m:5s)
Total CPU time used: 9.154 sec (0h:0m:9s)
Total wall-clock time used: 6.164 sec (0h:0m:6s)

Analysis results written to: 
  IQ-TREE report:                cluster2900rr.1to1ortho.fa.aln-cln_gene1003.fa.iqtree
  Maximum-likelihood tree:       cluster2900rr.1to1ortho.fa.aln-cln_gene1003.fa.treefile
  Likelihood distances:          cluster2900rr.1to1ortho.fa.aln-cln_gene1003.fa.mldist
  Screen log file:               cluster2900rr.1to1ortho.fa.aln-cln_gene1003.fa.log

Date and Time: Mon Nov 25 10:16:58 2019
