IQ-TREE multicore version 1.6.11 for Mac OS X 64-bit built Jul 12 2019
Developed by Bui Quang Minh, Nguyen Lam Tung, Olga Chernomor,
Heiko Schmidt, Dominik Schrempf, Michael Woodhams.

Host:    slpc437 (AVX2, FMA3, 16 GB RAM)
Command: iqtree -s cluster4915rr.1to1ortho.fa.aln-cln_gene1071.fa -nt 4 -m GTR+G -alrt 1000
Seed:    687115 (Using SPRNG - Scalable Parallel Random Number Generator)
Time:    Mon Nov 25 11:01:10 2019
Kernel:  AVX+FMA - 4 threads (6 CPU cores detected)

Reading alignment file cluster4915rr.1to1ortho.fa.aln-cln_gene1071.fa ... Fasta format detected
Alignment most likely contains DNA/RNA sequences
Alignment has 13 sequences with 1596 columns, 809 distinct patterns
636 parsimony-informative, 229 singleton sites, 731 constant sites
           Gap/Ambiguity  Composition  p-value
   1  DrolusSFB    4.70%    passed     88.09%
   2  Dino         1.32%    passed     81.35%
   3  MJM3360     11.03%    passed     29.40%
   4  DrobinSFB   19.05%    passed     37.04%
   5  Neam         0.56%    passed     58.09%
   6  RuprSFB     10.96%    passed     18.94%
   7  Retr        16.54%    passed     12.99%
   8  Beta         2.94%    passed     29.54%
   9  Spol         3.32%    passed     68.68%
  10  MJM1652      1.32%    passed     69.56%
  11  NepSFB       0.56%    passed     81.39%
  12  WPYJ        16.92%    passed     47.63%
  13  MJM2940      4.70%    passed     78.73%
****  TOTAL        7.22%  0 sequences failed composition chi2 test (p-value<5%; df=3)

Create initial parsimony tree by phylogenetic likelihood library (PLL)... 0.001 seconds

NOTE: 1 MB RAM (0 GB) is required!
Estimate model parameters (epsilon = 0.100)
1. Initial log-likelihood: -11323.189
2. Current log-likelihood: -10874.201
3. Current log-likelihood: -10870.918
Optimal log-likelihood: -10870.818
Rate parameters:  A-C: 2.00346  A-G: 6.70942  A-T: 2.11037  C-G: 1.47273  C-T: 5.51579  G-T: 1.00000
Base frequencies:  A: 0.220  C: 0.225  G: 0.222  T: 0.334
Gamma shape alpha: 0.515
Parameters optimization took 3 rounds (0.052 sec)
Computing ML distances based on estimated model parameters... 0.002 sec
Computing BIONJ tree...
0.002 seconds
Log-likelihood of BIONJ tree: -10870.921
--------------------------------------------------------------------
|             INITIALIZING CANDIDATE TREE SET                      |
--------------------------------------------------------------------
Generating 98 parsimony trees... 0.098 second
Computing log-likelihood of 98 initial trees ... 0.466 seconds
Current best score: -10870.818

Do NNI search on 20 best initial trees
Estimate model parameters (epsilon = 0.100)
BETTER TREE FOUND at iteration 1: -10870.816
Iteration 10 / LogL: -10870.845 / Time: 0h:0m:0s
Iteration 20 / LogL: -10870.823 / Time: 0h:0m:1s
Finish initializing candidate tree set (1)
Current best tree score: -10870.816 / CPU time: 1.206
Number of iterations: 20
--------------------------------------------------------------------
|               OPTIMIZING CANDIDATE TREE SET                      |
--------------------------------------------------------------------
Iteration 30 / LogL: -10870.876 / Time: 0h:0m:1s (0h:0m:4s left)
Iteration 40 / LogL: -10870.868 / Time: 0h:0m:2s (0h:0m:3s left)
Iteration 50 / LogL: -10870.992 / Time: 0h:0m:2s (0h:0m:2s left)
Iteration 60 / LogL: -10870.823 / Time: 0h:0m:3s (0h:0m:2s left)
Iteration 70 / LogL: -10870.817 / Time: 0h:0m:3s (0h:0m:1s left)
Iteration 80 / LogL: -10870.869 / Time: 0h:0m:3s (0h:0m:1s left)
Iteration 90 / LogL: -10870.828 / Time: 0h:0m:4s (0h:0m:0s left)
Iteration 100 / LogL: -10870.818 / Time: 0h:0m:4s (0h:0m:0s left)
TREE SEARCH COMPLETED AFTER 102 ITERATIONS / Time: 0h:0m:4s

--------------------------------------------------------------------
|                    FINALIZING TREE SEARCH                        |
--------------------------------------------------------------------
Performs final model parameters optimization
Estimate model parameters (epsilon = 0.010)
1. Initial log-likelihood: -10870.816
Optimal log-likelihood: -10870.815
Rate parameters:  A-C: 1.99832  A-G: 6.68155  A-T: 2.10040  C-G: 1.46845  C-T: 5.50803  G-T: 1.00000
Base frequencies:  A: 0.220  C: 0.225  G: 0.222  T: 0.334
Gamma shape alpha: 0.515
Parameters optimization took 1 rounds (0.005 sec)
BEST SCORE FOUND : -10870.815

Testing tree branches by SH-like aLRT with 1000 replicates...
0.096 sec.
Total tree length: 1.911

Total number of iterations: 102
CPU time used for tree search: 6.089 sec (0h:0m:6s)
Wall-clock time used for tree search: 4.824 sec (0h:0m:4s)
Total CPU time used: 6.561 sec (0h:0m:6s)
Total wall-clock time used: 4.998 sec (0h:0m:4s)

Analysis results written to: 
  IQ-TREE report:                cluster4915rr.1to1ortho.fa.aln-cln_gene1071.fa.iqtree
  Maximum-likelihood tree:       cluster4915rr.1to1ortho.fa.aln-cln_gene1071.fa.treefile
  Likelihood distances:          cluster4915rr.1to1ortho.fa.aln-cln_gene1071.fa.mldist
  Screen log file:               cluster4915rr.1to1ortho.fa.aln-cln_gene1071.fa.log

Date and Time: Mon Nov 25 11:01:15 2019
