IQ-TREE multicore version 1.6.11 for Mac OS X 64-bit built Jul 12 2019
Developed by Bui Quang Minh, Nguyen Lam Tung, Olga Chernomor,
Heiko Schmidt, Dominik Schrempf, Michael Woodhams.

Host:    slpc437 (AVX2, FMA3, 16 GB RAM)
Command: iqtree -s cluster2068rr.1to1ortho.fa.aln-cln_gene119.fa -nt 4 -m GTR+G -alrt 1000
Seed:    379960 (Using SPRNG - Scalable Parallel Random Number Generator)
Time:    Mon Nov 25 09:55:59 2019
Kernel:  AVX+FMA - 4 threads (6 CPU cores detected)

Reading alignment file cluster2068rr.1to1ortho.fa.aln-cln_gene119.fa ... Fasta format detected
Alignment most likely contains DNA/RNA sequences
Alignment has 13 sequences with 1363 columns, 714 distinct patterns
514 parsimony-informative, 241 singleton sites, 608 constant sites
           Gap/Ambiguity  Composition  p-value
   1  DrolusSFB    1.25%    passed     38.63%
   2  Dino         6.68%    passed     88.34%
   3  MJM3360     18.64%    passed     72.23%
   4  DrobinSFB   19.15%    passed     80.72%
   5  Neam         0.15%    passed     83.98%
   6  RuprSFB     18.34%    passed     95.24%
   7  Retr        22.82%    passed     96.42%
   8  Beta        26.63%    passed     77.74%
   9  Spol        27.81%    passed     77.52%
  10  MJM1652      6.68%    passed     36.59%
  11  NepSFB       0.15%    passed     98.80%
  12  WPYJ        38.66%    passed     65.39%
  13  MJM2940      0.15%    passed     92.35%
****  TOTAL       14.39%  0 sequences failed composition chi2 test (p-value<5%; df=3)

Create initial parsimony tree by phylogenetic likelihood library (PLL)... 0.001 seconds

NOTE: 1 MB RAM (0 GB) is required!
Estimate model parameters (epsilon = 0.100)
1. Initial log-likelihood: -9026.290
2. Current log-likelihood: -8708.537
3. Current log-likelihood: -8705.915
Optimal log-likelihood: -8705.883
Rate parameters:  A-C: 2.04597  A-G: 3.83329  A-T: 1.73965  C-G: 1.64664  C-T: 6.69815  G-T: 1.00000
Base frequencies:  A: 0.285  C: 0.188  G: 0.267  T: 0.260
Gamma shape alpha: 0.685
Parameters optimization took 3 rounds (0.040 sec)
Computing ML distances based on estimated model parameters... 0.001 sec
Computing BIONJ tree...
0.002 seconds
Log-likelihood of BIONJ tree: -8721.408
--------------------------------------------------------------------
|             INITIALIZING CANDIDATE TREE SET                      |
--------------------------------------------------------------------
Generating 98 parsimony trees... 0.092 second
Computing log-likelihood of 97 initial trees ... 0.447 seconds
Current best score: -8705.883

Do NNI search on 20 best initial trees
Estimate model parameters (epsilon = 0.100)
BETTER TREE FOUND at iteration 1: -8703.814
Iteration 10 / LogL: -8703.821 / Time: 0h:0m:0s
Iteration 20 / LogL: -8703.834 / Time: 0h:0m:1s
Finish initializing candidate tree set (2)
Current best tree score: -8703.814 / CPU time: 1.263
Number of iterations: 20
--------------------------------------------------------------------
|               OPTIMIZING CANDIDATE TREE SET                      |
--------------------------------------------------------------------
Iteration 30 / LogL: -8703.820 / Time: 0h:0m:1s (0h:0m:4s left)
Iteration 40 / LogL: -8704.277 / Time: 0h:0m:2s (0h:0m:3s left)
Iteration 50 / LogL: -8711.878 / Time: 0h:0m:2s (0h:0m:2s left)
Iteration 60 / LogL: -8703.831 / Time: 0h:0m:3s (0h:0m:2s left)
Iteration 70 / LogL: -8712.096 / Time: 0h:0m:3s (0h:0m:1s left)
Iteration 80 / LogL: -8703.899 / Time: 0h:0m:3s (0h:0m:0s left)
Iteration 90 / LogL: -8703.862 / Time: 0h:0m:4s (0h:0m:0s left)
Iteration 100 / LogL: -8703.835 / Time: 0h:0m:4s (0h:0m:0s left)
TREE SEARCH COMPLETED AFTER 102 ITERATIONS / Time: 0h:0m:4s

--------------------------------------------------------------------
|                    FINALIZING TREE SEARCH                        |
--------------------------------------------------------------------
Performs final model parameters optimization
Estimate model parameters (epsilon = 0.010)
1. Initial log-likelihood: -8703.814
Optimal log-likelihood: -8703.813
Rate parameters:  A-C: 2.02577  A-G: 3.83230  A-T: 1.72470  C-G: 1.64634  C-T: 6.70896  G-T: 1.00000
Base frequencies:  A: 0.285  C: 0.188  G: 0.267  T: 0.260
Gamma shape alpha: 0.686
Parameters optimization took 1 rounds (0.005 sec)
BEST SCORE FOUND : -8703.813

Testing tree branches by SH-like aLRT with 1000 replicates...
0.085 sec.
Total tree length: 1.877

Total number of iterations: 102
CPU time used for tree search: 5.435 sec (0h:0m:5s)
Wall-clock time used for tree search: 4.509 sec (0h:0m:4s)
Total CPU time used: 5.831 sec (0h:0m:5s)
Total wall-clock time used: 4.660 sec (0h:0m:4s)

Analysis results written to: 
  IQ-TREE report:                cluster2068rr.1to1ortho.fa.aln-cln_gene119.fa.iqtree
  Maximum-likelihood tree:       cluster2068rr.1to1ortho.fa.aln-cln_gene119.fa.treefile
  Likelihood distances:          cluster2068rr.1to1ortho.fa.aln-cln_gene119.fa.mldist
  Screen log file:               cluster2068rr.1to1ortho.fa.aln-cln_gene119.fa.log

Date and Time: Mon Nov 25 09:56:04 2019
