IQ-TREE multicore version 1.6.11 for Mac OS X 64-bit built Jul 12 2019
Developed by Bui Quang Minh, Nguyen Lam Tung, Olga Chernomor,
Heiko Schmidt, Dominik Schrempf, Michael Woodhams.

Host:    slpc437 (AVX2, FMA3, 16 GB RAM)
Command: iqtree -s cluster3894rr.1to1ortho.fa.aln-cln_gene262.fa -nt 4 -m GTR+G -alrt 1000
Seed:    566060 (Using SPRNG - Scalable Parallel Random Number Generator)
Time:    Mon Nov 25 10:40:05 2019
Kernel:  AVX+FMA - 4 threads (6 CPU cores detected)

Reading alignment file cluster3894rr.1to1ortho.fa.aln-cln_gene262.fa ... Fasta format detected
Alignment most likely contains DNA/RNA sequences
Alignment has 13 sequences with 2451 columns, 951 distinct patterns
754 parsimony-informative, 313 singleton sites, 1383 constant sites
           Gap/Ambiguity  Composition  p-value
   1  DrolusSFB    0.37%    passed     99.02%
   2  Dino         0.37%    passed     67.46%
   3  MJM3360      0.37%    passed     87.41%
   4  DrobinSFB   13.02%    passed     73.12%
   5  Neam         0.00%    passed     92.15%
   6  RuprSFB      0.53%    passed     91.30%
   7  Retr        46.02%    passed     36.09%
   8  Beta         0.12%    passed     33.28%
   9  Spol         0.12%    passed     60.05%
  10  MJM1652      0.37%    passed     91.51%
  11  NepSFB       0.00%    passed     90.51%
  12  WPYJ         1.26%    passed     80.00%
  13  MJM2940      0.37%    passed     95.00%
****  TOTAL        4.84%  0 sequences failed composition chi2 test (p-value<5%; df=3)

Create initial parsimony tree by phylogenetic likelihood library (PLL)... 0.001 seconds

NOTE: 1 MB RAM (0 GB) is required!
Estimate model parameters (epsilon = 0.100)
1. Initial log-likelihood: -14681.508
2. Current log-likelihood: -13917.841
3. Current log-likelihood: -13911.007
4. Current log-likelihood: -13910.906
Optimal log-likelihood: -13910.880
Rate parameters:  A-C: 1.63622  A-G: 5.24867  A-T: 1.56732  C-G: 1.24500  C-T: 7.42121  G-T: 1.00000
Base frequencies:  A: 0.279  C: 0.195  G: 0.240  T: 0.286
Gamma shape alpha: 0.354
Parameters optimization took 4 rounds (0.049 sec)
Computing ML distances based on estimated model parameters... 0.002 sec
Computing BIONJ tree...
0.002 seconds
Log-likelihood of BIONJ tree: -13910.880
--------------------------------------------------------------------
|             INITIALIZING CANDIDATE TREE SET                      |
--------------------------------------------------------------------
Generating 99 parsimony trees... 0.106 second
Computing log-likelihood of 99 initial trees ... 0.470 seconds
Current best score: -13910.880

Do NNI search on 20 best initial trees
Estimate model parameters (epsilon = 0.100)
BETTER TREE FOUND at iteration 1: -13910.879
Iteration 10 / LogL: -13910.885 / Time: 0h:0m:0s
Iteration 20 / LogL: -13910.944 / Time: 0h:0m:1s
Finish initializing candidate tree set (1)
Current best tree score: -13910.879 / CPU time: 1.201
Number of iterations: 20
--------------------------------------------------------------------
|               OPTIMIZING CANDIDATE TREE SET                      |
--------------------------------------------------------------------
Iteration 30 / LogL: -13910.904 / Time: 0h:0m:1s (0h:0m:4s left)
Iteration 40 / LogL: -13910.955 / Time: 0h:0m:2s (0h:0m:3s left)
Iteration 50 / LogL: -13911.200 / Time: 0h:0m:2s (0h:0m:2s left)
Iteration 60 / LogL: -13910.892 / Time: 0h:0m:2s (0h:0m:2s left)
Iteration 70 / LogL: -13910.962 / Time: 0h:0m:3s (0h:0m:1s left)
Iteration 80 / LogL: -13910.889 / Time: 0h:0m:3s (0h:0m:1s left)
Iteration 90 / LogL: -13910.964 / Time: 0h:0m:4s (0h:0m:0s left)
Iteration 100 / LogL: -13911.033 / Time: 0h:0m:4s (0h:0m:0s left)
TREE SEARCH COMPLETED AFTER 102 ITERATIONS / Time: 0h:0m:4s

--------------------------------------------------------------------
|                    FINALIZING TREE SEARCH                        |
--------------------------------------------------------------------
Performs final model parameters optimization
Estimate model parameters (epsilon = 0.010)
1. Initial log-likelihood: -13910.879
Optimal log-likelihood: -13910.879
Rate parameters:  A-C: 1.63699  A-G: 5.24456  A-T: 1.56801  C-G: 1.24559  C-T: 7.43036  G-T: 1.00000
Base frequencies:  A: 0.279  C: 0.195  G: 0.240  T: 0.286
Gamma shape alpha: 0.354
Parameters optimization took 1 rounds (0.006 sec)
BEST SCORE FOUND : -13910.879

Testing tree branches by SH-like aLRT with 1000 replicates...
0.132 sec.
Total tree length: 1.354

Total number of iterations: 102
CPU time used for tree search: 6.601 sec (0h:0m:6s)
Wall-clock time used for tree search: 4.919 sec (0h:0m:4s)
Total CPU time used: 7.220 sec (0h:0m:7s)
Total wall-clock time used: 5.127 sec (0h:0m:5s)

Analysis results written to: 
  IQ-TREE report:                cluster3894rr.1to1ortho.fa.aln-cln_gene262.fa.iqtree
  Maximum-likelihood tree:       cluster3894rr.1to1ortho.fa.aln-cln_gene262.fa.treefile
  Likelihood distances:          cluster3894rr.1to1ortho.fa.aln-cln_gene262.fa.mldist
  Screen log file:               cluster3894rr.1to1ortho.fa.aln-cln_gene262.fa.log

Date and Time: Mon Nov 25 10:40:10 2019
