IQ-TREE multicore version 1.6.11 for Mac OS X 64-bit built Jul 12 2019
Developed by Bui Quang Minh, Nguyen Lam Tung, Olga Chernomor,
Heiko Schmidt, Dominik Schrempf, Michael Woodhams.

Host:    slpc437 (AVX2, FMA3, 16 GB RAM)
Command: iqtree -s cluster1472rr.1to1ortho.fa.aln-cln_gene775.fa -nt 4 -m GTR+G -alrt 1000
Seed:    619943 (Using SPRNG - Scalable Parallel Random Number Generator)
Time:    Mon Nov 25 09:43:07 2019
Kernel:  AVX+FMA - 4 threads (6 CPU cores detected)

Reading alignment file cluster1472rr.1to1ortho.fa.aln-cln_gene775.fa ... Fasta format detected
Alignment most likely contains DNA/RNA sequences
Alignment has 13 sequences with 768 columns, 384 distinct patterns
263 parsimony-informative, 126 singleton sites, 379 constant sites
           Gap/Ambiguity  Composition  p-value
   1  DrolusSFB   22.53%    passed     67.01%
   2  Dino         0.00%    passed     89.40%
   3  MJM3360     32.81%    passed     62.61%
   4  DrobinSFB    1.17%    passed     49.04%
   5  Neam         0.00%    passed     74.92%
   6  RuprSFB     30.99%    passed     73.17%
   7  Retr        22.79%    passed     37.88%
   8  Beta        24.48%    passed     81.67%
   9  Spol        25.13%    passed     91.27%
  10  MJM1652      0.00%    passed     35.47%
  11  NepSFB       0.00%    passed     74.92%
  12  WPYJ        23.57%    passed     87.90%
  13  MJM2940      4.95%    passed     56.39%
****  TOTAL       14.49%  0 sequences failed composition chi2 test (p-value<5%; df=3)

Create initial parsimony tree by phylogenetic likelihood library (PLL)... 0.001 seconds

NOTE: 0 MB RAM (0 GB) is required!
WARNING: Number of threads seems too high for short alignments. Use -nt AUTO to determine best number of threads.
Estimate model parameters (epsilon = 0.100)
1. Initial log-likelihood: -4694.947
2. Current log-likelihood: -4463.781
3. Current log-likelihood: -4460.904
Optimal log-likelihood: -4460.876
Rate parameters:  A-C: 2.34371  A-G: 5.90674  A-T: 2.13355  C-G: 1.27019  C-T: 8.44731  G-T: 1.00000
Base frequencies:  A: 0.293  C: 0.195  G: 0.240  T: 0.272
Gamma shape alpha: 0.549
Parameters optimization took 3 rounds (0.030 sec)
Computing ML distances based on estimated model parameters... 0.001 sec
Computing BIONJ tree...
0.002 seconds
Log-likelihood of BIONJ tree: -4470.003
--------------------------------------------------------------------
|             INITIALIZING CANDIDATE TREE SET                      |
--------------------------------------------------------------------
Generating 98 parsimony trees... 0.071 second
Computing log-likelihood of 98 initial trees ... 0.418 seconds
Current best score: -4456.085

Do NNI search on 20 best initial trees
Estimate model parameters (epsilon = 0.100)
BETTER TREE FOUND at iteration 1: -4455.936
Iteration 10 / LogL: -4455.981 / Time: 0h:0m:0s
Iteration 20 / LogL: -4455.941 / Time: 0h:0m:1s
Finish initializing candidate tree set (1)
Current best tree score: -4455.936 / CPU time: 1.028
Number of iterations: 20
--------------------------------------------------------------------
|               OPTIMIZING CANDIDATE TREE SET                      |
--------------------------------------------------------------------
Iteration 30 / LogL: -4455.956 / Time: 0h:0m:1s (0h:0m:3s left)
Iteration 40 / LogL: -4456.007 / Time: 0h:0m:1s (0h:0m:2s left)
Iteration 50 / LogL: -4455.970 / Time: 0h:0m:2s (0h:0m:2s left)
Iteration 60 / LogL: -4456.275 / Time: 0h:0m:2s (0h:0m:1s left)
Iteration 70 / LogL: -4455.960 / Time: 0h:0m:2s (0h:0m:1s left)
Iteration 80 / LogL: -4456.050 / Time: 0h:0m:3s (0h:0m:0s left)
UPDATE BEST LOG-LIKELIHOOD: -4455.936
Iteration 90 / LogL: -4455.971 / Time: 0h:0m:3s (0h:0m:0s left)
Iteration 100 / LogL: -4455.944 / Time: 0h:0m:4s (0h:0m:0s left)
TREE SEARCH COMPLETED AFTER 102 ITERATIONS / Time: 0h:0m:4s

--------------------------------------------------------------------
|                    FINALIZING TREE SEARCH                        |
--------------------------------------------------------------------
Performs final model parameters optimization
Estimate model parameters (epsilon = 0.010)
1. Initial log-likelihood: -4455.936
Optimal log-likelihood: -4455.936
Rate parameters:  A-C: 2.49826  A-G: 6.32842  A-T: 2.27186  C-G: 1.37317  C-T: 8.96708  G-T: 1.00000
Base frequencies:  A: 0.293  C: 0.195  G: 0.240  T: 0.272
Gamma shape alpha: 0.549
Parameters optimization took 1 rounds (0.004 sec)
BEST SCORE FOUND : -4455.936

Testing tree branches by SH-like aLRT with 1000 replicates...
0.053 sec.
Total tree length: 1.660

Total number of iterations: 102
CPU time used for tree search: 3.877 sec (0h:0m:3s)
Wall-clock time used for tree search: 4.017 sec (0h:0m:4s)
Total CPU time used: 4.112 sec (0h:0m:4s)
Total wall-clock time used: 4.125 sec (0h:0m:4s)

Analysis results written to: 
  IQ-TREE report:                cluster1472rr.1to1ortho.fa.aln-cln_gene775.fa.iqtree
  Maximum-likelihood tree:       cluster1472rr.1to1ortho.fa.aln-cln_gene775.fa.treefile
  Likelihood distances:          cluster1472rr.1to1ortho.fa.aln-cln_gene775.fa.mldist
  Screen log file:               cluster1472rr.1to1ortho.fa.aln-cln_gene775.fa.log

Date and Time: Mon Nov 25 09:43:11 2019
