IQ-TREE multicore version 1.6.11 for Mac OS X 64-bit built Jul 12 2019
Developed by Bui Quang Minh, Nguyen Lam Tung, Olga Chernomor,
Heiko Schmidt, Dominik Schrempf, Michael Woodhams.

Host:    slpc437 (AVX2, FMA3, 16 GB RAM)
Command: iqtree -s cluster804rr.1to1ortho.fa.aln-cln_gene427.fa -nt 4 -m GTR+G -alrt 1000
Seed:    538915 (Using SPRNG - Scalable Parallel Random Number Generator)
Time:    Mon Nov 25 11:13:19 2019
Kernel:  AVX+FMA - 4 threads (6 CPU cores detected)

Reading alignment file cluster804rr.1to1ortho.fa.aln-cln_gene427.fa ... Fasta format detected
Alignment most likely contains DNA/RNA sequences
Alignment has 13 sequences with 1620 columns, 801 distinct patterns
577 parsimony-informative, 260 singleton sites, 783 constant sites
           Gap/Ambiguity  Composition  p-value
   1  DrolusSFB    0.74%    passed     89.69%
   2  Dino         0.06%    passed     65.34%
   3  MJM3360     11.36%    passed     65.50%
   4  DrobinSFB   10.37%    passed     60.73%
   5  Neam         0.74%    passed     81.04%
   6  RuprSFB     12.41%    passed     71.55%
   7  Retr        30.31%    passed     29.63%
   8  Beta         0.19%    passed     81.34%
   9  Spol         0.00%    passed     95.73%
  10  MJM1652     22.84%    passed     60.13%
  11  NepSFB       0.74%    passed     76.75%
  12  WPYJ        30.31%    passed     75.97%
  13  MJM2940      0.06%    passed     25.15%
****  TOTAL        9.24%  0 sequences failed composition chi2 test (p-value<5%; df=3)

Create initial parsimony tree by phylogenetic likelihood library (PLL)... 0.001 seconds

NOTE: 1 MB RAM (0 GB) is required!
Estimate model parameters (epsilon = 0.100)
1. Initial log-likelihood: -10499.137
2. Current log-likelihood: -10113.013
3. Current log-likelihood: -10109.990
Optimal log-likelihood: -10109.951
Rate parameters:  A-C: 1.66253  A-G: 4.61318  A-T: 1.61809  C-G: 1.15279  C-T: 4.85979  G-T: 1.00000
Base frequencies:  A: 0.274  C: 0.201  G: 0.240  T: 0.285
Gamma shape alpha: 0.495
Parameters optimization took 3 rounds (0.042 sec)
Computing ML distances based on estimated model parameters... 0.001 sec
Computing BIONJ tree...
0.002 seconds
Log-likelihood of BIONJ tree: -10144.174
--------------------------------------------------------------------
|             INITIALIZING CANDIDATE TREE SET                      |
--------------------------------------------------------------------
Generating 98 parsimony trees... 0.092 second
Computing log-likelihood of 97 initial trees ... 0.462 seconds
Current best score: -10109.951

Do NNI search on 20 best initial trees
Estimate model parameters (epsilon = 0.100)
BETTER TREE FOUND at iteration 1: -10109.201
Iteration 10 / LogL: -10109.235 / Time: 0h:0m:0s
Iteration 20 / LogL: -10109.604 / Time: 0h:0m:1s
Finish initializing candidate tree set (1)
Current best tree score: -10109.201 / CPU time: 1.090
Number of iterations: 20
--------------------------------------------------------------------
|               OPTIMIZING CANDIDATE TREE SET                      |
--------------------------------------------------------------------
Iteration 30 / LogL: -10109.232 / Time: 0h:0m:1s (0h:0m:3s left)
Iteration 40 / LogL: -10109.235 / Time: 0h:0m:1s (0h:0m:2s left)
Iteration 50 / LogL: -10109.219 / Time: 0h:0m:2s (0h:0m:2s left)
Iteration 60 / LogL: -10109.271 / Time: 0h:0m:2s (0h:0m:1s left)
UPDATE BEST LOG-LIKELIHOOD: -10109.201
Iteration 70 / LogL: -10109.266 / Time: 0h:0m:3s (0h:0m:1s left)
Iteration 80 / LogL: -10110.025 / Time: 0h:0m:3s (0h:0m:0s left)
Iteration 90 / LogL: -10109.508 / Time: 0h:0m:3s (0h:0m:0s left)
Iteration 100 / LogL: -10109.202 / Time: 0h:0m:4s (0h:0m:0s left)
TREE SEARCH COMPLETED AFTER 102 ITERATIONS / Time: 0h:0m:4s

--------------------------------------------------------------------
|                    FINALIZING TREE SEARCH                        |
--------------------------------------------------------------------
Performs final model parameters optimization
Estimate model parameters (epsilon = 0.010)
1. Initial log-likelihood: -10109.201
Optimal log-likelihood: -10109.199
Rate parameters:  A-C: 1.67465  A-G: 4.64190  A-T: 1.64972  C-G: 1.15044  C-T: 4.85936  G-T: 1.00000
Base frequencies:  A: 0.274  C: 0.201  G: 0.240  T: 0.285
Gamma shape alpha: 0.495
Parameters optimization took 1 rounds (0.005 sec)
BEST SCORE FOUND : -10109.199

Testing tree branches by SH-like aLRT with 1000 replicates...
0.096 sec.
Total tree length: 1.665

Total number of iterations: 102
CPU time used for tree search: 5.256 sec (0h:0m:5s)
Wall-clock time used for tree search: 4.203 sec (0h:0m:4s)
Total CPU time used: 5.704 sec (0h:0m:5s)
Total wall-clock time used: 4.367 sec (0h:0m:4s)

Analysis results written to: 
  IQ-TREE report:                cluster804rr.1to1ortho.fa.aln-cln_gene427.fa.iqtree
  Maximum-likelihood tree:       cluster804rr.1to1ortho.fa.aln-cln_gene427.fa.treefile
  Likelihood distances:          cluster804rr.1to1ortho.fa.aln-cln_gene427.fa.mldist
  Screen log file:               cluster804rr.1to1ortho.fa.aln-cln_gene427.fa.log

Date and Time: Mon Nov 25 11:13:23 2019
