IQ-TREE multicore version 1.6.11 for Mac OS X 64-bit built Jul 12 2019
Developed by Bui Quang Minh, Nguyen Lam Tung, Olga Chernomor,
Heiko Schmidt, Dominik Schrempf, Michael Woodhams.

Host:    slpc437 (AVX2, FMA3, 16 GB RAM)
Command: iqtree -s cluster2033rr.1to1ortho.fa.aln-cln_gene57.fa -nt 4 -m GTR+G -alrt 1000
Seed:    145113 (Using SPRNG - Scalable Parallel Random Number Generator)
Time:    Mon Nov 25 09:54:31 2019
Kernel:  AVX+FMA - 4 threads (6 CPU cores detected)

Reading alignment file cluster2033rr.1to1ortho.fa.aln-cln_gene57.fa ... Fasta format detected
Alignment most likely contains DNA/RNA sequences
Alignment has 13 sequences with 3345 columns, 1452 distinct patterns
1127 parsimony-informative, 514 singleton sites, 1703 constant sites
           Gap/Ambiguity  Composition  p-value
   1  DrolusSFB   24.48%    passed     96.88%
   2  Dino         0.09%    passed     62.93%
   3  MJM3360      0.66%    passed     83.99%
   4  DrobinSFB    1.88%    passed     14.40%
   5  Neam         0.00%    passed     94.89%
   6  RuprSFB      8.67%    passed     56.56%
   7  Retr        49.09%    passed     87.48%
   8  Beta         0.45%    passed     30.75%
   9  Spol         0.09%    passed     30.27%
  10  MJM1652      2.24%    passed     77.55%
  11  NepSFB       0.00%    passed     98.13%
  12  WPYJ        67.12%    passed     41.74%
  13  MJM2940      0.09%    passed     98.17%
WARNING: 1 sequences contain more than 50% gaps/ambiguity
****  TOTAL       11.91%  0 sequences failed composition chi2 test (p-value<5%; df=3)

Create initial parsimony tree by phylogenetic likelihood library (PLL)... 0.002 seconds

NOTE: 2 MB RAM (0 GB) is required!
Estimate model parameters (epsilon = 0.100)
1. Initial log-likelihood: -20794.689
2. Current log-likelihood: -19885.302
3. Current log-likelihood: -19880.050
Optimal log-likelihood: -19879.988
Rate parameters:  A-C: 1.67794  A-G: 4.53026  A-T: 1.73777  C-G: 1.28847  C-T: 6.58104  G-T: 1.00000
Base frequencies:  A: 0.257  C: 0.200  G: 0.257  T: 0.286
Gamma shape alpha: 0.511
Parameters optimization took 3 rounds (0.056 sec)
Computing ML distances based on estimated model parameters... 0.002 sec
Computing BIONJ tree...
0.002 seconds
Log-likelihood of BIONJ tree: -19879.988
--------------------------------------------------------------------
|             INITIALIZING CANDIDATE TREE SET                      |
--------------------------------------------------------------------
Generating 99 parsimony trees... 0.139 second
Computing log-likelihood of 98 initial trees ... 0.544 seconds
Current best score: -19879.988

Do NNI search on 20 best initial trees
Estimate model parameters (epsilon = 0.100)
BETTER TREE FOUND at iteration 1: -19879.987
Iteration 10 / LogL: -19880.260 / Time: 0h:0m:1s
Iteration 20 / LogL: -19880.122 / Time: 0h:0m:1s
Finish initializing candidate tree set (1)
Current best tree score: -19879.987 / CPU time: 1.428
Number of iterations: 20
--------------------------------------------------------------------
|               OPTIMIZING CANDIDATE TREE SET                      |
--------------------------------------------------------------------
Iteration 30 / LogL: -19880.480 / Time: 0h:0m:1s (0h:0m:4s left)
Iteration 40 / LogL: -19879.992 / Time: 0h:0m:2s (0h:0m:3s left)
Iteration 50 / LogL: -19880.113 / Time: 0h:0m:2s (0h:0m:3s left)
Iteration 60 / LogL: -19889.104 / Time: 0h:0m:3s (0h:0m:2s left)
Iteration 70 / LogL: -19881.261 / Time: 0h:0m:3s (0h:0m:1s left)
Iteration 80 / LogL: -19881.084 / Time: 0h:0m:4s (0h:0m:1s left)
Iteration 90 / LogL: -19880.186 / Time: 0h:0m:4s (0h:0m:0s left)
Iteration 100 / LogL: -19880.023 / Time: 0h:0m:5s (0h:0m:0s left)
TREE SEARCH COMPLETED AFTER 102 ITERATIONS / Time: 0h:0m:5s

--------------------------------------------------------------------
|                    FINALIZING TREE SEARCH                        |
--------------------------------------------------------------------
Performs final model parameters optimization
Estimate model parameters (epsilon = 0.010)
1. Initial log-likelihood: -19879.987
Optimal log-likelihood: -19879.987
Rate parameters:  A-C: 1.67726  A-G: 4.52836  A-T: 1.73801  C-G: 1.28763  C-T: 6.58456  G-T: 1.00000
Base frequencies:  A: 0.257  C: 0.200  G: 0.257  T: 0.286
Gamma shape alpha: 0.511
Parameters optimization took 1 rounds (0.007 sec)
BEST SCORE FOUND : -19879.987

Testing tree branches by SH-like aLRT with 1000 replicates...
0.177 sec.
Total tree length: 1.573

Total number of iterations: 102
CPU time used for tree search: 8.531 sec (0h:0m:8s)
Wall-clock time used for tree search: 5.339 sec (0h:0m:5s)
Total CPU time used: 9.372 sec (0h:0m:9s)
Total wall-clock time used: 5.601 sec (0h:0m:5s)

Analysis results written to: 
  IQ-TREE report:                cluster2033rr.1to1ortho.fa.aln-cln_gene57.fa.iqtree
  Maximum-likelihood tree:       cluster2033rr.1to1ortho.fa.aln-cln_gene57.fa.treefile
  Likelihood distances:          cluster2033rr.1to1ortho.fa.aln-cln_gene57.fa.mldist
  Screen log file:               cluster2033rr.1to1ortho.fa.aln-cln_gene57.fa.log

Date and Time: Mon Nov 25 09:54:36 2019
