IQ-TREE multicore version 1.6.11 for Mac OS X 64-bit built Jul 12 2019
Developed by Bui Quang Minh, Nguyen Lam Tung, Olga Chernomor,
Heiko Schmidt, Dominik Schrempf, Michael Woodhams.

Host:    slpc437 (AVX2, FMA3, 16 GB RAM)
Command: iqtree -s cluster4871rr.1to1ortho.fa.aln-cln_gene1039.fa -nt 4 -m GTR+G -alrt 1000
Seed:    190063 (Using SPRNG - Scalable Parallel Random Number Generator)
Time:    Mon Nov 25 10:59:59 2019
Kernel:  AVX+FMA - 4 threads (6 CPU cores detected)

Reading alignment file cluster4871rr.1to1ortho.fa.aln-cln_gene1039.fa ... Fasta format detected
Alignment most likely contains DNA/RNA sequences
Alignment has 13 sequences with 3858 columns, 1512 distinct patterns
1205 parsimony-informative, 603 singleton sites, 2050 constant sites
           Gap/Ambiguity  Composition  p-value
   1  DrolusSFB    9.56%    passed     74.13%
   2  Dino         0.00%    passed     89.72%
   3  MJM3360      0.00%    passed     93.83%
   4  DrobinSFB    0.00%    passed     85.53%
   5  Neam         0.08%    passed     99.83%
   6  RuprSFB      0.00%    passed     95.98%
   7  Retr        50.08%    passed     91.49%
   8  Beta         0.65%    passed     86.34%
   9  Spol         0.41%    passed     56.77%
  10  MJM1652      0.00%    passed     96.50%
  11  NepSFB      22.40%    passed     90.56%
  12  WPYJ        43.31%    passed     92.67%
  13  MJM2940      0.00%    passed     95.29%
WARNING: 1 sequences contain more than 50% gaps/ambiguity
****  TOTAL        9.73%  0 sequences failed composition chi2 test (p-value<5%; df=3)

Create initial parsimony tree by phylogenetic likelihood library (PLL)... 0.002 seconds

NOTE: 2 MB RAM (0 GB) is required!
Estimate model parameters (epsilon = 0.100)
1. Initial log-likelihood: -23199.924
2. Current log-likelihood: -22171.693
3. Current log-likelihood: -22166.304
Optimal log-likelihood: -22166.230
Rate parameters:  A-C: 1.28292  A-G: 4.42430  A-T: 1.31239  C-G: 1.09759  C-T: 5.70778  G-T: 1.00000
Base frequencies:  A: 0.277  C: 0.204  G: 0.225  T: 0.294
Gamma shape alpha: 0.461
Parameters optimization took 3 rounds (0.057 sec)
Computing ML distances based on estimated model parameters... 0.002 sec
Computing BIONJ tree...
0.002 seconds
Log-likelihood of BIONJ tree: -22174.027
--------------------------------------------------------------------
|             INITIALIZING CANDIDATE TREE SET                      |
--------------------------------------------------------------------
Generating 98 parsimony trees... 0.152 second
Computing log-likelihood of 97 initial trees ... 0.523 seconds
Current best score: -22166.230

Do NNI search on 20 best initial trees
Estimate model parameters (epsilon = 0.100)
BETTER TREE FOUND at iteration 1: -22166.222
Iteration 10 / LogL: -22166.298 / Time: 0h:0m:1s
Iteration 20 / LogL: -22166.321 / Time: 0h:0m:1s
Finish initializing candidate tree set (1)
Current best tree score: -22166.222 / CPU time: 1.398
Number of iterations: 20
--------------------------------------------------------------------
|               OPTIMIZING CANDIDATE TREE SET                      |
--------------------------------------------------------------------
UPDATE BEST LOG-LIKELIHOOD: -22166.221
Iteration 30 / LogL: -22171.268 / Time: 0h:0m:1s (0h:0m:4s left)
Iteration 40 / LogL: -22166.341 / Time: 0h:0m:2s (0h:0m:3s left)
Iteration 50 / LogL: -22166.605 / Time: 0h:0m:2s (0h:0m:3s left)
UPDATE BEST LOG-LIKELIHOOD: -22166.221
Iteration 60 / LogL: -22167.110 / Time: 0h:0m:3s (0h:0m:2s left)
Iteration 70 / LogL: -22166.261 / Time: 0h:0m:3s (0h:0m:1s left)
UPDATE BEST LOG-LIKELIHOOD: -22166.221
Iteration 80 / LogL: -22166.221 / Time: 0h:0m:4s (0h:0m:1s left)
Iteration 90 / LogL: -22174.669 / Time: 0h:0m:4s (0h:0m:0s left)
Iteration 100 / LogL: -22166.377 / Time: 0h:0m:5s (0h:0m:0s left)
TREE SEARCH COMPLETED AFTER 102 ITERATIONS / Time: 0h:0m:5s

--------------------------------------------------------------------
|                    FINALIZING TREE SEARCH                        |
--------------------------------------------------------------------
Performs final model parameters optimization
Estimate model parameters (epsilon = 0.010)
1. Initial log-likelihood: -22166.221
Optimal log-likelihood: -22166.220
Rate parameters:  A-C: 1.28409  A-G: 4.42313  A-T: 1.31520  C-G: 1.09797  C-T: 5.71060  G-T: 1.00000
Base frequencies:  A: 0.277  C: 0.204  G: 0.225  T: 0.294
Gamma shape alpha: 0.461
Parameters optimization took 1 rounds (0.007 sec)
BEST SCORE FOUND : -22166.220

Testing tree branches by SH-like aLRT with 1000 replicates...
0.197 sec.
Total tree length: 1.356

Total number of iterations: 102
CPU time used for tree search: 8.474 sec (0h:0m:8s)
Wall-clock time used for tree search: 5.218 sec (0h:0m:5s)
Total CPU time used: 9.415 sec (0h:0m:9s)
Total wall-clock time used: 5.507 sec (0h:0m:5s)

Analysis results written to: 
  IQ-TREE report:                cluster4871rr.1to1ortho.fa.aln-cln_gene1039.fa.iqtree
  Maximum-likelihood tree:       cluster4871rr.1to1ortho.fa.aln-cln_gene1039.fa.treefile
  Likelihood distances:          cluster4871rr.1to1ortho.fa.aln-cln_gene1039.fa.mldist
  Screen log file:               cluster4871rr.1to1ortho.fa.aln-cln_gene1039.fa.log

Date and Time: Mon Nov 25 11:00:04 2019
