IQ-TREE multicore version 1.6.11 for Mac OS X 64-bit built Jul 12 2019
Developed by Bui Quang Minh, Nguyen Lam Tung, Olga Chernomor,
Heiko Schmidt, Dominik Schrempf, Michael Woodhams.

Host:    slpc437 (AVX2, FMA3, 16 GB RAM)
Command: iqtree -s cluster2427rr.1to1ortho.fa.aln-cln_gene1191.fa -nt 4 -m GTR+G -alrt 1000
Seed:    917148 (Using SPRNG - Scalable Parallel Random Number Generator)
Time:    Mon Nov 25 10:03:41 2019
Kernel:  AVX+FMA - 4 threads (6 CPU cores detected)

Reading alignment file cluster2427rr.1to1ortho.fa.aln-cln_gene1191.fa ... Fasta format detected
Alignment most likely contains DNA/RNA sequences
Alignment has 13 sequences with 1213 columns, 724 distinct patterns
518 parsimony-informative, 217 singleton sites, 478 constant sites
           Gap/Ambiguity  Composition  p-value
   1  DrolusSFB    2.47%    passed     21.45%
   2  Dino         0.82%    passed     90.91%
   3  MJM3360     43.94%    passed     27.06%
   4  DrobinSFB   35.37%    failed      2.42%
   5  Neam         0.08%    passed     28.34%
   6  RuprSFB     29.35%    passed     52.69%
   7  Retr         5.77%    passed     57.34%
   8  Beta         8.16%    passed     89.56%
   9  Spol         6.02%    passed     48.01%
  10  MJM1652      1.81%    passed     96.30%
  11  NepSFB       0.08%    passed     23.93%
  12  WPYJ        33.22%    passed     27.05%
  13  MJM2940      2.47%    passed     49.49%
****  TOTAL       13.04%  1 sequences failed composition chi2 test (p-value<5%; df=3)

Create initial parsimony tree by phylogenetic likelihood library (PLL)... 0.001 seconds

NOTE: 1 MB RAM (0 GB) is required!
Estimate model parameters (epsilon = 0.100)
1. Initial log-likelihood: -8582.267
2. Current log-likelihood: -8275.065
3. Current log-likelihood: -8272.524
Optimal log-likelihood: -8272.500
Rate parameters:  A-C: 1.35643  A-G: 3.01789  A-T: 0.93052  C-G: 1.16233  C-T: 4.09491  G-T: 1.00000
Base frequencies:  A: 0.276  C: 0.182  G: 0.264  T: 0.278
Gamma shape alpha: 0.741
Parameters optimization took 3 rounds (0.036 sec)
Computing ML distances based on estimated model parameters... 0.001 sec
Computing BIONJ tree...
0.002 seconds
Log-likelihood of BIONJ tree: -8282.607
--------------------------------------------------------------------
|             INITIALIZING CANDIDATE TREE SET                      |
--------------------------------------------------------------------
Generating 98 parsimony trees... 0.095 second
Computing log-likelihood of 98 initial trees ... 0.455 seconds
Current best score: -8272.500

Do NNI search on 20 best initial trees
Estimate model parameters (epsilon = 0.100)
BETTER TREE FOUND at iteration 1: -8272.500
Iteration 10 / LogL: -8306.674 / Time: 0h:0m:0s
Iteration 20 / LogL: -8273.078 / Time: 0h:0m:1s
Finish initializing candidate tree set (3)
Current best tree score: -8272.500 / CPU time: 1.224
Number of iterations: 20
--------------------------------------------------------------------
|               OPTIMIZING CANDIDATE TREE SET                      |
--------------------------------------------------------------------
Iteration 30 / LogL: -8272.512 / Time: 0h:0m:1s (0h:0m:4s left)
Iteration 40 / LogL: -8272.549 / Time: 0h:0m:2s (0h:0m:3s left)
Iteration 50 / LogL: -8272.509 / Time: 0h:0m:2s (0h:0m:2s left)
Iteration 60 / LogL: -8272.531 / Time: 0h:0m:3s (0h:0m:2s left)
Iteration 70 / LogL: -8272.549 / Time: 0h:0m:3s (0h:0m:1s left)
Iteration 80 / LogL: -8273.771 / Time: 0h:0m:4s (0h:0m:1s left)
Iteration 90 / LogL: -8272.534 / Time: 0h:0m:4s (0h:0m:0s left)
Iteration 100 / LogL: -8272.968 / Time: 0h:0m:5s (0h:0m:0s left)
TREE SEARCH COMPLETED AFTER 102 ITERATIONS / Time: 0h:0m:5s

--------------------------------------------------------------------
|                    FINALIZING TREE SEARCH                        |
--------------------------------------------------------------------
Performs final model parameters optimization
Estimate model parameters (epsilon = 0.010)
1. Initial log-likelihood: -8272.500
Optimal log-likelihood: -8272.500
Rate parameters:  A-C: 1.35405  A-G: 3.01942  A-T: 0.93042  C-G: 1.16133  C-T: 4.09497  G-T: 1.00000
Base frequencies:  A: 0.276  C: 0.182  G: 0.264  T: 0.278
Gamma shape alpha: 0.741
Parameters optimization took 1 rounds (0.005 sec)
BEST SCORE FOUND : -8272.500

Testing tree branches by SH-like aLRT with 1000 replicates...
0.078 sec.
Total tree length: 2.075

Total number of iterations: 102
CPU time used for tree search: 6.165 sec (0h:0m:6s)
Wall-clock time used for tree search: 5.135 sec (0h:0m:5s)
Total CPU time used: 6.525 sec (0h:0m:6s)
Total wall-clock time used: 5.275 sec (0h:0m:5s)

Analysis results written to: 
  IQ-TREE report:                cluster2427rr.1to1ortho.fa.aln-cln_gene1191.fa.iqtree
  Maximum-likelihood tree:       cluster2427rr.1to1ortho.fa.aln-cln_gene1191.fa.treefile
  Likelihood distances:          cluster2427rr.1to1ortho.fa.aln-cln_gene1191.fa.mldist
  Screen log file:               cluster2427rr.1to1ortho.fa.aln-cln_gene1191.fa.log

Date and Time: Mon Nov 25 10:03:47 2019
