IQ-TREE multicore version 1.6.11 for Mac OS X 64-bit built Jul 12 2019
Developed by Bui Quang Minh, Nguyen Lam Tung, Olga Chernomor,
Heiko Schmidt, Dominik Schrempf, Michael Woodhams.

Host:    slpc437 (AVX2, FMA3, 16 GB RAM)
Command: iqtree -s cluster1948rr.1to1ortho.fa.aln-cln_gene573.fa -nt 4 -m GTR+G -alrt 1000
Seed:    404909 (Using SPRNG - Scalable Parallel Random Number Generator)
Time:    Mon Nov 25 09:52:58 2019
Kernel:  AVX+FMA - 4 threads (6 CPU cores detected)

Reading alignment file cluster1948rr.1to1ortho.fa.aln-cln_gene573.fa ... Fasta format detected
Alignment most likely contains DNA/RNA sequences
Alignment has 13 sequences with 1489 columns, 511 distinct patterns
401 parsimony-informative, 158 singleton sites, 930 constant sites
           Gap/Ambiguity  Composition  p-value
   1  DrolusSFB    0.40%    passed     43.62%
   2  Dino         0.81%    passed     65.91%
   3  MJM3360      0.07%    passed     65.36%
   4  DrobinSFB    2.55%    passed     50.90%
   5  Neam         0.07%    passed     94.51%
   6  RuprSFB      0.07%    passed     94.70%
   7  Retr         0.13%    passed     25.83%
   8  Beta         0.74%    passed      8.15%
   9  Spol        14.57%    passed     48.41%
  10  MJM1652      0.27%    passed     90.55%
  11  NepSFB       0.07%    passed     96.11%
  12  WPYJ         0.94%    passed     98.78%
  13  MJM2940      0.07%    passed     98.10%
****  TOTAL        1.60%  0 sequences failed composition chi2 test (p-value<5%; df=3)

Create initial parsimony tree by phylogenetic likelihood library (PLL)... 0.001 seconds

NOTE: 0 MB RAM (0 GB) is required!
Estimate model parameters (epsilon = 0.100)
1. Initial log-likelihood: -8504.861
2. Current log-likelihood: -8028.990
3. Current log-likelihood: -8025.249
Optimal log-likelihood: -8025.178
Rate parameters:  A-C: 2.06107  A-G: 4.01160  A-T: 1.61759  C-G: 0.87483  C-T: 8.05772  G-T: 1.00000
Base frequencies:  A: 0.301  C: 0.181  G: 0.262  T: 0.255
Gamma shape alpha: 0.252
Parameters optimization took 3 rounds (0.034 sec)
Computing ML distances based on estimated model parameters... 0.001 sec
Computing BIONJ tree...
0.002 seconds
Log-likelihood of BIONJ tree: -8026.084
--------------------------------------------------------------------
|             INITIALIZING CANDIDATE TREE SET                      |
--------------------------------------------------------------------
Generating 98 parsimony trees... 0.077 second
Computing log-likelihood of 96 initial trees ... 0.393 seconds
Current best score: -8024.111

Do NNI search on 20 best initial trees
Estimate model parameters (epsilon = 0.100)
BETTER TREE FOUND at iteration 1: -8023.587
Iteration 10 / LogL: -8023.700 / Time: 0h:0m:0s
Iteration 20 / LogL: -8023.621 / Time: 0h:0m:1s
Finish initializing candidate tree set (1)
Current best tree score: -8023.587 / CPU time: 1.017
Number of iterations: 20
--------------------------------------------------------------------
|               OPTIMIZING CANDIDATE TREE SET                      |
--------------------------------------------------------------------
Iteration 30 / LogL: -8024.394 / Time: 0h:0m:1s (0h:0m:3s left)
Iteration 40 / LogL: -8023.921 / Time: 0h:0m:1s (0h:0m:2s left)
Iteration 50 / LogL: -8023.882 / Time: 0h:0m:2s (0h:0m:2s left)
Iteration 60 / LogL: -8024.473 / Time: 0h:0m:2s (0h:0m:1s left)
Iteration 70 / LogL: -8023.689 / Time: 0h:0m:2s (0h:0m:1s left)
Iteration 80 / LogL: -8024.519 / Time: 0h:0m:3s (0h:0m:0s left)
Iteration 90 / LogL: -8023.591 / Time: 0h:0m:3s (0h:0m:0s left)
Iteration 100 / LogL: -8023.599 / Time: 0h:0m:4s (0h:0m:0s left)
TREE SEARCH COMPLETED AFTER 102 ITERATIONS / Time: 0h:0m:4s

--------------------------------------------------------------------
|                    FINALIZING TREE SEARCH                        |
--------------------------------------------------------------------
Performs final model parameters optimization
Estimate model parameters (epsilon = 0.010)
1. Initial log-likelihood: -8023.587
Optimal log-likelihood: -8023.587
Rate parameters:  A-C: 2.05683  A-G: 4.01259  A-T: 1.61790  C-G: 0.87563  C-T: 8.06099  G-T: 1.00000
Base frequencies:  A: 0.301  C: 0.181  G: 0.262  T: 0.255
Gamma shape alpha: 0.253
Parameters optimization took 1 rounds (0.004 sec)
BEST SCORE FOUND : -8023.587

Testing tree branches by SH-like aLRT with 1000 replicates...
0.085 sec.
Total tree length: 1.201

Total number of iterations: 102
CPU time used for tree search: 4.303 sec (0h:0m:4s)
Wall-clock time used for tree search: 4.033 sec (0h:0m:4s)
Total CPU time used: 4.681 sec (0h:0m:4s)
Total wall-clock time used: 4.175 sec (0h:0m:4s)

Analysis results written to: 
  IQ-TREE report:                cluster1948rr.1to1ortho.fa.aln-cln_gene573.fa.iqtree
  Maximum-likelihood tree:       cluster1948rr.1to1ortho.fa.aln-cln_gene573.fa.treefile
  Likelihood distances:          cluster1948rr.1to1ortho.fa.aln-cln_gene573.fa.mldist
  Screen log file:               cluster1948rr.1to1ortho.fa.aln-cln_gene573.fa.log

Date and Time: Mon Nov 25 09:53:02 2019
