IQ-TREE multicore version 1.6.11 for Mac OS X 64-bit built Jul 12 2019
Developed by Bui Quang Minh, Nguyen Lam Tung, Olga Chernomor,
Heiko Schmidt, Dominik Schrempf, Michael Woodhams.

Host:    slpc437 (AVX2, FMA3, 16 GB RAM)
Command: iqtree -s cluster4469rr.1to1ortho.fa.aln-cln_gene541.fa -nt 4 -m GTR+G -alrt 1000
Seed:    256961 (Using SPRNG - Scalable Parallel Random Number Generator)
Time:    Mon Nov 25 10:52:45 2019
Kernel:  AVX+FMA - 4 threads (6 CPU cores detected)

Reading alignment file cluster4469rr.1to1ortho.fa.aln-cln_gene541.fa ... Fasta format detected
Alignment most likely contains DNA/RNA sequences
Alignment has 13 sequences with 1476 columns, 711 distinct patterns
535 parsimony-informative, 214 singleton sites, 727 constant sites
           Gap/Ambiguity  Composition  p-value
   1  DrolusSFB    2.51%    passed     99.84%
   2  Dino         5.49%    passed     84.17%
   3  MJM3360      4.74%    passed     81.08%
   4  DrobinSFB    2.78%    passed     61.81%
   5  Neam         2.03%    passed     73.29%
   6  RuprSFB      2.44%    passed     96.42%
   7  Retr         4.88%    passed     78.12%
   8  Beta         3.25%    passed     30.11%
   9  Spol         4.47%    passed     74.08%
  10  MJM1652      1.42%    passed     89.65%
  11  NepSFB       2.03%    passed     73.29%
  12  WPYJ        22.97%    passed     45.35%
  13  MJM2940      1.22%    passed     83.40%
****  TOTAL        4.63%  0 sequences failed composition chi2 test (p-value<5%; df=3)

Create initial parsimony tree by phylogenetic likelihood library (PLL)... 0.001 seconds

NOTE: 1 MB RAM (0 GB) is required!
Estimate model parameters (epsilon = 0.100)
1. Initial log-likelihood: -9970.543
2. Current log-likelihood: -9505.786
3. Current log-likelihood: -9502.557
Optimal log-likelihood: -9502.471
Rate parameters:  A-C: 1.74799  A-G: 5.02307  A-T: 2.22302  C-G: 1.49378  C-T: 9.33312  G-T: 1.00000
Base frequencies:  A: 0.294  C: 0.181  G: 0.258  T: 0.267
Gamma shape alpha: 0.503
Parameters optimization took 3 rounds (0.039 sec)
Computing ML distances based on estimated model parameters... 0.001 sec
Computing BIONJ tree...
0.002 seconds
Log-likelihood of BIONJ tree: -9504.256
--------------------------------------------------------------------
|             INITIALIZING CANDIDATE TREE SET                      |
--------------------------------------------------------------------
Generating 98 parsimony trees... 0.087 second
Computing log-likelihood of 97 initial trees ... 0.429 seconds
Current best score: -9502.471

Do NNI search on 20 best initial trees
Estimate model parameters (epsilon = 0.100)
BETTER TREE FOUND at iteration 1: -9502.468
Iteration 10 / LogL: -9502.471 / Time: 0h:0m:0s
Iteration 20 / LogL: -9502.655 / Time: 0h:0m:1s
Finish initializing candidate tree set (2)
Current best tree score: -9502.468 / CPU time: 1.059
Number of iterations: 20
--------------------------------------------------------------------
|               OPTIMIZING CANDIDATE TREE SET                      |
--------------------------------------------------------------------
Iteration 30 / LogL: -9510.840 / Time: 0h:0m:1s (0h:0m:3s left)
Iteration 40 / LogL: -9502.473 / Time: 0h:0m:1s (0h:0m:2s left)
Iteration 50 / LogL: -9502.534 / Time: 0h:0m:2s (0h:0m:2s left)
Iteration 60 / LogL: -9502.520 / Time: 0h:0m:2s (0h:0m:1s left)
Iteration 70 / LogL: -9514.824 / Time: 0h:0m:2s (0h:0m:1s left)
Iteration 80 / LogL: -9502.473 / Time: 0h:0m:3s (0h:0m:0s left)
Iteration 90 / LogL: -9502.491 / Time: 0h:0m:3s (0h:0m:0s left)
Iteration 100 / LogL: -9502.470 / Time: 0h:0m:4s (0h:0m:0s left)
TREE SEARCH COMPLETED AFTER 102 ITERATIONS / Time: 0h:0m:4s

--------------------------------------------------------------------
|                    FINALIZING TREE SEARCH                        |
--------------------------------------------------------------------
Performs final model parameters optimization
Estimate model parameters (epsilon = 0.010)
1. Initial log-likelihood: -9502.468
Optimal log-likelihood: -9502.468
Rate parameters:  A-C: 1.74771  A-G: 5.00976  A-T: 2.21512  C-G: 1.49500  C-T: 9.33201  G-T: 1.00000
Base frequencies:  A: 0.294  C: 0.181  G: 0.258  T: 0.267
Gamma shape alpha: 0.504
Parameters optimization took 1 rounds (0.005 sec)
BEST SCORE FOUND : -9502.468

Testing tree branches by SH-like aLRT with 1000 replicates...
0.087 sec.
Total tree length: 1.614

Total number of iterations: 102
CPU time used for tree search: 4.956 sec (0h:0m:4s)
Wall-clock time used for tree search: 4.100 sec (0h:0m:4s)
Total CPU time used: 5.362 sec (0h:0m:5s)
Total wall-clock time used: 4.251 sec (0h:0m:4s)

Analysis results written to: 
  IQ-TREE report:                cluster4469rr.1to1ortho.fa.aln-cln_gene541.fa.iqtree
  Maximum-likelihood tree:       cluster4469rr.1to1ortho.fa.aln-cln_gene541.fa.treefile
  Likelihood distances:          cluster4469rr.1to1ortho.fa.aln-cln_gene541.fa.mldist
  Screen log file:               cluster4469rr.1to1ortho.fa.aln-cln_gene541.fa.log

Date and Time: Mon Nov 25 10:52:49 2019
