IQ-TREE multicore version 1.6.11 for Mac OS X 64-bit built Jul 12 2019
Developed by Bui Quang Minh, Nguyen Lam Tung, Olga Chernomor,
Heiko Schmidt, Dominik Schrempf, Michael Woodhams.

Host:    slpc437 (AVX2, FMA3, 16 GB RAM)
Command: iqtree -s cluster4476rr.1to1ortho.fa.aln-cln_gene537.fa -nt 4 -m GTR+G -alrt 1000
Seed:    356205 (Using SPRNG - Scalable Parallel Random Number Generator)
Time:    Mon Nov 25 10:52:59 2019
Kernel:  AVX+FMA - 4 threads (6 CPU cores detected)

Reading alignment file cluster4476rr.1to1ortho.fa.aln-cln_gene537.fa ... Fasta format detected
Alignment most likely contains DNA/RNA sequences
Alignment has 13 sequences with 1557 columns, 689 distinct patterns
520 parsimony-informative, 207 singleton sites, 830 constant sites
           Gap/Ambiguity  Composition  p-value
   1  DrolusSFB   34.36%    passed     63.44%
   2  Dino         0.58%    passed     94.23%
   3  MJM3360      1.28%    passed     99.91%
   4  DrobinSFB    1.28%    passed     60.05%
   5  Neam         0.19%    passed     77.12%
   6  RuprSFB      0.77%    passed     75.70%
   7  Retr         0.13%    passed     76.56%
   8  Beta         0.58%    passed     98.62%
   9  Spol         0.39%    passed     96.22%
  10  MJM1652      0.39%    passed     92.57%
  11  NepSFB       0.19%    passed     85.87%
  12  WPYJ        10.40%    passed     79.20%
  13  MJM2940      2.12%    passed     86.82%
****  TOTAL        4.05%  0 sequences failed composition chi2 test (p-value<5%; df=3)

Create initial parsimony tree by phylogenetic likelihood library (PLL)... 0.001 seconds

NOTE: 1 MB RAM (0 GB) is required!
Estimate model parameters (epsilon = 0.100)
1. Initial log-likelihood: -9973.348
2. Current log-likelihood: -9540.455
3. Current log-likelihood: -9536.340
4. Current log-likelihood: -9536.201
Optimal log-likelihood: -9536.198
Rate parameters:  A-C: 1.77640  A-G: 4.74484  A-T: 1.94654  C-G: 1.60269  C-T: 7.79998  G-T: 1.00000
Base frequencies:  A: 0.291  C: 0.191  G: 0.265  T: 0.253
Gamma shape alpha: 0.382
Parameters optimization took 4 rounds (0.050 sec)
Computing ML distances based on estimated model parameters... 0.001 sec
Computing BIONJ tree...
0.002 seconds
Log-likelihood of BIONJ tree: -9532.637
--------------------------------------------------------------------
|             INITIALIZING CANDIDATE TREE SET                      |
--------------------------------------------------------------------
Generating 98 parsimony trees... 0.079 second
Computing log-likelihood of 98 initial trees ... 0.441 seconds
Current best score: -9532.637

Do NNI search on 20 best initial trees
Estimate model parameters (epsilon = 0.100)
BETTER TREE FOUND at iteration 1: -9532.631
Iteration 10 / LogL: -9532.693 / Time: 0h:0m:0s
Iteration 20 / LogL: -9532.675 / Time: 0h:0m:1s
Finish initializing candidate tree set (1)
Current best tree score: -9532.631 / CPU time: 1.139
Number of iterations: 20
--------------------------------------------------------------------
|               OPTIMIZING CANDIDATE TREE SET                      |
--------------------------------------------------------------------
UPDATE BEST LOG-LIKELIHOOD: -9532.631
Iteration 30 / LogL: -9533.179 / Time: 0h:0m:1s (0h:0m:3s left)
Iteration 40 / LogL: -9532.650 / Time: 0h:0m:1s (0h:0m:3s left)
Iteration 50 / LogL: -9535.288 / Time: 0h:0m:2s (0h:0m:2s left)
Iteration 60 / LogL: -9533.165 / Time: 0h:0m:2s (0h:0m:1s left)
Iteration 70 / LogL: -9532.681 / Time: 0h:0m:3s (0h:0m:1s left)
Iteration 80 / LogL: -9533.170 / Time: 0h:0m:3s (0h:0m:0s left)
Iteration 90 / LogL: -9532.699 / Time: 0h:0m:4s (0h:0m:0s left)
Iteration 100 / LogL: -9532.642 / Time: 0h:0m:4s (0h:0m:0s left)
TREE SEARCH COMPLETED AFTER 102 ITERATIONS / Time: 0h:0m:4s

--------------------------------------------------------------------
|                    FINALIZING TREE SEARCH                        |
--------------------------------------------------------------------
Performs final model parameters optimization
Estimate model parameters (epsilon = 0.010)
1. Initial log-likelihood: -9532.631
Optimal log-likelihood: -9532.624
Rate parameters:  A-C: 1.81035  A-G: 4.80439  A-T: 1.94994  C-G: 1.59574  C-T: 7.88464  G-T: 1.00000
Base frequencies:  A: 0.291  C: 0.191  G: 0.265  T: 0.253
Gamma shape alpha: 0.382
Parameters optimization took 1 rounds (0.006 sec)
BEST SCORE FOUND : -9532.624

Testing tree branches by SH-like aLRT with 1000 replicates...
0.090 sec.
Total tree length: 1.558

Total number of iterations: 102
CPU time used for tree search: 5.538 sec (0h:0m:5s)
Wall-clock time used for tree search: 4.685 sec (0h:0m:4s)
Total CPU time used: 5.984 sec (0h:0m:5s)
Total wall-clock time used: 4.852 sec (0h:0m:4s)

Analysis results written to: 
  IQ-TREE report:                cluster4476rr.1to1ortho.fa.aln-cln_gene537.fa.iqtree
  Maximum-likelihood tree:       cluster4476rr.1to1ortho.fa.aln-cln_gene537.fa.treefile
  Likelihood distances:          cluster4476rr.1to1ortho.fa.aln-cln_gene537.fa.mldist
  Screen log file:               cluster4476rr.1to1ortho.fa.aln-cln_gene537.fa.log

Date and Time: Mon Nov 25 10:53:04 2019
