IQ-TREE multicore version 1.6.11 for Mac OS X 64-bit built Jul 12 2019
Developed by Bui Quang Minh, Nguyen Lam Tung, Olga Chernomor,
Heiko Schmidt, Dominik Schrempf, Michael Woodhams.

Host:    slpc437 (AVX2, FMA3, 16 GB RAM)
Command: iqtree -s cluster2236rr.1to1ortho.fa.aln-cln_gene325.fa -nt 4 -m GTR+G -alrt 1000
Seed:    188432 (Using SPRNG - Scalable Parallel Random Number Generator)
Time:    Mon Nov 25 10:00:00 2019
Kernel:  AVX+FMA - 4 threads (6 CPU cores detected)

Reading alignment file cluster2236rr.1to1ortho.fa.aln-cln_gene325.fa ... Fasta format detected
Alignment most likely contains DNA/RNA sequences
Alignment has 13 sequences with 2520 columns, 1061 distinct patterns
838 parsimony-informative, 369 singleton sites, 1313 constant sites
           Gap/Ambiguity  Composition  p-value
   1  DrolusSFB    0.00%    passed     90.44%
   2  Dino         0.36%    passed     92.12%
   3  MJM3360      2.02%    passed     73.11%
   4  DrobinSFB    1.87%    passed     94.04%
   5  Neam        28.61%    passed     88.02%
   6  RuprSFB      3.65%    passed     76.39%
   7  Retr         0.24%    passed     88.32%
   8  Beta         0.00%    passed     75.04%
   9  Spol         0.00%    passed     64.49%
  10  MJM1652      0.24%    passed     97.00%
  11  NepSFB       0.48%    passed     71.33%
  12  WPYJ        60.24%    passed     49.39%
  13  MJM2940      0.00%    passed     76.77%
WARNING: 1 sequences contain more than 50% gaps/ambiguity
****  TOTAL        7.52%  0 sequences failed composition chi2 test (p-value<5%; df=3)

Create initial parsimony tree by phylogenetic likelihood library (PLL)... 0.001 seconds

NOTE: 1 MB RAM (0 GB) is required!
Estimate model parameters (epsilon = 0.100)
1. Initial log-likelihood: -16350.047
2. Current log-likelihood: -15627.277
3. Current log-likelihood: -15622.275
Optimal log-likelihood: -15622.166
Rate parameters:  A-C: 2.20137  A-G: 5.31272  A-T: 1.71923  C-G: 1.84212  C-T: 7.09677  G-T: 1.00000
Base frequencies:  A: 0.247  C: 0.188  G: 0.251  T: 0.314
Gamma shape alpha: 0.421
Parameters optimization took 3 rounds (0.050 sec)
Computing ML distances based on estimated model parameters... 0.002 sec
Computing BIONJ tree...
0.002 seconds
Log-likelihood of BIONJ tree: -15622.165
--------------------------------------------------------------------
|             INITIALIZING CANDIDATE TREE SET                      |
--------------------------------------------------------------------
Generating 99 parsimony trees... 0.123 second
Computing log-likelihood of 98 initial trees ... 0.484 seconds
Current best score: -15622.165

Do NNI search on 20 best initial trees
Estimate model parameters (epsilon = 0.100)
BETTER TREE FOUND at iteration 1: -15622.163
Iteration 10 / LogL: -15622.252 / Time: 0h:0m:0s
Iteration 20 / LogL: -15622.380 / Time: 0h:0m:1s
Finish initializing candidate tree set (1)
Current best tree score: -15622.163 / CPU time: 1.304
Number of iterations: 20
--------------------------------------------------------------------
|               OPTIMIZING CANDIDATE TREE SET                      |
--------------------------------------------------------------------
Iteration 30 / LogL: -15623.885 / Time: 0h:0m:1s (0h:0m:4s left)
Iteration 40 / LogL: -15622.936 / Time: 0h:0m:2s (0h:0m:3s left)
Iteration 50 / LogL: -15622.937 / Time: 0h:0m:2s (0h:0m:2s left)
Iteration 60 / LogL: -15622.180 / Time: 0h:0m:3s (0h:0m:2s left)
Iteration 70 / LogL: -15622.192 / Time: 0h:0m:3s (0h:0m:1s left)
Iteration 80 / LogL: -15622.298 / Time: 0h:0m:3s (0h:0m:1s left)
Iteration 90 / LogL: -15622.824 / Time: 0h:0m:4s (0h:0m:0s left)
Iteration 100 / LogL: -15622.967 / Time: 0h:0m:4s (0h:0m:0s left)
TREE SEARCH COMPLETED AFTER 102 ITERATIONS / Time: 0h:0m:4s

--------------------------------------------------------------------
|                    FINALIZING TREE SEARCH                        |
--------------------------------------------------------------------
Performs final model parameters optimization
Estimate model parameters (epsilon = 0.010)
1. Initial log-likelihood: -15622.163
Optimal log-likelihood: -15622.162
Rate parameters:  A-C: 2.20025  A-G: 5.30025  A-T: 1.71917  C-G: 1.84055  C-T: 7.11399  G-T: 1.00000
Base frequencies:  A: 0.247  C: 0.188  G: 0.251  T: 0.314
Gamma shape alpha: 0.422
Parameters optimization took 1 rounds (0.006 sec)
BEST SCORE FOUND : -15622.162

Testing tree branches by SH-like aLRT with 1000 replicates...
0.135 sec.
Total tree length: 1.544

Total number of iterations: 102
CPU time used for tree search: 6.639 sec (0h:0m:6s)
Wall-clock time used for tree search: 4.724 sec (0h:0m:4s)
Total CPU time used: 7.283 sec (0h:0m:7s)
Total wall-clock time used: 4.936 sec (0h:0m:4s)

Analysis results written to: 
  IQ-TREE report:                cluster2236rr.1to1ortho.fa.aln-cln_gene325.fa.iqtree
  Maximum-likelihood tree:       cluster2236rr.1to1ortho.fa.aln-cln_gene325.fa.treefile
  Likelihood distances:          cluster2236rr.1to1ortho.fa.aln-cln_gene325.fa.mldist
  Screen log file:               cluster2236rr.1to1ortho.fa.aln-cln_gene325.fa.log

Date and Time: Mon Nov 25 10:00:05 2019
