IQ-TREE multicore version 1.6.11 for Mac OS X 64-bit built Jul 12 2019
Developed by Bui Quang Minh, Nguyen Lam Tung, Olga Chernomor,
Heiko Schmidt, Dominik Schrempf, Michael Woodhams.

Host:    slpc437 (AVX2, FMA3, 16 GB RAM)
Command: iqtree -s cluster996rr.1to1ortho.fa.aln-cln_gene730.fa -nt 4 -m GTR+G -alrt 1000
Seed:    535945 (Using SPRNG - Scalable Parallel Random Number Generator)
Time:    Mon Nov 25 11:15:41 2019
Kernel:  AVX+FMA - 4 threads (6 CPU cores detected)

Reading alignment file cluster996rr.1to1ortho.fa.aln-cln_gene730.fa ... Fasta format detected
Alignment most likely contains DNA/RNA sequences
Alignment has 13 sequences with 1299 columns, 680 distinct patterns
495 parsimony-informative, 226 singleton sites, 578 constant sites
           Gap/Ambiguity  Composition  p-value
   1  DrolusSFB    0.00%    passed     98.37%
   2  Dino         0.00%    passed     73.65%
   3  MJM3360      0.00%    passed     84.12%
   4  DrobinSFB    0.23%    passed     94.02%
   5  Neam         0.00%    passed     92.20%
   6  RuprSFB      2.54%    passed     79.47%
   7  Retr        54.27%    passed     88.88%
   8  Beta         0.31%    passed     70.33%
   9  Spol         0.00%    passed     96.55%
  10  MJM1652      0.15%    passed     79.29%
  11  NepSFB       0.00%    passed     90.98%
  12  WPYJ        43.19%    passed     75.37%
  13  MJM2940      0.00%    passed     59.79%
WARNING: 1 sequences contain more than 50% gaps/ambiguity
****  TOTAL        7.75%  0 sequences failed composition chi2 test (p-value<5%; df=3)

Create initial parsimony tree by phylogenetic likelihood library (PLL)... 0.001 seconds

NOTE: 1 MB RAM (0 GB) is required!
Estimate model parameters (epsilon = 0.100)
1. Initial log-likelihood: -8837.210
2. Current log-likelihood: -8566.519
3. Current log-likelihood: -8564.106
Optimal log-likelihood: -8564.085
Rate parameters:  A-C: 1.41736  A-G: 3.97923  A-T: 1.30955  C-G: 1.67820  C-T: 4.23662  G-T: 1.00000
Base frequencies:  A: 0.277  C: 0.211  G: 0.216  T: 0.296
Gamma shape alpha: 0.658
Parameters optimization took 3 rounds (0.038 sec)
Computing ML distances based on estimated model parameters... 0.001 sec
Computing BIONJ tree...
0.002 seconds
Log-likelihood of BIONJ tree: -8562.610
--------------------------------------------------------------------
|             INITIALIZING CANDIDATE TREE SET                      |
--------------------------------------------------------------------
Generating 98 parsimony trees... 0.087 second
Computing log-likelihood of 96 initial trees ... 0.426 seconds
Current best score: -8562.446

Do NNI search on 20 best initial trees
Estimate model parameters (epsilon = 0.100)
BETTER TREE FOUND at iteration 1: -8562.364
Iteration 10 / LogL: -8562.380 / Time: 0h:0m:0s
Iteration 20 / LogL: -8562.548 / Time: 0h:0m:1s
Finish initializing candidate tree set (2)
Current best tree score: -8562.364 / CPU time: 1.115
Number of iterations: 20
--------------------------------------------------------------------
|               OPTIMIZING CANDIDATE TREE SET                      |
--------------------------------------------------------------------
Iteration 30 / LogL: -8571.360 / Time: 0h:0m:1s (0h:0m:3s left)
Iteration 40 / LogL: -8571.328 / Time: 0h:0m:2s (0h:0m:3s left)
Iteration 50 / LogL: -8562.369 / Time: 0h:0m:2s (0h:0m:2s left)
Iteration 60 / LogL: -8571.145 / Time: 0h:0m:2s (0h:0m:2s left)
Iteration 70 / LogL: -8562.374 / Time: 0h:0m:3s (0h:0m:1s left)
Iteration 80 / LogL: -8570.987 / Time: 0h:0m:3s (0h:0m:1s left)
Iteration 90 / LogL: -8597.357 / Time: 0h:0m:4s (0h:0m:0s left)
Iteration 100 / LogL: -8562.444 / Time: 0h:0m:4s (0h:0m:0s left)
TREE SEARCH COMPLETED AFTER 102 ITERATIONS / Time: 0h:0m:4s

--------------------------------------------------------------------
|                    FINALIZING TREE SEARCH                        |
--------------------------------------------------------------------
Performs final model parameters optimization
Estimate model parameters (epsilon = 0.010)
1. Initial log-likelihood: -8562.364
Optimal log-likelihood: -8562.363
Rate parameters:  A-C: 1.41481  A-G: 3.98639  A-T: 1.30178  C-G: 1.67585  C-T: 4.23718  G-T: 1.00000
Base frequencies:  A: 0.277  C: 0.211  G: 0.216  T: 0.296
Gamma shape alpha: 0.661
Parameters optimization took 1 rounds (0.005 sec)
BEST SCORE FOUND : -8562.363

Testing tree branches by SH-like aLRT with 1000 replicates...
0.082 sec.
Total tree length: 1.670

Total number of iterations: 102
CPU time used for tree search: 5.595 sec (0h:0m:5s)
Wall-clock time used for tree search: 4.745 sec (0h:0m:4s)
Total CPU time used: 5.969 sec (0h:0m:5s)
Total wall-clock time used: 4.890 sec (0h:0m:4s)

Analysis results written to: 
  IQ-TREE report:                cluster996rr.1to1ortho.fa.aln-cln_gene730.fa.iqtree
  Maximum-likelihood tree:       cluster996rr.1to1ortho.fa.aln-cln_gene730.fa.treefile
  Likelihood distances:          cluster996rr.1to1ortho.fa.aln-cln_gene730.fa.mldist
  Screen log file:               cluster996rr.1to1ortho.fa.aln-cln_gene730.fa.log

Date and Time: Mon Nov 25 11:15:46 2019
