IQ-TREE multicore version 1.6.11 for Mac OS X 64-bit built Jul 12 2019
Developed by Bui Quang Minh, Nguyen Lam Tung, Olga Chernomor,
Heiko Schmidt, Dominik Schrempf, Michael Woodhams.

Host:    slpc437 (AVX2, FMA3, 16 GB RAM)
Command: iqtree -s cluster479rr.1to1ortho.fa.aln-cln_gene913.fa -nt 4 -m GTR+G -alrt 1000
Seed:    290997 (Using SPRNG - Scalable Parallel Random Number Generator)
Time:    Mon Nov 25 10:58:04 2019
Kernel:  AVX+FMA - 4 threads (6 CPU cores detected)

Reading alignment file cluster479rr.1to1ortho.fa.aln-cln_gene913.fa ... Fasta format detected
Alignment most likely contains DNA/RNA sequences
Alignment has 13 sequences with 2667 columns, 1127 distinct patterns
953 parsimony-informative, 434 singleton sites, 1280 constant sites
           Gap/Ambiguity  Composition  p-value
   1  DrolusSFB    0.00%    passed     37.43%
   2  Dino        15.07%    passed     90.16%
   3  MJM3360     20.28%    passed     95.91%
   4  DrobinSFB   15.86%    passed     71.05%
   5  Neam         0.56%    passed     63.56%
   6  RuprSFB     20.28%    passed     95.79%
   7  Retr        26.55%    passed     87.87%
   8  Beta        20.36%    passed     78.31%
   9  Spol        20.58%    passed     27.76%
  10  MJM1652     14.85%    passed     96.15%
  11  NepSFB       0.56%    passed     74.98%
  12  WPYJ        20.58%    passed     67.11%
  13  MJM2940      0.00%    passed     89.65%
****  TOTAL       13.50%  0 sequences failed composition chi2 test (p-value<5%; df=3)

Create initial parsimony tree by phylogenetic likelihood library (PLL)... 0.002 seconds

NOTE: 1 MB RAM (0 GB) is required!
Estimate model parameters (epsilon = 0.100)
1. Initial log-likelihood: -17565.821
2. Current log-likelihood: -16942.692
3. Current log-likelihood: -16937.352
Optimal log-likelihood: -16937.260
Rate parameters:  A-C: 1.29221  A-G: 3.31409  A-T: 1.18800  C-G: 1.31181  C-T: 5.57528  G-T: 1.00000
Base frequencies:  A: 0.344  C: 0.180  G: 0.237  T: 0.239
Gamma shape alpha: 0.564
Parameters optimization took 3 rounds (0.048 sec)
Computing ML distances based on estimated model parameters... 0.002 sec
Computing BIONJ tree...
0.002 seconds
Log-likelihood of BIONJ tree: -16951.766
--------------------------------------------------------------------
|             INITIALIZING CANDIDATE TREE SET                      |
--------------------------------------------------------------------
Generating 98 parsimony trees... 0.118 second
Computing log-likelihood of 98 initial trees ... 0.499 seconds
Current best score: -16937.260

Do NNI search on 20 best initial trees
Estimate model parameters (epsilon = 0.100)
BETTER TREE FOUND at iteration 1: -16937.257
Iteration 10 / LogL: -16937.272 / Time: 0h:0m:1s
Iteration 20 / LogL: -16937.409 / Time: 0h:0m:1s
Finish initializing candidate tree set (1)
Current best tree score: -16937.257 / CPU time: 1.255
Number of iterations: 20
--------------------------------------------------------------------
|               OPTIMIZING CANDIDATE TREE SET                      |
--------------------------------------------------------------------
Iteration 30 / LogL: -16937.550 / Time: 0h:0m:1s (0h:0m:4s left)
Iteration 40 / LogL: -16937.559 / Time: 0h:0m:2s (0h:0m:3s left)
Iteration 50 / LogL: -16937.852 / Time: 0h:0m:2s (0h:0m:2s left)
Iteration 60 / LogL: -16937.373 / Time: 0h:0m:2s (0h:0m:2s left)
Iteration 70 / LogL: -16937.307 / Time: 0h:0m:3s (0h:0m:1s left)
Iteration 80 / LogL: -16938.151 / Time: 0h:0m:3s (0h:0m:1s left)
Iteration 90 / LogL: -16937.596 / Time: 0h:0m:4s (0h:0m:0s left)
Iteration 100 / LogL: -16938.992 / Time: 0h:0m:4s (0h:0m:0s left)
TREE SEARCH COMPLETED AFTER 102 ITERATIONS / Time: 0h:0m:4s

--------------------------------------------------------------------
|                    FINALIZING TREE SEARCH                        |
--------------------------------------------------------------------
Performs final model parameters optimization
Estimate model parameters (epsilon = 0.010)
1. Initial log-likelihood: -16937.257
Optimal log-likelihood: -16937.256
Rate parameters:  A-C: 1.29289  A-G: 3.31289  A-T: 1.19137  C-G: 1.31081  C-T: 5.58014  G-T: 1.00000
Base frequencies:  A: 0.344  C: 0.180  G: 0.237  T: 0.239
Gamma shape alpha: 0.565
Parameters optimization took 1 rounds (0.006 sec)
BEST SCORE FOUND : -16937.256

Testing tree branches by SH-like aLRT with 1000 replicates...
0.143 sec.
Total tree length: 1.912

Total number of iterations: 102
CPU time used for tree search: 6.787 sec (0h:0m:6s)
Wall-clock time used for tree search: 4.762 sec (0h:0m:4s)
Total CPU time used: 7.461 sec (0h:0m:7s)
Total wall-clock time used: 4.983 sec (0h:0m:4s)

Analysis results written to: 
  IQ-TREE report:                cluster479rr.1to1ortho.fa.aln-cln_gene913.fa.iqtree
  Maximum-likelihood tree:       cluster479rr.1to1ortho.fa.aln-cln_gene913.fa.treefile
  Likelihood distances:          cluster479rr.1to1ortho.fa.aln-cln_gene913.fa.mldist
  Screen log file:               cluster479rr.1to1ortho.fa.aln-cln_gene913.fa.log

Date and Time: Mon Nov 25 10:58:09 2019
