IQ-TREE multicore version 1.6.11 for Mac OS X 64-bit built Jul 12 2019
Developed by Bui Quang Minh, Nguyen Lam Tung, Olga Chernomor,
Heiko Schmidt, Dominik Schrempf, Michael Woodhams.

Host:    slpc437 (AVX2, FMA3, 16 GB RAM)
Command: iqtree -s cluster1171rr.1to1ortho.fa.aln-cln_gene648.fa -nt 4 -m GTR+G -alrt 1000
Seed:    224573 (Using SPRNG - Scalable Parallel Random Number Generator)
Time:    Mon Nov 25 09:38:28 2019
Kernel:  AVX+FMA - 4 threads (6 CPU cores detected)

Reading alignment file cluster1171rr.1to1ortho.fa.aln-cln_gene648.fa ... Fasta format detected
Alignment most likely contains DNA/RNA sequences
Alignment has 13 sequences with 4018 columns, 1657 distinct patterns
1414 parsimony-informative, 605 singleton sites, 1999 constant sites
           Gap/Ambiguity  Composition  p-value
   1  DrolusSFB    0.25%    passed     40.97%
   2  Dino         0.32%    passed     66.11%
   3  MJM3360      0.85%    passed     84.03%
   4  DrobinSFB    0.62%    passed     67.17%
   5  Neam         0.17%    passed     44.14%
   6  RuprSFB      0.32%    passed     95.86%
   7  Retr        72.67%    passed     46.60%
   8  Beta         0.55%    passed     53.08%
   9  Spol         0.47%    passed     57.50%
  10  MJM1652      0.25%    passed     95.39%
  11  NepSFB       0.17%    passed     35.75%
  12  WPYJ        36.68%    passed     94.58%
  13  MJM2940      0.25%    passed     98.62%
WARNING: 1 sequences contain more than 50% gaps/ambiguity
****  TOTAL        8.74%  0 sequences failed composition chi2 test (p-value<5%; df=3)

Create initial parsimony tree by phylogenetic likelihood library (PLL)... 0.002 seconds

NOTE: 2 MB RAM (0 GB) is required!
Estimate model parameters (epsilon = 0.100)
1. Initial log-likelihood: -25771.487
2. Current log-likelihood: -24779.665
3. Current log-likelihood: -24771.599
Optimal log-likelihood: -24771.491
Rate parameters:  A-C: 1.61670  A-G: 4.64545  A-T: 1.43566  C-G: 1.18169  C-T: 5.25592  G-T: 1.00000
Base frequencies:  A: 0.272  C: 0.194  G: 0.234  T: 0.300
Gamma shape alpha: 0.506
Parameters optimization took 3 rounds (0.064 sec)
Computing ML distances based on estimated model parameters... 0.002 sec
Computing BIONJ tree...
0.002 seconds
Log-likelihood of BIONJ tree: -24771.490
--------------------------------------------------------------------
|             INITIALIZING CANDIDATE TREE SET                      |
--------------------------------------------------------------------
Generating 99 parsimony trees... 0.163 second
Computing log-likelihood of 99 initial trees ... 0.565 seconds
Current best score: -24771.490

Do NNI search on 20 best initial trees
Estimate model parameters (epsilon = 0.100)
BETTER TREE FOUND at iteration 1: -24769.565
Iteration 10 / LogL: -24769.597 / Time: 0h:0m:1s
Iteration 20 / LogL: -24769.578 / Time: 0h:0m:1s
Finish initializing candidate tree set (1)
Current best tree score: -24769.565 / CPU time: 1.548
Number of iterations: 20
--------------------------------------------------------------------
|               OPTIMIZING CANDIDATE TREE SET                      |
--------------------------------------------------------------------
Iteration 30 / LogL: -24769.592 / Time: 0h:0m:2s (0h:0m:5s left)
Iteration 40 / LogL: -24769.613 / Time: 0h:0m:2s (0h:0m:4s left)
Iteration 50 / LogL: -24769.604 / Time: 0h:0m:3s (0h:0m:3s left)
Iteration 60 / LogL: -24769.853 / Time: 0h:0m:3s (0h:0m:2s left)
Iteration 70 / LogL: -24769.568 / Time: 0h:0m:4s (0h:0m:1s left)
Iteration 80 / LogL: -24770.489 / Time: 0h:0m:4s (0h:0m:1s left)
Iteration 90 / LogL: -24769.595 / Time: 0h:0m:5s (0h:0m:0s left)
Iteration 100 / LogL: -24771.302 / Time: 0h:0m:5s (0h:0m:0s left)
TREE SEARCH COMPLETED AFTER 102 ITERATIONS / Time: 0h:0m:6s

--------------------------------------------------------------------
|                    FINALIZING TREE SEARCH                        |
--------------------------------------------------------------------
Performs final model parameters optimization
Estimate model parameters (epsilon = 0.010)
1. Initial log-likelihood: -24769.565
Optimal log-likelihood: -24769.562
Rate parameters:  A-C: 1.60905  A-G: 4.63889  A-T: 1.43650  C-G: 1.17412  C-T: 5.26918  G-T: 1.00000
Base frequencies:  A: 0.272  C: 0.194  G: 0.234  T: 0.300
Gamma shape alpha: 0.506
Parameters optimization took 1 rounds (0.008 sec)
BEST SCORE FOUND : -24769.562

Testing tree branches by SH-like aLRT with 1000 replicates...
0.206 sec.
Total tree length: 1.596

Total number of iterations: 102
CPU time used for tree search: 10.034 sec (0h:0m:10s)
Wall-clock time used for tree search: 5.936 sec (0h:0m:5s)
Total CPU time used: 11.030 sec (0h:0m:11s)
Total wall-clock time used: 6.238 sec (0h:0m:6s)

Analysis results written to: 
  IQ-TREE report:                cluster1171rr.1to1ortho.fa.aln-cln_gene648.fa.iqtree
  Maximum-likelihood tree:       cluster1171rr.1to1ortho.fa.aln-cln_gene648.fa.treefile
  Likelihood distances:          cluster1171rr.1to1ortho.fa.aln-cln_gene648.fa.mldist
  Screen log file:               cluster1171rr.1to1ortho.fa.aln-cln_gene648.fa.log

Date and Time: Mon Nov 25 09:38:34 2019
