IQ-TREE multicore version 1.6.11 for Mac OS X 64-bit built Jul 12 2019
Developed by Bui Quang Minh, Nguyen Lam Tung, Olga Chernomor,
Heiko Schmidt, Dominik Schrempf, Michael Woodhams.

Host:    slpc437 (AVX2, FMA3, 16 GB RAM)
Command: iqtree -s cluster2171rr.1to1ortho.fa.aln-cln_gene704.fa -nt 4 -m GTR+G -alrt 1000
Seed:    416492 (Using SPRNG - Scalable Parallel Random Number Generator)
Time:    Mon Nov 25 09:58:34 2019
Kernel:  AVX+FMA - 4 threads (6 CPU cores detected)

Reading alignment file cluster2171rr.1to1ortho.fa.aln-cln_gene704.fa ... Fasta format detected
Alignment most likely contains DNA/RNA sequences
Alignment has 13 sequences with 1626 columns, 838 distinct patterns
600 parsimony-informative, 318 singleton sites, 708 constant sites
           Gap/Ambiguity  Composition  p-value
   1  DrolusSFB    0.37%    passed     83.62%
   2  Dino        38.68%    passed     84.34%
   3  MJM3360      2.95%    passed     89.38%
   4  DrobinSFB    4.37%    passed     91.95%
   5  Neam         0.00%    passed     94.78%
   6  RuprSFB      1.78%    passed     81.52%
   7  Retr        23.74%    passed     99.11%
   8  Beta         0.74%    passed     99.00%
   9  Spol         0.92%    passed     93.84%
  10  MJM1652      1.29%    passed     82.33%
  11  NepSFB       0.00%    passed     94.49%
  12  WPYJ        35.67%    passed     82.48%
  13  MJM2940      0.31%    passed     85.21%
****  TOTAL        8.52%  0 sequences failed composition chi2 test (p-value<5%; df=3)

Create initial parsimony tree by phylogenetic likelihood library (PLL)... 0.001 seconds

NOTE: 1 MB RAM (0 GB) is required!
Estimate model parameters (epsilon = 0.100)
1. Initial log-likelihood: -11202.905
2. Current log-likelihood: -10841.284
3. Current log-likelihood: -10840.023
Optimal log-likelihood: -10839.994
Rate parameters:  A-C: 1.79627  A-G: 3.70421  A-T: 1.21066  C-G: 1.32326  C-T: 4.36193  G-T: 1.00000
Base frequencies:  A: 0.304  C: 0.188  G: 0.238  T: 0.269
Gamma shape alpha: 0.678
Parameters optimization took 3 rounds (0.038 sec)
Computing ML distances based on estimated model parameters... 0.002 sec
Computing BIONJ tree...
0.002 seconds
Log-likelihood of BIONJ tree: -10840.437
--------------------------------------------------------------------
|             INITIALIZING CANDIDATE TREE SET                      |
--------------------------------------------------------------------
Generating 98 parsimony trees... 0.102 second
Computing log-likelihood of 98 initial trees ... 0.463 seconds
Current best score: -10839.994

Do NNI search on 20 best initial trees
Estimate model parameters (epsilon = 0.100)
BETTER TREE FOUND at iteration 1: -10839.114
Iteration 10 / LogL: -10839.193 / Time: 0h:0m:0s
Iteration 20 / LogL: -10839.299 / Time: 0h:0m:1s
Finish initializing candidate tree set (1)
Current best tree score: -10839.114 / CPU time: 1.092
Number of iterations: 20
--------------------------------------------------------------------
|               OPTIMIZING CANDIDATE TREE SET                      |
--------------------------------------------------------------------
Iteration 30 / LogL: -10839.123 / Time: 0h:0m:1s (0h:0m:3s left)
Iteration 40 / LogL: -10839.326 / Time: 0h:0m:2s (0h:0m:3s left)
Iteration 50 / LogL: -10839.130 / Time: 0h:0m:2s (0h:0m:2s left)
Iteration 60 / LogL: -10839.348 / Time: 0h:0m:2s (0h:0m:2s left)
Iteration 70 / LogL: -10839.349 / Time: 0h:0m:3s (0h:0m:1s left)
UPDATE BEST LOG-LIKELIHOOD: -10839.114
Iteration 80 / LogL: -10839.147 / Time: 0h:0m:3s (0h:0m:1s left)
Iteration 90 / LogL: -10839.158 / Time: 0h:0m:4s (0h:0m:0s left)
Iteration 100 / LogL: -10839.136 / Time: 0h:0m:4s (0h:0m:0s left)
TREE SEARCH COMPLETED AFTER 102 ITERATIONS / Time: 0h:0m:4s

--------------------------------------------------------------------
|                    FINALIZING TREE SEARCH                        |
--------------------------------------------------------------------
Performs final model parameters optimization
Estimate model parameters (epsilon = 0.010)
1. Initial log-likelihood: -10839.114
Optimal log-likelihood: -10839.114
Rate parameters:  A-C: 1.79346  A-G: 3.70420  A-T: 1.20810  C-G: 1.32428  C-T: 4.36261  G-T: 1.00000
Base frequencies:  A: 0.304  C: 0.188  G: 0.238  T: 0.269
Gamma shape alpha: 0.678
Parameters optimization took 1 rounds (0.005 sec)
BEST SCORE FOUND : -10839.114

Testing tree branches by SH-like aLRT with 1000 replicates...
0.098 sec.
Total tree length: 1.718

Total number of iterations: 102
CPU time used for tree search: 6.004 sec (0h:0m:6s)
Wall-clock time used for tree search: 4.683 sec (0h:0m:4s)
Total CPU time used: 6.451 sec (0h:0m:6s)
Total wall-clock time used: 4.844 sec (0h:0m:4s)

Analysis results written to: 
  IQ-TREE report:                cluster2171rr.1to1ortho.fa.aln-cln_gene704.fa.iqtree
  Maximum-likelihood tree:       cluster2171rr.1to1ortho.fa.aln-cln_gene704.fa.treefile
  Likelihood distances:          cluster2171rr.1to1ortho.fa.aln-cln_gene704.fa.mldist
  Screen log file:               cluster2171rr.1to1ortho.fa.aln-cln_gene704.fa.log

Date and Time: Mon Nov 25 09:58:39 2019
