IQ-TREE multicore version 1.6.11 for Mac OS X 64-bit built Jul 12 2019
Developed by Bui Quang Minh, Nguyen Lam Tung, Olga Chernomor,
Heiko Schmidt, Dominik Schrempf, Michael Woodhams.

Host:    slpc437 (AVX2, FMA3, 16 GB RAM)
Command: iqtree -s cluster1782rr.1to1ortho.fa.aln-cln_gene303.fa -nt 4 -m GTR+G -alrt 1000
Seed:    170533 (Using SPRNG - Scalable Parallel Random Number Generator)
Time:    Mon Nov 25 09:49:00 2019
Kernel:  AVX+FMA - 4 threads (6 CPU cores detected)

Reading alignment file cluster1782rr.1to1ortho.fa.aln-cln_gene303.fa ... Fasta format detected
Alignment most likely contains DNA/RNA sequences
Alignment has 13 sequences with 1991 columns, 1056 distinct patterns
772 parsimony-informative, 384 singleton sites, 835 constant sites
           Gap/Ambiguity  Composition  p-value
   1  DrolusSFB   11.90%    passed     95.97%
   2  Dino         2.41%    passed     19.68%
   3  MJM3360     19.19%    passed     44.04%
   4  DrobinSFB    4.07%    passed     43.01%
   5  Neam         0.60%    passed     50.01%
   6  RuprSFB     20.44%    passed     31.01%
   7  Retr        20.19%    passed     88.31%
   8  Beta        21.50%    passed     59.79%
   9  Spol        22.05%    passed     67.27%
  10  MJM1652      8.39%    passed     92.03%
  11  NepSFB       0.60%    passed     34.88%
  12  WPYJ        48.22%    passed     57.39%
  13  MJM2940     10.35%    passed     93.71%
****  TOTAL       14.61%  0 sequences failed composition chi2 test (p-value<5%; df=3)

Create initial parsimony tree by phylogenetic likelihood library (PLL)... 0.001 seconds

NOTE: 1 MB RAM (0 GB) is required!
Estimate model parameters (epsilon = 0.100)
1. Initial log-likelihood: -13743.324
2. Current log-likelihood: -13264.777
3. Current log-likelihood: -13261.357
Optimal log-likelihood: -13261.330
Rate parameters:  A-C: 1.33948  A-G: 3.54407  A-T: 1.04557  C-G: 1.31749  C-T: 4.50900  G-T: 1.00000
Base frequencies:  A: 0.298  C: 0.194  G: 0.244  T: 0.264
Gamma shape alpha: 0.740
Parameters optimization took 3 rounds (0.043 sec)
Computing ML distances based on estimated model parameters... 0.002 sec
Computing BIONJ tree...
0.002 seconds
Log-likelihood of BIONJ tree: -13263.251
--------------------------------------------------------------------
|             INITIALIZING CANDIDATE TREE SET                      |
--------------------------------------------------------------------
Generating 98 parsimony trees... 0.112 second
Computing log-likelihood of 98 initial trees ... 0.493 seconds
Current best score: -13261.330

Do NNI search on 20 best initial trees
Estimate model parameters (epsilon = 0.100)
BETTER TREE FOUND at iteration 1: -13260.953
Iteration 10 / LogL: -13260.976 / Time: 0h:0m:0s
Iteration 20 / LogL: -13261.009 / Time: 0h:0m:1s
Finish initializing candidate tree set (1)
Current best tree score: -13260.953 / CPU time: 1.303
Number of iterations: 20
--------------------------------------------------------------------
|               OPTIMIZING CANDIDATE TREE SET                      |
--------------------------------------------------------------------
Iteration 30 / LogL: -13260.956 / Time: 0h:0m:1s (0h:0m:4s left)
Iteration 40 / LogL: -13260.959 / Time: 0h:0m:2s (0h:0m:3s left)
Iteration 50 / LogL: -13263.241 / Time: 0h:0m:2s (0h:0m:2s left)
UPDATE BEST LOG-LIKELIHOOD: -13260.953
Iteration 60 / LogL: -13261.126 / Time: 0h:0m:3s (0h:0m:2s left)
Iteration 70 / LogL: -13261.424 / Time: 0h:0m:3s (0h:0m:1s left)
Iteration 80 / LogL: -13260.955 / Time: 0h:0m:4s (0h:0m:1s left)
Iteration 90 / LogL: -13260.957 / Time: 0h:0m:4s (0h:0m:0s left)
Iteration 100 / LogL: -13260.978 / Time: 0h:0m:5s (0h:0m:0s left)
TREE SEARCH COMPLETED AFTER 102 ITERATIONS / Time: 0h:0m:5s

--------------------------------------------------------------------
|                    FINALIZING TREE SEARCH                        |
--------------------------------------------------------------------
Performs final model parameters optimization
Estimate model parameters (epsilon = 0.010)
1. Initial log-likelihood: -13260.953
Optimal log-likelihood: -13260.952
Rate parameters:  A-C: 1.34235  A-G: 3.54563  A-T: 1.04431  C-G: 1.31549  C-T: 4.51055  G-T: 1.00000
Base frequencies:  A: 0.298  C: 0.194  G: 0.244  T: 0.264
Gamma shape alpha: 0.740
Parameters optimization took 1 rounds (0.006 sec)
BEST SCORE FOUND : -13260.952

Testing tree branches by SH-like aLRT with 1000 replicates...
0.115 sec.
Total tree length: 2.034

Total number of iterations: 102
CPU time used for tree search: 7.264 sec (0h:0m:7s)
Wall-clock time used for tree search: 5.213 sec (0h:0m:5s)
Total CPU time used: 7.807 sec (0h:0m:7s)
Total wall-clock time used: 5.400 sec (0h:0m:5s)

Analysis results written to: 
  IQ-TREE report:                cluster1782rr.1to1ortho.fa.aln-cln_gene303.fa.iqtree
  Maximum-likelihood tree:       cluster1782rr.1to1ortho.fa.aln-cln_gene303.fa.treefile
  Likelihood distances:          cluster1782rr.1to1ortho.fa.aln-cln_gene303.fa.mldist
  Screen log file:               cluster1782rr.1to1ortho.fa.aln-cln_gene303.fa.log

Date and Time: Mon Nov 25 09:49:05 2019
