IQ-TREE multicore version 1.6.11 for Mac OS X 64-bit built Jul 12 2019
Developed by Bui Quang Minh, Nguyen Lam Tung, Olga Chernomor,
Heiko Schmidt, Dominik Schrempf, Michael Woodhams.

Host:    slpc437 (AVX2, FMA3, 16 GB RAM)
Command: iqtree -s cluster4279rr.1to1ortho.fa.aln-cln_gene354.fa -nt 4 -m GTR+G -alrt 1000
Seed:    979984 (Using SPRNG - Scalable Parallel Random Number Generator)
Time:    Mon Nov 25 10:47:55 2019
Kernel:  AVX+FMA - 4 threads (6 CPU cores detected)

Reading alignment file cluster4279rr.1to1ortho.fa.aln-cln_gene354.fa ... Fasta format detected
Alignment most likely contains DNA/RNA sequences
Alignment has 13 sequences with 1020 columns, 469 distinct patterns
345 parsimony-informative, 138 singleton sites, 537 constant sites
           Gap/Ambiguity  Composition  p-value
   1  DrolusSFB    0.29%    passed     92.79%
   2  Dino         0.29%    passed     97.21%
   3  MJM3360      1.67%    passed     90.37%
   4  DrobinSFB    0.98%    passed     48.50%
   5  Neam         0.29%    passed     83.37%
   6  RuprSFB      2.94%    passed     60.78%
   7  Retr        17.35%    passed     96.66%
   8  Beta         0.29%    passed     51.64%
   9  Spol         1.47%    passed     89.32%
  10  MJM1652      0.00%    passed     93.28%
  11  NepSFB       0.29%    passed     94.27%
  12  WPYJ         2.65%    passed     47.61%
  13  MJM2940      0.59%    passed     98.92%
****  TOTAL        2.24%  0 sequences failed composition chi2 test (p-value<5%; df=3)

Create initial parsimony tree by phylogenetic likelihood library (PLL)... 0.001 seconds

NOTE: 0 MB RAM (0 GB) is required!
Estimate model parameters (epsilon = 0.100)
1. Initial log-likelihood: -6577.471
2. Current log-likelihood: -6281.196
3. Current log-likelihood: -6277.498
4. Current log-likelihood: -6277.340
Optimal log-likelihood: -6277.336
Rate parameters:  A-C: 1.50292  A-G: 3.97239  A-T: 1.51724  C-G: 1.08282  C-T: 7.25874  G-T: 1.00000
Base frequencies:  A: 0.287  C: 0.208  G: 0.236  T: 0.269
Gamma shape alpha: 0.414
Parameters optimization took 4 rounds (0.036 sec)
Computing ML distances based on estimated model parameters... 0.001 sec
Computing BIONJ tree...
0.002 seconds
Log-likelihood of BIONJ tree: -6270.534
--------------------------------------------------------------------
|             INITIALIZING CANDIDATE TREE SET                      |
--------------------------------------------------------------------
Generating 98 parsimony trees... 0.070 second
Computing log-likelihood of 98 initial trees ... 0.410 seconds
Current best score: -6270.534

Do NNI search on 20 best initial trees
Estimate model parameters (epsilon = 0.100)
BETTER TREE FOUND at iteration 1: -6270.443
Iteration 10 / LogL: -6270.446 / Time: 0h:0m:0s
Iteration 20 / LogL: -6270.445 / Time: 0h:0m:1s
Finish initializing candidate tree set (1)
Current best tree score: -6270.443 / CPU time: 1.042
Number of iterations: 20
--------------------------------------------------------------------
|               OPTIMIZING CANDIDATE TREE SET                      |
--------------------------------------------------------------------
Iteration 30 / LogL: -6270.840 / Time: 0h:0m:1s (0h:0m:3s left)
Iteration 40 / LogL: -6270.617 / Time: 0h:0m:1s (0h:0m:2s left)
Iteration 50 / LogL: -6270.881 / Time: 0h:0m:2s (0h:0m:2s left)
UPDATE BEST LOG-LIKELIHOOD: -6270.443
Iteration 60 / LogL: -6270.480 / Time: 0h:0m:2s (0h:0m:1s left)
Iteration 70 / LogL: -6270.454 / Time: 0h:0m:2s (0h:0m:1s left)
Iteration 80 / LogL: -6270.470 / Time: 0h:0m:3s (0h:0m:0s left)
Iteration 90 / LogL: -6270.451 / Time: 0h:0m:3s (0h:0m:0s left)
UPDATE BEST LOG-LIKELIHOOD: -6270.443
Iteration 100 / LogL: -6270.477 / Time: 0h:0m:3s (0h:0m:0s left)
TREE SEARCH COMPLETED AFTER 102 ITERATIONS / Time: 0h:0m:3s

--------------------------------------------------------------------
|                    FINALIZING TREE SEARCH                        |
--------------------------------------------------------------------
Performs final model parameters optimization
Estimate model parameters (epsilon = 0.010)
1. Initial log-likelihood: -6270.443
Optimal log-likelihood: -6270.443
Rate parameters:  A-C: 1.47201  A-G: 3.92003  A-T: 1.46511  C-G: 1.05048  C-T: 7.32230  G-T: 1.00000
Base frequencies:  A: 0.287  C: 0.208  G: 0.236  T: 0.269
Gamma shape alpha: 0.415
Parameters optimization took 1 rounds (0.004 sec)
BEST SCORE FOUND : -6270.443

Testing tree branches by SH-like aLRT with 1000 replicates...
0.065 sec.
Total tree length: 1.520

Total number of iterations: 102
CPU time used for tree search: 3.960 sec (0h:0m:3s)
Wall-clock time used for tree search: 3.871 sec (0h:0m:3s)
Total CPU time used: 4.256 sec (0h:0m:4s)
Total wall-clock time used: 3.994 sec (0h:0m:3s)

Analysis results written to: 
  IQ-TREE report:                cluster4279rr.1to1ortho.fa.aln-cln_gene354.fa.iqtree
  Maximum-likelihood tree:       cluster4279rr.1to1ortho.fa.aln-cln_gene354.fa.treefile
  Likelihood distances:          cluster4279rr.1to1ortho.fa.aln-cln_gene354.fa.mldist
  Screen log file:               cluster4279rr.1to1ortho.fa.aln-cln_gene354.fa.log

Date and Time: Mon Nov 25 10:47:59 2019
