IQ-TREE multicore version 1.6.11 for Mac OS X 64-bit built Jul 12 2019
Developed by Bui Quang Minh, Nguyen Lam Tung, Olga Chernomor,
Heiko Schmidt, Dominik Schrempf, Michael Woodhams.

Host:    slpc437 (AVX2, FMA3, 16 GB RAM)
Command: iqtree -s cluster455rr.1to1ortho.fa.aln-cln_gene670.fa -nt 4 -m GTR+G -alrt 1000
Seed:    492163 (Using SPRNG - Scalable Parallel Random Number Generator)
Time:    Mon Nov 25 10:55:06 2019
Kernel:  AVX+FMA - 4 threads (6 CPU cores detected)

Reading alignment file cluster455rr.1to1ortho.fa.aln-cln_gene670.fa ... Fasta format detected
Alignment most likely contains DNA/RNA sequences
Alignment has 13 sequences with 1098 columns, 556 distinct patterns
372 parsimony-informative, 209 singleton sites, 517 constant sites
           Gap/Ambiguity  Composition  p-value
   1  DrolusSFB    0.00%    passed     84.79%
   2  Dino         0.00%    passed     96.48%
   3  MJM3360     14.94%    passed     88.18%
   4  DrobinSFB   15.30%    passed     80.51%
   5  Neam         0.00%    passed     95.98%
   6  RuprSFB      0.64%    passed     97.26%
   7  Retr         1.73%    passed     92.36%
   8  Beta        15.03%    passed     72.56%
   9  Spol        13.66%    passed     58.87%
  10  MJM1652      0.00%    passed     94.38%
  11  NepSFB       0.00%    passed     96.95%
  12  WPYJ        41.71%    passed     67.65%
  13  MJM2940      0.00%    passed     92.23%
****  TOTAL        7.92%  0 sequences failed composition chi2 test (p-value<5%; df=3)

Create initial parsimony tree by phylogenetic likelihood library (PLL)... 0.001 seconds

NOTE: 0 MB RAM (0 GB) is required!
Estimate model parameters (epsilon = 0.100)
1. Initial log-likelihood: -7169.021
2. Current log-likelihood: -6921.501
3. Current log-likelihood: -6919.301
Optimal log-likelihood: -6919.281
Rate parameters:  A-C: 1.10924  A-G: 3.21003  A-T: 0.98645  C-G: 1.28425  C-T: 3.89004  G-T: 1.00000
Base frequencies:  A: 0.278  C: 0.219  G: 0.215  T: 0.287
Gamma shape alpha: 0.559
Parameters optimization took 3 rounds (0.033 sec)
Computing ML distances based on estimated model parameters... 0.001 sec
Computing BIONJ tree...
0.002 seconds
Log-likelihood of BIONJ tree: -6920.017
--------------------------------------------------------------------
|             INITIALIZING CANDIDATE TREE SET                      |
--------------------------------------------------------------------
Generating 98 parsimony trees... 0.078 second
Computing log-likelihood of 97 initial trees ... 0.426 seconds
Current best score: -6919.281

Do NNI search on 20 best initial trees
Estimate model parameters (epsilon = 0.100)
BETTER TREE FOUND at iteration 1: -6918.804
Iteration 10 / LogL: -6918.813 / Time: 0h:0m:0s
Iteration 20 / LogL: -6918.900 / Time: 0h:0m:1s
Finish initializing candidate tree set (2)
Current best tree score: -6918.804 / CPU time: 1.213
Number of iterations: 20
--------------------------------------------------------------------
|               OPTIMIZING CANDIDATE TREE SET                      |
--------------------------------------------------------------------
Iteration 30 / LogL: -6919.072 / Time: 0h:0m:1s (0h:0m:4s left)
UPDATE BEST LOG-LIKELIHOOD: -6918.804
Iteration 40 / LogL: -6918.813 / Time: 0h:0m:2s (0h:0m:3s left)
Iteration 50 / LogL: -6918.808 / Time: 0h:0m:2s (0h:0m:2s left)
Iteration 60 / LogL: -6918.825 / Time: 0h:0m:2s (0h:0m:2s left)
Iteration 70 / LogL: -6938.389 / Time: 0h:0m:3s (0h:0m:1s left)
Iteration 80 / LogL: -6918.805 / Time: 0h:0m:3s (0h:0m:1s left)
Iteration 90 / LogL: -6918.806 / Time: 0h:0m:4s (0h:0m:0s left)
Iteration 100 / LogL: -6918.809 / Time: 0h:0m:4s (0h:0m:0s left)
TREE SEARCH COMPLETED AFTER 102 ITERATIONS / Time: 0h:0m:4s

--------------------------------------------------------------------
|                    FINALIZING TREE SEARCH                        |
--------------------------------------------------------------------
Performs final model parameters optimization
Estimate model parameters (epsilon = 0.010)
1. Initial log-likelihood: -6918.804
Optimal log-likelihood: -6918.802
Rate parameters:  A-C: 1.09896  A-G: 3.21601  A-T: 0.98717  C-G: 1.27881  C-T: 3.93155  G-T: 1.00000
Base frequencies:  A: 0.278  C: 0.219  G: 0.215  T: 0.287
Gamma shape alpha: 0.558
Parameters optimization took 1 rounds (0.005 sec)
BEST SCORE FOUND : -6918.802

Testing tree branches by SH-like aLRT with 1000 replicates...
0.070 sec.
Total tree length: 1.643

Total number of iterations: 102
CPU time used for tree search: 5.026 sec (0h:0m:5s)
Wall-clock time used for tree search: 4.583 sec (0h:0m:4s)
Total CPU time used: 5.343 sec (0h:0m:5s)
Total wall-clock time used: 4.711 sec (0h:0m:4s)

Analysis results written to: 
  IQ-TREE report:                cluster455rr.1to1ortho.fa.aln-cln_gene670.fa.iqtree
  Maximum-likelihood tree:       cluster455rr.1to1ortho.fa.aln-cln_gene670.fa.treefile
  Likelihood distances:          cluster455rr.1to1ortho.fa.aln-cln_gene670.fa.mldist
  Screen log file:               cluster455rr.1to1ortho.fa.aln-cln_gene670.fa.log

Date and Time: Mon Nov 25 10:55:11 2019
