IQ-TREE multicore version 1.6.11 for Mac OS X 64-bit built Jul 12 2019
Developed by Bui Quang Minh, Nguyen Lam Tung, Olga Chernomor,
Heiko Schmidt, Dominik Schrempf, Michael Woodhams.

Host:    slpc437 (AVX2, FMA3, 16 GB RAM)
Command: iqtree -s cluster982rr.1to1ortho.fa.aln-cln_gene606.fa -nt 4 -m GTR+G -alrt 1000
Seed:    889293 (Using SPRNG - Scalable Parallel Random Number Generator)
Time:    Mon Nov 25 11:15:16 2019
Kernel:  AVX+FMA - 4 threads (6 CPU cores detected)

Reading alignment file cluster982rr.1to1ortho.fa.aln-cln_gene606.fa ... Fasta format detected
Alignment most likely contains DNA/RNA sequences
Alignment has 13 sequences with 1362 columns, 714 distinct patterns
469 parsimony-informative, 256 singleton sites, 637 constant sites
           Gap/Ambiguity  Composition  p-value
   1  DrolusSFB    1.25%    passed     57.29%
   2  Dino        68.36%    passed     85.94%
   3  MJM3360     19.24%    passed     42.33%
   4  DrobinSFB    4.70%    passed     94.47%
   5  Neam         0.00%    passed     90.82%
   6  RuprSFB     38.25%    passed     52.46%
   7  Retr        61.53%    passed     64.25%
   8  Beta         4.99%    passed     45.58%
   9  Spol         4.70%    passed     64.56%
  10  MJM1652     37.67%    passed     20.09%
  11  NepSFB       0.00%    passed     88.71%
  12  WPYJ        74.45%    passed     86.20%
  13  MJM2940     49.78%    passed     97.34%
WARNING: 3 sequences contain more than 50% gaps/ambiguity
****  TOTAL       28.07%  0 sequences failed composition chi2 test (p-value<5%; df=3)

Create initial parsimony tree by phylogenetic likelihood library (PLL)... 0.001 seconds

NOTE: 1 MB RAM (0 GB) is required!
Estimate model parameters (epsilon = 0.100)
1. Initial log-likelihood: -8029.191
2. Current log-likelihood: -7679.303
3. Current log-likelihood: -7675.755
Optimal log-likelihood: -7675.692
Rate parameters:  A-C: 1.50341  A-G: 4.61714  A-T: 1.42507  C-G: 1.72760  C-T: 5.31181  G-T: 1.00000
Base frequencies:  A: 0.251  C: 0.204  G: 0.256  T: 0.289
Gamma shape alpha: 0.595
Parameters optimization took 3 rounds (0.040 sec)
Computing ML distances based on estimated model parameters... 0.001 sec
Computing BIONJ tree...
0.002 seconds
Log-likelihood of BIONJ tree: -7676.275
--------------------------------------------------------------------
|             INITIALIZING CANDIDATE TREE SET                      |
--------------------------------------------------------------------
Generating 98 parsimony trees... 0.093 second
Computing log-likelihood of 98 initial trees ... 0.493 seconds
Current best score: -7675.692

Do NNI search on 20 best initial trees
Estimate model parameters (epsilon = 0.100)
BETTER TREE FOUND at iteration 1: -7671.031
Iteration 10 / LogL: -7672.759 / Time: 0h:0m:0s
Iteration 20 / LogL: -7671.357 / Time: 0h:0m:1s
Finish initializing candidate tree set (3)
Current best tree score: -7671.031 / CPU time: 1.277
Number of iterations: 20
--------------------------------------------------------------------
|               OPTIMIZING CANDIDATE TREE SET                      |
--------------------------------------------------------------------
Iteration 30 / LogL: -7672.587 / Time: 0h:0m:1s (0h:0m:4s left)
Iteration 40 / LogL: -7671.055 / Time: 0h:0m:2s (0h:0m:3s left)
Iteration 50 / LogL: -7671.070 / Time: 0h:0m:2s (0h:0m:2s left)
Iteration 60 / LogL: -7671.053 / Time: 0h:0m:3s (0h:0m:2s left)
Iteration 70 / LogL: -7671.480 / Time: 0h:0m:3s (0h:0m:1s left)
Iteration 80 / LogL: -7671.054 / Time: 0h:0m:4s (0h:0m:1s left)
Iteration 90 / LogL: -7673.083 / Time: 0h:0m:4s (0h:0m:0s left)
Iteration 100 / LogL: -7671.079 / Time: 0h:0m:5s (0h:0m:0s left)
TREE SEARCH COMPLETED AFTER 102 ITERATIONS / Time: 0h:0m:5s

--------------------------------------------------------------------
|                    FINALIZING TREE SEARCH                        |
--------------------------------------------------------------------
Performs final model parameters optimization
Estimate model parameters (epsilon = 0.010)
1. Initial log-likelihood: -7671.031
Optimal log-likelihood: -7671.027
Rate parameters:  A-C: 1.52645  A-G: 4.64655  A-T: 1.42825  C-G: 1.70494  C-T: 5.29372  G-T: 1.00000
Base frequencies:  A: 0.251  C: 0.204  G: 0.256  T: 0.289
Gamma shape alpha: 0.599
Parameters optimization took 1 rounds (0.005 sec)
BEST SCORE FOUND : -7671.027

Testing tree branches by SH-like aLRT with 1000 replicates...
0.084 sec.
Total tree length: 1.939

Total number of iterations: 102
CPU time used for tree search: 6.199 sec (0h:0m:6s)
Wall-clock time used for tree search: 5.157 sec (0h:0m:5s)
Total CPU time used: 6.594 sec (0h:0m:6s)
Total wall-clock time used: 5.308 sec (0h:0m:5s)

Analysis results written to: 
  IQ-TREE report:                cluster982rr.1to1ortho.fa.aln-cln_gene606.fa.iqtree
  Maximum-likelihood tree:       cluster982rr.1to1ortho.fa.aln-cln_gene606.fa.treefile
  Likelihood distances:          cluster982rr.1to1ortho.fa.aln-cln_gene606.fa.mldist
  Screen log file:               cluster982rr.1to1ortho.fa.aln-cln_gene606.fa.log

Date and Time: Mon Nov 25 11:15:22 2019
