IQ-TREE multicore version 1.6.11 for Mac OS X 64-bit built Jul 12 2019
Developed by Bui Quang Minh, Nguyen Lam Tung, Olga Chernomor,
Heiko Schmidt, Dominik Schrempf, Michael Woodhams.

Host:    slpc437 (AVX2, FMA3, 16 GB RAM)
Command: iqtree -s cluster781rr.1to1ortho.fa.aln-cln_gene665.fa -nt 4 -m GTR+G -alrt 1000
Seed:    225953 (Using SPRNG - Scalable Parallel Random Number Generator)
Time:    Mon Nov 25 11:13:10 2019
Kernel:  AVX+FMA - 4 threads (6 CPU cores detected)

Reading alignment file cluster781rr.1to1ortho.fa.aln-cln_gene665.fa ... Fasta format detected
Alignment most likely contains DNA/RNA sequences
Alignment has 13 sequences with 1179 columns, 647 distinct patterns
442 parsimony-informative, 220 singleton sites, 517 constant sites
           Gap/Ambiguity  Composition  p-value
   1  DrolusSFB    1.78%    passed     77.09%
   2  Dino         0.76%    passed     69.57%
   3  MJM3360     13.32%    passed     43.57%
   4  DrobinSFB   11.28%    passed     90.57%
   5  Neam         0.25%    passed     98.75%
   6  RuprSFB     13.74%    passed     92.00%
   7  Retr        70.48%    passed     82.28%
   8  Beta         2.46%    passed     91.90%
   9  Spol         1.70%    passed     97.67%
  10  MJM1652      0.76%    passed     20.11%
  11  NepSFB       0.25%    passed     98.67%
  12  WPYJ        20.61%    passed     92.13%
  13  MJM2940      1.27%    passed     99.83%
WARNING: 1 sequences contain more than 50% gaps/ambiguity
****  TOTAL       10.67%  0 sequences failed composition chi2 test (p-value<5%; df=3)

Create initial parsimony tree by phylogenetic likelihood library (PLL)... 0.001 seconds

NOTE: 1 MB RAM (0 GB) is required!
Estimate model parameters (epsilon = 0.100)
1. Initial log-likelihood: -8064.158
2. Current log-likelihood: -7799.612
3. Current log-likelihood: -7798.101
Optimal log-likelihood: -7798.082
Rate parameters:  A-C: 1.62595  A-G: 3.89571  A-T: 1.91063  C-G: 1.47463  C-T: 5.74804  G-T: 1.00000
Base frequencies:  A: 0.266  C: 0.222  G: 0.252  T: 0.259
Gamma shape alpha: 0.646
Parameters optimization took 3 rounds (0.034 sec)
Computing ML distances based on estimated model parameters... 0.001 sec
Computing BIONJ tree...
0.002 seconds
Log-likelihood of BIONJ tree: -7801.957
--------------------------------------------------------------------
|             INITIALIZING CANDIDATE TREE SET                      |
--------------------------------------------------------------------
Generating 98 parsimony trees... 0.089 second
Computing log-likelihood of 96 initial trees ... 0.424 seconds
Current best score: -7798.082

Do NNI search on 20 best initial trees
Estimate model parameters (epsilon = 0.100)
BETTER TREE FOUND at iteration 1: -7797.613
Estimate model parameters (epsilon = 0.100)
BETTER TREE FOUND at iteration 3: -7797.473
Iteration 10 / LogL: -7798.329 / Time: 0h:0m:0s
Iteration 20 / LogL: -7797.661 / Time: 0h:0m:1s
Finish initializing candidate tree set (3)
Current best tree score: -7797.473 / CPU time: 1.133
Number of iterations: 20
--------------------------------------------------------------------
|               OPTIMIZING CANDIDATE TREE SET                      |
--------------------------------------------------------------------
Iteration 30 / LogL: -7798.034 / Time: 0h:0m:1s (0h:0m:3s left)
Iteration 40 / LogL: -7797.626 / Time: 0h:0m:1s (0h:0m:3s left)
Iteration 50 / LogL: -7797.612 / Time: 0h:0m:2s (0h:0m:2s left)
Iteration 60 / LogL: -7797.768 / Time: 0h:0m:2s (0h:0m:1s left)
Iteration 70 / LogL: -7797.875 / Time: 0h:0m:3s (0h:0m:1s left)
Iteration 80 / LogL: -7797.481 / Time: 0h:0m:3s (0h:0m:1s left)
Iteration 90 / LogL: -7797.495 / Time: 0h:0m:3s (0h:0m:0s left)
Iteration 100 / LogL: -7797.664 / Time: 0h:0m:4s (0h:0m:0s left)
TREE SEARCH COMPLETED AFTER 104 ITERATIONS / Time: 0h:0m:4s

--------------------------------------------------------------------
|                    FINALIZING TREE SEARCH                        |
--------------------------------------------------------------------
Performs final model parameters optimization
Estimate model parameters (epsilon = 0.010)
1. Initial log-likelihood: -7797.473
Optimal log-likelihood: -7797.472
Rate parameters:  A-C: 1.61966  A-G: 3.92386  A-T: 1.88325  C-G: 1.40989  C-T: 5.77463  G-T: 1.00000
Base frequencies:  A: 0.266  C: 0.222  G: 0.252  T: 0.259
Gamma shape alpha: 0.649
Parameters optimization took 1 rounds (0.005 sec)
BEST SCORE FOUND : -7797.472

Testing tree branches by SH-like aLRT with 1000 replicates...
0.075 sec.
Total tree length: 1.773

Total number of iterations: 104
CPU time used for tree search: 5.096 sec (0h:0m:5s)
Wall-clock time used for tree search: 4.359 sec (0h:0m:4s)
Total CPU time used: 5.437 sec (0h:0m:5s)
Total wall-clock time used: 4.493 sec (0h:0m:4s)

Analysis results written to: 
  IQ-TREE report:                cluster781rr.1to1ortho.fa.aln-cln_gene665.fa.iqtree
  Maximum-likelihood tree:       cluster781rr.1to1ortho.fa.aln-cln_gene665.fa.treefile
  Likelihood distances:          cluster781rr.1to1ortho.fa.aln-cln_gene665.fa.mldist
  Screen log file:               cluster781rr.1to1ortho.fa.aln-cln_gene665.fa.log

Date and Time: Mon Nov 25 11:13:14 2019
