IQ-TREE multicore version 1.6.11 for Mac OS X 64-bit built Jul 12 2019
Developed by Bui Quang Minh, Nguyen Lam Tung, Olga Chernomor,
Heiko Schmidt, Dominik Schrempf, Michael Woodhams.

Host:    slpc437 (AVX2, FMA3, 16 GB RAM)
Command: iqtree -s cluster2952rr.1to1ortho.fa.aln-cln_gene74.fa -nt 4 -m GTR+G -alrt 1000
Seed:    822301 (Using SPRNG - Scalable Parallel Random Number Generator)
Time:    Mon Nov 25 10:18:22 2019
Kernel:  AVX+FMA - 4 threads (6 CPU cores detected)

Reading alignment file cluster2952rr.1to1ortho.fa.aln-cln_gene74.fa ... Fasta format detected
Alignment most likely contains DNA/RNA sequences
Alignment has 13 sequences with 1407 columns, 648 distinct patterns
499 parsimony-informative, 196 singleton sites, 711 constant sites
           Gap/Ambiguity  Composition  p-value
   1  DrolusSFB   48.61%    passed     16.83%
   2  Dino         1.14%    passed     72.06%
   3  MJM3360      3.70%    failed      2.52%
   4  DrobinSFB    1.14%    passed     31.84%
   5  Neam         1.14%    passed     74.01%
   6  RuprSFB      3.62%    passed     62.08%
   7  Retr         2.49%    passed      6.00%
   8  Beta         2.63%    passed      7.86%
   9  Spol         1.85%    passed     72.47%
  10  MJM1652      2.06%    passed     58.74%
  11  NepSFB       1.14%    passed     84.03%
  12  WPYJ         2.56%    passed     26.51%
  13  MJM2940      1.14%    passed     76.72%
****  TOTAL        5.63%  1 sequences failed composition chi2 test (p-value<5%; df=3)

Create initial parsimony tree by phylogenetic likelihood library (PLL)... 0.001 seconds

NOTE: 1 MB RAM (0 GB) is required!
Estimate model parameters (epsilon = 0.100)
1. Initial log-likelihood: -9346.574
2. Current log-likelihood: -8912.915
3. Current log-likelihood: -8908.591
Optimal log-likelihood: -8908.483
Rate parameters:  A-C: 1.82950  A-G: 4.76742  A-T: 1.61716  C-G: 1.28433  C-T: 7.22799  G-T: 1.00000
Base frequencies:  A: 0.264  C: 0.198  G: 0.246  T: 0.292
Gamma shape alpha: 0.439
Parameters optimization took 3 rounds (0.039 sec)
Computing ML distances based on estimated model parameters... 0.001 sec
Computing BIONJ tree...
0.002 seconds
Log-likelihood of BIONJ tree: -8909.173
--------------------------------------------------------------------
|             INITIALIZING CANDIDATE TREE SET                      |
--------------------------------------------------------------------
Generating 98 parsimony trees... 0.088 second
Computing log-likelihood of 98 initial trees ... 0.436 seconds
Current best score: -8908.483

Do NNI search on 20 best initial trees
Estimate model parameters (epsilon = 0.100)
BETTER TREE FOUND at iteration 1: -8906.609
Iteration 10 / LogL: -8907.210 / Time: 0h:0m:0s
Iteration 20 / LogL: -8907.227 / Time: 0h:0m:1s
Finish initializing candidate tree set (2)
Current best tree score: -8906.609 / CPU time: 1.077
Number of iterations: 20
--------------------------------------------------------------------
|               OPTIMIZING CANDIDATE TREE SET                      |
--------------------------------------------------------------------
Iteration 30 / LogL: -8906.645 / Time: 0h:0m:1s (0h:0m:3s left)
Iteration 40 / LogL: -8906.611 / Time: 0h:0m:1s (0h:0m:3s left)
Iteration 50 / LogL: -8906.659 / Time: 0h:0m:2s (0h:0m:2s left)
Iteration 60 / LogL: -8906.697 / Time: 0h:0m:2s (0h:0m:1s left)
UPDATE BEST LOG-LIKELIHOOD: -8906.609
Iteration 70 / LogL: -8906.805 / Time: 0h:0m:3s (0h:0m:1s left)
Iteration 80 / LogL: -8906.646 / Time: 0h:0m:3s (0h:0m:0s left)
Iteration 90 / LogL: -8907.373 / Time: 0h:0m:3s (0h:0m:0s left)
Iteration 100 / LogL: -8906.663 / Time: 0h:0m:4s (0h:0m:0s left)
TREE SEARCH COMPLETED AFTER 102 ITERATIONS / Time: 0h:0m:4s

--------------------------------------------------------------------
|                    FINALIZING TREE SEARCH                        |
--------------------------------------------------------------------
Performs final model parameters optimization
Estimate model parameters (epsilon = 0.010)
1. Initial log-likelihood: -8906.609
Optimal log-likelihood: -8906.608
Rate parameters:  A-C: 1.82414  A-G: 4.74723  A-T: 1.61758  C-G: 1.28740  C-T: 7.24397  G-T: 1.00000
Base frequencies:  A: 0.264  C: 0.198  G: 0.246  T: 0.292
Gamma shape alpha: 0.441
Parameters optimization took 1 rounds (0.005 sec)
BEST SCORE FOUND : -8906.608

Testing tree branches by SH-like aLRT with 1000 replicates...
0.083 sec.
Total tree length: 1.687

Total number of iterations: 102
CPU time used for tree search: 5.175 sec (0h:0m:5s)
Wall-clock time used for tree search: 4.482 sec (0h:0m:4s)
Total CPU time used: 5.564 sec (0h:0m:5s)
Total wall-clock time used: 4.627 sec (0h:0m:4s)

Analysis results written to: 
  IQ-TREE report:                cluster2952rr.1to1ortho.fa.aln-cln_gene74.fa.iqtree
  Maximum-likelihood tree:       cluster2952rr.1to1ortho.fa.aln-cln_gene74.fa.treefile
  Likelihood distances:          cluster2952rr.1to1ortho.fa.aln-cln_gene74.fa.mldist
  Screen log file:               cluster2952rr.1to1ortho.fa.aln-cln_gene74.fa.log

Date and Time: Mon Nov 25 10:18:27 2019
