IQ-TREE multicore version 1.6.11 for Mac OS X 64-bit built Jul 12 2019
Developed by Bui Quang Minh, Nguyen Lam Tung, Olga Chernomor,
Heiko Schmidt, Dominik Schrempf, Michael Woodhams.

Host:    slpc437 (AVX2, FMA3, 16 GB RAM)
Command: iqtree -s cluster1683rr.1to1ortho.fa.aln-cln_gene441.fa -nt 4 -m GTR+G -alrt 1000
Seed:    321316 (Using SPRNG - Scalable Parallel Random Number Generator)
Time:    Mon Nov 25 09:47:54 2019
Kernel:  AVX+FMA - 4 threads (6 CPU cores detected)

Reading alignment file cluster1683rr.1to1ortho.fa.aln-cln_gene441.fa ... Fasta format detected
Alignment most likely contains DNA/RNA sequences
Alignment has 13 sequences with 2431 columns, 1100 distinct patterns
861 parsimony-informative, 361 singleton sites, 1209 constant sites
           Gap/Ambiguity  Composition  p-value
   1  DrolusSFB    1.48%    passed     70.72%
   2  Dino         0.90%    passed     79.50%
   3  MJM3360      1.28%    passed     92.30%
   4  DrobinSFB    1.03%    passed     74.16%
   5  Neam         0.82%    passed     87.86%
   6  RuprSFB      1.15%    passed     75.97%
   7  Retr        39.12%    passed     67.48%
   8  Beta         1.28%    passed     74.72%
   9  Spol        16.78%    passed     68.26%
  10  MJM1652      1.15%    passed     67.70%
  11  NepSFB       0.82%    passed     95.85%
  12  WPYJ        39.74%    failed      0.93%
  13  MJM2940      1.77%    passed     90.38%
****  TOTAL        8.26%  1 sequences failed composition chi2 test (p-value<5%; df=3)

Create initial parsimony tree by phylogenetic likelihood library (PLL)... 0.001 seconds

NOTE: 1 MB RAM (0 GB) is required!
Estimate model parameters (epsilon = 0.100)
1. Initial log-likelihood: -15775.505
2. Current log-likelihood: -15238.086
3. Current log-likelihood: -15234.914
Optimal log-likelihood: -15234.888
Rate parameters:  A-C: 1.32610  A-G: 3.93088  A-T: 1.42425  C-G: 1.08106  C-T: 4.32551  G-T: 1.00000
Base frequencies:  A: 0.274  C: 0.218  G: 0.235  T: 0.272
Gamma shape alpha: 0.529
Parameters optimization took 3 rounds (0.044 sec)
Computing ML distances based on estimated model parameters... 0.002 sec
Computing BIONJ tree...
0.002 seconds
Log-likelihood of BIONJ tree: -15234.887
--------------------------------------------------------------------
|             INITIALIZING CANDIDATE TREE SET                      |
--------------------------------------------------------------------
Generating 99 parsimony trees... 0.111 second
Computing log-likelihood of 97 initial trees ... 0.487 seconds
Current best score: -15234.887

Do NNI search on 20 best initial trees
Estimate model parameters (epsilon = 0.100)
BETTER TREE FOUND at iteration 1: -15234.887
Iteration 10 / LogL: -15236.045 / Time: 0h:0m:0s
Iteration 20 / LogL: -15235.627 / Time: 0h:0m:1s
Finish initializing candidate tree set (1)
Current best tree score: -15234.887 / CPU time: 1.204
Number of iterations: 20
--------------------------------------------------------------------
|               OPTIMIZING CANDIDATE TREE SET                      |
--------------------------------------------------------------------
Iteration 30 / LogL: -15235.026 / Time: 0h:0m:1s (0h:0m:4s left)
Iteration 40 / LogL: -15234.900 / Time: 0h:0m:2s (0h:0m:3s left)
Iteration 50 / LogL: -15236.322 / Time: 0h:0m:2s (0h:0m:2s left)
Iteration 60 / LogL: -15234.891 / Time: 0h:0m:3s (0h:0m:2s left)
Iteration 70 / LogL: -15235.046 / Time: 0h:0m:3s (0h:0m:1s left)
Iteration 80 / LogL: -15235.850 / Time: 0h:0m:4s (0h:0m:1s left)
Iteration 90 / LogL: -15234.898 / Time: 0h:0m:4s (0h:0m:0s left)
Iteration 100 / LogL: -15235.429 / Time: 0h:0m:4s (0h:0m:0s left)
TREE SEARCH COMPLETED AFTER 102 ITERATIONS / Time: 0h:0m:5s

--------------------------------------------------------------------
|                    FINALIZING TREE SEARCH                        |
--------------------------------------------------------------------
Performs final model parameters optimization
Estimate model parameters (epsilon = 0.010)
1. Initial log-likelihood: -15234.887
Optimal log-likelihood: -15234.887
Rate parameters:  A-C: 1.32610  A-G: 3.93200  A-T: 1.42472  C-G: 1.08088  C-T: 4.32600  G-T: 1.00000
Base frequencies:  A: 0.274  C: 0.218  G: 0.235  T: 0.272
Gamma shape alpha: 0.529
Parameters optimization took 1 rounds (0.007 sec)
BEST SCORE FOUND : -15234.887

Testing tree branches by SH-like aLRT with 1000 replicates...
0.134 sec.
Total tree length: 1.551

Total number of iterations: 102
CPU time used for tree search: 7.009 sec (0h:0m:7s)
Wall-clock time used for tree search: 4.949 sec (0h:0m:4s)
Total CPU time used: 7.632 sec (0h:0m:7s)
Total wall-clock time used: 5.156 sec (0h:0m:5s)

Analysis results written to: 
  IQ-TREE report:                cluster1683rr.1to1ortho.fa.aln-cln_gene441.fa.iqtree
  Maximum-likelihood tree:       cluster1683rr.1to1ortho.fa.aln-cln_gene441.fa.treefile
  Likelihood distances:          cluster1683rr.1to1ortho.fa.aln-cln_gene441.fa.mldist
  Screen log file:               cluster1683rr.1to1ortho.fa.aln-cln_gene441.fa.log

Date and Time: Mon Nov 25 09:47:59 2019
