IQ-TREE multicore version 1.6.11 for Mac OS X 64-bit built Jul 12 2019
Developed by Bui Quang Minh, Nguyen Lam Tung, Olga Chernomor,
Heiko Schmidt, Dominik Schrempf, Michael Woodhams.

Host:    slpc437 (AVX2, FMA3, 16 GB RAM)
Command: iqtree -s cluster1516rr.1to1ortho.fa.aln-cln_gene274.fa -nt 4 -m GTR+G -alrt 1000
Seed:    106534 (Using SPRNG - Scalable Parallel Random Number Generator)
Time:    Mon Nov 25 09:44:18 2019
Kernel:  AVX+FMA - 4 threads (6 CPU cores detected)

Reading alignment file cluster1516rr.1to1ortho.fa.aln-cln_gene274.fa ... Fasta format detected
Alignment most likely contains DNA/RNA sequences
Alignment has 13 sequences with 1794 columns, 863 distinct patterns
696 parsimony-informative, 317 singleton sites, 781 constant sites
           Gap/Ambiguity  Composition  p-value
   1  DrolusSFB    1.56%    passed     90.00%
   2  Dino         0.50%    passed     92.82%
   3  MJM3360      2.51%    passed     54.00%
   4  DrobinSFB    1.00%    passed     75.95%
   5  Neam         0.33%    passed     99.95%
   6  RuprSFB      2.17%    passed     91.64%
   7  Retr         2.34%    passed     94.41%
   8  Beta         2.17%    passed     88.85%
   9  Spol         2.17%    passed     88.59%
  10  MJM1652      0.67%    passed     97.97%
  11  NepSFB       0.33%    passed     96.76%
  12  WPYJ         3.34%    passed     96.51%
  13  MJM2940      1.00%    passed     76.30%
****  TOTAL        1.55%  0 sequences failed composition chi2 test (p-value<5%; df=3)

Create initial parsimony tree by phylogenetic likelihood library (PLL)... 0.001 seconds

NOTE: 1 MB RAM (0 GB) is required!
Estimate model parameters (epsilon = 0.100)
1. Initial log-likelihood: -12937.951
2. Current log-likelihood: -12531.479
3. Current log-likelihood: -12529.038
Optimal log-likelihood: -12529.019
Rate parameters:  A-C: 1.62055  A-G: 3.83285  A-T: 1.33177  C-G: 1.02093  C-T: 4.50646  G-T: 1.00000
Base frequencies:  A: 0.278  C: 0.202  G: 0.238  T: 0.281
Gamma shape alpha: 0.653
Parameters optimization took 3 rounds (0.040 sec)
Computing ML distances based on estimated model parameters... 0.002 sec
Computing BIONJ tree...
0.002 seconds
Log-likelihood of BIONJ tree: -12529.019
--------------------------------------------------------------------
|             INITIALIZING CANDIDATE TREE SET                      |
--------------------------------------------------------------------
Generating 99 parsimony trees... 0.104 second
Computing log-likelihood of 98 initial trees ... 0.451 seconds
Current best score: -12526.986

Do NNI search on 20 best initial trees
Estimate model parameters (epsilon = 0.100)
BETTER TREE FOUND at iteration 1: -12525.805
Iteration 10 / LogL: -12525.809 / Time: 0h:0m:0s
Iteration 20 / LogL: -12525.808 / Time: 0h:0m:1s
Finish initializing candidate tree set (1)
Current best tree score: -12525.805 / CPU time: 1.157
Number of iterations: 20
--------------------------------------------------------------------
|               OPTIMIZING CANDIDATE TREE SET                      |
--------------------------------------------------------------------
Iteration 30 / LogL: -12526.405 / Time: 0h:0m:1s (0h:0m:3s left)
UPDATE BEST LOG-LIKELIHOOD: -12525.805
Iteration 40 / LogL: -12525.805 / Time: 0h:0m:1s (0h:0m:2s left)
Iteration 50 / LogL: -12525.816 / Time: 0h:0m:2s (0h:0m:2s left)
UPDATE BEST LOG-LIKELIHOOD: -12525.805
Iteration 60 / LogL: -12529.781 / Time: 0h:0m:2s (0h:0m:1s left)
Iteration 70 / LogL: -12526.081 / Time: 0h:0m:3s (0h:0m:1s left)
Iteration 80 / LogL: -12525.876 / Time: 0h:0m:3s (0h:0m:0s left)
Iteration 90 / LogL: -12526.831 / Time: 0h:0m:3s (0h:0m:0s left)
Iteration 100 / LogL: -12525.806 / Time: 0h:0m:4s (0h:0m:0s left)
TREE SEARCH COMPLETED AFTER 102 ITERATIONS / Time: 0h:0m:4s

--------------------------------------------------------------------
|                    FINALIZING TREE SEARCH                        |
--------------------------------------------------------------------
Performs final model parameters optimization
Estimate model parameters (epsilon = 0.010)
1. Initial log-likelihood: -12525.805
Optimal log-likelihood: -12525.803
Rate parameters:  A-C: 1.63199  A-G: 3.83802  A-T: 1.32435  C-G: 1.01849  C-T: 4.51644  G-T: 1.00000
Base frequencies:  A: 0.278  C: 0.202  G: 0.238  T: 0.281
Gamma shape alpha: 0.652
Parameters optimization took 1 rounds (0.005 sec)
BEST SCORE FOUND : -12525.803

Testing tree branches by SH-like aLRT with 1000 replicates...
0.105 sec.
Total tree length: 1.689

Total number of iterations: 102
CPU time used for tree search: 5.513 sec (0h:0m:5s)
Wall-clock time used for tree search: 4.250 sec (0h:0m:4s)
Total CPU time used: 5.992 sec (0h:0m:5s)
Total wall-clock time used: 4.419 sec (0h:0m:4s)

Analysis results written to: 
  IQ-TREE report:                cluster1516rr.1to1ortho.fa.aln-cln_gene274.fa.iqtree
  Maximum-likelihood tree:       cluster1516rr.1to1ortho.fa.aln-cln_gene274.fa.treefile
  Likelihood distances:          cluster1516rr.1to1ortho.fa.aln-cln_gene274.fa.mldist
  Screen log file:               cluster1516rr.1to1ortho.fa.aln-cln_gene274.fa.log

Date and Time: Mon Nov 25 09:44:22 2019
