IQ-TREE multicore version 1.6.11 for Mac OS X 64-bit built Jul 12 2019
Developed by Bui Quang Minh, Nguyen Lam Tung, Olga Chernomor,
Heiko Schmidt, Dominik Schrempf, Michael Woodhams.

Host:    slpc437 (AVX2, FMA3, 16 GB RAM)
Command: iqtree -s cluster2134rr.1to1ortho.fa.aln-cln_gene923.fa -nt 4 -m GTR+G -alrt 1000
Seed:    98489 (Using SPRNG - Scalable Parallel Random Number Generator)
Time:    Mon Nov 25 09:57:39 2019
Kernel:  AVX+FMA - 4 threads (6 CPU cores detected)

Reading alignment file cluster2134rr.1to1ortho.fa.aln-cln_gene923.fa ... Fasta format detected
Alignment most likely contains DNA/RNA sequences
Alignment has 13 sequences with 1136 columns, 575 distinct patterns
389 parsimony-informative, 196 singleton sites, 551 constant sites
           Gap/Ambiguity  Composition  p-value
   1  DrolusSFB    1.32%    passed     96.00%
   2  Dino         6.87%    passed     69.25%
   3  MJM3360     16.02%    passed      5.13%
   4  DrobinSFB   19.10%    passed     16.57%
   5  Neam         0.70%    passed     57.75%
   6  RuprSFB     13.64%    passed     42.91%
   7  Retr        27.90%    passed     12.42%
   8  Beta         5.72%    passed      9.62%
   9  Spol         5.46%    passed     23.48%
  10  MJM1652      6.87%    passed     93.92%
  11  NepSFB       0.70%    passed     52.73%
  12  WPYJ        39.35%    passed     68.28%
  13  MJM2940      1.58%    passed     71.28%
****  TOTAL       11.17%  0 sequences failed composition chi2 test (p-value<5%; df=3)

Create initial parsimony tree by phylogenetic likelihood library (PLL)... 0.001 seconds

NOTE: 0 MB RAM (0 GB) is required!
Estimate model parameters (epsilon = 0.100)
1. Initial log-likelihood: -7656.760
2. Current log-likelihood: -7385.316
3. Current log-likelihood: -7381.667
Optimal log-likelihood: -7381.578
Rate parameters:  A-C: 2.02339  A-G: 4.48933  A-T: 1.72726  C-G: 1.85831  C-T: 6.12336  G-T: 1.00000
Base frequencies:  A: 0.265  C: 0.209  G: 0.260  T: 0.266
Gamma shape alpha: 0.449
Parameters optimization took 3 rounds (0.035 sec)
Computing ML distances based on estimated model parameters... 0.001 sec
Computing BIONJ tree...
0.002 seconds
Log-likelihood of BIONJ tree: -7386.609
--------------------------------------------------------------------
|             INITIALIZING CANDIDATE TREE SET                      |
--------------------------------------------------------------------
Generating 98 parsimony trees... 0.085 second
Computing log-likelihood of 98 initial trees ... 0.431 seconds
Current best score: -7381.578

Do NNI search on 20 best initial trees
Estimate model parameters (epsilon = 0.100)
BETTER TREE FOUND at iteration 1: -7380.547
Iteration 10 / LogL: -7380.574 / Time: 0h:0m:0s
Iteration 20 / LogL: -7380.555 / Time: 0h:0m:1s
Finish initializing candidate tree set (1)
Current best tree score: -7380.547 / CPU time: 1.134
Number of iterations: 20
--------------------------------------------------------------------
|               OPTIMIZING CANDIDATE TREE SET                      |
--------------------------------------------------------------------
Iteration 30 / LogL: -7380.922 / Time: 0h:0m:1s (0h:0m:3s left)
Iteration 40 / LogL: -7381.481 / Time: 0h:0m:2s (0h:0m:3s left)
Iteration 50 / LogL: -7380.757 / Time: 0h:0m:2s (0h:0m:2s left)
Iteration 60 / LogL: -7380.628 / Time: 0h:0m:2s (0h:0m:1s left)
Iteration 70 / LogL: -7380.592 / Time: 0h:0m:3s (0h:0m:1s left)
Iteration 80 / LogL: -7380.573 / Time: 0h:0m:3s (0h:0m:0s left)
Iteration 90 / LogL: -7380.572 / Time: 0h:0m:3s (0h:0m:0s left)
Iteration 100 / LogL: -7380.553 / Time: 0h:0m:4s (0h:0m:0s left)
TREE SEARCH COMPLETED AFTER 102 ITERATIONS / Time: 0h:0m:4s

--------------------------------------------------------------------
|                    FINALIZING TREE SEARCH                        |
--------------------------------------------------------------------
Performs final model parameters optimization
Estimate model parameters (epsilon = 0.010)
1. Initial log-likelihood: -7380.547
Optimal log-likelihood: -7380.546
Rate parameters:  A-C: 2.01113  A-G: 4.49143  A-T: 1.73308  C-G: 1.82992  C-T: 6.14607  G-T: 1.00000
Base frequencies:  A: 0.265  C: 0.209  G: 0.260  T: 0.266
Gamma shape alpha: 0.449
Parameters optimization took 1 rounds (0.005 sec)
BEST SCORE FOUND : -7380.546

Testing tree branches by SH-like aLRT with 1000 replicates...
0.074 sec.
Total tree length: 1.972

Total number of iterations: 102
CPU time used for tree search: 4.918 sec (0h:0m:4s)
Wall-clock time used for tree search: 4.406 sec (0h:0m:4s)
Total CPU time used: 5.248 sec (0h:0m:5s)
Total wall-clock time used: 4.538 sec (0h:0m:4s)

Analysis results written to: 
  IQ-TREE report:                cluster2134rr.1to1ortho.fa.aln-cln_gene923.fa.iqtree
  Maximum-likelihood tree:       cluster2134rr.1to1ortho.fa.aln-cln_gene923.fa.treefile
  Likelihood distances:          cluster2134rr.1to1ortho.fa.aln-cln_gene923.fa.mldist
  Screen log file:               cluster2134rr.1to1ortho.fa.aln-cln_gene923.fa.log

Date and Time: Mon Nov 25 09:57:43 2019
