IQ-TREE multicore version 1.6.11 for Mac OS X 64-bit built Jul 12 2019
Developed by Bui Quang Minh, Nguyen Lam Tung, Olga Chernomor,
Heiko Schmidt, Dominik Schrempf, Michael Woodhams.

Host:    slpc437 (AVX2, FMA3, 16 GB RAM)
Command: iqtree -s cluster2659rr.1to1ortho.fa.aln-cln_gene144.fa -nt 4 -m GTR+G -alrt 1000
Seed:    187754 (Using SPRNG - Scalable Parallel Random Number Generator)
Time:    Mon Nov 25 10:11:05 2019
Kernel:  AVX+FMA - 4 threads (6 CPU cores detected)

Reading alignment file cluster2659rr.1to1ortho.fa.aln-cln_gene144.fa ... Fasta format detected
Alignment most likely contains DNA/RNA sequences
Alignment has 13 sequences with 1074 columns, 547 distinct patterns
429 parsimony-informative, 135 singleton sites, 510 constant sites
           Gap/Ambiguity  Composition  p-value
   1  DrolusSFB    0.00%    passed     26.50%
   2  Dino         2.33%    passed     94.49%
   3  MJM3360      2.98%    failed      2.65%
   4  DrobinSFB    2.05%    passed     75.24%
   5  Neam         0.00%    failed      0.09%
   6  RuprSFB     44.41%    failed      0.36%
   7  Retr         0.84%    failed      0.00%
   8  Beta         0.56%    failed      0.04%
   9  Spol         0.56%    failed      0.91%
  10  MJM1652      2.61%    passed     46.08%
  11  NepSFB       0.00%    failed      0.05%
  12  WPYJ        55.68%    failed      0.00%
  13  MJM2940      0.00%    passed     74.13%
WARNING: 1 sequences contain more than 50% gaps/ambiguity
****  TOTAL        8.62%  8 sequences failed composition chi2 test (p-value<5%; df=3)

Create initial parsimony tree by phylogenetic likelihood library (PLL)... 0.001 seconds

NOTE: 0 MB RAM (0 GB) is required!
Estimate model parameters (epsilon = 0.100)
1. Initial log-likelihood: -7581.109
2. Current log-likelihood: -7267.506
3. Current log-likelihood: -7263.289
Optimal log-likelihood: -7263.186
Rate parameters:  A-C: 2.34554  A-G: 4.68696  A-T: 1.71706  C-G: 1.68615  C-T: 8.13477  G-T: 1.00000
Base frequencies:  A: 0.267  C: 0.211  G: 0.285  T: 0.238
Gamma shape alpha: 0.469
Parameters optimization took 3 rounds (0.037 sec)
Computing ML distances based on estimated model parameters... 0.001 sec
Computing BIONJ tree...
0.002 seconds
Log-likelihood of BIONJ tree: -7263.314
--------------------------------------------------------------------
|             INITIALIZING CANDIDATE TREE SET                      |
--------------------------------------------------------------------
Generating 98 parsimony trees... 0.081 second
Computing log-likelihood of 96 initial trees ... 0.423 seconds
Current best score: -7263.186

Do NNI search on 20 best initial trees
Estimate model parameters (epsilon = 0.100)
BETTER TREE FOUND at iteration 1: -7263.182
Iteration 10 / LogL: -7263.542 / Time: 0h:0m:0s
Iteration 20 / LogL: -7264.100 / Time: 0h:0m:1s
Finish initializing candidate tree set (2)
Current best tree score: -7263.182 / CPU time: 0.999
Number of iterations: 20
--------------------------------------------------------------------
|               OPTIMIZING CANDIDATE TREE SET                      |
--------------------------------------------------------------------
Iteration 30 / LogL: -7271.878 / Time: 0h:0m:1s (0h:0m:3s left)
Iteration 40 / LogL: -7263.188 / Time: 0h:0m:1s (0h:0m:3s left)
Iteration 50 / LogL: -7263.346 / Time: 0h:0m:2s (0h:0m:2s left)
Iteration 60 / LogL: -7263.240 / Time: 0h:0m:2s (0h:0m:1s left)
Iteration 70 / LogL: -7263.211 / Time: 0h:0m:3s (0h:0m:1s left)
UPDATE BEST LOG-LIKELIHOOD: -7263.182
Iteration 80 / LogL: -7263.214 / Time: 0h:0m:3s (0h:0m:0s left)
Iteration 90 / LogL: -7263.441 / Time: 0h:0m:4s (0h:0m:0s left)
Iteration 100 / LogL: -7271.876 / Time: 0h:0m:4s (0h:0m:0s left)
TREE SEARCH COMPLETED AFTER 102 ITERATIONS / Time: 0h:0m:4s

--------------------------------------------------------------------
|                    FINALIZING TREE SEARCH                        |
--------------------------------------------------------------------
Performs final model parameters optimization
Estimate model parameters (epsilon = 0.010)
1. Initial log-likelihood: -7263.182
Optimal log-likelihood: -7263.182
Rate parameters:  A-C: 2.35043  A-G: 4.68292  A-T: 1.71139  C-G: 1.68532  C-T: 8.14847  G-T: 1.00000
Base frequencies:  A: 0.267  C: 0.211  G: 0.285  T: 0.238
Gamma shape alpha: 0.469
Parameters optimization took 1 rounds (0.005 sec)
BEST SCORE FOUND : -7263.182

Testing tree branches by SH-like aLRT with 1000 replicates...
0.071 sec.
Total tree length: 1.951

Total number of iterations: 102
CPU time used for tree search: 4.915 sec (0h:0m:4s)
Wall-clock time used for tree search: 4.555 sec (0h:0m:4s)
Total CPU time used: 5.236 sec (0h:0m:5s)
Total wall-clock time used: 4.689 sec (0h:0m:4s)

Analysis results written to: 
  IQ-TREE report:                cluster2659rr.1to1ortho.fa.aln-cln_gene144.fa.iqtree
  Maximum-likelihood tree:       cluster2659rr.1to1ortho.fa.aln-cln_gene144.fa.treefile
  Likelihood distances:          cluster2659rr.1to1ortho.fa.aln-cln_gene144.fa.mldist
  Screen log file:               cluster2659rr.1to1ortho.fa.aln-cln_gene144.fa.log

Date and Time: Mon Nov 25 10:11:09 2019
