IQ-TREE multicore version 1.6.11 for Mac OS X 64-bit built Jul 12 2019
Developed by Bui Quang Minh, Nguyen Lam Tung, Olga Chernomor,
Heiko Schmidt, Dominik Schrempf, Michael Woodhams.

Host:    slpc437 (AVX2, FMA3, 16 GB RAM)
Command: iqtree -s cluster3790rr.1to1ortho.fa.aln-cln_gene805.fa -nt 4 -m GTR+G -alrt 1000
Seed:    476016 (Using SPRNG - Scalable Parallel Random Number Generator)
Time:    Mon Nov 25 10:37:12 2019
Kernel:  AVX+FMA - 4 threads (6 CPU cores detected)

Reading alignment file cluster3790rr.1to1ortho.fa.aln-cln_gene805.fa ... Fasta format detected
Alignment most likely contains DNA/RNA sequences
Alignment has 13 sequences with 1258 columns, 617 distinct patterns
467 parsimony-informative, 200 singleton sites, 591 constant sites
           Gap/Ambiguity  Composition  p-value
   1  DrolusSFB    0.95%    passed     96.28%
   2  Dino         0.00%    passed     98.51%
   3  MJM3360      6.92%    passed      6.83%
   4  DrobinSFB    3.58%    passed     89.78%
   5  Neam         0.00%    passed     28.95%
   6  RuprSFB      6.92%    passed     69.37%
   7  Retr        18.76%    passed     38.83%
   8  Beta        10.57%    passed     80.89%
   9  Spol        10.57%    passed     35.46%
  10  MJM1652      0.48%    passed     92.95%
  11  NepSFB       0.00%    passed     24.74%
  12  WPYJ         6.84%    passed     59.82%
  13  MJM2940      0.00%    passed     99.74%
****  TOTAL        5.04%  0 sequences failed composition chi2 test (p-value<5%; df=3)

Create initial parsimony tree by phylogenetic likelihood library (PLL)... 0.001 seconds

NOTE: 1 MB RAM (0 GB) is required!
Estimate model parameters (epsilon = 0.100)
1. Initial log-likelihood: -8727.993
2. Current log-likelihood: -8398.589
3. Current log-likelihood: -8395.123
Optimal log-likelihood: -8395.069
Rate parameters:  A-C: 2.13533  A-G: 6.38127  A-T: 2.84050  C-G: 1.95593  C-T: 7.57817  G-T: 1.00000
Base frequencies:  A: 0.267  C: 0.208  G: 0.251  T: 0.273
Gamma shape alpha: 0.516
Parameters optimization took 3 rounds (0.036 sec)
Computing ML distances based on estimated model parameters... 0.001 sec
Computing BIONJ tree...
0.002 seconds
Log-likelihood of BIONJ tree: -8395.592
--------------------------------------------------------------------
|             INITIALIZING CANDIDATE TREE SET                      |
--------------------------------------------------------------------
Generating 98 parsimony trees... 0.084 second
Computing log-likelihood of 97 initial trees ... 0.424 seconds
Current best score: -8394.789

Do NNI search on 20 best initial trees
Estimate model parameters (epsilon = 0.100)
BETTER TREE FOUND at iteration 1: -8390.800
Iteration 10 / LogL: -8390.812 / Time: 0h:0m:0s
Iteration 20 / LogL: -8390.824 / Time: 0h:0m:1s
Finish initializing candidate tree set (1)
Current best tree score: -8390.800 / CPU time: 1.120
Number of iterations: 20
--------------------------------------------------------------------
|               OPTIMIZING CANDIDATE TREE SET                      |
--------------------------------------------------------------------
Iteration 30 / LogL: -8390.809 / Time: 0h:0m:1s (0h:0m:3s left)
Iteration 40 / LogL: -8391.435 / Time: 0h:0m:2s (0h:0m:3s left)
Iteration 50 / LogL: -8390.819 / Time: 0h:0m:2s (0h:0m:2s left)
Iteration 60 / LogL: -8390.857 / Time: 0h:0m:2s (0h:0m:1s left)
Iteration 70 / LogL: -8390.811 / Time: 0h:0m:3s (0h:0m:1s left)
Iteration 80 / LogL: -8391.030 / Time: 0h:0m:3s (0h:0m:0s left)
Iteration 90 / LogL: -8391.157 / Time: 0h:0m:3s (0h:0m:0s left)
Iteration 100 / LogL: -8391.903 / Time: 0h:0m:4s (0h:0m:0s left)
TREE SEARCH COMPLETED AFTER 102 ITERATIONS / Time: 0h:0m:4s

--------------------------------------------------------------------
|                    FINALIZING TREE SEARCH                        |
--------------------------------------------------------------------
Performs final model parameters optimization
Estimate model parameters (epsilon = 0.010)
1. Initial log-likelihood: -8390.800
Optimal log-likelihood: -8390.799
Rate parameters:  A-C: 2.15209  A-G: 6.60479  A-T: 2.92703  C-G: 2.03323  C-T: 7.76051  G-T: 1.00000
Base frequencies:  A: 0.267  C: 0.208  G: 0.251  T: 0.273
Gamma shape alpha: 0.516
Parameters optimization took 1 rounds (0.005 sec)
BEST SCORE FOUND : -8390.799

Testing tree branches by SH-like aLRT with 1000 replicates...
0.079 sec.
Total tree length: 1.751

Total number of iterations: 102
CPU time used for tree search: 5.174 sec (0h:0m:5s)
Wall-clock time used for tree search: 4.517 sec (0h:0m:4s)
Total CPU time used: 5.529 sec (0h:0m:5s)
Total wall-clock time used: 4.656 sec (0h:0m:4s)

Analysis results written to: 
  IQ-TREE report:                cluster3790rr.1to1ortho.fa.aln-cln_gene805.fa.iqtree
  Maximum-likelihood tree:       cluster3790rr.1to1ortho.fa.aln-cln_gene805.fa.treefile
  Likelihood distances:          cluster3790rr.1to1ortho.fa.aln-cln_gene805.fa.mldist
  Screen log file:               cluster3790rr.1to1ortho.fa.aln-cln_gene805.fa.log

Date and Time: Mon Nov 25 10:37:17 2019
