IQ-TREE multicore version 1.6.11 for Mac OS X 64-bit built Jul 12 2019
Developed by Bui Quang Minh, Nguyen Lam Tung, Olga Chernomor,
Heiko Schmidt, Dominik Schrempf, Michael Woodhams.

Host:    slpc437 (AVX2, FMA3, 16 GB RAM)
Command: iqtree -s cluster3039rr.1to1ortho.fa.aln-cln_gene1111.fa -nt 4 -m GTR+G -alrt 1000
Seed:    215945 (Using SPRNG - Scalable Parallel Random Number Generator)
Time:    Mon Nov 25 10:20:58 2019
Kernel:  AVX+FMA - 4 threads (6 CPU cores detected)

Reading alignment file cluster3039rr.1to1ortho.fa.aln-cln_gene1111.fa ... Fasta format detected
Alignment most likely contains DNA/RNA sequences
Alignment has 13 sequences with 2042 columns, 1034 distinct patterns
749 parsimony-informative, 355 singleton sites, 938 constant sites
           Gap/Ambiguity  Composition  p-value
   1  DrolusSFB    3.04%    passed     98.95%
   2  Dino         0.20%    failed      4.33%
   3  MJM3360      7.35%    passed     17.95%
   4  DrobinSFB    5.48%    passed     59.64%
   5  Neam         0.00%    passed     83.10%
   6  RuprSFB     18.85%    passed     56.22%
   7  Retr        65.52%    passed     27.94%
   8  Beta         0.73%    failed      4.21%
   9  Spol         2.89%    passed     59.19%
  10  MJM1652      4.02%    passed     22.34%
  11  NepSFB       0.00%    passed     81.99%
  12  WPYJ        16.99%    passed     10.63%
  13  MJM2940      0.54%    passed     97.84%
WARNING: 1 sequences contain more than 50% gaps/ambiguity
****  TOTAL        9.66%  2 sequences failed composition chi2 test (p-value<5%; df=3)

Create initial parsimony tree by phylogenetic likelihood library (PLL)... 0.001 seconds

NOTE: 1 MB RAM (0 GB) is required!
Estimate model parameters (epsilon = 0.100)
1. Initial log-likelihood: -14047.650
2. Current log-likelihood: -13582.688
3. Current log-likelihood: -13580.312
Optimal log-likelihood: -13580.277
Rate parameters:  A-C: 1.78047  A-G: 3.82582  A-T: 1.44367  C-G: 1.32315  C-T: 5.11192  G-T: 1.00000
Base frequencies:  A: 0.270  C: 0.215  G: 0.235  T: 0.281
Gamma shape alpha: 0.570
Parameters optimization took 3 rounds (0.042 sec)
Computing ML distances based on estimated model parameters... 0.002 sec
Computing BIONJ tree...
0.002 seconds
Log-likelihood of BIONJ tree: -13579.013
--------------------------------------------------------------------
|             INITIALIZING CANDIDATE TREE SET                      |
--------------------------------------------------------------------
Generating 98 parsimony trees... 0.107 second
Computing log-likelihood of 98 initial trees ... 0.487 seconds
Current best score: -13579.013

Do NNI search on 20 best initial trees
Estimate model parameters (epsilon = 0.100)
BETTER TREE FOUND at iteration 1: -13579.007
Iteration 10 / LogL: -13579.077 / Time: 0h:0m:0s
Iteration 20 / LogL: -13579.119 / Time: 0h:0m:1s
Finish initializing candidate tree set (1)
Current best tree score: -13579.007 / CPU time: 1.213
Number of iterations: 20
--------------------------------------------------------------------
|               OPTIMIZING CANDIDATE TREE SET                      |
--------------------------------------------------------------------
Iteration 30 / LogL: -13600.027 / Time: 0h:0m:1s (0h:0m:4s left)
Iteration 40 / LogL: -13579.011 / Time: 0h:0m:2s (0h:0m:3s left)
Iteration 50 / LogL: -13579.585 / Time: 0h:0m:2s (0h:0m:2s left)
Iteration 60 / LogL: -13599.874 / Time: 0h:0m:3s (0h:0m:2s left)
Iteration 70 / LogL: -13579.626 / Time: 0h:0m:3s (0h:0m:1s left)
Iteration 80 / LogL: -13600.481 / Time: 0h:0m:3s (0h:0m:1s left)
Iteration 90 / LogL: -13579.010 / Time: 0h:0m:4s (0h:0m:0s left)
Iteration 100 / LogL: -13579.081 / Time: 0h:0m:4s (0h:0m:0s left)
TREE SEARCH COMPLETED AFTER 102 ITERATIONS / Time: 0h:0m:4s

--------------------------------------------------------------------
|                    FINALIZING TREE SEARCH                        |
--------------------------------------------------------------------
Performs final model parameters optimization
Estimate model parameters (epsilon = 0.010)
1. Initial log-likelihood: -13579.007
Optimal log-likelihood: -13579.006
Rate parameters:  A-C: 1.78920  A-G: 3.82826  A-T: 1.44373  C-G: 1.31539  C-T: 5.11363  G-T: 1.00000
Base frequencies:  A: 0.270  C: 0.215  G: 0.235  T: 0.281
Gamma shape alpha: 0.572
Parameters optimization took 1 rounds (0.006 sec)
BEST SCORE FOUND : -13579.006

Testing tree branches by SH-like aLRT with 1000 replicates...
0.116 sec.
Total tree length: 1.777

Total number of iterations: 102
CPU time used for tree search: 6.585 sec (0h:0m:6s)
Wall-clock time used for tree search: 4.751 sec (0h:0m:4s)
Total CPU time used: 7.127 sec (0h:0m:7s)
Total wall-clock time used: 4.936 sec (0h:0m:4s)

Analysis results written to: 
  IQ-TREE report:                cluster3039rr.1to1ortho.fa.aln-cln_gene1111.fa.iqtree
  Maximum-likelihood tree:       cluster3039rr.1to1ortho.fa.aln-cln_gene1111.fa.treefile
  Likelihood distances:          cluster3039rr.1to1ortho.fa.aln-cln_gene1111.fa.mldist
  Screen log file:               cluster3039rr.1to1ortho.fa.aln-cln_gene1111.fa.log

Date and Time: Mon Nov 25 10:21:03 2019
