IQ-TREE multicore version 1.6.11 for Mac OS X 64-bit built Jul 12 2019
Developed by Bui Quang Minh, Nguyen Lam Tung, Olga Chernomor,
Heiko Schmidt, Dominik Schrempf, Michael Woodhams.

Host:    slpc437 (AVX2, FMA3, 16 GB RAM)
Command: iqtree -s cluster2545rr.1to1ortho.fa.aln-cln_gene1106.fa -nt 4 -m GTR+G -alrt 1000
Seed:    848446 (Using SPRNG - Scalable Parallel Random Number Generator)
Time:    Mon Nov 25 10:07:18 2019
Kernel:  AVX+FMA - 4 threads (6 CPU cores detected)

Reading alignment file cluster2545rr.1to1ortho.fa.aln-cln_gene1106.fa ... Fasta format detected
Alignment most likely contains DNA/RNA sequences
Alignment has 13 sequences with 807 columns, 404 distinct patterns
293 parsimony-informative, 123 singleton sites, 391 constant sites
           Gap/Ambiguity  Composition  p-value
   1  DrolusSFB    0.74%    passed     96.18%
   2  Dino         0.25%    passed     82.89%
   3  MJM3360      1.49%    passed     40.32%
   4  DrobinSFB    2.97%    passed     92.74%
   5  Neam         0.37%    passed     25.37%
   6  RuprSFB      1.24%    passed     89.13%
   7  Retr         1.12%    passed     82.44%
   8  Beta        11.52%    passed     20.98%
   9  Spol         3.35%    passed     57.29%
  10  MJM1652      0.50%    passed     95.12%
  11  NepSFB       2.60%    passed     45.67%
  12  WPYJ         4.83%    passed     82.99%
  13  MJM2940      0.37%    passed     62.65%
****  TOTAL        2.41%  0 sequences failed composition chi2 test (p-value<5%; df=3)

Create initial parsimony tree by phylogenetic likelihood library (PLL)... 0.001 seconds

NOTE: 0 MB RAM (0 GB) is required!
Estimate model parameters (epsilon = 0.100)
1. Initial log-likelihood: -5664.192
2. Current log-likelihood: -5468.702
3. Current log-likelihood: -5465.371
Optimal log-likelihood: -5465.313
Rate parameters:  A-C: 1.62371  A-G: 3.86980  A-T: 2.05801  C-G: 1.68537  C-T: 6.42376  G-T: 1.00000
Base frequencies:  A: 0.258  C: 0.204  G: 0.287  T: 0.251
Gamma shape alpha: 0.453
Parameters optimization took 3 rounds (0.050 sec)
Computing ML distances based on estimated model parameters... 0.001 sec
Computing BIONJ tree...
0.002 seconds
Log-likelihood of BIONJ tree: -5459.347
--------------------------------------------------------------------
|             INITIALIZING CANDIDATE TREE SET                      |
--------------------------------------------------------------------
Generating 98 parsimony trees... 0.071 second
Computing log-likelihood of 98 initial trees ... 0.408 seconds
Current best score: -5459.347

Do NNI search on 20 best initial trees
Estimate model parameters (epsilon = 0.100)
BETTER TREE FOUND at iteration 1: -5459.289
Iteration 10 / LogL: -5459.289 / Time: 0h:0m:0s
Iteration 20 / LogL: -5459.328 / Time: 0h:0m:1s
Finish initializing candidate tree set (1)
Current best tree score: -5459.289 / CPU time: 1.094
Number of iterations: 20
--------------------------------------------------------------------
|               OPTIMIZING CANDIDATE TREE SET                      |
--------------------------------------------------------------------
UPDATE BEST LOG-LIKELIHOOD: -5459.289
Iteration 30 / LogL: -5459.326 / Time: 0h:0m:1s (0h:0m:3s left)
Iteration 40 / LogL: -5459.324 / Time: 0h:0m:1s (0h:0m:2s left)
Iteration 50 / LogL: -5459.513 / Time: 0h:0m:2s (0h:0m:2s left)
UPDATE BEST LOG-LIKELIHOOD: -5459.288
UPDATE BEST LOG-LIKELIHOOD: -5459.288
Iteration 60 / LogL: -5459.314 / Time: 0h:0m:2s (0h:0m:1s left)
Iteration 70 / LogL: -5459.291 / Time: 0h:0m:2s (0h:0m:1s left)
Iteration 80 / LogL: -5459.445 / Time: 0h:0m:3s (0h:0m:0s left)
Iteration 90 / LogL: -5459.415 / Time: 0h:0m:3s (0h:0m:0s left)
Iteration 100 / LogL: -5459.363 / Time: 0h:0m:3s (0h:0m:0s left)
TREE SEARCH COMPLETED AFTER 102 ITERATIONS / Time: 0h:0m:4s

--------------------------------------------------------------------
|                    FINALIZING TREE SEARCH                        |
--------------------------------------------------------------------
Performs final model parameters optimization
Estimate model parameters (epsilon = 0.010)
1. Initial log-likelihood: -5459.288
Optimal log-likelihood: -5459.287
Rate parameters:  A-C: 1.69419  A-G: 4.00886  A-T: 2.08913  C-G: 1.77866  C-T: 6.73870  G-T: 1.00000
Base frequencies:  A: 0.258  C: 0.204  G: 0.287  T: 0.251
Gamma shape alpha: 0.454
Parameters optimization took 1 rounds (0.004 sec)
BEST SCORE FOUND : -5459.287

Testing tree branches by SH-like aLRT with 1000 replicates...
0.057 sec.
Total tree length: 1.767

Total number of iterations: 102
CPU time used for tree search: 3.895 sec (0h:0m:3s)
Wall-clock time used for tree search: 3.984 sec (0h:0m:3s)
Total CPU time used: 4.180 sec (0h:0m:4s)
Total wall-clock time used: 4.115 sec (0h:0m:4s)

Analysis results written to: 
  IQ-TREE report:                cluster2545rr.1to1ortho.fa.aln-cln_gene1106.fa.iqtree
  Maximum-likelihood tree:       cluster2545rr.1to1ortho.fa.aln-cln_gene1106.fa.treefile
  Likelihood distances:          cluster2545rr.1to1ortho.fa.aln-cln_gene1106.fa.mldist
  Screen log file:               cluster2545rr.1to1ortho.fa.aln-cln_gene1106.fa.log

Date and Time: Mon Nov 25 10:07:22 2019
