IQ-TREE multicore version 1.6.11 for Mac OS X 64-bit built Jul 12 2019
Developed by Bui Quang Minh, Nguyen Lam Tung, Olga Chernomor,
Heiko Schmidt, Dominik Schrempf, Michael Woodhams.

Host:    slpc437 (AVX2, FMA3, 16 GB RAM)
Command: iqtree -s cluster2877rr.1to1ortho.fa.aln-cln_gene637.fa -nt 4 -m GTR+G -alrt 1000
Seed:    876887 (Using SPRNG - Scalable Parallel Random Number Generator)
Time:    Mon Nov 25 10:16:08 2019
Kernel:  AVX+FMA - 4 threads (6 CPU cores detected)

Reading alignment file cluster2877rr.1to1ortho.fa.aln-cln_gene637.fa ... Fasta format detected
Alignment most likely contains DNA/RNA sequences
Alignment has 13 sequences with 1320 columns, 688 distinct patterns
492 parsimony-informative, 221 singleton sites, 607 constant sites
           Gap/Ambiguity  Composition  p-value
   1  DrolusSFB    2.88%    passed     92.00%
   2  Dino         4.32%    passed     68.44%
   3  MJM3360     20.08%    failed      3.42%
   4  DrobinSFB   20.68%    passed     14.15%
   5  Neam         0.00%    passed     95.38%
   6  RuprSFB      0.83%    passed     80.40%
   7  Retr        14.77%    passed     81.46%
   8  Beta         9.24%    failed      3.17%
   9  Spol         8.86%    passed     23.09%
  10  MJM1652      0.83%    passed     98.06%
  11  NepSFB       0.00%    passed     88.75%
  12  WPYJ        62.50%    passed     43.00%
  13  MJM2940      0.38%    passed     52.55%
WARNING: 1 sequences contain more than 50% gaps/ambiguity
****  TOTAL       11.18%  2 sequences failed composition chi2 test (p-value<5%; df=3)

Create initial parsimony tree by phylogenetic likelihood library (PLL)... 0.001 seconds

NOTE: 1 MB RAM (0 GB) is required!
Estimate model parameters (epsilon = 0.100)
1. Initial log-likelihood: -9007.066
2. Current log-likelihood: -8593.090
3. Current log-likelihood: -8589.332
4. Current log-likelihood: -8589.215
Optimal log-likelihood: -8589.191
Rate parameters:  A-C: 1.56845  A-G: 4.94535  A-T: 1.42329  C-G: 1.34077  C-T: 5.66887  G-T: 1.00000
Base frequencies:  A: 0.272  C: 0.197  G: 0.238  T: 0.293
Gamma shape alpha: 0.520
Parameters optimization took 4 rounds (0.082 sec)
Computing ML distances based on estimated model parameters... 0.001 sec
Computing BIONJ tree...
0.002 seconds
Log-likelihood of BIONJ tree: -8595.412
--------------------------------------------------------------------
|             INITIALIZING CANDIDATE TREE SET                      |
--------------------------------------------------------------------
Generating 98 parsimony trees... 0.091 second
Computing log-likelihood of 98 initial trees ... 0.451 seconds
Current best score: -8589.191

Do NNI search on 20 best initial trees
Estimate model parameters (epsilon = 0.100)
BETTER TREE FOUND at iteration 1: -8587.192
Iteration 10 / LogL: -8587.368 / Time: 0h:0m:0s
Iteration 20 / LogL: -8587.744 / Time: 0h:0m:1s
Finish initializing candidate tree set (1)
Current best tree score: -8587.192 / CPU time: 1.172
Number of iterations: 20
--------------------------------------------------------------------
|               OPTIMIZING CANDIDATE TREE SET                      |
--------------------------------------------------------------------
Iteration 30 / LogL: -8587.542 / Time: 0h:0m:1s (0h:0m:4s left)
Iteration 40 / LogL: -8587.418 / Time: 0h:0m:2s (0h:0m:3s left)
Iteration 50 / LogL: -8587.442 / Time: 0h:0m:2s (0h:0m:2s left)
Iteration 60 / LogL: -8587.219 / Time: 0h:0m:2s (0h:0m:2s left)
Iteration 70 / LogL: -8587.468 / Time: 0h:0m:3s (0h:0m:1s left)
Iteration 80 / LogL: -8587.246 / Time: 0h:0m:3s (0h:0m:1s left)
Iteration 90 / LogL: -8587.202 / Time: 0h:0m:4s (0h:0m:0s left)
Iteration 100 / LogL: -8587.749 / Time: 0h:0m:4s (0h:0m:0s left)
TREE SEARCH COMPLETED AFTER 102 ITERATIONS / Time: 0h:0m:4s

--------------------------------------------------------------------
|                    FINALIZING TREE SEARCH                        |
--------------------------------------------------------------------
Performs final model parameters optimization
Estimate model parameters (epsilon = 0.010)
1. Initial log-likelihood: -8587.192
Optimal log-likelihood: -8587.188
Rate parameters:  A-C: 1.57260  A-G: 4.92359  A-T: 1.41697  C-G: 1.33832  C-T: 5.67053  G-T: 1.00000
Base frequencies:  A: 0.272  C: 0.197  G: 0.238  T: 0.293
Gamma shape alpha: 0.519
Parameters optimization took 1 rounds (0.005 sec)
BEST SCORE FOUND : -8587.188

Testing tree branches by SH-like aLRT with 1000 replicates...
0.083 sec.
Total tree length: 1.988

Total number of iterations: 102
CPU time used for tree search: 5.433 sec (0h:0m:5s)
Wall-clock time used for tree search: 4.584 sec (0h:0m:4s)
Total CPU time used: 5.919 sec (0h:0m:5s)
Total wall-clock time used: 4.787 sec (0h:0m:4s)

Analysis results written to: 
  IQ-TREE report:                cluster2877rr.1to1ortho.fa.aln-cln_gene637.fa.iqtree
  Maximum-likelihood tree:       cluster2877rr.1to1ortho.fa.aln-cln_gene637.fa.treefile
  Likelihood distances:          cluster2877rr.1to1ortho.fa.aln-cln_gene637.fa.mldist
  Screen log file:               cluster2877rr.1to1ortho.fa.aln-cln_gene637.fa.log

Date and Time: Mon Nov 25 10:16:13 2019
