IQ-TREE multicore version 1.6.11 for Mac OS X 64-bit built Jul 12 2019
Developed by Bui Quang Minh, Nguyen Lam Tung, Olga Chernomor,
Heiko Schmidt, Dominik Schrempf, Michael Woodhams.

Host:    slpc437 (AVX2, FMA3, 16 GB RAM)
Command: iqtree -s cluster5015rr.1to1ortho.fa.aln-cln_gene640.fa -nt 4 -m GTR+G -alrt 1000
Seed:    985246 (Using SPRNG - Scalable Parallel Random Number Generator)
Time:    Mon Nov 25 11:03:36 2019
Kernel:  AVX+FMA - 4 threads (6 CPU cores detected)

Reading alignment file cluster5015rr.1to1ortho.fa.aln-cln_gene640.fa ... Fasta format detected
Alignment most likely contains DNA/RNA sequences
Alignment has 13 sequences with 1065 columns, 501 distinct patterns
378 parsimony-informative, 128 singleton sites, 559 constant sites
           Gap/Ambiguity  Composition  p-value
   1  DrolusSFB    1.13%    passed     19.15%
   2  Dino         1.50%    passed     70.72%
   3  MJM3360      2.72%    passed     68.28%
   4  DrobinSFB    0.00%    passed     47.90%
   5  Neam         0.00%    passed     53.95%
   6  RuprSFB      2.91%    passed     38.82%
   7  Retr         4.98%    passed     49.50%
   8  Beta         4.04%    passed     47.19%
   9  Spol         3.47%    passed     16.23%
  10  MJM1652      3.47%    passed     76.55%
  11  NepSFB       0.00%    passed     54.27%
  12  WPYJ        27.04%    passed     19.04%
  13  MJM2940      0.09%    passed     47.95%
****  TOTAL        3.95%  0 sequences failed composition chi2 test (p-value<5%; df=3)

Create initial parsimony tree by phylogenetic likelihood library (PLL)... 0.001 seconds

NOTE: 0 MB RAM (0 GB) is required!
Estimate model parameters (epsilon = 0.100)
1. Initial log-likelihood: -7250.221
2. Current log-likelihood: -6939.279
3. Current log-likelihood: -6935.771
Optimal log-likelihood: -6935.710
Rate parameters:  A-C: 1.37113  A-G: 4.01509  A-T: 1.84023  C-G: 1.23966  C-T: 6.37240  G-T: 1.00000
Base frequencies:  A: 0.267  C: 0.221  G: 0.269  T: 0.243
Gamma shape alpha: 0.376
Parameters optimization took 3 rounds (0.033 sec)
Computing ML distances based on estimated model parameters... 0.001 sec
Computing BIONJ tree...
0.002 seconds
Log-likelihood of BIONJ tree: -6938.432
--------------------------------------------------------------------
|             INITIALIZING CANDIDATE TREE SET                      |
--------------------------------------------------------------------
Generating 98 parsimony trees... 0.075 second
Computing log-likelihood of 97 initial trees ... 0.415 seconds
Current best score: -6935.710

Do NNI search on 20 best initial trees
Estimate model parameters (epsilon = 0.100)
BETTER TREE FOUND at iteration 1: -6934.950
Iteration 10 / LogL: -6934.955 / Time: 0h:0m:0s
Iteration 20 / LogL: -6934.956 / Time: 0h:0m:1s
Finish initializing candidate tree set (1)
Current best tree score: -6934.950 / CPU time: 1.195
Number of iterations: 20
--------------------------------------------------------------------
|               OPTIMIZING CANDIDATE TREE SET                      |
--------------------------------------------------------------------
Iteration 30 / LogL: -6934.957 / Time: 0h:0m:1s (0h:0m:3s left)
UPDATE BEST LOG-LIKELIHOOD: -6934.950
Iteration 40 / LogL: -6934.950 / Time: 0h:0m:1s (0h:0m:3s left)
Iteration 50 / LogL: -6934.994 / Time: 0h:0m:2s (0h:0m:2s left)
Iteration 60 / LogL: -6934.965 / Time: 0h:0m:2s (0h:0m:1s left)
Iteration 70 / LogL: -6934.954 / Time: 0h:0m:3s (0h:0m:1s left)
Iteration 80 / LogL: -6935.202 / Time: 0h:0m:3s (0h:0m:0s left)
Iteration 90 / LogL: -6935.055 / Time: 0h:0m:4s (0h:0m:0s left)
Iteration 100 / LogL: -6934.954 / Time: 0h:0m:4s (0h:0m:0s left)
TREE SEARCH COMPLETED AFTER 102 ITERATIONS / Time: 0h:0m:4s

--------------------------------------------------------------------
|                    FINALIZING TREE SEARCH                        |
--------------------------------------------------------------------
Performs final model parameters optimization
Estimate model parameters (epsilon = 0.010)
1. Initial log-likelihood: -6934.950
Optimal log-likelihood: -6934.949
Rate parameters:  A-C: 1.43850  A-G: 4.13991  A-T: 1.91994  C-G: 1.26616  C-T: 6.53928  G-T: 1.00000
Base frequencies:  A: 0.267  C: 0.221  G: 0.269  T: 0.243
Gamma shape alpha: 0.374
Parameters optimization took 1 rounds (0.004 sec)
BEST SCORE FOUND : -6934.949

Testing tree branches by SH-like aLRT with 1000 replicates...
0.067 sec.
Total tree length: 1.702

Total number of iterations: 102
CPU time used for tree search: 4.689 sec (0h:0m:4s)
Wall-clock time used for tree search: 4.428 sec (0h:0m:4s)
Total CPU time used: 4.992 sec (0h:0m:4s)
Total wall-clock time used: 4.551 sec (0h:0m:4s)

Analysis results written to: 
  IQ-TREE report:                cluster5015rr.1to1ortho.fa.aln-cln_gene640.fa.iqtree
  Maximum-likelihood tree:       cluster5015rr.1to1ortho.fa.aln-cln_gene640.fa.treefile
  Likelihood distances:          cluster5015rr.1to1ortho.fa.aln-cln_gene640.fa.mldist
  Screen log file:               cluster5015rr.1to1ortho.fa.aln-cln_gene640.fa.log

Date and Time: Mon Nov 25 11:03:41 2019
