IQ-TREE multicore version 1.6.11 for Mac OS X 64-bit built Jul 12 2019
Developed by Bui Quang Minh, Nguyen Lam Tung, Olga Chernomor,
Heiko Schmidt, Dominik Schrempf, Michael Woodhams.

Host:    slpc437 (AVX2, FMA3, 16 GB RAM)
Command: iqtree -s cluster1673rr.1to1ortho.fa.aln-cln_gene780.fa -nt 4 -m GTR+G -alrt 1000
Seed:    330155 (Using SPRNG - Scalable Parallel Random Number Generator)
Time:    Mon Nov 25 09:47:39 2019
Kernel:  AVX+FMA - 4 threads (6 CPU cores detected)

Reading alignment file cluster1673rr.1to1ortho.fa.aln-cln_gene780.fa ... Fasta format detected
Alignment most likely contains DNA/RNA sequences
Alignment has 13 sequences with 2739 columns, 852 distinct patterns
794 parsimony-informative, 317 singleton sites, 1627 constant sites
           Gap/Ambiguity  Composition  p-value
   1  DrolusSFB    0.33%    passed     86.19%
   2  Dino         0.11%    passed     94.47%
   3  MJM3360      0.00%    passed     97.68%
   4  DrobinSFB    0.11%    passed     92.46%
   5  Neam         0.00%    passed     70.18%
   6  RuprSFB      0.00%    passed     99.54%
   7  Retr         0.00%    passed     96.80%
   8  Beta         0.11%    passed     95.55%
   9  Spol         2.85%    passed     88.10%
  10  MJM1652      0.11%    passed     84.91%
  11  NepSFB       0.00%    passed     81.62%
  12  WPYJ         0.11%    passed     38.67%
  13  MJM2940      0.00%    passed     92.53%
****  TOTAL        0.29%  0 sequences failed composition chi2 test (p-value<5%; df=3)

Create initial parsimony tree by phylogenetic likelihood library (PLL)... 0.001 seconds

NOTE: 1 MB RAM (0 GB) is required!
Estimate model parameters (epsilon = 0.100)
1. Initial log-likelihood: -15912.091
2. Current log-likelihood: -15127.776
3. Current log-likelihood: -15122.545
Optimal log-likelihood: -15122.440
Rate parameters:  A-C: 1.71116  A-G: 4.21719  A-T: 1.75016  C-G: 1.01665  C-T: 7.65310  G-T: 1.00000
Base frequencies:  A: 0.288  C: 0.173  G: 0.254  T: 0.285
Gamma shape alpha: 0.315
Parameters optimization took 3 rounds (0.041 sec)
Computing ML distances based on estimated model parameters... 0.002 sec
Computing BIONJ tree...
0.002 seconds
Log-likelihood of BIONJ tree: -15122.329
--------------------------------------------------------------------
|             INITIALIZING CANDIDATE TREE SET                      |
--------------------------------------------------------------------
Generating 98 parsimony trees... 0.107 second
Computing log-likelihood of 97 initial trees ... 0.445 seconds
Current best score: -15122.329

Do NNI search on 20 best initial trees
Estimate model parameters (epsilon = 0.100)
BETTER TREE FOUND at iteration 1: -15122.323
Estimate model parameters (epsilon = 0.100)
BETTER TREE FOUND at iteration 2: -15122.126
Iteration 10 / LogL: -15146.824 / Time: 0h:0m:0s
Iteration 20 / LogL: -15122.412 / Time: 0h:0m:1s
Finish initializing candidate tree set (3)
Current best tree score: -15122.126 / CPU time: 1.236
Number of iterations: 20
--------------------------------------------------------------------
|               OPTIMIZING CANDIDATE TREE SET                      |
--------------------------------------------------------------------
Iteration 30 / LogL: -15146.781 / Time: 0h:0m:1s (0h:0m:4s left)
Iteration 40 / LogL: -15122.284 / Time: 0h:0m:2s (0h:0m:3s left)
Iteration 50 / LogL: -15122.144 / Time: 0h:0m:2s (0h:0m:2s left)
Iteration 60 / LogL: -15122.127 / Time: 0h:0m:3s (0h:0m:2s left)
UPDATE BEST LOG-LIKELIHOOD: -15122.126
Iteration 70 / LogL: -15122.226 / Time: 0h:0m:3s (0h:0m:1s left)
UPDATE BEST LOG-LIKELIHOOD: -15122.126
Iteration 80 / LogL: -15122.127 / Time: 0h:0m:3s (0h:0m:1s left)
Iteration 90 / LogL: -15146.908 / Time: 0h:0m:4s (0h:0m:0s left)
Iteration 100 / LogL: -15122.144 / Time: 0h:0m:4s (0h:0m:0s left)
TREE SEARCH COMPLETED AFTER 103 ITERATIONS / Time: 0h:0m:4s

--------------------------------------------------------------------
|                    FINALIZING TREE SEARCH                        |
--------------------------------------------------------------------
Performs final model parameters optimization
Estimate model parameters (epsilon = 0.010)
1. Initial log-likelihood: -15122.126
Optimal log-likelihood: -15122.126
Rate parameters:  A-C: 1.70519  A-G: 4.21662  A-T: 1.75566  C-G: 1.01497  C-T: 7.64893  G-T: 1.00000
Base frequencies:  A: 0.288  C: 0.173  G: 0.254  T: 0.285
Gamma shape alpha: 0.316
Parameters optimization took 1 rounds (0.006 sec)
BEST SCORE FOUND : -15122.126

Testing tree branches by SH-like aLRT with 1000 replicates...
0.141 sec.
Total tree length: 1.191

Total number of iterations: 103
CPU time used for tree search: 6.172 sec (0h:0m:6s)
Wall-clock time used for tree search: 4.805 sec (0h:0m:4s)
Total CPU time used: 6.811 sec (0h:0m:6s)
Total wall-clock time used: 5.013 sec (0h:0m:5s)

Analysis results written to: 
  IQ-TREE report:                cluster1673rr.1to1ortho.fa.aln-cln_gene780.fa.iqtree
  Maximum-likelihood tree:       cluster1673rr.1to1ortho.fa.aln-cln_gene780.fa.treefile
  Likelihood distances:          cluster1673rr.1to1ortho.fa.aln-cln_gene780.fa.mldist
  Screen log file:               cluster1673rr.1to1ortho.fa.aln-cln_gene780.fa.log

Date and Time: Mon Nov 25 09:47:44 2019
