IQ-TREE multicore version 1.6.11 for Mac OS X 64-bit built Jul 12 2019
Developed by Bui Quang Minh, Nguyen Lam Tung, Olga Chernomor,
Heiko Schmidt, Dominik Schrempf, Michael Woodhams.

Host:    slpc437 (AVX2, FMA3, 16 GB RAM)
Command: iqtree -s cluster1552rr.1to1ortho.fa.aln-cln_gene171.fa -nt 4 -m GTR+G -alrt 1000
Seed:    448636 (Using SPRNG - Scalable Parallel Random Number Generator)
Time:    Mon Nov 25 09:45:05 2019
Kernel:  AVX+FMA - 4 threads (6 CPU cores detected)

Reading alignment file cluster1552rr.1to1ortho.fa.aln-cln_gene171.fa ... Fasta format detected
Alignment most likely contains DNA/RNA sequences
Alignment has 13 sequences with 1131 columns, 472 distinct patterns
338 parsimony-informative, 155 singleton sites, 638 constant sites
           Gap/Ambiguity  Composition  p-value
   1  DrolusSFB    0.00%    passed     61.73%
   2  Dino         2.92%    passed     76.17%
   3  MJM3360      3.01%    passed     58.49%
   4  DrobinSFB    1.06%    passed     60.74%
   5  Neam         0.00%    passed     85.95%
   6  RuprSFB      3.01%    passed     97.50%
   7  Retr        44.39%    passed     78.12%
   8  Beta         1.59%    passed     62.46%
   9  Spol         1.59%    passed     39.89%
  10  MJM1652      0.53%    passed     49.96%
  11  NepSFB       0.00%    passed     87.17%
  12  WPYJ        38.99%    passed     85.93%
  13  MJM2940      0.00%    passed     86.96%
****  TOTAL        7.47%  0 sequences failed composition chi2 test (p-value<5%; df=3)

Create initial parsimony tree by phylogenetic likelihood library (PLL)... 0.001 seconds

NOTE: 0 MB RAM (0 GB) is required!
Estimate model parameters (epsilon = 0.100)
1. Initial log-likelihood: -6759.874
2. Current log-likelihood: -6462.927
3. Current log-likelihood: -6459.641
Optimal log-likelihood: -6459.599
Rate parameters:  A-C: 2.23616  A-G: 5.45452  A-T: 2.29214  C-G: 1.30186  C-T: 6.94728  G-T: 1.00000
Base frequencies:  A: 0.260  C: 0.204  G: 0.248  T: 0.288
Gamma shape alpha: 0.348
Parameters optimization took 3 rounds (0.031 sec)
Computing ML distances based on estimated model parameters... 0.001 sec
Computing BIONJ tree...
0.002 seconds
Log-likelihood of BIONJ tree: -6460.235
--------------------------------------------------------------------
|             INITIALIZING CANDIDATE TREE SET                      |
--------------------------------------------------------------------
Generating 98 parsimony trees... 0.070 second
Computing log-likelihood of 98 initial trees ... 0.411 seconds
Current best score: -6459.599

Do NNI search on 20 best initial trees
Estimate model parameters (epsilon = 0.100)
BETTER TREE FOUND at iteration 1: -6459.598
Iteration 10 / LogL: -6459.621 / Time: 0h:0m:0s
Iteration 20 / LogL: -6460.703 / Time: 0h:0m:1s
Finish initializing candidate tree set (1)
Current best tree score: -6459.598 / CPU time: 0.989
Number of iterations: 20
--------------------------------------------------------------------
|               OPTIMIZING CANDIDATE TREE SET                      |
--------------------------------------------------------------------
Iteration 30 / LogL: -6459.747 / Time: 0h:0m:1s (0h:0m:3s left)
Iteration 40 / LogL: -6459.624 / Time: 0h:0m:1s (0h:0m:2s left)
Iteration 50 / LogL: -6459.614 / Time: 0h:0m:2s (0h:0m:2s left)
Iteration 60 / LogL: -6459.604 / Time: 0h:0m:2s (0h:0m:1s left)
Iteration 70 / LogL: -6459.635 / Time: 0h:0m:3s (0h:0m:1s left)
Iteration 80 / LogL: -6459.629 / Time: 0h:0m:3s (0h:0m:0s left)
Iteration 90 / LogL: -6459.614 / Time: 0h:0m:3s (0h:0m:0s left)
Iteration 100 / LogL: -6465.604 / Time: 0h:0m:4s (0h:0m:0s left)
TREE SEARCH COMPLETED AFTER 102 ITERATIONS / Time: 0h:0m:4s

--------------------------------------------------------------------
|                    FINALIZING TREE SEARCH                        |
--------------------------------------------------------------------
Performs final model parameters optimization
Estimate model parameters (epsilon = 0.010)
1. Initial log-likelihood: -6459.598
Optimal log-likelihood: -6459.596
Rate parameters:  A-C: 2.24114  A-G: 5.45834  A-T: 2.29994  C-G: 1.31020  C-T: 6.94547  G-T: 1.00000
Base frequencies:  A: 0.260  C: 0.204  G: 0.248  T: 0.288
Gamma shape alpha: 0.348
Parameters optimization took 1 rounds (0.004 sec)
BEST SCORE FOUND : -6459.596

Testing tree branches by SH-like aLRT with 1000 replicates...
0.068 sec.
Total tree length: 1.457

Total number of iterations: 102
CPU time used for tree search: 4.397 sec (0h:0m:4s)
Wall-clock time used for tree search: 4.308 sec (0h:0m:4s)
Total CPU time used: 4.706 sec (0h:0m:4s)
Total wall-clock time used: 4.433 sec (0h:0m:4s)

Analysis results written to: 
  IQ-TREE report:                cluster1552rr.1to1ortho.fa.aln-cln_gene171.fa.iqtree
  Maximum-likelihood tree:       cluster1552rr.1to1ortho.fa.aln-cln_gene171.fa.treefile
  Likelihood distances:          cluster1552rr.1to1ortho.fa.aln-cln_gene171.fa.mldist
  Screen log file:               cluster1552rr.1to1ortho.fa.aln-cln_gene171.fa.log

Date and Time: Mon Nov 25 09:45:09 2019
