IQ-TREE multicore version 1.6.11 for Mac OS X 64-bit built Jul 12 2019
Developed by Bui Quang Minh, Nguyen Lam Tung, Olga Chernomor,
Heiko Schmidt, Dominik Schrempf, Michael Woodhams.

Host:    slpc437 (AVX2, FMA3, 16 GB RAM)
Command: iqtree -s cluster410rr.1to1ortho.fa.aln-cln_gene329.fa -nt 4 -m GTR+G -alrt 1000
Seed:    416039 (Using SPRNG - Scalable Parallel Random Number Generator)
Time:    Mon Nov 25 10:44:17 2019
Kernel:  AVX+FMA - 4 threads (6 CPU cores detected)

Reading alignment file cluster410rr.1to1ortho.fa.aln-cln_gene329.fa ... Fasta format detected
Alignment most likely contains DNA/RNA sequences
Alignment has 13 sequences with 1028 columns, 528 distinct patterns
393 parsimony-informative, 174 singleton sites, 461 constant sites
           Gap/Ambiguity  Composition  p-value
   1  DrolusSFB    7.20%    passed     96.65%
   2  Dino         1.75%    passed     97.20%
   3  MJM3360     10.12%    passed     98.42%
   4  DrobinSFB    0.29%    passed     90.80%
   5  Neam         6.61%    passed     85.89%
   6  RuprSFB      9.92%    passed     62.64%
   7  Retr         5.84%    passed     56.90%
   8  Beta         0.58%    passed     94.55%
   9  Spol         0.88%    passed     97.46%
  10  MJM1652      0.88%    passed     69.39%
  11  NepSFB       6.61%    passed     84.02%
  12  WPYJ        11.38%    passed     81.72%
  13  MJM2940     14.59%    passed     97.13%
****  TOTAL        5.90%  0 sequences failed composition chi2 test (p-value<5%; df=3)

Create initial parsimony tree by phylogenetic likelihood library (PLL)... 0.001 seconds

NOTE: 0 MB RAM (0 GB) is required!
Estimate model parameters (epsilon = 0.100)
1. Initial log-likelihood: -6913.686
2. Current log-likelihood: -6635.643
3. Current log-likelihood: -6633.918
Optimal log-likelihood: -6633.894
Rate parameters:  A-C: 1.92350  A-G: 4.71974  A-T: 1.40362  C-G: 1.40373  C-T: 7.08418  G-T: 1.00000
Base frequencies:  A: 0.325  C: 0.175  G: 0.245  T: 0.254
Gamma shape alpha: 0.689
Parameters optimization took 3 rounds (0.034 sec)
Computing ML distances based on estimated model parameters... 0.001 sec
Computing BIONJ tree...
0.002 seconds
Log-likelihood of BIONJ tree: -6632.339
--------------------------------------------------------------------
|             INITIALIZING CANDIDATE TREE SET                      |
--------------------------------------------------------------------
Generating 98 parsimony trees... 0.076 second
Computing log-likelihood of 98 initial trees ... 0.416 seconds
Current best score: -6632.339

Do NNI search on 20 best initial trees
Estimate model parameters (epsilon = 0.100)
BETTER TREE FOUND at iteration 1: -6632.333
Iteration 10 / LogL: -6632.347 / Time: 0h:0m:0s
Iteration 20 / LogL: -6632.335 / Time: 0h:0m:1s
Finish initializing candidate tree set (1)
Current best tree score: -6632.333 / CPU time: 1.121
Number of iterations: 20
--------------------------------------------------------------------
|               OPTIMIZING CANDIDATE TREE SET                      |
--------------------------------------------------------------------
Iteration 30 / LogL: -6632.338 / Time: 0h:0m:1s (0h:0m:3s left)
Iteration 40 / LogL: -6632.375 / Time: 0h:0m:1s (0h:0m:3s left)
Iteration 50 / LogL: -6632.637 / Time: 0h:0m:2s (0h:0m:2s left)
Iteration 60 / LogL: -6632.351 / Time: 0h:0m:2s (0h:0m:1s left)
Iteration 70 / LogL: -6632.343 / Time: 0h:0m:3s (0h:0m:1s left)
Iteration 80 / LogL: -6632.338 / Time: 0h:0m:3s (0h:0m:0s left)
Iteration 90 / LogL: -6632.419 / Time: 0h:0m:3s (0h:0m:0s left)
Iteration 100 / LogL: -6632.342 / Time: 0h:0m:4s (0h:0m:0s left)
TREE SEARCH COMPLETED AFTER 102 ITERATIONS / Time: 0h:0m:4s

--------------------------------------------------------------------
|                    FINALIZING TREE SEARCH                        |
--------------------------------------------------------------------
Performs final model parameters optimization
Estimate model parameters (epsilon = 0.010)
1. Initial log-likelihood: -6632.333
Optimal log-likelihood: -6632.333
Rate parameters:  A-C: 1.94262  A-G: 4.72130  A-T: 1.39998  C-G: 1.41187  C-T: 7.07683  G-T: 1.00000
Base frequencies:  A: 0.325  C: 0.175  G: 0.245  T: 0.254
Gamma shape alpha: 0.688
Parameters optimization took 1 rounds (0.005 sec)
BEST SCORE FOUND : -6632.333

Testing tree branches by SH-like aLRT with 1000 replicates...
0.066 sec.
Total tree length: 1.618

Total number of iterations: 102
CPU time used for tree search: 4.561 sec (0h:0m:4s)
Wall-clock time used for tree search: 4.250 sec (0h:0m:4s)
Total CPU time used: 4.864 sec (0h:0m:4s)
Total wall-clock time used: 4.373 sec (0h:0m:4s)

Analysis results written to: 
  IQ-TREE report:                cluster410rr.1to1ortho.fa.aln-cln_gene329.fa.iqtree
  Maximum-likelihood tree:       cluster410rr.1to1ortho.fa.aln-cln_gene329.fa.treefile
  Likelihood distances:          cluster410rr.1to1ortho.fa.aln-cln_gene329.fa.mldist
  Screen log file:               cluster410rr.1to1ortho.fa.aln-cln_gene329.fa.log

Date and Time: Mon Nov 25 10:44:21 2019
