IQ-TREE multicore version 1.6.11 for Mac OS X 64-bit built Jul 12 2019
Developed by Bui Quang Minh, Nguyen Lam Tung, Olga Chernomor,
Heiko Schmidt, Dominik Schrempf, Michael Woodhams.

Host:    slpc437 (AVX2, FMA3, 16 GB RAM)
Command: iqtree -s cluster3054rr.1to1ortho.fa.aln-cln_gene231.fa -nt 4 -m GTR+G -alrt 1000
Seed:    600999 (Using SPRNG - Scalable Parallel Random Number Generator)
Time:    Mon Nov 25 10:21:26 2019
Kernel:  AVX+FMA - 4 threads (6 CPU cores detected)

Reading alignment file cluster3054rr.1to1ortho.fa.aln-cln_gene231.fa ... Fasta format detected
Alignment most likely contains DNA/RNA sequences
Alignment has 13 sequences with 2341 columns, 1094 distinct patterns
783 parsimony-informative, 380 singleton sites, 1178 constant sites
           Gap/Ambiguity  Composition  p-value
   1  DrolusSFB    3.12%    passed     77.67%
   2  Dino         1.32%    passed     69.34%
   3  MJM3360     22.13%    passed     70.13%
   4  DrobinSFB   11.66%    passed     82.30%
   5  Neam         0.81%    passed     84.92%
   6  RuprSFB     47.33%    passed     82.83%
   7  Retr        68.18%    passed     54.70%
   8  Beta        11.53%    passed     60.26%
   9  Spol        11.53%    passed     62.13%
  10  MJM1652      1.45%    passed     82.21%
  11  NepSFB       0.81%    passed     82.36%
  12  WPYJ        20.16%    passed     91.27%
  13  MJM2940      2.99%    passed     99.85%
WARNING: 1 sequences contain more than 50% gaps/ambiguity
****  TOTAL       15.62%  0 sequences failed composition chi2 test (p-value<5%; df=3)

Create initial parsimony tree by phylogenetic likelihood library (PLL)... 0.001 seconds

NOTE: 1 MB RAM (0 GB) is required!
Estimate model parameters (epsilon = 0.100)
1. Initial log-likelihood: -14254.937
2. Current log-likelihood: -13741.575
3. Current log-likelihood: -13736.968
Optimal log-likelihood: -13736.922
Rate parameters:  A-C: 1.59413  A-G: 4.31614  A-T: 1.58808  C-G: 1.31545  C-T: 4.81976  G-T: 1.00000
Base frequencies:  A: 0.248  C: 0.200  G: 0.241  T: 0.311
Gamma shape alpha: 0.487
Parameters optimization took 3 rounds (0.048 sec)
Computing ML distances based on estimated model parameters... 0.002 sec
Computing BIONJ tree...
0.002 seconds
Log-likelihood of BIONJ tree: -13736.170
--------------------------------------------------------------------
|             INITIALIZING CANDIDATE TREE SET                      |
--------------------------------------------------------------------
Generating 98 parsimony trees... 0.115 second
Computing log-likelihood of 98 initial trees ... 0.496 seconds
Current best score: -13736.170

Do NNI search on 20 best initial trees
Estimate model parameters (epsilon = 0.100)
BETTER TREE FOUND at iteration 1: -13736.169
Iteration 10 / LogL: -13736.352 / Time: 0h:0m:0s
Iteration 20 / LogL: -13736.582 / Time: 0h:0m:1s
Finish initializing candidate tree set (2)
Current best tree score: -13736.169 / CPU time: 1.256
Number of iterations: 20
--------------------------------------------------------------------
|               OPTIMIZING CANDIDATE TREE SET                      |
--------------------------------------------------------------------
Iteration 30 / LogL: -13736.266 / Time: 0h:0m:1s (0h:0m:4s left)
Iteration 40 / LogL: -13736.319 / Time: 0h:0m:2s (0h:0m:3s left)
Iteration 50 / LogL: -13743.827 / Time: 0h:0m:2s (0h:0m:2s left)
Iteration 60 / LogL: -13743.829 / Time: 0h:0m:3s (0h:0m:2s left)
Iteration 70 / LogL: -13736.224 / Time: 0h:0m:3s (0h:0m:1s left)
Iteration 80 / LogL: -13736.880 / Time: 0h:0m:4s (0h:0m:1s left)
UPDATE BEST LOG-LIKELIHOOD: -13736.169
Iteration 90 / LogL: -13736.177 / Time: 0h:0m:4s (0h:0m:0s left)
Iteration 100 / LogL: -13736.180 / Time: 0h:0m:4s (0h:0m:0s left)
TREE SEARCH COMPLETED AFTER 102 ITERATIONS / Time: 0h:0m:5s

--------------------------------------------------------------------
|                    FINALIZING TREE SEARCH                        |
--------------------------------------------------------------------
Performs final model parameters optimization
Estimate model parameters (epsilon = 0.010)
1. Initial log-likelihood: -13736.169
Optimal log-likelihood: -13736.169
Rate parameters:  A-C: 1.59394  A-G: 4.31927  A-T: 1.58689  C-G: 1.31079  C-T: 4.82259  G-T: 1.00000
Base frequencies:  A: 0.248  C: 0.200  G: 0.241  T: 0.311
Gamma shape alpha: 0.487
Parameters optimization took 1 rounds (0.006 sec)
BEST SCORE FOUND : -13736.169

Testing tree branches by SH-like aLRT with 1000 replicates...
0.129 sec.
Total tree length: 1.697

Total number of iterations: 102
CPU time used for tree search: 7.124 sec (0h:0m:7s)
Wall-clock time used for tree search: 5.022 sec (0h:0m:5s)
Total CPU time used: 7.738 sec (0h:0m:7s)
Total wall-clock time used: 5.228 sec (0h:0m:5s)

Analysis results written to: 
  IQ-TREE report:                cluster3054rr.1to1ortho.fa.aln-cln_gene231.fa.iqtree
  Maximum-likelihood tree:       cluster3054rr.1to1ortho.fa.aln-cln_gene231.fa.treefile
  Likelihood distances:          cluster3054rr.1to1ortho.fa.aln-cln_gene231.fa.mldist
  Screen log file:               cluster3054rr.1to1ortho.fa.aln-cln_gene231.fa.log

Date and Time: Mon Nov 25 10:21:31 2019
