IQ-TREE multicore version 1.6.11 for Mac OS X 64-bit built Jul 12 2019
Developed by Bui Quang Minh, Nguyen Lam Tung, Olga Chernomor,
Heiko Schmidt, Dominik Schrempf, Michael Woodhams.

Host:    slpc437 (AVX2, FMA3, 16 GB RAM)
Command: iqtree -s cluster599rr.1to1ortho.fa.aln-cln_gene814.fa -nt 4 -m GTR+G -alrt 1000
Seed:    802208 (Using SPRNG - Scalable Parallel Random Number Generator)
Time:    Mon Nov 25 11:11:10 2019
Kernel:  AVX+FMA - 4 threads (6 CPU cores detected)

Reading alignment file cluster599rr.1to1ortho.fa.aln-cln_gene814.fa ... Fasta format detected
Alignment most likely contains DNA/RNA sequences
Alignment has 13 sequences with 2664 columns, 1019 distinct patterns
814 parsimony-informative, 371 singleton sites, 1479 constant sites
           Gap/Ambiguity  Composition  p-value
   1  DrolusSFB    0.00%    passed     71.46%
   2  Dino         1.73%    passed     98.65%
   3  MJM3360      0.00%    passed     93.76%
   4  DrobinSFB    1.35%    passed     91.33%
   5  Neam         0.00%    passed     92.23%
   6  RuprSFB      0.15%    passed     99.86%
   7  Retr        38.06%    passed     58.80%
   8  Beta         0.11%    passed     72.45%
   9  Spol         0.11%    passed     61.45%
  10  MJM1652      1.35%    passed     98.73%
  11  NepSFB       0.00%    passed     90.93%
  12  WPYJ         0.45%    passed     64.73%
  13  MJM2940      0.00%    passed     79.68%
****  TOTAL        3.33%  0 sequences failed composition chi2 test (p-value<5%; df=3)

Create initial parsimony tree by phylogenetic likelihood library (PLL)... 0.001 seconds

NOTE: 1 MB RAM (0 GB) is required!
Estimate model parameters (epsilon = 0.100)
1. Initial log-likelihood: -16352.386
2. Current log-likelihood: -15583.341
3. Current log-likelihood: -15577.674
Optimal log-likelihood: -15577.582
Rate parameters:  A-C: 1.65338  A-G: 4.57426  A-T: 1.78206  C-G: 1.12270  C-T: 7.17859  G-T: 1.00000
Base frequencies:  A: 0.280  C: 0.199  G: 0.240  T: 0.281
Gamma shape alpha: 0.372
Parameters optimization took 3 rounds (0.047 sec)
Computing ML distances based on estimated model parameters... 0.002 sec
Computing BIONJ tree...
0.002 seconds
Log-likelihood of BIONJ tree: -15577.736
--------------------------------------------------------------------
|             INITIALIZING CANDIDATE TREE SET                      |
--------------------------------------------------------------------
Generating 98 parsimony trees... 0.112 second
Computing log-likelihood of 97 initial trees ... 0.465 seconds
Current best score: -15577.582

Do NNI search on 20 best initial trees
Estimate model parameters (epsilon = 0.100)
BETTER TREE FOUND at iteration 1: -15577.008
Iteration 10 / LogL: -15577.476 / Time: 0h:0m:0s
Iteration 20 / LogL: -15577.097 / Time: 0h:0m:1s
Finish initializing candidate tree set (1)
Current best tree score: -15577.008 / CPU time: 1.283
Number of iterations: 20
--------------------------------------------------------------------
|               OPTIMIZING CANDIDATE TREE SET                      |
--------------------------------------------------------------------
Iteration 30 / LogL: -15577.116 / Time: 0h:0m:1s (0h:0m:4s left)
Iteration 40 / LogL: -15577.039 / Time: 0h:0m:2s (0h:0m:3s left)
Iteration 50 / LogL: -15577.873 / Time: 0h:0m:2s (0h:0m:2s left)
Iteration 60 / LogL: -15577.009 / Time: 0h:0m:3s (0h:0m:2s left)
Iteration 70 / LogL: -15578.228 / Time: 0h:0m:3s (0h:0m:1s left)
UPDATE BEST LOG-LIKELIHOOD: -15577.008
Iteration 80 / LogL: -15577.014 / Time: 0h:0m:4s (0h:0m:1s left)
Iteration 90 / LogL: -15577.012 / Time: 0h:0m:4s (0h:0m:0s left)
Iteration 100 / LogL: -15596.066 / Time: 0h:0m:5s (0h:0m:0s left)
TREE SEARCH COMPLETED AFTER 102 ITERATIONS / Time: 0h:0m:5s

--------------------------------------------------------------------
|                    FINALIZING TREE SEARCH                        |
--------------------------------------------------------------------
Performs final model parameters optimization
Estimate model parameters (epsilon = 0.010)
1. Initial log-likelihood: -15577.008
Optimal log-likelihood: -15577.006
Rate parameters:  A-C: 1.64679  A-G: 4.56420  A-T: 1.77753  C-G: 1.12053  C-T: 7.18828  G-T: 1.00000
Base frequencies:  A: 0.280  C: 0.199  G: 0.240  T: 0.281
Gamma shape alpha: 0.372
Parameters optimization took 1 rounds (0.006 sec)
BEST SCORE FOUND : -15577.006

Testing tree branches by SH-like aLRT with 1000 replicates...
0.141 sec.
Total tree length: 1.359

Total number of iterations: 102
CPU time used for tree search: 7.382 sec (0h:0m:7s)
Wall-clock time used for tree search: 5.332 sec (0h:0m:5s)
Total CPU time used: 8.037 sec (0h:0m:8s)
Total wall-clock time used: 5.547 sec (0h:0m:5s)

Analysis results written to: 
  IQ-TREE report:                cluster599rr.1to1ortho.fa.aln-cln_gene814.fa.iqtree
  Maximum-likelihood tree:       cluster599rr.1to1ortho.fa.aln-cln_gene814.fa.treefile
  Likelihood distances:          cluster599rr.1to1ortho.fa.aln-cln_gene814.fa.mldist
  Screen log file:               cluster599rr.1to1ortho.fa.aln-cln_gene814.fa.log

Date and Time: Mon Nov 25 11:11:16 2019
