IQ-TREE multicore version 1.6.11 for Mac OS X 64-bit built Jul 12 2019
Developed by Bui Quang Minh, Nguyen Lam Tung, Olga Chernomor,
Heiko Schmidt, Dominik Schrempf, Michael Woodhams.

Host:    slpc437 (AVX2, FMA3, 16 GB RAM)
Command: iqtree -s cluster4051rr.1to1ortho.fa.aln-cln_gene10.fa -nt 4 -m GTR+G -alrt 1000
Seed:    193143 (Using SPRNG - Scalable Parallel Random Number Generator)
Time:    Mon Nov 25 10:44:03 2019
Kernel:  AVX+FMA - 4 threads (6 CPU cores detected)

Reading alignment file cluster4051rr.1to1ortho.fa.aln-cln_gene10.fa ... Fasta format detected
Alignment most likely contains DNA/RNA sequences
Alignment has 13 sequences with 1431 columns, 731 distinct patterns
608 parsimony-informative, 195 singleton sites, 628 constant sites
           Gap/Ambiguity  Composition  p-value
   1  DrolusSFB    3.35%    passed     22.76%
   2  Dino         0.84%    passed     86.24%
   3  MJM3360      3.49%    passed     91.57%
   4  DrobinSFB    0.21%    passed     62.02%
   5  Neam         0.42%    passed     98.56%
   6  RuprSFB      1.40%    passed     86.35%
   7  Retr         3.28%    passed     99.88%
   8  Beta         2.31%    passed     37.82%
   9  Spol         2.10%    passed     37.57%
  10  MJM1652      1.68%    passed     78.18%
  11  NepSFB       0.63%    passed     99.13%
  12  WPYJ         5.17%    passed     83.87%
  13  MJM2940      0.63%    passed     90.27%
****  TOTAL        1.96%  0 sequences failed composition chi2 test (p-value<5%; df=3)

Create initial parsimony tree by phylogenetic likelihood library (PLL)... 0.001 seconds

NOTE: 1 MB RAM (0 GB) is required!
Estimate model parameters (epsilon = 0.100)
1. Initial log-likelihood: -10677.800
2. Current log-likelihood: -10364.120
3. Current log-likelihood: -10361.743
Optimal log-likelihood: -10361.696
Rate parameters:  A-C: 1.52455  A-G: 3.60960  A-T: 1.56362  C-G: 1.30404  C-T: 4.70032  G-T: 1.00000
Base frequencies:  A: 0.271  C: 0.209  G: 0.251  T: 0.270
Gamma shape alpha: 0.563
Parameters optimization took 3 rounds (0.035 sec)
Computing ML distances based on estimated model parameters... 0.001 sec
Computing BIONJ tree...
0.002 seconds
Log-likelihood of BIONJ tree: -10357.746
--------------------------------------------------------------------
|             INITIALIZING CANDIDATE TREE SET                      |
--------------------------------------------------------------------
Generating 98 parsimony trees... 0.095 second
Computing log-likelihood of 98 initial trees ... 0.434 seconds
Current best score: -10357.746

Do NNI search on 20 best initial trees
Estimate model parameters (epsilon = 0.100)
BETTER TREE FOUND at iteration 1: -10357.737
Iteration 10 / LogL: -10357.771 / Time: 0h:0m:0s
Iteration 20 / LogL: -10357.801 / Time: 0h:0m:1s
Finish initializing candidate tree set (1)
Current best tree score: -10357.737 / CPU time: 1.144
Number of iterations: 20
--------------------------------------------------------------------
|               OPTIMIZING CANDIDATE TREE SET                      |
--------------------------------------------------------------------
Iteration 30 / LogL: -10357.803 / Time: 0h:0m:1s (0h:0m:3s left)
Iteration 40 / LogL: -10357.780 / Time: 0h:0m:2s (0h:0m:3s left)
Iteration 50 / LogL: -10357.811 / Time: 0h:0m:2s (0h:0m:2s left)
Iteration 60 / LogL: -10357.754 / Time: 0h:0m:2s (0h:0m:1s left)
Iteration 70 / LogL: -10357.743 / Time: 0h:0m:3s (0h:0m:1s left)
Iteration 80 / LogL: -10357.742 / Time: 0h:0m:3s (0h:0m:0s left)
Iteration 90 / LogL: -10357.769 / Time: 0h:0m:4s (0h:0m:0s left)
Iteration 100 / LogL: -10357.739 / Time: 0h:0m:4s (0h:0m:0s left)
TREE SEARCH COMPLETED AFTER 102 ITERATIONS / Time: 0h:0m:4s

--------------------------------------------------------------------
|                    FINALIZING TREE SEARCH                        |
--------------------------------------------------------------------
Performs final model parameters optimization
Estimate model parameters (epsilon = 0.010)
1. Initial log-likelihood: -10357.737
Optimal log-likelihood: -10357.736
Rate parameters:  A-C: 1.52556  A-G: 3.60333  A-T: 1.56061  C-G: 1.30887  C-T: 4.71101  G-T: 1.00000
Base frequencies:  A: 0.271  C: 0.209  G: 0.251  T: 0.270
Gamma shape alpha: 0.567
Parameters optimization took 1 rounds (0.005 sec)
BEST SCORE FOUND : -10357.736

Testing tree branches by SH-like aLRT with 1000 replicates...
0.088 sec.
Total tree length: 1.837

Total number of iterations: 102
CPU time used for tree search: 5.832 sec (0h:0m:5s)
Wall-clock time used for tree search: 4.818 sec (0h:0m:4s)
Total CPU time used: 6.229 sec (0h:0m:6s)
Total wall-clock time used: 4.965 sec (0h:0m:4s)

Analysis results written to: 
  IQ-TREE report:                cluster4051rr.1to1ortho.fa.aln-cln_gene10.fa.iqtree
  Maximum-likelihood tree:       cluster4051rr.1to1ortho.fa.aln-cln_gene10.fa.treefile
  Likelihood distances:          cluster4051rr.1to1ortho.fa.aln-cln_gene10.fa.mldist
  Screen log file:               cluster4051rr.1to1ortho.fa.aln-cln_gene10.fa.log

Date and Time: Mon Nov 25 10:44:08 2019
