IQ-TREE multicore version 1.6.11 for Mac OS X 64-bit built Jul 12 2019
Developed by Bui Quang Minh, Nguyen Lam Tung, Olga Chernomor,
Heiko Schmidt, Dominik Schrempf, Michael Woodhams.

Host:    slpc437 (AVX2, FMA3, 16 GB RAM)
Command: iqtree -s cluster2487rr.1to1ortho.fa.aln-cln_gene547.fa -nt 4 -m GTR+G -alrt 1000
Seed:    122203 (Using SPRNG - Scalable Parallel Random Number Generator)
Time:    Mon Nov 25 10:05:09 2019
Kernel:  AVX+FMA - 4 threads (6 CPU cores detected)

Reading alignment file cluster2487rr.1to1ortho.fa.aln-cln_gene547.fa ... Fasta format detected
Alignment most likely contains DNA/RNA sequences
Alignment has 13 sequences with 2151 columns, 904 distinct patterns
793 parsimony-informative, 269 singleton sites, 1089 constant sites
           Gap/Ambiguity  Composition  p-value
   1  DrolusSFB    0.84%    passed     72.38%
   2  Dino         1.95%    passed     91.18%
   3  MJM3360      1.39%    passed     59.63%
   4  DrobinSFB    1.95%    passed     57.35%
   5  Neam         0.42%    passed     83.64%
   6  RuprSFB      0.60%    passed     69.13%
   7  Retr         0.65%    passed     94.00%
   8  Beta         0.84%    passed     48.35%
   9  Spol         1.21%    passed     23.00%
  10  MJM1652      2.23%    passed     96.52%
  11  NepSFB       0.42%    passed     94.82%
  12  WPYJ         0.60%    passed     89.08%
  13  MJM2940      0.42%    passed     99.10%
****  TOTAL        1.04%  0 sequences failed composition chi2 test (p-value<5%; df=3)

Create initial parsimony tree by phylogenetic likelihood library (PLL)... 0.001 seconds

NOTE: 1 MB RAM (0 GB) is required!
Estimate model parameters (epsilon = 0.100)
1. Initial log-likelihood: -15068.311
2. Current log-likelihood: -14367.201
3. Current log-likelihood: -14359.775
4. Current log-likelihood: -14359.529
Optimal log-likelihood: -14359.517
Rate parameters:  A-C: 2.25138  A-G: 4.89845  A-T: 1.94917  C-G: 1.75922  C-T: 9.34867  G-T: 1.00000
Base frequencies:  A: 0.293  C: 0.182  G: 0.264  T: 0.260
Gamma shape alpha: 0.404
Parameters optimization took 4 rounds (0.051 sec)
Computing ML distances based on estimated model parameters... 0.002 sec
Computing BIONJ tree...
0.002 seconds
Log-likelihood of BIONJ tree: -14359.517
--------------------------------------------------------------------
|             INITIALIZING CANDIDATE TREE SET                      |
--------------------------------------------------------------------
Generating 99 parsimony trees... 0.101 second
Computing log-likelihood of 98 initial trees ... 0.464 seconds
Current best score: -14357.852

Do NNI search on 20 best initial trees
Estimate model parameters (epsilon = 0.100)
BETTER TREE FOUND at iteration 1: -14357.753
Iteration 10 / LogL: -14357.761 / Time: 0h:0m:0s
Iteration 20 / LogL: -14357.783 / Time: 0h:0m:1s
Finish initializing candidate tree set (1)
Current best tree score: -14357.753 / CPU time: 1.238
Number of iterations: 20
--------------------------------------------------------------------
|               OPTIMIZING CANDIDATE TREE SET                      |
--------------------------------------------------------------------
Iteration 30 / LogL: -14357.754 / Time: 0h:0m:1s (0h:0m:4s left)
Iteration 40 / LogL: -14357.829 / Time: 0h:0m:2s (0h:0m:3s left)
Iteration 50 / LogL: -14357.774 / Time: 0h:0m:2s (0h:0m:2s left)
UPDATE BEST LOG-LIKELIHOOD: -14357.753
Iteration 60 / LogL: -14357.755 / Time: 0h:0m:2s (0h:0m:2s left)
Iteration 70 / LogL: -14357.791 / Time: 0h:0m:3s (0h:0m:1s left)
Iteration 80 / LogL: -14357.765 / Time: 0h:0m:3s (0h:0m:0s left)
Iteration 90 / LogL: -14358.178 / Time: 0h:0m:4s (0h:0m:0s left)
Iteration 100 / LogL: -14361.262 / Time: 0h:0m:4s (0h:0m:0s left)
TREE SEARCH COMPLETED AFTER 102 ITERATIONS / Time: 0h:0m:4s

--------------------------------------------------------------------
|                    FINALIZING TREE SEARCH                        |
--------------------------------------------------------------------
Performs final model parameters optimization
Estimate model parameters (epsilon = 0.010)
1. Initial log-likelihood: -14357.753
Optimal log-likelihood: -14357.752
Rate parameters:  A-C: 2.25001  A-G: 4.87660  A-T: 1.93776  C-G: 1.76229  C-T: 9.38610  G-T: 1.00000
Base frequencies:  A: 0.293  C: 0.182  G: 0.264  T: 0.260
Gamma shape alpha: 0.404
Parameters optimization took 1 rounds (0.006 sec)
BEST SCORE FOUND : -14357.752

Testing tree branches by SH-like aLRT with 1000 replicates...
0.117 sec.
Total tree length: 1.793

Total number of iterations: 102
CPU time used for tree search: 6.112 sec (0h:0m:6s)
Wall-clock time used for tree search: 4.645 sec (0h:0m:4s)
Total CPU time used: 6.679 sec (0h:0m:6s)
Total wall-clock time used: 4.839 sec (0h:0m:4s)

Analysis results written to: 
  IQ-TREE report:                cluster2487rr.1to1ortho.fa.aln-cln_gene547.fa.iqtree
  Maximum-likelihood tree:       cluster2487rr.1to1ortho.fa.aln-cln_gene547.fa.treefile
  Likelihood distances:          cluster2487rr.1to1ortho.fa.aln-cln_gene547.fa.mldist
  Screen log file:               cluster2487rr.1to1ortho.fa.aln-cln_gene547.fa.log

Date and Time: Mon Nov 25 10:05:13 2019
