IQ-TREE multicore version 1.6.11 for Mac OS X 64-bit built Jul 12 2019
Developed by Bui Quang Minh, Nguyen Lam Tung, Olga Chernomor,
Heiko Schmidt, Dominik Schrempf, Michael Woodhams.

Host:    slpc437 (AVX2, FMA3, 16 GB RAM)
Command: iqtree -s cluster2538rr.1to1ortho.fa.aln-cln_gene1060.fa -nt 4 -m GTR+G -alrt 1000
Seed:    527860 (Using SPRNG - Scalable Parallel Random Number Generator)
Time:    Mon Nov 25 10:06:59 2019
Kernel:  AVX+FMA - 4 threads (6 CPU cores detected)

Reading alignment file cluster2538rr.1to1ortho.fa.aln-cln_gene1060.fa ... Fasta format detected
Alignment most likely contains DNA/RNA sequences
Alignment has 13 sequences with 1865 columns, 821 distinct patterns
687 parsimony-informative, 217 singleton sites, 961 constant sites
           Gap/Ambiguity  Composition  p-value
   1  DrolusSFB    0.16%    passed     12.10%
   2  Dino         5.90%    failed      0.10%
   3  MJM3360      6.60%    failed      4.00%
   4  DrobinSFB    6.81%    failed      0.92%
   5  Neam         0.16%    passed     17.73%
   6  RuprSFB     22.36%    passed     84.36%
   7  Retr         6.43%    failed      0.16%
   8  Beta         6.01%    failed      0.10%
   9  Spol         6.01%    failed      0.08%
  10  MJM1652     18.61%    passed     46.82%
  11  NepSFB       0.16%    passed     11.87%
  12  WPYJ         6.49%    passed     15.96%
  13  MJM2940      0.16%    passed     21.80%
****  TOTAL        6.60%  6 sequences failed composition chi2 test (p-value<5%; df=3)

Create initial parsimony tree by phylogenetic likelihood library (PLL)... 0.001 seconds

NOTE: 1 MB RAM (0 GB) is required!
Estimate model parameters (epsilon = 0.100)
1. Initial log-likelihood: -13036.969
2. Current log-likelihood: -12481.572
3. Current log-likelihood: -12472.421
4. Current log-likelihood: -12471.977
Optimal log-likelihood: -12471.945
Rate parameters:  A-C: 1.76256  A-G: 3.90942  A-T: 1.35645  C-G: 1.26534  C-T: 5.78622  G-T: 1.00000
Base frequencies:  A: 0.242  C: 0.219  G: 0.275  T: 0.265
Gamma shape alpha: 0.358
Parameters optimization took 4 rounds (0.048 sec)
Computing ML distances based on estimated model parameters... 0.002 sec
Computing BIONJ tree...
0.002 seconds
Log-likelihood of BIONJ tree: -12469.322
--------------------------------------------------------------------
|             INITIALIZING CANDIDATE TREE SET                      |
--------------------------------------------------------------------
Generating 98 parsimony trees... 0.103 second
Computing log-likelihood of 96 initial trees ... 0.445 seconds
Current best score: -12469.322

Do NNI search on 20 best initial trees
Estimate model parameters (epsilon = 0.100)
BETTER TREE FOUND at iteration 1: -12469.267
Estimate model parameters (epsilon = 0.100)
UPDATE BEST LOG-LIKELIHOOD: -12469.213
Iteration 10 / LogL: -12469.219 / Time: 0h:0m:0s
Iteration 20 / LogL: -12469.303 / Time: 0h:0m:1s
Finish initializing candidate tree set (2)
Current best tree score: -12469.213 / CPU time: 1.248
Number of iterations: 20
--------------------------------------------------------------------
|               OPTIMIZING CANDIDATE TREE SET                      |
--------------------------------------------------------------------
Iteration 30 / LogL: -12469.342 / Time: 0h:0m:1s (0h:0m:4s left)
Iteration 40 / LogL: -12469.301 / Time: 0h:0m:2s (0h:0m:3s left)
Iteration 50 / LogL: -12469.248 / Time: 0h:0m:2s (0h:0m:2s left)
UPDATE BEST LOG-LIKELIHOOD: -12469.213
Iteration 60 / LogL: -12469.238 / Time: 0h:0m:3s (0h:0m:2s left)
Iteration 70 / LogL: -12469.308 / Time: 0h:0m:3s (0h:0m:1s left)
Iteration 80 / LogL: -12469.396 / Time: 0h:0m:3s (0h:0m:1s left)
Iteration 90 / LogL: -12469.229 / Time: 0h:0m:4s (0h:0m:0s left)
Iteration 100 / LogL: -12469.233 / Time: 0h:0m:4s (0h:0m:0s left)
TREE SEARCH COMPLETED AFTER 102 ITERATIONS / Time: 0h:0m:4s

--------------------------------------------------------------------
|                    FINALIZING TREE SEARCH                        |
--------------------------------------------------------------------
Performs final model parameters optimization
Estimate model parameters (epsilon = 0.010)
1. Initial log-likelihood: -12469.213
Optimal log-likelihood: -12469.209
Rate parameters:  A-C: 1.77428  A-G: 4.00597  A-T: 1.39504  C-G: 1.28726  C-T: 6.01686  G-T: 1.00000
Base frequencies:  A: 0.242  C: 0.219  G: 0.275  T: 0.265
Gamma shape alpha: 0.357
Parameters optimization took 1 rounds (0.005 sec)
BEST SCORE FOUND : -12469.209

Testing tree branches by SH-like aLRT with 1000 replicates...
0.105 sec.
Total tree length: 2.047

Total number of iterations: 102
CPU time used for tree search: 6.284 sec (0h:0m:6s)
Wall-clock time used for tree search: 4.922 sec (0h:0m:4s)
Total CPU time used: 6.791 sec (0h:0m:6s)
Total wall-clock time used: 5.102 sec (0h:0m:5s)

Analysis results written to: 
  IQ-TREE report:                cluster2538rr.1to1ortho.fa.aln-cln_gene1060.fa.iqtree
  Maximum-likelihood tree:       cluster2538rr.1to1ortho.fa.aln-cln_gene1060.fa.treefile
  Likelihood distances:          cluster2538rr.1to1ortho.fa.aln-cln_gene1060.fa.mldist
  Screen log file:               cluster2538rr.1to1ortho.fa.aln-cln_gene1060.fa.log

Date and Time: Mon Nov 25 10:07:04 2019
