IQ-TREE multicore version 1.6.11 for Mac OS X 64-bit built Jul 12 2019
Developed by Bui Quang Minh, Nguyen Lam Tung, Olga Chernomor,
Heiko Schmidt, Dominik Schrempf, Michael Woodhams.

Host:    slpc437 (AVX2, FMA3, 16 GB RAM)
Command: iqtree -s cluster2002rr.1to1ortho.fa.aln-cln_gene738.fa -nt 4 -m GTR+G -alrt 1000
Seed:    452754 (Using SPRNG - Scalable Parallel Random Number Generator)
Time:    Mon Nov 25 09:53:31 2019
Kernel:  AVX+FMA - 4 threads (6 CPU cores detected)

Reading alignment file cluster2002rr.1to1ortho.fa.aln-cln_gene738.fa ... Fasta format detected
Alignment most likely contains DNA/RNA sequences
Alignment has 13 sequences with 2149 columns, 1204 distinct patterns
861 parsimony-informative, 415 singleton sites, 873 constant sites
           Gap/Ambiguity  Composition  p-value
   1  DrolusSFB    1.44%    passed     66.60%
   2  Dino         2.00%    passed     67.10%
   3  MJM3360     16.94%    passed     84.63%
   4  DrobinSFB    9.68%    passed     30.48%
   5  Neam         1.72%    passed     76.59%
   6  RuprSFB      9.73%    passed     15.42%
   7  Retr        30.76%    passed     93.07%
   8  Beta         6.38%    passed     97.95%
   9  Spol         7.07%    passed     94.19%
  10  MJM1652      7.86%    passed     99.53%
  11  NepSFB       1.72%    passed     84.43%
  12  WPYJ        29.69%    passed     91.47%
  13  MJM2940      1.44%    passed     95.48%
****  TOTAL        9.73%  0 sequences failed composition chi2 test (p-value<5%; df=3)

Create initial parsimony tree by phylogenetic likelihood library (PLL)... 0.002 seconds

NOTE: 2 MB RAM (0 GB) is required!
Estimate model parameters (epsilon = 0.100)
1. Initial log-likelihood: -15122.785
2. Current log-likelihood: -14555.303
3. Current log-likelihood: -14551.949
Optimal log-likelihood: -14551.928
Rate parameters:  A-C: 2.19851  A-G: 5.08457  A-T: 1.60394  C-G: 2.30601  C-T: 7.55903  G-T: 1.00000
Base frequencies:  A: 0.311  C: 0.182  G: 0.243  T: 0.264
Gamma shape alpha: 0.791
Parameters optimization took 3 rounds (0.054 sec)
Computing ML distances based on estimated model parameters... 0.002 sec
Computing BIONJ tree...
0.002 seconds
Log-likelihood of BIONJ tree: -14553.921
--------------------------------------------------------------------
|             INITIALIZING CANDIDATE TREE SET                      |
--------------------------------------------------------------------
Generating 98 parsimony trees... 0.126 second
Computing log-likelihood of 97 initial trees ... 0.496 seconds
Current best score: -14551.928

Do NNI search on 20 best initial trees
Estimate model parameters (epsilon = 0.100)
BETTER TREE FOUND at iteration 1: -14551.927
Iteration 10 / LogL: -14552.020 / Time: 0h:0m:0s
Iteration 20 / LogL: -14552.129 / Time: 0h:0m:1s
Finish initializing candidate tree set (1)
Current best tree score: -14551.927 / CPU time: 1.291
Number of iterations: 20
--------------------------------------------------------------------
|               OPTIMIZING CANDIDATE TREE SET                      |
--------------------------------------------------------------------
Iteration 30 / LogL: -14556.486 / Time: 0h:0m:1s (0h:0m:4s left)
Iteration 40 / LogL: -14552.866 / Time: 0h:0m:2s (0h:0m:3s left)
Iteration 50 / LogL: -14552.072 / Time: 0h:0m:2s (0h:0m:2s left)
Iteration 60 / LogL: -14551.965 / Time: 0h:0m:3s (0h:0m:2s left)
Iteration 70 / LogL: -14554.437 / Time: 0h:0m:3s (0h:0m:1s left)
Iteration 80 / LogL: -14551.941 / Time: 0h:0m:3s (0h:0m:1s left)
Iteration 90 / LogL: -14552.025 / Time: 0h:0m:4s (0h:0m:0s left)
Iteration 100 / LogL: -14551.941 / Time: 0h:0m:4s (0h:0m:0s left)
TREE SEARCH COMPLETED AFTER 102 ITERATIONS / Time: 0h:0m:4s

--------------------------------------------------------------------
|                    FINALIZING TREE SEARCH                        |
--------------------------------------------------------------------
Performs final model parameters optimization
Estimate model parameters (epsilon = 0.010)
1. Initial log-likelihood: -14551.927
Optimal log-likelihood: -14551.927
Rate parameters:  A-C: 2.19728  A-G: 5.08298  A-T: 1.60383  C-G: 2.30384  C-T: 7.56309  G-T: 1.00000
Base frequencies:  A: 0.311  C: 0.182  G: 0.243  T: 0.264
Gamma shape alpha: 0.791
Parameters optimization took 1 rounds (0.006 sec)
BEST SCORE FOUND : -14551.927

Testing tree branches by SH-like aLRT with 1000 replicates...
0.120 sec.
Total tree length: 1.886

Total number of iterations: 102
CPU time used for tree search: 7.139 sec (0h:0m:7s)
Wall-clock time used for tree search: 4.880 sec (0h:0m:4s)
Total CPU time used: 7.744 sec (0h:0m:7s)
Total wall-clock time used: 5.082 sec (0h:0m:5s)

Analysis results written to: 
  IQ-TREE report:                cluster2002rr.1to1ortho.fa.aln-cln_gene738.fa.iqtree
  Maximum-likelihood tree:       cluster2002rr.1to1ortho.fa.aln-cln_gene738.fa.treefile
  Likelihood distances:          cluster2002rr.1to1ortho.fa.aln-cln_gene738.fa.mldist
  Screen log file:               cluster2002rr.1to1ortho.fa.aln-cln_gene738.fa.log

Date and Time: Mon Nov 25 09:53:36 2019
