IQ-TREE multicore version 1.6.11 for Mac OS X 64-bit built Jul 12 2019
Developed by Bui Quang Minh, Nguyen Lam Tung, Olga Chernomor,
Heiko Schmidt, Dominik Schrempf, Michael Woodhams.

Host:    slpc437 (AVX2, FMA3, 16 GB RAM)
Command: iqtree -s cluster2514rr.1to1ortho.fa.aln-cln_gene7.fa -nt 4 -m GTR+G -alrt 1000
Seed:    839833 (Using SPRNG - Scalable Parallel Random Number Generator)
Time:    Mon Nov 25 10:06:17 2019
Kernel:  AVX+FMA - 4 threads (6 CPU cores detected)

Reading alignment file cluster2514rr.1to1ortho.fa.aln-cln_gene7.fa ... Fasta format detected
Alignment most likely contains DNA/RNA sequences
Alignment has 13 sequences with 1791 columns, 834 distinct patterns
630 parsimony-informative, 263 singleton sites, 898 constant sites
           Gap/Ambiguity  Composition  p-value
   1  DrolusSFB    0.17%    passed     34.31%
   2  Dino         0.17%    passed     97.55%
   3  MJM3360     17.59%    passed     97.43%
   4  DrobinSFB    1.17%    passed     49.66%
   5  Neam         0.17%    passed     97.76%
   6  RuprSFB      0.67%    passed     87.74%
   7  Retr        19.49%    passed     80.31%
   8  Beta         0.50%    passed     39.26%
   9  Spol        20.16%    passed     98.64%
  10  MJM1652      0.00%    passed     74.13%
  11  NepSFB       0.17%    passed     98.33%
  12  WPYJ        40.09%    passed     82.85%
  13  MJM2940      0.00%    passed     93.42%
****  TOTAL        7.72%  0 sequences failed composition chi2 test (p-value<5%; df=3)

Create initial parsimony tree by phylogenetic likelihood library (PLL)... 0.001 seconds

NOTE: 1 MB RAM (0 GB) is required!
Estimate model parameters (epsilon = 0.100)
1. Initial log-likelihood: -11627.712
2. Current log-likelihood: -11102.101
3. Current log-likelihood: -11096.766
Optimal log-likelihood: -11096.685
Rate parameters:  A-C: 2.23625  A-G: 6.82300  A-T: 1.88631  C-G: 2.16890  C-T: 8.21702  G-T: 1.00000
Base frequencies:  A: 0.279  C: 0.184  G: 0.241  T: 0.296
Gamma shape alpha: 0.479
Parameters optimization took 3 rounds (0.044 sec)
Computing ML distances based on estimated model parameters... 0.002 sec
Computing BIONJ tree...
0.002 seconds
Log-likelihood of BIONJ tree: -11096.683
--------------------------------------------------------------------
|             INITIALIZING CANDIDATE TREE SET                      |
--------------------------------------------------------------------
Generating 99 parsimony trees... 0.101 second
Computing log-likelihood of 97 initial trees ... 0.454 seconds
Current best score: -11096.683

Do NNI search on 20 best initial trees
Estimate model parameters (epsilon = 0.100)
BETTER TREE FOUND at iteration 1: -11096.682
Iteration 10 / LogL: -11097.047 / Time: 0h:0m:0s
Iteration 20 / LogL: -11096.758 / Time: 0h:0m:1s
Finish initializing candidate tree set (1)
Current best tree score: -11096.682 / CPU time: 1.216
Number of iterations: 20
--------------------------------------------------------------------
|               OPTIMIZING CANDIDATE TREE SET                      |
--------------------------------------------------------------------
UPDATE BEST LOG-LIKELIHOOD: -11096.682
Iteration 30 / LogL: -11096.777 / Time: 0h:0m:1s (0h:0m:4s left)
Iteration 40 / LogL: -11100.710 / Time: 0h:0m:2s (0h:0m:3s left)
Iteration 50 / LogL: -11096.689 / Time: 0h:0m:2s (0h:0m:2s left)
UPDATE BEST LOG-LIKELIHOOD: -11096.682
Iteration 60 / LogL: -11096.682 / Time: 0h:0m:3s (0h:0m:2s left)
Iteration 70 / LogL: -11096.692 / Time: 0h:0m:3s (0h:0m:1s left)
Iteration 80 / LogL: -11104.531 / Time: 0h:0m:3s (0h:0m:1s left)
Iteration 90 / LogL: -11104.342 / Time: 0h:0m:4s (0h:0m:0s left)
Iteration 100 / LogL: -11098.219 / Time: 0h:0m:4s (0h:0m:0s left)
TREE SEARCH COMPLETED AFTER 102 ITERATIONS / Time: 0h:0m:4s

--------------------------------------------------------------------
|                    FINALIZING TREE SEARCH                        |
--------------------------------------------------------------------
Performs final model parameters optimization
Estimate model parameters (epsilon = 0.010)
1. Initial log-likelihood: -11096.682
Optimal log-likelihood: -11096.680
Rate parameters:  A-C: 2.22688  A-G: 6.81863  A-T: 1.89003  C-G: 2.17202  C-T: 8.23370  G-T: 1.00000
Base frequencies:  A: 0.279  C: 0.184  G: 0.241  T: 0.296
Gamma shape alpha: 0.479
Parameters optimization took 1 rounds (0.005 sec)
BEST SCORE FOUND : -11096.680

Testing tree branches by SH-like aLRT with 1000 replicates...
0.102 sec.
Total tree length: 1.607

Total number of iterations: 102
CPU time used for tree search: 6.124 sec (0h:0m:6s)
Wall-clock time used for tree search: 4.804 sec (0h:0m:4s)
Total CPU time used: 6.610 sec (0h:0m:6s)
Total wall-clock time used: 4.977 sec (0h:0m:4s)

Analysis results written to: 
  IQ-TREE report:                cluster2514rr.1to1ortho.fa.aln-cln_gene7.fa.iqtree
  Maximum-likelihood tree:       cluster2514rr.1to1ortho.fa.aln-cln_gene7.fa.treefile
  Likelihood distances:          cluster2514rr.1to1ortho.fa.aln-cln_gene7.fa.mldist
  Screen log file:               cluster2514rr.1to1ortho.fa.aln-cln_gene7.fa.log

Date and Time: Mon Nov 25 10:06:22 2019
