IQ-TREE multicore version 1.6.11 for Mac OS X 64-bit built Jul 12 2019
Developed by Bui Quang Minh, Nguyen Lam Tung, Olga Chernomor,
Heiko Schmidt, Dominik Schrempf, Michael Woodhams.

Host:    slpc437 (AVX2, FMA3, 16 GB RAM)
Command: iqtree -s cluster2755rr.1to1ortho.fa.aln-cln_gene381.fa -nt 4 -m GTR+G -alrt 1000
Seed:    382929 (Using SPRNG - Scalable Parallel Random Number Generator)
Time:    Mon Nov 25 10:11:53 2019
Kernel:  AVX+FMA - 4 threads (6 CPU cores detected)

Reading alignment file cluster2755rr.1to1ortho.fa.aln-cln_gene381.fa ... Fasta format detected
Alignment most likely contains DNA/RNA sequences
Alignment has 13 sequences with 1452 columns, 738 distinct patterns
526 parsimony-informative, 248 singleton sites, 678 constant sites
           Gap/Ambiguity  Composition  p-value
   1  DrolusSFB    1.10%    passed     52.92%
   2  Dino         0.00%    passed     36.57%
   3  MJM3360      1.31%    passed     75.15%
   4  DrobinSFB   11.36%    passed     63.23%
   5  Neam         0.00%    passed     51.04%
   6  RuprSFB      6.75%    passed     73.58%
   7  Retr        37.81%    passed     54.68%
   8  Beta         2.34%    passed     13.89%
   9  Spol         2.55%    passed     69.32%
  10  MJM1652      0.00%    passed     88.57%
  11  NepSFB       0.00%    passed     46.67%
  12  WPYJ        41.53%    passed     71.64%
  13  MJM2940      0.34%    passed     97.59%
****  TOTAL        8.08%  0 sequences failed composition chi2 test (p-value<5%; df=3)

Create initial parsimony tree by phylogenetic likelihood library (PLL)... 0.001 seconds

NOTE: 1 MB RAM (0 GB) is required!
Estimate model parameters (epsilon = 0.100)
1. Initial log-likelihood: -9833.255
2. Current log-likelihood: -9432.900
3. Current log-likelihood: -9428.702
Optimal log-likelihood: -9428.632
Rate parameters:  A-C: 2.10378  A-G: 6.09288  A-T: 1.85776  C-G: 1.80793  C-T: 6.81174  G-T: 1.00000
Base frequencies:  A: 0.273  C: 0.193  G: 0.236  T: 0.298
Gamma shape alpha: 0.531
Parameters optimization took 3 rounds (0.071 sec)
Computing ML distances based on estimated model parameters... 0.001 sec
Computing BIONJ tree...
0.002 seconds
Log-likelihood of BIONJ tree: -9431.950
--------------------------------------------------------------------
|             INITIALIZING CANDIDATE TREE SET                      |
--------------------------------------------------------------------
Generating 98 parsimony trees... 0.093 second
Computing log-likelihood of 98 initial trees ... 0.446 seconds
Current best score: -9428.632

Do NNI search on 20 best initial trees
Estimate model parameters (epsilon = 0.100)
BETTER TREE FOUND at iteration 1: -9428.630
Iteration 10 / LogL: -9428.689 / Time: 0h:0m:0s
Iteration 20 / LogL: -9428.764 / Time: 0h:0m:1s
Finish initializing candidate tree set (1)
Current best tree score: -9428.630 / CPU time: 1.129
Number of iterations: 20
--------------------------------------------------------------------
|               OPTIMIZING CANDIDATE TREE SET                      |
--------------------------------------------------------------------
Iteration 30 / LogL: -9429.205 / Time: 0h:0m:1s (0h:0m:3s left)
Iteration 40 / LogL: -9429.186 / Time: 0h:0m:2s (0h:0m:3s left)
Iteration 50 / LogL: -9428.697 / Time: 0h:0m:2s (0h:0m:2s left)
Iteration 60 / LogL: -9429.307 / Time: 0h:0m:2s (0h:0m:1s left)
Iteration 70 / LogL: -9428.735 / Time: 0h:0m:3s (0h:0m:1s left)
Iteration 80 / LogL: -9428.705 / Time: 0h:0m:3s (0h:0m:1s left)
Iteration 90 / LogL: -9428.632 / Time: 0h:0m:4s (0h:0m:0s left)
Iteration 100 / LogL: -9428.643 / Time: 0h:0m:4s (0h:0m:0s left)
TREE SEARCH COMPLETED AFTER 102 ITERATIONS / Time: 0h:0m:4s

--------------------------------------------------------------------
|                    FINALIZING TREE SEARCH                        |
--------------------------------------------------------------------
Performs final model parameters optimization
Estimate model parameters (epsilon = 0.010)
1. Initial log-likelihood: -9428.630
Optimal log-likelihood: -9428.629
Rate parameters:  A-C: 2.10638  A-G: 6.10703  A-T: 1.85979  C-G: 1.80333  C-T: 6.81445  G-T: 1.00000
Base frequencies:  A: 0.273  C: 0.193  G: 0.236  T: 0.298
Gamma shape alpha: 0.532
Parameters optimization took 1 rounds (0.005 sec)
BEST SCORE FOUND : -9428.629

Testing tree branches by SH-like aLRT with 1000 replicates...
0.086 sec.
Total tree length: 1.778

Total number of iterations: 102
CPU time used for tree search: 5.593 sec (0h:0m:5s)
Wall-clock time used for tree search: 4.586 sec (0h:0m:4s)
Total CPU time used: 6.080 sec (0h:0m:6s)
Total wall-clock time used: 4.769 sec (0h:0m:4s)

Analysis results written to: 
  IQ-TREE report:                cluster2755rr.1to1ortho.fa.aln-cln_gene381.fa.iqtree
  Maximum-likelihood tree:       cluster2755rr.1to1ortho.fa.aln-cln_gene381.fa.treefile
  Likelihood distances:          cluster2755rr.1to1ortho.fa.aln-cln_gene381.fa.mldist
  Screen log file:               cluster2755rr.1to1ortho.fa.aln-cln_gene381.fa.log

Date and Time: Mon Nov 25 10:11:58 2019
