IQ-TREE multicore version 1.6.11 for Mac OS X 64-bit built Jul 12 2019
Developed by Bui Quang Minh, Nguyen Lam Tung, Olga Chernomor,
Heiko Schmidt, Dominik Schrempf, Michael Woodhams.

Host:    slpc437 (AVX2, FMA3, 16 GB RAM)
Command: iqtree -s cluster3764rr.1to1ortho.fa.aln-cln_gene542.fa -nt 4 -m GTR+G -alrt 1000
Seed:    565960 (Using SPRNG - Scalable Parallel Random Number Generator)
Time:    Mon Nov 25 10:36:26 2019
Kernel:  AVX+FMA - 4 threads (6 CPU cores detected)

Reading alignment file cluster3764rr.1to1ortho.fa.aln-cln_gene542.fa ... Fasta format detected
Alignment most likely contains DNA/RNA sequences
Alignment has 13 sequences with 670 columns, 312 distinct patterns
216 parsimony-informative, 94 singleton sites, 360 constant sites
           Gap/Ambiguity  Composition  p-value
   1  DrolusSFB    0.00%    passed     96.83%
   2  Dino         6.72%    passed     57.18%
   3  MJM3360      9.40%    passed     88.94%
   4  DrobinSFB   15.67%    passed     73.03%
   5  Neam         0.00%    passed     99.67%
   6  RuprSFB      9.40%    passed     65.80%
   7  Retr         0.15%    passed     85.84%
   8  Beta         5.37%    passed     97.54%
   9  Spol         5.07%    passed     97.80%
  10  MJM1652      6.72%    passed     97.50%
  11  NepSFB       0.00%    passed     97.40%
  12  WPYJ         0.60%    passed     64.63%
  13  MJM2940      0.45%    passed     87.90%
****  TOTAL        4.58%  0 sequences failed composition chi2 test (p-value<5%; df=3)

Create initial parsimony tree by phylogenetic likelihood library (PLL)... 0.001 seconds

NOTE: 0 MB RAM (0 GB) is required!
WARNING: Number of threads seems too high for short alignments. Use -nt AUTO to determine best number of threads.
Estimate model parameters (epsilon = 0.100)
1. Initial log-likelihood: -4208.689
2. Current log-likelihood: -4016.539
3. Current log-likelihood: -4014.068
Optimal log-likelihood: -4014.055
Rate parameters:  A-C: 1.36487  A-G: 3.77095  A-T: 1.84635  C-G: 0.85749  C-T: 6.65551  G-T: 1.00000
Base frequencies:  A: 0.271  C: 0.211  G: 0.251  T: 0.267
Gamma shape alpha: 0.429
Parameters optimization took 3 rounds (0.044 sec)
Computing ML distances based on estimated model parameters... 0.001 sec
Computing BIONJ tree...
0.002 seconds
Log-likelihood of BIONJ tree: -4008.115
--------------------------------------------------------------------
|             INITIALIZING CANDIDATE TREE SET                      |
--------------------------------------------------------------------
Generating 98 parsimony trees... 0.069 second
Computing log-likelihood of 97 initial trees ... 0.387 seconds
Current best score: -4008.115

Do NNI search on 20 best initial trees
Estimate model parameters (epsilon = 0.100)
BETTER TREE FOUND at iteration 1: -4006.341
Iteration 10 / LogL: -4006.352 / Time: 0h:0m:0s
Iteration 20 / LogL: -4006.367 / Time: 0h:0m:1s
Finish initializing candidate tree set (2)
Current best tree score: -4006.341 / CPU time: 0.961
Number of iterations: 20
--------------------------------------------------------------------
|               OPTIMIZING CANDIDATE TREE SET                      |
--------------------------------------------------------------------
Iteration 30 / LogL: -4013.255 / Time: 0h:0m:1s (0h:0m:3s left)
Iteration 40 / LogL: -4006.345 / Time: 0h:0m:1s (0h:0m:2s left)
Iteration 50 / LogL: -4011.470 / Time: 0h:0m:2s (0h:0m:2s left)
Iteration 60 / LogL: -4011.475 / Time: 0h:0m:2s (0h:0m:1s left)
Iteration 70 / LogL: -4006.345 / Time: 0h:0m:2s (0h:0m:1s left)
Iteration 80 / LogL: -4006.564 / Time: 0h:0m:3s (0h:0m:0s left)
Iteration 90 / LogL: -4006.780 / Time: 0h:0m:3s (0h:0m:0s left)
Iteration 100 / LogL: -4011.472 / Time: 0h:0m:3s (0h:0m:0s left)
TREE SEARCH COMPLETED AFTER 102 ITERATIONS / Time: 0h:0m:3s

--------------------------------------------------------------------
|                    FINALIZING TREE SEARCH                        |
--------------------------------------------------------------------
Performs final model parameters optimization
Estimate model parameters (epsilon = 0.010)
1. Initial log-likelihood: -4006.341
Optimal log-likelihood: -4006.340
Rate parameters:  A-C: 1.38342  A-G: 3.87226  A-T: 1.85026  C-G: 0.85681  C-T: 6.86702  G-T: 1.00000
Base frequencies:  A: 0.271  C: 0.211  G: 0.251  T: 0.267
Gamma shape alpha: 0.432
Parameters optimization took 1 rounds (0.004 sec)
BEST SCORE FOUND : -4006.340

Testing tree branches by SH-like aLRT with 1000 replicates...
0.046 sec.
Total tree length: 1.464

Total number of iterations: 102
CPU time used for tree search: 3.537 sec (0h:0m:3s)
Wall-clock time used for tree search: 3.886 sec (0h:0m:3s)
Total CPU time used: 3.772 sec (0h:0m:3s)
Total wall-clock time used: 3.997 sec (0h:0m:3s)

Analysis results written to: 
  IQ-TREE report:                cluster3764rr.1to1ortho.fa.aln-cln_gene542.fa.iqtree
  Maximum-likelihood tree:       cluster3764rr.1to1ortho.fa.aln-cln_gene542.fa.treefile
  Likelihood distances:          cluster3764rr.1to1ortho.fa.aln-cln_gene542.fa.mldist
  Screen log file:               cluster3764rr.1to1ortho.fa.aln-cln_gene542.fa.log

Date and Time: Mon Nov 25 10:36:30 2019
