IQ-TREE multicore version 1.6.11 for Mac OS X 64-bit built Jul 12 2019
Developed by Bui Quang Minh, Nguyen Lam Tung, Olga Chernomor,
Heiko Schmidt, Dominik Schrempf, Michael Woodhams.

Host:    slpc437 (AVX2, FMA3, 16 GB RAM)
Command: iqtree -s cluster3437rr.1to1ortho.fa.aln-cln_gene751.fa -nt 4 -m GTR+G -alrt 1000
Seed:    514960 (Using SPRNG - Scalable Parallel Random Number Generator)
Time:    Mon Nov 25 10:30:36 2019
Kernel:  AVX+FMA - 4 threads (6 CPU cores detected)

Reading alignment file cluster3437rr.1to1ortho.fa.aln-cln_gene751.fa ... Fasta format detected
Alignment most likely contains DNA/RNA sequences
Alignment has 13 sequences with 3206 columns, 1607 distinct patterns
1227 parsimony-informative, 727 singleton sites, 1252 constant sites
           Gap/Ambiguity  Composition  p-value
   1  DrolusSFB   11.88%    passed     47.69%
   2  Dino         0.78%    passed     94.62%
   3  MJM3360     13.88%    passed      5.74%
   4  DrobinSFB   10.26%    passed     68.81%
   5  Neam         0.56%    failed      4.31%
   6  RuprSFB      9.39%    passed     80.49%
   7  Retr        44.70%    passed     44.19%
   8  Beta         0.28%    passed     66.49%
   9  Spol        39.02%    passed     31.50%
  10  MJM1652      0.28%    passed     82.44%
  11  NepSFB       0.56%    failed      1.04%
  12  WPYJ        64.63%    passed     85.66%
  13  MJM2940      0.37%    passed     97.44%
WARNING: 1 sequences contain more than 50% gaps/ambiguity
****  TOTAL       15.12%  2 sequences failed composition chi2 test (p-value<5%; df=3)

Create initial parsimony tree by phylogenetic likelihood library (PLL)... 0.002 seconds

NOTE: 2 MB RAM (0 GB) is required!
Estimate model parameters (epsilon = 0.100)
1. Initial log-likelihood: -21859.772
2. Current log-likelihood: -20901.804
3. Current log-likelihood: -20894.409
Optimal log-likelihood: -20894.333
Rate parameters:  A-C: 1.67561  A-G: 4.38365  A-T: 1.58395  C-G: 1.19539  C-T: 4.98523  G-T: 1.00000
Base frequencies:  A: 0.260  C: 0.202  G: 0.252  T: 0.286
Gamma shape alpha: 0.932
Parameters optimization took 3 rounds (0.055 sec)
Computing ML distances based on estimated model parameters... 0.002 sec
Computing BIONJ tree...
0.002 seconds
Log-likelihood of BIONJ tree: -20893.983
--------------------------------------------------------------------
|             INITIALIZING CANDIDATE TREE SET                      |
--------------------------------------------------------------------
Generating 98 parsimony trees... 0.171 second
Computing log-likelihood of 96 initial trees ... 0.559 seconds
Current best score: -20893.983

Do NNI search on 20 best initial trees
Estimate model parameters (epsilon = 0.100)
BETTER TREE FOUND at iteration 1: -20892.057
Iteration 10 / LogL: -20892.064 / Time: 0h:0m:1s
Iteration 20 / LogL: -20892.063 / Time: 0h:0m:1s
Finish initializing candidate tree set (1)
Current best tree score: -20892.057 / CPU time: 1.582
Number of iterations: 20
--------------------------------------------------------------------
|               OPTIMIZING CANDIDATE TREE SET                      |
--------------------------------------------------------------------
Iteration 30 / LogL: -20892.062 / Time: 0h:0m:2s (0h:0m:5s left)
Iteration 40 / LogL: -20892.073 / Time: 0h:0m:2s (0h:0m:4s left)
Iteration 50 / LogL: -20892.076 / Time: 0h:0m:3s (0h:0m:3s left)
Iteration 60 / LogL: -20902.755 / Time: 0h:0m:4s (0h:0m:2s left)
Iteration 70 / LogL: -20892.062 / Time: 0h:0m:4s (0h:0m:2s left)
Iteration 80 / LogL: -20892.066 / Time: 0h:0m:5s (0h:0m:1s left)
Iteration 90 / LogL: -20892.065 / Time: 0h:0m:6s (0h:0m:0s left)
Iteration 100 / LogL: -20892.063 / Time: 0h:0m:6s (0h:0m:0s left)
TREE SEARCH COMPLETED AFTER 102 ITERATIONS / Time: 0h:0m:6s

--------------------------------------------------------------------
|                    FINALIZING TREE SEARCH                        |
--------------------------------------------------------------------
Performs final model parameters optimization
Estimate model parameters (epsilon = 0.010)
1. Initial log-likelihood: -20892.057
Optimal log-likelihood: -20892.056
Rate parameters:  A-C: 1.65271  A-G: 4.39532  A-T: 1.58778  C-G: 1.19917  C-T: 4.98083  G-T: 1.00000
Base frequencies:  A: 0.260  C: 0.202  G: 0.252  T: 0.286
Gamma shape alpha: 0.932
Parameters optimization took 1 rounds (0.008 sec)
BEST SCORE FOUND : -20892.056

Testing tree branches by SH-like aLRT with 1000 replicates...
0.173 sec.
Total tree length: 2.167

Total number of iterations: 102
CPU time used for tree search: 11.346 sec (0h:0m:11s)
Wall-clock time used for tree search: 6.840 sec (0h:0m:6s)
Total CPU time used: 12.177 sec (0h:0m:12s)
Total wall-clock time used: 7.101 sec (0h:0m:7s)

Analysis results written to: 
  IQ-TREE report:                cluster3437rr.1to1ortho.fa.aln-cln_gene751.fa.iqtree
  Maximum-likelihood tree:       cluster3437rr.1to1ortho.fa.aln-cln_gene751.fa.treefile
  Likelihood distances:          cluster3437rr.1to1ortho.fa.aln-cln_gene751.fa.mldist
  Screen log file:               cluster3437rr.1to1ortho.fa.aln-cln_gene751.fa.log

Date and Time: Mon Nov 25 10:30:43 2019
