IQ-TREE multicore version 1.6.11 for Mac OS X 64-bit built Jul 12 2019
Developed by Bui Quang Minh, Nguyen Lam Tung, Olga Chernomor,
Heiko Schmidt, Dominik Schrempf, Michael Woodhams.

Host:    slpc437 (AVX2, FMA3, 16 GB RAM)
Command: iqtree -s cluster2532rr.1to1ortho.fa.aln-cln_gene727.fa -nt 4 -m GTR+G -alrt 1000
Seed:    569552 (Using SPRNG - Scalable Parallel Random Number Generator)
Time:    Mon Nov 25 10:06:49 2019
Kernel:  AVX+FMA - 4 threads (6 CPU cores detected)

Reading alignment file cluster2532rr.1to1ortho.fa.aln-cln_gene727.fa ... Fasta format detected
Alignment most likely contains DNA/RNA sequences
Alignment has 13 sequences with 2302 columns, 1012 distinct patterns
747 parsimony-informative, 339 singleton sites, 1216 constant sites
           Gap/Ambiguity  Composition  p-value
   1  DrolusSFB    1.48%    passed     78.60%
   2  Dino         5.65%    passed     74.21%
   3  MJM3360     16.68%    passed     67.68%
   4  DrobinSFB    4.13%    passed     20.24%
   5  Neam         1.22%    passed     78.89%
   6  RuprSFB     22.89%    passed     38.64%
   7  Retr         2.65%    passed     82.63%
   8  Beta         2.04%    passed     62.74%
   9  Spol         2.61%    passed     94.81%
  10  MJM1652      1.48%    passed     97.22%
  11  NepSFB       1.22%    passed     70.34%
  12  WPYJ        61.95%    passed     29.95%
  13  MJM2940      1.13%    passed     55.70%
WARNING: 1 sequences contain more than 50% gaps/ambiguity
****  TOTAL        9.62%  0 sequences failed composition chi2 test (p-value<5%; df=3)

Create initial parsimony tree by phylogenetic likelihood library (PLL)... 0.001 seconds

NOTE: 1 MB RAM (0 GB) is required!
Estimate model parameters (epsilon = 0.100)
1. Initial log-likelihood: -14410.919
2. Current log-likelihood: -13756.881
3. Current log-likelihood: -13750.326
4. Current log-likelihood: -13750.225
Optimal log-likelihood: -13750.195
Rate parameters:  A-C: 1.89055  A-G: 4.46300  A-T: 1.78702  C-G: 1.17712  C-T: 6.89246  G-T: 1.00000
Base frequencies:  A: 0.279  C: 0.193  G: 0.272  T: 0.256
Gamma shape alpha: 0.402
Parameters optimization took 4 rounds (0.050 sec)
Computing ML distances based on estimated model parameters... 0.002 sec
Computing BIONJ tree...
0.002 seconds
Log-likelihood of BIONJ tree: -13756.782
--------------------------------------------------------------------
|             INITIALIZING CANDIDATE TREE SET                      |
--------------------------------------------------------------------
Generating 98 parsimony trees... 0.117 second
Computing log-likelihood of 96 initial trees ... 0.465 seconds
Current best score: -13750.195

Do NNI search on 20 best initial trees
Estimate model parameters (epsilon = 0.100)
BETTER TREE FOUND at iteration 1: -13750.193
Iteration 10 / LogL: -13750.661 / Time: 0h:0m:0s
Iteration 20 / LogL: -13750.578 / Time: 0h:0m:1s
Finish initializing candidate tree set (2)
Current best tree score: -13750.193 / CPU time: 1.071
Number of iterations: 20
--------------------------------------------------------------------
|               OPTIMIZING CANDIDATE TREE SET                      |
--------------------------------------------------------------------
Iteration 30 / LogL: -13750.249 / Time: 0h:0m:1s (0h:0m:4s left)
UPDATE BEST LOG-LIKELIHOOD: -13750.193
Iteration 40 / LogL: -13750.238 / Time: 0h:0m:2s (0h:0m:3s left)
Iteration 50 / LogL: -13750.292 / Time: 0h:0m:2s (0h:0m:2s left)
Iteration 60 / LogL: -13750.329 / Time: 0h:0m:3s (0h:0m:2s left)
Iteration 70 / LogL: -13750.754 / Time: 0h:0m:3s (0h:0m:1s left)
Iteration 80 / LogL: -13750.220 / Time: 0h:0m:3s (0h:0m:1s left)
Iteration 90 / LogL: -13750.238 / Time: 0h:0m:4s (0h:0m:0s left)
Iteration 100 / LogL: -13750.203 / Time: 0h:0m:4s (0h:0m:0s left)
TREE SEARCH COMPLETED AFTER 102 ITERATIONS / Time: 0h:0m:4s

--------------------------------------------------------------------
|                    FINALIZING TREE SEARCH                        |
--------------------------------------------------------------------
Performs final model parameters optimization
Estimate model parameters (epsilon = 0.010)
1. Initial log-likelihood: -13750.193
Optimal log-likelihood: -13750.192
Rate parameters:  A-C: 1.89036  A-G: 4.47778  A-T: 1.79025  C-G: 1.18476  C-T: 6.90704  G-T: 1.00000
Base frequencies:  A: 0.279  C: 0.193  G: 0.272  T: 0.256
Gamma shape alpha: 0.402
Parameters optimization took 1 rounds (0.005 sec)
BEST SCORE FOUND : -13750.192

Testing tree branches by SH-like aLRT with 1000 replicates...
0.127 sec.
Total tree length: 1.651

Total number of iterations: 102
CPU time used for tree search: 6.669 sec (0h:0m:6s)
Wall-clock time used for tree search: 4.811 sec (0h:0m:4s)
Total CPU time used: 7.275 sec (0h:0m:7s)
Total wall-clock time used: 5.017 sec (0h:0m:5s)

Analysis results written to: 
  IQ-TREE report:                cluster2532rr.1to1ortho.fa.aln-cln_gene727.fa.iqtree
  Maximum-likelihood tree:       cluster2532rr.1to1ortho.fa.aln-cln_gene727.fa.treefile
  Likelihood distances:          cluster2532rr.1to1ortho.fa.aln-cln_gene727.fa.mldist
  Screen log file:               cluster2532rr.1to1ortho.fa.aln-cln_gene727.fa.log

Date and Time: Mon Nov 25 10:06:54 2019
