IQ-TREE multicore version 1.6.11 for Mac OS X 64-bit built Jul 12 2019
Developed by Bui Quang Minh, Nguyen Lam Tung, Olga Chernomor,
Heiko Schmidt, Dominik Schrempf, Michael Woodhams.

Host:    slpc437 (AVX2, FMA3, 16 GB RAM)
Command: iqtree -s cluster774rr.1to1ortho.fa.aln-cln_gene390.fa -nt 4 -m GTR+G -alrt 1000
Seed:    54308 (Using SPRNG - Scalable Parallel Random Number Generator)
Time:    Mon Nov 25 11:13:01 2019
Kernel:  AVX+FMA - 4 threads (6 CPU cores detected)

Reading alignment file cluster774rr.1to1ortho.fa.aln-cln_gene390.fa ... Fasta format detected
Alignment most likely contains DNA/RNA sequences
Alignment has 13 sequences with 1612 columns, 800 distinct patterns
568 parsimony-informative, 236 singleton sites, 807 constant sites
           Gap/Ambiguity  Composition  p-value
   1  DrolusSFB    2.73%    failed      2.90%
   2  Dino         0.37%    passed      9.95%
   3  MJM3360     14.27%    passed     37.89%
   4  DrobinSFB    6.27%    passed     59.07%
   5  Neam         2.85%    passed     91.69%
   6  RuprSFB     25.06%    passed      8.58%
   7  Retr        33.37%    failed      0.68%
   8  Beta         1.55%    passed      8.29%
   9  Spol         1.55%    passed     23.01%
  10  MJM1652      0.43%    failed      4.91%
  11  NepSFB       2.85%    passed     93.36%
  12  WPYJ        47.89%    failed      0.83%
  13  MJM2940      1.55%    passed     84.47%
****  TOTAL       10.83%  4 sequences failed composition chi2 test (p-value<5%; df=3)

Create initial parsimony tree by phylogenetic likelihood library (PLL)... 0.001 seconds

NOTE: 1 MB RAM (0 GB) is required!
Estimate model parameters (epsilon = 0.100)
1. Initial log-likelihood: -10531.643
2. Current log-likelihood: -10115.283
3. Current log-likelihood: -10111.035
Optimal log-likelihood: -10110.971
Rate parameters:  A-C: 1.59683  A-G: 4.22072  A-T: 1.15143  C-G: 1.32567  C-T: 4.80928  G-T: 1.00000
Base frequencies:  A: 0.263  C: 0.224  G: 0.233  T: 0.281
Gamma shape alpha: 0.433
Parameters optimization took 3 rounds (0.053 sec)
Computing ML distances based on estimated model parameters... 0.002 sec
Computing BIONJ tree...
0.002 seconds
Log-likelihood of BIONJ tree: -10112.717
--------------------------------------------------------------------
|             INITIALIZING CANDIDATE TREE SET                      |
--------------------------------------------------------------------
Generating 98 parsimony trees... 0.095 second
Computing log-likelihood of 98 initial trees ... 0.459 seconds
Current best score: -10110.971

Do NNI search on 20 best initial trees
Estimate model parameters (epsilon = 0.100)
BETTER TREE FOUND at iteration 1: -10110.969
Iteration 10 / LogL: -10110.977 / Time: 0h:0m:0s
Iteration 20 / LogL: -10119.753 / Time: 0h:0m:1s
Finish initializing candidate tree set (4)
Current best tree score: -10110.969 / CPU time: 1.107
Number of iterations: 20
--------------------------------------------------------------------
|               OPTIMIZING CANDIDATE TREE SET                      |
--------------------------------------------------------------------
Iteration 30 / LogL: -10111.855 / Time: 0h:0m:1s (0h:0m:4s left)
Iteration 40 / LogL: -10121.149 / Time: 0h:0m:2s (0h:0m:3s left)
Iteration 50 / LogL: -10111.299 / Time: 0h:0m:2s (0h:0m:2s left)
Iteration 60 / LogL: -10121.245 / Time: 0h:0m:2s (0h:0m:2s left)
Iteration 70 / LogL: -10121.473 / Time: 0h:0m:3s (0h:0m:1s left)
Iteration 80 / LogL: -10116.828 / Time: 0h:0m:3s (0h:0m:1s left)
Iteration 90 / LogL: -10111.845 / Time: 0h:0m:4s (0h:0m:0s left)
Iteration 100 / LogL: -10111.839 / Time: 0h:0m:4s (0h:0m:0s left)
TREE SEARCH COMPLETED AFTER 102 ITERATIONS / Time: 0h:0m:4s

--------------------------------------------------------------------
|                    FINALIZING TREE SEARCH                        |
--------------------------------------------------------------------
Performs final model parameters optimization
Estimate model parameters (epsilon = 0.010)
1. Initial log-likelihood: -10110.969
Optimal log-likelihood: -10110.969
Rate parameters:  A-C: 1.59842  A-G: 4.22433  A-T: 1.15351  C-G: 1.32514  C-T: 4.81600  G-T: 1.00000
Base frequencies:  A: 0.263  C: 0.224  G: 0.233  T: 0.281
Gamma shape alpha: 0.433
Parameters optimization took 1 rounds (0.006 sec)
BEST SCORE FOUND : -10110.969

Testing tree branches by SH-like aLRT with 1000 replicates...
0.098 sec.
Total tree length: 1.827

Total number of iterations: 102
CPU time used for tree search: 5.919 sec (0h:0m:5s)
Wall-clock time used for tree search: 4.698 sec (0h:0m:4s)
Total CPU time used: 6.396 sec (0h:0m:6s)
Total wall-clock time used: 4.875 sec (0h:0m:4s)

Analysis results written to: 
  IQ-TREE report:                cluster774rr.1to1ortho.fa.aln-cln_gene390.fa.iqtree
  Maximum-likelihood tree:       cluster774rr.1to1ortho.fa.aln-cln_gene390.fa.treefile
  Likelihood distances:          cluster774rr.1to1ortho.fa.aln-cln_gene390.fa.mldist
  Screen log file:               cluster774rr.1to1ortho.fa.aln-cln_gene390.fa.log

Date and Time: Mon Nov 25 11:13:05 2019
