IQ-TREE multicore version 1.6.11 for Mac OS X 64-bit built Jul 12 2019
Developed by Bui Quang Minh, Nguyen Lam Tung, Olga Chernomor,
Heiko Schmidt, Dominik Schrempf, Michael Woodhams.

Host:    slpc437 (AVX2, FMA3, 16 GB RAM)
Command: iqtree -s cluster1224rr.1to1ortho.fa.aln-cln_gene247.fa -nt 4 -m GTR+G -alrt 1000
Seed:    716581 (Using SPRNG - Scalable Parallel Random Number Generator)
Time:    Mon Nov 25 09:39:23 2019
Kernel:  AVX+FMA - 4 threads (6 CPU cores detected)

Reading alignment file cluster1224rr.1to1ortho.fa.aln-cln_gene247.fa ... Fasta format detected
Alignment most likely contains DNA/RNA sequences
Alignment has 13 sequences with 1358 columns, 624 distinct patterns
459 parsimony-informative, 203 singleton sites, 695 constant sites
           Gap/Ambiguity  Composition  p-value
   1  DrolusSFB    0.15%    passed     44.34%
   2  Dino         3.90%    passed     97.57%
   3  MJM3360      8.25%    passed     77.25%
   4  DrobinSFB   13.92%    passed     58.11%
   5  Neam         3.53%    passed     95.85%
   6  RuprSFB      8.39%    passed     70.26%
   7  Retr        11.63%    passed     28.89%
   8  Beta         3.76%    passed     98.79%
   9  Spol         3.76%    passed     76.97%
  10  MJM1652      8.47%    passed     80.66%
  11  NepSFB       3.90%    passed     97.64%
  12  WPYJ        11.63%    passed     79.60%
  13  MJM2940      1.25%    passed     43.10%
****  TOTAL        6.35%  0 sequences failed composition chi2 test (p-value<5%; df=3)

Create initial parsimony tree by phylogenetic likelihood library (PLL)... 0.001 seconds

NOTE: 1 MB RAM (0 GB) is required!
Estimate model parameters (epsilon = 0.100)
1. Initial log-likelihood: -8930.226
2. Current log-likelihood: -8488.731
3. Current log-likelihood: -8483.570
4. Current log-likelihood: -8483.436
Optimal log-likelihood: -8483.432
Rate parameters:  A-C: 2.13668  A-G: 4.75238  A-T: 1.00520  C-G: 1.72550  C-T: 7.23894  G-T: 1.00000
Base frequencies:  A: 0.269  C: 0.197  G: 0.239  T: 0.296
Gamma shape alpha: 0.417
Parameters optimization took 4 rounds (0.058 sec)
Computing ML distances based on estimated model parameters... 0.001 sec
Computing BIONJ tree...
0.002 seconds
Log-likelihood of BIONJ tree: -8487.297
--------------------------------------------------------------------
|             INITIALIZING CANDIDATE TREE SET                      |
--------------------------------------------------------------------
Generating 98 parsimony trees... 0.086 second
Computing log-likelihood of 97 initial trees ... 0.417 seconds
Current best score: -8483.432

Do NNI search on 20 best initial trees
Estimate model parameters (epsilon = 0.100)
BETTER TREE FOUND at iteration 1: -8482.775
Iteration 10 / LogL: -8482.842 / Time: 0h:0m:0s
Iteration 20 / LogL: -8482.793 / Time: 0h:0m:1s
Finish initializing candidate tree set (1)
Current best tree score: -8482.775 / CPU time: 1.063
Number of iterations: 20
--------------------------------------------------------------------
|               OPTIMIZING CANDIDATE TREE SET                      |
--------------------------------------------------------------------
Iteration 30 / LogL: -8482.795 / Time: 0h:0m:1s (0h:0m:3s left)
Iteration 40 / LogL: -8482.777 / Time: 0h:0m:1s (0h:0m:3s left)
Iteration 50 / LogL: -8482.860 / Time: 0h:0m:2s (0h:0m:2s left)
Iteration 60 / LogL: -8492.366 / Time: 0h:0m:2s (0h:0m:1s left)
Iteration 70 / LogL: -8491.843 / Time: 0h:0m:3s (0h:0m:1s left)
Iteration 80 / LogL: -8482.789 / Time: 0h:0m:3s (0h:0m:0s left)
Iteration 90 / LogL: -8482.795 / Time: 0h:0m:4s (0h:0m:0s left)
Iteration 100 / LogL: -8482.805 / Time: 0h:0m:4s (0h:0m:0s left)
TREE SEARCH COMPLETED AFTER 102 ITERATIONS / Time: 0h:0m:4s

--------------------------------------------------------------------
|                    FINALIZING TREE SEARCH                        |
--------------------------------------------------------------------
Performs final model parameters optimization
Estimate model parameters (epsilon = 0.010)
1. Initial log-likelihood: -8482.775
Optimal log-likelihood: -8482.774
Rate parameters:  A-C: 2.12487  A-G: 4.76004  A-T: 1.01698  C-G: 1.70584  C-T: 7.26862  G-T: 1.00000
Base frequencies:  A: 0.269  C: 0.197  G: 0.239  T: 0.296
Gamma shape alpha: 0.417
Parameters optimization took 1 rounds (0.005 sec)
BEST SCORE FOUND : -8482.774

Testing tree branches by SH-like aLRT with 1000 replicates...
0.084 sec.
Total tree length: 1.709

Total number of iterations: 102
CPU time used for tree search: 4.991 sec (0h:0m:4s)
Wall-clock time used for tree search: 4.342 sec (0h:0m:4s)
Total CPU time used: 5.413 sec (0h:0m:5s)
Total wall-clock time used: 4.507 sec (0h:0m:4s)

Analysis results written to: 
  IQ-TREE report:                cluster1224rr.1to1ortho.fa.aln-cln_gene247.fa.iqtree
  Maximum-likelihood tree:       cluster1224rr.1to1ortho.fa.aln-cln_gene247.fa.treefile
  Likelihood distances:          cluster1224rr.1to1ortho.fa.aln-cln_gene247.fa.mldist
  Screen log file:               cluster1224rr.1to1ortho.fa.aln-cln_gene247.fa.log

Date and Time: Mon Nov 25 09:39:28 2019
