IQ-TREE multicore version 1.6.11 for Mac OS X 64-bit built Jul 12 2019
Developed by Bui Quang Minh, Nguyen Lam Tung, Olga Chernomor,
Heiko Schmidt, Dominik Schrempf, Michael Woodhams.

Host:    slpc437 (AVX2, FMA3, 16 GB RAM)
Command: iqtree -s cluster3358rr.1to1ortho.fa.aln-cln_gene1133.fa -nt 4 -m GTR+G -alrt 1000
Seed:    127386 (Using SPRNG - Scalable Parallel Random Number Generator)
Time:    Mon Nov 25 10:28:15 2019
Kernel:  AVX+FMA - 4 threads (6 CPU cores detected)

Reading alignment file cluster3358rr.1to1ortho.fa.aln-cln_gene1133.fa ... Fasta format detected
Alignment most likely contains DNA/RNA sequences
Alignment has 13 sequences with 786 columns, 363 distinct patterns
258 parsimony-informative, 112 singleton sites, 415 constant sites
           Gap/Ambiguity  Composition  p-value
   1  DrolusSFB    0.00%    passed     99.77%
   2  Dino         0.25%    passed     93.00%
   3  MJM3360      3.94%    passed     91.84%
   4  DrobinSFB    0.00%    passed     89.02%
   5  Neam         0.00%    passed     78.90%
   6  RuprSFB      0.00%    passed     93.83%
   7  Retr        35.50%    passed     41.97%
   8  Beta         1.65%    passed     46.65%
   9  Spol         1.02%    passed     62.80%
  10  MJM1652      0.00%    passed     80.94%
  11  NepSFB       0.00%    passed     73.03%
  12  WPYJ        26.08%    passed     37.85%
  13  MJM2940      0.00%    passed     84.03%
****  TOTAL        5.27%  0 sequences failed composition chi2 test (p-value<5%; df=3)

Create initial parsimony tree by phylogenetic likelihood library (PLL)... 0.001 seconds

NOTE: 0 MB RAM (0 GB) is required!
WARNING: Number of threads seems too high for short alignments. Use -nt AUTO to determine best number of threads.
Estimate model parameters (epsilon = 0.100)
1. Initial log-likelihood: -4828.223
2. Current log-likelihood: -4622.498
3. Current log-likelihood: -4620.543
Optimal log-likelihood: -4620.515
Rate parameters:  A-C: 2.82330  A-G: 5.25089  A-T: 1.44908  C-G: 1.83161  C-T: 8.91948  G-T: 1.00000
Base frequencies:  A: 0.331  C: 0.172  G: 0.253  T: 0.243
Gamma shape alpha: 0.459
Parameters optimization took 3 rounds (0.054 sec)
Computing ML distances based on estimated model parameters... 0.001 sec
Computing BIONJ tree...
0.003 seconds
Log-likelihood of BIONJ tree: -4618.274
--------------------------------------------------------------------
|             INITIALIZING CANDIDATE TREE SET                      |
--------------------------------------------------------------------
Generating 98 parsimony trees... 0.065 second
Computing log-likelihood of 97 initial trees ... 0.386 seconds
Current best score: -4618.274

Do NNI search on 20 best initial trees
Estimate model parameters (epsilon = 0.100)
BETTER TREE FOUND at iteration 1: -4618.228
Iteration 10 / LogL: -4618.238 / Time: 0h:0m:0s
Iteration 20 / LogL: -4618.231 / Time: 0h:0m:1s
Finish initializing candidate tree set (1)
Current best tree score: -4618.228 / CPU time: 1.014
Number of iterations: 20
--------------------------------------------------------------------
|               OPTIMIZING CANDIDATE TREE SET                      |
--------------------------------------------------------------------
Iteration 30 / LogL: -4618.313 / Time: 0h:0m:1s (0h:0m:3s left)
Iteration 40 / LogL: -4618.244 / Time: 0h:0m:1s (0h:0m:2s left)
Iteration 50 / LogL: -4618.240 / Time: 0h:0m:2s (0h:0m:2s left)
Iteration 60 / LogL: -4618.247 / Time: 0h:0m:2s (0h:0m:1s left)
Iteration 70 / LogL: -4618.681 / Time: 0h:0m:2s (0h:0m:1s left)
Iteration 80 / LogL: -4618.246 / Time: 0h:0m:3s (0h:0m:0s left)
Iteration 90 / LogL: -4618.258 / Time: 0h:0m:3s (0h:0m:0s left)
Iteration 100 / LogL: -4618.236 / Time: 0h:0m:4s (0h:0m:0s left)
TREE SEARCH COMPLETED AFTER 102 ITERATIONS / Time: 0h:0m:4s

--------------------------------------------------------------------
|                    FINALIZING TREE SEARCH                        |
--------------------------------------------------------------------
Performs final model parameters optimization
Estimate model parameters (epsilon = 0.010)
1. Initial log-likelihood: -4618.228
Optimal log-likelihood: -4618.228
Rate parameters:  A-C: 2.85353  A-G: 5.38440  A-T: 1.45090  C-G: 1.81970  C-T: 9.06990  G-T: 1.00000
Base frequencies:  A: 0.331  C: 0.172  G: 0.253  T: 0.243
Gamma shape alpha: 0.463
Parameters optimization took 1 rounds (0.004 sec)
BEST SCORE FOUND : -4618.228

Testing tree branches by SH-like aLRT with 1000 replicates...
0.056 sec.
Total tree length: 1.406

Total number of iterations: 102
CPU time used for tree search: 3.957 sec (0h:0m:3s)
Wall-clock time used for tree search: 4.159 sec (0h:0m:4s)
Total CPU time used: 4.242 sec (0h:0m:4s)
Total wall-clock time used: 4.291 sec (0h:0m:4s)

Analysis results written to: 
  IQ-TREE report:                cluster3358rr.1to1ortho.fa.aln-cln_gene1133.fa.iqtree
  Maximum-likelihood tree:       cluster3358rr.1to1ortho.fa.aln-cln_gene1133.fa.treefile
  Likelihood distances:          cluster3358rr.1to1ortho.fa.aln-cln_gene1133.fa.mldist
  Screen log file:               cluster3358rr.1to1ortho.fa.aln-cln_gene1133.fa.log

Date and Time: Mon Nov 25 10:28:19 2019
