IQ-TREE multicore version 1.6.11 for Mac OS X 64-bit built Jul 12 2019
Developed by Bui Quang Minh, Nguyen Lam Tung, Olga Chernomor,
Heiko Schmidt, Dominik Schrempf, Michael Woodhams.

Host:    slpc437 (AVX2, FMA3, 16 GB RAM)
Command: iqtree -s cluster3830rr.1to1ortho.fa.aln-cln_gene230.fa -nt 4 -m GTR+G -alrt 1000
Seed:    682578 (Using SPRNG - Scalable Parallel Random Number Generator)
Time:    Mon Nov 25 10:37:53 2019
Kernel:  AVX+FMA - 4 threads (6 CPU cores detected)

Reading alignment file cluster3830rr.1to1ortho.fa.aln-cln_gene230.fa ... Fasta format detected
Alignment most likely contains DNA/RNA sequences
Alignment has 13 sequences with 1373 columns, 626 distinct patterns
443 parsimony-informative, 192 singleton sites, 738 constant sites
           Gap/Ambiguity  Composition  p-value
   1  DrolusSFB    6.05%    passed     71.92%
   2  Dino         7.79%    passed     16.65%
   3  MJM3360      3.28%    failed      4.26%
   4  DrobinSFB   10.49%    passed     36.74%
   5  Neam         0.00%    passed     98.65%
   6  RuprSFB      3.42%    passed     81.57%
   7  Retr         7.14%    passed     83.95%
   8  Beta         5.39%    failed      4.26%
   9  Spol         5.10%    passed     57.68%
  10  MJM1652     26.66%    passed     29.56%
  11  NepSFB       0.00%    passed     96.46%
  12  WPYJ        53.46%    passed     26.47%
  13  MJM2940      0.73%    passed     41.92%
WARNING: 1 sequences contain more than 50% gaps/ambiguity
****  TOTAL        9.96%  2 sequences failed composition chi2 test (p-value<5%; df=3)

Create initial parsimony tree by phylogenetic likelihood library (PLL)... 0.001 seconds

NOTE: 1 MB RAM (0 GB) is required!
Estimate model parameters (epsilon = 0.100)
1. Initial log-likelihood: -8714.706
2. Current log-likelihood: -8349.616
3. Current log-likelihood: -8344.749
Optimal log-likelihood: -8344.681
Rate parameters:  A-C: 1.09896  A-G: 2.59304  A-T: 0.95573  C-G: 0.77501  C-T: 3.88591  G-T: 1.00000
Base frequencies:  A: 0.245  C: 0.237  G: 0.246  T: 0.272
Gamma shape alpha: 0.375
Parameters optimization took 3 rounds (0.037 sec)
Computing ML distances based on estimated model parameters... 0.001 sec
Computing BIONJ tree...
0.002 seconds
Log-likelihood of BIONJ tree: -8348.522
--------------------------------------------------------------------
|             INITIALIZING CANDIDATE TREE SET                      |
--------------------------------------------------------------------
Generating 98 parsimony trees... 0.089 second
Computing log-likelihood of 97 initial trees ... 0.426 seconds
Current best score: -8344.681

Do NNI search on 20 best initial trees
Estimate model parameters (epsilon = 0.100)
BETTER TREE FOUND at iteration 1: -8344.679
Iteration 10 / LogL: -8344.821 / Time: 0h:0m:0s
Iteration 20 / LogL: -8345.841 / Time: 0h:0m:1s
Finish initializing candidate tree set (1)
Current best tree score: -8344.679 / CPU time: 0.996
Number of iterations: 20
--------------------------------------------------------------------
|               OPTIMIZING CANDIDATE TREE SET                      |
--------------------------------------------------------------------
Iteration 30 / LogL: -8346.055 / Time: 0h:0m:1s (0h:0m:3s left)
Iteration 40 / LogL: -8344.887 / Time: 0h:0m:1s (0h:0m:2s left)
Iteration 50 / LogL: -8344.790 / Time: 0h:0m:2s (0h:0m:2s left)
Iteration 60 / LogL: -8344.729 / Time: 0h:0m:2s (0h:0m:1s left)
Iteration 70 / LogL: -8374.459 / Time: 0h:0m:2s (0h:0m:1s left)
Iteration 80 / LogL: -8344.749 / Time: 0h:0m:3s (0h:0m:0s left)
Iteration 90 / LogL: -8344.827 / Time: 0h:0m:3s (0h:0m:0s left)
Iteration 100 / LogL: -8344.817 / Time: 0h:0m:3s (0h:0m:0s left)
TREE SEARCH COMPLETED AFTER 102 ITERATIONS / Time: 0h:0m:3s

--------------------------------------------------------------------
|                    FINALIZING TREE SEARCH                        |
--------------------------------------------------------------------
Performs final model parameters optimization
Estimate model parameters (epsilon = 0.010)
1. Initial log-likelihood: -8344.679
Optimal log-likelihood: -8344.679
Rate parameters:  A-C: 1.09652  A-G: 2.59370  A-T: 0.95357  C-G: 0.77264  C-T: 3.88138  G-T: 1.00000
Base frequencies:  A: 0.245  C: 0.237  G: 0.246  T: 0.272
Gamma shape alpha: 0.375
Parameters optimization took 1 rounds (0.005 sec)
BEST SCORE FOUND : -8344.679

Testing tree branches by SH-like aLRT with 1000 replicates...
0.083 sec.
Total tree length: 1.705

Total number of iterations: 102
CPU time used for tree search: 4.535 sec (0h:0m:4s)
Wall-clock time used for tree search: 3.940 sec (0h:0m:3s)
Total CPU time used: 4.914 sec (0h:0m:4s)
Total wall-clock time used: 4.085 sec (0h:0m:4s)

Analysis results written to: 
  IQ-TREE report:                cluster3830rr.1to1ortho.fa.aln-cln_gene230.fa.iqtree
  Maximum-likelihood tree:       cluster3830rr.1to1ortho.fa.aln-cln_gene230.fa.treefile
  Likelihood distances:          cluster3830rr.1to1ortho.fa.aln-cln_gene230.fa.mldist
  Screen log file:               cluster3830rr.1to1ortho.fa.aln-cln_gene230.fa.log

Date and Time: Mon Nov 25 10:37:57 2019
