IQ-TREE multicore version 1.6.11 for Mac OS X 64-bit built Jul 12 2019
Developed by Bui Quang Minh, Nguyen Lam Tung, Olga Chernomor,
Heiko Schmidt, Dominik Schrempf, Michael Woodhams.

Host:    slpc437 (AVX2, FMA3, 16 GB RAM)
Command: iqtree -s cluster3517rr.1to1ortho.fa.aln-cln_gene1114.fa -nt 4 -m GTR+G -alrt 1000
Seed:    59647 (Using SPRNG - Scalable Parallel Random Number Generator)
Time:    Mon Nov 25 10:31:57 2019
Kernel:  AVX+FMA - 4 threads (6 CPU cores detected)

Reading alignment file cluster3517rr.1to1ortho.fa.aln-cln_gene1114.fa ... Fasta format detected
Alignment most likely contains DNA/RNA sequences
Alignment has 13 sequences with 1961 columns, 1025 distinct patterns
742 parsimony-informative, 365 singleton sites, 854 constant sites
           Gap/Ambiguity  Composition  p-value
   1  DrolusSFB   32.48%    passed     56.11%
   2  Dino        45.33%    passed     41.83%
   3  MJM3360     51.56%    passed     65.13%
   4  DrobinSFB   33.25%    passed     94.64%
   5  Neam         0.76%    passed     86.48%
   6  RuprSFB     49.82%    passed     64.74%
   7  Retr        52.58%    passed     80.12%
   8  Beta         4.54%    passed     30.29%
   9  Spol         6.12%    passed     82.42%
  10  MJM1652     27.54%    passed     30.57%
  11  NepSFB       0.76%    passed     94.37%
  12  WPYJ        67.26%    passed     43.77%
  13  MJM2940      6.73%    passed     75.30%
WARNING: 3 sequences contain more than 50% gaps/ambiguity
****  TOTAL       29.13%  0 sequences failed composition chi2 test (p-value<5%; df=3)

Create initial parsimony tree by phylogenetic likelihood library (PLL)... 0.001 seconds

NOTE: 1 MB RAM (0 GB) is required!
Estimate model parameters (epsilon = 0.100)
1. Initial log-likelihood: -11633.635
2. Current log-likelihood: -11083.111
3. Current log-likelihood: -11076.690
4. Current log-likelihood: -11076.491
Optimal log-likelihood: -11076.482
Rate parameters:  A-C: 1.52857  A-G: 3.58024  A-T: 1.21010  C-G: 1.63033  C-T: 7.39544  G-T: 1.00000
Base frequencies:  A: 0.334  C: 0.169  G: 0.264  T: 0.234
Gamma shape alpha: 0.691
Parameters optimization took 4 rounds (0.088 sec)
Computing ML distances based on estimated model parameters... 0.002 sec
Computing BIONJ tree...
0.003 seconds
Log-likelihood of BIONJ tree: -11101.250
--------------------------------------------------------------------
|             INITIALIZING CANDIDATE TREE SET                      |
--------------------------------------------------------------------
Generating 98 parsimony trees... 0.113 second
Computing log-likelihood of 98 initial trees ... 0.524 seconds
Current best score: -11072.546

Do NNI search on 20 best initial trees
Estimate model parameters (epsilon = 0.100)
BETTER TREE FOUND at iteration 1: -11068.960
Iteration 10 / LogL: -11069.032 / Time: 0h:0m:1s
Iteration 20 / LogL: -11069.031 / Time: 0h:0m:1s
Finish initializing candidate tree set (2)
Current best tree score: -11068.960 / CPU time: 1.606
Number of iterations: 20
--------------------------------------------------------------------
|               OPTIMIZING CANDIDATE TREE SET                      |
--------------------------------------------------------------------
Iteration 30 / LogL: -11069.940 / Time: 0h:0m:2s (0h:0m:5s left)
Iteration 40 / LogL: -11069.087 / Time: 0h:0m:2s (0h:0m:4s left)
Iteration 50 / LogL: -11069.016 / Time: 0h:0m:3s (0h:0m:3s left)
Iteration 60 / LogL: -11069.203 / Time: 0h:0m:3s (0h:0m:2s left)
Iteration 70 / LogL: -11068.994 / Time: 0h:0m:4s (0h:0m:1s left)
Iteration 80 / LogL: -11069.006 / Time: 0h:0m:4s (0h:0m:1s left)
Iteration 90 / LogL: -11069.069 / Time: 0h:0m:5s (0h:0m:0s left)
Iteration 100 / LogL: -11069.220 / Time: 0h:0m:5s (0h:0m:0s left)
TREE SEARCH COMPLETED AFTER 102 ITERATIONS / Time: 0h:0m:6s

--------------------------------------------------------------------
|                    FINALIZING TREE SEARCH                        |
--------------------------------------------------------------------
Performs final model parameters optimization
Estimate model parameters (epsilon = 0.010)
1. Initial log-likelihood: -11068.960
Optimal log-likelihood: -11068.959
Rate parameters:  A-C: 1.53335  A-G: 3.57289  A-T: 1.20073  C-G: 1.60910  C-T: 7.41229  G-T: 1.00000
Base frequencies:  A: 0.334  C: 0.169  G: 0.264  T: 0.234
Gamma shape alpha: 0.690
Parameters optimization took 1 rounds (0.006 sec)
BEST SCORE FOUND : -11068.959

Testing tree branches by SH-like aLRT with 1000 replicates...
0.112 sec.
Total tree length: 2.297

Total number of iterations: 102
CPU time used for tree search: 8.109 sec (0h:0m:8s)
Wall-clock time used for tree search: 5.894 sec (0h:0m:5s)
Total CPU time used: 8.765 sec (0h:0m:8s)
Total wall-clock time used: 6.127 sec (0h:0m:6s)

Analysis results written to: 
  IQ-TREE report:                cluster3517rr.1to1ortho.fa.aln-cln_gene1114.fa.iqtree
  Maximum-likelihood tree:       cluster3517rr.1to1ortho.fa.aln-cln_gene1114.fa.treefile
  Likelihood distances:          cluster3517rr.1to1ortho.fa.aln-cln_gene1114.fa.mldist
  Screen log file:               cluster3517rr.1to1ortho.fa.aln-cln_gene1114.fa.log

Date and Time: Mon Nov 25 10:32:03 2019
