IQ-TREE multicore version 1.6.11 for Mac OS X 64-bit built Jul 12 2019
Developed by Bui Quang Minh, Nguyen Lam Tung, Olga Chernomor,
Heiko Schmidt, Dominik Schrempf, Michael Woodhams.

Host:    slpc437 (AVX2, FMA3, 16 GB RAM)
Command: iqtree -s cluster1252rr.1to1ortho.fa.aln-cln_gene326.fa -nt 4 -m GTR+G -alrt 1000
Seed:    935268 (Using SPRNG - Scalable Parallel Random Number Generator)
Time:    Mon Nov 25 09:39:32 2019
Kernel:  AVX+FMA - 4 threads (6 CPU cores detected)

Reading alignment file cluster1252rr.1to1ortho.fa.aln-cln_gene326.fa ... Fasta format detected
Alignment most likely contains DNA/RNA sequences
Alignment has 13 sequences with 2046 columns, 996 distinct patterns
715 parsimony-informative, 338 singleton sites, 993 constant sites
           Gap/Ambiguity  Composition  p-value
   1  DrolusSFB    1.52%    passed     75.15%
   2  Dino         0.44%    passed     87.29%
   3  MJM3360     22.87%    passed     58.15%
   4  DrobinSFB    2.44%    passed     88.96%
   5  Neam         0.59%    passed     94.56%
   6  RuprSFB      1.71%    passed     56.41%
   7  Retr        18.38%    passed     86.15%
   8  Beta         0.93%    passed     17.09%
   9  Spol         2.20%    passed     36.49%
  10  MJM1652      1.56%    passed     91.86%
  11  NepSFB       0.59%    passed     91.90%
  12  WPYJ        62.46%    passed     65.77%
  13  MJM2940      0.15%    passed     43.88%
WARNING: 1 sequences contain more than 50% gaps/ambiguity
****  TOTAL        8.91%  0 sequences failed composition chi2 test (p-value<5%; df=3)

Create initial parsimony tree by phylogenetic likelihood library (PLL)... 0.001 seconds

NOTE: 1 MB RAM (0 GB) is required!
Estimate model parameters (epsilon = 0.100)
1. Initial log-likelihood: -13650.254
2. Current log-likelihood: -13091.655
3. Current log-likelihood: -13087.885
Optimal log-likelihood: -13087.810
Rate parameters:  A-C: 1.57321  A-G: 4.66936  A-T: 1.94445  C-G: 1.25088  C-T: 6.18199  G-T: 1.00000
Base frequencies:  A: 0.264  C: 0.207  G: 0.260  T: 0.269
Gamma shape alpha: 0.488
Parameters optimization took 3 rounds (0.044 sec)
Computing ML distances based on estimated model parameters... 0.002 sec
Computing BIONJ tree...
0.002 seconds
Log-likelihood of BIONJ tree: -13086.786
--------------------------------------------------------------------
|             INITIALIZING CANDIDATE TREE SET                      |
--------------------------------------------------------------------
Generating 98 parsimony trees... 0.108 second
Computing log-likelihood of 98 initial trees ... 0.473 seconds
Current best score: -13086.786

Do NNI search on 20 best initial trees
Estimate model parameters (epsilon = 0.100)
BETTER TREE FOUND at iteration 1: -13086.065
Iteration 10 / LogL: -13086.102 / Time: 0h:0m:0s
Iteration 20 / LogL: -13088.626 / Time: 0h:0m:1s
Finish initializing candidate tree set (1)
Current best tree score: -13086.065 / CPU time: 1.209
Number of iterations: 20
--------------------------------------------------------------------
|               OPTIMIZING CANDIDATE TREE SET                      |
--------------------------------------------------------------------
Iteration 30 / LogL: -13086.091 / Time: 0h:0m:1s (0h:0m:4s left)
Iteration 40 / LogL: -13086.195 / Time: 0h:0m:2s (0h:0m:3s left)
Iteration 50 / LogL: -13086.083 / Time: 0h:0m:2s (0h:0m:2s left)
Iteration 60 / LogL: -13086.127 / Time: 0h:0m:3s (0h:0m:2s left)
Iteration 70 / LogL: -13086.069 / Time: 0h:0m:3s (0h:0m:1s left)
Iteration 80 / LogL: -13086.113 / Time: 0h:0m:4s (0h:0m:1s left)
Iteration 90 / LogL: -13086.292 / Time: 0h:0m:4s (0h:0m:0s left)
Iteration 100 / LogL: -13086.171 / Time: 0h:0m:5s (0h:0m:0s left)
TREE SEARCH COMPLETED AFTER 102 ITERATIONS / Time: 0h:0m:5s

--------------------------------------------------------------------
|                    FINALIZING TREE SEARCH                        |
--------------------------------------------------------------------
Performs final model parameters optimization
Estimate model parameters (epsilon = 0.010)
1. Initial log-likelihood: -13086.065
2. Current log-likelihood: -13086.032
Optimal log-likelihood: -13086.025
Rate parameters:  A-C: 1.58794  A-G: 4.80433  A-T: 1.98820  C-G: 1.28562  C-T: 6.35557  G-T: 1.00000
Base frequencies:  A: 0.264  C: 0.207  G: 0.260  T: 0.269
Gamma shape alpha: 0.490
Parameters optimization took 2 rounds (0.012 sec)
BEST SCORE FOUND : -13086.025

Testing tree branches by SH-like aLRT with 1000 replicates...
0.115 sec.
Total tree length: 1.706

Total number of iterations: 102
CPU time used for tree search: 6.927 sec (0h:0m:6s)
Wall-clock time used for tree search: 5.057 sec (0h:0m:5s)
Total CPU time used: 7.484 sec (0h:0m:7s)
Total wall-clock time used: 5.248 sec (0h:0m:5s)

Analysis results written to: 
  IQ-TREE report:                cluster1252rr.1to1ortho.fa.aln-cln_gene326.fa.iqtree
  Maximum-likelihood tree:       cluster1252rr.1to1ortho.fa.aln-cln_gene326.fa.treefile
  Likelihood distances:          cluster1252rr.1to1ortho.fa.aln-cln_gene326.fa.mldist
  Screen log file:               cluster1252rr.1to1ortho.fa.aln-cln_gene326.fa.log

Date and Time: Mon Nov 25 09:39:38 2019
