IQ-TREE multicore version 1.6.11 for Mac OS X 64-bit built Jul 12 2019
Developed by Bui Quang Minh, Nguyen Lam Tung, Olga Chernomor,
Heiko Schmidt, Dominik Schrempf, Michael Woodhams.

Host:    slpc437 (AVX2, FMA3, 16 GB RAM)
Command: iqtree -s cluster3849rr.1to1ortho.fa.aln-cln_gene389.fa -nt 4 -m GTR+G -alrt 1000
Seed:    192725 (Using SPRNG - Scalable Parallel Random Number Generator)
Time:    Mon Nov 25 10:38:34 2019
Kernel:  AVX+FMA - 4 threads (6 CPU cores detected)

Reading alignment file cluster3849rr.1to1ortho.fa.aln-cln_gene389.fa ... Fasta format detected
Alignment most likely contains DNA/RNA sequences
Alignment has 13 sequences with 630 columns, 273 distinct patterns
194 parsimony-informative, 80 singleton sites, 356 constant sites
           Gap/Ambiguity  Composition  p-value
   1  DrolusSFB    0.00%    passed     90.53%
   2  Dino         0.00%    passed     98.56%
   3  MJM3360      0.00%    passed     78.90%
   4  DrobinSFB    0.00%    passed     89.16%
   5  Neam         0.00%    passed     95.18%
   6  RuprSFB      0.00%    passed     95.22%
   7  Retr        41.43%    passed     71.76%
   8  Beta         0.00%    passed     87.06%
   9  Spol         1.11%    passed     99.64%
  10  MJM1652      0.16%    passed     98.36%
  11  NepSFB       0.00%    passed     93.82%
  12  WPYJ        42.86%    passed     93.36%
  13  MJM2940      0.00%    passed     91.92%
****  TOTAL        6.58%  0 sequences failed composition chi2 test (p-value<5%; df=3)

Create initial parsimony tree by phylogenetic likelihood library (PLL)... 0.000 seconds

NOTE: 0 MB RAM (0 GB) is required!
WARNING: Number of threads seems too high for short alignments. Use -nt AUTO to determine best number of threads.
Estimate model parameters (epsilon = 0.100)
1. Initial log-likelihood: -3768.077
2. Current log-likelihood: -3616.572
3. Current log-likelihood: -3615.201
Optimal log-likelihood: -3615.187
Rate parameters:  A-C: 1.23020  A-G: 4.50390  A-T: 2.09174  C-G: 1.07757  C-T: 4.48858  G-T: 1.00000
Base frequencies:  A: 0.217  C: 0.239  G: 0.226  T: 0.318
Gamma shape alpha: 0.355
Parameters optimization took 3 rounds (0.025 sec)
Computing ML distances based on estimated model parameters... 0.001 sec
Computing BIONJ tree...
0.002 seconds
Log-likelihood of BIONJ tree: -3613.234
--------------------------------------------------------------------
|             INITIALIZING CANDIDATE TREE SET                      |
--------------------------------------------------------------------
Generating 98 parsimony trees... 0.062 second
Computing log-likelihood of 98 initial trees ... 0.399 seconds
Current best score: -3613.234

Do NNI search on 20 best initial trees
Estimate model parameters (epsilon = 0.100)
BETTER TREE FOUND at iteration 1: -3613.229
Iteration 10 / LogL: -3613.351 / Time: 0h:0m:0s
Iteration 20 / LogL: -3613.240 / Time: 0h:0m:1s
Finish initializing candidate tree set (1)
Current best tree score: -3613.229 / CPU time: 1.010
Number of iterations: 20
--------------------------------------------------------------------
|               OPTIMIZING CANDIDATE TREE SET                      |
--------------------------------------------------------------------
Iteration 30 / LogL: -3613.258 / Time: 0h:0m:1s (0h:0m:3s left)
Iteration 40 / LogL: -3614.237 / Time: 0h:0m:1s (0h:0m:2s left)
Iteration 50 / LogL: -3613.290 / Time: 0h:0m:2s (0h:0m:2s left)
Iteration 60 / LogL: -3613.315 / Time: 0h:0m:2s (0h:0m:1s left)
Iteration 70 / LogL: -3613.258 / Time: 0h:0m:2s (0h:0m:1s left)
Iteration 80 / LogL: -3613.247 / Time: 0h:0m:3s (0h:0m:0s left)
Iteration 90 / LogL: -3613.345 / Time: 0h:0m:3s (0h:0m:0s left)
Iteration 100 / LogL: -3613.257 / Time: 0h:0m:3s (0h:0m:0s left)
TREE SEARCH COMPLETED AFTER 102 ITERATIONS / Time: 0h:0m:3s

--------------------------------------------------------------------
|                    FINALIZING TREE SEARCH                        |
--------------------------------------------------------------------
Performs final model parameters optimization
Estimate model parameters (epsilon = 0.010)
1. Initial log-likelihood: -3613.229
Optimal log-likelihood: -3613.229
Rate parameters:  A-C: 1.23396  A-G: 4.47808  A-T: 2.09569  C-G: 1.08401  C-T: 4.51091  G-T: 1.00000
Base frequencies:  A: 0.217  C: 0.239  G: 0.226  T: 0.318
Gamma shape alpha: 0.357
Parameters optimization took 1 rounds (0.004 sec)
BEST SCORE FOUND : -3613.229

Testing tree branches by SH-like aLRT with 1000 replicates...
0.046 sec.
Total tree length: 1.413

Total number of iterations: 102
CPU time used for tree search: 3.373 sec (0h:0m:3s)
Wall-clock time used for tree search: 3.852 sec (0h:0m:3s)
Total CPU time used: 3.563 sec (0h:0m:3s)
Total wall-clock time used: 3.944 sec (0h:0m:3s)

Analysis results written to: 
  IQ-TREE report:                cluster3849rr.1to1ortho.fa.aln-cln_gene389.fa.iqtree
  Maximum-likelihood tree:       cluster3849rr.1to1ortho.fa.aln-cln_gene389.fa.treefile
  Likelihood distances:          cluster3849rr.1to1ortho.fa.aln-cln_gene389.fa.mldist
  Screen log file:               cluster3849rr.1to1ortho.fa.aln-cln_gene389.fa.log

Date and Time: Mon Nov 25 10:38:38 2019
