IQ-TREE multicore version 1.6.11 for Mac OS X 64-bit built Jul 12 2019
Developed by Bui Quang Minh, Nguyen Lam Tung, Olga Chernomor,
Heiko Schmidt, Dominik Schrempf, Michael Woodhams.

Host:    slpc437 (AVX2, FMA3, 16 GB RAM)
Command: iqtree -s cluster3536rr.1to1ortho.fa.aln-cln_gene928.fa -nt 4 -m GTR+G -alrt 1000
Seed:    716791 (Using SPRNG - Scalable Parallel Random Number Generator)
Time:    Mon Nov 25 10:32:35 2019
Kernel:  AVX+FMA - 4 threads (6 CPU cores detected)

Reading alignment file cluster3536rr.1to1ortho.fa.aln-cln_gene928.fa ... Fasta format detected
Alignment most likely contains DNA/RNA sequences
Alignment has 13 sequences with 2096 columns, 1229 distinct patterns
850 parsimony-informative, 392 singleton sites, 854 constant sites
           Gap/Ambiguity  Composition  p-value
   1  DrolusSFB   17.41%    passed     14.06%
   2  Dino         0.29%    passed     55.03%
   3  MJM3360     33.59%    passed      9.84%
   4  DrobinSFB    6.68%    passed     79.11%
   5  Neam         1.24%    passed     50.03%
   6  RuprSFB      4.39%    passed     62.73%
   7  Retr        56.63%    passed     85.68%
   8  Beta         1.91%    passed     41.20%
   9  Spol         2.34%    passed     12.79%
  10  MJM1652      0.81%    passed     99.11%
  11  NepSFB      31.49%    passed     13.61%
  12  WPYJ        72.09%    passed     17.17%
  13  MJM2940      0.62%    passed     97.24%
WARNING: 2 sequences contain more than 50% gaps/ambiguity
****  TOTAL       17.65%  0 sequences failed composition chi2 test (p-value<5%; df=3)

Create initial parsimony tree by phylogenetic likelihood library (PLL)... 0.001 seconds

NOTE: 2 MB RAM (0 GB) is required!
Estimate model parameters (epsilon = 0.100)
1. Initial log-likelihood: -14667.333
2. Current log-likelihood: -14099.437
3. Current log-likelihood: -14062.915
4. Current log-likelihood: -14062.390
Optimal log-likelihood: -14062.377
Rate parameters:  A-C: 1.41400  A-G: 4.33168  A-T: 1.52511  C-G: 1.36224  C-T: 4.98884  G-T: 1.00000
Base frequencies:  A: 0.280  C: 0.195  G: 0.254  T: 0.270
Gamma shape alpha: 0.736
Parameters optimization took 4 rounds (0.064 sec)
Computing ML distances based on estimated model parameters... 0.002 sec
Computing BIONJ tree...
0.002 seconds
Log-likelihood of BIONJ tree: -14058.805
--------------------------------------------------------------------
|             INITIALIZING CANDIDATE TREE SET                      |
--------------------------------------------------------------------
Generating 98 parsimony trees... 0.127 second
Computing log-likelihood of 98 initial trees ... 0.530 seconds
Current best score: -14058.805

Do NNI search on 20 best initial trees
Estimate model parameters (epsilon = 0.100)
BETTER TREE FOUND at iteration 1: -14058.295
Iteration 10 / LogL: -14058.302 / Time: 0h:0m:1s
Iteration 20 / LogL: -14058.639 / Time: 0h:0m:1s
Finish initializing candidate tree set (1)
Current best tree score: -14058.295 / CPU time: 1.477
Number of iterations: 20
--------------------------------------------------------------------
|               OPTIMIZING CANDIDATE TREE SET                      |
--------------------------------------------------------------------
UPDATE BEST LOG-LIKELIHOOD: -14058.295
Iteration 30 / LogL: -14058.305 / Time: 0h:0m:1s (0h:0m:4s left)
Iteration 40 / LogL: -14058.300 / Time: 0h:0m:2s (0h:0m:3s left)
Iteration 50 / LogL: -14058.693 / Time: 0h:0m:2s (0h:0m:3s left)
Iteration 60 / LogL: -14058.351 / Time: 0h:0m:3s (0h:0m:2s left)
Iteration 70 / LogL: -14058.323 / Time: 0h:0m:3s (0h:0m:1s left)
Iteration 80 / LogL: -14060.063 / Time: 0h:0m:4s (0h:0m:1s left)
Iteration 90 / LogL: -14058.354 / Time: 0h:0m:4s (0h:0m:0s left)
Iteration 100 / LogL: -14058.499 / Time: 0h:0m:5s (0h:0m:0s left)
TREE SEARCH COMPLETED AFTER 102 ITERATIONS / Time: 0h:0m:5s

--------------------------------------------------------------------
|                    FINALIZING TREE SEARCH                        |
--------------------------------------------------------------------
Performs final model parameters optimization
Estimate model parameters (epsilon = 0.010)
1. Initial log-likelihood: -14058.295
Optimal log-likelihood: -14058.293
Rate parameters:  A-C: 1.40261  A-G: 4.32111  A-T: 1.52678  C-G: 1.34870  C-T: 4.98779  G-T: 1.00000
Base frequencies:  A: 0.280  C: 0.195  G: 0.254  T: 0.270
Gamma shape alpha: 0.741
Parameters optimization took 1 rounds (0.007 sec)
BEST SCORE FOUND : -14058.293

Testing tree branches by SH-like aLRT with 1000 replicates...
0.119 sec.
Total tree length: 2.093

Total number of iterations: 102
CPU time used for tree search: 8.029 sec (0h:0m:8s)
Wall-clock time used for tree search: 5.389 sec (0h:0m:5s)
Total CPU time used: 8.657 sec (0h:0m:8s)
Total wall-clock time used: 5.603 sec (0h:0m:5s)

Analysis results written to: 
  IQ-TREE report:                cluster3536rr.1to1ortho.fa.aln-cln_gene928.fa.iqtree
  Maximum-likelihood tree:       cluster3536rr.1to1ortho.fa.aln-cln_gene928.fa.treefile
  Likelihood distances:          cluster3536rr.1to1ortho.fa.aln-cln_gene928.fa.mldist
  Screen log file:               cluster3536rr.1to1ortho.fa.aln-cln_gene928.fa.log

Date and Time: Mon Nov 25 10:32:41 2019
