IQ-TREE multicore version 1.6.11 for Mac OS X 64-bit built Jul 12 2019
Developed by Bui Quang Minh, Nguyen Lam Tung, Olga Chernomor,
Heiko Schmidt, Dominik Schrempf, Michael Woodhams.

Host:    slpc437 (AVX2, FMA3, 16 GB RAM)
Command: iqtree -s cluster2599rr.1to1ortho.fa.aln-cln_gene205.fa -nt 4 -m GTR+G -alrt 1000
Seed:    208095 (Using SPRNG - Scalable Parallel Random Number Generator)
Time:    Mon Nov 25 10:09:18 2019
Kernel:  AVX+FMA - 4 threads (6 CPU cores detected)

Reading alignment file cluster2599rr.1to1ortho.fa.aln-cln_gene205.fa ... Fasta format detected
Alignment most likely contains DNA/RNA sequences
Alignment has 13 sequences with 2250 columns, 867 distinct patterns
696 parsimony-informative, 333 singleton sites, 1221 constant sites
           Gap/Ambiguity  Composition  p-value
   1  DrolusSFB   45.47%    passed     47.94%
   2  Dino        49.96%    failed      3.59%
   3  MJM3360     49.56%    passed     56.24%
   4  DrobinSFB    0.62%    passed     83.13%
   5  Neam         0.04%    passed     73.20%
   6  RuprSFB     49.56%    passed     64.95%
   7  Retr        34.93%    passed      5.61%
   8  Beta         0.67%    passed     25.78%
   9  Spol         0.67%    passed     59.80%
  10  MJM1652      0.76%    passed     99.63%
  11  NepSFB       0.04%    passed     81.95%
  12  WPYJ        50.13%    passed     24.09%
  13  MJM2940      0.58%    passed     89.87%
WARNING: 1 sequences contain more than 50% gaps/ambiguity
****  TOTAL       21.77%  1 sequences failed composition chi2 test (p-value<5%; df=3)

Create initial parsimony tree by phylogenetic likelihood library (PLL)... 0.001 seconds

NOTE: 1 MB RAM (0 GB) is required!
Estimate model parameters (epsilon = 0.100)
1. Initial log-likelihood: -12490.464
2. Current log-likelihood: -11936.873
3. Current log-likelihood: -11933.111
Optimal log-likelihood: -11933.078
Rate parameters:  A-C: 1.24604  A-G: 4.07027  A-T: 1.35572  C-G: 1.03492  C-T: 4.06451  G-T: 1.00000
Base frequencies:  A: 0.241  C: 0.229  G: 0.234  T: 0.296
Gamma shape alpha: 0.478
Parameters optimization took 3 rounds (0.040 sec)
Computing ML distances based on estimated model parameters... 0.002 sec
Computing BIONJ tree...
0.002 seconds
Log-likelihood of BIONJ tree: -11954.886
--------------------------------------------------------------------
|             INITIALIZING CANDIDATE TREE SET                      |
--------------------------------------------------------------------
Generating 98 parsimony trees... 0.117 second
Computing log-likelihood of 97 initial trees ... 0.478 seconds
Current best score: -11933.078

Do NNI search on 20 best initial trees
Estimate model parameters (epsilon = 0.100)
BETTER TREE FOUND at iteration 1: -11930.255
Iteration 10 / LogL: -11930.399 / Time: 0h:0m:0s
Iteration 20 / LogL: -11930.272 / Time: 0h:0m:1s
Finish initializing candidate tree set (2)
Current best tree score: -11930.255 / CPU time: 1.245
Number of iterations: 20
--------------------------------------------------------------------
|               OPTIMIZING CANDIDATE TREE SET                      |
--------------------------------------------------------------------
Iteration 30 / LogL: -11930.748 / Time: 0h:0m:1s (0h:0m:4s left)
Iteration 40 / LogL: -11930.320 / Time: 0h:0m:2s (0h:0m:3s left)
Iteration 50 / LogL: -11930.304 / Time: 0h:0m:2s (0h:0m:2s left)
Iteration 60 / LogL: -11930.406 / Time: 0h:0m:2s (0h:0m:2s left)
Iteration 70 / LogL: -11930.857 / Time: 0h:0m:3s (0h:0m:1s left)
Iteration 80 / LogL: -11930.377 / Time: 0h:0m:3s (0h:0m:1s left)
Iteration 90 / LogL: -11930.405 / Time: 0h:0m:4s (0h:0m:0s left)
Iteration 100 / LogL: -11930.354 / Time: 0h:0m:4s (0h:0m:0s left)
TREE SEARCH COMPLETED AFTER 102 ITERATIONS / Time: 0h:0m:4s

--------------------------------------------------------------------
|                    FINALIZING TREE SEARCH                        |
--------------------------------------------------------------------
Performs final model parameters optimization
Estimate model parameters (epsilon = 0.010)
1. Initial log-likelihood: -11930.255
2. Current log-likelihood: -11930.242
Optimal log-likelihood: -11930.241
Rate parameters:  A-C: 1.27422  A-G: 4.17659  A-T: 1.39212  C-G: 1.05367  C-T: 4.17351  G-T: 1.00000
Base frequencies:  A: 0.241  C: 0.229  G: 0.234  T: 0.296
Gamma shape alpha: 0.478
Parameters optimization took 2 rounds (0.012 sec)
BEST SCORE FOUND : -11930.241

Testing tree branches by SH-like aLRT with 1000 replicates...
0.125 sec.
Total tree length: 1.529

Total number of iterations: 102
CPU time used for tree search: 6.169 sec (0h:0m:6s)
Wall-clock time used for tree search: 4.764 sec (0h:0m:4s)
Total CPU time used: 6.755 sec (0h:0m:6s)
Total wall-clock time used: 4.969 sec (0h:0m:4s)

Analysis results written to: 
  IQ-TREE report:                cluster2599rr.1to1ortho.fa.aln-cln_gene205.fa.iqtree
  Maximum-likelihood tree:       cluster2599rr.1to1ortho.fa.aln-cln_gene205.fa.treefile
  Likelihood distances:          cluster2599rr.1to1ortho.fa.aln-cln_gene205.fa.mldist
  Screen log file:               cluster2599rr.1to1ortho.fa.aln-cln_gene205.fa.log

Date and Time: Mon Nov 25 10:09:23 2019
