IQ-TREE multicore version 1.6.11 for Mac OS X 64-bit built Jul 12 2019
Developed by Bui Quang Minh, Nguyen Lam Tung, Olga Chernomor,
Heiko Schmidt, Dominik Schrempf, Michael Woodhams.

Host:    slpc437 (AVX2, FMA3, 16 GB RAM)
Command: iqtree -s cluster3034rr.1to1ortho.fa.aln-cln_gene1018.fa -nt 4 -m GTR+G -alrt 1000
Seed:    956025 (Using SPRNG - Scalable Parallel Random Number Generator)
Time:    Mon Nov 25 10:20:40 2019
Kernel:  AVX+FMA - 4 threads (6 CPU cores detected)

Reading alignment file cluster3034rr.1to1ortho.fa.aln-cln_gene1018.fa ... Fasta format detected
Alignment most likely contains DNA/RNA sequences
Alignment has 13 sequences with 595 columns, 301 distinct patterns
166 parsimony-informative, 104 singleton sites, 324 constant sites
           Gap/Ambiguity  Composition  p-value
   1  DrolusSFB    6.05%    passed     98.91%
   2  Dino         0.50%    passed     96.27%
   3  MJM3360     11.76%    passed     73.00%
   4  DrobinSFB   17.82%    passed     95.21%
   5  Neam        41.34%    passed     60.31%
   6  RuprSFB      5.21%    passed     99.26%
   7  Retr         3.03%    passed     96.46%
   8  Beta         6.22%    passed     89.02%
   9  Spol         6.22%    passed     97.32%
  10  MJM1652      5.71%    passed     91.62%
  11  NepSFB       0.50%    passed     98.40%
  12  WPYJ         3.53%    passed     99.02%
  13  MJM2940      1.01%    passed     97.35%
****  TOTAL        8.38%  0 sequences failed composition chi2 test (p-value<5%; df=3)

Create initial parsimony tree by phylogenetic likelihood library (PLL)... 0.001 seconds

NOTE: 0 MB RAM (0 GB) is required!
WARNING: Number of threads seems too high for short alignments. Use -nt AUTO to determine best number of threads.
Estimate model parameters (epsilon = 0.100)
1. Initial log-likelihood: -3616.683
2. Current log-likelihood: -3456.924
3. Current log-likelihood: -3455.847
Optimal log-likelihood: -3455.829
Rate parameters:  A-C: 1.58567  A-G: 3.10858  A-T: 1.39326  C-G: 0.81837  C-T: 5.84302  G-T: 1.00000
Base frequencies:  A: 0.277  C: 0.196  G: 0.246  T: 0.282
Gamma shape alpha: 0.419
Parameters optimization took 3 rounds (0.027 sec)
Computing ML distances based on estimated model parameters... 0.001 sec
Computing BIONJ tree...
0.002 seconds
Log-likelihood of BIONJ tree: -3455.946
--------------------------------------------------------------------
|             INITIALIZING CANDIDATE TREE SET                      |
--------------------------------------------------------------------
Generating 98 parsimony trees... 0.064 second
Computing log-likelihood of 98 initial trees ... 0.395 seconds
Current best score: -3455.829

Do NNI search on 20 best initial trees
Estimate model parameters (epsilon = 0.100)
BETTER TREE FOUND at iteration 1: -3454.132
Iteration 10 / LogL: -3454.151 / Time: 0h:0m:0s
Iteration 20 / LogL: -3454.141 / Time: 0h:0m:1s
Finish initializing candidate tree set (2)
Current best tree score: -3454.132 / CPU time: 1.116
Number of iterations: 20
--------------------------------------------------------------------
|               OPTIMIZING CANDIDATE TREE SET                      |
--------------------------------------------------------------------
Iteration 30 / LogL: -3454.174 / Time: 0h:0m:1s (0h:0m:3s left)
Iteration 40 / LogL: -3454.188 / Time: 0h:0m:1s (0h:0m:2s left)
Iteration 50 / LogL: -3455.261 / Time: 0h:0m:2s (0h:0m:2s left)
Iteration 60 / LogL: -3454.159 / Time: 0h:0m:2s (0h:0m:1s left)
Iteration 70 / LogL: -3454.134 / Time: 0h:0m:2s (0h:0m:1s left)
Iteration 80 / LogL: -3454.145 / Time: 0h:0m:3s (0h:0m:0s left)
Iteration 90 / LogL: -3454.722 / Time: 0h:0m:3s (0h:0m:0s left)
Iteration 100 / LogL: -3454.190 / Time: 0h:0m:3s (0h:0m:0s left)
TREE SEARCH COMPLETED AFTER 102 ITERATIONS / Time: 0h:0m:3s

--------------------------------------------------------------------
|                    FINALIZING TREE SEARCH                        |
--------------------------------------------------------------------
Performs final model parameters optimization
Estimate model parameters (epsilon = 0.010)
1. Initial log-likelihood: -3454.132
Optimal log-likelihood: -3454.125
Rate parameters:  A-C: 1.53129  A-G: 3.04234  A-T: 1.33230  C-G: 0.80636  C-T: 5.72929  G-T: 1.00000
Base frequencies:  A: 0.277  C: 0.196  G: 0.246  T: 0.282
Gamma shape alpha: 0.418
Parameters optimization took 1 rounds (0.006 sec)
BEST SCORE FOUND : -3454.125

Testing tree branches by SH-like aLRT with 1000 replicates...
0.044 sec.
Total tree length: 1.367

Total number of iterations: 102
CPU time used for tree search: 3.522 sec (0h:0m:3s)
Wall-clock time used for tree search: 3.906 sec (0h:0m:3s)
Total CPU time used: 3.718 sec (0h:0m:3s)
Total wall-clock time used: 4.002 sec (0h:0m:4s)

Analysis results written to: 
  IQ-TREE report:                cluster3034rr.1to1ortho.fa.aln-cln_gene1018.fa.iqtree
  Maximum-likelihood tree:       cluster3034rr.1to1ortho.fa.aln-cln_gene1018.fa.treefile
  Likelihood distances:          cluster3034rr.1to1ortho.fa.aln-cln_gene1018.fa.mldist
  Screen log file:               cluster3034rr.1to1ortho.fa.aln-cln_gene1018.fa.log

Date and Time: Mon Nov 25 10:20:44 2019
