IQ-TREE multicore version 1.6.11 for Mac OS X 64-bit built Jul 12 2019
Developed by Bui Quang Minh, Nguyen Lam Tung, Olga Chernomor,
Heiko Schmidt, Dominik Schrempf, Michael Woodhams.

Host:    slpc437 (AVX2, FMA3, 16 GB RAM)
Command: iqtree -s cluster3490rr.1to1ortho.fa.aln-cln_gene148.fa -nt 4 -m GTR+G -alrt 1000
Seed:    56618 (Using SPRNG - Scalable Parallel Random Number Generator)
Time:    Mon Nov 25 10:31:38 2019
Kernel:  AVX+FMA - 4 threads (6 CPU cores detected)

Reading alignment file cluster3490rr.1to1ortho.fa.aln-cln_gene148.fa ... Fasta format detected
Alignment most likely contains DNA/RNA sequences
Alignment has 13 sequences with 2065 columns, 940 distinct patterns
715 parsimony-informative, 291 singleton sites, 1059 constant sites
           Gap/Ambiguity  Composition  p-value
   1  DrolusSFB    0.00%    passed     80.57%
   2  Dino         0.00%    passed     68.86%
   3  MJM3360      2.62%    passed     60.21%
   4  DrobinSFB    2.03%    passed     53.18%
   5  Neam         0.00%    passed     98.93%
   6  RuprSFB      2.52%    passed     80.18%
   7  Retr        39.37%    passed     89.29%
   8  Beta         2.66%    passed     44.93%
   9  Spol         2.18%    passed     56.52%
  10  MJM1652      0.05%    passed     96.56%
  11  NepSFB      24.21%    passed     39.23%
  12  WPYJ         2.66%    passed     87.83%
  13  MJM2940      0.00%    passed     96.21%
****  TOTAL        6.02%  0 sequences failed composition chi2 test (p-value<5%; df=3)

Create initial parsimony tree by phylogenetic likelihood library (PLL)... 0.001 seconds

NOTE: 1 MB RAM (0 GB) is required!
Estimate model parameters (epsilon = 0.100)
1. Initial log-likelihood: -13843.747
2. Current log-likelihood: -13266.584
3. Current log-likelihood: -13260.902
4. Current log-likelihood: -13260.773
Optimal log-likelihood: -13260.770
Rate parameters:  A-C: 1.90166  A-G: 4.16028  A-T: 1.44188  C-G: 1.41399  C-T: 6.23621  G-T: 1.00000
Base frequencies:  A: 0.290  C: 0.186  G: 0.256  T: 0.269
Gamma shape alpha: 0.411
Parameters optimization took 4 rounds (0.051 sec)
Computing ML distances based on estimated model parameters... 0.002 sec
Computing BIONJ tree...
0.002 seconds
Log-likelihood of BIONJ tree: -13260.770
--------------------------------------------------------------------
|             INITIALIZING CANDIDATE TREE SET                      |
--------------------------------------------------------------------
Generating 99 parsimony trees... 0.115 second
Computing log-likelihood of 99 initial trees ... 0.478 seconds
Current best score: -13260.770

Do NNI search on 20 best initial trees
Estimate model parameters (epsilon = 0.100)
BETTER TREE FOUND at iteration 1: -13251.789
Iteration 10 / LogL: -13251.822 / Time: 0h:0m:0s
Iteration 20 / LogL: -13251.790 / Time: 0h:0m:1s
Finish initializing candidate tree set (1)
Current best tree score: -13251.789 / CPU time: 1.263
Number of iterations: 20
--------------------------------------------------------------------
|               OPTIMIZING CANDIDATE TREE SET                      |
--------------------------------------------------------------------
Iteration 30 / LogL: -13251.925 / Time: 0h:0m:1s (0h:0m:4s left)
Iteration 40 / LogL: -13251.842 / Time: 0h:0m:2s (0h:0m:3s left)
Iteration 50 / LogL: -13252.030 / Time: 0h:0m:2s (0h:0m:2s left)
Iteration 60 / LogL: -13253.702 / Time: 0h:0m:2s (0h:0m:1s left)
Iteration 70 / LogL: -13265.785 / Time: 0h:0m:3s (0h:0m:1s left)
UPDATE BEST LOG-LIKELIHOOD: -13251.789
Iteration 80 / LogL: -13251.802 / Time: 0h:0m:3s (0h:0m:0s left)
Iteration 90 / LogL: -13251.887 / Time: 0h:0m:4s (0h:0m:0s left)
Iteration 100 / LogL: -13267.758 / Time: 0h:0m:4s (0h:0m:0s left)
TREE SEARCH COMPLETED AFTER 102 ITERATIONS / Time: 0h:0m:4s

--------------------------------------------------------------------
|                    FINALIZING TREE SEARCH                        |
--------------------------------------------------------------------
Performs final model parameters optimization
Estimate model parameters (epsilon = 0.010)
1. Initial log-likelihood: -13251.789
Optimal log-likelihood: -13251.786
Rate parameters:  A-C: 1.94857  A-G: 4.27365  A-T: 1.48313  C-G: 1.43129  C-T: 6.49759  G-T: 1.00000
Base frequencies:  A: 0.290  C: 0.186  G: 0.256  T: 0.269
Gamma shape alpha: 0.410
Parameters optimization took 1 rounds (0.006 sec)
BEST SCORE FOUND : -13251.786

Testing tree branches by SH-like aLRT with 1000 replicates...
0.117 sec.
Total tree length: 1.667

Total number of iterations: 102
CPU time used for tree search: 6.031 sec (0h:0m:6s)
Wall-clock time used for tree search: 4.520 sec (0h:0m:4s)
Total CPU time used: 6.592 sec (0h:0m:6s)
Total wall-clock time used: 4.716 sec (0h:0m:4s)

Analysis results written to: 
  IQ-TREE report:                cluster3490rr.1to1ortho.fa.aln-cln_gene148.fa.iqtree
  Maximum-likelihood tree:       cluster3490rr.1to1ortho.fa.aln-cln_gene148.fa.treefile
  Likelihood distances:          cluster3490rr.1to1ortho.fa.aln-cln_gene148.fa.mldist
  Screen log file:               cluster3490rr.1to1ortho.fa.aln-cln_gene148.fa.log

Date and Time: Mon Nov 25 10:31:42 2019
