IQ-TREE multicore version 1.6.11 for Mac OS X 64-bit built Jul 12 2019
Developed by Bui Quang Minh, Nguyen Lam Tung, Olga Chernomor,
Heiko Schmidt, Dominik Schrempf, Michael Woodhams.

Host:    slpc437 (AVX2, FMA3, 16 GB RAM)
Command: iqtree -s cluster1585rr.1to1ortho.fa.aln-cln_gene808.fa -nt 4 -m GTR+G -alrt 1000
Seed:    139922 (Using SPRNG - Scalable Parallel Random Number Generator)
Time:    Mon Nov 25 09:45:44 2019
Kernel:  AVX+FMA - 4 threads (6 CPU cores detected)

Reading alignment file cluster1585rr.1to1ortho.fa.aln-cln_gene808.fa ... Fasta format detected
Alignment most likely contains DNA/RNA sequences
Alignment has 13 sequences with 1401 columns, 628 distinct patterns
451 parsimony-informative, 211 singleton sites, 739 constant sites
           Gap/Ambiguity  Composition  p-value
   1  DrolusSFB    0.43%    passed     98.38%
   2  Dino         0.21%    passed     97.63%
   3  MJM3360      4.21%    passed     57.94%
   4  DrobinSFB    0.43%    passed     66.37%
   5  Neam         0.00%    passed     98.18%
   6  RuprSFB     10.99%    passed     79.34%
   7  Retr        60.39%    passed     58.96%
   8  Beta         3.85%    passed     81.72%
   9  Spol         1.71%    passed     27.17%
  10  MJM1652      0.21%    passed     89.91%
  11  NepSFB       0.00%    passed     99.07%
  12  WPYJ         4.93%    passed     96.13%
  13  MJM2940      0.00%    passed     99.78%
WARNING: 1 sequences contain more than 50% gaps/ambiguity
****  TOTAL        6.72%  0 sequences failed composition chi2 test (p-value<5%; df=3)

Create initial parsimony tree by phylogenetic likelihood library (PLL)... 0.001 seconds

NOTE: 1 MB RAM (0 GB) is required!
Estimate model parameters (epsilon = 0.100)
1. Initial log-likelihood: -8953.091
2. Current log-likelihood: -8542.807
3. Current log-likelihood: -8539.370
Optimal log-likelihood: -8539.335
Rate parameters:  A-C: 1.45410  A-G: 4.06861  A-T: 1.38414  C-G: 1.14163  C-T: 5.94852  G-T: 1.00000
Base frequencies:  A: 0.270  C: 0.202  G: 0.254  T: 0.273
Gamma shape alpha: 0.413
Parameters optimization took 3 rounds (0.045 sec)
Computing ML distances based on estimated model parameters... 0.001 sec
Computing BIONJ tree...
0.002 seconds
Log-likelihood of BIONJ tree: -8539.335
--------------------------------------------------------------------
|             INITIALIZING CANDIDATE TREE SET                      |
--------------------------------------------------------------------
Generating 99 parsimony trees... 0.089 second
Computing log-likelihood of 98 initial trees ... 0.432 seconds
Current best score: -8539.335

Do NNI search on 20 best initial trees
Estimate model parameters (epsilon = 0.100)
BETTER TREE FOUND at iteration 1: -8539.335
Iteration 10 / LogL: -8540.113 / Time: 0h:0m:0s
Iteration 20 / LogL: -8539.361 / Time: 0h:0m:1s
Finish initializing candidate tree set (2)
Current best tree score: -8539.335 / CPU time: 1.042
Number of iterations: 20
--------------------------------------------------------------------
|               OPTIMIZING CANDIDATE TREE SET                      |
--------------------------------------------------------------------
Iteration 30 / LogL: -8539.527 / Time: 0h:0m:1s (0h:0m:3s left)
UPDATE BEST LOG-LIKELIHOOD: -8539.335
Iteration 40 / LogL: -8539.335 / Time: 0h:0m:1s (0h:0m:3s left)
Iteration 50 / LogL: -8539.386 / Time: 0h:0m:2s (0h:0m:2s left)
Iteration 60 / LogL: -8539.351 / Time: 0h:0m:2s (0h:0m:1s left)
Iteration 70 / LogL: -8562.183 / Time: 0h:0m:3s (0h:0m:1s left)
Iteration 80 / LogL: -8552.666 / Time: 0h:0m:3s (0h:0m:0s left)
Iteration 90 / LogL: -8568.627 / Time: 0h:0m:3s (0h:0m:0s left)
Iteration 100 / LogL: -8552.671 / Time: 0h:0m:4s (0h:0m:0s left)
TREE SEARCH COMPLETED AFTER 102 ITERATIONS / Time: 0h:0m:4s

--------------------------------------------------------------------
|                    FINALIZING TREE SEARCH                        |
--------------------------------------------------------------------
Performs final model parameters optimization
Estimate model parameters (epsilon = 0.010)
1. Initial log-likelihood: -8539.335
Optimal log-likelihood: -8539.335
Rate parameters:  A-C: 1.45445  A-G: 4.06859  A-T: 1.38505  C-G: 1.14012  C-T: 5.95296  G-T: 1.00000
Base frequencies:  A: 0.270  C: 0.202  G: 0.254  T: 0.273
Gamma shape alpha: 0.414
Parameters optimization took 1 rounds (0.005 sec)
BEST SCORE FOUND : -8539.335

Testing tree branches by SH-like aLRT with 1000 replicates...
0.081 sec.
Total tree length: 1.554

Total number of iterations: 102
CPU time used for tree search: 5.095 sec (0h:0m:5s)
Wall-clock time used for tree search: 4.406 sec (0h:0m:4s)
Total CPU time used: 5.493 sec (0h:0m:5s)
Total wall-clock time used: 4.556 sec (0h:0m:4s)

Analysis results written to: 
  IQ-TREE report:                cluster1585rr.1to1ortho.fa.aln-cln_gene808.fa.iqtree
  Maximum-likelihood tree:       cluster1585rr.1to1ortho.fa.aln-cln_gene808.fa.treefile
  Likelihood distances:          cluster1585rr.1to1ortho.fa.aln-cln_gene808.fa.mldist
  Screen log file:               cluster1585rr.1to1ortho.fa.aln-cln_gene808.fa.log

Date and Time: Mon Nov 25 09:45:48 2019
