IQ-TREE multicore version 1.6.11 for Mac OS X 64-bit built Jul 12 2019
Developed by Bui Quang Minh, Nguyen Lam Tung, Olga Chernomor,
Heiko Schmidt, Dominik Schrempf, Michael Woodhams.

Host:    slpc437 (AVX2, FMA3, 16 GB RAM)
Command: iqtree -s cluster496rr.1to1ortho.fa.aln-cln_gene759.fa -nt 4 -m GTR+G -alrt 1000
Seed:    633974 (Using SPRNG - Scalable Parallel Random Number Generator)
Time:    Mon Nov 25 11:02:37 2019
Kernel:  AVX+FMA - 4 threads (6 CPU cores detected)

Reading alignment file cluster496rr.1to1ortho.fa.aln-cln_gene759.fa ... Fasta format detected
Alignment most likely contains DNA/RNA sequences
Alignment has 13 sequences with 1796 columns, 937 distinct patterns
663 parsimony-informative, 320 singleton sites, 813 constant sites
           Gap/Ambiguity  Composition  p-value
   1  DrolusSFB    9.91%    passed     75.96%
   2  Dino         1.11%    passed     97.90%
   3  MJM3360      2.51%    passed     46.99%
   4  DrobinSFB    2.78%    passed     87.03%
   5  Neam         0.67%    passed     98.24%
   6  RuprSFB     13.98%    passed     81.82%
   7  Retr        59.30%    passed     34.67%
   8  Beta         0.17%    passed     78.31%
   9  Spol         0.28%    passed     74.63%
  10  MJM1652      0.33%    passed     65.81%
  11  NepSFB       0.67%    passed     95.54%
  12  WPYJ        10.30%    passed     93.03%
  13  MJM2940      4.29%    passed     83.22%
WARNING: 1 sequences contain more than 50% gaps/ambiguity
****  TOTAL        8.18%  0 sequences failed composition chi2 test (p-value<5%; df=3)

Create initial parsimony tree by phylogenetic likelihood library (PLL)... 0.001 seconds

NOTE: 1 MB RAM (0 GB) is required!
Estimate model parameters (epsilon = 0.100)
1. Initial log-likelihood: -12443.515
2. Current log-likelihood: -12045.153
3. Current log-likelihood: -12042.688
Optimal log-likelihood: -12042.672
Rate parameters:  A-C: 1.53561  A-G: 3.88992  A-T: 1.78951  C-G: 1.02610  C-T: 4.37935  G-T: 1.00000
Base frequencies:  A: 0.264  C: 0.206  G: 0.256  T: 0.274
Gamma shape alpha: 0.558
Parameters optimization took 3 rounds (0.044 sec)
Computing ML distances based on estimated model parameters... 0.002 sec
Computing BIONJ tree...
0.002 seconds
Log-likelihood of BIONJ tree: -12045.557
--------------------------------------------------------------------
|             INITIALIZING CANDIDATE TREE SET                      |
--------------------------------------------------------------------
Generating 98 parsimony trees... 0.104 second
Computing log-likelihood of 97 initial trees ... 0.477 seconds
Current best score: -12042.672

Do NNI search on 20 best initial trees
Estimate model parameters (epsilon = 0.100)
BETTER TREE FOUND at iteration 1: -12042.671
Iteration 10 / LogL: -12042.716 / Time: 0h:0m:0s
Iteration 20 / LogL: -12042.684 / Time: 0h:0m:1s
Finish initializing candidate tree set (2)
Current best tree score: -12042.671 / CPU time: 1.239
Number of iterations: 20
--------------------------------------------------------------------
|               OPTIMIZING CANDIDATE TREE SET                      |
--------------------------------------------------------------------
Iteration 30 / LogL: -12042.764 / Time: 0h:0m:1s (0h:0m:4s left)
Iteration 40 / LogL: -12043.018 / Time: 0h:0m:2s (0h:0m:3s left)
Iteration 50 / LogL: -12058.480 / Time: 0h:0m:2s (0h:0m:2s left)
Iteration 60 / LogL: -12042.705 / Time: 0h:0m:3s (0h:0m:2s left)
Iteration 70 / LogL: -12042.679 / Time: 0h:0m:3s (0h:0m:1s left)
Iteration 80 / LogL: -12042.796 / Time: 0h:0m:4s (0h:0m:1s left)
Iteration 90 / LogL: -12043.210 / Time: 0h:0m:4s (0h:0m:0s left)
Iteration 100 / LogL: -12042.712 / Time: 0h:0m:5s (0h:0m:0s left)
TREE SEARCH COMPLETED AFTER 102 ITERATIONS / Time: 0h:0m:5s

--------------------------------------------------------------------
|                    FINALIZING TREE SEARCH                        |
--------------------------------------------------------------------
Performs final model parameters optimization
Estimate model parameters (epsilon = 0.010)
1. Initial log-likelihood: -12042.671
Optimal log-likelihood: -12042.671
Rate parameters:  A-C: 1.53615  A-G: 3.89191  A-T: 1.79058  C-G: 1.02679  C-T: 4.38119  G-T: 1.00000
Base frequencies:  A: 0.264  C: 0.206  G: 0.256  T: 0.274
Gamma shape alpha: 0.558
Parameters optimization took 1 rounds (0.006 sec)
BEST SCORE FOUND : -12042.671

Testing tree branches by SH-like aLRT with 1000 replicates...
0.104 sec.
Total tree length: 1.790

Total number of iterations: 102
CPU time used for tree search: 6.695 sec (0h:0m:6s)
Wall-clock time used for tree search: 5.006 sec (0h:0m:5s)
Total CPU time used: 7.194 sec (0h:0m:7s)
Total wall-clock time used: 5.181 sec (0h:0m:5s)

Analysis results written to: 
  IQ-TREE report:                cluster496rr.1to1ortho.fa.aln-cln_gene759.fa.iqtree
  Maximum-likelihood tree:       cluster496rr.1to1ortho.fa.aln-cln_gene759.fa.treefile
  Likelihood distances:          cluster496rr.1to1ortho.fa.aln-cln_gene759.fa.mldist
  Screen log file:               cluster496rr.1to1ortho.fa.aln-cln_gene759.fa.log

Date and Time: Mon Nov 25 11:02:42 2019
