IQ-TREE multicore version 1.6.11 for Mac OS X 64-bit built Jul 12 2019
Developed by Bui Quang Minh, Nguyen Lam Tung, Olga Chernomor,
Heiko Schmidt, Dominik Schrempf, Michael Woodhams.

Host:    slpc437 (AVX2, FMA3, 16 GB RAM)
Command: iqtree -s cluster4306rr.1to1ortho.fa.aln-cln_gene967.fa -nt 4 -m GTR+G -alrt 1000
Seed:    519935 (Using SPRNG - Scalable Parallel Random Number Generator)
Time:    Mon Nov 25 10:49:03 2019
Kernel:  AVX+FMA - 4 threads (6 CPU cores detected)

Reading alignment file cluster4306rr.1to1ortho.fa.aln-cln_gene967.fa ... Fasta format detected
Alignment most likely contains DNA/RNA sequences
Alignment has 13 sequences with 1737 columns, 726 distinct patterns
558 parsimony-informative, 223 singleton sites, 956 constant sites
           Gap/Ambiguity  Composition  p-value
   1  DrolusSFB    8.29%    passed     37.26%
   2  Dino         8.69%    passed     91.63%
   3  MJM3360     11.51%    passed     84.70%
   4  DrobinSFB   15.60%    passed     97.66%
   5  Neam         0.00%    passed     92.96%
   6  RuprSFB     11.51%    passed     75.69%
   7  Retr         2.13%    passed     91.73%
   8  Beta         2.25%    passed     84.23%
   9  Spol         2.25%    passed     94.81%
  10  MJM1652      8.12%    passed     88.23%
  11  NepSFB       0.00%    passed     94.96%
  12  WPYJ         2.13%    passed     96.39%
  13  MJM2940      6.85%    passed     95.98%
****  TOTAL        6.10%  0 sequences failed composition chi2 test (p-value<5%; df=3)

Create initial parsimony tree by phylogenetic likelihood library (PLL)... 0.001 seconds

NOTE: 1 MB RAM (0 GB) is required!
Estimate model parameters (epsilon = 0.100)
1. Initial log-likelihood: -10611.243
2. Current log-likelihood: -10165.473
3. Current log-likelihood: -10161.247
Optimal log-likelihood: -10161.200
Rate parameters:  A-C: 1.80524  A-G: 4.90524  A-T: 1.54409  C-G: 1.34016  C-T: 5.60882  G-T: 1.00000
Base frequencies:  A: 0.271  C: 0.196  G: 0.251  T: 0.282
Gamma shape alpha: 0.366
Parameters optimization took 3 rounds (0.052 sec)
Computing ML distances based on estimated model parameters... 0.001 sec
Computing BIONJ tree...
0.002 seconds
Log-likelihood of BIONJ tree: -10159.081
--------------------------------------------------------------------
|             INITIALIZING CANDIDATE TREE SET                      |
--------------------------------------------------------------------
Generating 98 parsimony trees... 0.089 second
Computing log-likelihood of 97 initial trees ... 0.436 seconds
Current best score: -10159.081

Do NNI search on 20 best initial trees
Estimate model parameters (epsilon = 0.100)
BETTER TREE FOUND at iteration 1: -10159.050
Iteration 10 / LogL: -10161.270 / Time: 0h:0m:0s
Iteration 20 / LogL: -10178.103 / Time: 0h:0m:1s
Finish initializing candidate tree set (3)
Current best tree score: -10159.050 / CPU time: 1.093
Number of iterations: 20
--------------------------------------------------------------------
|               OPTIMIZING CANDIDATE TREE SET                      |
--------------------------------------------------------------------
Iteration 30 / LogL: -10178.596 / Time: 0h:0m:1s (0h:0m:3s left)
Iteration 40 / LogL: -10178.340 / Time: 0h:0m:1s (0h:0m:2s left)
Iteration 50 / LogL: -10178.115 / Time: 0h:0m:2s (0h:0m:2s left)
Iteration 60 / LogL: -10178.366 / Time: 0h:0m:2s (0h:0m:1s left)
Iteration 70 / LogL: -10178.124 / Time: 0h:0m:3s (0h:0m:1s left)
Iteration 80 / LogL: -10178.129 / Time: 0h:0m:3s (0h:0m:0s left)
Iteration 90 / LogL: -10159.401 / Time: 0h:0m:3s (0h:0m:0s left)
Iteration 100 / LogL: -10159.066 / Time: 0h:0m:4s (0h:0m:0s left)
TREE SEARCH COMPLETED AFTER 102 ITERATIONS / Time: 0h:0m:4s

--------------------------------------------------------------------
|                    FINALIZING TREE SEARCH                        |
--------------------------------------------------------------------
Performs final model parameters optimization
Estimate model parameters (epsilon = 0.010)
1. Initial log-likelihood: -10159.050
2. Current log-likelihood: -10159.040
Optimal log-likelihood: -10159.034
Rate parameters:  A-C: 1.79868  A-G: 4.97383  A-T: 1.53487  C-G: 1.35709  C-T: 5.66904  G-T: 1.00000
Base frequencies:  A: 0.271  C: 0.196  G: 0.251  T: 0.282
Gamma shape alpha: 0.366
Parameters optimization took 2 rounds (0.011 sec)
BEST SCORE FOUND : -10159.034

Testing tree branches by SH-like aLRT with 1000 replicates...
0.100 sec.
Total tree length: 1.400

Total number of iterations: 102
CPU time used for tree search: 5.302 sec (0h:0m:5s)
Wall-clock time used for tree search: 4.371 sec (0h:0m:4s)
Total CPU time used: 5.801 sec (0h:0m:5s)
Total wall-clock time used: 4.554 sec (0h:0m:4s)

Analysis results written to: 
  IQ-TREE report:                cluster4306rr.1to1ortho.fa.aln-cln_gene967.fa.iqtree
  Maximum-likelihood tree:       cluster4306rr.1to1ortho.fa.aln-cln_gene967.fa.treefile
  Likelihood distances:          cluster4306rr.1to1ortho.fa.aln-cln_gene967.fa.mldist
  Screen log file:               cluster4306rr.1to1ortho.fa.aln-cln_gene967.fa.log

Date and Time: Mon Nov 25 10:49:08 2019
