IQ-TREE multicore version 1.6.11 for Mac OS X 64-bit built Jul 12 2019
Developed by Bui Quang Minh, Nguyen Lam Tung, Olga Chernomor,
Heiko Schmidt, Dominik Schrempf, Michael Woodhams.

Host:    slpc437 (AVX2, FMA3, 16 GB RAM)
Command: iqtree -s cluster3209rr.1to1ortho.fa.aln-cln_gene118.fa -nt 4 -m GTR+G -alrt 1000
Seed:    840561 (Using SPRNG - Scalable Parallel Random Number Generator)
Time:    Mon Nov 25 10:23:57 2019
Kernel:  AVX+FMA - 4 threads (6 CPU cores detected)

Reading alignment file cluster3209rr.1to1ortho.fa.aln-cln_gene118.fa ... Fasta format detected
Alignment most likely contains DNA/RNA sequences
Alignment has 13 sequences with 2907 columns, 1285 distinct patterns
996 parsimony-informative, 446 singleton sites, 1465 constant sites
           Gap/Ambiguity  Composition  p-value
   1  DrolusSFB   13.31%    passed     80.12%
   2  Dino         0.41%    passed     59.57%
   3  MJM3360      4.23%    passed     63.89%
   4  DrobinSFB    4.82%    passed     29.22%
   5  Neam         0.00%    passed     70.29%
   6  RuprSFB      0.41%    passed     85.14%
   7  Retr        59.03%    passed     79.85%
   8  Beta         0.31%    passed     80.46%
   9  Spol         0.41%    passed     28.42%
  10  MJM1652      0.48%    passed     64.34%
  11  NepSFB       0.00%    passed     83.06%
  12  WPYJ         6.54%    passed     83.13%
  13  MJM2940      0.00%    passed     70.94%
WARNING: 1 sequences contain more than 50% gaps/ambiguity
****  TOTAL        6.92%  0 sequences failed composition chi2 test (p-value<5%; df=3)

Create initial parsimony tree by phylogenetic likelihood library (PLL)... 0.001 seconds

NOTE: 2 MB RAM (0 GB) is required!
Estimate model parameters (epsilon = 0.100)
1. Initial log-likelihood: -18762.664
2. Current log-likelihood: -18043.705
3. Current log-likelihood: -18038.774
Optimal log-likelihood: -18038.713
Rate parameters:  A-C: 1.85826  A-G: 4.53550  A-T: 1.55459  C-G: 1.30110  C-T: 5.70765  G-T: 1.00000
Base frequencies:  A: 0.276  C: 0.193  G: 0.245  T: 0.286
Gamma shape alpha: 0.470
Parameters optimization took 3 rounds (0.053 sec)
Computing ML distances based on estimated model parameters... 0.002 sec
Computing BIONJ tree...
0.002 seconds
Log-likelihood of BIONJ tree: -18038.713
--------------------------------------------------------------------
|             INITIALIZING CANDIDATE TREE SET                      |
--------------------------------------------------------------------
Generating 99 parsimony trees... 0.129 second
Computing log-likelihood of 98 initial trees ... 0.516 seconds
Current best score: -18038.713

Do NNI search on 20 best initial trees
Estimate model parameters (epsilon = 0.100)
BETTER TREE FOUND at iteration 1: -18038.713
Iteration 10 / LogL: -18038.819 / Time: 0h:0m:1s
Iteration 20 / LogL: -18038.773 / Time: 0h:0m:1s
Finish initializing candidate tree set (1)
Current best tree score: -18038.713 / CPU time: 1.290
Number of iterations: 20
--------------------------------------------------------------------
|               OPTIMIZING CANDIDATE TREE SET                      |
--------------------------------------------------------------------
UPDATE BEST LOG-LIKELIHOOD: -18038.713
Iteration 30 / LogL: -18038.948 / Time: 0h:0m:1s (0h:0m:4s left)
Iteration 40 / LogL: -18039.964 / Time: 0h:0m:2s (0h:0m:3s left)
UPDATE BEST LOG-LIKELIHOOD: -18038.713
Iteration 50 / LogL: -18038.780 / Time: 0h:0m:2s (0h:0m:2s left)
Iteration 60 / LogL: -18038.827 / Time: 0h:0m:3s (0h:0m:2s left)
Iteration 70 / LogL: -18069.071 / Time: 0h:0m:3s (0h:0m:1s left)
Iteration 80 / LogL: -18038.768 / Time: 0h:0m:3s (0h:0m:1s left)
Iteration 90 / LogL: -18039.217 / Time: 0h:0m:4s (0h:0m:0s left)
Iteration 100 / LogL: -18040.230 / Time: 0h:0m:4s (0h:0m:0s left)
TREE SEARCH COMPLETED AFTER 102 ITERATIONS / Time: 0h:0m:4s

--------------------------------------------------------------------
|                    FINALIZING TREE SEARCH                        |
--------------------------------------------------------------------
Performs final model parameters optimization
Estimate model parameters (epsilon = 0.010)
1. Initial log-likelihood: -18038.713
Optimal log-likelihood: -18038.713
Rate parameters:  A-C: 1.85706  A-G: 4.53704  A-T: 1.55442  C-G: 1.29968  C-T: 5.70866  G-T: 1.00000
Base frequencies:  A: 0.276  C: 0.193  G: 0.245  T: 0.286
Gamma shape alpha: 0.470
Parameters optimization took 1 rounds (0.006 sec)
BEST SCORE FOUND : -18038.713

Testing tree branches by SH-like aLRT with 1000 replicates...
0.155 sec.
Total tree length: 1.548

Total number of iterations: 102
CPU time used for tree search: 7.349 sec (0h:0m:7s)
Wall-clock time used for tree search: 4.817 sec (0h:0m:4s)
Total CPU time used: 8.090 sec (0h:0m:8s)
Total wall-clock time used: 5.053 sec (0h:0m:5s)

Analysis results written to: 
  IQ-TREE report:                cluster3209rr.1to1ortho.fa.aln-cln_gene118.fa.iqtree
  Maximum-likelihood tree:       cluster3209rr.1to1ortho.fa.aln-cln_gene118.fa.treefile
  Likelihood distances:          cluster3209rr.1to1ortho.fa.aln-cln_gene118.fa.mldist
  Screen log file:               cluster3209rr.1to1ortho.fa.aln-cln_gene118.fa.log

Date and Time: Mon Nov 25 10:24:02 2019
