IQ-TREE multicore version 1.6.11 for Mac OS X 64-bit built Jul 12 2019
Developed by Bui Quang Minh, Nguyen Lam Tung, Olga Chernomor,
Heiko Schmidt, Dominik Schrempf, Michael Woodhams.

Host:    slpc437 (AVX2, FMA3, 16 GB RAM)
Command: iqtree -s cluster1309rr.1to1ortho.fa.aln-cln_gene1202.fa -nt 4 -m GTR+G -alrt 1000
Seed:    846898 (Using SPRNG - Scalable Parallel Random Number Generator)
Time:    Mon Nov 25 09:40:30 2019
Kernel:  AVX+FMA - 4 threads (6 CPU cores detected)

Reading alignment file cluster1309rr.1to1ortho.fa.aln-cln_gene1202.fa ... Fasta format detected
Alignment most likely contains DNA/RNA sequences
Alignment has 13 sequences with 2027 columns, 868 distinct patterns
658 parsimony-informative, 307 singleton sites, 1062 constant sites
           Gap/Ambiguity  Composition  p-value
   1  DrolusSFB   34.29%    passed     99.29%
   2  Dino         0.30%    passed     22.24%
   3  MJM3360     12.68%    passed     23.03%
   4  DrobinSFB   14.60%    passed     36.57%
   5  Neam        34.29%    passed     98.69%
   6  RuprSFB     12.68%    passed     70.71%
   7  Retr        13.22%    passed     41.57%
   8  Beta         0.35%    passed     54.04%
   9  Spol         0.35%    passed     31.58%
  10  MJM1652     11.00%    passed     67.83%
  11  NepSFB       0.94%    passed     82.65%
  12  WPYJ        14.41%    passed     36.42%
  13  MJM2940      0.25%    passed     41.25%
****  TOTAL       11.49%  0 sequences failed composition chi2 test (p-value<5%; df=3)

Create initial parsimony tree by phylogenetic likelihood library (PLL)... 0.001 seconds

NOTE: 1 MB RAM (0 GB) is required!
Estimate model parameters (epsilon = 0.100)
1. Initial log-likelihood: -12640.340
2. Current log-likelihood: -12047.130
3. Current log-likelihood: -12042.175
Optimal log-likelihood: -12042.097
Rate parameters:  A-C: 2.45990  A-G: 4.71236  A-T: 1.89438  C-G: 1.58350  C-T: 7.88154  G-T: 1.00000
Base frequencies:  A: 0.258  C: 0.189  G: 0.278  T: 0.276
Gamma shape alpha: 0.435
Parameters optimization took 3 rounds (0.042 sec)
Computing ML distances based on estimated model parameters... 0.002 sec
Computing BIONJ tree...
0.002 seconds
Log-likelihood of BIONJ tree: -12047.283
--------------------------------------------------------------------
|             INITIALIZING CANDIDATE TREE SET                      |
--------------------------------------------------------------------
Generating 98 parsimony trees... 0.096 second
Computing log-likelihood of 97 initial trees ... 0.480 seconds
Current best score: -12042.097

Do NNI search on 20 best initial trees
Estimate model parameters (epsilon = 0.100)
BETTER TREE FOUND at iteration 1: -12042.096
Iteration 10 / LogL: -12042.103 / Time: 0h:0m:0s
Iteration 20 / LogL: -12042.533 / Time: 0h:0m:1s
Finish initializing candidate tree set (1)
Current best tree score: -12042.096 / CPU time: 1.228
Number of iterations: 20
--------------------------------------------------------------------
|               OPTIMIZING CANDIDATE TREE SET                      |
--------------------------------------------------------------------
Iteration 30 / LogL: -12042.706 / Time: 0h:0m:1s (0h:0m:4s left)
Iteration 40 / LogL: -12044.610 / Time: 0h:0m:2s (0h:0m:3s left)
Iteration 50 / LogL: -12043.963 / Time: 0h:0m:2s (0h:0m:2s left)
Iteration 60 / LogL: -12042.098 / Time: 0h:0m:2s (0h:0m:1s left)
Iteration 70 / LogL: -12042.260 / Time: 0h:0m:3s (0h:0m:1s left)
Iteration 80 / LogL: -12042.123 / Time: 0h:0m:3s (0h:0m:0s left)
Iteration 90 / LogL: -12042.404 / Time: 0h:0m:3s (0h:0m:0s left)
Iteration 100 / LogL: -12042.776 / Time: 0h:0m:4s (0h:0m:0s left)
TREE SEARCH COMPLETED AFTER 102 ITERATIONS / Time: 0h:0m:4s

--------------------------------------------------------------------
|                    FINALIZING TREE SEARCH                        |
--------------------------------------------------------------------
Performs final model parameters optimization
Estimate model parameters (epsilon = 0.010)
1. Initial log-likelihood: -12042.096
Optimal log-likelihood: -12042.095
Rate parameters:  A-C: 2.45963  A-G: 4.70810  A-T: 1.89411  C-G: 1.58267  C-T: 7.88864  G-T: 1.00000
Base frequencies:  A: 0.258  C: 0.189  G: 0.278  T: 0.276
Gamma shape alpha: 0.435
Parameters optimization took 1 rounds (0.005 sec)
BEST SCORE FOUND : -12042.095

Testing tree branches by SH-like aLRT with 1000 replicates...
0.115 sec.
Total tree length: 1.584

Total number of iterations: 102
CPU time used for tree search: 5.687 sec (0h:0m:5s)
Wall-clock time used for tree search: 4.386 sec (0h:0m:4s)
Total CPU time used: 6.213 sec (0h:0m:6s)
Total wall-clock time used: 4.570 sec (0h:0m:4s)

Analysis results written to: 
  IQ-TREE report:                cluster1309rr.1to1ortho.fa.aln-cln_gene1202.fa.iqtree
  Maximum-likelihood tree:       cluster1309rr.1to1ortho.fa.aln-cln_gene1202.fa.treefile
  Likelihood distances:          cluster1309rr.1to1ortho.fa.aln-cln_gene1202.fa.mldist
  Screen log file:               cluster1309rr.1to1ortho.fa.aln-cln_gene1202.fa.log

Date and Time: Mon Nov 25 09:40:35 2019
