IQ-TREE multicore version 1.6.11 for Mac OS X 64-bit built Jul 12 2019
Developed by Bui Quang Minh, Nguyen Lam Tung, Olga Chernomor,
Heiko Schmidt, Dominik Schrempf, Michael Woodhams.

Host:    slpc437 (AVX2, FMA3, 16 GB RAM)
Command: iqtree -s cluster5482rr.1to1ortho.fa.aln-cln_gene419.fa -nt 4 -m GTR+G -alrt 1000
Seed:    836708 (Using SPRNG - Scalable Parallel Random Number Generator)
Time:    Mon Nov 25 11:08:40 2019
Kernel:  AVX+FMA - 4 threads (6 CPU cores detected)

Reading alignment file cluster5482rr.1to1ortho.fa.aln-cln_gene419.fa ... Fasta format detected
Alignment most likely contains DNA/RNA sequences
Alignment has 13 sequences with 2127 columns, 874 distinct patterns
698 parsimony-informative, 283 singleton sites, 1146 constant sites
           Gap/Ambiguity  Composition  p-value
   1  DrolusSFB    0.00%    passed     83.84%
   2  Dino         1.13%    passed     58.01%
   3  MJM3360      2.44%    passed     82.81%
   4  DrobinSFB    0.85%    passed     96.69%
   5  Neam         0.00%    passed     97.04%
   6  RuprSFB      2.73%    passed     57.33%
   7  Retr        29.06%    passed     48.21%
   8  Beta         3.57%    passed     82.38%
   9  Spol         4.98%    passed     72.95%
  10  MJM1652      0.99%    passed     95.69%
  11  NepSFB       0.00%    passed     95.35%
  12  WPYJ         1.50%    passed     64.50%
  13  MJM2940      0.00%    passed     96.14%
****  TOTAL        3.63%  0 sequences failed composition chi2 test (p-value<5%; df=3)

Create initial parsimony tree by phylogenetic likelihood library (PLL)... 0.001 seconds

NOTE: 1 MB RAM (0 GB) is required!
Estimate model parameters (epsilon = 0.100)
1. Initial log-likelihood: -13273.635
2. Current log-likelihood: -12638.353
3. Current log-likelihood: -12633.498
4. Current log-likelihood: -12633.366
Optimal log-likelihood: -12633.352
Rate parameters:  A-C: 1.82363  A-G: 4.51030  A-T: 1.33828  C-G: 1.38574  C-T: 7.89653  G-T: 1.00000
Base frequencies:  A: 0.302  C: 0.181  G: 0.231  T: 0.286
Gamma shape alpha: 0.418
Parameters optimization took 4 rounds (0.051 sec)
Computing ML distances based on estimated model parameters... 0.002 sec
Computing BIONJ tree...
0.002 seconds
Log-likelihood of BIONJ tree: -12630.155
--------------------------------------------------------------------
|             INITIALIZING CANDIDATE TREE SET                      |
--------------------------------------------------------------------
Generating 98 parsimony trees... 0.104 second
Computing log-likelihood of 98 initial trees ... 0.456 seconds
Current best score: -12630.155

Do NNI search on 20 best initial trees
Estimate model parameters (epsilon = 0.100)
BETTER TREE FOUND at iteration 1: -12630.123
Iteration 10 / LogL: -12630.181 / Time: 0h:0m:0s
Iteration 20 / LogL: -12630.189 / Time: 0h:0m:1s
Finish initializing candidate tree set (1)
Current best tree score: -12630.123 / CPU time: 1.159
Number of iterations: 20
--------------------------------------------------------------------
|               OPTIMIZING CANDIDATE TREE SET                      |
--------------------------------------------------------------------
UPDATE BEST LOG-LIKELIHOOD: -12630.123
Iteration 30 / LogL: -12630.156 / Time: 0h:0m:1s (0h:0m:4s left)
Iteration 40 / LogL: -12630.172 / Time: 0h:0m:2s (0h:0m:3s left)
Iteration 50 / LogL: -12630.159 / Time: 0h:0m:2s (0h:0m:2s left)
Iteration 60 / LogL: -12630.319 / Time: 0h:0m:2s (0h:0m:1s left)
Iteration 70 / LogL: -12631.911 / Time: 0h:0m:3s (0h:0m:1s left)
Iteration 80 / LogL: -12630.960 / Time: 0h:0m:3s (0h:0m:1s left)
Iteration 90 / LogL: -12630.270 / Time: 0h:0m:4s (0h:0m:0s left)
Iteration 100 / LogL: -12630.131 / Time: 0h:0m:4s (0h:0m:0s left)
TREE SEARCH COMPLETED AFTER 102 ITERATIONS / Time: 0h:0m:4s

--------------------------------------------------------------------
|                    FINALIZING TREE SEARCH                        |
--------------------------------------------------------------------
Performs final model parameters optimization
Estimate model parameters (epsilon = 0.010)
1. Initial log-likelihood: -12630.123
Optimal log-likelihood: -12630.121
Rate parameters:  A-C: 1.80864  A-G: 4.44786  A-T: 1.33667  C-G: 1.38598  C-T: 7.92221  G-T: 1.00000
Base frequencies:  A: 0.302  C: 0.181  G: 0.231  T: 0.286
Gamma shape alpha: 0.419
Parameters optimization took 1 rounds (0.006 sec)
BEST SCORE FOUND : -12630.121

Testing tree branches by SH-like aLRT with 1000 replicates...
0.117 sec.
Total tree length: 1.433

Total number of iterations: 102
CPU time used for tree search: 6.126 sec (0h:0m:6s)
Wall-clock time used for tree search: 4.726 sec (0h:0m:4s)
Total CPU time used: 6.685 sec (0h:0m:6s)
Total wall-clock time used: 4.919 sec (0h:0m:4s)

Analysis results written to: 
  IQ-TREE report:                cluster5482rr.1to1ortho.fa.aln-cln_gene419.fa.iqtree
  Maximum-likelihood tree:       cluster5482rr.1to1ortho.fa.aln-cln_gene419.fa.treefile
  Likelihood distances:          cluster5482rr.1to1ortho.fa.aln-cln_gene419.fa.mldist
  Screen log file:               cluster5482rr.1to1ortho.fa.aln-cln_gene419.fa.log

Date and Time: Mon Nov 25 11:08:45 2019
