IQ-TREE multicore version 1.6.11 for Mac OS X 64-bit built Jul 12 2019
Developed by Bui Quang Minh, Nguyen Lam Tung, Olga Chernomor,
Heiko Schmidt, Dominik Schrempf, Michael Woodhams.

Host:    slpc437 (AVX2, FMA3, 16 GB RAM)
Command: iqtree -s cluster3343rr.1to1ortho.fa.aln-cln_gene20.fa -nt 4 -m GTR+G -alrt 1000
Seed:    636675 (Using SPRNG - Scalable Parallel Random Number Generator)
Time:    Mon Nov 25 10:27:36 2019
Kernel:  AVX+FMA - 4 threads (6 CPU cores detected)

Reading alignment file cluster3343rr.1to1ortho.fa.aln-cln_gene20.fa ... Fasta format detected
Alignment most likely contains DNA/RNA sequences
Alignment has 13 sequences with 2196 columns, 1041 distinct patterns
843 parsimony-informative, 331 singleton sites, 1022 constant sites
           Gap/Ambiguity  Composition  p-value
   1  DrolusSFB    0.00%    passed     97.02%
   2  Dino         0.00%    passed     99.15%
   3  MJM3360     29.28%    passed     48.49%
   4  DrobinSFB    0.09%    passed     94.32%
   5  Neam         0.00%    passed     98.83%
   6  RuprSFB      2.19%    passed     95.10%
   7  Retr         0.59%    passed     72.68%
   8  Beta         0.73%    passed     98.80%
   9  Spol         0.73%    passed     96.20%
  10  MJM1652      0.23%    passed     85.24%
  11  NepSFB       0.00%    passed     95.99%
  12  WPYJ         2.19%    passed     95.34%
  13  MJM2940      0.00%    passed     87.27%
****  TOTAL        2.77%  0 sequences failed composition chi2 test (p-value<5%; df=3)

Create initial parsimony tree by phylogenetic likelihood library (PLL)... 0.001 seconds

NOTE: 1 MB RAM (0 GB) is required!
Estimate model parameters (epsilon = 0.100)
1. Initial log-likelihood: -15856.864
2. Current log-likelihood: -15202.943
3. Current log-likelihood: -15196.810
4. Current log-likelihood: -15196.644
Optimal log-likelihood: -15196.640
Rate parameters:  A-C: 2.25793  A-G: 4.36741  A-T: 1.40056  C-G: 1.56738  C-T: 6.99832  G-T: 1.00000
Base frequencies:  A: 0.292  C: 0.182  G: 0.249  T: 0.277
Gamma shape alpha: 0.484
Parameters optimization took 4 rounds (0.055 sec)
Computing ML distances based on estimated model parameters... 0.002 sec
Computing BIONJ tree...
0.003 seconds
Log-likelihood of BIONJ tree: -15196.640
--------------------------------------------------------------------
|             INITIALIZING CANDIDATE TREE SET                      |
--------------------------------------------------------------------
Generating 99 parsimony trees... 0.112 second
Computing log-likelihood of 99 initial trees ... 0.479 seconds
Current best score: -15196.640

Do NNI search on 20 best initial trees
Estimate model parameters (epsilon = 0.100)
BETTER TREE FOUND at iteration 1: -15196.639
Iteration 10 / LogL: -15197.031 / Time: 0h:0m:0s
Iteration 20 / LogL: -15196.677 / Time: 0h:0m:1s
Finish initializing candidate tree set (1)
Current best tree score: -15196.639 / CPU time: 1.233
Number of iterations: 20
--------------------------------------------------------------------
|               OPTIMIZING CANDIDATE TREE SET                      |
--------------------------------------------------------------------
Iteration 30 / LogL: -15196.645 / Time: 0h:0m:1s (0h:0m:4s left)
Iteration 40 / LogL: -15196.646 / Time: 0h:0m:2s (0h:0m:3s left)
Iteration 50 / LogL: -15196.717 / Time: 0h:0m:2s (0h:0m:2s left)
Iteration 60 / LogL: -15196.836 / Time: 0h:0m:2s (0h:0m:2s left)
Iteration 70 / LogL: -15196.803 / Time: 0h:0m:3s (0h:0m:1s left)
Iteration 80 / LogL: -15196.720 / Time: 0h:0m:4s (0h:0m:1s left)
Iteration 90 / LogL: -15196.693 / Time: 0h:0m:4s (0h:0m:0s left)
Iteration 100 / LogL: -15196.653 / Time: 0h:0m:4s (0h:0m:0s left)
TREE SEARCH COMPLETED AFTER 102 ITERATIONS / Time: 0h:0m:4s

--------------------------------------------------------------------
|                    FINALIZING TREE SEARCH                        |
--------------------------------------------------------------------
Performs final model parameters optimization
Estimate model parameters (epsilon = 0.010)
1. Initial log-likelihood: -15196.639
Optimal log-likelihood: -15196.639
Rate parameters:  A-C: 2.25840  A-G: 4.36732  A-T: 1.40123  C-G: 1.56638  C-T: 7.00439  G-T: 1.00000
Base frequencies:  A: 0.292  C: 0.182  G: 0.249  T: 0.277
Gamma shape alpha: 0.484
Parameters optimization took 1 rounds (0.006 sec)
BEST SCORE FOUND : -15196.639

Testing tree branches by SH-like aLRT with 1000 replicates...
0.121 sec.
Total tree length: 1.907

Total number of iterations: 102
CPU time used for tree search: 6.741 sec (0h:0m:6s)
Wall-clock time used for tree search: 4.853 sec (0h:0m:4s)
Total CPU time used: 7.342 sec (0h:0m:7s)
Total wall-clock time used: 5.059 sec (0h:0m:5s)

Analysis results written to: 
  IQ-TREE report:                cluster3343rr.1to1ortho.fa.aln-cln_gene20.fa.iqtree
  Maximum-likelihood tree:       cluster3343rr.1to1ortho.fa.aln-cln_gene20.fa.treefile
  Likelihood distances:          cluster3343rr.1to1ortho.fa.aln-cln_gene20.fa.mldist
  Screen log file:               cluster3343rr.1to1ortho.fa.aln-cln_gene20.fa.log

Date and Time: Mon Nov 25 10:27:41 2019
