IQ-TREE multicore version 1.6.11 for Mac OS X 64-bit built Jul 12 2019
Developed by Bui Quang Minh, Nguyen Lam Tung, Olga Chernomor,
Heiko Schmidt, Dominik Schrempf, Michael Woodhams.

Host:    slpc437 (AVX2, FMA3, 16 GB RAM)
Command: iqtree -s cluster4774rr.1to1ortho.fa.aln-cln_gene1159.fa -nt 4 -m GTR+G -alrt 1000
Seed:    552311 (Using SPRNG - Scalable Parallel Random Number Generator)
Time:    Mon Nov 25 10:57:29 2019
Kernel:  AVX+FMA - 4 threads (6 CPU cores detected)

Reading alignment file cluster4774rr.1to1ortho.fa.aln-cln_gene1159.fa ... Fasta format detected
Alignment most likely contains DNA/RNA sequences
Alignment has 13 sequences with 3603 columns, 1639 distinct patterns
1235 parsimony-informative, 639 singleton sites, 1729 constant sites
           Gap/Ambiguity  Composition  p-value
   1  DrolusSFB   13.49%    passed     68.74%
   2  Dino         0.17%    passed     96.98%
   3  MJM3360      2.64%    passed     92.70%
   4  DrobinSFB    1.64%    passed     75.52%
   5  Neam        47.88%    failed      4.65%
   6  RuprSFB      0.50%    passed     55.14%
   7  Retr         9.83%    passed     97.95%
   8  Beta         2.00%    passed     80.68%
   9  Spol         3.66%    passed     74.87%
  10  MJM1652     12.93%    passed     51.85%
  11  NepSFB       0.17%    passed     59.30%
  12  WPYJ        81.38%    passed     41.81%
  13  MJM2940      0.19%    passed     96.87%
WARNING: 1 sequences contain more than 50% gaps/ambiguity
****  TOTAL       13.57%  1 sequences failed composition chi2 test (p-value<5%; df=3)

Create initial parsimony tree by phylogenetic likelihood library (PLL)... 0.002 seconds

NOTE: 2 MB RAM (0 GB) is required!
Estimate model parameters (epsilon = 0.100)
1. Initial log-likelihood: -23471.885
2. Current log-likelihood: -22474.996
3. Current log-likelihood: -22467.260
Optimal log-likelihood: -22467.148
Rate parameters:  A-C: 1.46333  A-G: 3.40250  A-T: 1.22626  C-G: 1.27323  C-T: 6.22660  G-T: 1.00000
Base frequencies:  A: 0.299  C: 0.186  G: 0.256  T: 0.259
Gamma shape alpha: 0.555
Parameters optimization took 3 rounds (0.062 sec)
Computing ML distances based on estimated model parameters... 0.002 sec
WARNING: Some pairwise ML distances are too long (saturated)
Computing BIONJ tree...
0.002 seconds
Log-likelihood of BIONJ tree: -22465.142
--------------------------------------------------------------------
|             INITIALIZING CANDIDATE TREE SET                      |
--------------------------------------------------------------------
Generating 98 parsimony trees... 0.160 second
Computing log-likelihood of 97 initial trees ... 0.578 seconds
Current best score: -22465.142

Do NNI search on 20 best initial trees
Estimate model parameters (epsilon = 0.100)
BETTER TREE FOUND at iteration 1: -22465.130
Iteration 10 / LogL: -22465.678 / Time: 0h:0m:1s
Iteration 20 / LogL: -22468.401 / Time: 0h:0m:1s
Finish initializing candidate tree set (1)
Current best tree score: -22465.130 / CPU time: 1.493
Number of iterations: 20
--------------------------------------------------------------------
|               OPTIMIZING CANDIDATE TREE SET                      |
--------------------------------------------------------------------
Iteration 30 / LogL: -22466.981 / Time: 0h:0m:2s (0h:0m:5s left)
Iteration 40 / LogL: -22465.160 / Time: 0h:0m:2s (0h:0m:3s left)
Iteration 50 / LogL: -22465.419 / Time: 0h:0m:3s (0h:0m:3s left)
Iteration 60 / LogL: -22481.639 / Time: 0h:0m:3s (0h:0m:2s left)
Iteration 70 / LogL: -22465.141 / Time: 0h:0m:4s (0h:0m:1s left)
Iteration 80 / LogL: -22481.892 / Time: 0h:0m:4s (0h:0m:1s left)
Iteration 90 / LogL: -22465.135 / Time: 0h:0m:5s (0h:0m:0s left)
UPDATE BEST LOG-LIKELIHOOD: -22465.130
Iteration 100 / LogL: -22467.102 / Time: 0h:0m:5s (0h:0m:0s left)
TREE SEARCH COMPLETED AFTER 102 ITERATIONS / Time: 0h:0m:5s

--------------------------------------------------------------------
|                    FINALIZING TREE SEARCH                        |
--------------------------------------------------------------------
Performs final model parameters optimization
Estimate model parameters (epsilon = 0.010)
1. Initial log-likelihood: -22465.130
Optimal log-likelihood: -22465.128
Rate parameters:  A-C: 1.45722  A-G: 3.40001  A-T: 1.22752  C-G: 1.26188  C-T: 6.23389  G-T: 1.00000
Base frequencies:  A: 0.299  C: 0.186  G: 0.256  T: 0.259
Gamma shape alpha: 0.556
Parameters optimization took 1 rounds (0.008 sec)
BEST SCORE FOUND : -22465.128

Testing tree branches by SH-like aLRT with 1000 replicates...
0.189 sec.
Total tree length: 1.653

Total number of iterations: 102
CPU time used for tree search: 9.383 sec (0h:0m:9s)
Wall-clock time used for tree search: 5.588 sec (0h:0m:5s)
Total CPU time used: 10.309 sec (0h:0m:10s)
Total wall-clock time used: 5.877 sec (0h:0m:5s)

Analysis results written to: 
  IQ-TREE report:                cluster4774rr.1to1ortho.fa.aln-cln_gene1159.fa.iqtree
  Maximum-likelihood tree:       cluster4774rr.1to1ortho.fa.aln-cln_gene1159.fa.treefile
  Likelihood distances:          cluster4774rr.1to1ortho.fa.aln-cln_gene1159.fa.mldist
  Screen log file:               cluster4774rr.1to1ortho.fa.aln-cln_gene1159.fa.log

Date and Time: Mon Nov 25 10:57:35 2019
