IQ-TREE multicore version 1.6.11 for Mac OS X 64-bit built Jul 12 2019
Developed by Bui Quang Minh, Nguyen Lam Tung, Olga Chernomor,
Heiko Schmidt, Dominik Schrempf, Michael Woodhams.

Host:    slpc437 (AVX2, FMA3, 16 GB RAM)
Command: iqtree -s cluster4183rr.1to1ortho.fa.aln-cln_gene39.fa -nt 4 -m GTR+G -alrt 1000
Seed:    84082 (Using SPRNG - Scalable Parallel Random Number Generator)
Time:    Mon Nov 25 10:45:19 2019
Kernel:  AVX+FMA - 4 threads (6 CPU cores detected)

Reading alignment file cluster4183rr.1to1ortho.fa.aln-cln_gene39.fa ... Fasta format detected
Alignment most likely contains DNA/RNA sequences
Alignment has 13 sequences with 1473 columns, 642 distinct patterns
516 parsimony-informative, 164 singleton sites, 793 constant sites
           Gap/Ambiguity  Composition  p-value
   1  DrolusSFB    1.43%    passed     48.22%
   2  Dino         0.20%    passed     56.92%
   3  MJM3360     11.47%    passed      9.21%
   4  DrobinSFB    1.29%    passed     91.09%
   5  Neam         5.50%    passed     63.60%
   6  RuprSFB      1.97%    passed     91.95%
   7  Retr        12.08%    passed     55.62%
   8  Beta         0.61%    passed     63.92%
   9  Spol         0.61%    passed     23.37%
  10  MJM1652      1.22%    passed     62.41%
  11  NepSFB       0.68%    passed     60.22%
  12  WPYJ        13.31%    passed     66.80%
  13  MJM2940      0.61%    passed     75.72%
****  TOTAL        3.92%  0 sequences failed composition chi2 test (p-value<5%; df=3)

Create initial parsimony tree by phylogenetic likelihood library (PLL)... 0.001 seconds

NOTE: 1 MB RAM (0 GB) is required!
Estimate model parameters (epsilon = 0.100)
1. Initial log-likelihood: -9861.647
2. Current log-likelihood: -9397.969
3. Current log-likelihood: -9392.762
4. Current log-likelihood: -9392.580
Optimal log-likelihood: -9392.570
Rate parameters:  A-C: 1.86075  A-G: 4.32147  A-T: 1.27287  C-G: 1.56521  C-T: 6.39380  G-T: 1.00000
Base frequencies:  A: 0.259  C: 0.219  G: 0.241  T: 0.281
Gamma shape alpha: 0.336
Parameters optimization took 4 rounds (0.073 sec)
Computing ML distances based on estimated model parameters... 0.001 sec
Computing BIONJ tree...
0.002 seconds
Log-likelihood of BIONJ tree: -9393.009
--------------------------------------------------------------------
|             INITIALIZING CANDIDATE TREE SET                      |
--------------------------------------------------------------------
Generating 98 parsimony trees... 0.082 second
Computing log-likelihood of 97 initial trees ... 0.434 seconds
Current best score: -9390.992

Do NNI search on 20 best initial trees
Estimate model parameters (epsilon = 0.100)
BETTER TREE FOUND at iteration 1: -9390.858
Iteration 10 / LogL: -9391.459 / Time: 0h:0m:0s
Iteration 20 / LogL: -9390.952 / Time: 0h:0m:1s
Finish initializing candidate tree set (1)
Current best tree score: -9390.858 / CPU time: 1.126
Number of iterations: 20
--------------------------------------------------------------------
|               OPTIMIZING CANDIDATE TREE SET                      |
--------------------------------------------------------------------
Iteration 30 / LogL: -9391.160 / Time: 0h:0m:1s (0h:0m:3s left)
Iteration 40 / LogL: -9390.872 / Time: 0h:0m:1s (0h:0m:3s left)
Iteration 50 / LogL: -9390.889 / Time: 0h:0m:2s (0h:0m:2s left)
Iteration 60 / LogL: -9390.948 / Time: 0h:0m:2s (0h:0m:1s left)
Iteration 70 / LogL: -9391.578 / Time: 0h:0m:3s (0h:0m:1s left)
Iteration 80 / LogL: -9390.914 / Time: 0h:0m:3s (0h:0m:0s left)
Iteration 90 / LogL: -9390.898 / Time: 0h:0m:4s (0h:0m:0s left)
Iteration 100 / LogL: -9392.636 / Time: 0h:0m:4s (0h:0m:0s left)
TREE SEARCH COMPLETED AFTER 102 ITERATIONS / Time: 0h:0m:4s

--------------------------------------------------------------------
|                    FINALIZING TREE SEARCH                        |
--------------------------------------------------------------------
Performs final model parameters optimization
Estimate model parameters (epsilon = 0.010)
1. Initial log-likelihood: -9390.858
Optimal log-likelihood: -9390.856
Rate parameters:  A-C: 1.86447  A-G: 4.30693  A-T: 1.25307  C-G: 1.55843  C-T: 6.41793  G-T: 1.00000
Base frequencies:  A: 0.259  C: 0.219  G: 0.241  T: 0.281
Gamma shape alpha: 0.336
Parameters optimization took 1 rounds (0.005 sec)
BEST SCORE FOUND : -9390.856

Testing tree branches by SH-like aLRT with 1000 replicates...
0.088 sec.
Total tree length: 1.745

Total number of iterations: 102
CPU time used for tree search: 5.163 sec (0h:0m:5s)
Wall-clock time used for tree search: 4.454 sec (0h:0m:4s)
Total CPU time used: 5.643 sec (0h:0m:5s)
Total wall-clock time used: 4.640 sec (0h:0m:4s)

Analysis results written to: 
  IQ-TREE report:                cluster4183rr.1to1ortho.fa.aln-cln_gene39.fa.iqtree
  Maximum-likelihood tree:       cluster4183rr.1to1ortho.fa.aln-cln_gene39.fa.treefile
  Likelihood distances:          cluster4183rr.1to1ortho.fa.aln-cln_gene39.fa.mldist
  Screen log file:               cluster4183rr.1to1ortho.fa.aln-cln_gene39.fa.log

Date and Time: Mon Nov 25 10:45:23 2019
