IQ-TREE multicore version 1.6.11 for Mac OS X 64-bit built Jul 12 2019
Developed by Bui Quang Minh, Nguyen Lam Tung, Olga Chernomor,
Heiko Schmidt, Dominik Schrempf, Michael Woodhams.

Host:    slpc437 (AVX2, FMA3, 16 GB RAM)
Command: iqtree -s cluster2491rr.1to1ortho.fa.aln-cln_gene455.fa -nt 4 -m GTR+G -alrt 1000
Seed:    967025 (Using SPRNG - Scalable Parallel Random Number Generator)
Time:    Mon Nov 25 10:05:23 2019
Kernel:  AVX+FMA - 4 threads (6 CPU cores detected)

Reading alignment file cluster2491rr.1to1ortho.fa.aln-cln_gene455.fa ... Fasta format detected
Alignment most likely contains DNA/RNA sequences
Alignment has 13 sequences with 639 columns, 307 distinct patterns
229 parsimony-informative, 86 singleton sites, 324 constant sites
           Gap/Ambiguity  Composition  p-value
   1  DrolusSFB    2.35%    passed     94.62%
   2  Dino         0.00%    passed     57.93%
   3  MJM3360      5.32%    passed     96.28%
   4  DrobinSFB    6.26%    passed     92.42%
   5  Neam         0.00%    passed     99.12%
   6  RuprSFB      6.10%    passed     94.27%
   7  Retr         1.10%    passed     55.70%
   8  Beta         3.91%    passed     94.58%
   9  Spol         0.63%    passed     98.55%
  10  MJM1652      0.00%    passed     61.90%
  11  NepSFB       0.00%    passed     89.09%
  12  WPYJ         2.50%    passed     78.45%
  13  MJM2940      2.35%    passed     97.79%
****  TOTAL        2.35%  0 sequences failed composition chi2 test (p-value<5%; df=3)

Create initial parsimony tree by phylogenetic likelihood library (PLL)... 0.001 seconds

NOTE: 0 MB RAM (0 GB) is required!
WARNING: Number of threads seems too high for short alignments. Use -nt AUTO to determine best number of threads.
Estimate model parameters (epsilon = 0.100)
1. Initial log-likelihood: -4270.531
2. Current log-likelihood: -4063.342
3. Current log-likelihood: -4061.987
Optimal log-likelihood: -4061.976
Rate parameters:  A-C: 1.14992  A-G: 3.73678  A-T: 1.29680  C-G: 0.87626  C-T: 6.06725  G-T: 1.00000
Base frequencies:  A: 0.276  C: 0.226  G: 0.247  T: 0.251
Gamma shape alpha: 0.455
Parameters optimization took 3 rounds (0.028 sec)
Computing ML distances based on estimated model parameters... 0.001 sec
Computing BIONJ tree...
0.002 seconds
Log-likelihood of BIONJ tree: -4065.430
--------------------------------------------------------------------
|             INITIALIZING CANDIDATE TREE SET                      |
--------------------------------------------------------------------
Generating 98 parsimony trees... 0.066 second
Computing log-likelihood of 96 initial trees ... 0.384 seconds
Current best score: -4061.976

Do NNI search on 20 best initial trees
Estimate model parameters (epsilon = 0.100)
BETTER TREE FOUND at iteration 1: -4061.976
Estimate model parameters (epsilon = 0.100)
BETTER TREE FOUND at iteration 2: -4057.854
Iteration 10 / LogL: -4065.585 / Time: 0h:0m:0s
Iteration 20 / LogL: -4062.165 / Time: 0h:0m:1s
Finish initializing candidate tree set (5)
Current best tree score: -4057.854 / CPU time: 1.029
Number of iterations: 20
--------------------------------------------------------------------
|               OPTIMIZING CANDIDATE TREE SET                      |
--------------------------------------------------------------------
Iteration 30 / LogL: -4057.859 / Time: 0h:0m:1s (0h:0m:3s left)
Iteration 40 / LogL: -4064.247 / Time: 0h:0m:1s (0h:0m:3s left)
Iteration 50 / LogL: -4059.103 / Time: 0h:0m:2s (0h:0m:2s left)
Iteration 60 / LogL: -4058.823 / Time: 0h:0m:2s (0h:0m:1s left)
Iteration 70 / LogL: -4063.721 / Time: 0h:0m:3s (0h:0m:1s left)
Iteration 80 / LogL: -4057.859 / Time: 0h:0m:3s (0h:0m:0s left)
Iteration 90 / LogL: -4057.861 / Time: 0h:0m:3s (0h:0m:0s left)
Iteration 100 / LogL: -4065.648 / Time: 0h:0m:4s (0h:0m:0s left)
TREE SEARCH COMPLETED AFTER 103 ITERATIONS / Time: 0h:0m:4s

--------------------------------------------------------------------
|                    FINALIZING TREE SEARCH                        |
--------------------------------------------------------------------
Performs final model parameters optimization
Estimate model parameters (epsilon = 0.010)
1. Initial log-likelihood: -4057.854
Optimal log-likelihood: -4057.853
Rate parameters:  A-C: 1.16962  A-G: 3.76882  A-T: 1.26152  C-G: 0.85339  C-T: 6.04219  G-T: 1.00000
Base frequencies:  A: 0.276  C: 0.226  G: 0.247  T: 0.251
Gamma shape alpha: 0.453
Parameters optimization took 1 rounds (0.004 sec)
BEST SCORE FOUND : -4057.853

Testing tree branches by SH-like aLRT with 1000 replicates...
0.048 sec.
Total tree length: 1.505

Total number of iterations: 103
CPU time used for tree search: 3.779 sec (0h:0m:3s)
Wall-clock time used for tree search: 4.198 sec (0h:0m:4s)
Total CPU time used: 3.982 sec (0h:0m:3s)
Total wall-clock time used: 4.296 sec (0h:0m:4s)

Analysis results written to: 
  IQ-TREE report:                cluster2491rr.1to1ortho.fa.aln-cln_gene455.fa.iqtree
  Maximum-likelihood tree:       cluster2491rr.1to1ortho.fa.aln-cln_gene455.fa.treefile
  Likelihood distances:          cluster2491rr.1to1ortho.fa.aln-cln_gene455.fa.mldist
  Screen log file:               cluster2491rr.1to1ortho.fa.aln-cln_gene455.fa.log

Date and Time: Mon Nov 25 10:05:28 2019
