IQ-TREE multicore version 1.6.11 for Mac OS X 64-bit built Jul 12 2019
Developed by Bui Quang Minh, Nguyen Lam Tung, Olga Chernomor,
Heiko Schmidt, Dominik Schrempf, Michael Woodhams.

Host:    slpc437 (AVX2, FMA3, 16 GB RAM)
Command: iqtree -s cluster3886rr.1to1ortho.fa.aln-cln_gene189.fa -nt 4 -m GTR+G -alrt 1000
Seed:    8004 (Using SPRNG - Scalable Parallel Random Number Generator)
Time:    Mon Nov 25 10:39:30 2019
Kernel:  AVX+FMA - 4 threads (6 CPU cores detected)

Reading alignment file cluster3886rr.1to1ortho.fa.aln-cln_gene189.fa ... Fasta format detected
Alignment most likely contains DNA/RNA sequences
Alignment has 13 sequences with 1632 columns, 615 distinct patterns
466 parsimony-informative, 224 singleton sites, 941 constant sites
           Gap/Ambiguity  Composition  p-value
   1  DrolusSFB    0.55%    passed     86.36%
   2  Dino         0.18%    passed     95.43%
   3  MJM3360      0.55%    passed     80.41%
   4  DrobinSFB    0.18%    passed     49.03%
   5  Neam         0.18%    passed     98.91%
   6  RuprSFB      0.18%    passed     95.07%
   7  Retr         1.10%    passed     94.93%
   8  Beta         0.49%    passed     87.25%
   9  Spol         0.43%    passed     91.98%
  10  MJM1652      0.18%    passed     96.11%
  11  NepSFB       0.18%    passed     98.76%
  12  WPYJ        45.22%    passed     88.37%
  13  MJM2940      0.00%    passed     95.10%
****  TOTAL        3.80%  0 sequences failed composition chi2 test (p-value<5%; df=3)

Create initial parsimony tree by phylogenetic likelihood library (PLL)... 0.001 seconds

NOTE: 1 MB RAM (0 GB) is required!
Estimate model parameters (epsilon = 0.100)
1. Initial log-likelihood: -9888.396
2. Current log-likelihood: -9422.922
3. Current log-likelihood: -9417.838
Optimal log-likelihood: -9417.737
Rate parameters:  A-C: 1.33338  A-G: 3.02839  A-T: 1.47849  C-G: 0.68275  C-T: 5.90351  G-T: 1.00000
Base frequencies:  A: 0.295  C: 0.180  G: 0.265  T: 0.260
Gamma shape alpha: 0.320
Parameters optimization took 3 rounds (0.036 sec)
Computing ML distances based on estimated model parameters... 0.001 sec
Computing BIONJ tree...
0.002 seconds
Log-likelihood of BIONJ tree: -9417.799
--------------------------------------------------------------------
|             INITIALIZING CANDIDATE TREE SET                      |
--------------------------------------------------------------------
Generating 98 parsimony trees... 0.083 second
Computing log-likelihood of 98 initial trees ... 0.430 seconds
Current best score: -9417.737

Do NNI search on 20 best initial trees
Estimate model parameters (epsilon = 0.100)
BETTER TREE FOUND at iteration 1: -9417.733
Iteration 10 / LogL: -9417.762 / Time: 0h:0m:0s
Iteration 20 / LogL: -9417.819 / Time: 0h:0m:1s
Finish initializing candidate tree set (2)
Current best tree score: -9417.733 / CPU time: 1.092
Number of iterations: 20
--------------------------------------------------------------------
|               OPTIMIZING CANDIDATE TREE SET                      |
--------------------------------------------------------------------
Iteration 30 / LogL: -9417.828 / Time: 0h:0m:1s (0h:0m:3s left)
Iteration 40 / LogL: -9417.795 / Time: 0h:0m:1s (0h:0m:2s left)
Iteration 50 / LogL: -9417.735 / Time: 0h:0m:2s (0h:0m:2s left)
Iteration 60 / LogL: -9417.773 / Time: 0h:0m:2s (0h:0m:1s left)
UPDATE BEST LOG-LIKELIHOOD: -9417.733
Iteration 70 / LogL: -9417.747 / Time: 0h:0m:3s (0h:0m:1s left)
Iteration 80 / LogL: -9425.307 / Time: 0h:0m:3s (0h:0m:0s left)
Iteration 90 / LogL: -9418.010 / Time: 0h:0m:3s (0h:0m:0s left)
Iteration 100 / LogL: -9417.785 / Time: 0h:0m:4s (0h:0m:0s left)
TREE SEARCH COMPLETED AFTER 102 ITERATIONS / Time: 0h:0m:4s

--------------------------------------------------------------------
|                    FINALIZING TREE SEARCH                        |
--------------------------------------------------------------------
Performs final model parameters optimization
Estimate model parameters (epsilon = 0.010)
1. Initial log-likelihood: -9417.733
Optimal log-likelihood: -9417.733
Rate parameters:  A-C: 1.32756  A-G: 3.03222  A-T: 1.48000  C-G: 0.68651  C-T: 5.90823  G-T: 1.00000
Base frequencies:  A: 0.295  C: 0.180  G: 0.265  T: 0.260
Gamma shape alpha: 0.321
Parameters optimization took 1 rounds (0.005 sec)
BEST SCORE FOUND : -9417.733

Testing tree branches by SH-like aLRT with 1000 replicates...
0.093 sec.
Total tree length: 1.411

Total number of iterations: 102
CPU time used for tree search: 4.962 sec (0h:0m:4s)
Wall-clock time used for tree search: 4.317 sec (0h:0m:4s)
Total CPU time used: 5.377 sec (0h:0m:5s)
Total wall-clock time used: 4.470 sec (0h:0m:4s)

Analysis results written to: 
  IQ-TREE report:                cluster3886rr.1to1ortho.fa.aln-cln_gene189.fa.iqtree
  Maximum-likelihood tree:       cluster3886rr.1to1ortho.fa.aln-cln_gene189.fa.treefile
  Likelihood distances:          cluster3886rr.1to1ortho.fa.aln-cln_gene189.fa.mldist
  Screen log file:               cluster3886rr.1to1ortho.fa.aln-cln_gene189.fa.log

Date and Time: Mon Nov 25 10:39:34 2019
