IQ-TREE multicore version 1.6.11 for Mac OS X 64-bit built Jul 12 2019
Developed by Bui Quang Minh, Nguyen Lam Tung, Olga Chernomor,
Heiko Schmidt, Dominik Schrempf, Michael Woodhams.

Host:    slpc437 (AVX2, FMA3, 16 GB RAM)
Command: iqtree -s cluster2937rr.1to1ortho.fa.aln-cln_gene349.fa -nt 4 -m GTR+G -alrt 1000
Seed:    889551 (Using SPRNG - Scalable Parallel Random Number Generator)
Time:    Mon Nov 25 10:17:52 2019
Kernel:  AVX+FMA - 4 threads (6 CPU cores detected)

Reading alignment file cluster2937rr.1to1ortho.fa.aln-cln_gene349.fa ... Fasta format detected
Alignment most likely contains DNA/RNA sequences
Alignment has 13 sequences with 1059 columns, 548 distinct patterns
405 parsimony-informative, 156 singleton sites, 498 constant sites
           Gap/Ambiguity  Composition  p-value
   1  DrolusSFB    0.00%    passed      9.38%
   2  Dino         6.42%    passed     97.70%
   3  MJM3360     12.18%    passed     36.37%
   4  DrobinSFB    6.70%    passed     62.02%
   5  Neam         3.40%    passed     90.20%
   6  RuprSFB      5.95%    passed     99.77%
   7  Retr        42.02%    passed     60.00%
   8  Beta         2.74%    passed     97.32%
   9  Spol         2.46%    passed     85.33%
  10  MJM1652      8.22%    passed     89.19%
  11  NepSFB       3.40%    passed     88.18%
  12  WPYJ        10.20%    passed     97.09%
  13  MJM2940      0.66%    passed     95.38%
****  TOTAL        8.03%  0 sequences failed composition chi2 test (p-value<5%; df=3)

Create initial parsimony tree by phylogenetic likelihood library (PLL)... 0.001 seconds

NOTE: 0 MB RAM (0 GB) is required!
Estimate model parameters (epsilon = 0.100)
1. Initial log-likelihood: -7292.669
2. Current log-likelihood: -7032.972
3. Current log-likelihood: -7029.727
Optimal log-likelihood: -7029.657
Rate parameters:  A-C: 2.26738  A-G: 3.85679  A-T: 1.53217  C-G: 2.05682  C-T: 7.87581  G-T: 1.00000
Base frequencies:  A: 0.327  C: 0.167  G: 0.265  T: 0.241
Gamma shape alpha: 0.520
Parameters optimization took 3 rounds (0.036 sec)
Computing ML distances based on estimated model parameters... 0.001 sec
Computing BIONJ tree...
0.002 seconds
Log-likelihood of BIONJ tree: -7033.839
--------------------------------------------------------------------
|             INITIALIZING CANDIDATE TREE SET                      |
--------------------------------------------------------------------
Generating 98 parsimony trees... 0.084 second
Computing log-likelihood of 98 initial trees ... 0.425 seconds
Current best score: -7029.657

Do NNI search on 20 best initial trees
Estimate model parameters (epsilon = 0.100)
BETTER TREE FOUND at iteration 1: -7026.710
Iteration 10 / LogL: -7026.716 / Time: 0h:0m:0s
Iteration 20 / LogL: -7026.722 / Time: 0h:0m:1s
Finish initializing candidate tree set (1)
Current best tree score: -7026.710 / CPU time: 1.098
Number of iterations: 20
--------------------------------------------------------------------
|               OPTIMIZING CANDIDATE TREE SET                      |
--------------------------------------------------------------------
Iteration 30 / LogL: -7027.180 / Time: 0h:0m:1s (0h:0m:3s left)
Iteration 40 / LogL: -7026.809 / Time: 0h:0m:1s (0h:0m:2s left)
Iteration 50 / LogL: -7027.295 / Time: 0h:0m:2s (0h:0m:2s left)
Iteration 60 / LogL: -7026.795 / Time: 0h:0m:2s (0h:0m:1s left)
Iteration 70 / LogL: -7026.796 / Time: 0h:0m:2s (0h:0m:1s left)
Iteration 80 / LogL: -7026.778 / Time: 0h:0m:3s (0h:0m:0s left)
Iteration 90 / LogL: -7026.797 / Time: 0h:0m:3s (0h:0m:0s left)
Iteration 100 / LogL: -7026.739 / Time: 0h:0m:4s (0h:0m:0s left)
TREE SEARCH COMPLETED AFTER 102 ITERATIONS / Time: 0h:0m:4s

--------------------------------------------------------------------
|                    FINALIZING TREE SEARCH                        |
--------------------------------------------------------------------
Performs final model parameters optimization
Estimate model parameters (epsilon = 0.010)
1. Initial log-likelihood: -7026.710
Optimal log-likelihood: -7026.709
Rate parameters:  A-C: 2.27474  A-G: 3.85611  A-T: 1.52798  C-G: 2.05661  C-T: 7.88128  G-T: 1.00000
Base frequencies:  A: 0.327  C: 0.167  G: 0.265  T: 0.241
Gamma shape alpha: 0.523
Parameters optimization took 1 rounds (0.005 sec)
BEST SCORE FOUND : -7026.709

Testing tree branches by SH-like aLRT with 1000 replicates...
0.069 sec.
Total tree length: 1.860

Total number of iterations: 102
CPU time used for tree search: 4.568 sec (0h:0m:4s)
Wall-clock time used for tree search: 4.196 sec (0h:0m:4s)
Total CPU time used: 4.884 sec (0h:0m:4s)
Total wall-clock time used: 4.325 sec (0h:0m:4s)

Analysis results written to: 
  IQ-TREE report:                cluster2937rr.1to1ortho.fa.aln-cln_gene349.fa.iqtree
  Maximum-likelihood tree:       cluster2937rr.1to1ortho.fa.aln-cln_gene349.fa.treefile
  Likelihood distances:          cluster2937rr.1to1ortho.fa.aln-cln_gene349.fa.mldist
  Screen log file:               cluster2937rr.1to1ortho.fa.aln-cln_gene349.fa.log

Date and Time: Mon Nov 25 10:17:57 2019
