IQ-TREE multicore version 1.6.11 for Mac OS X 64-bit built Jul 12 2019
Developed by Bui Quang Minh, Nguyen Lam Tung, Olga Chernomor,
Heiko Schmidt, Dominik Schrempf, Michael Woodhams.

Host:    slpc437 (AVX2, FMA3, 16 GB RAM)
Command: iqtree -s cluster3170rr.1to1ortho.fa.aln-cln_gene242.fa -nt 4 -m GTR+G -alrt 1000
Seed:    636797 (Using SPRNG - Scalable Parallel Random Number Generator)
Time:    Mon Nov 25 10:23:02 2019
Kernel:  AVX+FMA - 4 threads (6 CPU cores detected)

Reading alignment file cluster3170rr.1to1ortho.fa.aln-cln_gene242.fa ... Fasta format detected
Alignment most likely contains DNA/RNA sequences
Alignment has 13 sequences with 2405 columns, 1178 distinct patterns
982 parsimony-informative, 426 singleton sites, 997 constant sites
           Gap/Ambiguity  Composition  p-value
   1  DrolusSFB    1.33%    passed     86.10%
   2  Dino         1.37%    passed     95.37%
   3  MJM3360      1.50%    passed     24.33%
   4  DrobinSFB    0.58%    passed     18.00%
   5  Neam         0.71%    passed     62.74%
   6  RuprSFB      0.91%    passed     54.44%
   7  Retr         1.83%    passed     57.35%
   8  Beta         1.12%    passed     54.40%
   9  Spol         1.37%    passed     84.56%
  10  MJM1652      0.33%    passed     90.91%
  11  NepSFB       0.71%    passed     66.78%
  12  WPYJ         3.33%    passed     53.99%
  13  MJM2940      0.71%    passed     97.19%
****  TOTAL        1.22%  0 sequences failed composition chi2 test (p-value<5%; df=3)

Create initial parsimony tree by phylogenetic likelihood library (PLL)... 0.001 seconds

NOTE: 1 MB RAM (0 GB) is required!
Estimate model parameters (epsilon = 0.100)
1. Initial log-likelihood: -18351.257
2. Current log-likelihood: -17777.289
3. Current log-likelihood: -17773.793
Optimal log-likelihood: -17773.750
Rate parameters:  A-C: 1.67482  A-G: 4.29286  A-T: 1.50535  C-G: 1.61011  C-T: 5.32226  G-T: 1.00000
Base frequencies:  A: 0.288  C: 0.199  G: 0.236  T: 0.277
Gamma shape alpha: 0.649
Parameters optimization took 3 rounds (0.047 sec)
Computing ML distances based on estimated model parameters... 0.002 sec
Computing BIONJ tree...
0.002 seconds
Log-likelihood of BIONJ tree: -17768.659
--------------------------------------------------------------------
|             INITIALIZING CANDIDATE TREE SET                      |
--------------------------------------------------------------------
Generating 98 parsimony trees... 0.122 second
Computing log-likelihood of 98 initial trees ... 0.488 seconds
Current best score: -17768.659

Do NNI search on 20 best initial trees
Estimate model parameters (epsilon = 0.100)
BETTER TREE FOUND at iteration 1: -17768.207
Iteration 10 / LogL: -17768.218 / Time: 0h:0m:0s
Iteration 20 / LogL: -17768.222 / Time: 0h:0m:1s
Finish initializing candidate tree set (1)
Current best tree score: -17768.207 / CPU time: 1.275
Number of iterations: 20
--------------------------------------------------------------------
|               OPTIMIZING CANDIDATE TREE SET                      |
--------------------------------------------------------------------
Iteration 30 / LogL: -17768.218 / Time: 0h:0m:1s (0h:0m:4s left)
Iteration 40 / LogL: -17768.904 / Time: 0h:0m:2s (0h:0m:3s left)
Iteration 50 / LogL: -17768.258 / Time: 0h:0m:2s (0h:0m:2s left)
Iteration 60 / LogL: -17768.240 / Time: 0h:0m:3s (0h:0m:2s left)
Iteration 70 / LogL: -17768.450 / Time: 0h:0m:3s (0h:0m:1s left)
UPDATE BEST LOG-LIKELIHOOD: -17768.207
Iteration 80 / LogL: -17768.212 / Time: 0h:0m:4s (0h:0m:1s left)
Iteration 90 / LogL: -17768.290 / Time: 0h:0m:4s (0h:0m:0s left)
Iteration 100 / LogL: -17768.222 / Time: 0h:0m:5s (0h:0m:0s left)
TREE SEARCH COMPLETED AFTER 102 ITERATIONS / Time: 0h:0m:5s

--------------------------------------------------------------------
|                    FINALIZING TREE SEARCH                        |
--------------------------------------------------------------------
Performs final model parameters optimization
Estimate model parameters (epsilon = 0.010)
1. Initial log-likelihood: -17768.207
Optimal log-likelihood: -17768.206
Rate parameters:  A-C: 1.65698  A-G: 4.29915  A-T: 1.50805  C-G: 1.59945  C-T: 5.32018  G-T: 1.00000
Base frequencies:  A: 0.288  C: 0.199  G: 0.236  T: 0.277
Gamma shape alpha: 0.650
Parameters optimization took 1 rounds (0.007 sec)
BEST SCORE FOUND : -17768.206

Testing tree branches by SH-like aLRT with 1000 replicates...
0.135 sec.
Total tree length: 1.874

Total number of iterations: 102
CPU time used for tree search: 7.588 sec (0h:0m:7s)
Wall-clock time used for tree search: 5.167 sec (0h:0m:5s)
Total CPU time used: 8.220 sec (0h:0m:8s)
Total wall-clock time used: 5.377 sec (0h:0m:5s)

Analysis results written to: 
  IQ-TREE report:                cluster3170rr.1to1ortho.fa.aln-cln_gene242.fa.iqtree
  Maximum-likelihood tree:       cluster3170rr.1to1ortho.fa.aln-cln_gene242.fa.treefile
  Likelihood distances:          cluster3170rr.1to1ortho.fa.aln-cln_gene242.fa.mldist
  Screen log file:               cluster3170rr.1to1ortho.fa.aln-cln_gene242.fa.log

Date and Time: Mon Nov 25 10:23:08 2019
