IQ-TREE multicore version 1.6.11 for Mac OS X 64-bit built Jul 12 2019
Developed by Bui Quang Minh, Nguyen Lam Tung, Olga Chernomor,
Heiko Schmidt, Dominik Schrempf, Michael Woodhams.

Host:    slpc437 (AVX2, FMA3, 16 GB RAM)
Command: iqtree -s cluster3487rr.1to1ortho.fa.aln-cln_gene1193.fa -nt 4 -m GTR+G -alrt 1000
Seed:    202170 (Using SPRNG - Scalable Parallel Random Number Generator)
Time:    Mon Nov 25 10:31:33 2019
Kernel:  AVX+FMA - 4 threads (6 CPU cores detected)

Reading alignment file cluster3487rr.1to1ortho.fa.aln-cln_gene1193.fa ... Fasta format detected
Alignment most likely contains DNA/RNA sequences
Alignment has 13 sequences with 678 columns, 325 distinct patterns
220 parsimony-informative, 100 singleton sites, 358 constant sites
           Gap/Ambiguity  Composition  p-value
   1  DrolusSFB    1.03%    passed     85.20%
   2  Dino         2.21%    passed     98.83%
   3  MJM3360     22.12%    passed     77.44%
   4  DrobinSFB    2.21%    passed     73.14%
   5  Neam         3.54%    passed     96.66%
   6  RuprSFB     22.12%    passed     76.85%
   7  Retr         2.65%    passed     98.32%
   8  Beta         1.03%    passed     88.51%
   9  Spol         1.03%    passed     44.08%
  10  MJM1652      2.21%    passed     81.77%
  11  NepSFB       3.54%    passed     95.47%
  12  WPYJ        11.95%    passed     47.15%
  13  MJM2940      0.44%    passed     99.81%
****  TOTAL        5.85%  0 sequences failed composition chi2 test (p-value<5%; df=3)

Create initial parsimony tree by phylogenetic likelihood library (PLL)... 0.001 seconds

NOTE: 0 MB RAM (0 GB) is required!
WARNING: Number of threads seems too high for short alignments. Use -nt AUTO to determine best number of threads.
Estimate model parameters (epsilon = 0.100)
1. Initial log-likelihood: -4198.119
2. Current log-likelihood: -4005.941
3. Current log-likelihood: -4003.989
Optimal log-likelihood: -4003.956
Rate parameters:  A-C: 0.94123  A-G: 2.54676  A-T: 1.06440  C-G: 0.66673  C-T: 5.78388  G-T: 1.00000
Base frequencies:  A: 0.336  C: 0.184  G: 0.255  T: 0.225
Gamma shape alpha: 0.422
Parameters optimization took 3 rounds (0.028 sec)
Computing ML distances based on estimated model parameters... 0.001 sec
Computing BIONJ tree...
0.002 seconds
Log-likelihood of BIONJ tree: -4004.657
--------------------------------------------------------------------
|             INITIALIZING CANDIDATE TREE SET                      |
--------------------------------------------------------------------
Generating 98 parsimony trees... 0.064 second
Computing log-likelihood of 98 initial trees ... 0.392 seconds
Current best score: -4003.956

Do NNI search on 20 best initial trees
Estimate model parameters (epsilon = 0.100)
BETTER TREE FOUND at iteration 1: -4003.955
Iteration 10 / LogL: -4004.040 / Time: 0h:0m:0s
Iteration 20 / LogL: -4003.973 / Time: 0h:0m:1s
Finish initializing candidate tree set (3)
Current best tree score: -4003.955 / CPU time: 1.002
Number of iterations: 20
--------------------------------------------------------------------
|               OPTIMIZING CANDIDATE TREE SET                      |
--------------------------------------------------------------------
Iteration 30 / LogL: -4004.658 / Time: 0h:0m:1s (0h:0m:3s left)
UPDATE BEST LOG-LIKELIHOOD: -4003.955
Iteration 40 / LogL: -4004.658 / Time: 0h:0m:2s (0h:0m:3s left)
Iteration 50 / LogL: -4004.658 / Time: 0h:0m:2s (0h:0m:2s left)
Iteration 60 / LogL: -4004.488 / Time: 0h:0m:2s (0h:0m:1s left)
Iteration 70 / LogL: -4004.658 / Time: 0h:0m:3s (0h:0m:1s left)
Iteration 80 / LogL: -4004.107 / Time: 0h:0m:3s (0h:0m:0s left)
Iteration 90 / LogL: -4004.341 / Time: 0h:0m:4s (0h:0m:0s left)
Iteration 100 / LogL: -4004.658 / Time: 0h:0m:4s (0h:0m:0s left)
TREE SEARCH COMPLETED AFTER 102 ITERATIONS / Time: 0h:0m:4s

--------------------------------------------------------------------
|                    FINALIZING TREE SEARCH                        |
--------------------------------------------------------------------
Performs final model parameters optimization
Estimate model parameters (epsilon = 0.010)
1. Initial log-likelihood: -4003.955
Optimal log-likelihood: -4003.954
Rate parameters:  A-C: 0.93901  A-G: 2.53579  A-T: 1.06147  C-G: 0.66241  C-T: 5.78628  G-T: 1.00000
Base frequencies:  A: 0.336  C: 0.184  G: 0.255  T: 0.225
Gamma shape alpha: 0.423
Parameters optimization took 1 rounds (0.004 sec)
BEST SCORE FOUND : -4003.954

Testing tree branches by SH-like aLRT with 1000 replicates...
0.049 sec.
Total tree length: 1.550

Total number of iterations: 102
CPU time used for tree search: 4.374 sec (0h:0m:4s)
Wall-clock time used for tree search: 4.739 sec (0h:0m:4s)
Total CPU time used: 4.584 sec (0h:0m:4s)
Total wall-clock time used: 4.839 sec (0h:0m:4s)

Analysis results written to: 
  IQ-TREE report:                cluster3487rr.1to1ortho.fa.aln-cln_gene1193.fa.iqtree
  Maximum-likelihood tree:       cluster3487rr.1to1ortho.fa.aln-cln_gene1193.fa.treefile
  Likelihood distances:          cluster3487rr.1to1ortho.fa.aln-cln_gene1193.fa.mldist
  Screen log file:               cluster3487rr.1to1ortho.fa.aln-cln_gene1193.fa.log

Date and Time: Mon Nov 25 10:31:38 2019
