IQ-TREE multicore version 1.6.11 for Mac OS X 64-bit built Jul 12 2019
Developed by Bui Quang Minh, Nguyen Lam Tung, Olga Chernomor,
Heiko Schmidt, Dominik Schrempf, Michael Woodhams.

Host:    slpc437 (AVX2, FMA3, 16 GB RAM)
Command: iqtree -s cluster3274rr.1to1ortho.fa.aln-cln_gene872.fa -nt 4 -m GTR+G -alrt 1000
Seed:    907650 (Using SPRNG - Scalable Parallel Random Number Generator)
Time:    Mon Nov 25 10:25:43 2019
Kernel:  AVX+FMA - 4 threads (6 CPU cores detected)

Reading alignment file cluster3274rr.1to1ortho.fa.aln-cln_gene872.fa ... Fasta format detected
Alignment most likely contains DNA/RNA sequences
Alignment has 13 sequences with 1458 columns, 668 distinct patterns
483 parsimony-informative, 205 singleton sites, 770 constant sites
           Gap/Ambiguity  Composition  p-value
   1  DrolusSFB    0.41%    passed     88.27%
   2  Dino         3.64%    passed     71.44%
   3  MJM3360      6.04%    passed     84.16%
   4  DrobinSFB    4.73%    passed     98.51%
   5  Neam         1.44%    passed     55.12%
   6  RuprSFB      1.30%    passed     75.26%
   7  Retr        47.53%    passed     34.76%
   8  Beta         0.62%    passed     18.06%
   9  Spol         0.62%    passed     69.35%
  10  MJM1652      3.64%    passed     77.03%
  11  NepSFB       1.44%    passed     55.11%
  12  WPYJ         5.14%    passed     84.91%
  13  MJM2940      0.41%    passed     70.60%
****  TOTAL        5.92%  0 sequences failed composition chi2 test (p-value<5%; df=3)

Create initial parsimony tree by phylogenetic likelihood library (PLL)... 0.001 seconds

NOTE: 1 MB RAM (0 GB) is required!
Estimate model parameters (epsilon = 0.100)
1. Initial log-likelihood: -9281.905
2. Current log-likelihood: -8937.242
3. Current log-likelihood: -8933.821
Optimal log-likelihood: -8933.763
Rate parameters:  A-C: 1.41395  A-G: 3.64842  A-T: 1.22998  C-G: 1.07090  C-T: 4.54202  G-T: 1.00000
Base frequencies:  A: 0.288  C: 0.223  G: 0.238  T: 0.250
Gamma shape alpha: 0.414
Parameters optimization took 3 rounds (0.034 sec)
Computing ML distances based on estimated model parameters... 0.001 sec
Computing BIONJ tree...
0.002 seconds
Log-likelihood of BIONJ tree: -8933.762
--------------------------------------------------------------------
|             INITIALIZING CANDIDATE TREE SET                      |
--------------------------------------------------------------------
Generating 99 parsimony trees... 0.090 second
Computing log-likelihood of 99 initial trees ... 0.434 seconds
Current best score: -8933.762

Do NNI search on 20 best initial trees
Estimate model parameters (epsilon = 0.100)
BETTER TREE FOUND at iteration 1: -8932.470
Iteration 10 / LogL: -8932.477 / Time: 0h:0m:0s
Iteration 20 / LogL: -8932.480 / Time: 0h:0m:1s
Finish initializing candidate tree set (2)
Current best tree score: -8932.470 / CPU time: 1.162
Number of iterations: 20
--------------------------------------------------------------------
|               OPTIMIZING CANDIDATE TREE SET                      |
--------------------------------------------------------------------
Iteration 30 / LogL: -8932.533 / Time: 0h:0m:1s (0h:0m:3s left)
Iteration 40 / LogL: -8932.524 / Time: 0h:0m:2s (0h:0m:3s left)
UPDATE BEST LOG-LIKELIHOOD: -8932.470
Iteration 50 / LogL: -8932.480 / Time: 0h:0m:2s (0h:0m:2s left)
Iteration 60 / LogL: -8932.499 / Time: 0h:0m:2s (0h:0m:1s left)
Iteration 70 / LogL: -8932.474 / Time: 0h:0m:3s (0h:0m:1s left)
Iteration 80 / LogL: -8932.475 / Time: 0h:0m:3s (0h:0m:0s left)
Iteration 90 / LogL: -8932.716 / Time: 0h:0m:4s (0h:0m:0s left)
Iteration 100 / LogL: -8932.499 / Time: 0h:0m:4s (0h:0m:0s left)
TREE SEARCH COMPLETED AFTER 102 ITERATIONS / Time: 0h:0m:4s

--------------------------------------------------------------------
|                    FINALIZING TREE SEARCH                        |
--------------------------------------------------------------------
Performs final model parameters optimization
Estimate model parameters (epsilon = 0.010)
1. Initial log-likelihood: -8932.470
Optimal log-likelihood: -8932.468
Rate parameters:  A-C: 1.42297  A-G: 3.65354  A-T: 1.23243  C-G: 1.07656  C-T: 4.56065  G-T: 1.00000
Base frequencies:  A: 0.288  C: 0.223  G: 0.238  T: 0.250
Gamma shape alpha: 0.412
Parameters optimization took 1 rounds (0.005 sec)
BEST SCORE FOUND : -8932.468

Testing tree branches by SH-like aLRT with 1000 replicates...
0.085 sec.
Total tree length: 1.505

Total number of iterations: 102
CPU time used for tree search: 5.287 sec (0h:0m:5s)
Wall-clock time used for tree search: 4.512 sec (0h:0m:4s)
Total CPU time used: 5.674 sec (0h:0m:5s)
Total wall-clock time used: 4.654 sec (0h:0m:4s)

Analysis results written to: 
  IQ-TREE report:                cluster3274rr.1to1ortho.fa.aln-cln_gene872.fa.iqtree
  Maximum-likelihood tree:       cluster3274rr.1to1ortho.fa.aln-cln_gene872.fa.treefile
  Likelihood distances:          cluster3274rr.1to1ortho.fa.aln-cln_gene872.fa.mldist
  Screen log file:               cluster3274rr.1to1ortho.fa.aln-cln_gene872.fa.log

Date and Time: Mon Nov 25 10:25:48 2019
