IQ-TREE multicore version 1.6.11 for Mac OS X 64-bit built Jul 12 2019
Developed by Bui Quang Minh, Nguyen Lam Tung, Olga Chernomor,
Heiko Schmidt, Dominik Schrempf, Michael Woodhams.

Host:    slpc437 (AVX2, FMA3, 16 GB RAM)
Command: iqtree -s cluster3357rr.1to1ortho.fa.aln-cln_gene1181.fa -nt 4 -m GTR+G -alrt 1000
Seed:    337857 (Using SPRNG - Scalable Parallel Random Number Generator)
Time:    Mon Nov 25 10:28:10 2019
Kernel:  AVX+FMA - 4 threads (6 CPU cores detected)

Reading alignment file cluster3357rr.1to1ortho.fa.aln-cln_gene1181.fa ... Fasta format detected
Alignment most likely contains DNA/RNA sequences
Alignment has 13 sequences with 1257 columns, 675 distinct patterns
477 parsimony-informative, 217 singleton sites, 563 constant sites
           Gap/Ambiguity  Composition  p-value
   1  DrolusSFB    0.00%    passed     83.99%
   2  Dino         0.48%    passed     77.90%
   3  MJM3360     11.85%    passed     35.78%
   4  DrobinSFB    5.49%    passed     97.03%
   5  Neam         0.72%    passed     81.48%
   6  RuprSFB     22.35%    passed     57.98%
   7  Retr        12.33%    passed     97.67%
   8  Beta         2.86%    passed     94.74%
   9  Spol        16.55%    passed     70.09%
  10  MJM1652      0.00%    passed     83.62%
  11  NepSFB       0.72%    passed     79.06%
  12  WPYJ         5.73%    passed     72.74%
  13  MJM2940      0.00%    passed     86.48%
****  TOTAL        6.08%  0 sequences failed composition chi2 test (p-value<5%; df=3)

Create initial parsimony tree by phylogenetic likelihood library (PLL)... 0.001 seconds

NOTE: 1 MB RAM (0 GB) is required!
Estimate model parameters (epsilon = 0.100)
1. Initial log-likelihood: -8825.967
2. Current log-likelihood: -8492.057
3. Current log-likelihood: -8489.406
Optimal log-likelihood: -8489.366
Rate parameters:  A-C: 1.83701  A-G: 4.49168  A-T: 1.14222  C-G: 1.40030  C-T: 5.01011  G-T: 1.00000
Base frequencies:  A: 0.280  C: 0.199  G: 0.234  T: 0.287
Gamma shape alpha: 0.575
Parameters optimization took 3 rounds (0.039 sec)
Computing ML distances based on estimated model parameters... 0.001 sec
Computing BIONJ tree...
0.002 seconds
Log-likelihood of BIONJ tree: -8489.365
--------------------------------------------------------------------
|             INITIALIZING CANDIDATE TREE SET                      |
--------------------------------------------------------------------
Generating 99 parsimony trees... 0.091 second
Computing log-likelihood of 99 initial trees ... 0.447 seconds
Current best score: -8489.365

Do NNI search on 20 best initial trees
Estimate model parameters (epsilon = 0.100)
BETTER TREE FOUND at iteration 1: -8488.420
Iteration 10 / LogL: -8488.426 / Time: 0h:0m:0s
Iteration 20 / LogL: -8488.514 / Time: 0h:0m:1s
Finish initializing candidate tree set (2)
Current best tree score: -8488.420 / CPU time: 1.205
Number of iterations: 20
--------------------------------------------------------------------
|               OPTIMIZING CANDIDATE TREE SET                      |
--------------------------------------------------------------------
Iteration 30 / LogL: -8491.717 / Time: 0h:0m:1s (0h:0m:4s left)
Iteration 40 / LogL: -8488.493 / Time: 0h:0m:2s (0h:0m:3s left)
Iteration 50 / LogL: -8490.315 / Time: 0h:0m:2s (0h:0m:2s left)
Iteration 60 / LogL: -8488.563 / Time: 0h:0m:3s (0h:0m:2s left)
Iteration 70 / LogL: -8488.524 / Time: 0h:0m:3s (0h:0m:1s left)
Iteration 80 / LogL: -8491.021 / Time: 0h:0m:3s (0h:0m:1s left)
Iteration 90 / LogL: -8488.589 / Time: 0h:0m:4s (0h:0m:0s left)
Iteration 100 / LogL: -8490.861 / Time: 0h:0m:4s (0h:0m:0s left)
TREE SEARCH COMPLETED AFTER 102 ITERATIONS / Time: 0h:0m:4s

--------------------------------------------------------------------
|                    FINALIZING TREE SEARCH                        |
--------------------------------------------------------------------
Performs final model parameters optimization
Estimate model parameters (epsilon = 0.010)
1. Initial log-likelihood: -8488.420
Optimal log-likelihood: -8488.419
Rate parameters:  A-C: 1.82700  A-G: 4.49378  A-T: 1.13601  C-G: 1.39997  C-T: 5.00879  G-T: 1.00000
Base frequencies:  A: 0.280  C: 0.199  G: 0.234  T: 0.287
Gamma shape alpha: 0.571
Parameters optimization took 1 rounds (0.005 sec)
BEST SCORE FOUND : -8488.419

Testing tree branches by SH-like aLRT with 1000 replicates...
0.080 sec.
Total tree length: 1.842

Total number of iterations: 102
CPU time used for tree search: 5.444 sec (0h:0m:5s)
Wall-clock time used for tree search: 4.629 sec (0h:0m:4s)
Total CPU time used: 5.813 sec (0h:0m:5s)
Total wall-clock time used: 4.773 sec (0h:0m:4s)

Analysis results written to: 
  IQ-TREE report:                cluster3357rr.1to1ortho.fa.aln-cln_gene1181.fa.iqtree
  Maximum-likelihood tree:       cluster3357rr.1to1ortho.fa.aln-cln_gene1181.fa.treefile
  Likelihood distances:          cluster3357rr.1to1ortho.fa.aln-cln_gene1181.fa.mldist
  Screen log file:               cluster3357rr.1to1ortho.fa.aln-cln_gene1181.fa.log

Date and Time: Mon Nov 25 10:28:15 2019
