IQ-TREE multicore version 1.6.11 for Mac OS X 64-bit built Jul 12 2019
Developed by Bui Quang Minh, Nguyen Lam Tung, Olga Chernomor,
Heiko Schmidt, Dominik Schrempf, Michael Woodhams.

Host:    slpc437 (AVX2, FMA3, 16 GB RAM)
Command: iqtree -s cluster4235rr.1to1ortho.fa.aln-cln_gene583.fa -nt 4 -m GTR+G -alrt 1000
Seed:    495327 (Using SPRNG - Scalable Parallel Random Number Generator)
Time:    Mon Nov 25 10:46:51 2019
Kernel:  AVX+FMA - 4 threads (6 CPU cores detected)

Reading alignment file cluster4235rr.1to1ortho.fa.aln-cln_gene583.fa ... Fasta format detected
Alignment most likely contains DNA/RNA sequences
Alignment has 13 sequences with 2523 columns, 1093 distinct patterns
936 parsimony-informative, 406 singleton sites, 1181 constant sites
           Gap/Ambiguity  Composition  p-value
   1  DrolusSFB    0.83%    passed     68.77%
   2  Dino         0.00%    passed     86.33%
   3  MJM3360      0.63%    passed     20.52%
   4  DrobinSFB    0.00%    passed     47.23%
   5  Neam         0.00%    passed     95.26%
   6  RuprSFB      8.96%    passed     72.24%
   7  Retr         0.00%    passed     94.35%
   8  Beta         0.59%    passed     24.69%
   9  Spol         1.31%    passed     45.42%
  10  MJM1652      0.48%    passed     94.73%
  11  NepSFB       0.00%    passed     95.07%
  12  WPYJ        20.17%    passed     89.70%
  13  MJM2940      0.59%    passed     90.87%
****  TOTAL        2.58%  0 sequences failed composition chi2 test (p-value<5%; df=3)

Create initial parsimony tree by phylogenetic likelihood library (PLL)... 0.001 seconds

NOTE: 1 MB RAM (0 GB) is required!
Estimate model parameters (epsilon = 0.100)
1. Initial log-likelihood: -17451.186
2. Current log-likelihood: -16743.089
3. Current log-likelihood: -16736.675
Optimal log-likelihood: -16736.595
Rate parameters:  A-C: 1.56882  A-G: 4.14739  A-T: 1.33682  C-G: 0.76730  C-T: 5.18547  G-T: 1.00000
Base frequencies:  A: 0.273  C: 0.206  G: 0.243  T: 0.278
Gamma shape alpha: 0.533
Parameters optimization took 3 rounds (0.046 sec)
Computing ML distances based on estimated model parameters... 0.002 sec
Computing BIONJ tree...
0.002 seconds
Log-likelihood of BIONJ tree: -16736.594
--------------------------------------------------------------------
|             INITIALIZING CANDIDATE TREE SET                      |
--------------------------------------------------------------------
Generating 99 parsimony trees... 0.122 second
Computing log-likelihood of 99 initial trees ... 0.488 seconds
Current best score: -16736.594

Do NNI search on 20 best initial trees
Estimate model parameters (epsilon = 0.100)
BETTER TREE FOUND at iteration 1: -16736.594
Iteration 10 / LogL: -16737.040 / Time: 0h:0m:1s
Iteration 20 / LogL: -16736.598 / Time: 0h:0m:1s
Finish initializing candidate tree set (1)
Current best tree score: -16736.594 / CPU time: 1.438
Number of iterations: 20
--------------------------------------------------------------------
|               OPTIMIZING CANDIDATE TREE SET                      |
--------------------------------------------------------------------
Iteration 30 / LogL: -16736.653 / Time: 0h:0m:1s (0h:0m:4s left)
Iteration 40 / LogL: -16736.681 / Time: 0h:0m:2s (0h:0m:3s left)
Iteration 50 / LogL: -16738.697 / Time: 0h:0m:2s (0h:0m:3s left)
Iteration 60 / LogL: -16736.612 / Time: 0h:0m:3s (0h:0m:2s left)
Iteration 70 / LogL: -16738.788 / Time: 0h:0m:3s (0h:0m:1s left)
Iteration 80 / LogL: -16736.601 / Time: 0h:0m:4s (0h:0m:1s left)
Iteration 90 / LogL: -16737.008 / Time: 0h:0m:4s (0h:0m:0s left)
Iteration 100 / LogL: -16736.661 / Time: 0h:0m:5s (0h:0m:0s left)
TREE SEARCH COMPLETED AFTER 102 ITERATIONS / Time: 0h:0m:5s

--------------------------------------------------------------------
|                    FINALIZING TREE SEARCH                        |
--------------------------------------------------------------------
Performs final model parameters optimization
Estimate model parameters (epsilon = 0.010)
1. Initial log-likelihood: -16736.594
Optimal log-likelihood: -16736.593
Rate parameters:  A-C: 1.56934  A-G: 4.14893  A-T: 1.33785  C-G: 0.76861  C-T: 5.19385  G-T: 1.00000
Base frequencies:  A: 0.273  C: 0.206  G: 0.243  T: 0.278
Gamma shape alpha: 0.533
Parameters optimization took 1 rounds (0.006 sec)
BEST SCORE FOUND : -16736.593

Testing tree branches by SH-like aLRT with 1000 replicates...
0.136 sec.
Total tree length: 1.647

Total number of iterations: 102
CPU time used for tree search: 7.801 sec (0h:0m:7s)
Wall-clock time used for tree search: 5.509 sec (0h:0m:5s)
Total CPU time used: 8.435 sec (0h:0m:8s)
Total wall-clock time used: 5.717 sec (0h:0m:5s)

Analysis results written to: 
  IQ-TREE report:                cluster4235rr.1to1ortho.fa.aln-cln_gene583.fa.iqtree
  Maximum-likelihood tree:       cluster4235rr.1to1ortho.fa.aln-cln_gene583.fa.treefile
  Likelihood distances:          cluster4235rr.1to1ortho.fa.aln-cln_gene583.fa.mldist
  Screen log file:               cluster4235rr.1to1ortho.fa.aln-cln_gene583.fa.log

Date and Time: Mon Nov 25 10:46:57 2019
