IQ-TREE multicore version 1.6.11 for Mac OS X 64-bit built Jul 12 2019
Developed by Bui Quang Minh, Nguyen Lam Tung, Olga Chernomor,
Heiko Schmidt, Dominik Schrempf, Michael Woodhams.

Host:    slpc437 (AVX2, FMA3, 16 GB RAM)
Command: iqtree -s cluster3908rr.1to1ortho.fa.aln-cln_gene200.fa -nt 4 -m GTR+G -alrt 1000
Seed:    249902 (Using SPRNG - Scalable Parallel Random Number Generator)
Time:    Mon Nov 25 10:40:20 2019
Kernel:  AVX+FMA - 4 threads (6 CPU cores detected)

Reading alignment file cluster3908rr.1to1ortho.fa.aln-cln_gene200.fa ... Fasta format detected
Alignment most likely contains DNA/RNA sequences
Alignment has 13 sequences with 477 columns, 252 distinct patterns
174 parsimony-informative, 80 singleton sites, 223 constant sites
           Gap/Ambiguity  Composition  p-value
   1  DrolusSFB    1.05%    passed     53.43%
   2  Dino         0.00%    passed     51.64%
   3  MJM3360      2.10%    passed     84.72%
   4  DrobinSFB    4.40%    passed     62.20%
   5  Neam         0.00%    passed     96.58%
   6  RuprSFB      0.63%    passed     97.41%
   7  Retr         0.00%    passed     91.86%
   8  Beta         1.05%    passed     16.47%
   9  Spol         0.63%    passed     16.26%
  10  MJM1652      0.63%    passed     39.61%
  11  NepSFB       0.00%    passed     91.21%
  12  WPYJ         7.55%    passed     97.19%
  13  MJM2940      0.00%    passed     88.52%
****  TOTAL        1.39%  0 sequences failed composition chi2 test (p-value<5%; df=3)

Create initial parsimony tree by phylogenetic likelihood library (PLL)... 0.000 seconds

NOTE: 0 MB RAM (0 GB) is required!
WARNING: Number of threads seems too high for short alignments. Use -nt AUTO to determine best number of threads.
Estimate model parameters (epsilon = 0.100)
1. Initial log-likelihood: -3271.065
2. Current log-likelihood: -3161.649
3. Current log-likelihood: -3160.613
Optimal log-likelihood: -3160.603
Rate parameters:  A-C: 1.35741  A-G: 3.65652  A-T: 1.54698  C-G: 1.78473  C-T: 6.31287  G-T: 1.00000
Base frequencies:  A: 0.287  C: 0.218  G: 0.261  T: 0.234
Gamma shape alpha: 0.588
Parameters optimization took 3 rounds (0.025 sec)
Computing ML distances based on estimated model parameters... 0.001 sec
Computing BIONJ tree...
0.004 seconds
Log-likelihood of BIONJ tree: -3162.382
--------------------------------------------------------------------
|             INITIALIZING CANDIDATE TREE SET                      |
--------------------------------------------------------------------
Generating 98 parsimony trees... 0.059 second
Computing log-likelihood of 97 initial trees ... 0.371 seconds
Current best score: -3158.096

Do NNI search on 20 best initial trees
Estimate model parameters (epsilon = 0.100)
BETTER TREE FOUND at iteration 1: -3158.075
Iteration 10 / LogL: -3158.086 / Time: 0h:0m:0s
Iteration 20 / LogL: -3158.078 / Time: 0h:0m:0s
Finish initializing candidate tree set (1)
Current best tree score: -3158.075 / CPU time: 0.853
Number of iterations: 20
--------------------------------------------------------------------
|               OPTIMIZING CANDIDATE TREE SET                      |
--------------------------------------------------------------------
Iteration 30 / LogL: -3158.109 / Time: 0h:0m:1s (0h:0m:3s left)
Iteration 40 / LogL: -3158.083 / Time: 0h:0m:1s (0h:0m:2s left)
Iteration 50 / LogL: -3158.098 / Time: 0h:0m:1s (0h:0m:1s left)
Iteration 60 / LogL: -3158.094 / Time: 0h:0m:2s (0h:0m:1s left)
Iteration 70 / LogL: -3158.570 / Time: 0h:0m:2s (0h:0m:1s left)
Iteration 80 / LogL: -3158.503 / Time: 0h:0m:2s (0h:0m:0s left)
Iteration 90 / LogL: -3158.132 / Time: 0h:0m:3s (0h:0m:0s left)
Iteration 100 / LogL: -3158.077 / Time: 0h:0m:3s (0h:0m:0s left)
TREE SEARCH COMPLETED AFTER 102 ITERATIONS / Time: 0h:0m:3s

--------------------------------------------------------------------
|                    FINALIZING TREE SEARCH                        |
--------------------------------------------------------------------
Performs final model parameters optimization
Estimate model parameters (epsilon = 0.010)
1. Initial log-likelihood: -3158.075
Optimal log-likelihood: -3158.074
Rate parameters:  A-C: 1.36994  A-G: 3.62378  A-T: 1.53661  C-G: 1.75233  C-T: 6.34480  G-T: 1.00000
Base frequencies:  A: 0.287  C: 0.218  G: 0.261  T: 0.234
Gamma shape alpha: 0.588
Parameters optimization took 1 rounds (0.004 sec)
BEST SCORE FOUND : -3158.074

Testing tree branches by SH-like aLRT with 1000 replicates...
0.037 sec.
Total tree length: 1.550

Total number of iterations: 102
CPU time used for tree search: 2.984 sec (0h:0m:2s)
Wall-clock time used for tree search: 3.504 sec (0h:0m:3s)
Total CPU time used: 3.146 sec (0h:0m:3s)
Total wall-clock time used: 3.589 sec (0h:0m:3s)

Analysis results written to: 
  IQ-TREE report:                cluster3908rr.1to1ortho.fa.aln-cln_gene200.fa.iqtree
  Maximum-likelihood tree:       cluster3908rr.1to1ortho.fa.aln-cln_gene200.fa.treefile
  Likelihood distances:          cluster3908rr.1to1ortho.fa.aln-cln_gene200.fa.mldist
  Screen log file:               cluster3908rr.1to1ortho.fa.aln-cln_gene200.fa.log

Date and Time: Mon Nov 25 10:40:23 2019
