IQ-TREE multicore version 1.6.11 for Mac OS X 64-bit built Jul 12 2019
Developed by Bui Quang Minh, Nguyen Lam Tung, Olga Chernomor,
Heiko Schmidt, Dominik Schrempf, Michael Woodhams.

Host:    slpc437 (AVX2, FMA3, 16 GB RAM)
Command: iqtree -s cluster3480rr.1to1ortho.fa.aln-cln_gene1141.fa -nt 4 -m GTR+G -alrt 1000
Seed:    617633 (Using SPRNG - Scalable Parallel Random Number Generator)
Time:    Mon Nov 25 10:31:23 2019
Kernel:  AVX+FMA - 4 threads (6 CPU cores detected)

Reading alignment file cluster3480rr.1to1ortho.fa.aln-cln_gene1141.fa ... Fasta format detected
Alignment most likely contains DNA/RNA sequences
Alignment has 13 sequences with 2145 columns, 1032 distinct patterns
820 parsimony-informative, 394 singleton sites, 931 constant sites
           Gap/Ambiguity  Composition  p-value
   1  DrolusSFB    0.79%    passed     96.54%
   2  Dino         1.12%    passed     94.22%
   3  MJM3360     36.04%    passed     62.54%
   4  DrobinSFB    0.70%    passed     86.38%
   5  Neam         0.14%    passed     93.08%
   6  RuprSFB     36.18%    passed     72.80%
   7  Retr        37.11%    passed     93.15%
   8  Beta         7.09%    passed     72.61%
   9  Spol         6.67%    passed     56.57%
  10  MJM1652      0.98%    passed     69.36%
  11  NepSFB       0.14%    passed     92.90%
  12  WPYJ        66.29%    failed      1.87%
  13  MJM2940      0.37%    passed     88.63%
WARNING: 1 sequences contain more than 50% gaps/ambiguity
****  TOTAL       14.89%  1 sequences failed composition chi2 test (p-value<5%; df=3)

Create initial parsimony tree by phylogenetic likelihood library (PLL)... 0.001 seconds

NOTE: 1 MB RAM (0 GB) is required!
Estimate model parameters (epsilon = 0.100)
1. Initial log-likelihood: -13798.602
2. Current log-likelihood: -13288.137
3. Current log-likelihood: -13285.314
Optimal log-likelihood: -13285.227
Rate parameters:  A-C: 1.03888  A-G: 3.53034  A-T: 1.43751  C-G: 0.98917  C-T: 4.29993  G-T: 1.00000
Base frequencies:  A: 0.313  C: 0.202  G: 0.256  T: 0.229
Gamma shape alpha: 0.719
Parameters optimization took 3 rounds (0.044 sec)
Computing ML distances based on estimated model parameters... 0.002 sec
Computing BIONJ tree...
0.002 seconds
Log-likelihood of BIONJ tree: -13331.020
--------------------------------------------------------------------
|             INITIALIZING CANDIDATE TREE SET                      |
--------------------------------------------------------------------
Generating 98 parsimony trees... 0.117 second
Computing log-likelihood of 98 initial trees ... 0.493 seconds
Current best score: -13285.227

Do NNI search on 20 best initial trees
Estimate model parameters (epsilon = 0.100)
BETTER TREE FOUND at iteration 1: -13281.869
Iteration 10 / LogL: -13281.935 / Time: 0h:0m:0s
Iteration 20 / LogL: -13281.892 / Time: 0h:0m:1s
Finish initializing candidate tree set (1)
Current best tree score: -13281.869 / CPU time: 1.337
Number of iterations: 20
--------------------------------------------------------------------
|               OPTIMIZING CANDIDATE TREE SET                      |
--------------------------------------------------------------------
Iteration 30 / LogL: -13281.915 / Time: 0h:0m:1s (0h:0m:4s left)
Iteration 40 / LogL: -13282.243 / Time: 0h:0m:2s (0h:0m:3s left)
Iteration 50 / LogL: -13281.940 / Time: 0h:0m:2s (0h:0m:2s left)
UPDATE BEST LOG-LIKELIHOOD: -13281.869
Iteration 60 / LogL: -13281.890 / Time: 0h:0m:3s (0h:0m:2s left)
Iteration 70 / LogL: -13281.877 / Time: 0h:0m:3s (0h:0m:1s left)
Iteration 80 / LogL: -13281.888 / Time: 0h:0m:4s (0h:0m:1s left)
Iteration 90 / LogL: -13281.883 / Time: 0h:0m:4s (0h:0m:0s left)
Iteration 100 / LogL: -13282.001 / Time: 0h:0m:4s (0h:0m:0s left)
TREE SEARCH COMPLETED AFTER 102 ITERATIONS / Time: 0h:0m:5s

--------------------------------------------------------------------
|                    FINALIZING TREE SEARCH                        |
--------------------------------------------------------------------
Performs final model parameters optimization
Estimate model parameters (epsilon = 0.010)
1. Initial log-likelihood: -13281.869
Optimal log-likelihood: -13281.868
Rate parameters:  A-C: 1.03754  A-G: 3.53106  A-T: 1.44916  C-G: 0.97776  C-T: 4.30216  G-T: 1.00000
Base frequencies:  A: 0.313  C: 0.202  G: 0.256  T: 0.229
Gamma shape alpha: 0.724
Parameters optimization took 1 rounds (0.006 sec)
BEST SCORE FOUND : -13281.868

Testing tree branches by SH-like aLRT with 1000 replicates...
0.119 sec.
Total tree length: 1.727

Total number of iterations: 102
CPU time used for tree search: 6.914 sec (0h:0m:6s)
Wall-clock time used for tree search: 4.992 sec (0h:0m:4s)
Total CPU time used: 7.479 sec (0h:0m:7s)
Total wall-clock time used: 5.184 sec (0h:0m:5s)

Analysis results written to: 
  IQ-TREE report:                cluster3480rr.1to1ortho.fa.aln-cln_gene1141.fa.iqtree
  Maximum-likelihood tree:       cluster3480rr.1to1ortho.fa.aln-cln_gene1141.fa.treefile
  Likelihood distances:          cluster3480rr.1to1ortho.fa.aln-cln_gene1141.fa.mldist
  Screen log file:               cluster3480rr.1to1ortho.fa.aln-cln_gene1141.fa.log

Date and Time: Mon Nov 25 10:31:28 2019
