IQ-TREE multicore version 1.6.11 for Mac OS X 64-bit built Jul 12 2019
Developed by Bui Quang Minh, Nguyen Lam Tung, Olga Chernomor,
Heiko Schmidt, Dominik Schrempf, Michael Woodhams.

Host:    slpc437 (AVX2, FMA3, 16 GB RAM)
Command: iqtree -s cluster3845rr.1to1ortho.fa.aln-cln_gene1184.fa -nt 4 -m GTR+G -alrt 1000
Seed:    547361 (Using SPRNG - Scalable Parallel Random Number Generator)
Time:    Mon Nov 25 10:38:25 2019
Kernel:  AVX+FMA - 4 threads (6 CPU cores detected)

Reading alignment file cluster3845rr.1to1ortho.fa.aln-cln_gene1184.fa ... Fasta format detected
Alignment most likely contains DNA/RNA sequences
Alignment has 13 sequences with 1648 columns, 879 distinct patterns
640 parsimony-informative, 266 singleton sites, 742 constant sites
           Gap/Ambiguity  Composition  p-value
   1  DrolusSFB    0.00%    passed     45.84%
   2  Dino         0.91%    passed     32.40%
   3  MJM3360     23.30%    passed     94.72%
   4  DrobinSFB   11.59%    passed     26.27%
   5  Neam         0.18%    passed     67.41%
   6  RuprSFB     11.89%    passed     59.65%
   7  Retr         0.00%    passed     64.33%
   8  Beta         2.43%    passed     51.95%
   9  Spol         1.52%    passed     37.36%
  10  MJM1652      1.70%    passed     85.87%
  11  NepSFB       0.18%    passed     66.30%
  12  WPYJ        28.28%    passed     61.85%
  13  MJM2940      0.42%    passed     38.51%
****  TOTAL        6.34%  0 sequences failed composition chi2 test (p-value<5%; df=3)

Create initial parsimony tree by phylogenetic likelihood library (PLL)... 0.001 seconds

NOTE: 1 MB RAM (0 GB) is required!
Estimate model parameters (epsilon = 0.100)
1. Initial log-likelihood: -11728.261
2. Current log-likelihood: -11318.884
3. Current log-likelihood: -11289.462
4. Current log-likelihood: -11275.215
5. Current log-likelihood: -11274.650
Optimal log-likelihood: -11274.627
Rate parameters:  A-C: 2.59922  A-G: 5.09282  A-T: 1.96354  C-G: 1.67381  C-T: 8.37364  G-T: 1.00000
Base frequencies:  A: 0.317  C: 0.190  G: 0.259  T: 0.234
Gamma shape alpha: 0.561
Parameters optimization took 5 rounds (0.104 sec)
Computing ML distances based on estimated model parameters... 0.002 sec
Computing BIONJ tree...
0.005 seconds
Log-likelihood of BIONJ tree: -11281.766
--------------------------------------------------------------------
|             INITIALIZING CANDIDATE TREE SET                      |
--------------------------------------------------------------------
Generating 98 parsimony trees... 0.099 second
Computing log-likelihood of 97 initial trees ... 0.454 seconds
Current best score: -11274.627

Do NNI search on 20 best initial trees
Estimate model parameters (epsilon = 0.100)
BETTER TREE FOUND at iteration 1: -11274.623
Iteration 10 / LogL: -11274.660 / Time: 0h:0m:0s
Iteration 20 / LogL: -11274.629 / Time: 0h:0m:1s
Finish initializing candidate tree set (1)
Current best tree score: -11274.623 / CPU time: 1.048
Number of iterations: 20
--------------------------------------------------------------------
|               OPTIMIZING CANDIDATE TREE SET                      |
--------------------------------------------------------------------
Iteration 30 / LogL: -11274.712 / Time: 0h:0m:1s (0h:0m:3s left)
Iteration 40 / LogL: -11276.574 / Time: 0h:0m:1s (0h:0m:2s left)
Iteration 50 / LogL: -11275.970 / Time: 0h:0m:2s (0h:0m:2s left)
Iteration 60 / LogL: -11274.641 / Time: 0h:0m:2s (0h:0m:1s left)
Iteration 70 / LogL: -11274.642 / Time: 0h:0m:3s (0h:0m:1s left)
Iteration 80 / LogL: -11275.210 / Time: 0h:0m:3s (0h:0m:0s left)
Iteration 90 / LogL: -11274.625 / Time: 0h:0m:3s (0h:0m:0s left)
Iteration 100 / LogL: -11274.653 / Time: 0h:0m:4s (0h:0m:0s left)
TREE SEARCH COMPLETED AFTER 102 ITERATIONS / Time: 0h:0m:4s

--------------------------------------------------------------------
|                    FINALIZING TREE SEARCH                        |
--------------------------------------------------------------------
Performs final model parameters optimization
Estimate model parameters (epsilon = 0.010)
1. Initial log-likelihood: -11274.623
Optimal log-likelihood: -11274.622
Rate parameters:  A-C: 2.59034  A-G: 5.06405  A-T: 1.95611  C-G: 1.66789  C-T: 8.38174  G-T: 1.00000
Base frequencies:  A: 0.317  C: 0.190  G: 0.259  T: 0.234
Gamma shape alpha: 0.560
Parameters optimization took 1 rounds (0.006 sec)
BEST SCORE FOUND : -11274.622

Testing tree branches by SH-like aLRT with 1000 replicates...
0.097 sec.
Total tree length: 1.838

Total number of iterations: 102
CPU time used for tree search: 5.511 sec (0h:0m:5s)
Wall-clock time used for tree search: 4.201 sec (0h:0m:4s)
Total CPU time used: 6.125 sec (0h:0m:6s)
Total wall-clock time used: 4.431 sec (0h:0m:4s)

Analysis results written to: 
  IQ-TREE report:                cluster3845rr.1to1ortho.fa.aln-cln_gene1184.fa.iqtree
  Maximum-likelihood tree:       cluster3845rr.1to1ortho.fa.aln-cln_gene1184.fa.treefile
  Likelihood distances:          cluster3845rr.1to1ortho.fa.aln-cln_gene1184.fa.mldist
  Screen log file:               cluster3845rr.1to1ortho.fa.aln-cln_gene1184.fa.log

Date and Time: Mon Nov 25 10:38:29 2019
