IQ-TREE multicore version 1.6.11 for Mac OS X 64-bit built Jul 12 2019
Developed by Bui Quang Minh, Nguyen Lam Tung, Olga Chernomor,
Heiko Schmidt, Dominik Schrempf, Michael Woodhams.

Host:    slpc437 (AVX2, FMA3, 16 GB RAM)
Command: iqtree -s cluster1466rr.1to1ortho.fa.aln-cln_gene1029.fa -nt 4 -m GTR+G -alrt 1000
Seed:    570445 (Using SPRNG - Scalable Parallel Random Number Generator)
Time:    Mon Nov 25 09:42:50 2019
Kernel:  AVX+FMA - 4 threads (6 CPU cores detected)

Reading alignment file cluster1466rr.1to1ortho.fa.aln-cln_gene1029.fa ... Fasta format detected
Alignment most likely contains DNA/RNA sequences
Alignment has 13 sequences with 2448 columns, 903 distinct patterns
795 parsimony-informative, 278 singleton sites, 1375 constant sites
           Gap/Ambiguity  Composition  p-value
   1  DrolusSFB    0.61%    passed     95.98%
   2  Dino         0.25%    passed     99.08%
   3  MJM3360      0.25%    passed     98.89%
   4  DrobinSFB    0.00%    passed     77.68%
   5  Neam         0.49%    passed     67.27%
   6  RuprSFB      2.08%    passed     91.27%
   7  Retr         2.33%    passed     99.60%
   8  Beta         0.61%    passed     94.71%
   9  Spol         0.61%    passed     98.01%
  10  MJM1652      0.12%    passed     99.57%
  11  NepSFB       2.41%    passed     72.44%
  12  WPYJ         1.27%    passed     38.74%
  13  MJM2940      0.61%    passed     82.58%
****  TOTAL        0.90%  0 sequences failed composition chi2 test (p-value<5%; df=3)

Create initial parsimony tree by phylogenetic likelihood library (PLL)... 0.001 seconds

NOTE: 1 MB RAM (0 GB) is required!
Estimate model parameters (epsilon = 0.100)
1. Initial log-likelihood: -15558.149
2. Current log-likelihood: -14797.718
3. Current log-likelihood: -14792.176
4. Current log-likelihood: -14791.998
Optimal log-likelihood: -14791.991
Rate parameters:  A-C: 1.90808  A-G: 4.38017  A-T: 1.36182  C-G: 1.67973  C-T: 8.43315  G-T: 1.00000
Base frequencies:  A: 0.319  C: 0.182  G: 0.253  T: 0.245
Gamma shape alpha: 0.344
Parameters optimization took 4 rounds (0.049 sec)
Computing ML distances based on estimated model parameters... 0.002 sec
Computing BIONJ tree...
0.002 seconds
Log-likelihood of BIONJ tree: -14792.291
--------------------------------------------------------------------
|             INITIALIZING CANDIDATE TREE SET                      |
--------------------------------------------------------------------
Generating 98 parsimony trees... 0.105 second
Computing log-likelihood of 97 initial trees ... 0.448 seconds
Current best score: -14791.991

Do NNI search on 20 best initial trees
Estimate model parameters (epsilon = 0.100)
BETTER TREE FOUND at iteration 1: -14791.991
Iteration 10 / LogL: -14792.112 / Time: 0h:0m:0s
Iteration 20 / LogL: -14792.013 / Time: 0h:0m:1s
Finish initializing candidate tree set (1)
Current best tree score: -14791.991 / CPU time: 1.169
Number of iterations: 20
--------------------------------------------------------------------
|               OPTIMIZING CANDIDATE TREE SET                      |
--------------------------------------------------------------------
Iteration 30 / LogL: -14792.307 / Time: 0h:0m:1s (0h:0m:4s left)
Iteration 40 / LogL: -14792.064 / Time: 0h:0m:2s (0h:0m:3s left)
UPDATE BEST LOG-LIKELIHOOD: -14791.991
Iteration 50 / LogL: -14792.057 / Time: 0h:0m:2s (0h:0m:2s left)
Iteration 60 / LogL: -14792.732 / Time: 0h:0m:2s (0h:0m:1s left)
Iteration 70 / LogL: -14792.066 / Time: 0h:0m:3s (0h:0m:1s left)
Iteration 80 / LogL: -14792.023 / Time: 0h:0m:3s (0h:0m:0s left)
Iteration 90 / LogL: -14791.994 / Time: 0h:0m:4s (0h:0m:0s left)
Iteration 100 / LogL: -14791.994 / Time: 0h:0m:4s (0h:0m:0s left)
TREE SEARCH COMPLETED AFTER 102 ITERATIONS / Time: 0h:0m:4s

--------------------------------------------------------------------
|                    FINALIZING TREE SEARCH                        |
--------------------------------------------------------------------
Performs final model parameters optimization
Estimate model parameters (epsilon = 0.010)
1. Initial log-likelihood: -14791.991
Optimal log-likelihood: -14791.991
Rate parameters:  A-C: 1.90702  A-G: 4.37484  A-T: 1.36003  C-G: 1.67800  C-T: 8.43476  G-T: 1.00000
Base frequencies:  A: 0.319  C: 0.182  G: 0.253  T: 0.245
Gamma shape alpha: 0.344
Parameters optimization took 1 rounds (0.005 sec)
BEST SCORE FOUND : -14791.991

Testing tree branches by SH-like aLRT with 1000 replicates...
0.130 sec.
Total tree length: 1.432

Total number of iterations: 102
CPU time used for tree search: 6.103 sec (0h:0m:6s)
Wall-clock time used for tree search: 4.626 sec (0h:0m:4s)
Total CPU time used: 6.714 sec (0h:0m:6s)
Total wall-clock time used: 4.830 sec (0h:0m:4s)

Analysis results written to: 
  IQ-TREE report:                cluster1466rr.1to1ortho.fa.aln-cln_gene1029.fa.iqtree
  Maximum-likelihood tree:       cluster1466rr.1to1ortho.fa.aln-cln_gene1029.fa.treefile
  Likelihood distances:          cluster1466rr.1to1ortho.fa.aln-cln_gene1029.fa.mldist
  Screen log file:               cluster1466rr.1to1ortho.fa.aln-cln_gene1029.fa.log

Date and Time: Mon Nov 25 09:42:55 2019
