IQ-TREE multicore version 1.6.11 for Mac OS X 64-bit built Jul 12 2019
Developed by Bui Quang Minh, Nguyen Lam Tung, Olga Chernomor,
Heiko Schmidt, Dominik Schrempf, Michael Woodhams.

Host:    slpc437 (AVX2, FMA3, 16 GB RAM)
Command: iqtree -s cluster4839rr.1to1ortho.fa.aln-cln_gene770.fa -nt 4 -m GTR+G -alrt 1000
Seed:    215537 (Using SPRNG - Scalable Parallel Random Number Generator)
Time:    Mon Nov 25 10:59:12 2019
Kernel:  AVX+FMA - 4 threads (6 CPU cores detected)

Reading alignment file cluster4839rr.1to1ortho.fa.aln-cln_gene770.fa ... Fasta format detected
Alignment most likely contains DNA/RNA sequences
Alignment has 13 sequences with 858 columns, 396 distinct patterns
287 parsimony-informative, 122 singleton sites, 449 constant sites
           Gap/Ambiguity  Composition  p-value
   1  DrolusSFB    1.28%    passed     78.03%
   2  Dino         3.26%    passed     98.78%
   3  MJM3360      1.86%    passed     97.52%
   4  DrobinSFB    4.90%    passed     99.18%
   5  Neam         0.00%    passed     98.66%
   6  RuprSFB      0.93%    passed     81.25%
   7  Retr         0.35%    passed     90.67%
   8  Beta         5.36%    passed     47.07%
   9  Spol         0.00%    passed     71.14%
  10  MJM1652      2.33%    passed     54.79%
  11  NepSFB       0.00%    passed     87.77%
  12  WPYJ         2.80%    passed     83.70%
  13  MJM2940      0.35%    passed     58.61%
****  TOTAL        1.80%  0 sequences failed composition chi2 test (p-value<5%; df=3)

Create initial parsimony tree by phylogenetic likelihood library (PLL)... 0.001 seconds

NOTE: 0 MB RAM (0 GB) is required!
WARNING: Number of threads seems too high for short alignments. Use -nt AUTO to determine best number of threads.
Estimate model parameters (epsilon = 0.100)
1. Initial log-likelihood: -5675.664
2. Current log-likelihood: -5417.641
3. Current log-likelihood: -5415.047
Optimal log-likelihood: -5415.020
Rate parameters:  A-C: 1.66071  A-G: 5.67055  A-T: 1.79612  C-G: 1.06727  C-T: 6.11947  G-T: 1.00000
Base frequencies:  A: 0.273  C: 0.231  G: 0.223  T: 0.273
Gamma shape alpha: 0.418
Parameters optimization took 3 rounds (0.029 sec)
Computing ML distances based on estimated model parameters... 0.001 sec
Computing BIONJ tree...
0.002 seconds
Log-likelihood of BIONJ tree: -5415.020
--------------------------------------------------------------------
|             INITIALIZING CANDIDATE TREE SET                      |
--------------------------------------------------------------------
Generating 99 parsimony trees... 0.074 second
Computing log-likelihood of 99 initial trees ... 0.398 seconds
Current best score: -5412.839

Do NNI search on 20 best initial trees
Estimate model parameters (epsilon = 0.100)
BETTER TREE FOUND at iteration 1: -5412.808
Iteration 10 / LogL: -5412.816 / Time: 0h:0m:0s
Iteration 20 / LogL: -5412.819 / Time: 0h:0m:1s
Finish initializing candidate tree set (2)
Current best tree score: -5412.808 / CPU time: 1.084
Number of iterations: 20
--------------------------------------------------------------------
|               OPTIMIZING CANDIDATE TREE SET                      |
--------------------------------------------------------------------
Iteration 30 / LogL: -5412.828 / Time: 0h:0m:1s (0h:0m:3s left)
Iteration 40 / LogL: -5413.363 / Time: 0h:0m:1s (0h:0m:2s left)
Iteration 50 / LogL: -5412.833 / Time: 0h:0m:2s (0h:0m:2s left)
Iteration 60 / LogL: -5412.862 / Time: 0h:0m:2s (0h:0m:1s left)
Iteration 70 / LogL: -5413.444 / Time: 0h:0m:2s (0h:0m:1s left)
Iteration 80 / LogL: -5412.855 / Time: 0h:0m:3s (0h:0m:0s left)
Iteration 90 / LogL: -5412.888 / Time: 0h:0m:3s (0h:0m:0s left)
Iteration 100 / LogL: -5412.820 / Time: 0h:0m:3s (0h:0m:0s left)
TREE SEARCH COMPLETED AFTER 102 ITERATIONS / Time: 0h:0m:3s

--------------------------------------------------------------------
|                    FINALIZING TREE SEARCH                        |
--------------------------------------------------------------------
Performs final model parameters optimization
Estimate model parameters (epsilon = 0.010)
1. Initial log-likelihood: -5412.808
Optimal log-likelihood: -5412.807
Rate parameters:  A-C: 1.63644  A-G: 5.66415  A-T: 1.79113  C-G: 1.05183  C-T: 6.13631  G-T: 1.00000
Base frequencies:  A: 0.273  C: 0.231  G: 0.223  T: 0.273
Gamma shape alpha: 0.416
Parameters optimization took 1 rounds (0.004 sec)
BEST SCORE FOUND : -5412.807

Testing tree branches by SH-like aLRT with 1000 replicates...
0.059 sec.
Total tree length: 1.504

Total number of iterations: 102
CPU time used for tree search: 3.847 sec (0h:0m:3s)
Wall-clock time used for tree search: 3.951 sec (0h:0m:3s)
Total CPU time used: 4.097 sec (0h:0m:4s)
Total wall-clock time used: 4.062 sec (0h:0m:4s)

Analysis results written to: 
  IQ-TREE report:                cluster4839rr.1to1ortho.fa.aln-cln_gene770.fa.iqtree
  Maximum-likelihood tree:       cluster4839rr.1to1ortho.fa.aln-cln_gene770.fa.treefile
  Likelihood distances:          cluster4839rr.1to1ortho.fa.aln-cln_gene770.fa.mldist
  Screen log file:               cluster4839rr.1to1ortho.fa.aln-cln_gene770.fa.log

Date and Time: Mon Nov 25 10:59:16 2019
