IQ-TREE multicore version 1.6.11 for Mac OS X 64-bit built Jul 12 2019
Developed by Bui Quang Minh, Nguyen Lam Tung, Olga Chernomor,
Heiko Schmidt, Dominik Schrempf, Michael Woodhams.

Host:    slpc437 (AVX2, FMA3, 16 GB RAM)
Command: iqtree -s cluster4554rr.1to1ortho.fa.aln-cln_gene1023.fa -nt 4 -m GTR+G -alrt 1000
Seed:    634350 (Using SPRNG - Scalable Parallel Random Number Generator)
Time:    Mon Nov 25 10:54:57 2019
Kernel:  AVX+FMA - 4 threads (6 CPU cores detected)

Reading alignment file cluster4554rr.1to1ortho.fa.aln-cln_gene1023.fa ... Fasta format detected
Alignment most likely contains DNA/RNA sequences
Alignment has 13 sequences with 932 columns, 459 distinct patterns
345 parsimony-informative, 130 singleton sites, 457 constant sites
           Gap/Ambiguity  Composition  p-value
   1  DrolusSFB    0.21%    passed     68.37%
   2  Dino         0.21%    passed     62.14%
   3  MJM3360      1.29%    passed     69.02%
   4  DrobinSFB    0.00%    passed     57.02%
   5  Neam         1.18%    passed     81.19%
   6  RuprSFB      1.82%    passed     89.52%
   7  Retr         0.21%    passed     92.37%
   8  Beta         1.50%    passed     82.45%
   9  Spol         1.72%    passed     54.67%
  10  MJM1652      0.21%    passed     68.27%
  11  NepSFB       1.18%    passed     66.89%
  12  WPYJ        36.59%    passed     12.41%
  13  MJM2940      0.21%    passed     99.31%
****  TOTAL        3.57%  0 sequences failed composition chi2 test (p-value<5%; df=3)

Create initial parsimony tree by phylogenetic likelihood library (PLL)... 0.000 seconds

NOTE: 0 MB RAM (0 GB) is required!
Estimate model parameters (epsilon = 0.100)
1. Initial log-likelihood: -6335.869
2. Current log-likelihood: -6090.900
3. Current log-likelihood: -6088.666
Optimal log-likelihood: -6088.639
Rate parameters:  A-C: 1.34399  A-G: 2.97070  A-T: 1.00033  C-G: 1.07809  C-T: 5.74379  G-T: 1.00000
Base frequencies:  A: 0.358  C: 0.174  G: 0.261  T: 0.207
Gamma shape alpha: 0.486
Parameters optimization took 3 rounds (0.030 sec)
Computing ML distances based on estimated model parameters... 0.001 sec
Computing BIONJ tree...
0.002 seconds
Log-likelihood of BIONJ tree: -6088.638
--------------------------------------------------------------------
|             INITIALIZING CANDIDATE TREE SET                      |
--------------------------------------------------------------------
Generating 99 parsimony trees... 0.073 second
Computing log-likelihood of 99 initial trees ... 0.405 seconds
Current best score: -6088.638

Do NNI search on 20 best initial trees
Estimate model parameters (epsilon = 0.100)
BETTER TREE FOUND at iteration 1: -6088.484
Iteration 10 / LogL: -6088.578 / Time: 0h:0m:0s
Iteration 20 / LogL: -6088.554 / Time: 0h:0m:1s
Finish initializing candidate tree set (2)
Current best tree score: -6088.484 / CPU time: 1.040
Number of iterations: 20
--------------------------------------------------------------------
|               OPTIMIZING CANDIDATE TREE SET                      |
--------------------------------------------------------------------
Iteration 30 / LogL: -6136.509 / Time: 0h:0m:1s (0h:0m:3s left)
Iteration 40 / LogL: -6114.076 / Time: 0h:0m:1s (0h:0m:2s left)
Iteration 50 / LogL: -6088.505 / Time: 0h:0m:2s (0h:0m:2s left)
Iteration 60 / LogL: -6088.495 / Time: 0h:0m:2s (0h:0m:1s left)
Iteration 70 / LogL: -6088.485 / Time: 0h:0m:3s (0h:0m:1s left)
Iteration 80 / LogL: -6088.484 / Time: 0h:0m:3s (0h:0m:1s left)
Iteration 90 / LogL: -6088.489 / Time: 0h:0m:4s (0h:0m:0s left)
Iteration 100 / LogL: -6088.520 / Time: 0h:0m:4s (0h:0m:0s left)
TREE SEARCH COMPLETED AFTER 102 ITERATIONS / Time: 0h:0m:4s

--------------------------------------------------------------------
|                    FINALIZING TREE SEARCH                        |
--------------------------------------------------------------------
Performs final model parameters optimization
Estimate model parameters (epsilon = 0.010)
1. Initial log-likelihood: -6088.484
Optimal log-likelihood: -6088.483
Rate parameters:  A-C: 1.33608  A-G: 2.96182  A-T: 0.99263  C-G: 1.07458  C-T: 5.76444  G-T: 1.00000
Base frequencies:  A: 0.358  C: 0.174  G: 0.261  T: 0.207
Gamma shape alpha: 0.486
Parameters optimization took 1 rounds (0.004 sec)
BEST SCORE FOUND : -6088.483

Testing tree branches by SH-like aLRT with 1000 replicates...
0.063 sec.
Total tree length: 1.677

Total number of iterations: 102
CPU time used for tree search: 4.948 sec (0h:0m:4s)
Wall-clock time used for tree search: 4.798 sec (0h:0m:4s)
Total CPU time used: 5.220 sec (0h:0m:5s)
Total wall-clock time used: 4.916 sec (0h:0m:4s)

Analysis results written to: 
  IQ-TREE report:                cluster4554rr.1to1ortho.fa.aln-cln_gene1023.fa.iqtree
  Maximum-likelihood tree:       cluster4554rr.1to1ortho.fa.aln-cln_gene1023.fa.treefile
  Likelihood distances:          cluster4554rr.1to1ortho.fa.aln-cln_gene1023.fa.mldist
  Screen log file:               cluster4554rr.1to1ortho.fa.aln-cln_gene1023.fa.log

Date and Time: Mon Nov 25 10:55:02 2019
