IQ-TREE multicore version 1.6.11 for Mac OS X 64-bit built Jul 12 2019
Developed by Bui Quang Minh, Nguyen Lam Tung, Olga Chernomor,
Heiko Schmidt, Dominik Schrempf, Michael Woodhams.

Host:    slpc437 (AVX2, FMA3, 16 GB RAM)
Command: iqtree -s cluster1482rr.1to1ortho.fa.aln-cln_gene1160.fa -nt 4 -m GTR+G -alrt 1000
Seed:    759427 (Using SPRNG - Scalable Parallel Random Number Generator)
Time:    Mon Nov 25 09:43:11 2019
Kernel:  AVX+FMA - 4 threads (6 CPU cores detected)

Reading alignment file cluster1482rr.1to1ortho.fa.aln-cln_gene1160.fa ... Fasta format detected
Alignment most likely contains DNA/RNA sequences
Alignment has 13 sequences with 1645 columns, 768 distinct patterns
563 parsimony-informative, 233 singleton sites, 849 constant sites
           Gap/Ambiguity  Composition  p-value
   1  DrolusSFB   10.09%    passed     83.51%
   2  Dino         0.55%    passed     46.42%
   3  MJM3360     18.36%    passed     51.49%
   4  DrobinSFB   23.28%    passed     51.49%
   5  Neam         0.06%    passed     97.53%
   6  RuprSFB     12.64%    passed     64.11%
   7  Retr        50.70%    passed     80.88%
   8  Beta         0.49%    passed     16.94%
   9  Spol         0.49%    passed     62.24%
  10  MJM1652      0.30%    passed     96.77%
  11  NepSFB       0.06%    passed     97.70%
  12  WPYJ        12.34%    passed     85.10%
  13  MJM2940      0.06%    passed     70.36%
WARNING: 1 sequences contain more than 50% gaps/ambiguity
****  TOTAL        9.96%  0 sequences failed composition chi2 test (p-value<5%; df=3)

Create initial parsimony tree by phylogenetic likelihood library (PLL)... 0.001 seconds

NOTE: 1 MB RAM (0 GB) is required!
Estimate model parameters (epsilon = 0.100)
1. Initial log-likelihood: -10391.941
2. Current log-likelihood: -9960.421
3. Current log-likelihood: -9956.114
Optimal log-likelihood: -9956.037
Rate parameters:  A-C: 1.76833  A-G: 4.54126  A-T: 1.64804  C-G: 1.21378  C-T: 5.43087  G-T: 1.00000
Base frequencies:  A: 0.223  C: 0.203  G: 0.262  T: 0.312
Gamma shape alpha: 0.425
Parameters optimization took 3 rounds (0.044 sec)
Computing ML distances based on estimated model parameters... 0.001 sec
Computing BIONJ tree...
0.002 seconds
Log-likelihood of BIONJ tree: -9962.248
--------------------------------------------------------------------
|             INITIALIZING CANDIDATE TREE SET                      |
--------------------------------------------------------------------
Generating 98 parsimony trees... 0.093 second
Computing log-likelihood of 98 initial trees ... 0.448 seconds
Current best score: -9956.037

Do NNI search on 20 best initial trees
Estimate model parameters (epsilon = 0.100)
BETTER TREE FOUND at iteration 1: -9954.757
Iteration 10 / LogL: -9956.803 / Time: 0h:0m:0s
Iteration 20 / LogL: -9954.809 / Time: 0h:0m:1s
Finish initializing candidate tree set (2)
Current best tree score: -9954.757 / CPU time: 1.117
Number of iterations: 20
--------------------------------------------------------------------
|               OPTIMIZING CANDIDATE TREE SET                      |
--------------------------------------------------------------------
Iteration 30 / LogL: -9955.014 / Time: 0h:0m:1s (0h:0m:3s left)
Iteration 40 / LogL: -9954.845 / Time: 0h:0m:2s (0h:0m:3s left)
Iteration 50 / LogL: -9954.763 / Time: 0h:0m:2s (0h:0m:2s left)
Iteration 60 / LogL: -9955.015 / Time: 0h:0m:2s (0h:0m:1s left)
Iteration 70 / LogL: -9954.813 / Time: 0h:0m:3s (0h:0m:1s left)
Iteration 80 / LogL: -9955.077 / Time: 0h:0m:3s (0h:0m:0s left)
Iteration 90 / LogL: -9954.785 / Time: 0h:0m:4s (0h:0m:0s left)
Iteration 100 / LogL: -9954.773 / Time: 0h:0m:4s (0h:0m:0s left)
TREE SEARCH COMPLETED AFTER 102 ITERATIONS / Time: 0h:0m:4s

--------------------------------------------------------------------
|                    FINALIZING TREE SEARCH                        |
--------------------------------------------------------------------
Performs final model parameters optimization
Estimate model parameters (epsilon = 0.010)
1. Initial log-likelihood: -9954.757
Optimal log-likelihood: -9954.755
Rate parameters:  A-C: 1.76254  A-G: 4.55952  A-T: 1.64799  C-G: 1.21475  C-T: 5.42945  G-T: 1.00000
Base frequencies:  A: 0.223  C: 0.203  G: 0.262  T: 0.312
Gamma shape alpha: 0.427
Parameters optimization took 1 rounds (0.006 sec)
BEST SCORE FOUND : -9954.755

Testing tree branches by SH-like aLRT with 1000 replicates...
0.097 sec.
Total tree length: 1.662

Total number of iterations: 102
CPU time used for tree search: 5.560 sec (0h:0m:5s)
Wall-clock time used for tree search: 4.500 sec (0h:0m:4s)
Total CPU time used: 6.019 sec (0h:0m:6s)
Total wall-clock time used: 4.668 sec (0h:0m:4s)

Analysis results written to: 
  IQ-TREE report:                cluster1482rr.1to1ortho.fa.aln-cln_gene1160.fa.iqtree
  Maximum-likelihood tree:       cluster1482rr.1to1ortho.fa.aln-cln_gene1160.fa.treefile
  Likelihood distances:          cluster1482rr.1to1ortho.fa.aln-cln_gene1160.fa.mldist
  Screen log file:               cluster1482rr.1to1ortho.fa.aln-cln_gene1160.fa.log

Date and Time: Mon Nov 25 09:43:16 2019
