IQ-TREE multicore version 1.6.11 for Mac OS X 64-bit built Jul 12 2019
Developed by Bui Quang Minh, Nguyen Lam Tung, Olga Chernomor,
Heiko Schmidt, Dominik Schrempf, Michael Woodhams.

Host:    slpc437 (AVX2, FMA3, 16 GB RAM)
Command: iqtree -s cluster2920rr.1to1ortho.fa.aln-cln_gene452.fa -nt 4 -m GTR+G -alrt 1000
Seed:    647343 (Using SPRNG - Scalable Parallel Random Number Generator)
Time:    Mon Nov 25 10:17:27 2019
Kernel:  AVX+FMA - 4 threads (6 CPU cores detected)

Reading alignment file cluster2920rr.1to1ortho.fa.aln-cln_gene452.fa ... Fasta format detected
Alignment most likely contains DNA/RNA sequences
Alignment has 13 sequences with 2271 columns, 853 distinct patterns
690 parsimony-informative, 322 singleton sites, 1259 constant sites
           Gap/Ambiguity  Composition  p-value
   1  DrolusSFB    0.00%    passed     94.86%
   2  Dino         0.13%    passed     43.18%
   3  MJM3360      0.44%    passed     97.65%
   4  DrobinSFB    0.26%    passed     83.08%
   5  Neam         0.13%    passed     96.78%
   6  RuprSFB      0.26%    passed     95.08%
   7  Retr        46.10%    passed     67.72%
   8  Beta         1.06%    passed     71.16%
   9  Spol         1.06%    passed     94.35%
  10  MJM1652      0.13%    passed     49.65%
  11  NepSFB       0.13%    passed     97.89%
  12  WPYJ         0.26%    passed     68.90%
  13  MJM2940      0.00%    passed     96.91%
****  TOTAL        3.84%  0 sequences failed composition chi2 test (p-value<5%; df=3)

Create initial parsimony tree by phylogenetic likelihood library (PLL)... 0.001 seconds

NOTE: 1 MB RAM (0 GB) is required!
Estimate model parameters (epsilon = 0.100)
1. Initial log-likelihood: -13715.020
2. Current log-likelihood: -13106.056
3. Current log-likelihood: -13100.167
Optimal log-likelihood: -13100.069
Rate parameters:  A-C: 1.53160  A-G: 3.79220  A-T: 1.24843  C-G: 1.20533  C-T: 6.52609  G-T: 1.00000
Base frequencies:  A: 0.312  C: 0.180  G: 0.250  T: 0.259
Gamma shape alpha: 0.387
Parameters optimization took 3 rounds (0.041 sec)
Computing ML distances based on estimated model parameters... 0.002 sec
Computing BIONJ tree...
0.002 seconds
Log-likelihood of BIONJ tree: -13089.437
--------------------------------------------------------------------
|             INITIALIZING CANDIDATE TREE SET                      |
--------------------------------------------------------------------
Generating 98 parsimony trees... 0.096 second
Computing log-likelihood of 97 initial trees ... 0.457 seconds
Current best score: -13087.394

Do NNI search on 20 best initial trees
Estimate model parameters (epsilon = 0.100)
BETTER TREE FOUND at iteration 1: -13081.801
Iteration 10 / LogL: -13082.478 / Time: 0h:0m:0s
Iteration 20 / LogL: -13081.845 / Time: 0h:0m:1s
Finish initializing candidate tree set (1)
Current best tree score: -13081.801 / CPU time: 1.162
Number of iterations: 20
--------------------------------------------------------------------
|               OPTIMIZING CANDIDATE TREE SET                      |
--------------------------------------------------------------------
UPDATE BEST LOG-LIKELIHOOD: -13081.800
Iteration 30 / LogL: -13082.077 / Time: 0h:0m:1s (0h:0m:3s left)
Iteration 40 / LogL: -13081.815 / Time: 0h:0m:1s (0h:0m:3s left)
Iteration 50 / LogL: -13081.830 / Time: 0h:0m:2s (0h:0m:2s left)
UPDATE BEST LOG-LIKELIHOOD: -13081.800
Iteration 60 / LogL: -13081.943 / Time: 0h:0m:2s (0h:0m:1s left)
Iteration 70 / LogL: -13081.834 / Time: 0h:0m:3s (0h:0m:1s left)
Iteration 80 / LogL: -13081.835 / Time: 0h:0m:3s (0h:0m:0s left)
Iteration 90 / LogL: -13081.823 / Time: 0h:0m:3s (0h:0m:0s left)
Iteration 100 / LogL: -13081.850 / Time: 0h:0m:4s (0h:0m:0s left)
TREE SEARCH COMPLETED AFTER 102 ITERATIONS / Time: 0h:0m:4s

--------------------------------------------------------------------
|                    FINALIZING TREE SEARCH                        |
--------------------------------------------------------------------
Performs final model parameters optimization
Estimate model parameters (epsilon = 0.010)
1. Initial log-likelihood: -13081.800
Optimal log-likelihood: -13081.791
Rate parameters:  A-C: 1.57508  A-G: 3.94913  A-T: 1.29379  C-G: 1.23043  C-T: 6.82372  G-T: 1.00000
Base frequencies:  A: 0.312  C: 0.180  G: 0.250  T: 0.259
Gamma shape alpha: 0.389
Parameters optimization took 1 rounds (0.007 sec)
BEST SCORE FOUND : -13081.791

Testing tree branches by SH-like aLRT with 1000 replicates...
0.125 sec.
Total tree length: 1.364

Total number of iterations: 102
CPU time used for tree search: 5.644 sec (0h:0m:5s)
Wall-clock time used for tree search: 4.378 sec (0h:0m:4s)
Total CPU time used: 6.209 sec (0h:0m:6s)
Total wall-clock time used: 4.571 sec (0h:0m:4s)

Analysis results written to: 
  IQ-TREE report:                cluster2920rr.1to1ortho.fa.aln-cln_gene452.fa.iqtree
  Maximum-likelihood tree:       cluster2920rr.1to1ortho.fa.aln-cln_gene452.fa.treefile
  Likelihood distances:          cluster2920rr.1to1ortho.fa.aln-cln_gene452.fa.mldist
  Screen log file:               cluster2920rr.1to1ortho.fa.aln-cln_gene452.fa.log

Date and Time: Mon Nov 25 10:17:32 2019
