IQ-TREE multicore version 1.6.11 for Mac OS X 64-bit built Jul 12 2019
Developed by Bui Quang Minh, Nguyen Lam Tung, Olga Chernomor,
Heiko Schmidt, Dominik Schrempf, Michael Woodhams.

Host:    slpc437 (AVX2, FMA3, 16 GB RAM)
Command: iqtree -s cluster2437rr.1to1ortho.fa.aln-cln_gene511.fa -nt 4 -m GTR+G -alrt 1000
Seed:    203145 (Using SPRNG - Scalable Parallel Random Number Generator)
Time:    Mon Nov 25 10:04:00 2019
Kernel:  AVX+FMA - 4 threads (6 CPU cores detected)

Reading alignment file cluster2437rr.1to1ortho.fa.aln-cln_gene511.fa ... Fasta format detected
Alignment most likely contains DNA/RNA sequences
Alignment has 13 sequences with 1001 columns, 412 distinct patterns
298 parsimony-informative, 130 singleton sites, 573 constant sites
           Gap/Ambiguity  Composition  p-value
   1  DrolusSFB    0.00%    passed     96.03%
   2  Dino         0.70%    passed     79.60%
   3  MJM3360     25.37%    passed     76.25%
   4  DrobinSFB    0.00%    passed     44.65%
   5  Neam         4.10%    passed     98.00%
   6  RuprSFB      0.00%    passed     89.01%
   7  Retr         3.80%    passed     78.71%
   8  Beta         0.00%    passed     99.53%
   9  Spol         0.00%    passed     92.46%
  10  MJM1652      0.00%    passed     92.46%
  11  NepSFB       4.10%    passed     98.42%
  12  WPYJ        31.67%    passed     37.42%
  13  MJM2940      0.00%    passed     99.87%
****  TOTAL        5.36%  0 sequences failed composition chi2 test (p-value<5%; df=3)

Create initial parsimony tree by phylogenetic likelihood library (PLL)... 0.001 seconds

NOTE: 0 MB RAM (0 GB) is required!
Estimate model parameters (epsilon = 0.100)
1. Initial log-likelihood: -5992.756
2. Current log-likelihood: -5720.172
3. Current log-likelihood: -5716.615
Optimal log-likelihood: -5716.524
Rate parameters:  A-C: 1.74861  A-G: 3.88378  A-T: 1.81922  C-G: 1.36478  C-T: 7.75279  G-T: 1.00000
Base frequencies:  A: 0.281  C: 0.175  G: 0.270  T: 0.274
Gamma shape alpha: 0.341
Parameters optimization took 3 rounds (0.031 sec)
Computing ML distances based on estimated model parameters... 0.001 sec
Computing BIONJ tree...
0.002 seconds
Log-likelihood of BIONJ tree: -5718.329
--------------------------------------------------------------------
|             INITIALIZING CANDIDATE TREE SET                      |
--------------------------------------------------------------------
Generating 98 parsimony trees... 0.078 second
Computing log-likelihood of 98 initial trees ... 0.408 seconds
Current best score: -5716.211

Do NNI search on 20 best initial trees
Estimate model parameters (epsilon = 0.100)
BETTER TREE FOUND at iteration 1: -5715.995
Iteration 10 / LogL: -5716.059 / Time: 0h:0m:0s
Iteration 20 / LogL: -5715.996 / Time: 0h:0m:1s
Finish initializing candidate tree set (2)
Current best tree score: -5715.995 / CPU time: 1.098
Number of iterations: 20
--------------------------------------------------------------------
|               OPTIMIZING CANDIDATE TREE SET                      |
--------------------------------------------------------------------
UPDATE BEST LOG-LIKELIHOOD: -5715.995
Iteration 30 / LogL: -5716.002 / Time: 0h:0m:1s (0h:0m:3s left)
Iteration 40 / LogL: -5715.997 / Time: 0h:0m:1s (0h:0m:3s left)
Iteration 50 / LogL: -5716.020 / Time: 0h:0m:2s (0h:0m:2s left)
Iteration 60 / LogL: -5716.119 / Time: 0h:0m:2s (0h:0m:1s left)
Iteration 70 / LogL: -5716.030 / Time: 0h:0m:3s (0h:0m:1s left)
Iteration 80 / LogL: -5728.113 / Time: 0h:0m:3s (0h:0m:0s left)
UPDATE BEST LOG-LIKELIHOOD: -5715.995
Iteration 90 / LogL: -5716.273 / Time: 0h:0m:4s (0h:0m:0s left)
Iteration 100 / LogL: -5716.019 / Time: 0h:0m:4s (0h:0m:0s left)
TREE SEARCH COMPLETED AFTER 102 ITERATIONS / Time: 0h:0m:4s

--------------------------------------------------------------------
|                    FINALIZING TREE SEARCH                        |
--------------------------------------------------------------------
Performs final model parameters optimization
Estimate model parameters (epsilon = 0.010)
1. Initial log-likelihood: -5715.995
Optimal log-likelihood: -5715.995
Rate parameters:  A-C: 1.74419  A-G: 3.88711  A-T: 1.81807  C-G: 1.36887  C-T: 7.75611  G-T: 1.00000
Base frequencies:  A: 0.281  C: 0.175  G: 0.270  T: 0.274
Gamma shape alpha: 0.342
Parameters optimization took 1 rounds (0.004 sec)
BEST SCORE FOUND : -5715.995

Testing tree branches by SH-like aLRT with 1000 replicates...
0.063 sec.
Total tree length: 1.433

Total number of iterations: 102
CPU time used for tree search: 4.392 sec (0h:0m:4s)
Wall-clock time used for tree search: 4.477 sec (0h:0m:4s)
Total CPU time used: 4.670 sec (0h:0m:4s)
Total wall-clock time used: 4.594 sec (0h:0m:4s)

Analysis results written to: 
  IQ-TREE report:                cluster2437rr.1to1ortho.fa.aln-cln_gene511.fa.iqtree
  Maximum-likelihood tree:       cluster2437rr.1to1ortho.fa.aln-cln_gene511.fa.treefile
  Likelihood distances:          cluster2437rr.1to1ortho.fa.aln-cln_gene511.fa.mldist
  Screen log file:               cluster2437rr.1to1ortho.fa.aln-cln_gene511.fa.log

Date and Time: Mon Nov 25 10:04:04 2019
