IQ-TREE multicore version 1.6.11 for Mac OS X 64-bit built Jul 12 2019
Developed by Bui Quang Minh, Nguyen Lam Tung, Olga Chernomor,
Heiko Schmidt, Dominik Schrempf, Michael Woodhams.

Host:    slpc437 (AVX2, FMA3, 16 GB RAM)
Command: iqtree -s cluster2537rr.1to1ortho.fa.aln-cln_gene1221.fa -nt 4 -m GTR+G -alrt 1000
Seed:    603586 (Using SPRNG - Scalable Parallel Random Number Generator)
Time:    Mon Nov 25 10:06:54 2019
Kernel:  AVX+FMA - 4 threads (6 CPU cores detected)

Reading alignment file cluster2537rr.1to1ortho.fa.aln-cln_gene1221.fa ... Fasta format detected
Alignment most likely contains DNA/RNA sequences
Alignment has 13 sequences with 1278 columns, 575 distinct patterns
384 parsimony-informative, 196 singleton sites, 698 constant sites
           Gap/Ambiguity  Composition  p-value
   1  DrolusSFB    0.00%    passed     94.01%
   2  Dino         0.00%    passed     93.43%
   3  MJM3360     18.70%    passed     75.11%
   4  DrobinSFB    0.00%    passed     91.82%
   5  Neam         0.23%    passed     92.39%
   6  RuprSFB      0.00%    passed     69.18%
   7  Retr        63.22%    passed     70.12%
   8  Beta         0.86%    passed     61.41%
   9  Spol         0.86%    passed     51.14%
  10  MJM1652      0.00%    passed     98.11%
  11  NepSFB       0.23%    passed     75.41%
  12  WPYJ        69.17%    passed     24.75%
  13  MJM2940      0.23%    passed     97.44%
WARNING: 2 sequences contain more than 50% gaps/ambiguity
****  TOTAL       11.81%  0 sequences failed composition chi2 test (p-value<5%; df=3)

Create initial parsimony tree by phylogenetic likelihood library (PLL)... 0.001 seconds

NOTE: 0 MB RAM (0 GB) is required!
Estimate model parameters (epsilon = 0.100)
1. Initial log-likelihood: -7650.580
2. Current log-likelihood: -7344.132
3. Current log-likelihood: -7340.891
Optimal log-likelihood: -7340.844
Rate parameters:  A-C: 1.92710  A-G: 4.05799  A-T: 1.83882  C-G: 1.35496  C-T: 6.19464  G-T: 1.00000
Base frequencies:  A: 0.272  C: 0.191  G: 0.260  T: 0.276
Gamma shape alpha: 0.379
Parameters optimization took 3 rounds (0.035 sec)
Computing ML distances based on estimated model parameters... 0.001 sec
Computing BIONJ tree...
0.002 seconds
Log-likelihood of BIONJ tree: -7342.297
--------------------------------------------------------------------
|             INITIALIZING CANDIDATE TREE SET                      |
--------------------------------------------------------------------
Generating 98 parsimony trees... 0.079 second
Computing log-likelihood of 97 initial trees ... 0.428 seconds
Current best score: -7340.844

Do NNI search on 20 best initial trees
Estimate model parameters (epsilon = 0.100)
BETTER TREE FOUND at iteration 1: -7339.474
Iteration 10 / LogL: -7339.621 / Time: 0h:0m:0s
Iteration 20 / LogL: -7339.611 / Time: 0h:0m:1s
Finish initializing candidate tree set (2)
Current best tree score: -7339.474 / CPU time: 1.133
Number of iterations: 20
--------------------------------------------------------------------
|               OPTIMIZING CANDIDATE TREE SET                      |
--------------------------------------------------------------------
Iteration 30 / LogL: -7342.585 / Time: 0h:0m:1s (0h:0m:3s left)
Iteration 40 / LogL: -7339.634 / Time: 0h:0m:1s (0h:0m:3s left)
Iteration 50 / LogL: -7339.660 / Time: 0h:0m:2s (0h:0m:2s left)
Iteration 60 / LogL: -7339.528 / Time: 0h:0m:2s (0h:0m:2s left)
Iteration 70 / LogL: -7339.515 / Time: 0h:0m:3s (0h:0m:1s left)
Iteration 80 / LogL: -7339.745 / Time: 0h:0m:3s (0h:0m:1s left)
Iteration 90 / LogL: -7340.251 / Time: 0h:0m:4s (0h:0m:0s left)
Iteration 100 / LogL: -7339.554 / Time: 0h:0m:4s (0h:0m:0s left)
TREE SEARCH COMPLETED AFTER 102 ITERATIONS / Time: 0h:0m:4s

--------------------------------------------------------------------
|                    FINALIZING TREE SEARCH                        |
--------------------------------------------------------------------
Performs final model parameters optimization
Estimate model parameters (epsilon = 0.010)
1. Initial log-likelihood: -7339.474
Optimal log-likelihood: -7339.471
Rate parameters:  A-C: 1.87368  A-G: 4.07793  A-T: 1.82204  C-G: 1.40359  C-T: 6.23499  G-T: 1.00000
Base frequencies:  A: 0.272  C: 0.191  G: 0.260  T: 0.276
Gamma shape alpha: 0.374
Parameters optimization took 1 rounds (0.006 sec)
BEST SCORE FOUND : -7339.471

Testing tree branches by SH-like aLRT with 1000 replicates...
0.077 sec.
Total tree length: 1.544

Total number of iterations: 102
CPU time used for tree search: 5.299 sec (0h:0m:5s)
Wall-clock time used for tree search: 4.770 sec (0h:0m:4s)
Total CPU time used: 5.652 sec (0h:0m:5s)
Total wall-clock time used: 4.908 sec (0h:0m:4s)

Analysis results written to: 
  IQ-TREE report:                cluster2537rr.1to1ortho.fa.aln-cln_gene1221.fa.iqtree
  Maximum-likelihood tree:       cluster2537rr.1to1ortho.fa.aln-cln_gene1221.fa.treefile
  Likelihood distances:          cluster2537rr.1to1ortho.fa.aln-cln_gene1221.fa.mldist
  Screen log file:               cluster2537rr.1to1ortho.fa.aln-cln_gene1221.fa.log

Date and Time: Mon Nov 25 10:06:59 2019
