IQ-TREE multicore version 1.6.11 for Mac OS X 64-bit built Jul 12 2019
Developed by Bui Quang Minh, Nguyen Lam Tung, Olga Chernomor,
Heiko Schmidt, Dominik Schrempf, Michael Woodhams.

Host:    slpc437 (AVX2, FMA3, 16 GB RAM)
Command: iqtree -s cluster4200rr.1to1ortho.fa.aln-cln_gene950.fa -nt 4 -m GTR+G -alrt 1000
Seed:    369446 (Using SPRNG - Scalable Parallel Random Number Generator)
Time:    Mon Nov 25 10:45:43 2019
Kernel:  AVX+FMA - 4 threads (6 CPU cores detected)

Reading alignment file cluster4200rr.1to1ortho.fa.aln-cln_gene950.fa ... Fasta format detected
Alignment most likely contains DNA/RNA sequences
Alignment has 13 sequences with 3519 columns, 1676 distinct patterns
1351 parsimony-informative, 533 singleton sites, 1635 constant sites
           Gap/Ambiguity  Composition  p-value
   1  DrolusSFB    2.16%    passed     86.70%
   2  Dino         1.90%    failed      4.76%
   3  MJM3360     10.23%    passed     16.65%
   4  DrobinSFB   10.00%    passed      5.18%
   5  Neam         0.51%    passed     27.39%
   6  RuprSFB     10.06%    passed     19.94%
   7  Retr        64.56%    passed      9.91%
   8  Beta         1.19%    passed     62.55%
   9  Spol         1.02%    passed     17.99%
  10  MJM1652      1.82%    failed      0.44%
  11  NepSFB       0.51%    passed     39.35%
  12  WPYJ        39.33%    passed     16.34%
  13  MJM2940      0.51%    passed     24.20%
WARNING: 1 sequences contain more than 50% gaps/ambiguity
****  TOTAL       11.06%  2 sequences failed composition chi2 test (p-value<5%; df=3)

Create initial parsimony tree by phylogenetic likelihood library (PLL)... 0.002 seconds

NOTE: 2 MB RAM (0 GB) is required!
Estimate model parameters (epsilon = 0.100)
1. Initial log-likelihood: -24327.665
2. Current log-likelihood: -23320.465
3. Current log-likelihood: -23312.510
4. Current log-likelihood: -23312.372
Optimal log-likelihood: -23312.367
Rate parameters:  A-C: 1.45958  A-G: 4.71778  A-T: 1.34131  C-G: 1.37130  C-T: 5.38544  G-T: 1.00000
Base frequencies:  A: 0.265  C: 0.211  G: 0.243  T: 0.281
Gamma shape alpha: 0.536
Parameters optimization took 4 rounds (0.068 sec)
Computing ML distances based on estimated model parameters... 0.003 sec
Computing BIONJ tree...
0.002 seconds
Log-likelihood of BIONJ tree: -23312.367
--------------------------------------------------------------------
|             INITIALIZING CANDIDATE TREE SET                      |
--------------------------------------------------------------------
Generating 99 parsimony trees... 0.157 second
Computing log-likelihood of 95 initial trees ... 0.540 seconds
Current best score: -23312.367

Do NNI search on 20 best initial trees
Estimate model parameters (epsilon = 0.100)
BETTER TREE FOUND at iteration 1: -23310.738
Iteration 10 / LogL: -23310.745 / Time: 0h:0m:1s
Iteration 20 / LogL: -23310.794 / Time: 0h:0m:1s
Finish initializing candidate tree set (1)
Current best tree score: -23310.738 / CPU time: 1.478
Number of iterations: 20
--------------------------------------------------------------------
|               OPTIMIZING CANDIDATE TREE SET                      |
--------------------------------------------------------------------
Iteration 30 / LogL: -23310.750 / Time: 0h:0m:2s (0h:0m:5s left)
Iteration 40 / LogL: -23310.980 / Time: 0h:0m:2s (0h:0m:4s left)
Iteration 50 / LogL: -23310.757 / Time: 0h:0m:3s (0h:0m:3s left)
Iteration 60 / LogL: -23310.757 / Time: 0h:0m:3s (0h:0m:2s left)
Iteration 70 / LogL: -23310.918 / Time: 0h:0m:4s (0h:0m:1s left)
Iteration 80 / LogL: -23310.920 / Time: 0h:0m:4s (0h:0m:1s left)
Iteration 90 / LogL: -23310.880 / Time: 0h:0m:5s (0h:0m:0s left)
Iteration 100 / LogL: -23310.746 / Time: 0h:0m:5s (0h:0m:0s left)
TREE SEARCH COMPLETED AFTER 102 ITERATIONS / Time: 0h:0m:5s

--------------------------------------------------------------------
|                    FINALIZING TREE SEARCH                        |
--------------------------------------------------------------------
Performs final model parameters optimization
Estimate model parameters (epsilon = 0.010)
1. Initial log-likelihood: -23310.738
Optimal log-likelihood: -23310.738
Rate parameters:  A-C: 1.45940  A-G: 4.72462  A-T: 1.34303  C-G: 1.37001  C-T: 5.38533  G-T: 1.00000
Base frequencies:  A: 0.265  C: 0.211  G: 0.243  T: 0.281
Gamma shape alpha: 0.536
Parameters optimization took 1 rounds (0.008 sec)
BEST SCORE FOUND : -23310.738

Testing tree branches by SH-like aLRT with 1000 replicates...
0.186 sec.
Total tree length: 1.889

Total number of iterations: 102
CPU time used for tree search: 9.998 sec (0h:0m:9s)
Wall-clock time used for tree search: 5.873 sec (0h:0m:5s)
Total CPU time used: 10.916 sec (0h:0m:10s)
Total wall-clock time used: 6.158 sec (0h:0m:6s)

Analysis results written to: 
  IQ-TREE report:                cluster4200rr.1to1ortho.fa.aln-cln_gene950.fa.iqtree
  Maximum-likelihood tree:       cluster4200rr.1to1ortho.fa.aln-cln_gene950.fa.treefile
  Likelihood distances:          cluster4200rr.1to1ortho.fa.aln-cln_gene950.fa.mldist
  Screen log file:               cluster4200rr.1to1ortho.fa.aln-cln_gene950.fa.log

Date and Time: Mon Nov 25 10:45:49 2019
