IQ-TREE multicore version 1.6.11 for Mac OS X 64-bit built Jul 12 2019
Developed by Bui Quang Minh, Nguyen Lam Tung, Olga Chernomor,
Heiko Schmidt, Dominik Schrempf, Michael Woodhams.

Host:    slpc437 (AVX2, FMA3, 16 GB RAM)
Command: iqtree -s cluster1518rr.1to1ortho.fa.aln-cln_gene322.fa -nt 4 -m GTR+G -alrt 1000
Seed:    558892 (Using SPRNG - Scalable Parallel Random Number Generator)
Time:    Mon Nov 25 09:44:27 2019
Kernel:  AVX+FMA - 4 threads (6 CPU cores detected)

Reading alignment file cluster1518rr.1to1ortho.fa.aln-cln_gene322.fa ... Fasta format detected
Alignment most likely contains DNA/RNA sequences
Alignment has 13 sequences with 1881 columns, 926 distinct patterns
701 parsimony-informative, 288 singleton sites, 892 constant sites
           Gap/Ambiguity  Composition  p-value
   1  DrolusSFB    1.17%    passed     69.79%
   2  Dino         1.28%    passed     81.72%
   3  MJM3360     36.52%    failed      0.29%
   4  DrobinSFB   16.00%    passed     48.76%
   5  Neam         0.00%    passed     95.52%
   6  RuprSFB      2.71%    passed     47.56%
   7  Retr        17.44%    passed     49.22%
   8  Beta         0.90%    passed     19.03%
   9  Spol         0.90%    passed     18.16%
  10  MJM1652      1.28%    passed     98.22%
  11  NepSFB       0.00%    passed     51.87%
  12  WPYJ        43.38%    passed     54.57%
  13  MJM2940      0.00%    passed     78.83%
****  TOTAL        9.35%  1 sequences failed composition chi2 test (p-value<5%; df=3)

Create initial parsimony tree by phylogenetic likelihood library (PLL)... 0.001 seconds

NOTE: 1 MB RAM (0 GB) is required!
Estimate model parameters (epsilon = 0.100)
1. Initial log-likelihood: -12983.701
2. Current log-likelihood: -12456.052
3. Current log-likelihood: -12450.538
4. Current log-likelihood: -12450.432
Optimal log-likelihood: -12450.412
Rate parameters:  A-C: 1.76856  A-G: 4.28540  A-T: 1.94139  C-G: 1.24519  C-T: 5.97186  G-T: 1.00000
Base frequencies:  A: 0.242  C: 0.203  G: 0.280  T: 0.275
Gamma shape alpha: 0.470
Parameters optimization took 4 rounds (0.078 sec)
Computing ML distances based on estimated model parameters... 0.002 sec
Computing BIONJ tree...
0.002 seconds
Log-likelihood of BIONJ tree: -12454.060
--------------------------------------------------------------------
|             INITIALIZING CANDIDATE TREE SET                      |
--------------------------------------------------------------------
Generating 98 parsimony trees... 0.111 second
Computing log-likelihood of 97 initial trees ... 0.473 seconds
Current best score: -12450.412

Do NNI search on 20 best initial trees
Estimate model parameters (epsilon = 0.100)
BETTER TREE FOUND at iteration 1: -12450.411
Iteration 10 / LogL: -12450.859 / Time: 0h:0m:0s
Iteration 20 / LogL: -12450.554 / Time: 0h:0m:1s
Finish initializing candidate tree set (1)
Current best tree score: -12450.411 / CPU time: 1.249
Number of iterations: 20
--------------------------------------------------------------------
|               OPTIMIZING CANDIDATE TREE SET                      |
--------------------------------------------------------------------
Iteration 30 / LogL: -12450.657 / Time: 0h:0m:1s (0h:0m:4s left)
Iteration 40 / LogL: -12451.096 / Time: 0h:0m:2s (0h:0m:3s left)
Iteration 50 / LogL: -12450.442 / Time: 0h:0m:2s (0h:0m:2s left)
Iteration 60 / LogL: -12450.432 / Time: 0h:0m:3s (0h:0m:2s left)
Iteration 70 / LogL: -12450.865 / Time: 0h:0m:3s (0h:0m:1s left)
Iteration 80 / LogL: -12450.412 / Time: 0h:0m:4s (0h:0m:1s left)
Iteration 90 / LogL: -12450.722 / Time: 0h:0m:4s (0h:0m:0s left)
Iteration 100 / LogL: -12450.465 / Time: 0h:0m:5s (0h:0m:0s left)
TREE SEARCH COMPLETED AFTER 102 ITERATIONS / Time: 0h:0m:5s

--------------------------------------------------------------------
|                    FINALIZING TREE SEARCH                        |
--------------------------------------------------------------------
Performs final model parameters optimization
Estimate model parameters (epsilon = 0.010)
1. Initial log-likelihood: -12450.411
Optimal log-likelihood: -12450.411
Rate parameters:  A-C: 1.76966  A-G: 4.28574  A-T: 1.94900  C-G: 1.24214  C-T: 5.97212  G-T: 1.00000
Base frequencies:  A: 0.242  C: 0.203  G: 0.280  T: 0.275
Gamma shape alpha: 0.470
Parameters optimization took 1 rounds (0.006 sec)
BEST SCORE FOUND : -12450.411

Testing tree branches by SH-like aLRT with 1000 replicates...
0.108 sec.
Total tree length: 1.974

Total number of iterations: 102
CPU time used for tree search: 7.065 sec (0h:0m:7s)
Wall-clock time used for tree search: 5.313 sec (0h:0m:5s)
Total CPU time used: 7.662 sec (0h:0m:7s)
Total wall-clock time used: 5.524 sec (0h:0m:5s)

Analysis results written to: 
  IQ-TREE report:                cluster1518rr.1to1ortho.fa.aln-cln_gene322.fa.iqtree
  Maximum-likelihood tree:       cluster1518rr.1to1ortho.fa.aln-cln_gene322.fa.treefile
  Likelihood distances:          cluster1518rr.1to1ortho.fa.aln-cln_gene322.fa.mldist
  Screen log file:               cluster1518rr.1to1ortho.fa.aln-cln_gene322.fa.log

Date and Time: Mon Nov 25 09:44:33 2019
