IQ-TREE multicore version 1.6.11 for Mac OS X 64-bit built Jul 12 2019
Developed by Bui Quang Minh, Nguyen Lam Tung, Olga Chernomor,
Heiko Schmidt, Dominik Schrempf, Michael Woodhams.

Host:    slpc437 (AVX2, FMA3, 16 GB RAM)
Command: iqtree -s cluster2235rr.1to1ortho.fa.aln-cln_gene798.fa -nt 4 -m GTR+G -alrt 1000
Seed:    558205 (Using SPRNG - Scalable Parallel Random Number Generator)
Time:    Mon Nov 25 09:59:54 2019
Kernel:  AVX+FMA - 4 threads (6 CPU cores detected)

Reading alignment file cluster2235rr.1to1ortho.fa.aln-cln_gene798.fa ... Fasta format detected
Alignment most likely contains DNA/RNA sequences
Alignment has 13 sequences with 2034 columns, 975 distinct patterns
740 parsimony-informative, 342 singleton sites, 952 constant sites
           Gap/Ambiguity  Composition  p-value
   1  DrolusSFB    1.43%    passed     56.47%
   2  Dino         0.44%    passed     77.45%
   3  MJM3360      0.10%    passed     87.89%
   4  DrobinSFB   11.70%    passed     30.81%
   5  Neam         0.15%    passed     91.05%
   6  RuprSFB      0.00%    passed     57.54%
   7  Retr        23.21%    passed     87.15%
   8  Beta         0.88%    passed     88.53%
   9  Spol         0.15%    passed     69.69%
  10  MJM1652      0.88%    passed     92.72%
  11  NepSFB       0.15%    passed     93.38%
  12  WPYJ        53.59%    passed     47.35%
  13  MJM2940      0.00%    passed     88.85%
WARNING: 1 sequences contain more than 50% gaps/ambiguity
****  TOTAL        7.13%  0 sequences failed composition chi2 test (p-value<5%; df=3)

Create initial parsimony tree by phylogenetic likelihood library (PLL)... 0.001 seconds

NOTE: 1 MB RAM (0 GB) is required!
Estimate model parameters (epsilon = 0.100)
1. Initial log-likelihood: -13695.432
2. Current log-likelihood: -13129.933
3. Current log-likelihood: -13124.609
Optimal log-likelihood: -13124.546
Rate parameters:  A-C: 1.20343  A-G: 3.00146  A-T: 1.13578  C-G: 0.86277  C-T: 5.19942  G-T: 1.00000
Base frequencies:  A: 0.311  C: 0.180  G: 0.250  T: 0.259
Gamma shape alpha: 0.524
Parameters optimization took 3 rounds (0.047 sec)
Computing ML distances based on estimated model parameters... 0.002 sec
Computing BIONJ tree...
0.002 seconds
Log-likelihood of BIONJ tree: -13124.545
--------------------------------------------------------------------
|             INITIALIZING CANDIDATE TREE SET                      |
--------------------------------------------------------------------
Generating 99 parsimony trees... 0.108 second
Computing log-likelihood of 98 initial trees ... 0.488 seconds
Current best score: -13124.545

Do NNI search on 20 best initial trees
Estimate model parameters (epsilon = 0.100)
BETTER TREE FOUND at iteration 1: -13124.123
Iteration 10 / LogL: -13124.151 / Time: 0h:0m:1s
Iteration 20 / LogL: -13124.152 / Time: 0h:0m:1s
Finish initializing candidate tree set (1)
Current best tree score: -13124.123 / CPU time: 1.327
Number of iterations: 20
--------------------------------------------------------------------
|               OPTIMIZING CANDIDATE TREE SET                      |
--------------------------------------------------------------------
UPDATE BEST LOG-LIKELIHOOD: -13124.123
Iteration 30 / LogL: -13124.146 / Time: 0h:0m:1s (0h:0m:4s left)
Iteration 40 / LogL: -13124.190 / Time: 0h:0m:2s (0h:0m:3s left)
Iteration 50 / LogL: -13124.143 / Time: 0h:0m:2s (0h:0m:2s left)
Iteration 60 / LogL: -13124.137 / Time: 0h:0m:3s (0h:0m:2s left)
Iteration 70 / LogL: -13124.158 / Time: 0h:0m:3s (0h:0m:1s left)
Iteration 80 / LogL: -13124.132 / Time: 0h:0m:4s (0h:0m:1s left)
UPDATE BEST LOG-LIKELIHOOD: -13124.123
Iteration 90 / LogL: -13124.148 / Time: 0h:0m:4s (0h:0m:0s left)
Iteration 100 / LogL: -13124.288 / Time: 0h:0m:5s (0h:0m:0s left)
TREE SEARCH COMPLETED AFTER 102 ITERATIONS / Time: 0h:0m:5s

--------------------------------------------------------------------
|                    FINALIZING TREE SEARCH                        |
--------------------------------------------------------------------
Performs final model parameters optimization
Estimate model parameters (epsilon = 0.010)
1. Initial log-likelihood: -13124.123
Optimal log-likelihood: -13124.122
Rate parameters:  A-C: 1.20241  A-G: 2.99934  A-T: 1.13379  C-G: 0.85536  C-T: 5.21240  G-T: 1.00000
Base frequencies:  A: 0.311  C: 0.180  G: 0.250  T: 0.259
Gamma shape alpha: 0.522
Parameters optimization took 1 rounds (0.006 sec)
BEST SCORE FOUND : -13124.122

Testing tree branches by SH-like aLRT with 1000 replicates...
0.117 sec.
Total tree length: 1.812

Total number of iterations: 102
CPU time used for tree search: 7.339 sec (0h:0m:7s)
Wall-clock time used for tree search: 5.420 sec (0h:0m:5s)
Total CPU time used: 7.893 sec (0h:0m:7s)
Total wall-clock time used: 5.612 sec (0h:0m:5s)

Analysis results written to: 
  IQ-TREE report:                cluster2235rr.1to1ortho.fa.aln-cln_gene798.fa.iqtree
  Maximum-likelihood tree:       cluster2235rr.1to1ortho.fa.aln-cln_gene798.fa.treefile
  Likelihood distances:          cluster2235rr.1to1ortho.fa.aln-cln_gene798.fa.mldist
  Screen log file:               cluster2235rr.1to1ortho.fa.aln-cln_gene798.fa.log

Date and Time: Mon Nov 25 10:00:00 2019
